<?xml version="1.0" encoding="UTF-8"?>
<testsuite xmlns:xsi="http://www.w3.org/2001/XMLSchema-instance" xsi:noNamespaceSchemaLocation="https://maven.apache.org/surefire/maven-surefire-plugin/xsd/surefire-test-report.xsd" name="codingblackfemales.dictionary.EncodingDecodingTest" time="0.021" tests="1" errors="0" skipped="0" failures="0">
  <properties>
    <property name="java.specification.version" value="20"/>
    <property name="sun.jnu.encoding" value="UTF-8"/>
    <property name="java.class.path" value="/Users/Ifeoma1/Documents/Java Codes/TradingAlgoCodingChallenge/algo-coding-exercise/dictionary/target/test-classes:/Users/Ifeoma1/Documents/Java Codes/TradingAlgoCodingChallenge/algo-coding-exercise/dictionary/target/classes:/Users/Ifeoma1/.m2/repository/junit/junit/4.11/junit-4.11.jar:/Users/Ifeoma1/.m2/repository/org/hamcrest/hamcrest-core/1.3/hamcrest-core-1.3.jar:/Users/Ifeoma1/.m2/repository/org/agrona/agrona/1.16.0/agrona-1.16.0.jar:/Users/Ifeoma1/.m2/repository/uk/co/real-logic/sbe-all/1.26.0/sbe-all-1.26.0.jar:/Users/Ifeoma1/.m2/repository/org/mockito/mockito-core/5.4.0/mockito-core-5.4.0.jar:/Users/Ifeoma1/.m2/repository/net/bytebuddy/byte-buddy/1.14.5/byte-buddy-1.14.5.jar:/Users/Ifeoma1/.m2/repository/net/bytebuddy/byte-buddy-agent/1.14.5/byte-buddy-agent-1.14.5.jar:/Users/Ifeoma1/.m2/repository/org/objenesis/objenesis/3.3/objenesis-3.3.jar:/Users/Ifeoma1/.m2/repository/ch/qos/logback/logback-core/1.3.5/logback-core-1.3.5.jar:/Users/Ifeoma1/.m2/repository/org/slf4j/slf4j-api/2.0.4/slf4j-api-2.0.4.jar:/Users/Ifeoma1/.m2/repository/ch/qos/logback/logback-classic/1.3.5/logback-classic-1.3.5.jar:"/>
    <property name="java.vm.vendor" value="Oracle Corporation"/>
    <property name="sun.arch.data.model" value="64"/>
    <property name="java.vendor.url" value="https://java.oracle.com/"/>
    <property name="os.name" value="Mac OS X"/>
    <property name="java.vm.specification.version" value="20"/>
    <property name="sun.java.launcher" value="SUN_STANDARD"/>
    <property name="user.country" value="NG"/>
    <property name="sun.boot.library.path" value="/Users/Ifeoma1/Documents/Java Codes/Contents/Home/lib"/>
    <property name="sun.java.command" value="/Users/Ifeoma1/Documents/Java Codes/TradingAlgoCodingChallenge/algo-coding-exercise/dictionary/target/surefire/surefirebooter5791359639806210177.jar /Users/Ifeoma1/Documents/Java Codes/TradingAlgoCodingChallenge/algo-coding-exercise/dictionary/target/surefire 2023-10-03T21-07-51_875-jvmRun1 surefire8400377995724453861tmp surefire_09975046039421703074tmp"/>
    <property name="http.nonProxyHosts" value="local|*.local|169.254/16|*.169.254/16"/>
    <property name="jdk.debug" value="release"/>
    <property name="surefire.test.class.path" value="/Users/Ifeoma1/Documents/Java Codes/TradingAlgoCodingChallenge/algo-coding-exercise/dictionary/target/test-classes:/Users/Ifeoma1/Documents/Java Codes/TradingAlgoCodingChallenge/algo-coding-exercise/dictionary/target/classes:/Users/Ifeoma1/.m2/repository/junit/junit/4.11/junit-4.11.jar:/Users/Ifeoma1/.m2/repository/org/hamcrest/hamcrest-core/1.3/hamcrest-core-1.3.jar:/Users/Ifeoma1/.m2/repository/org/agrona/agrona/1.16.0/agrona-1.16.0.jar:/Users/Ifeoma1/.m2/repository/uk/co/real-logic/sbe-all/1.26.0/sbe-all-1.26.0.jar:/Users/Ifeoma1/.m2/repository/org/mockito/mockito-core/5.4.0/mockito-core-5.4.0.jar:/Users/Ifeoma1/.m2/repository/net/bytebuddy/byte-buddy/1.14.5/byte-buddy-1.14.5.jar:/Users/Ifeoma1/.m2/repository/net/bytebuddy/byte-buddy-agent/1.14.5/byte-buddy-agent-1.14.5.jar:/Users/Ifeoma1/.m2/repository/org/objenesis/objenesis/3.3/objenesis-3.3.jar:/Users/Ifeoma1/.m2/repository/ch/qos/logback/logback-core/1.3.5/logback-core-1.3.5.jar:/Users/Ifeoma1/.m2/repository/org/slf4j/slf4j-api/2.0.4/slf4j-api-2.0.4.jar:/Users/Ifeoma1/.m2/repository/ch/qos/logback/logback-classic/1.3.5/logback-classic-1.3.5.jar:"/>
    <property name="sun.cpu.endian" value="little"/>
    <property name="user.home" value="/Users/Ifeoma1"/>
    <property name="user.language" value="en"/>
    <property name="java.specification.vendor" value="Oracle Corporation"/>
    <property name="java.version.date" value="2023-04-18"/>
    <property name="java.home" value="/Users/Ifeoma1/Documents/Java Codes/Contents/Home"/>
    <property name="file.separator" value="/"/>
    <property name="basedir" value="/Users/Ifeoma1/Documents/Java Codes/TradingAlgoCodingChallenge/algo-coding-exercise/dictionary"/>
    <property name="java.vm.compressedOopsMode" value="Zero based"/>
    <property name="line.separator" value="&#10;"/>
    <property name="java.vm.specification.vendor" value="Oracle Corporation"/>
    <property name="java.specification.name" value="Java Platform API Specification"/>
    <property name="apple.awt.application.name" value="ForkedBooter"/>
    <property name="surefire.real.class.path" value="/Users/Ifeoma1/Documents/Java Codes/TradingAlgoCodingChallenge/algo-coding-exercise/dictionary/target/surefire/surefirebooter5791359639806210177.jar"/>
    <property name="sun.management.compiler" value="HotSpot 64-Bit Tiered Compilers"/>
    <property name="ftp.nonProxyHosts" value="local|*.local|169.254/16|*.169.254/16"/>
    <property name="java.runtime.version" value="20.0.1+9-29"/>
    <property name="user.name" value="Ifeoma1"/>
    <property name="stdout.encoding" value="US-ASCII"/>
    <property name="path.separator" value=":"/>
    <property name="os.version" value="13.4"/>
    <property name="java.runtime.name" value="OpenJDK Runtime Environment"/>
    <property name="file.encoding" value="UTF-8"/>
    <property name="java.vm.name" value="OpenJDK 64-Bit Server VM"/>
    <property name="localRepository" value="/Users/Ifeoma1/.m2/repository"/>
    <property name="java.vendor.url.bug" value="https://bugreport.java.com/bugreport/"/>
    <property name="java.io.tmpdir" value="/var/folders/p1/yhpg2dq97k120z1jhcy4_zlc0000gp/T/"/>
    <property name="idea.version" value="2023.1.3"/>
    <property name="java.version" value="20.0.1"/>
    <property name="user.dir" value="/Users/Ifeoma1/Documents/Java Codes/TradingAlgoCodingChallenge/algo-coding-exercise/dictionary"/>
    <property name="os.arch" value="aarch64"/>
    <property name="java.vm.specification.name" value="Java Virtual Machine Specification"/>
    <property name="native.encoding" value="US-ASCII"/>
    <property name="java.library.path" value="/Users/Ifeoma1/Library/Java/Extensions:/Library/Java/Extensions:/Network/Library/Java/Extensions:/System/Library/Java/Extensions:/usr/lib/java:."/>
    <property name="java.vm.info" value="mixed mode, sharing"/>
    <property name="stderr.encoding" value="US-ASCII"/>
    <property name="java.vendor" value="Oracle Corporation"/>
    <property name="java.vm.version" value="20.0.1+9-29"/>
    <property name="sun.io.unicode.encoding" value="UnicodeBig"/>
    <property name="socksNonProxyHosts" value="local|*.local|169.254/16|*.169.254/16"/>
    <property name="java.class.version" value="64.0"/>
  </properties>
  <testcase name="encodingDecoding" classname="codingblackfemales.dictionary.EncodingDecodingTest" time="0.007"/>
</testsuite>