<?xml version="1.0" encoding="UTF-8"?>
<testsuite xmlns:xsi="http://www.w3.org/2001/XMLSchema-instance" xsi:noNamespaceSchemaLocation="https://maven.apache.org/surefire/maven-surefire-plugin/xsd/surefire-test-report-3.0.xsd" version="3.0" name="codingblackfemales.gettingstarted.MyAlgoTest" time="0.626" tests="1" errors="0" skipped="0" failures="0">
  <properties>
    <property name="java.specification.version" value="21"/>
    <property name="sun.jnu.encoding" value="UTF-8"/>
    <property name="java.class.path" value="/Users/aryammehari/codingblackfemales/algo-coding-exercise/getting-started/target/test-classes:/Users/aryammehari/codingblackfemales/algo-coding-exercise/getting-started/target/classes:/Users/aryammehari/codingblackfemales/algo-coding-exercise/algo/target/classes:/Users/aryammehari/codingblackfemales/algo-coding-exercise/dictionary/target/classes:/Users/aryammehari/.m2/repository/org/agrona/agrona/1.16.0/agrona-1.16.0.jar:/Users/aryammehari/codingblackfemales/algo-coding-exercise/sequencer/target/classes:/Users/aryammehari/.m2/repository/com/google/code/gson/gson/2.10.1/gson-2.10.1.jar:/Users/aryammehari/.m2/repository/org/apache/commons/commons-lang3/3.12.0/commons-lang3-3.12.0.jar:/Users/aryammehari/codingblackfemales/algo-coding-exercise/backtest/target/classes:/Users/aryammehari/codingblackfemales/algo-coding-exercise/collection/target/classes:/Users/aryammehari/codingblackfemales/algo-coding-exercise/sequencer/target/test-classes:/Users/aryammehari/.m2/repository/junit/junit/4.11/junit-4.11.jar:/Users/aryammehari/.m2/repository/org/hamcrest/hamcrest-core/1.3/hamcrest-core-1.3.jar:/Users/aryammehari/.m2/repository/uk/co/real-logic/sbe-all/1.26.0/sbe-all-1.26.0.jar:/Users/aryammehari/.m2/repository/org/mockito/mockito-core/5.4.0/mockito-core-5.4.0.jar:/Users/aryammehari/.m2/repository/net/bytebuddy/byte-buddy/1.14.5/byte-buddy-1.14.5.jar:/Users/aryammehari/.m2/repository/net/bytebuddy/byte-buddy-agent/1.14.5/byte-buddy-agent-1.14.5.jar:/Users/aryammehari/.m2/repository/org/objenesis/objenesis/3.3/objenesis-3.3.jar:/Users/aryammehari/.m2/repository/ch/qos/logback/logback-core/1.3.5/logback-core-1.3.5.jar:/Users/aryammehari/.m2/repository/org/slf4j/slf4j-api/2.0.4/slf4j-api-2.0.4.jar:/Users/aryammehari/.m2/repository/ch/qos/logback/logback-classic/1.3.5/logback-classic-1.3.5.jar:"/>
    <property name="java.vm.vendor" value="Homebrew"/>
    <property name="sun.arch.data.model" value="64"/>
    <property name="java.vendor.url" value="https://github.com/Homebrew/homebrew-core/issues"/>
    <property name="os.name" value="Mac OS X"/>
    <property name="java.vm.specification.version" value="21"/>
    <property name="sun.java.launcher" value="SUN_STANDARD"/>
    <property name="user.country" value="GB"/>
    <property name="sun.boot.library.path" value="/usr/local/Cellar/openjdk/21/libexec/openjdk.jdk/Contents/Home/lib"/>
    <property name="sun.java.command" value="/Users/aryammehari/codingblackfemales/algo-coding-exercise/getting-started/target/surefire/surefirebooter-20231009201246395_27.jar /Users/aryammehari/codingblackfemales/algo-coding-exercise/getting-started/target/surefire 2023-10-09T20-12-36_475-jvmRun1 surefire-20231009201246395_25tmp surefire_2-20231009201246395_26tmp"/>
    <property name="http.nonProxyHosts" value="local|*.local|169.254/16|*.169.254/16"/>
    <property name="jdk.debug" value="release"/>
    <property name="surefire.test.class.path" value="/Users/aryammehari/codingblackfemales/algo-coding-exercise/getting-started/target/test-classes:/Users/aryammehari/codingblackfemales/algo-coding-exercise/getting-started/target/classes:/Users/aryammehari/codingblackfemales/algo-coding-exercise/algo/target/classes:/Users/aryammehari/codingblackfemales/algo-coding-exercise/dictionary/target/classes:/Users/aryammehari/.m2/repository/org/agrona/agrona/1.16.0/agrona-1.16.0.jar:/Users/aryammehari/codingblackfemales/algo-coding-exercise/sequencer/target/classes:/Users/aryammehari/.m2/repository/com/google/code/gson/gson/2.10.1/gson-2.10.1.jar:/Users/aryammehari/.m2/repository/org/apache/commons/commons-lang3/3.12.0/commons-lang3-3.12.0.jar:/Users/aryammehari/codingblackfemales/algo-coding-exercise/backtest/target/classes:/Users/aryammehari/codingblackfemales/algo-coding-exercise/collection/target/classes:/Users/aryammehari/codingblackfemales/algo-coding-exercise/sequencer/target/test-classes:/Users/aryammehari/.m2/repository/junit/junit/4.11/junit-4.11.jar:/Users/aryammehari/.m2/repository/org/hamcrest/hamcrest-core/1.3/hamcrest-core-1.3.jar:/Users/aryammehari/.m2/repository/uk/co/real-logic/sbe-all/1.26.0/sbe-all-1.26.0.jar:/Users/aryammehari/.m2/repository/org/mockito/mockito-core/5.4.0/mockito-core-5.4.0.jar:/Users/aryammehari/.m2/repository/net/bytebuddy/byte-buddy/1.14.5/byte-buddy-1.14.5.jar:/Users/aryammehari/.m2/repository/net/bytebuddy/byte-buddy-agent/1.14.5/byte-buddy-agent-1.14.5.jar:/Users/aryammehari/.m2/repository/org/objenesis/objenesis/3.3/objenesis-3.3.jar:/Users/aryammehari/.m2/repository/ch/qos/logback/logback-core/1.3.5/logback-core-1.3.5.jar:/Users/aryammehari/.m2/repository/org/slf4j/slf4j-api/2.0.4/slf4j-api-2.0.4.jar:/Users/aryammehari/.m2/repository/ch/qos/logback/logback-classic/1.3.5/logback-classic-1.3.5.jar:"/>
    <property name="sun.cpu.endian" value="little"/>
    <property name="user.home" value="/Users/aryammehari"/>
    <property name="user.language" value="en"/>
    <property name="java.specification.vendor" value="Oracle Corporation"/>
    <property name="java.version.date" value="2023-09-19"/>
    <property name="java.home" value="/usr/local/Cellar/openjdk/21/libexec/openjdk.jdk/Contents/Home"/>
    <property name="file.separator" value="/"/>
    <property name="basedir" value="/Users/aryammehari/codingblackfemales/algo-coding-exercise/getting-started"/>
    <property name="java.vm.compressedOopsMode" value="Zero based"/>
    <property name="line.separator" value="&#10;"/>
    <property name="java.vm.specification.vendor" value="Oracle Corporation"/>
    <property name="java.specification.name" value="Java Platform API Specification"/>
    <property name="apple.awt.application.name" value="ForkedBooter"/>
    <property name="surefire.real.class.path" value="/Users/aryammehari/codingblackfemales/algo-coding-exercise/getting-started/target/surefire/surefirebooter-20231009201246395_27.jar"/>
    <property name="sun.management.compiler" value="HotSpot 64-Bit Tiered Compilers"/>
    <property name="ftp.nonProxyHosts" value="local|*.local|169.254/16|*.169.254/16"/>
    <property name="java.runtime.version" value="21"/>
    <property name="user.name" value="aryammehari"/>
    <property name="stdout.encoding" value="UTF-8"/>
    <property name="path.separator" value=":"/>
    <property name="os.version" value="13.2.1"/>
    <property name="java.runtime.name" value="OpenJDK Runtime Environment"/>
    <property name="file.encoding" value="UTF-8"/>
    <property name="java.vm.name" value="OpenJDK 64-Bit Server VM"/>
    <property name="java.vendor.version" value="Homebrew"/>
    <property name="localRepository" value="/Users/aryammehari/.m2/repository"/>
    <property name="java.vendor.url.bug" value="https://github.com/Homebrew/homebrew-core/issues"/>
    <property name="java.io.tmpdir" value="/var/folders/4s/knkmlw593_z8slsp96h2k05m0000gn/T/"/>
    <property name="java.version" value="21"/>
    <property name="user.dir" value="/Users/aryammehari/codingblackfemales/algo-coding-exercise/getting-started"/>
    <property name="os.arch" value="x86_64"/>
    <property name="java.vm.specification.name" value="Java Virtual Machine Specification"/>
    <property name="native.encoding" value="UTF-8"/>
    <property name="java.library.path" value="/Users/aryammehari/Library/Java/Extensions:/Library/Java/Extensions:/Network/Library/Java/Extensions:/System/Library/Java/Extensions:/usr/lib/java:."/>
    <property name="java.vm.info" value="mixed mode, sharing"/>
    <property name="stderr.encoding" value="UTF-8"/>
    <property name="java.vendor" value="Homebrew"/>
    <property name="java.vm.version" value="21"/>
    <property name="sun.io.unicode.encoding" value="UnicodeBig"/>
    <property name="socksNonProxyHosts" value="local|*.local|169.254/16|*.169.254/16"/>
    <property name="java.class.version" value="65.0"/>
  </properties>
  <testcase name="testDispatchThroughSequencer" classname="codingblackfemales.gettingstarted.MyAlgoTest" time="0.093">
    <system-out><![CDATA[20:12:47.553 [main] INFO  c.sequencer.consumer.LoggingConsumer - [1] 
|----BID-----|
   101 @ 100
   200 @ 110
  5000 @ 115
|----ASK-----|
    100 @ 98
    200 @ 95
    300 @ 91

20:12:47.558 [main] DEBUG c.service.MarketDataService - [ALGO] BID: price:100 quantity:101
20:12:47.560 [main] DEBUG c.service.MarketDataService - [ALGO] BID: price:110 quantity:200
20:12:47.560 [main] DEBUG c.service.MarketDataService - [ALGO] BID: price:115 quantity:5000
20:12:47.561 [main] DEBUG c.service.MarketDataService - [ALGO] ASK: price:98 quantity:100
20:12:47.561 [main] DEBUG c.service.MarketDataService - [ALGO] ASK: price:95 quantity:200
20:12:47.561 [main] DEBUG c.service.MarketDataService - [ALGO] ASK: price:91 quantity:300
20:12:47.561 [main] INFO  c.gettingstarted.MyAlgoLogic - [MyAlgologic] In Algo Logic....
20:12:47.570 [main] INFO  c.gettingstarted.MyAlgoLogic - [MyAlgologic] Algo Sees Book as:
|----BID-----||----ASK----|
   101 @ 100    100 @ 98
   200 @ 110    200 @ 95
  5000 @ 115    300 @ 91
|------------||-----------|

20:12:47.582 [main] INFO  c.gettingstarted.MyAlgoLogic - [MyAlgoLogic] Have:0 children, want 3, joining passive side of book with: 75 @ 100
20:12:47.589 [main] INFO  c.container.Actioner - [ALGO] Actioner, sending action:CreateChildOrder(side=BUY,quantity=75,price=100)
20:12:47.590 [main] INFO  c.sequencer.consumer.LoggingConsumer - [2] [CreateOrder](sbeTemplateId=4|sbeSchemaId=2|sbeSchemaVersion=0|sbeBlockLength=33):instrumentId=0|price=100|quantity=75|side=BUY|orderId=2
20:12:47.590 [main] INFO  c.gettingstarted.MyAlgoLogic - [MyAlgologic] In Algo Logic....
20:12:47.591 [main] INFO  c.gettingstarted.MyAlgoLogic - [MyAlgologic] Algo Sees Book as:
|----BID-----||----ASK----|
   101 @ 100    100 @ 98
   200 @ 110    200 @ 95
  5000 @ 115    300 @ 91
|------------||-----------|

20:12:47.591 [main] INFO  c.gettingstarted.MyAlgoLogic - [MyAlgoLogic] Have:1 children, want 3, joining passive side of book with: 75 @ 100
20:12:47.592 [main] INFO  c.container.Actioner - [ALGO] Actioner, sending action:CreateChildOrder(side=BUY,quantity=75,price=100)
20:12:47.592 [main] INFO  c.sequencer.consumer.LoggingConsumer - [3] [CreateOrder](sbeTemplateId=4|sbeSchemaId=2|sbeSchemaVersion=0|sbeBlockLength=33):instrumentId=0|price=100|quantity=75|side=BUY|orderId=3
20:12:47.592 [main] INFO  c.gettingstarted.MyAlgoLogic - [MyAlgologic] In Algo Logic....
20:12:47.593 [main] INFO  c.gettingstarted.MyAlgoLogic - [MyAlgologic] Algo Sees Book as:
|----BID-----||----ASK----|
   101 @ 100    100 @ 98
   200 @ 110    200 @ 95
  5000 @ 115    300 @ 91
|------------||-----------|

20:12:47.593 [main] INFO  c.gettingstarted.MyAlgoLogic - [MyAlgoLogic] Have:2 children, want 3, joining passive side of book with: 75 @ 100
20:12:47.593 [main] INFO  c.container.Actioner - [ALGO] Actioner, sending action:CreateChildOrder(side=BUY,quantity=75,price=100)
20:12:47.593 [main] INFO  c.sequencer.consumer.LoggingConsumer - [4] [CreateOrder](sbeTemplateId=4|sbeSchemaId=2|sbeSchemaVersion=0|sbeBlockLength=33):instrumentId=0|price=100|quantity=75|side=BUY|orderId=4
20:12:47.594 [main] INFO  c.gettingstarted.MyAlgoLogic - [MyAlgologic] In Algo Logic....
20:12:47.594 [main] INFO  c.gettingstarted.MyAlgoLogic - [MyAlgologic] Algo Sees Book as:
|----BID-----||----ASK----|
   101 @ 100    100 @ 98
   200 @ 110    200 @ 95
  5000 @ 115    300 @ 91
|------------||-----------|

20:12:47.595 [main] INFO  c.gettingstarted.MyAlgoLogic - [MyAlgologic] Have:3 children, want 3, done.
]]></system-out>
  </testcase>
</testsuite>