<?xml version="1.0" encoding="UTF-8"?>
<testsuite xmlns:xsi="http://www.w3.org/2001/XMLSchema-instance" xsi:noNamespaceSchemaLocation="https://maven.apache.org/surefire/maven-surefire-plugin/xsd/surefire-test-report-3.0.xsd" version="3.0" name="codingblackfemales.gettingstarted.MyAlgoBackTest" time="1.961" tests="6" errors="0" skipped="0" failures="0">
  <properties>
    <property name="java.specification.version" value="17"/>
    <property name="sun.cpu.isalist" value="amd64"/>
    <property name="sun.jnu.encoding" value="Cp1252"/>
    <property name="java.class.path" value="C:\Users\admin\Desktop\Sherelles Stuff\UBS-Assignments\finalCopy\codingblackfemales\algo-coding-exercise\getting-started\target\test-classes;C:\Users\admin\Desktop\Sherelles Stuff\UBS-Assignments\finalCopy\codingblackfemales\algo-coding-exercise\getting-started\target\classes;C:\Users\admin\Desktop\Sherelles Stuff\UBS-Assignments\finalCopy\codingblackfemales\algo-coding-exercise\algo\target\classes;C:\Users\admin\Desktop\Sherelles Stuff\UBS-Assignments\finalCopy\codingblackfemales\algo-coding-exercise\dictionary\target\classes;C:\Users\admin\.m2\repository\org\agrona\agrona\1.16.0\agrona-1.16.0.jar;C:\Users\admin\Desktop\Sherelles Stuff\UBS-Assignments\finalCopy\codingblackfemales\algo-coding-exercise\sequencer\target\classes;C:\Users\admin\.m2\repository\com\google\code\gson\gson\2.10.1\gson-2.10.1.jar;C:\Users\admin\.m2\repository\org\apache\commons\commons-lang3\3.12.0\commons-lang3-3.12.0.jar;C:\Users\admin\Desktop\Sherelles Stuff\UBS-Assignments\finalCopy\codingblackfemales\algo-coding-exercise\backtest\target\classes;C:\Users\admin\Desktop\Sherelles Stuff\UBS-Assignments\finalCopy\codingblackfemales\algo-coding-exercise\collection\target\classes;C:\Users\admin\Desktop\Sherelles Stuff\UBS-Assignments\finalCopy\codingblackfemales\algo-coding-exercise\sequencer\target\test-classes;C:\Users\admin\.m2\repository\junit\junit\4.11\junit-4.11.jar;C:\Users\admin\.m2\repository\org\hamcrest\hamcrest-core\1.3\hamcrest-core-1.3.jar;C:\Users\admin\.m2\repository\uk\co\real-logic\sbe-all\1.26.0\sbe-all-1.26.0.jar;C:\Users\admin\.m2\repository\org\mockito\mockito-core\5.4.0\mockito-core-5.4.0.jar;C:\Users\admin\.m2\repository\net\bytebuddy\byte-buddy\1.14.5\byte-buddy-1.14.5.jar;C:\Users\admin\.m2\repository\net\bytebuddy\byte-buddy-agent\1.14.5\byte-buddy-agent-1.14.5.jar;C:\Users\admin\.m2\repository\org\objenesis\objenesis\3.3\objenesis-3.3.jar;C:\Users\admin\.m2\repository\ch\qos\logback\logback-core\1.3.5\logback-core-1.3.5.jar;C:\Users\admin\.m2\repository\org\slf4j\slf4j-api\2.0.4\slf4j-api-2.0.4.jar;C:\Users\admin\.m2\repository\ch\qos\logback\logback-classic\1.3.5\logback-classic-1.3.5.jar;"/>
    <property name="java.vm.vendor" value="Oracle Corporation"/>
    <property name="sun.arch.data.model" value="64"/>
    <property name="user.variant" value=""/>
    <property name="java.vendor.url" value="https://java.oracle.com/"/>
    <property name="user.timezone" value="Europe/London"/>
    <property name="os.name" value="Windows 10"/>
    <property name="java.vm.specification.version" value="17"/>
    <property name="sun.java.launcher" value="SUN_STANDARD"/>
    <property name="user.country" value="GB"/>
    <property name="sun.boot.library.path" value="C:\Program Files\Java\jdk-17\bin"/>
    <property name="sun.java.command" value="C:\Users\admin\AppData\Local\Temp\surefire15730047207450031598\surefirebooter-20231006130018530_26.jar C:\Users\admin\AppData\Local\Temp\surefire15730047207450031598 2023-10-06T13-00-11_401-jvmRun1 surefire-20231006130018530_24tmp surefire_2-20231006130018530_25tmp"/>
    <property name="jdk.debug" value="release"/>
    <property name="surefire.test.class.path" value="C:\Users\admin\Desktop\Sherelles Stuff\UBS-Assignments\finalCopy\codingblackfemales\algo-coding-exercise\getting-started\target\test-classes;C:\Users\admin\Desktop\Sherelles Stuff\UBS-Assignments\finalCopy\codingblackfemales\algo-coding-exercise\getting-started\target\classes;C:\Users\admin\Desktop\Sherelles Stuff\UBS-Assignments\finalCopy\codingblackfemales\algo-coding-exercise\algo\target\classes;C:\Users\admin\Desktop\Sherelles Stuff\UBS-Assignments\finalCopy\codingblackfemales\algo-coding-exercise\dictionary\target\classes;C:\Users\admin\.m2\repository\org\agrona\agrona\1.16.0\agrona-1.16.0.jar;C:\Users\admin\Desktop\Sherelles Stuff\UBS-Assignments\finalCopy\codingblackfemales\algo-coding-exercise\sequencer\target\classes;C:\Users\admin\.m2\repository\com\google\code\gson\gson\2.10.1\gson-2.10.1.jar;C:\Users\admin\.m2\repository\org\apache\commons\commons-lang3\3.12.0\commons-lang3-3.12.0.jar;C:\Users\admin\Desktop\Sherelles Stuff\UBS-Assignments\finalCopy\codingblackfemales\algo-coding-exercise\backtest\target\classes;C:\Users\admin\Desktop\Sherelles Stuff\UBS-Assignments\finalCopy\codingblackfemales\algo-coding-exercise\collection\target\classes;C:\Users\admin\Desktop\Sherelles Stuff\UBS-Assignments\finalCopy\codingblackfemales\algo-coding-exercise\sequencer\target\test-classes;C:\Users\admin\.m2\repository\junit\junit\4.11\junit-4.11.jar;C:\Users\admin\.m2\repository\org\hamcrest\hamcrest-core\1.3\hamcrest-core-1.3.jar;C:\Users\admin\.m2\repository\uk\co\real-logic\sbe-all\1.26.0\sbe-all-1.26.0.jar;C:\Users\admin\.m2\repository\org\mockito\mockito-core\5.4.0\mockito-core-5.4.0.jar;C:\Users\admin\.m2\repository\net\bytebuddy\byte-buddy\1.14.5\byte-buddy-1.14.5.jar;C:\Users\admin\.m2\repository\net\bytebuddy\byte-buddy-agent\1.14.5\byte-buddy-agent-1.14.5.jar;C:\Users\admin\.m2\repository\org\objenesis\objenesis\3.3\objenesis-3.3.jar;C:\Users\admin\.m2\repository\ch\qos\logback\logback-core\1.3.5\logback-core-1.3.5.jar;C:\Users\admin\.m2\repository\org\slf4j\slf4j-api\2.0.4\slf4j-api-2.0.4.jar;C:\Users\admin\.m2\repository\ch\qos\logback\logback-classic\1.3.5\logback-classic-1.3.5.jar;"/>
    <property name="sun.cpu.endian" value="little"/>
    <property name="user.home" value="C:\Users\admin"/>
    <property name="user.language" value="en"/>
    <property name="java.specification.vendor" value="Oracle Corporation"/>
    <property name="java.version.date" value="2023-04-18"/>
    <property name="java.home" value="C:\Program Files\Java\jdk-17"/>
    <property name="file.separator" value="\"/>
    <property name="basedir" value="C:\Users\admin\Desktop\Sherelles Stuff\UBS-Assignments\finalCopy\codingblackfemales\algo-coding-exercise\getting-started"/>
    <property name="java.vm.compressedOopsMode" value="Zero based"/>
    <property name="line.separator" value="&#10;"/>
    <property name="java.vm.specification.vendor" value="Oracle Corporation"/>
    <property name="java.specification.name" value="Java Platform API Specification"/>
    <property name="surefire.real.class.path" value="C:\Users\admin\AppData\Local\Temp\surefire15730047207450031598\surefirebooter-20231006130018530_26.jar"/>
    <property name="user.script" value=""/>
    <property name="sun.management.compiler" value="HotSpot 64-Bit Tiered Compilers"/>
    <property name="java.runtime.version" value="17.0.7+8-LTS-224"/>
    <property name="user.name" value="admin"/>
    <property name="path.separator" value=";"/>
    <property name="os.version" value="10.0"/>
    <property name="java.runtime.name" value="Java(TM) SE Runtime Environment"/>
    <property name="file.encoding" value="Cp1252"/>
    <property name="java.vm.name" value="Java HotSpot(TM) 64-Bit Server VM"/>
    <property name="localRepository" value="C:\Users\admin\.m2\repository"/>
    <property name="java.vendor.url.bug" value="https://bugreport.java.com/bugreport/"/>
    <property name="java.io.tmpdir" value="C:\Users\admin\AppData\Local\Temp\"/>
    <property name="java.version" value="17.0.7"/>
    <property name="user.dir" value="C:\Users\admin\Desktop\Sherelles Stuff\UBS-Assignments\finalCopy\codingblackfemales\algo-coding-exercise\getting-started"/>
    <property name="os.arch" value="amd64"/>
    <property name="java.vm.specification.name" value="Java Virtual Machine Specification"/>
    <property name="sun.os.patch.level" value=""/>
    <property name="native.encoding" value="Cp1252"/>
    <property name="java.library.path" value="C:\Program Files\Java\jdk-17\bin;C:\WINDOWS\Sun\Java\bin;C:\WINDOWS\system32;C:\WINDOWS;C:\Program Files\Common Files\Oracle\Java\javapath;C:\WINDOWS\system32;C:\WINDOWS;C:\WINDOWS\System32\Wbem;C:\WINDOWS\System32\WindowsPowerShell\v1.0\;C:\WINDOWS\System32\OpenSSH\;C:\Program Files\dotnet\;C:\Program Files (x86)\Intel\Intel(R) Management Engine Components\DAL;C:\Program Files\Intel\Intel(R) Management Engine Components\DAL;C:\Program Files (x86)\NVIDIA Corporation\PhysX\Common;C:\Program Files\Git\cmd;C:\Program Files\apache-maven-3.9.4\bin;C:\Users\admin\AppData\Local\Microsoft\WindowsApps;;C:\Users\admin\AppData\Local\Programs\Microsoft VS Code\bin;."/>
    <property name="java.vm.info" value="mixed mode, sharing"/>
    <property name="java.vendor" value="Oracle Corporation"/>
    <property name="java.vm.version" value="17.0.7+8-LTS-224"/>
    <property name="sun.io.unicode.encoding" value="UnicodeLittle"/>
    <property name="java.class.version" value="61.0"/>
  </properties>
  <testcase name="monteCarloSim" classname="codingblackfemales.gettingstarted.MyAlgoBackTest" time="1.366">
    <system-out><![CDATA[13:00:19.293 [main] INFO  c.sequencer.consumer.LoggingConsumer - [1] 
|----BID-----|
    134 @ 43
    145 @ 76
    300 @ 91
    200 @ 93
    100 @ 95
    154 @ 98
|----ASK-----|
    501 @ 98
   200 @ 101
  5000 @ 110
  5600 @ 119
   453 @ 123
   645 @ 144
   665 @ 167

13:00:19.300 [main] INFO  c.orderbook.OrderBook - [ORDERBOOK] Processing Mkt Data Update
13:00:19.300 [main] DEBUG c.orderbook.OrderBook - [ORDERBOOK] ASK: Adding orderMktData(price=43,quantity=134)
13:00:19.300 [main] DEBUG c.orderbook.OrderBook - [ORDERBOOK] ASK: Adding orderMktData(price=76,quantity=145)
13:00:19.300 [main] DEBUG c.orderbook.OrderBook - [ORDERBOOK] ASK: Adding orderMktData(price=91,quantity=300)
13:00:19.300 [main] DEBUG c.orderbook.OrderBook - [ORDERBOOK] ASK: Adding orderMktData(price=93,quantity=200)
13:00:19.300 [main] DEBUG c.orderbook.OrderBook - [ORDERBOOK] ASK: Adding orderMktData(price=95,quantity=100)
13:00:19.300 [main] DEBUG c.orderbook.OrderBook - [ORDERBOOK] ASK: Adding orderMktData(price=98,quantity=154)
13:00:19.300 [main] DEBUG c.orderbook.OrderBook - [ORDERBOOK] ASK: Adding orderMktData(price=98,quantity=501)
13:00:19.300 [main] DEBUG c.orderbook.OrderBook - [ORDERBOOK] ASK: Adding orderMktData(price=101,quantity=200)
13:00:19.300 [main] DEBUG c.orderbook.OrderBook - [ORDERBOOK] ASK: Adding orderMktData(price=110,quantity=5000)
13:00:19.300 [main] DEBUG c.orderbook.OrderBook - [ORDERBOOK] ASK: Adding orderMktData(price=119,quantity=5600)
13:00:19.300 [main] DEBUG c.orderbook.OrderBook - [ORDERBOOK] ASK: Adding orderMktData(price=123,quantity=453)
13:00:19.300 [main] DEBUG c.orderbook.OrderBook - [ORDERBOOK] ASK: Adding orderMktData(price=144,quantity=645)
13:00:19.300 [main] DEBUG c.orderbook.OrderBook - [ORDERBOOK] ASK: Adding orderMktData(price=167,quantity=665)
13:00:19.300 [main] DEBUG c.service.MarketDataService - [ALGO] BID: price:43 quantity:134
13:00:19.300 [main] DEBUG c.service.MarketDataService - [ALGO] BID: price:76 quantity:145
13:00:19.300 [main] DEBUG c.service.MarketDataService - [ALGO] BID: price:91 quantity:300
13:00:19.300 [main] DEBUG c.service.MarketDataService - [ALGO] BID: price:93 quantity:200
13:00:19.300 [main] DEBUG c.service.MarketDataService - [ALGO] BID: price:95 quantity:100
13:00:19.300 [main] DEBUG c.service.MarketDataService - [ALGO] BID: price:98 quantity:154
13:00:19.300 [main] DEBUG c.service.MarketDataService - [ALGO] ASK: price:98 quantity:501
13:00:19.300 [main] DEBUG c.service.MarketDataService - [ALGO] ASK: price:101 quantity:200
13:00:19.300 [main] DEBUG c.service.MarketDataService - [ALGO] ASK: price:110 quantity:5000
13:00:19.300 [main] DEBUG c.service.MarketDataService - [ALGO] ASK: price:119 quantity:5600
13:00:19.300 [main] DEBUG c.service.MarketDataService - [ALGO] ASK: price:123 quantity:453
13:00:19.300 [main] DEBUG c.service.MarketDataService - [ALGO] ASK: price:144 quantity:645
13:00:19.300 [main] DEBUG c.service.MarketDataService - [ALGO] ASK: price:167 quantity:665
13:00:19.300 [main] INFO  c.gettingstarted.MyAlgoLogic - [MYALGO] The state of the order book is:
|----BID-----||----ASK----|
    134 @ 43    501 @ 98
    145 @ 76   200 @ 101
    300 @ 91  5000 @ 110
    200 @ 93  5600 @ 119
    100 @ 95   453 @ 123
    154 @ 98   645 @ 144
          -    665 @ 167
|------------||-----------|

13:00:19.300 [main] INFO  c.gettingstarted.MyAlgoLogic - [MYALGO] Algo Sees Book as: 
|----BID-----||----ASK----|
    134 @ 43    501 @ 98
    145 @ 76   200 @ 101
    300 @ 91  5000 @ 110
    200 @ 93  5600 @ 119
    100 @ 95   453 @ 123
    154 @ 98   645 @ 144
          -    665 @ 167
|------------||-----------|

13:00:19.300 [main] INFO  c.gettingstarted.TimedLogic - [TIMEDLOGIC] Market is open
13:00:19.300 [main] INFO  c.gettingstarted.MyAlgoLogic - [MYALGO] Aftr buy orders0
13:00:19.300 [main] INFO  c.gettingstarted.MyAlgoLogic - [MYALGO] After Buy total orders0
13:00:19.315 [main] INFO  c.container.Actioner - [ALGO] Actioner, sending action:CreateChildOrder(side=BUY,quantity=134,price=43)
13:00:19.315 [main] INFO  c.sequencer.consumer.LoggingConsumer - [2] [CreateOrder](sbeTemplateId=4|sbeSchemaId=2|sbeSchemaVersion=0|sbeBlockLength=33):instrumentId=0|price=43|quantity=134|side=BUY|orderId=2
13:00:19.315 [main] INFO  c.orderbook.OrderBook - [ORDERBOOK] Adding passive limit order to BID bookLimit(side=BUY,orderId=2,price=43,quantity=134)
13:00:19.315 [main] INFO  c.o.visitor.MutatingAddOrderVisitor - [ORDERBOOK] + MktData(price=43,quantity=134)
13:00:19.315 [main] DEBUG c.o.v.ReadOnlyMarketDataChannelPublishVisitor - Bid Side Size: 1
13:00:19.315 [main] DEBUG c.o.v.ReadOnlyMarketDataChannelPublishVisitor - Adding Mkt Data Msg BID: Price=43 Qty=268
13:00:19.315 [main] DEBUG c.o.v.ReadOnlyMarketDataChannelPublishVisitor - Ask Side Size: 7
13:00:19.315 [main] DEBUG c.o.v.ReadOnlyMarketDataChannelPublishVisitor - Adding Mkt Data Msg ASK: Price=98 Qty=501
13:00:19.315 [main] DEBUG c.o.v.ReadOnlyMarketDataChannelPublishVisitor - Adding Mkt Data Msg ASK: Price=101 Qty=200
13:00:19.315 [main] DEBUG c.o.v.ReadOnlyMarketDataChannelPublishVisitor - Adding Mkt Data Msg ASK: Price=110 Qty=5000
13:00:19.315 [main] DEBUG c.o.v.ReadOnlyMarketDataChannelPublishVisitor - Adding Mkt Data Msg ASK: Price=119 Qty=5600
13:00:19.315 [main] DEBUG c.o.v.ReadOnlyMarketDataChannelPublishVisitor - Adding Mkt Data Msg ASK: Price=123 Qty=453
13:00:19.315 [main] DEBUG c.o.v.ReadOnlyMarketDataChannelPublishVisitor - Adding Mkt Data Msg ASK: Price=144 Qty=645
13:00:19.315 [main] DEBUG c.o.v.ReadOnlyMarketDataChannelPublishVisitor - Adding Mkt Data Msg ASK: Price=167 Qty=665
13:00:19.315 [main] INFO  c.o.channel.MarketDataChannel - [ORDERBOOK] Sending market data update...
13:00:19.315 [main] INFO  c.sequencer.consumer.LoggingConsumer - [3] 
|----BID-----|
    268 @ 43
|----ASK-----|
    501 @ 98
   200 @ 101
  5000 @ 110
  5600 @ 119
   453 @ 123
   645 @ 144
   665 @ 167

13:00:19.315 [main] DEBUG c.service.MarketDataService - [ALGO] BID: price:43 quantity:268
13:00:19.315 [main] DEBUG c.service.MarketDataService - [ALGO] ASK: price:98 quantity:501
13:00:19.315 [main] DEBUG c.service.MarketDataService - [ALGO] ASK: price:101 quantity:200
13:00:19.315 [main] DEBUG c.service.MarketDataService - [ALGO] ASK: price:110 quantity:5000
13:00:19.315 [main] DEBUG c.service.MarketDataService - [ALGO] ASK: price:119 quantity:5600
13:00:19.315 [main] DEBUG c.service.MarketDataService - [ALGO] ASK: price:123 quantity:453
13:00:19.315 [main] DEBUG c.service.MarketDataService - [ALGO] ASK: price:144 quantity:645
13:00:19.315 [main] DEBUG c.service.MarketDataService - [ALGO] ASK: price:167 quantity:665
13:00:19.315 [main] INFO  c.gettingstarted.MyAlgoLogic - [MYALGO] The state of the order book is:
|----BID-----||----ASK----|
    268 @ 43    501 @ 98
          -    200 @ 101
          -   5000 @ 110
          -   5600 @ 119
          -    453 @ 123
          -    645 @ 144
          -    665 @ 167
|------------||-----------|

13:00:19.315 [main] INFO  c.gettingstarted.MyAlgoLogic - [MYALGO] Algo Sees Book as: 
|----BID-----||----ASK----|
    268 @ 43    501 @ 98
          -    200 @ 101
          -   5000 @ 110
          -   5600 @ 119
          -    453 @ 123
          -    645 @ 144
          -    665 @ 167
|------------||-----------|

13:00:19.315 [main] INFO  c.gettingstarted.TimedLogic - [TIMEDLOGIC] Market is open
13:00:19.315 [main] INFO  c.gettingstarted.MyAlgoLogic - [MYALGO] Aftr buy orders1
13:00:19.315 [main] INFO  c.gettingstarted.MyAlgoLogic - [MYALGO] After Buy total orders1
13:00:19.315 [main] INFO  c.container.Actioner - [ALGO] Actioner, sending action:CreateChildOrder(side=BUY,quantity=268,price=43)
13:00:19.315 [main] INFO  c.sequencer.consumer.LoggingConsumer - [4] [CreateOrder](sbeTemplateId=4|sbeSchemaId=2|sbeSchemaVersion=0|sbeBlockLength=33):instrumentId=0|price=43|quantity=268|side=BUY|orderId=3
13:00:19.331 [main] INFO  c.orderbook.OrderBook - [ORDERBOOK] Adding passive limit order to BID bookLimit(side=BUY,orderId=3,price=43,quantity=268)
13:00:19.331 [main] INFO  c.o.visitor.MutatingAddOrderVisitor - [ORDERBOOK] + Limit(side=BUY,orderId=2,price=43,quantity=134)
13:00:19.331 [main] DEBUG c.o.v.ReadOnlyMarketDataChannelPublishVisitor - Bid Side Size: 1
13:00:19.331 [main] DEBUG c.o.v.ReadOnlyMarketDataChannelPublishVisitor - Adding Mkt Data Msg BID: Price=43 Qty=536
13:00:19.331 [main] DEBUG c.o.v.ReadOnlyMarketDataChannelPublishVisitor - Ask Side Size: 7
13:00:19.331 [main] DEBUG c.o.v.ReadOnlyMarketDataChannelPublishVisitor - Adding Mkt Data Msg ASK: Price=98 Qty=501
13:00:19.331 [main] DEBUG c.o.v.ReadOnlyMarketDataChannelPublishVisitor - Adding Mkt Data Msg ASK: Price=101 Qty=200
13:00:19.331 [main] DEBUG c.o.v.ReadOnlyMarketDataChannelPublishVisitor - Adding Mkt Data Msg ASK: Price=110 Qty=5000
13:00:19.331 [main] DEBUG c.o.v.ReadOnlyMarketDataChannelPublishVisitor - Adding Mkt Data Msg ASK: Price=119 Qty=5600
13:00:19.331 [main] DEBUG c.o.v.ReadOnlyMarketDataChannelPublishVisitor - Adding Mkt Data Msg ASK: Price=123 Qty=453
13:00:19.331 [main] DEBUG c.o.v.ReadOnlyMarketDataChannelPublishVisitor - Adding Mkt Data Msg ASK: Price=144 Qty=645
13:00:19.331 [main] DEBUG c.o.v.ReadOnlyMarketDataChannelPublishVisitor - Adding Mkt Data Msg ASK: Price=167 Qty=665
13:00:19.331 [main] INFO  c.o.channel.MarketDataChannel - [ORDERBOOK] Sending market data update...
13:00:19.331 [main] INFO  c.sequencer.consumer.LoggingConsumer - [5] 
|----BID-----|
    536 @ 43
|----ASK-----|
    501 @ 98
   200 @ 101
  5000 @ 110
  5600 @ 119
   453 @ 123
   645 @ 144
   665 @ 167

13:00:19.331 [main] DEBUG c.service.MarketDataService - [ALGO] BID: price:43 quantity:536
13:00:19.331 [main] DEBUG c.service.MarketDataService - [ALGO] ASK: price:98 quantity:501
13:00:19.331 [main] DEBUG c.service.MarketDataService - [ALGO] ASK: price:101 quantity:200
13:00:19.331 [main] DEBUG c.service.MarketDataService - [ALGO] ASK: price:110 quantity:5000
13:00:19.331 [main] DEBUG c.service.MarketDataService - [ALGO] ASK: price:119 quantity:5600
13:00:19.331 [main] DEBUG c.service.MarketDataService - [ALGO] ASK: price:123 quantity:453
13:00:19.331 [main] DEBUG c.service.MarketDataService - [ALGO] ASK: price:144 quantity:645
13:00:19.331 [main] DEBUG c.service.MarketDataService - [ALGO] ASK: price:167 quantity:665
13:00:19.331 [main] INFO  c.gettingstarted.MyAlgoLogic - [MYALGO] The state of the order book is:
|----BID-----||----ASK----|
    536 @ 43    501 @ 98
          -    200 @ 101
          -   5000 @ 110
          -   5600 @ 119
          -    453 @ 123
          -    645 @ 144
          -    665 @ 167
|------------||-----------|

13:00:19.331 [main] INFO  c.gettingstarted.MyAlgoLogic - [MYALGO] Algo Sees Book as: 
|----BID-----||----ASK----|
    536 @ 43    501 @ 98
          -    200 @ 101
          -   5000 @ 110
          -   5600 @ 119
          -    453 @ 123
          -    645 @ 144
          -    665 @ 167
|------------||-----------|

13:00:19.331 [main] INFO  c.gettingstarted.TimedLogic - [TIMEDLOGIC] Market is open
13:00:19.331 [main] INFO  c.gettingstarted.MyAlgoLogic - [MYALGO] Aftr buy orders2
13:00:19.331 [main] INFO  c.gettingstarted.MyAlgoLogic - [MYALGO] After Buy total orders2
13:00:19.331 [main] INFO  c.container.Actioner - [ALGO] Actioner, sending action:CreateChildOrder(side=BUY,quantity=536,price=43)
13:00:19.331 [main] INFO  c.sequencer.consumer.LoggingConsumer - [6] [CreateOrder](sbeTemplateId=4|sbeSchemaId=2|sbeSchemaVersion=0|sbeBlockLength=33):instrumentId=0|price=43|quantity=536|side=BUY|orderId=4
13:00:19.331 [main] INFO  c.orderbook.OrderBook - [ORDERBOOK] Adding passive limit order to BID bookLimit(side=BUY,orderId=4,price=43,quantity=536)
13:00:19.331 [main] INFO  c.o.visitor.MutatingAddOrderVisitor - [ORDERBOOK] + Limit(side=BUY,orderId=3,price=43,quantity=268)
13:00:19.331 [main] DEBUG c.o.v.ReadOnlyMarketDataChannelPublishVisitor - Bid Side Size: 1
13:00:19.331 [main] DEBUG c.o.v.ReadOnlyMarketDataChannelPublishVisitor - Adding Mkt Data Msg BID: Price=43 Qty=1072
13:00:19.331 [main] DEBUG c.o.v.ReadOnlyMarketDataChannelPublishVisitor - Ask Side Size: 7
13:00:19.331 [main] DEBUG c.o.v.ReadOnlyMarketDataChannelPublishVisitor - Adding Mkt Data Msg ASK: Price=98 Qty=501
13:00:19.331 [main] DEBUG c.o.v.ReadOnlyMarketDataChannelPublishVisitor - Adding Mkt Data Msg ASK: Price=101 Qty=200
13:00:19.331 [main] DEBUG c.o.v.ReadOnlyMarketDataChannelPublishVisitor - Adding Mkt Data Msg ASK: Price=110 Qty=5000
13:00:19.331 [main] DEBUG c.o.v.ReadOnlyMarketDataChannelPublishVisitor - Adding Mkt Data Msg ASK: Price=119 Qty=5600
13:00:19.331 [main] DEBUG c.o.v.ReadOnlyMarketDataChannelPublishVisitor - Adding Mkt Data Msg ASK: Price=123 Qty=453
13:00:19.331 [main] DEBUG c.o.v.ReadOnlyMarketDataChannelPublishVisitor - Adding Mkt Data Msg ASK: Price=144 Qty=645
13:00:19.331 [main] DEBUG c.o.v.ReadOnlyMarketDataChannelPublishVisitor - Adding Mkt Data Msg ASK: Price=167 Qty=665
13:00:19.331 [main] INFO  c.o.channel.MarketDataChannel - [ORDERBOOK] Sending market data update...
13:00:19.331 [main] INFO  c.sequencer.consumer.LoggingConsumer - [7] 
|----BID-----|
   1072 @ 43
|----ASK-----|
    501 @ 98
   200 @ 101
  5000 @ 110
  5600 @ 119
   453 @ 123
   645 @ 144
   665 @ 167

13:00:19.331 [main] DEBUG c.service.MarketDataService - [ALGO] BID: price:43 quantity:1072
13:00:19.331 [main] DEBUG c.service.MarketDataService - [ALGO] ASK: price:98 quantity:501
13:00:19.331 [main] DEBUG c.service.MarketDataService - [ALGO] ASK: price:101 quantity:200
13:00:19.331 [main] DEBUG c.service.MarketDataService - [ALGO] ASK: price:110 quantity:5000
13:00:19.331 [main] DEBUG c.service.MarketDataService - [ALGO] ASK: price:119 quantity:5600
13:00:19.331 [main] DEBUG c.service.MarketDataService - [ALGO] ASK: price:123 quantity:453
13:00:19.331 [main] DEBUG c.service.MarketDataService - [ALGO] ASK: price:144 quantity:645
13:00:19.331 [main] DEBUG c.service.MarketDataService - [ALGO] ASK: price:167 quantity:665
13:00:19.331 [main] INFO  c.gettingstarted.MyAlgoLogic - [MYALGO] The state of the order book is:
|----BID-----||----ASK----|
   1072 @ 43    501 @ 98
          -    200 @ 101
          -   5000 @ 110
          -   5600 @ 119
          -    453 @ 123
          -    645 @ 144
          -    665 @ 167
|------------||-----------|

13:00:19.331 [main] INFO  c.gettingstarted.MyAlgoLogic - [MYALGO] Algo Sees Book as: 
|----BID-----||----ASK----|
   1072 @ 43    501 @ 98
          -    200 @ 101
          -   5000 @ 110
          -   5600 @ 119
          -    453 @ 123
          -    645 @ 144
          -    665 @ 167
|------------||-----------|

13:00:19.331 [main] INFO  c.gettingstarted.TimedLogic - [TIMEDLOGIC] Market is open
13:00:19.331 [main] INFO  c.gettingstarted.MyAlgoLogic - [MYALGO] Aftr buy orders3
13:00:19.331 [main] INFO  c.gettingstarted.MyAlgoLogic - [MYALGO] After Buy total orders3
13:00:19.331 [main] INFO  c.container.Actioner - [ALGO] Actioner, sending action:CreateChildOrder(side=BUY,quantity=1072,price=43)
13:00:19.331 [main] INFO  c.sequencer.consumer.LoggingConsumer - [8] [CreateOrder](sbeTemplateId=4|sbeSchemaId=2|sbeSchemaVersion=0|sbeBlockLength=33):instrumentId=0|price=43|quantity=1072|side=BUY|orderId=5
13:00:19.331 [main] INFO  c.orderbook.OrderBook - [ORDERBOOK] Adding passive limit order to BID bookLimit(side=BUY,orderId=5,price=43,quantity=1072)
13:00:19.331 [main] INFO  c.o.visitor.MutatingAddOrderVisitor - [ORDERBOOK] + Limit(side=BUY,orderId=4,price=43,quantity=536)
13:00:19.331 [main] DEBUG c.o.v.ReadOnlyMarketDataChannelPublishVisitor - Bid Side Size: 1
13:00:19.331 [main] DEBUG c.o.v.ReadOnlyMarketDataChannelPublishVisitor - Adding Mkt Data Msg BID: Price=43 Qty=2144
13:00:19.331 [main] DEBUG c.o.v.ReadOnlyMarketDataChannelPublishVisitor - Ask Side Size: 7
13:00:19.331 [main] DEBUG c.o.v.ReadOnlyMarketDataChannelPublishVisitor - Adding Mkt Data Msg ASK: Price=98 Qty=501
13:00:19.331 [main] DEBUG c.o.v.ReadOnlyMarketDataChannelPublishVisitor - Adding Mkt Data Msg ASK: Price=101 Qty=200
13:00:19.331 [main] DEBUG c.o.v.ReadOnlyMarketDataChannelPublishVisitor - Adding Mkt Data Msg ASK: Price=110 Qty=5000
13:00:19.331 [main] DEBUG c.o.v.ReadOnlyMarketDataChannelPublishVisitor - Adding Mkt Data Msg ASK: Price=119 Qty=5600
13:00:19.331 [main] DEBUG c.o.v.ReadOnlyMarketDataChannelPublishVisitor - Adding Mkt Data Msg ASK: Price=123 Qty=453
13:00:19.331 [main] DEBUG c.o.v.ReadOnlyMarketDataChannelPublishVisitor - Adding Mkt Data Msg ASK: Price=144 Qty=645
13:00:19.331 [main] DEBUG c.o.v.ReadOnlyMarketDataChannelPublishVisitor - Adding Mkt Data Msg ASK: Price=167 Qty=665
13:00:19.331 [main] INFO  c.o.channel.MarketDataChannel - [ORDERBOOK] Sending market data update...
13:00:19.331 [main] INFO  c.sequencer.consumer.LoggingConsumer - [9] 
|----BID-----|
   2144 @ 43
|----ASK-----|
    501 @ 98
   200 @ 101
  5000 @ 110
  5600 @ 119
   453 @ 123
   645 @ 144
   665 @ 167

13:00:19.331 [main] DEBUG c.service.MarketDataService - [ALGO] BID: price:43 quantity:2144
13:00:19.331 [main] DEBUG c.service.MarketDataService - [ALGO] ASK: price:98 quantity:501
13:00:19.331 [main] DEBUG c.service.MarketDataService - [ALGO] ASK: price:101 quantity:200
13:00:19.331 [main] DEBUG c.service.MarketDataService - [ALGO] ASK: price:110 quantity:5000
13:00:19.331 [main] DEBUG c.service.MarketDataService - [ALGO] ASK: price:119 quantity:5600
13:00:19.331 [main] DEBUG c.service.MarketDataService - [ALGO] ASK: price:123 quantity:453
13:00:19.331 [main] DEBUG c.service.MarketDataService - [ALGO] ASK: price:144 quantity:645
13:00:19.331 [main] DEBUG c.service.MarketDataService - [ALGO] ASK: price:167 quantity:665
13:00:19.331 [main] INFO  c.gettingstarted.MyAlgoLogic - [MYALGO] The state of the order book is:
|----BID-----||----ASK----|
   2144 @ 43    501 @ 98
          -    200 @ 101
          -   5000 @ 110
          -   5600 @ 119
          -    453 @ 123
          -    645 @ 144
          -    665 @ 167
|------------||-----------|

13:00:19.331 [main] INFO  c.gettingstarted.MyAlgoLogic - [MYALGO] Algo Sees Book as: 
|----BID-----||----ASK----|
   2144 @ 43    501 @ 98
          -    200 @ 101
          -   5000 @ 110
          -   5600 @ 119
          -    453 @ 123
          -    645 @ 144
          -    665 @ 167
|------------||-----------|

13:00:19.331 [main] INFO  c.gettingstarted.TimedLogic - [TIMEDLOGIC] Market is open
13:00:19.331 [main] INFO  c.gettingstarted.MyAlgoLogic - [MYALGO] Aftr buy orders4
13:00:19.331 [main] INFO  c.gettingstarted.MyAlgoLogic - [MYALGO] After Buy total orders4
13:00:19.331 [main] INFO  c.container.Actioner - [ALGO] Actioner, sending action:CreateChildOrder(side=BUY,quantity=2144,price=43)
13:00:19.331 [main] INFO  c.sequencer.consumer.LoggingConsumer - [10] [CreateOrder](sbeTemplateId=4|sbeSchemaId=2|sbeSchemaVersion=0|sbeBlockLength=33):instrumentId=0|price=43|quantity=2144|side=BUY|orderId=6
13:00:19.331 [main] INFO  c.orderbook.OrderBook - [ORDERBOOK] Adding passive limit order to BID bookLimit(side=BUY,orderId=6,price=43,quantity=2144)
13:00:19.331 [main] INFO  c.o.visitor.MutatingAddOrderVisitor - [ORDERBOOK] + Limit(side=BUY,orderId=5,price=43,quantity=1072)
13:00:19.331 [main] DEBUG c.o.v.ReadOnlyMarketDataChannelPublishVisitor - Bid Side Size: 1
13:00:19.331 [main] DEBUG c.o.v.ReadOnlyMarketDataChannelPublishVisitor - Adding Mkt Data Msg BID: Price=43 Qty=4288
13:00:19.331 [main] DEBUG c.o.v.ReadOnlyMarketDataChannelPublishVisitor - Ask Side Size: 7
13:00:19.331 [main] DEBUG c.o.v.ReadOnlyMarketDataChannelPublishVisitor - Adding Mkt Data Msg ASK: Price=98 Qty=501
13:00:19.331 [main] DEBUG c.o.v.ReadOnlyMarketDataChannelPublishVisitor - Adding Mkt Data Msg ASK: Price=101 Qty=200
13:00:19.331 [main] DEBUG c.o.v.ReadOnlyMarketDataChannelPublishVisitor - Adding Mkt Data Msg ASK: Price=110 Qty=5000
13:00:19.331 [main] DEBUG c.o.v.ReadOnlyMarketDataChannelPublishVisitor - Adding Mkt Data Msg ASK: Price=119 Qty=5600
13:00:19.331 [main] DEBUG c.o.v.ReadOnlyMarketDataChannelPublishVisitor - Adding Mkt Data Msg ASK: Price=123 Qty=453
13:00:19.331 [main] DEBUG c.o.v.ReadOnlyMarketDataChannelPublishVisitor - Adding Mkt Data Msg ASK: Price=144 Qty=645
13:00:19.331 [main] DEBUG c.o.v.ReadOnlyMarketDataChannelPublishVisitor - Adding Mkt Data Msg ASK: Price=167 Qty=665
13:00:19.331 [main] INFO  c.o.channel.MarketDataChannel - [ORDERBOOK] Sending market data update...
13:00:19.331 [main] INFO  c.sequencer.consumer.LoggingConsumer - [11] 
|----BID-----|
   4288 @ 43
|----ASK-----|
    501 @ 98
   200 @ 101
  5000 @ 110
  5600 @ 119
   453 @ 123
   645 @ 144
   665 @ 167

13:00:19.331 [main] DEBUG c.service.MarketDataService - [ALGO] BID: price:43 quantity:4288
13:00:19.331 [main] DEBUG c.service.MarketDataService - [ALGO] ASK: price:98 quantity:501
13:00:19.331 [main] DEBUG c.service.MarketDataService - [ALGO] ASK: price:101 quantity:200
13:00:19.331 [main] DEBUG c.service.MarketDataService - [ALGO] ASK: price:110 quantity:5000
13:00:19.331 [main] DEBUG c.service.MarketDataService - [ALGO] ASK: price:119 quantity:5600
13:00:19.331 [main] DEBUG c.service.MarketDataService - [ALGO] ASK: price:123 quantity:453
13:00:19.331 [main] DEBUG c.service.MarketDataService - [ALGO] ASK: price:144 quantity:645
13:00:19.331 [main] DEBUG c.service.MarketDataService - [ALGO] ASK: price:167 quantity:665
13:00:19.331 [main] INFO  c.gettingstarted.MyAlgoLogic - [MYALGO] The state of the order book is:
|----BID-----||----ASK----|
   4288 @ 43    501 @ 98
          -    200 @ 101
          -   5000 @ 110
          -   5600 @ 119
          -    453 @ 123
          -    645 @ 144
          -    665 @ 167
|------------||-----------|

13:00:19.331 [main] INFO  c.gettingstarted.MyAlgoLogic - [MYALGO] Algo Sees Book as: 
|----BID-----||----ASK----|
   4288 @ 43    501 @ 98
          -    200 @ 101
          -   5000 @ 110
          -   5600 @ 119
          -    453 @ 123
          -    645 @ 144
          -    665 @ 167
|------------||-----------|

13:00:19.331 [main] INFO  c.gettingstarted.TimedLogic - [TIMEDLOGIC] Market is open
13:00:19.331 [main] INFO  c.gettingstarted.MyAlgoLogic - [MYALGO] Aftr buy orders5
13:00:19.331 [main] INFO  c.gettingstarted.MyAlgoLogic - [MYALGO] After Buy total orders5
13:00:19.331 [main] INFO  c.container.Actioner - [ALGO] Actioner, sending action:CreateChildOrder(side=BUY,quantity=4288,price=43)
13:00:19.331 [main] INFO  c.sequencer.consumer.LoggingConsumer - [12] [CreateOrder](sbeTemplateId=4|sbeSchemaId=2|sbeSchemaVersion=0|sbeBlockLength=33):instrumentId=0|price=43|quantity=4288|side=BUY|orderId=7
13:00:19.331 [main] INFO  c.orderbook.OrderBook - [ORDERBOOK] Adding passive limit order to BID bookLimit(side=BUY,orderId=7,price=43,quantity=4288)
13:00:19.331 [main] INFO  c.o.visitor.MutatingAddOrderVisitor - [ORDERBOOK] + Limit(side=BUY,orderId=6,price=43,quantity=2144)
13:00:19.331 [main] DEBUG c.o.v.ReadOnlyMarketDataChannelPublishVisitor - Bid Side Size: 1
13:00:19.331 [main] DEBUG c.o.v.ReadOnlyMarketDataChannelPublishVisitor - Adding Mkt Data Msg BID: Price=43 Qty=8576
13:00:19.331 [main] DEBUG c.o.v.ReadOnlyMarketDataChannelPublishVisitor - Ask Side Size: 7
13:00:19.331 [main] DEBUG c.o.v.ReadOnlyMarketDataChannelPublishVisitor - Adding Mkt Data Msg ASK: Price=98 Qty=501
13:00:19.331 [main] DEBUG c.o.v.ReadOnlyMarketDataChannelPublishVisitor - Adding Mkt Data Msg ASK: Price=101 Qty=200
13:00:19.331 [main] DEBUG c.o.v.ReadOnlyMarketDataChannelPublishVisitor - Adding Mkt Data Msg ASK: Price=110 Qty=5000
13:00:19.331 [main] DEBUG c.o.v.ReadOnlyMarketDataChannelPublishVisitor - Adding Mkt Data Msg ASK: Price=119 Qty=5600
13:00:19.331 [main] DEBUG c.o.v.ReadOnlyMarketDataChannelPublishVisitor - Adding Mkt Data Msg ASK: Price=123 Qty=453
13:00:19.331 [main] DEBUG c.o.v.ReadOnlyMarketDataChannelPublishVisitor - Adding Mkt Data Msg ASK: Price=144 Qty=645
13:00:19.331 [main] DEBUG c.o.v.ReadOnlyMarketDataChannelPublishVisitor - Adding Mkt Data Msg ASK: Price=167 Qty=665
13:00:19.331 [main] INFO  c.o.channel.MarketDataChannel - [ORDERBOOK] Sending market data update...
13:00:19.331 [main] INFO  c.sequencer.consumer.LoggingConsumer - [13] 
|----BID-----|
   8576 @ 43
|----ASK-----|
    501 @ 98
   200 @ 101
  5000 @ 110
  5600 @ 119
   453 @ 123
   645 @ 144
   665 @ 167

13:00:19.331 [main] DEBUG c.service.MarketDataService - [ALGO] BID: price:43 quantity:8576
13:00:19.331 [main] DEBUG c.service.MarketDataService - [ALGO] ASK: price:98 quantity:501
13:00:19.331 [main] DEBUG c.service.MarketDataService - [ALGO] ASK: price:101 quantity:200
13:00:19.331 [main] DEBUG c.service.MarketDataService - [ALGO] ASK: price:110 quantity:5000
13:00:19.331 [main] DEBUG c.service.MarketDataService - [ALGO] ASK: price:119 quantity:5600
13:00:19.331 [main] DEBUG c.service.MarketDataService - [ALGO] ASK: price:123 quantity:453
13:00:19.331 [main] DEBUG c.service.MarketDataService - [ALGO] ASK: price:144 quantity:645
13:00:19.331 [main] DEBUG c.service.MarketDataService - [ALGO] ASK: price:167 quantity:665
13:00:19.331 [main] INFO  c.gettingstarted.MyAlgoLogic - [MYALGO] The state of the order book is:
|----BID-----||----ASK----|
   8576 @ 43    501 @ 98
          -    200 @ 101
          -   5000 @ 110
          -   5600 @ 119
          -    453 @ 123
          -    645 @ 144
          -    665 @ 167
|------------||-----------|

13:00:19.331 [main] INFO  c.gettingstarted.MyAlgoLogic - [MYALGO] Algo Sees Book as: 
|----BID-----||----ASK----|
   8576 @ 43    501 @ 98
          -    200 @ 101
          -   5000 @ 110
          -   5600 @ 119
          -    453 @ 123
          -    645 @ 144
          -    665 @ 167
|------------||-----------|

13:00:19.331 [main] INFO  c.gettingstarted.TimedLogic - [TIMEDLOGIC] Market is open
13:00:19.331 [main] INFO  c.gettingstarted.MyAlgoLogic - [MYALGO] Aftr buy orders6
13:00:19.331 [main] INFO  c.gettingstarted.MyAlgoLogic - [MYALGO] After Buy total orders6
13:00:19.331 [main] INFO  c.container.Actioner - [ALGO] Actioner, sending action:CreateChildOrder(side=BUY,quantity=8576,price=43)
13:00:19.347 [main] INFO  c.sequencer.consumer.LoggingConsumer - [14] [CreateOrder](sbeTemplateId=4|sbeSchemaId=2|sbeSchemaVersion=0|sbeBlockLength=33):instrumentId=0|price=43|quantity=8576|side=BUY|orderId=8
13:00:19.347 [main] INFO  c.orderbook.OrderBook - [ORDERBOOK] Adding passive limit order to BID bookLimit(side=BUY,orderId=8,price=43,quantity=8576)
13:00:19.347 [main] INFO  c.o.visitor.MutatingAddOrderVisitor - [ORDERBOOK] + Limit(side=BUY,orderId=7,price=43,quantity=4288)
13:00:19.347 [main] DEBUG c.o.v.ReadOnlyMarketDataChannelPublishVisitor - Bid Side Size: 1
13:00:19.347 [main] DEBUG c.o.v.ReadOnlyMarketDataChannelPublishVisitor - Adding Mkt Data Msg BID: Price=43 Qty=17152
13:00:19.347 [main] DEBUG c.o.v.ReadOnlyMarketDataChannelPublishVisitor - Ask Side Size: 7
13:00:19.347 [main] DEBUG c.o.v.ReadOnlyMarketDataChannelPublishVisitor - Adding Mkt Data Msg ASK: Price=98 Qty=501
13:00:19.347 [main] DEBUG c.o.v.ReadOnlyMarketDataChannelPublishVisitor - Adding Mkt Data Msg ASK: Price=101 Qty=200
13:00:19.347 [main] DEBUG c.o.v.ReadOnlyMarketDataChannelPublishVisitor - Adding Mkt Data Msg ASK: Price=110 Qty=5000
13:00:19.347 [main] DEBUG c.o.v.ReadOnlyMarketDataChannelPublishVisitor - Adding Mkt Data Msg ASK: Price=119 Qty=5600
13:00:19.347 [main] DEBUG c.o.v.ReadOnlyMarketDataChannelPublishVisitor - Adding Mkt Data Msg ASK: Price=123 Qty=453
13:00:19.347 [main] DEBUG c.o.v.ReadOnlyMarketDataChannelPublishVisitor - Adding Mkt Data Msg ASK: Price=144 Qty=645
13:00:19.347 [main] DEBUG c.o.v.ReadOnlyMarketDataChannelPublishVisitor - Adding Mkt Data Msg ASK: Price=167 Qty=665
13:00:19.347 [main] INFO  c.o.channel.MarketDataChannel - [ORDERBOOK] Sending market data update...
13:00:19.347 [main] INFO  c.sequencer.consumer.LoggingConsumer - [15] 
|----BID-----|
  17152 @ 43
|----ASK-----|
    501 @ 98
   200 @ 101
  5000 @ 110
  5600 @ 119
   453 @ 123
   645 @ 144
   665 @ 167

13:00:19.347 [main] DEBUG c.service.MarketDataService - [ALGO] BID: price:43 quantity:17152
13:00:19.347 [main] DEBUG c.service.MarketDataService - [ALGO] ASK: price:98 quantity:501
13:00:19.347 [main] DEBUG c.service.MarketDataService - [ALGO] ASK: price:101 quantity:200
13:00:19.347 [main] DEBUG c.service.MarketDataService - [ALGO] ASK: price:110 quantity:5000
13:00:19.347 [main] DEBUG c.service.MarketDataService - [ALGO] ASK: price:119 quantity:5600
13:00:19.347 [main] DEBUG c.service.MarketDataService - [ALGO] ASK: price:123 quantity:453
13:00:19.347 [main] DEBUG c.service.MarketDataService - [ALGO] ASK: price:144 quantity:645
13:00:19.347 [main] DEBUG c.service.MarketDataService - [ALGO] ASK: price:167 quantity:665
13:00:19.347 [main] INFO  c.gettingstarted.MyAlgoLogic - [MYALGO] The state of the order book is:
|----BID-----||----ASK----|
  17152 @ 43    501 @ 98
          -    200 @ 101
          -   5000 @ 110
          -   5600 @ 119
          -    453 @ 123
          -    645 @ 144
          -    665 @ 167
|------------||-----------|

13:00:19.347 [main] INFO  c.gettingstarted.MyAlgoLogic - [MYALGO] Algo Sees Book as: 
|----BID-----||----ASK----|
  17152 @ 43    501 @ 98
          -    200 @ 101
          -   5000 @ 110
          -   5600 @ 119
          -    453 @ 123
          -    645 @ 144
          -    665 @ 167
|------------||-----------|

13:00:19.347 [main] INFO  c.gettingstarted.TimedLogic - [TIMEDLOGIC] Market is open
13:00:19.347 [main] INFO  c.gettingstarted.MyAlgoLogic - [MYALGO] Aftr buy orders7
13:00:19.347 [main] INFO  c.gettingstarted.MyAlgoLogic - [MYALGO] After Buy total orders7
13:00:19.347 [main] INFO  c.container.Actioner - [ALGO] Actioner, sending action:CreateChildOrder(side=BUY,quantity=17152,price=43)
13:00:19.347 [main] INFO  c.sequencer.consumer.LoggingConsumer - [16] [CreateOrder](sbeTemplateId=4|sbeSchemaId=2|sbeSchemaVersion=0|sbeBlockLength=33):instrumentId=0|price=43|quantity=17152|side=BUY|orderId=9
13:00:19.347 [main] INFO  c.orderbook.OrderBook - [ORDERBOOK] Adding passive limit order to BID bookLimit(side=BUY,orderId=9,price=43,quantity=17152)
13:00:19.347 [main] INFO  c.o.visitor.MutatingAddOrderVisitor - [ORDERBOOK] + Limit(side=BUY,orderId=8,price=43,quantity=8576)
13:00:19.347 [main] DEBUG c.o.v.ReadOnlyMarketDataChannelPublishVisitor - Bid Side Size: 1
13:00:19.347 [main] DEBUG c.o.v.ReadOnlyMarketDataChannelPublishVisitor - Adding Mkt Data Msg BID: Price=43 Qty=34304
13:00:19.347 [main] DEBUG c.o.v.ReadOnlyMarketDataChannelPublishVisitor - Ask Side Size: 7
13:00:19.347 [main] DEBUG c.o.v.ReadOnlyMarketDataChannelPublishVisitor - Adding Mkt Data Msg ASK: Price=98 Qty=501
13:00:19.347 [main] DEBUG c.o.v.ReadOnlyMarketDataChannelPublishVisitor - Adding Mkt Data Msg ASK: Price=101 Qty=200
13:00:19.347 [main] DEBUG c.o.v.ReadOnlyMarketDataChannelPublishVisitor - Adding Mkt Data Msg ASK: Price=110 Qty=5000
13:00:19.347 [main] DEBUG c.o.v.ReadOnlyMarketDataChannelPublishVisitor - Adding Mkt Data Msg ASK: Price=119 Qty=5600
13:00:19.347 [main] DEBUG c.o.v.ReadOnlyMarketDataChannelPublishVisitor - Adding Mkt Data Msg ASK: Price=123 Qty=453
13:00:19.347 [main] DEBUG c.o.v.ReadOnlyMarketDataChannelPublishVisitor - Adding Mkt Data Msg ASK: Price=144 Qty=645
13:00:19.347 [main] DEBUG c.o.v.ReadOnlyMarketDataChannelPublishVisitor - Adding Mkt Data Msg ASK: Price=167 Qty=665
13:00:19.347 [main] INFO  c.o.channel.MarketDataChannel - [ORDERBOOK] Sending market data update...
13:00:19.347 [main] INFO  c.sequencer.consumer.LoggingConsumer - [17] 
|----BID-----|
  34304 @ 43
|----ASK-----|
    501 @ 98
   200 @ 101
  5000 @ 110
  5600 @ 119
   453 @ 123
   645 @ 144
   665 @ 167

13:00:19.347 [main] DEBUG c.service.MarketDataService - [ALGO] BID: price:43 quantity:34304
13:00:19.347 [main] DEBUG c.service.MarketDataService - [ALGO] ASK: price:98 quantity:501
13:00:19.347 [main] DEBUG c.service.MarketDataService - [ALGO] ASK: price:101 quantity:200
13:00:19.347 [main] DEBUG c.service.MarketDataService - [ALGO] ASK: price:110 quantity:5000
13:00:19.347 [main] DEBUG c.service.MarketDataService - [ALGO] ASK: price:119 quantity:5600
13:00:19.347 [main] DEBUG c.service.MarketDataService - [ALGO] ASK: price:123 quantity:453
13:00:19.347 [main] DEBUG c.service.MarketDataService - [ALGO] ASK: price:144 quantity:645
13:00:19.347 [main] DEBUG c.service.MarketDataService - [ALGO] ASK: price:167 quantity:665
13:00:19.347 [main] INFO  c.gettingstarted.MyAlgoLogic - [MYALGO] The state of the order book is:
|----BID-----||----ASK----|
  34304 @ 43    501 @ 98
          -    200 @ 101
          -   5000 @ 110
          -   5600 @ 119
          -    453 @ 123
          -    645 @ 144
          -    665 @ 167
|------------||-----------|

13:00:19.363 [main] INFO  c.gettingstarted.MyAlgoLogic - [MYALGO] Algo Sees Book as: 
|----BID-----||----ASK----|
  34304 @ 43    501 @ 98
          -    200 @ 101
          -   5000 @ 110
          -   5600 @ 119
          -    453 @ 123
          -    645 @ 144
          -    665 @ 167
|------------||-----------|

13:00:19.363 [main] INFO  c.gettingstarted.TimedLogic - [TIMEDLOGIC] Market is open
13:00:19.363 [main] INFO  c.gettingstarted.MyAlgoLogic - [MYALGO] Aftr buy orders8
13:00:19.363 [main] INFO  c.gettingstarted.MyAlgoLogic - [MYALGO] After Buy total orders8
13:00:19.363 [main] INFO  c.container.Actioner - [ALGO] Actioner, sending action:CreateChildOrder(side=BUY,quantity=34304,price=43)
13:00:19.363 [main] INFO  c.sequencer.consumer.LoggingConsumer - [18] [CreateOrder](sbeTemplateId=4|sbeSchemaId=2|sbeSchemaVersion=0|sbeBlockLength=33):instrumentId=0|price=43|quantity=34304|side=BUY|orderId=10
13:00:19.363 [main] INFO  c.orderbook.OrderBook - [ORDERBOOK] Adding passive limit order to BID bookLimit(side=BUY,orderId=10,price=43,quantity=34304)
13:00:19.363 [main] INFO  c.o.visitor.MutatingAddOrderVisitor - [ORDERBOOK] + Limit(side=BUY,orderId=9,price=43,quantity=17152)
13:00:19.363 [main] DEBUG c.o.v.ReadOnlyMarketDataChannelPublishVisitor - Bid Side Size: 1
13:00:19.363 [main] DEBUG c.o.v.ReadOnlyMarketDataChannelPublishVisitor - Adding Mkt Data Msg BID: Price=43 Qty=68608
13:00:19.363 [main] DEBUG c.o.v.ReadOnlyMarketDataChannelPublishVisitor - Ask Side Size: 7
13:00:19.363 [main] DEBUG c.o.v.ReadOnlyMarketDataChannelPublishVisitor - Adding Mkt Data Msg ASK: Price=98 Qty=501
13:00:19.363 [main] DEBUG c.o.v.ReadOnlyMarketDataChannelPublishVisitor - Adding Mkt Data Msg ASK: Price=101 Qty=200
13:00:19.363 [main] DEBUG c.o.v.ReadOnlyMarketDataChannelPublishVisitor - Adding Mkt Data Msg ASK: Price=110 Qty=5000
13:00:19.363 [main] DEBUG c.o.v.ReadOnlyMarketDataChannelPublishVisitor - Adding Mkt Data Msg ASK: Price=119 Qty=5600
13:00:19.363 [main] DEBUG c.o.v.ReadOnlyMarketDataChannelPublishVisitor - Adding Mkt Data Msg ASK: Price=123 Qty=453
13:00:19.363 [main] DEBUG c.o.v.ReadOnlyMarketDataChannelPublishVisitor - Adding Mkt Data Msg ASK: Price=144 Qty=645
13:00:19.363 [main] DEBUG c.o.v.ReadOnlyMarketDataChannelPublishVisitor - Adding Mkt Data Msg ASK: Price=167 Qty=665
13:00:19.363 [main] INFO  c.o.channel.MarketDataChannel - [ORDERBOOK] Sending market data update...
13:00:19.363 [main] INFO  c.sequencer.consumer.LoggingConsumer - [19] 
|----BID-----|
  68608 @ 43
|----ASK-----|
    501 @ 98
   200 @ 101
  5000 @ 110
  5600 @ 119
   453 @ 123
   645 @ 144
   665 @ 167

13:00:19.363 [main] DEBUG c.service.MarketDataService - [ALGO] BID: price:43 quantity:68608
13:00:19.363 [main] DEBUG c.service.MarketDataService - [ALGO] ASK: price:98 quantity:501
13:00:19.363 [main] DEBUG c.service.MarketDataService - [ALGO] ASK: price:101 quantity:200
13:00:19.363 [main] DEBUG c.service.MarketDataService - [ALGO] ASK: price:110 quantity:5000
13:00:19.363 [main] DEBUG c.service.MarketDataService - [ALGO] ASK: price:119 quantity:5600
13:00:19.363 [main] DEBUG c.service.MarketDataService - [ALGO] ASK: price:123 quantity:453
13:00:19.363 [main] DEBUG c.service.MarketDataService - [ALGO] ASK: price:144 quantity:645
13:00:19.363 [main] DEBUG c.service.MarketDataService - [ALGO] ASK: price:167 quantity:665
13:00:19.363 [main] INFO  c.gettingstarted.MyAlgoLogic - [MYALGO] The state of the order book is:
|----BID-----||----ASK----|
  68608 @ 43    501 @ 98
          -    200 @ 101
          -   5000 @ 110
          -   5600 @ 119
          -    453 @ 123
          -    645 @ 144
          -    665 @ 167
|------------||-----------|

13:00:19.363 [main] INFO  c.gettingstarted.MyAlgoLogic - [MYALGO] Algo Sees Book as: 
|----BID-----||----ASK----|
  68608 @ 43    501 @ 98
          -    200 @ 101
          -   5000 @ 110
          -   5600 @ 119
          -    453 @ 123
          -    645 @ 144
          -    665 @ 167
|------------||-----------|

13:00:19.363 [main] INFO  c.gettingstarted.TimedLogic - [TIMEDLOGIC] Market is open
13:00:19.363 [main] INFO  c.gettingstarted.MyAlgoLogic - [MYALGO] Aftr buy orders9
13:00:19.363 [main] INFO  c.gettingstarted.MyAlgoLogic - [MYALGO] After Buy total orders9
13:00:19.363 [main] INFO  c.container.Actioner - [ALGO] Actioner, sending action:CreateChildOrder(side=BUY,quantity=68608,price=43)
13:00:19.363 [main] INFO  c.sequencer.consumer.LoggingConsumer - [20] [CreateOrder](sbeTemplateId=4|sbeSchemaId=2|sbeSchemaVersion=0|sbeBlockLength=33):instrumentId=0|price=43|quantity=68608|side=BUY|orderId=11
13:00:19.363 [main] INFO  c.orderbook.OrderBook - [ORDERBOOK] Adding passive limit order to BID bookLimit(side=BUY,orderId=11,price=43,quantity=68608)
13:00:19.363 [main] INFO  c.o.visitor.MutatingAddOrderVisitor - [ORDERBOOK] + Limit(side=BUY,orderId=10,price=43,quantity=34304)
13:00:19.363 [main] DEBUG c.o.v.ReadOnlyMarketDataChannelPublishVisitor - Bid Side Size: 1
13:00:19.363 [main] DEBUG c.o.v.ReadOnlyMarketDataChannelPublishVisitor - Adding Mkt Data Msg BID: Price=43 Qty=137216
13:00:19.363 [main] DEBUG c.o.v.ReadOnlyMarketDataChannelPublishVisitor - Ask Side Size: 7
13:00:19.363 [main] DEBUG c.o.v.ReadOnlyMarketDataChannelPublishVisitor - Adding Mkt Data Msg ASK: Price=98 Qty=501
13:00:19.363 [main] DEBUG c.o.v.ReadOnlyMarketDataChannelPublishVisitor - Adding Mkt Data Msg ASK: Price=101 Qty=200
13:00:19.363 [main] DEBUG c.o.v.ReadOnlyMarketDataChannelPublishVisitor - Adding Mkt Data Msg ASK: Price=110 Qty=5000
13:00:19.363 [main] DEBUG c.o.v.ReadOnlyMarketDataChannelPublishVisitor - Adding Mkt Data Msg ASK: Price=119 Qty=5600
13:00:19.363 [main] DEBUG c.o.v.ReadOnlyMarketDataChannelPublishVisitor - Adding Mkt Data Msg ASK: Price=123 Qty=453
13:00:19.363 [main] DEBUG c.o.v.ReadOnlyMarketDataChannelPublishVisitor - Adding Mkt Data Msg ASK: Price=144 Qty=645
13:00:19.363 [main] DEBUG c.o.v.ReadOnlyMarketDataChannelPublishVisitor - Adding Mkt Data Msg ASK: Price=167 Qty=665
13:00:19.363 [main] INFO  c.o.channel.MarketDataChannel - [ORDERBOOK] Sending market data update...
13:00:19.363 [main] INFO  c.sequencer.consumer.LoggingConsumer - [21] 
|----BID-----|
 137216 @ 43
|----ASK-----|
    501 @ 98
   200 @ 101
  5000 @ 110
  5600 @ 119
   453 @ 123
   645 @ 144
   665 @ 167

13:00:19.363 [main] DEBUG c.service.MarketDataService - [ALGO] BID: price:43 quantity:137216
13:00:19.363 [main] DEBUG c.service.MarketDataService - [ALGO] ASK: price:98 quantity:501
13:00:19.363 [main] DEBUG c.service.MarketDataService - [ALGO] ASK: price:101 quantity:200
13:00:19.363 [main] DEBUG c.service.MarketDataService - [ALGO] ASK: price:110 quantity:5000
13:00:19.363 [main] DEBUG c.service.MarketDataService - [ALGO] ASK: price:119 quantity:5600
13:00:19.363 [main] DEBUG c.service.MarketDataService - [ALGO] ASK: price:123 quantity:453
13:00:19.363 [main] DEBUG c.service.MarketDataService - [ALGO] ASK: price:144 quantity:645
13:00:19.363 [main] DEBUG c.service.MarketDataService - [ALGO] ASK: price:167 quantity:665
13:00:19.363 [main] INFO  c.gettingstarted.MyAlgoLogic - [MYALGO] The state of the order book is:
|----BID-----||----ASK----|
 137216 @ 43    501 @ 98
          -    200 @ 101
          -   5000 @ 110
          -   5600 @ 119
          -    453 @ 123
          -    645 @ 144
          -    665 @ 167
|------------||-----------|

13:00:19.363 [main] INFO  c.gettingstarted.MyAlgoLogic - [MYALGO] Algo Sees Book as: 
|----BID-----||----ASK----|
 137216 @ 43    501 @ 98
          -    200 @ 101
          -   5000 @ 110
          -   5600 @ 119
          -    453 @ 123
          -    645 @ 144
          -    665 @ 167
|------------||-----------|

13:00:19.363 [main] INFO  c.gettingstarted.TimedLogic - [TIMEDLOGIC] Market is open
13:00:19.363 [main] INFO  c.gettingstarted.MyAlgoLogic - [MYALGO] Aftr buy orders10
13:00:19.363 [main] INFO  c.gettingstarted.MyAlgoLogic - [MYALGO] After Buy total orders10
13:00:19.363 [main] INFO  c.container.Actioner - [ALGO] Actioner, sending action:CreateChildOrder(side=BUY,quantity=137216,price=43)
13:00:19.363 [main] INFO  c.sequencer.consumer.LoggingConsumer - [22] [CreateOrder](sbeTemplateId=4|sbeSchemaId=2|sbeSchemaVersion=0|sbeBlockLength=33):instrumentId=0|price=43|quantity=137216|side=BUY|orderId=12
13:00:19.363 [main] INFO  c.orderbook.OrderBook - [ORDERBOOK] Adding passive limit order to BID bookLimit(side=BUY,orderId=12,price=43,quantity=137216)
13:00:19.363 [main] INFO  c.o.visitor.MutatingAddOrderVisitor - [ORDERBOOK] + Limit(side=BUY,orderId=11,price=43,quantity=68608)
13:00:19.363 [main] DEBUG c.o.v.ReadOnlyMarketDataChannelPublishVisitor - Bid Side Size: 1
13:00:19.363 [main] DEBUG c.o.v.ReadOnlyMarketDataChannelPublishVisitor - Adding Mkt Data Msg BID: Price=43 Qty=274432
13:00:19.363 [main] DEBUG c.o.v.ReadOnlyMarketDataChannelPublishVisitor - Ask Side Size: 7
13:00:19.363 [main] DEBUG c.o.v.ReadOnlyMarketDataChannelPublishVisitor - Adding Mkt Data Msg ASK: Price=98 Qty=501
13:00:19.363 [main] DEBUG c.o.v.ReadOnlyMarketDataChannelPublishVisitor - Adding Mkt Data Msg ASK: Price=101 Qty=200
13:00:19.363 [main] DEBUG c.o.v.ReadOnlyMarketDataChannelPublishVisitor - Adding Mkt Data Msg ASK: Price=110 Qty=5000
13:00:19.363 [main] DEBUG c.o.v.ReadOnlyMarketDataChannelPublishVisitor - Adding Mkt Data Msg ASK: Price=119 Qty=5600
13:00:19.363 [main] DEBUG c.o.v.ReadOnlyMarketDataChannelPublishVisitor - Adding Mkt Data Msg ASK: Price=123 Qty=453
13:00:19.363 [main] DEBUG c.o.v.ReadOnlyMarketDataChannelPublishVisitor - Adding Mkt Data Msg ASK: Price=144 Qty=645
13:00:19.363 [main] DEBUG c.o.v.ReadOnlyMarketDataChannelPublishVisitor - Adding Mkt Data Msg ASK: Price=167 Qty=665
13:00:19.363 [main] INFO  c.o.channel.MarketDataChannel - [ORDERBOOK] Sending market data update...
13:00:19.363 [main] INFO  c.sequencer.consumer.LoggingConsumer - [23] 
|----BID-----|
 274432 @ 43
|----ASK-----|
    501 @ 98
   200 @ 101
  5000 @ 110
  5600 @ 119
   453 @ 123
   645 @ 144
   665 @ 167

13:00:19.363 [main] DEBUG c.service.MarketDataService - [ALGO] BID: price:43 quantity:274432
13:00:19.363 [main] DEBUG c.service.MarketDataService - [ALGO] ASK: price:98 quantity:501
13:00:19.363 [main] DEBUG c.service.MarketDataService - [ALGO] ASK: price:101 quantity:200
13:00:19.363 [main] DEBUG c.service.MarketDataService - [ALGO] ASK: price:110 quantity:5000
13:00:19.363 [main] DEBUG c.service.MarketDataService - [ALGO] ASK: price:119 quantity:5600
13:00:19.363 [main] DEBUG c.service.MarketDataService - [ALGO] ASK: price:123 quantity:453
13:00:19.363 [main] DEBUG c.service.MarketDataService - [ALGO] ASK: price:144 quantity:645
13:00:19.363 [main] DEBUG c.service.MarketDataService - [ALGO] ASK: price:167 quantity:665
13:00:19.363 [main] INFO  c.gettingstarted.MyAlgoLogic - [MYALGO] The state of the order book is:
|----BID-----||----ASK----|
 274432 @ 43    501 @ 98
          -    200 @ 101
          -   5000 @ 110
          -   5600 @ 119
          -    453 @ 123
          -    645 @ 144
          -    665 @ 167
|------------||-----------|

13:00:19.363 [main] INFO  c.gettingstarted.MyAlgoLogic - [MYALGO] Algo Sees Book as: 
|----BID-----||----ASK----|
 274432 @ 43    501 @ 98
          -    200 @ 101
          -   5000 @ 110
          -   5600 @ 119
          -    453 @ 123
          -    645 @ 144
          -    665 @ 167
|------------||-----------|

13:00:19.363 [main] INFO  c.gettingstarted.TimedLogic - [TIMEDLOGIC] Market is open
13:00:19.363 [main] INFO  c.gettingstarted.MyAlgoLogic - [MYALGO] Aftr buy orders11
13:00:19.363 [main] INFO  c.gettingstarted.MyAlgoLogic - [MYALGO] After Buy total orders11
13:00:19.363 [main] INFO  c.container.Actioner - [ALGO] Actioner, sending action:CreateChildOrder(side=BUY,quantity=274432,price=43)
13:00:19.363 [main] INFO  c.sequencer.consumer.LoggingConsumer - [24] [CreateOrder](sbeTemplateId=4|sbeSchemaId=2|sbeSchemaVersion=0|sbeBlockLength=33):instrumentId=0|price=43|quantity=274432|side=BUY|orderId=13
13:00:19.363 [main] INFO  c.orderbook.OrderBook - [ORDERBOOK] Adding passive limit order to BID bookLimit(side=BUY,orderId=13,price=43,quantity=274432)
13:00:19.363 [main] INFO  c.o.visitor.MutatingAddOrderVisitor - [ORDERBOOK] + Limit(side=BUY,orderId=12,price=43,quantity=137216)
13:00:19.363 [main] DEBUG c.o.v.ReadOnlyMarketDataChannelPublishVisitor - Bid Side Size: 1
13:00:19.363 [main] DEBUG c.o.v.ReadOnlyMarketDataChannelPublishVisitor - Adding Mkt Data Msg BID: Price=43 Qty=548864
13:00:19.363 [main] DEBUG c.o.v.ReadOnlyMarketDataChannelPublishVisitor - Ask Side Size: 7
13:00:19.363 [main] DEBUG c.o.v.ReadOnlyMarketDataChannelPublishVisitor - Adding Mkt Data Msg ASK: Price=98 Qty=501
13:00:19.363 [main] DEBUG c.o.v.ReadOnlyMarketDataChannelPublishVisitor - Adding Mkt Data Msg ASK: Price=101 Qty=200
13:00:19.363 [main] DEBUG c.o.v.ReadOnlyMarketDataChannelPublishVisitor - Adding Mkt Data Msg ASK: Price=110 Qty=5000
13:00:19.363 [main] DEBUG c.o.v.ReadOnlyMarketDataChannelPublishVisitor - Adding Mkt Data Msg ASK: Price=119 Qty=5600
13:00:19.363 [main] DEBUG c.o.v.ReadOnlyMarketDataChannelPublishVisitor - Adding Mkt Data Msg ASK: Price=123 Qty=453
13:00:19.363 [main] DEBUG c.o.v.ReadOnlyMarketDataChannelPublishVisitor - Adding Mkt Data Msg ASK: Price=144 Qty=645
13:00:19.363 [main] DEBUG c.o.v.ReadOnlyMarketDataChannelPublishVisitor - Adding Mkt Data Msg ASK: Price=167 Qty=665
13:00:19.363 [main] INFO  c.o.channel.MarketDataChannel - [ORDERBOOK] Sending market data update...
13:00:19.363 [main] INFO  c.sequencer.consumer.LoggingConsumer - [25] 
|----BID-----|
 548864 @ 43
|----ASK-----|
    501 @ 98
   200 @ 101
  5000 @ 110
  5600 @ 119
   453 @ 123
   645 @ 144
   665 @ 167

13:00:19.363 [main] DEBUG c.service.MarketDataService - [ALGO] BID: price:43 quantity:548864
13:00:19.363 [main] DEBUG c.service.MarketDataService - [ALGO] ASK: price:98 quantity:501
13:00:19.363 [main] DEBUG c.service.MarketDataService - [ALGO] ASK: price:101 quantity:200
13:00:19.363 [main] DEBUG c.service.MarketDataService - [ALGO] ASK: price:110 quantity:5000
13:00:19.363 [main] DEBUG c.service.MarketDataService - [ALGO] ASK: price:119 quantity:5600
13:00:19.363 [main] DEBUG c.service.MarketDataService - [ALGO] ASK: price:123 quantity:453
13:00:19.363 [main] DEBUG c.service.MarketDataService - [ALGO] ASK: price:144 quantity:645
13:00:19.363 [main] DEBUG c.service.MarketDataService - [ALGO] ASK: price:167 quantity:665
13:00:19.363 [main] INFO  c.gettingstarted.MyAlgoLogic - [MYALGO] The state of the order book is:
|----BID-----||----ASK----|
 548864 @ 43    501 @ 98
          -    200 @ 101
          -   5000 @ 110
          -   5600 @ 119
          -    453 @ 123
          -    645 @ 144
          -    665 @ 167
|------------||-----------|

13:00:19.363 [main] INFO  c.gettingstarted.MyAlgoLogic - [MYALGO] Algo Sees Book as: 
|----BID-----||----ASK----|
 548864 @ 43    501 @ 98
          -    200 @ 101
          -   5000 @ 110
          -   5600 @ 119
          -    453 @ 123
          -    645 @ 144
          -    665 @ 167
|------------||-----------|

13:00:19.363 [main] INFO  c.gettingstarted.TimedLogic - [TIMEDLOGIC] Market is open
13:00:19.363 [main] INFO  c.gettingstarted.MyAlgoLogic - [MYALGO] Aftr buy orders12
13:00:19.363 [main] INFO  c.gettingstarted.MyAlgoLogic - [MYALGO] After Buy total orders12
13:00:19.363 [main] INFO  c.container.Actioner - [ALGO] Actioner, sending action:CreateChildOrder(side=BUY,quantity=548864,price=43)
13:00:19.363 [main] INFO  c.sequencer.consumer.LoggingConsumer - [26] [CreateOrder](sbeTemplateId=4|sbeSchemaId=2|sbeSchemaVersion=0|sbeBlockLength=33):instrumentId=0|price=43|quantity=548864|side=BUY|orderId=14
13:00:19.363 [main] INFO  c.orderbook.OrderBook - [ORDERBOOK] Adding passive limit order to BID bookLimit(side=BUY,orderId=14,price=43,quantity=548864)
13:00:19.363 [main] INFO  c.o.visitor.MutatingAddOrderVisitor - [ORDERBOOK] + Limit(side=BUY,orderId=13,price=43,quantity=274432)
13:00:19.363 [main] DEBUG c.o.v.ReadOnlyMarketDataChannelPublishVisitor - Bid Side Size: 1
13:00:19.363 [main] DEBUG c.o.v.ReadOnlyMarketDataChannelPublishVisitor - Adding Mkt Data Msg BID: Price=43 Qty=1097728
13:00:19.363 [main] DEBUG c.o.v.ReadOnlyMarketDataChannelPublishVisitor - Ask Side Size: 7
13:00:19.363 [main] DEBUG c.o.v.ReadOnlyMarketDataChannelPublishVisitor - Adding Mkt Data Msg ASK: Price=98 Qty=501
13:00:19.363 [main] DEBUG c.o.v.ReadOnlyMarketDataChannelPublishVisitor - Adding Mkt Data Msg ASK: Price=101 Qty=200
13:00:19.363 [main] DEBUG c.o.v.ReadOnlyMarketDataChannelPublishVisitor - Adding Mkt Data Msg ASK: Price=110 Qty=5000
13:00:19.363 [main] DEBUG c.o.v.ReadOnlyMarketDataChannelPublishVisitor - Adding Mkt Data Msg ASK: Price=119 Qty=5600
13:00:19.363 [main] DEBUG c.o.v.ReadOnlyMarketDataChannelPublishVisitor - Adding Mkt Data Msg ASK: Price=123 Qty=453
13:00:19.363 [main] DEBUG c.o.v.ReadOnlyMarketDataChannelPublishVisitor - Adding Mkt Data Msg ASK: Price=144 Qty=645
13:00:19.363 [main] DEBUG c.o.v.ReadOnlyMarketDataChannelPublishVisitor - Adding Mkt Data Msg ASK: Price=167 Qty=665
13:00:19.363 [main] INFO  c.o.channel.MarketDataChannel - [ORDERBOOK] Sending market data update...
13:00:19.363 [main] INFO  c.sequencer.consumer.LoggingConsumer - [27] 
|----BID-----|
1097728 @ 43
|----ASK-----|
    501 @ 98
   200 @ 101
  5000 @ 110
  5600 @ 119
   453 @ 123
   645 @ 144
   665 @ 167

13:00:19.378 [main] DEBUG c.service.MarketDataService - [ALGO] BID: price:43 quantity:1097728
13:00:19.378 [main] DEBUG c.service.MarketDataService - [ALGO] ASK: price:98 quantity:501
13:00:19.378 [main] DEBUG c.service.MarketDataService - [ALGO] ASK: price:101 quantity:200
13:00:19.378 [main] DEBUG c.service.MarketDataService - [ALGO] ASK: price:110 quantity:5000
13:00:19.378 [main] DEBUG c.service.MarketDataService - [ALGO] ASK: price:119 quantity:5600
13:00:19.378 [main] DEBUG c.service.MarketDataService - [ALGO] ASK: price:123 quantity:453
13:00:19.378 [main] DEBUG c.service.MarketDataService - [ALGO] ASK: price:144 quantity:645
13:00:19.378 [main] DEBUG c.service.MarketDataService - [ALGO] ASK: price:167 quantity:665
13:00:19.378 [main] INFO  c.gettingstarted.MyAlgoLogic - [MYALGO] The state of the order book is:
|----BID-----||----ASK----|
1097728 @ 43    501 @ 98
          -    200 @ 101
          -   5000 @ 110
          -   5600 @ 119
          -    453 @ 123
          -    645 @ 144
          -    665 @ 167
|------------||-----------|

13:00:19.378 [main] INFO  c.gettingstarted.MyAlgoLogic - [MYALGO] Algo Sees Book as: 
|----BID-----||----ASK----|
1097728 @ 43    501 @ 98
          -    200 @ 101
          -   5000 @ 110
          -   5600 @ 119
          -    453 @ 123
          -    645 @ 144
          -    665 @ 167
|------------||-----------|

13:00:19.378 [main] INFO  c.gettingstarted.TimedLogic - [TIMEDLOGIC] Market is open
13:00:19.378 [main] INFO  c.gettingstarted.MyAlgoLogic - [MYALGO] Aftr buy orders13
13:00:19.378 [main] INFO  c.gettingstarted.MyAlgoLogic - [MYALGO] After Buy total orders13
13:00:19.378 [main] INFO  c.container.Actioner - [ALGO] Actioner, sending action:CreateChildOrder(side=BUY,quantity=1097728,price=43)
13:00:19.378 [main] INFO  c.sequencer.consumer.LoggingConsumer - [28] [CreateOrder](sbeTemplateId=4|sbeSchemaId=2|sbeSchemaVersion=0|sbeBlockLength=33):instrumentId=0|price=43|quantity=1097728|side=BUY|orderId=15
13:00:19.378 [main] INFO  c.orderbook.OrderBook - [ORDERBOOK] Adding passive limit order to BID bookLimit(side=BUY,orderId=15,price=43,quantity=1097728)
13:00:19.378 [main] INFO  c.o.visitor.MutatingAddOrderVisitor - [ORDERBOOK] + Limit(side=BUY,orderId=14,price=43,quantity=548864)
13:00:19.378 [main] DEBUG c.o.v.ReadOnlyMarketDataChannelPublishVisitor - Bid Side Size: 1
13:00:19.378 [main] DEBUG c.o.v.ReadOnlyMarketDataChannelPublishVisitor - Adding Mkt Data Msg BID: Price=43 Qty=2195456
13:00:19.378 [main] DEBUG c.o.v.ReadOnlyMarketDataChannelPublishVisitor - Ask Side Size: 7
13:00:19.378 [main] DEBUG c.o.v.ReadOnlyMarketDataChannelPublishVisitor - Adding Mkt Data Msg ASK: Price=98 Qty=501
13:00:19.378 [main] DEBUG c.o.v.ReadOnlyMarketDataChannelPublishVisitor - Adding Mkt Data Msg ASK: Price=101 Qty=200
13:00:19.378 [main] DEBUG c.o.v.ReadOnlyMarketDataChannelPublishVisitor - Adding Mkt Data Msg ASK: Price=110 Qty=5000
13:00:19.378 [main] DEBUG c.o.v.ReadOnlyMarketDataChannelPublishVisitor - Adding Mkt Data Msg ASK: Price=119 Qty=5600
13:00:19.378 [main] DEBUG c.o.v.ReadOnlyMarketDataChannelPublishVisitor - Adding Mkt Data Msg ASK: Price=123 Qty=453
13:00:19.378 [main] DEBUG c.o.v.ReadOnlyMarketDataChannelPublishVisitor - Adding Mkt Data Msg ASK: Price=144 Qty=645
13:00:19.378 [main] DEBUG c.o.v.ReadOnlyMarketDataChannelPublishVisitor - Adding Mkt Data Msg ASK: Price=167 Qty=665
13:00:19.378 [main] INFO  c.o.channel.MarketDataChannel - [ORDERBOOK] Sending market data update...
13:00:19.378 [main] INFO  c.sequencer.consumer.LoggingConsumer - [29] 
|----BID-----|
2195456 @ 43
|----ASK-----|
    501 @ 98
   200 @ 101
  5000 @ 110
  5600 @ 119
   453 @ 123
   645 @ 144
   665 @ 167

13:00:19.378 [main] DEBUG c.service.MarketDataService - [ALGO] BID: price:43 quantity:2195456
13:00:19.378 [main] DEBUG c.service.MarketDataService - [ALGO] ASK: price:98 quantity:501
13:00:19.378 [main] DEBUG c.service.MarketDataService - [ALGO] ASK: price:101 quantity:200
13:00:19.378 [main] DEBUG c.service.MarketDataService - [ALGO] ASK: price:110 quantity:5000
13:00:19.378 [main] DEBUG c.service.MarketDataService - [ALGO] ASK: price:119 quantity:5600
13:00:19.378 [main] DEBUG c.service.MarketDataService - [ALGO] ASK: price:123 quantity:453
13:00:19.378 [main] DEBUG c.service.MarketDataService - [ALGO] ASK: price:144 quantity:645
13:00:19.378 [main] DEBUG c.service.MarketDataService - [ALGO] ASK: price:167 quantity:665
13:00:19.378 [main] INFO  c.gettingstarted.MyAlgoLogic - [MYALGO] The state of the order book is:
|----BID-----||----ASK----|
2195456 @ 43    501 @ 98
          -    200 @ 101
          -   5000 @ 110
          -   5600 @ 119
          -    453 @ 123
          -    645 @ 144
          -    665 @ 167
|------------||-----------|

13:00:19.378 [main] INFO  c.gettingstarted.MyAlgoLogic - [MYALGO] Algo Sees Book as: 
|----BID-----||----ASK----|
2195456 @ 43    501 @ 98
          -    200 @ 101
          -   5000 @ 110
          -   5600 @ 119
          -    453 @ 123
          -    645 @ 144
          -    665 @ 167
|------------||-----------|

13:00:19.378 [main] INFO  c.gettingstarted.TimedLogic - [TIMEDLOGIC] Market is open
13:00:19.378 [main] INFO  c.gettingstarted.MyAlgoLogic - [MYALGO] Aftr buy orders14
13:00:19.378 [main] INFO  c.gettingstarted.MyAlgoLogic - [MYALGO] After Buy total orders14
13:00:19.378 [main] INFO  c.container.Actioner - [ALGO] Actioner, sending action:CreateChildOrder(side=BUY,quantity=2195456,price=43)
13:00:19.378 [main] INFO  c.sequencer.consumer.LoggingConsumer - [30] [CreateOrder](sbeTemplateId=4|sbeSchemaId=2|sbeSchemaVersion=0|sbeBlockLength=33):instrumentId=0|price=43|quantity=2195456|side=BUY|orderId=16
13:00:19.378 [main] INFO  c.orderbook.OrderBook - [ORDERBOOK] Adding passive limit order to BID bookLimit(side=BUY,orderId=16,price=43,quantity=2195456)
13:00:19.378 [main] INFO  c.o.visitor.MutatingAddOrderVisitor - [ORDERBOOK] + Limit(side=BUY,orderId=15,price=43,quantity=1097728)
13:00:19.378 [main] DEBUG c.o.v.ReadOnlyMarketDataChannelPublishVisitor - Bid Side Size: 1
13:00:19.378 [main] DEBUG c.o.v.ReadOnlyMarketDataChannelPublishVisitor - Adding Mkt Data Msg BID: Price=43 Qty=4390912
13:00:19.378 [main] DEBUG c.o.v.ReadOnlyMarketDataChannelPublishVisitor - Ask Side Size: 7
13:00:19.378 [main] DEBUG c.o.v.ReadOnlyMarketDataChannelPublishVisitor - Adding Mkt Data Msg ASK: Price=98 Qty=501
13:00:19.378 [main] DEBUG c.o.v.ReadOnlyMarketDataChannelPublishVisitor - Adding Mkt Data Msg ASK: Price=101 Qty=200
13:00:19.378 [main] DEBUG c.o.v.ReadOnlyMarketDataChannelPublishVisitor - Adding Mkt Data Msg ASK: Price=110 Qty=5000
13:00:19.378 [main] DEBUG c.o.v.ReadOnlyMarketDataChannelPublishVisitor - Adding Mkt Data Msg ASK: Price=119 Qty=5600
13:00:19.378 [main] DEBUG c.o.v.ReadOnlyMarketDataChannelPublishVisitor - Adding Mkt Data Msg ASK: Price=123 Qty=453
13:00:19.378 [main] DEBUG c.o.v.ReadOnlyMarketDataChannelPublishVisitor - Adding Mkt Data Msg ASK: Price=144 Qty=645
13:00:19.378 [main] DEBUG c.o.v.ReadOnlyMarketDataChannelPublishVisitor - Adding Mkt Data Msg ASK: Price=167 Qty=665
13:00:19.378 [main] INFO  c.o.channel.MarketDataChannel - [ORDERBOOK] Sending market data update...
13:00:19.378 [main] INFO  c.sequencer.consumer.LoggingConsumer - [31] 
|----BID-----|
4390912 @ 43
|----ASK-----|
    501 @ 98
   200 @ 101
  5000 @ 110
  5600 @ 119
   453 @ 123
   645 @ 144
   665 @ 167

13:00:19.378 [main] DEBUG c.service.MarketDataService - [ALGO] BID: price:43 quantity:4390912
13:00:19.378 [main] DEBUG c.service.MarketDataService - [ALGO] ASK: price:98 quantity:501
13:00:19.378 [main] DEBUG c.service.MarketDataService - [ALGO] ASK: price:101 quantity:200
13:00:19.378 [main] DEBUG c.service.MarketDataService - [ALGO] ASK: price:110 quantity:5000
13:00:19.378 [main] DEBUG c.service.MarketDataService - [ALGO] ASK: price:119 quantity:5600
13:00:19.378 [main] DEBUG c.service.MarketDataService - [ALGO] ASK: price:123 quantity:453
13:00:19.378 [main] DEBUG c.service.MarketDataService - [ALGO] ASK: price:144 quantity:645
13:00:19.378 [main] DEBUG c.service.MarketDataService - [ALGO] ASK: price:167 quantity:665
13:00:19.378 [main] INFO  c.gettingstarted.MyAlgoLogic - [MYALGO] The state of the order book is:
|----BID-----||----ASK----|
4390912 @ 43    501 @ 98
          -    200 @ 101
          -   5000 @ 110
          -   5600 @ 119
          -    453 @ 123
          -    645 @ 144
          -    665 @ 167
|------------||-----------|

13:00:19.378 [main] INFO  c.gettingstarted.MyAlgoLogic - [MYALGO] Algo Sees Book as: 
|----BID-----||----ASK----|
4390912 @ 43    501 @ 98
          -    200 @ 101
          -   5000 @ 110
          -   5600 @ 119
          -    453 @ 123
          -    645 @ 144
          -    665 @ 167
|------------||-----------|

13:00:19.378 [main] INFO  c.gettingstarted.TimedLogic - [TIMEDLOGIC] Market is open
13:00:19.378 [main] INFO  c.gettingstarted.MyAlgoLogic - [MYALGO] Adding order for501@98
13:00:19.378 [main] INFO  c.gettingstarted.MyAlgoLogic - [MYALGO] Initial quantity501 price 98
13:00:19.378 [main] INFO  c.gettingstarted.MyAlgoLogic - [MYALGO] Active orders15
13:00:19.378 [main] INFO  c.gettingstarted.MyAlgoLogic - [MYALGO] Total orders15
13:00:19.378 [main] INFO  c.container.Actioner - [ALGO] Actioner, sending action:CreateChildOrder(side=SELL,quantity=501,price=98)
13:00:19.378 [main] INFO  c.sequencer.consumer.LoggingConsumer - [32] [CreateOrder](sbeTemplateId=4|sbeSchemaId=2|sbeSchemaVersion=0|sbeBlockLength=33):instrumentId=0|price=98|quantity=501|side=SELL|orderId=17
13:00:19.378 [main] INFO  c.orderbook.OrderBook - A[ORDERBOOK] dding passive limit order to ASK bookLimit(side=SELL,orderId=17,price=98,quantity=501)
13:00:19.378 [main] INFO  c.o.visitor.MutatingAddOrderVisitor - [ORDERBOOK] + MktData(price=98,quantity=501)
13:00:19.378 [main] DEBUG c.o.v.ReadOnlyMarketDataChannelPublishVisitor - Bid Side Size: 1
13:00:19.378 [main] DEBUG c.o.v.ReadOnlyMarketDataChannelPublishVisitor - Adding Mkt Data Msg BID: Price=43 Qty=4390912
13:00:19.378 [main] DEBUG c.o.v.ReadOnlyMarketDataChannelPublishVisitor - Ask Side Size: 7
13:00:19.378 [main] DEBUG c.o.v.ReadOnlyMarketDataChannelPublishVisitor - Adding Mkt Data Msg ASK: Price=98 Qty=1002
13:00:19.378 [main] DEBUG c.o.v.ReadOnlyMarketDataChannelPublishVisitor - Adding Mkt Data Msg ASK: Price=101 Qty=200
13:00:19.378 [main] DEBUG c.o.v.ReadOnlyMarketDataChannelPublishVisitor - Adding Mkt Data Msg ASK: Price=110 Qty=5000
13:00:19.378 [main] DEBUG c.o.v.ReadOnlyMarketDataChannelPublishVisitor - Adding Mkt Data Msg ASK: Price=119 Qty=5600
13:00:19.378 [main] DEBUG c.o.v.ReadOnlyMarketDataChannelPublishVisitor - Adding Mkt Data Msg ASK: Price=123 Qty=453
13:00:19.378 [main] DEBUG c.o.v.ReadOnlyMarketDataChannelPublishVisitor - Adding Mkt Data Msg ASK: Price=144 Qty=645
13:00:19.378 [main] DEBUG c.o.v.ReadOnlyMarketDataChannelPublishVisitor - Adding Mkt Data Msg ASK: Price=167 Qty=665
13:00:19.378 [main] INFO  c.o.channel.MarketDataChannel - [ORDERBOOK] Sending market data update...
13:00:19.378 [main] INFO  c.sequencer.consumer.LoggingConsumer - [33] 
|----BID-----|
4390912 @ 43
|----ASK-----|
   1002 @ 98
   200 @ 101
  5000 @ 110
  5600 @ 119
   453 @ 123
   645 @ 144
   665 @ 167

13:00:19.378 [main] DEBUG c.service.MarketDataService - [ALGO] BID: price:43 quantity:4390912
13:00:19.378 [main] DEBUG c.service.MarketDataService - [ALGO] ASK: price:98 quantity:1002
13:00:19.378 [main] DEBUG c.service.MarketDataService - [ALGO] ASK: price:101 quantity:200
13:00:19.378 [main] DEBUG c.service.MarketDataService - [ALGO] ASK: price:110 quantity:5000
13:00:19.378 [main] DEBUG c.service.MarketDataService - [ALGO] ASK: price:119 quantity:5600
13:00:19.378 [main] DEBUG c.service.MarketDataService - [ALGO] ASK: price:123 quantity:453
13:00:19.378 [main] DEBUG c.service.MarketDataService - [ALGO] ASK: price:144 quantity:645
13:00:19.378 [main] DEBUG c.service.MarketDataService - [ALGO] ASK: price:167 quantity:665
13:00:19.378 [main] INFO  c.gettingstarted.MyAlgoLogic - [MYALGO] The state of the order book is:
|----BID-----||----ASK----|
4390912 @ 43   1002 @ 98
          -    200 @ 101
          -   5000 @ 110
          -   5600 @ 119
          -    453 @ 123
          -    645 @ 144
          -    665 @ 167
|------------||-----------|

13:00:19.378 [main] INFO  c.gettingstarted.MyAlgoLogic - [MYALGO] Algo Sees Book as: 
|----BID-----||----ASK----|
4390912 @ 43   1002 @ 98
          -    200 @ 101
          -   5000 @ 110
          -   5600 @ 119
          -    453 @ 123
          -    645 @ 144
          -    665 @ 167
|------------||-----------|

13:00:19.378 [main] INFO  c.gettingstarted.TimedLogic - [TIMEDLOGIC] Market is open
13:00:19.378 [main] INFO  c.gettingstarted.MyAlgoLogic - [MYALGO] Have:16 children, want 7, done.
13:00:19.378 [main] INFO  c.gettingstarted.MyAlgoLogic - [MYALGO] Active orders are 16
13:00:19.378 [main] INFO  c.gettingstarted.MyAlgoLogic - [MYALGO] Cancelling order:codingblackfemales.sotw.ChildOrder@22fcf7ab
13:00:19.378 [main] INFO  c.gettingstarted.MyAlgoLogic - [MYALGO] Option is present, number of active orders are 16
13:00:19.378 [main] INFO  c.container.Actioner - [ALGO] Actioner, sending action:CancelChildOrder(codingblackfemales.sotw.ChildOrder@22fcf7ab)
13:00:19.394 [main] INFO  c.sequencer.consumer.LoggingConsumer - [34] [CancelOrder](sbeTemplateId=5|sbeSchemaId=2|sbeSchemaVersion=0|sbeBlockLength=8):orderId=2
13:00:19.394 [main] INFO  c.orderbook.OrderBook - [ORDERBOOK] Cancelling order (id=:2)
13:00:19.394 [main] INFO  c.o.visitor.CancelOrderVisitor - [ORDERBOOK] Cancelling order: Limit(side=BUY,orderId=2,price=43,quantity=134)
13:00:19.394 [main] DEBUG c.o.v.ReadOnlyMarketDataChannelPublishVisitor - Bid Side Size: 1
13:00:19.394 [main] DEBUG c.o.v.ReadOnlyMarketDataChannelPublishVisitor - Adding Mkt Data Msg BID: Price=43 Qty=4390778
13:00:19.394 [main] DEBUG c.o.v.ReadOnlyMarketDataChannelPublishVisitor - Ask Side Size: 7
13:00:19.394 [main] DEBUG c.o.v.ReadOnlyMarketDataChannelPublishVisitor - Adding Mkt Data Msg ASK: Price=98 Qty=1002
13:00:19.394 [main] DEBUG c.o.v.ReadOnlyMarketDataChannelPublishVisitor - Adding Mkt Data Msg ASK: Price=101 Qty=200
13:00:19.394 [main] DEBUG c.o.v.ReadOnlyMarketDataChannelPublishVisitor - Adding Mkt Data Msg ASK: Price=110 Qty=5000
13:00:19.400 [main] DEBUG c.o.v.ReadOnlyMarketDataChannelPublishVisitor - Adding Mkt Data Msg ASK: Price=119 Qty=5600
13:00:19.400 [main] DEBUG c.o.v.ReadOnlyMarketDataChannelPublishVisitor - Adding Mkt Data Msg ASK: Price=123 Qty=453
13:00:19.400 [main] DEBUG c.o.v.ReadOnlyMarketDataChannelPublishVisitor - Adding Mkt Data Msg ASK: Price=144 Qty=645
13:00:19.400 [main] DEBUG c.o.v.ReadOnlyMarketDataChannelPublishVisitor - Adding Mkt Data Msg ASK: Price=167 Qty=665
13:00:19.400 [main] INFO  c.o.channel.MarketDataChannel - [ORDERBOOK] Sending market data update...
13:00:19.400 [main] INFO  c.sequencer.consumer.LoggingConsumer - [35] 
|----BID-----|
4390778 @ 43
|----ASK-----|
   1002 @ 98
   200 @ 101
  5000 @ 110
  5600 @ 119
   453 @ 123
   645 @ 144
   665 @ 167

13:00:19.400 [main] DEBUG c.service.MarketDataService - [ALGO] BID: price:43 quantity:4390778
13:00:19.400 [main] DEBUG c.service.MarketDataService - [ALGO] ASK: price:98 quantity:1002
13:00:19.400 [main] DEBUG c.service.MarketDataService - [ALGO] ASK: price:101 quantity:200
13:00:19.400 [main] DEBUG c.service.MarketDataService - [ALGO] ASK: price:110 quantity:5000
13:00:19.400 [main] DEBUG c.service.MarketDataService - [ALGO] ASK: price:119 quantity:5600
13:00:19.400 [main] DEBUG c.service.MarketDataService - [ALGO] ASK: price:123 quantity:453
13:00:19.400 [main] DEBUG c.service.MarketDataService - [ALGO] ASK: price:144 quantity:645
13:00:19.400 [main] DEBUG c.service.MarketDataService - [ALGO] ASK: price:167 quantity:665
13:00:19.400 [main] INFO  c.gettingstarted.MyAlgoLogic - [MYALGO] The state of the order book is:
|----BID-----||----ASK----|
4390778 @ 43   1002 @ 98
          -    200 @ 101
          -   5000 @ 110
          -   5600 @ 119
          -    453 @ 123
          -    645 @ 144
          -    665 @ 167
|------------||-----------|

13:00:19.400 [main] INFO  c.gettingstarted.MyAlgoLogic - [MYALGO] Algo Sees Book as: 
|----BID-----||----ASK----|
4390778 @ 43   1002 @ 98
          -    200 @ 101
          -   5000 @ 110
          -   5600 @ 119
          -    453 @ 123
          -    645 @ 144
          -    665 @ 167
|------------||-----------|

13:00:19.400 [main] INFO  c.gettingstarted.TimedLogic - [TIMEDLOGIC] Market is open
13:00:19.400 [main] INFO  c.gettingstarted.MyAlgoLogic - [MYALGO] Have:15 children, want 7, done.
13:00:19.400 [main] INFO  c.gettingstarted.MyAlgoLogic - [MYALGO] Active orders are 15
13:00:19.400 [main] INFO  c.gettingstarted.MyAlgoLogic - [MYALGO] Cancelling order:codingblackfemales.sotw.ChildOrder@5fbe4146
13:00:19.400 [main] INFO  c.gettingstarted.MyAlgoLogic - [MYALGO] Option is present, number of active orders are 15
13:00:19.400 [main] INFO  c.container.Actioner - [ALGO] Actioner, sending action:CancelChildOrder(codingblackfemales.sotw.ChildOrder@5fbe4146)
13:00:19.400 [main] INFO  c.sequencer.consumer.LoggingConsumer - [36] [CancelOrder](sbeTemplateId=5|sbeSchemaId=2|sbeSchemaVersion=0|sbeBlockLength=8):orderId=3
13:00:19.400 [main] INFO  c.orderbook.OrderBook - [ORDERBOOK] Cancelling order (id=:3)
13:00:19.400 [main] INFO  c.o.visitor.CancelOrderVisitor - [ORDERBOOK] Cancelling order: Limit(side=BUY,orderId=3,price=43,quantity=268)
13:00:19.400 [main] DEBUG c.o.v.ReadOnlyMarketDataChannelPublishVisitor - Bid Side Size: 1
13:00:19.400 [main] DEBUG c.o.v.ReadOnlyMarketDataChannelPublishVisitor - Adding Mkt Data Msg BID: Price=43 Qty=4390510
13:00:19.400 [main] DEBUG c.o.v.ReadOnlyMarketDataChannelPublishVisitor - Ask Side Size: 7
13:00:19.400 [main] DEBUG c.o.v.ReadOnlyMarketDataChannelPublishVisitor - Adding Mkt Data Msg ASK: Price=98 Qty=1002
13:00:19.400 [main] DEBUG c.o.v.ReadOnlyMarketDataChannelPublishVisitor - Adding Mkt Data Msg ASK: Price=101 Qty=200
13:00:19.400 [main] DEBUG c.o.v.ReadOnlyMarketDataChannelPublishVisitor - Adding Mkt Data Msg ASK: Price=110 Qty=5000
13:00:19.400 [main] DEBUG c.o.v.ReadOnlyMarketDataChannelPublishVisitor - Adding Mkt Data Msg ASK: Price=119 Qty=5600
13:00:19.400 [main] DEBUG c.o.v.ReadOnlyMarketDataChannelPublishVisitor - Adding Mkt Data Msg ASK: Price=123 Qty=453
13:00:19.400 [main] DEBUG c.o.v.ReadOnlyMarketDataChannelPublishVisitor - Adding Mkt Data Msg ASK: Price=144 Qty=645
13:00:19.400 [main] DEBUG c.o.v.ReadOnlyMarketDataChannelPublishVisitor - Adding Mkt Data Msg ASK: Price=167 Qty=665
13:00:19.400 [main] INFO  c.o.channel.MarketDataChannel - [ORDERBOOK] Sending market data update...
13:00:19.400 [main] INFO  c.sequencer.consumer.LoggingConsumer - [37] 
|----BID-----|
4390510 @ 43
|----ASK-----|
   1002 @ 98
   200 @ 101
  5000 @ 110
  5600 @ 119
   453 @ 123
   645 @ 144
   665 @ 167

13:00:19.400 [main] DEBUG c.service.MarketDataService - [ALGO] BID: price:43 quantity:4390510
13:00:19.400 [main] DEBUG c.service.MarketDataService - [ALGO] ASK: price:98 quantity:1002
13:00:19.400 [main] DEBUG c.service.MarketDataService - [ALGO] ASK: price:101 quantity:200
13:00:19.400 [main] DEBUG c.service.MarketDataService - [ALGO] ASK: price:110 quantity:5000
13:00:19.400 [main] DEBUG c.service.MarketDataService - [ALGO] ASK: price:119 quantity:5600
13:00:19.400 [main] DEBUG c.service.MarketDataService - [ALGO] ASK: price:123 quantity:453
13:00:19.400 [main] DEBUG c.service.MarketDataService - [ALGO] ASK: price:144 quantity:645
13:00:19.400 [main] DEBUG c.service.MarketDataService - [ALGO] ASK: price:167 quantity:665
13:00:19.400 [main] INFO  c.gettingstarted.MyAlgoLogic - [MYALGO] The state of the order book is:
|----BID-----||----ASK----|
4390510 @ 43   1002 @ 98
          -    200 @ 101
          -   5000 @ 110
          -   5600 @ 119
          -    453 @ 123
          -    645 @ 144
          -    665 @ 167
|------------||-----------|

13:00:19.400 [main] INFO  c.gettingstarted.MyAlgoLogic - [MYALGO] Algo Sees Book as: 
|----BID-----||----ASK----|
4390510 @ 43   1002 @ 98
          -    200 @ 101
          -   5000 @ 110
          -   5600 @ 119
          -    453 @ 123
          -    645 @ 144
          -    665 @ 167
|------------||-----------|

13:00:19.400 [main] INFO  c.gettingstarted.TimedLogic - [TIMEDLOGIC] Market is open
13:00:19.400 [main] INFO  c.gettingstarted.MyAlgoLogic - [MYALGO] Have:14 children, want 7, done.
13:00:19.400 [main] INFO  c.gettingstarted.MyAlgoLogic - [MYALGO] Active orders are 14
13:00:19.400 [main] INFO  c.gettingstarted.MyAlgoLogic - [MYALGO] Cancelling order:codingblackfemales.sotw.ChildOrder@1e66f1f5
13:00:19.400 [main] INFO  c.gettingstarted.MyAlgoLogic - [MYALGO] Option is present, number of active orders are 14
13:00:19.400 [main] INFO  c.container.Actioner - [ALGO] Actioner, sending action:CancelChildOrder(codingblackfemales.sotw.ChildOrder@1e66f1f5)
13:00:19.400 [main] INFO  c.sequencer.consumer.LoggingConsumer - [38] [CancelOrder](sbeTemplateId=5|sbeSchemaId=2|sbeSchemaVersion=0|sbeBlockLength=8):orderId=4
13:00:19.400 [main] INFO  c.orderbook.OrderBook - [ORDERBOOK] Cancelling order (id=:4)
13:00:19.400 [main] INFO  c.o.visitor.CancelOrderVisitor - [ORDERBOOK] Cancelling order: Limit(side=BUY,orderId=4,price=43,quantity=536)
13:00:19.400 [main] DEBUG c.o.v.ReadOnlyMarketDataChannelPublishVisitor - Bid Side Size: 1
13:00:19.400 [main] DEBUG c.o.v.ReadOnlyMarketDataChannelPublishVisitor - Adding Mkt Data Msg BID: Price=43 Qty=4389974
13:00:19.400 [main] DEBUG c.o.v.ReadOnlyMarketDataChannelPublishVisitor - Ask Side Size: 7
13:00:19.400 [main] DEBUG c.o.v.ReadOnlyMarketDataChannelPublishVisitor - Adding Mkt Data Msg ASK: Price=98 Qty=1002
13:00:19.400 [main] DEBUG c.o.v.ReadOnlyMarketDataChannelPublishVisitor - Adding Mkt Data Msg ASK: Price=101 Qty=200
13:00:19.400 [main] DEBUG c.o.v.ReadOnlyMarketDataChannelPublishVisitor - Adding Mkt Data Msg ASK: Price=110 Qty=5000
13:00:19.400 [main] DEBUG c.o.v.ReadOnlyMarketDataChannelPublishVisitor - Adding Mkt Data Msg ASK: Price=119 Qty=5600
13:00:19.400 [main] DEBUG c.o.v.ReadOnlyMarketDataChannelPublishVisitor - Adding Mkt Data Msg ASK: Price=123 Qty=453
13:00:19.400 [main] DEBUG c.o.v.ReadOnlyMarketDataChannelPublishVisitor - Adding Mkt Data Msg ASK: Price=144 Qty=645
13:00:19.400 [main] DEBUG c.o.v.ReadOnlyMarketDataChannelPublishVisitor - Adding Mkt Data Msg ASK: Price=167 Qty=665
13:00:19.400 [main] INFO  c.o.channel.MarketDataChannel - [ORDERBOOK] Sending market data update...
13:00:19.400 [main] INFO  c.sequencer.consumer.LoggingConsumer - [39] 
|----BID-----|
4389974 @ 43
|----ASK-----|
   1002 @ 98
   200 @ 101
  5000 @ 110
  5600 @ 119
   453 @ 123
   645 @ 144
   665 @ 167

13:00:19.400 [main] DEBUG c.service.MarketDataService - [ALGO] BID: price:43 quantity:4389974
13:00:19.400 [main] DEBUG c.service.MarketDataService - [ALGO] ASK: price:98 quantity:1002
13:00:19.400 [main] DEBUG c.service.MarketDataService - [ALGO] ASK: price:101 quantity:200
13:00:19.400 [main] DEBUG c.service.MarketDataService - [ALGO] ASK: price:110 quantity:5000
13:00:19.400 [main] DEBUG c.service.MarketDataService - [ALGO] ASK: price:119 quantity:5600
13:00:19.400 [main] DEBUG c.service.MarketDataService - [ALGO] ASK: price:123 quantity:453
13:00:19.400 [main] DEBUG c.service.MarketDataService - [ALGO] ASK: price:144 quantity:645
13:00:19.400 [main] DEBUG c.service.MarketDataService - [ALGO] ASK: price:167 quantity:665
13:00:19.400 [main] INFO  c.gettingstarted.MyAlgoLogic - [MYALGO] The state of the order book is:
|----BID-----||----ASK----|
4389974 @ 43   1002 @ 98
          -    200 @ 101
          -   5000 @ 110
          -   5600 @ 119
          -    453 @ 123
          -    645 @ 144
          -    665 @ 167
|------------||-----------|

13:00:19.400 [main] INFO  c.gettingstarted.MyAlgoLogic - [MYALGO] Algo Sees Book as: 
|----BID-----||----ASK----|
4389974 @ 43   1002 @ 98
          -    200 @ 101
          -   5000 @ 110
          -   5600 @ 119
          -    453 @ 123
          -    645 @ 144
          -    665 @ 167
|------------||-----------|

13:00:19.400 [main] INFO  c.gettingstarted.TimedLogic - [TIMEDLOGIC] Market is open
13:00:19.400 [main] INFO  c.gettingstarted.MyAlgoLogic - [MYALGO] Have:13 children, want 7, done.
13:00:19.400 [main] INFO  c.gettingstarted.MyAlgoLogic - [MYALGO] Active orders are 13
13:00:19.400 [main] INFO  c.gettingstarted.MyAlgoLogic - [MYALGO] Cancelling order:codingblackfemales.sotw.ChildOrder@4e50c791
13:00:19.400 [main] INFO  c.gettingstarted.MyAlgoLogic - [MYALGO] Option is present, number of active orders are 13
13:00:19.400 [main] INFO  c.container.Actioner - [ALGO] Actioner, sending action:CancelChildOrder(codingblackfemales.sotw.ChildOrder@4e50c791)
13:00:19.400 [main] INFO  c.sequencer.consumer.LoggingConsumer - [40] [CancelOrder](sbeTemplateId=5|sbeSchemaId=2|sbeSchemaVersion=0|sbeBlockLength=8):orderId=5
13:00:19.400 [main] INFO  c.orderbook.OrderBook - [ORDERBOOK] Cancelling order (id=:5)
13:00:19.400 [main] INFO  c.o.visitor.CancelOrderVisitor - [ORDERBOOK] Cancelling order: Limit(side=BUY,orderId=5,price=43,quantity=1072)
13:00:19.400 [main] DEBUG c.o.v.ReadOnlyMarketDataChannelPublishVisitor - Bid Side Size: 1
13:00:19.400 [main] DEBUG c.o.v.ReadOnlyMarketDataChannelPublishVisitor - Adding Mkt Data Msg BID: Price=43 Qty=4388902
13:00:19.400 [main] DEBUG c.o.v.ReadOnlyMarketDataChannelPublishVisitor - Ask Side Size: 7
13:00:19.400 [main] DEBUG c.o.v.ReadOnlyMarketDataChannelPublishVisitor - Adding Mkt Data Msg ASK: Price=98 Qty=1002
13:00:19.400 [main] DEBUG c.o.v.ReadOnlyMarketDataChannelPublishVisitor - Adding Mkt Data Msg ASK: Price=101 Qty=200
13:00:19.400 [main] DEBUG c.o.v.ReadOnlyMarketDataChannelPublishVisitor - Adding Mkt Data Msg ASK: Price=110 Qty=5000
13:00:19.400 [main] DEBUG c.o.v.ReadOnlyMarketDataChannelPublishVisitor - Adding Mkt Data Msg ASK: Price=119 Qty=5600
13:00:19.400 [main] DEBUG c.o.v.ReadOnlyMarketDataChannelPublishVisitor - Adding Mkt Data Msg ASK: Price=123 Qty=453
13:00:19.400 [main] DEBUG c.o.v.ReadOnlyMarketDataChannelPublishVisitor - Adding Mkt Data Msg ASK: Price=144 Qty=645
13:00:19.400 [main] DEBUG c.o.v.ReadOnlyMarketDataChannelPublishVisitor - Adding Mkt Data Msg ASK: Price=167 Qty=665
13:00:19.400 [main] INFO  c.o.channel.MarketDataChannel - [ORDERBOOK] Sending market data update...
13:00:19.400 [main] INFO  c.sequencer.consumer.LoggingConsumer - [41] 
|----BID-----|
4388902 @ 43
|----ASK-----|
   1002 @ 98
   200 @ 101
  5000 @ 110
  5600 @ 119
   453 @ 123
   645 @ 144
   665 @ 167

13:00:19.400 [main] DEBUG c.service.MarketDataService - [ALGO] BID: price:43 quantity:4388902
13:00:19.400 [main] DEBUG c.service.MarketDataService - [ALGO] ASK: price:98 quantity:1002
13:00:19.400 [main] DEBUG c.service.MarketDataService - [ALGO] ASK: price:101 quantity:200
13:00:19.400 [main] DEBUG c.service.MarketDataService - [ALGO] ASK: price:110 quantity:5000
13:00:19.400 [main] DEBUG c.service.MarketDataService - [ALGO] ASK: price:119 quantity:5600
13:00:19.400 [main] DEBUG c.service.MarketDataService - [ALGO] ASK: price:123 quantity:453
13:00:19.400 [main] DEBUG c.service.MarketDataService - [ALGO] ASK: price:144 quantity:645
13:00:19.400 [main] DEBUG c.service.MarketDataService - [ALGO] ASK: price:167 quantity:665
13:00:19.400 [main] INFO  c.gettingstarted.MyAlgoLogic - [MYALGO] The state of the order book is:
|----BID-----||----ASK----|
4388902 @ 43   1002 @ 98
          -    200 @ 101
          -   5000 @ 110
          -   5600 @ 119
          -    453 @ 123
          -    645 @ 144
          -    665 @ 167
|------------||-----------|

13:00:19.400 [main] INFO  c.gettingstarted.MyAlgoLogic - [MYALGO] Algo Sees Book as: 
|----BID-----||----ASK----|
4388902 @ 43   1002 @ 98
          -    200 @ 101
          -   5000 @ 110
          -   5600 @ 119
          -    453 @ 123
          -    645 @ 144
          -    665 @ 167
|------------||-----------|

13:00:19.400 [main] INFO  c.gettingstarted.TimedLogic - [TIMEDLOGIC] Market is open
13:00:19.400 [main] INFO  c.gettingstarted.MyAlgoLogic - [MYALGO] Have:12 children, want 7, done.
13:00:19.400 [main] INFO  c.gettingstarted.MyAlgoLogic - [MYALGO] Active orders are 12
13:00:19.400 [main] INFO  c.gettingstarted.MyAlgoLogic - [MYALGO] Cancelling order:codingblackfemales.sotw.ChildOrder@7530ad9c
13:00:19.400 [main] INFO  c.gettingstarted.MyAlgoLogic - [MYALGO] Option is present, number of active orders are 12
13:00:19.400 [main] INFO  c.container.Actioner - [ALGO] Actioner, sending action:CancelChildOrder(codingblackfemales.sotw.ChildOrder@7530ad9c)
13:00:19.400 [main] INFO  c.sequencer.consumer.LoggingConsumer - [42] [CancelOrder](sbeTemplateId=5|sbeSchemaId=2|sbeSchemaVersion=0|sbeBlockLength=8):orderId=6
13:00:19.400 [main] INFO  c.orderbook.OrderBook - [ORDERBOOK] Cancelling order (id=:6)
13:00:19.400 [main] INFO  c.o.visitor.CancelOrderVisitor - [ORDERBOOK] Cancelling order: Limit(side=BUY,orderId=6,price=43,quantity=2144)
13:00:19.400 [main] DEBUG c.o.v.ReadOnlyMarketDataChannelPublishVisitor - Bid Side Size: 1
13:00:19.400 [main] DEBUG c.o.v.ReadOnlyMarketDataChannelPublishVisitor - Adding Mkt Data Msg BID: Price=43 Qty=4386758
13:00:19.400 [main] DEBUG c.o.v.ReadOnlyMarketDataChannelPublishVisitor - Ask Side Size: 7
13:00:19.400 [main] DEBUG c.o.v.ReadOnlyMarketDataChannelPublishVisitor - Adding Mkt Data Msg ASK: Price=98 Qty=1002
13:00:19.400 [main] DEBUG c.o.v.ReadOnlyMarketDataChannelPublishVisitor - Adding Mkt Data Msg ASK: Price=101 Qty=200
13:00:19.400 [main] DEBUG c.o.v.ReadOnlyMarketDataChannelPublishVisitor - Adding Mkt Data Msg ASK: Price=110 Qty=5000
13:00:19.400 [main] DEBUG c.o.v.ReadOnlyMarketDataChannelPublishVisitor - Adding Mkt Data Msg ASK: Price=119 Qty=5600
13:00:19.400 [main] DEBUG c.o.v.ReadOnlyMarketDataChannelPublishVisitor - Adding Mkt Data Msg ASK: Price=123 Qty=453
13:00:19.400 [main] DEBUG c.o.v.ReadOnlyMarketDataChannelPublishVisitor - Adding Mkt Data Msg ASK: Price=144 Qty=645
13:00:19.400 [main] DEBUG c.o.v.ReadOnlyMarketDataChannelPublishVisitor - Adding Mkt Data Msg ASK: Price=167 Qty=665
13:00:19.400 [main] INFO  c.o.channel.MarketDataChannel - [ORDERBOOK] Sending market data update...
13:00:19.400 [main] INFO  c.sequencer.consumer.LoggingConsumer - [43] 
|----BID-----|
4386758 @ 43
|----ASK-----|
   1002 @ 98
   200 @ 101
  5000 @ 110
  5600 @ 119
   453 @ 123
   645 @ 144
   665 @ 167

13:00:19.400 [main] DEBUG c.service.MarketDataService - [ALGO] BID: price:43 quantity:4386758
13:00:19.400 [main] DEBUG c.service.MarketDataService - [ALGO] ASK: price:98 quantity:1002
13:00:19.400 [main] DEBUG c.service.MarketDataService - [ALGO] ASK: price:101 quantity:200
13:00:19.400 [main] DEBUG c.service.MarketDataService - [ALGO] ASK: price:110 quantity:5000
13:00:19.400 [main] DEBUG c.service.MarketDataService - [ALGO] ASK: price:119 quantity:5600
13:00:19.400 [main] DEBUG c.service.MarketDataService - [ALGO] ASK: price:123 quantity:453
13:00:19.400 [main] DEBUG c.service.MarketDataService - [ALGO] ASK: price:144 quantity:645
13:00:19.400 [main] DEBUG c.service.MarketDataService - [ALGO] ASK: price:167 quantity:665
13:00:19.400 [main] INFO  c.gettingstarted.MyAlgoLogic - [MYALGO] The state of the order book is:
|----BID-----||----ASK----|
4386758 @ 43   1002 @ 98
          -    200 @ 101
          -   5000 @ 110
          -   5600 @ 119
          -    453 @ 123
          -    645 @ 144
          -    665 @ 167
|------------||-----------|

13:00:19.400 [main] INFO  c.gettingstarted.MyAlgoLogic - [MYALGO] Algo Sees Book as: 
|----BID-----||----ASK----|
4386758 @ 43   1002 @ 98
          -    200 @ 101
          -   5000 @ 110
          -   5600 @ 119
          -    453 @ 123
          -    645 @ 144
          -    665 @ 167
|------------||-----------|

13:00:19.400 [main] INFO  c.gettingstarted.TimedLogic - [TIMEDLOGIC] Market is open
13:00:19.400 [main] INFO  c.gettingstarted.MyAlgoLogic - [MYALGO] Have:11 children, want 7, done.
13:00:19.400 [main] INFO  c.gettingstarted.MyAlgoLogic - [MYALGO] Active orders are 11
13:00:19.400 [main] INFO  c.gettingstarted.MyAlgoLogic - [MYALGO] Cancelling order:codingblackfemales.sotw.ChildOrder@58a9760d
13:00:19.400 [main] INFO  c.gettingstarted.MyAlgoLogic - [MYALGO] Option is present, number of active orders are 11
13:00:19.400 [main] INFO  c.container.Actioner - [ALGO] Actioner, sending action:CancelChildOrder(codingblackfemales.sotw.ChildOrder@58a9760d)
13:00:19.400 [main] INFO  c.sequencer.consumer.LoggingConsumer - [44] [CancelOrder](sbeTemplateId=5|sbeSchemaId=2|sbeSchemaVersion=0|sbeBlockLength=8):orderId=7
13:00:19.400 [main] INFO  c.orderbook.OrderBook - [ORDERBOOK] Cancelling order (id=:7)
13:00:19.400 [main] INFO  c.o.visitor.CancelOrderVisitor - [ORDERBOOK] Cancelling order: Limit(side=BUY,orderId=7,price=43,quantity=4288)
13:00:19.400 [main] DEBUG c.o.v.ReadOnlyMarketDataChannelPublishVisitor - Bid Side Size: 1
13:00:19.400 [main] DEBUG c.o.v.ReadOnlyMarketDataChannelPublishVisitor - Adding Mkt Data Msg BID: Price=43 Qty=4382470
13:00:19.400 [main] DEBUG c.o.v.ReadOnlyMarketDataChannelPublishVisitor - Ask Side Size: 7
13:00:19.400 [main] DEBUG c.o.v.ReadOnlyMarketDataChannelPublishVisitor - Adding Mkt Data Msg ASK: Price=98 Qty=1002
13:00:19.400 [main] DEBUG c.o.v.ReadOnlyMarketDataChannelPublishVisitor - Adding Mkt Data Msg ASK: Price=101 Qty=200
13:00:19.400 [main] DEBUG c.o.v.ReadOnlyMarketDataChannelPublishVisitor - Adding Mkt Data Msg ASK: Price=110 Qty=5000
13:00:19.400 [main] DEBUG c.o.v.ReadOnlyMarketDataChannelPublishVisitor - Adding Mkt Data Msg ASK: Price=119 Qty=5600
13:00:19.400 [main] DEBUG c.o.v.ReadOnlyMarketDataChannelPublishVisitor - Adding Mkt Data Msg ASK: Price=123 Qty=453
13:00:19.400 [main] DEBUG c.o.v.ReadOnlyMarketDataChannelPublishVisitor - Adding Mkt Data Msg ASK: Price=144 Qty=645
13:00:19.400 [main] DEBUG c.o.v.ReadOnlyMarketDataChannelPublishVisitor - Adding Mkt Data Msg ASK: Price=167 Qty=665
13:00:19.400 [main] INFO  c.o.channel.MarketDataChannel - [ORDERBOOK] Sending market data update...
13:00:19.400 [main] INFO  c.sequencer.consumer.LoggingConsumer - [45] 
|----BID-----|
4382470 @ 43
|----ASK-----|
   1002 @ 98
   200 @ 101
  5000 @ 110
  5600 @ 119
   453 @ 123
   645 @ 144
   665 @ 167

13:00:19.400 [main] DEBUG c.service.MarketDataService - [ALGO] BID: price:43 quantity:4382470
13:00:19.400 [main] DEBUG c.service.MarketDataService - [ALGO] ASK: price:98 quantity:1002
13:00:19.400 [main] DEBUG c.service.MarketDataService - [ALGO] ASK: price:101 quantity:200
13:00:19.400 [main] DEBUG c.service.MarketDataService - [ALGO] ASK: price:110 quantity:5000
13:00:19.400 [main] DEBUG c.service.MarketDataService - [ALGO] ASK: price:119 quantity:5600
13:00:19.400 [main] DEBUG c.service.MarketDataService - [ALGO] ASK: price:123 quantity:453
13:00:19.400 [main] DEBUG c.service.MarketDataService - [ALGO] ASK: price:144 quantity:645
13:00:19.400 [main] DEBUG c.service.MarketDataService - [ALGO] ASK: price:167 quantity:665
13:00:19.400 [main] INFO  c.gettingstarted.MyAlgoLogic - [MYALGO] The state of the order book is:
|----BID-----||----ASK----|
4382470 @ 43   1002 @ 98
          -    200 @ 101
          -   5000 @ 110
          -   5600 @ 119
          -    453 @ 123
          -    645 @ 144
          -    665 @ 167
|------------||-----------|

13:00:19.400 [main] INFO  c.gettingstarted.MyAlgoLogic - [MYALGO] Algo Sees Book as: 
|----BID-----||----ASK----|
4382470 @ 43   1002 @ 98
          -    200 @ 101
          -   5000 @ 110
          -   5600 @ 119
          -    453 @ 123
          -    645 @ 144
          -    665 @ 167
|------------||-----------|

13:00:19.400 [main] INFO  c.gettingstarted.TimedLogic - [TIMEDLOGIC] Market is open
13:00:19.400 [main] INFO  c.gettingstarted.MyAlgoLogic - [MYALGO] Have:10 children, want 7, done.
13:00:19.400 [main] INFO  c.gettingstarted.MyAlgoLogic - [MYALGO] Active orders are 10
13:00:19.400 [main] INFO  c.gettingstarted.MyAlgoLogic - [MYALGO] Cancelling order:codingblackfemales.sotw.ChildOrder@71e9ddb4
13:00:19.400 [main] INFO  c.gettingstarted.MyAlgoLogic - [MYALGO] Option is present, number of active orders are 10
13:00:19.400 [main] INFO  c.container.Actioner - [ALGO] Actioner, sending action:CancelChildOrder(codingblackfemales.sotw.ChildOrder@71e9ddb4)
13:00:19.400 [main] INFO  c.sequencer.consumer.LoggingConsumer - [46] [CancelOrder](sbeTemplateId=5|sbeSchemaId=2|sbeSchemaVersion=0|sbeBlockLength=8):orderId=8
13:00:19.400 [main] INFO  c.orderbook.OrderBook - [ORDERBOOK] Cancelling order (id=:8)
13:00:19.400 [main] INFO  c.o.visitor.CancelOrderVisitor - [ORDERBOOK] Cancelling order: Limit(side=BUY,orderId=8,price=43,quantity=8576)
13:00:19.400 [main] DEBUG c.o.v.ReadOnlyMarketDataChannelPublishVisitor - Bid Side Size: 1
13:00:19.400 [main] DEBUG c.o.v.ReadOnlyMarketDataChannelPublishVisitor - Adding Mkt Data Msg BID: Price=43 Qty=4373894
13:00:19.400 [main] DEBUG c.o.v.ReadOnlyMarketDataChannelPublishVisitor - Ask Side Size: 7
13:00:19.400 [main] DEBUG c.o.v.ReadOnlyMarketDataChannelPublishVisitor - Adding Mkt Data Msg ASK: Price=98 Qty=1002
13:00:19.400 [main] DEBUG c.o.v.ReadOnlyMarketDataChannelPublishVisitor - Adding Mkt Data Msg ASK: Price=101 Qty=200
13:00:19.400 [main] DEBUG c.o.v.ReadOnlyMarketDataChannelPublishVisitor - Adding Mkt Data Msg ASK: Price=110 Qty=5000
13:00:19.400 [main] DEBUG c.o.v.ReadOnlyMarketDataChannelPublishVisitor - Adding Mkt Data Msg ASK: Price=119 Qty=5600
13:00:19.400 [main] DEBUG c.o.v.ReadOnlyMarketDataChannelPublishVisitor - Adding Mkt Data Msg ASK: Price=123 Qty=453
13:00:19.400 [main] DEBUG c.o.v.ReadOnlyMarketDataChannelPublishVisitor - Adding Mkt Data Msg ASK: Price=144 Qty=645
13:00:19.400 [main] DEBUG c.o.v.ReadOnlyMarketDataChannelPublishVisitor - Adding Mkt Data Msg ASK: Price=167 Qty=665
13:00:19.400 [main] INFO  c.o.channel.MarketDataChannel - [ORDERBOOK] Sending market data update...
13:00:19.400 [main] INFO  c.sequencer.consumer.LoggingConsumer - [47] 
|----BID-----|
4373894 @ 43
|----ASK-----|
   1002 @ 98
   200 @ 101
  5000 @ 110
  5600 @ 119
   453 @ 123
   645 @ 144
   665 @ 167

13:00:19.400 [main] DEBUG c.service.MarketDataService - [ALGO] BID: price:43 quantity:4373894
13:00:19.400 [main] DEBUG c.service.MarketDataService - [ALGO] ASK: price:98 quantity:1002
13:00:19.400 [main] DEBUG c.service.MarketDataService - [ALGO] ASK: price:101 quantity:200
13:00:19.400 [main] DEBUG c.service.MarketDataService - [ALGO] ASK: price:110 quantity:5000
13:00:19.400 [main] DEBUG c.service.MarketDataService - [ALGO] ASK: price:119 quantity:5600
13:00:19.400 [main] DEBUG c.service.MarketDataService - [ALGO] ASK: price:123 quantity:453
13:00:19.400 [main] DEBUG c.service.MarketDataService - [ALGO] ASK: price:144 quantity:645
13:00:19.400 [main] DEBUG c.service.MarketDataService - [ALGO] ASK: price:167 quantity:665
13:00:19.400 [main] INFO  c.gettingstarted.MyAlgoLogic - [MYALGO] The state of the order book is:
|----BID-----||----ASK----|
4373894 @ 43   1002 @ 98
          -    200 @ 101
          -   5000 @ 110
          -   5600 @ 119
          -    453 @ 123
          -    645 @ 144
          -    665 @ 167
|------------||-----------|

13:00:19.400 [main] INFO  c.gettingstarted.MyAlgoLogic - [MYALGO] Algo Sees Book as: 
|----BID-----||----ASK----|
4373894 @ 43   1002 @ 98
          -    200 @ 101
          -   5000 @ 110
          -   5600 @ 119
          -    453 @ 123
          -    645 @ 144
          -    665 @ 167
|------------||-----------|

13:00:19.400 [main] INFO  c.gettingstarted.TimedLogic - [TIMEDLOGIC] Market is open
13:00:19.400 [main] INFO  c.gettingstarted.MyAlgoLogic - [MYALGO] Have:9 children, want 7, done.
13:00:19.400 [main] INFO  c.gettingstarted.MyAlgoLogic - [MYALGO] Active orders are 9
13:00:19.400 [main] INFO  c.gettingstarted.MyAlgoLogic - [MYALGO] Cancelling order:codingblackfemales.sotw.ChildOrder@394df057
13:00:19.400 [main] INFO  c.gettingstarted.MyAlgoLogic - [MYALGO] Option is present, number of active orders are 9
13:00:19.400 [main] INFO  c.container.Actioner - [ALGO] Actioner, sending action:CancelChildOrder(codingblackfemales.sotw.ChildOrder@394df057)
13:00:19.400 [main] INFO  c.sequencer.consumer.LoggingConsumer - [48] [CancelOrder](sbeTemplateId=5|sbeSchemaId=2|sbeSchemaVersion=0|sbeBlockLength=8):orderId=9
13:00:19.400 [main] INFO  c.orderbook.OrderBook - [ORDERBOOK] Cancelling order (id=:9)
13:00:19.400 [main] INFO  c.o.visitor.CancelOrderVisitor - [ORDERBOOK] Cancelling order: Limit(side=BUY,orderId=9,price=43,quantity=17152)
13:00:19.400 [main] DEBUG c.o.v.ReadOnlyMarketDataChannelPublishVisitor - Bid Side Size: 1
13:00:19.400 [main] DEBUG c.o.v.ReadOnlyMarketDataChannelPublishVisitor - Adding Mkt Data Msg BID: Price=43 Qty=4356742
13:00:19.400 [main] DEBUG c.o.v.ReadOnlyMarketDataChannelPublishVisitor - Ask Side Size: 7
13:00:19.400 [main] DEBUG c.o.v.ReadOnlyMarketDataChannelPublishVisitor - Adding Mkt Data Msg ASK: Price=98 Qty=1002
13:00:19.400 [main] DEBUG c.o.v.ReadOnlyMarketDataChannelPublishVisitor - Adding Mkt Data Msg ASK: Price=101 Qty=200
13:00:19.400 [main] DEBUG c.o.v.ReadOnlyMarketDataChannelPublishVisitor - Adding Mkt Data Msg ASK: Price=110 Qty=5000
13:00:19.400 [main] DEBUG c.o.v.ReadOnlyMarketDataChannelPublishVisitor - Adding Mkt Data Msg ASK: Price=119 Qty=5600
13:00:19.400 [main] DEBUG c.o.v.ReadOnlyMarketDataChannelPublishVisitor - Adding Mkt Data Msg ASK: Price=123 Qty=453
13:00:19.400 [main] DEBUG c.o.v.ReadOnlyMarketDataChannelPublishVisitor - Adding Mkt Data Msg ASK: Price=144 Qty=645
13:00:19.400 [main] DEBUG c.o.v.ReadOnlyMarketDataChannelPublishVisitor - Adding Mkt Data Msg ASK: Price=167 Qty=665
13:00:19.400 [main] INFO  c.o.channel.MarketDataChannel - [ORDERBOOK] Sending market data update...
13:00:19.400 [main] INFO  c.sequencer.consumer.LoggingConsumer - [49] 
|----BID-----|
4356742 @ 43
|----ASK-----|
   1002 @ 98
   200 @ 101
  5000 @ 110
  5600 @ 119
   453 @ 123
   645 @ 144
   665 @ 167

13:00:19.400 [main] DEBUG c.service.MarketDataService - [ALGO] BID: price:43 quantity:4356742
13:00:19.400 [main] DEBUG c.service.MarketDataService - [ALGO] ASK: price:98 quantity:1002
13:00:19.400 [main] DEBUG c.service.MarketDataService - [ALGO] ASK: price:101 quantity:200
13:00:19.400 [main] DEBUG c.service.MarketDataService - [ALGO] ASK: price:110 quantity:5000
13:00:19.400 [main] DEBUG c.service.MarketDataService - [ALGO] ASK: price:119 quantity:5600
13:00:19.400 [main] DEBUG c.service.MarketDataService - [ALGO] ASK: price:123 quantity:453
13:00:19.400 [main] DEBUG c.service.MarketDataService - [ALGO] ASK: price:144 quantity:645
13:00:19.400 [main] DEBUG c.service.MarketDataService - [ALGO] ASK: price:167 quantity:665
13:00:19.400 [main] INFO  c.gettingstarted.MyAlgoLogic - [MYALGO] The state of the order book is:
|----BID-----||----ASK----|
4356742 @ 43   1002 @ 98
          -    200 @ 101
          -   5000 @ 110
          -   5600 @ 119
          -    453 @ 123
          -    645 @ 144
          -    665 @ 167
|------------||-----------|

13:00:19.400 [main] INFO  c.gettingstarted.MyAlgoLogic - [MYALGO] Algo Sees Book as: 
|----BID-----||----ASK----|
4356742 @ 43   1002 @ 98
          -    200 @ 101
          -   5000 @ 110
          -   5600 @ 119
          -    453 @ 123
          -    645 @ 144
          -    665 @ 167
|------------||-----------|

13:00:19.400 [main] INFO  c.gettingstarted.TimedLogic - [TIMEDLOGIC] Market is open
13:00:19.400 [main] INFO  c.gettingstarted.MyAlgoLogic - [MYALGO] Have:8 children, want 7, done.
13:00:19.400 [main] INFO  c.gettingstarted.MyAlgoLogic - [MYALGO] Active orders are 8
13:00:19.400 [main] INFO  c.gettingstarted.MyAlgoLogic - [MYALGO] Cancelling order:codingblackfemales.sotw.ChildOrder@4961f6af
13:00:19.400 [main] INFO  c.gettingstarted.MyAlgoLogic - [MYALGO] Option is present, number of active orders are 8
13:00:19.400 [main] INFO  c.container.Actioner - [ALGO] Actioner, sending action:CancelChildOrder(codingblackfemales.sotw.ChildOrder@4961f6af)
13:00:19.400 [main] INFO  c.sequencer.consumer.LoggingConsumer - [50] [CancelOrder](sbeTemplateId=5|sbeSchemaId=2|sbeSchemaVersion=0|sbeBlockLength=8):orderId=10
13:00:19.400 [main] INFO  c.orderbook.OrderBook - [ORDERBOOK] Cancelling order (id=:10)
13:00:19.400 [main] INFO  c.o.visitor.CancelOrderVisitor - [ORDERBOOK] Cancelling order: Limit(side=BUY,orderId=10,price=43,quantity=34304)
13:00:19.400 [main] DEBUG c.o.v.ReadOnlyMarketDataChannelPublishVisitor - Bid Side Size: 1
13:00:19.400 [main] DEBUG c.o.v.ReadOnlyMarketDataChannelPublishVisitor - Adding Mkt Data Msg BID: Price=43 Qty=4322438
13:00:19.400 [main] DEBUG c.o.v.ReadOnlyMarketDataChannelPublishVisitor - Ask Side Size: 7
13:00:19.400 [main] DEBUG c.o.v.ReadOnlyMarketDataChannelPublishVisitor - Adding Mkt Data Msg ASK: Price=98 Qty=1002
13:00:19.400 [main] DEBUG c.o.v.ReadOnlyMarketDataChannelPublishVisitor - Adding Mkt Data Msg ASK: Price=101 Qty=200
13:00:19.400 [main] DEBUG c.o.v.ReadOnlyMarketDataChannelPublishVisitor - Adding Mkt Data Msg ASK: Price=110 Qty=5000
13:00:19.400 [main] DEBUG c.o.v.ReadOnlyMarketDataChannelPublishVisitor - Adding Mkt Data Msg ASK: Price=119 Qty=5600
13:00:19.400 [main] DEBUG c.o.v.ReadOnlyMarketDataChannelPublishVisitor - Adding Mkt Data Msg ASK: Price=123 Qty=453
13:00:19.400 [main] DEBUG c.o.v.ReadOnlyMarketDataChannelPublishVisitor - Adding Mkt Data Msg ASK: Price=144 Qty=645
13:00:19.400 [main] DEBUG c.o.v.ReadOnlyMarketDataChannelPublishVisitor - Adding Mkt Data Msg ASK: Price=167 Qty=665
13:00:19.400 [main] INFO  c.o.channel.MarketDataChannel - [ORDERBOOK] Sending market data update...
13:00:19.400 [main] INFO  c.sequencer.consumer.LoggingConsumer - [51] 
|----BID-----|
4322438 @ 43
|----ASK-----|
   1002 @ 98
   200 @ 101
  5000 @ 110
  5600 @ 119
   453 @ 123
   645 @ 144
   665 @ 167

13:00:19.400 [main] DEBUG c.service.MarketDataService - [ALGO] BID: price:43 quantity:4322438
13:00:19.400 [main] DEBUG c.service.MarketDataService - [ALGO] ASK: price:98 quantity:1002
13:00:19.400 [main] DEBUG c.service.MarketDataService - [ALGO] ASK: price:101 quantity:200
13:00:19.400 [main] DEBUG c.service.MarketDataService - [ALGO] ASK: price:110 quantity:5000
13:00:19.400 [main] DEBUG c.service.MarketDataService - [ALGO] ASK: price:119 quantity:5600
13:00:19.400 [main] DEBUG c.service.MarketDataService - [ALGO] ASK: price:123 quantity:453
13:00:19.400 [main] DEBUG c.service.MarketDataService - [ALGO] ASK: price:144 quantity:645
13:00:19.400 [main] DEBUG c.service.MarketDataService - [ALGO] ASK: price:167 quantity:665
13:00:19.400 [main] INFO  c.gettingstarted.MyAlgoLogic - [MYALGO] The state of the order book is:
|----BID-----||----ASK----|
4322438 @ 43   1002 @ 98
          -    200 @ 101
          -   5000 @ 110
          -   5600 @ 119
          -    453 @ 123
          -    645 @ 144
          -    665 @ 167
|------------||-----------|

13:00:19.400 [main] INFO  c.gettingstarted.MyAlgoLogic - [MYALGO] Algo Sees Book as: 
|----BID-----||----ASK----|
4322438 @ 43   1002 @ 98
          -    200 @ 101
          -   5000 @ 110
          -   5600 @ 119
          -    453 @ 123
          -    645 @ 144
          -    665 @ 167
|------------||-----------|

13:00:19.400 [main] INFO  c.gettingstarted.TimedLogic - [TIMEDLOGIC] Market is open
13:00:19.400 [main] INFO  c.gettingstarted.MyAlgoLogic - [MYALGO] Have:7 children, want 7, done.
13:00:19.400 [main] INFO  c.gettingstarted.MyAlgoLogic - [MYALGO] Active orders are 7
13:00:19.400 [main] INFO  c.gettingstarted.MyAlgoLogic - [MYALGO] Cancelling order:codingblackfemales.sotw.ChildOrder@5aebe890
13:00:19.400 [main] INFO  c.gettingstarted.MyAlgoLogic - [MYALGO] Option is present, number of active orders are 7
13:00:19.400 [main] INFO  c.container.Actioner - [ALGO] Actioner, sending action:CancelChildOrder(codingblackfemales.sotw.ChildOrder@5aebe890)
13:00:19.400 [main] INFO  c.sequencer.consumer.LoggingConsumer - [52] [CancelOrder](sbeTemplateId=5|sbeSchemaId=2|sbeSchemaVersion=0|sbeBlockLength=8):orderId=11
13:00:19.400 [main] INFO  c.orderbook.OrderBook - [ORDERBOOK] Cancelling order (id=:11)
13:00:19.400 [main] INFO  c.o.visitor.CancelOrderVisitor - [ORDERBOOK] Cancelling order: Limit(side=BUY,orderId=11,price=43,quantity=68608)
13:00:19.400 [main] DEBUG c.o.v.ReadOnlyMarketDataChannelPublishVisitor - Bid Side Size: 1
13:00:19.400 [main] DEBUG c.o.v.ReadOnlyMarketDataChannelPublishVisitor - Adding Mkt Data Msg BID: Price=43 Qty=4253830
13:00:19.400 [main] DEBUG c.o.v.ReadOnlyMarketDataChannelPublishVisitor - Ask Side Size: 7
13:00:19.400 [main] DEBUG c.o.v.ReadOnlyMarketDataChannelPublishVisitor - Adding Mkt Data Msg ASK: Price=98 Qty=1002
13:00:19.400 [main] DEBUG c.o.v.ReadOnlyMarketDataChannelPublishVisitor - Adding Mkt Data Msg ASK: Price=101 Qty=200
13:00:19.400 [main] DEBUG c.o.v.ReadOnlyMarketDataChannelPublishVisitor - Adding Mkt Data Msg ASK: Price=110 Qty=5000
13:00:19.400 [main] DEBUG c.o.v.ReadOnlyMarketDataChannelPublishVisitor - Adding Mkt Data Msg ASK: Price=119 Qty=5600
13:00:19.400 [main] DEBUG c.o.v.ReadOnlyMarketDataChannelPublishVisitor - Adding Mkt Data Msg ASK: Price=123 Qty=453
13:00:19.400 [main] DEBUG c.o.v.ReadOnlyMarketDataChannelPublishVisitor - Adding Mkt Data Msg ASK: Price=144 Qty=645
13:00:19.400 [main] DEBUG c.o.v.ReadOnlyMarketDataChannelPublishVisitor - Adding Mkt Data Msg ASK: Price=167 Qty=665
13:00:19.400 [main] INFO  c.o.channel.MarketDataChannel - [ORDERBOOK] Sending market data update...
13:00:19.400 [main] INFO  c.sequencer.consumer.LoggingConsumer - [53] 
|----BID-----|
4253830 @ 43
|----ASK-----|
   1002 @ 98
   200 @ 101
  5000 @ 110
  5600 @ 119
   453 @ 123
   645 @ 144
   665 @ 167

13:00:19.400 [main] DEBUG c.service.MarketDataService - [ALGO] BID: price:43 quantity:4253830
13:00:19.400 [main] DEBUG c.service.MarketDataService - [ALGO] ASK: price:98 quantity:1002
13:00:19.400 [main] DEBUG c.service.MarketDataService - [ALGO] ASK: price:101 quantity:200
13:00:19.400 [main] DEBUG c.service.MarketDataService - [ALGO] ASK: price:110 quantity:5000
13:00:19.400 [main] DEBUG c.service.MarketDataService - [ALGO] ASK: price:119 quantity:5600
13:00:19.400 [main] DEBUG c.service.MarketDataService - [ALGO] ASK: price:123 quantity:453
13:00:19.400 [main] DEBUG c.service.MarketDataService - [ALGO] ASK: price:144 quantity:645
13:00:19.400 [main] DEBUG c.service.MarketDataService - [ALGO] ASK: price:167 quantity:665
13:00:19.400 [main] INFO  c.gettingstarted.MyAlgoLogic - [MYALGO] The state of the order book is:
|----BID-----||----ASK----|
4253830 @ 43   1002 @ 98
          -    200 @ 101
          -   5000 @ 110
          -   5600 @ 119
          -    453 @ 123
          -    645 @ 144
          -    665 @ 167
|------------||-----------|

13:00:19.400 [main] INFO  c.gettingstarted.MyAlgoLogic - [MYALGO] Algo Sees Book as: 
|----BID-----||----ASK----|
4253830 @ 43   1002 @ 98
          -    200 @ 101
          -   5000 @ 110
          -   5600 @ 119
          -    453 @ 123
          -    645 @ 144
          -    665 @ 167
|------------||-----------|

13:00:19.400 [main] INFO  c.gettingstarted.TimedLogic - [TIMEDLOGIC] Market is open
13:00:19.400 [main] INFO  c.sequencer.consumer.LoggingConsumer - [54] 
|----BID-----|
    134 @ 43
    145 @ 76
    300 @ 91
    200 @ 93
    100 @ 95
    154 @ 98
|----ASK-----|
    501 @ 98
   200 @ 101
  5000 @ 110
  5600 @ 119
   453 @ 123
   645 @ 144
   665 @ 167

13:00:19.400 [main] INFO  c.orderbook.OrderBook - [ORDERBOOK] Processing Mkt Data Update
13:00:19.400 [main] INFO  c.o.v.MutatingRemoveAllMarketDataOrdersVisitor - [ORDERBOOK] Removing market data order:MktData(price=43,quantity=134)
13:00:19.400 [main] DEBUG c.orderbook.OrderBook - [ORDERBOOK] ASK: Adding orderMktData(price=43,quantity=134)
13:00:19.400 [main] INFO  c.o.visitor.MutatingAddOrderVisitor - [ORDERBOOK] + Limit(side=BUY,orderId=16,price=43,quantity=2195456)
13:00:19.400 [main] DEBUG c.orderbook.OrderBook - [ORDERBOOK] ASK: Adding orderMktData(price=76,quantity=145)
13:00:19.400 [main] DEBUG c.orderbook.OrderBook - [ORDERBOOK] ASK: Adding orderMktData(price=91,quantity=300)
13:00:19.400 [main] DEBUG c.orderbook.OrderBook - [ORDERBOOK] ASK: Adding orderMktData(price=93,quantity=200)
13:00:19.400 [main] DEBUG c.orderbook.OrderBook - [ORDERBOOK] ASK: Adding orderMktData(price=95,quantity=100)
13:00:19.400 [main] DEBUG c.orderbook.OrderBook - [ORDERBOOK] ASK: Adding orderMktData(price=98,quantity=154)
13:00:19.416 [main] INFO  c.o.v.MutatingMatchOneMarketDataOrderVisitor - [ORDERBOOK] visiting LevelOrderBookLevel(price=43,quantity=4253964)
13:00:19.416 [main] INFO  c.o.v.MutatingMatchOneMarketDataOrderVisitor - [ORDERBOOK] Can't match order:Limit(side=BUY,orderId=3,price=43,quantity=268)(MktData(price=98,quantity=154))
13:00:19.416 [main] INFO  c.o.v.MutatingMatchOneMarketDataOrderVisitor - [ORDERBOOK] Can't match order:Limit(side=BUY,orderId=5,price=43,quantity=1072)(MktData(price=98,quantity=154))
13:00:19.416 [main] INFO  c.o.v.MutatingMatchOneMarketDataOrderVisitor - [ORDERBOOK] Can't match order:Limit(side=BUY,orderId=7,price=43,quantity=4288)(MktData(price=98,quantity=154))
13:00:19.416 [main] INFO  c.o.v.MutatingMatchOneMarketDataOrderVisitor - [ORDERBOOK] Can't match order:Limit(side=BUY,orderId=9,price=43,quantity=17152)(MktData(price=98,quantity=154))
13:00:19.416 [main] INFO  c.o.v.MutatingMatchOneMarketDataOrderVisitor - [ORDERBOOK] Can't match order:Limit(side=BUY,orderId=11,price=43,quantity=68608)(MktData(price=98,quantity=154))
13:00:19.416 [main] INFO  c.o.v.MutatingMatchOneMarketDataOrderVisitor - [ORDERBOOK] Can't match order:Limit(side=BUY,orderId=12,price=43,quantity=137216)(MktData(price=98,quantity=154))
13:00:19.416 [main] INFO  c.o.v.MutatingMatchOneMarketDataOrderVisitor - [ORDERBOOK] Can't match order:Limit(side=BUY,orderId=13,price=43,quantity=274432)(MktData(price=98,quantity=154))
13:00:19.416 [main] INFO  c.o.v.MutatingMatchOneMarketDataOrderVisitor - [ORDERBOOK] Can't match order:Limit(side=BUY,orderId=14,price=43,quantity=548864)(MktData(price=98,quantity=154))
13:00:19.416 [main] INFO  c.o.v.MutatingMatchOneMarketDataOrderVisitor - [ORDERBOOK] Can't match order:Limit(side=BUY,orderId=15,price=43,quantity=1097728)(MktData(price=98,quantity=154))
13:00:19.416 [main] INFO  c.o.v.MutatingMatchOneMarketDataOrderVisitor - [ORDERBOOK] Can't match order:Limit(side=BUY,orderId=16,price=43,quantity=2195456)(MktData(price=98,quantity=154))
13:00:19.416 [main] INFO  c.o.v.MutatingMatchOneMarketDataOrderVisitor - [ORDERBOOK] Can't match order:MktData(price=43,quantity=134)(MktData(price=98,quantity=154))
13:00:19.416 [main] INFO  c.o.v.MutatingRemoveAllMarketDataOrdersVisitor - [ORDERBOOK] Removing market data order:MktData(price=98,quantity=501)
13:00:19.416 [main] INFO  c.o.v.MutatingRemoveAllMarketDataOrdersVisitor - [ORDERBOOK] Removing market data order:MktData(price=101,quantity=200)
13:00:19.416 [main] INFO  c.o.v.MutatingRemoveAllMarketDataOrdersVisitor - [ORDERBOOK] Removing level:101
13:00:19.416 [main] INFO  c.o.v.MutatingRemoveAllMarketDataOrdersVisitor - [ORDERBOOK] Removing market data order:MktData(price=110,quantity=5000)
13:00:19.416 [main] INFO  c.o.v.MutatingRemoveAllMarketDataOrdersVisitor - [ORDERBOOK] Removing level:110
13:00:19.416 [main] INFO  c.o.v.MutatingRemoveAllMarketDataOrdersVisitor - [ORDERBOOK] Removing market data order:MktData(price=119,quantity=5600)
13:00:19.416 [main] INFO  c.o.v.MutatingRemoveAllMarketDataOrdersVisitor - [ORDERBOOK] Removing level:119
13:00:19.416 [main] INFO  c.o.v.MutatingRemoveAllMarketDataOrdersVisitor - [ORDERBOOK] Removing market data order:MktData(price=123,quantity=453)
13:00:19.416 [main] INFO  c.o.v.MutatingRemoveAllMarketDataOrdersVisitor - [ORDERBOOK] Removing level:123
13:00:19.416 [main] INFO  c.o.v.MutatingRemoveAllMarketDataOrdersVisitor - [ORDERBOOK] Removing market data order:MktData(price=144,quantity=645)
13:00:19.416 [main] INFO  c.o.v.MutatingRemoveAllMarketDataOrdersVisitor - [ORDERBOOK] Removing level:144
13:00:19.416 [main] INFO  c.o.v.MutatingRemoveAllMarketDataOrdersVisitor - [ORDERBOOK] Removing market data order:MktData(price=167,quantity=665)
13:00:19.416 [main] INFO  c.o.v.MutatingRemoveAllMarketDataOrdersVisitor - [ORDERBOOK] Removing level:167
13:00:19.416 [main] DEBUG c.orderbook.OrderBook - [ORDERBOOK] ASK: Adding orderMktData(price=98,quantity=501)
13:00:19.416 [main] INFO  c.o.visitor.MutatingAddOrderVisitor - [ORDERBOOK] + Limit(side=SELL,orderId=17,price=98,quantity=501)
13:00:19.416 [main] DEBUG c.orderbook.OrderBook - [ORDERBOOK] ASK: Adding orderMktData(price=101,quantity=200)
13:00:19.416 [main] DEBUG c.orderbook.OrderBook - [ORDERBOOK] ASK: Adding orderMktData(price=110,quantity=5000)
13:00:19.416 [main] DEBUG c.orderbook.OrderBook - [ORDERBOOK] ASK: Adding orderMktData(price=119,quantity=5600)
13:00:19.416 [main] DEBUG c.orderbook.OrderBook - [ORDERBOOK] ASK: Adding orderMktData(price=123,quantity=453)
13:00:19.416 [main] DEBUG c.orderbook.OrderBook - [ORDERBOOK] ASK: Adding orderMktData(price=144,quantity=645)
13:00:19.416 [main] DEBUG c.orderbook.OrderBook - [ORDERBOOK] ASK: Adding orderMktData(price=167,quantity=665)
13:00:19.416 [main] DEBUG c.service.MarketDataService - [ALGO] BID: price:43 quantity:134
13:00:19.416 [main] DEBUG c.service.MarketDataService - [ALGO] BID: price:76 quantity:145
13:00:19.416 [main] DEBUG c.service.MarketDataService - [ALGO] BID: price:91 quantity:300
13:00:19.416 [main] DEBUG c.service.MarketDataService - [ALGO] BID: price:93 quantity:200
13:00:19.416 [main] DEBUG c.service.MarketDataService - [ALGO] BID: price:95 quantity:100
13:00:19.416 [main] DEBUG c.service.MarketDataService - [ALGO] BID: price:98 quantity:154
13:00:19.416 [main] DEBUG c.service.MarketDataService - [ALGO] ASK: price:98 quantity:501
13:00:19.416 [main] DEBUG c.service.MarketDataService - [ALGO] ASK: price:101 quantity:200
13:00:19.416 [main] DEBUG c.service.MarketDataService - [ALGO] ASK: price:110 quantity:5000
13:00:19.416 [main] DEBUG c.service.MarketDataService - [ALGO] ASK: price:119 quantity:5600
13:00:19.416 [main] DEBUG c.service.MarketDataService - [ALGO] ASK: price:123 quantity:453
13:00:19.416 [main] DEBUG c.service.MarketDataService - [ALGO] ASK: price:144 quantity:645
13:00:19.416 [main] DEBUG c.service.MarketDataService - [ALGO] ASK: price:167 quantity:665
13:00:19.416 [main] INFO  c.gettingstarted.MyAlgoLogic - [MYALGO] The state of the order book is:
|----BID-----||----ASK----|
    134 @ 43    501 @ 98
    145 @ 76   200 @ 101
    300 @ 91  5000 @ 110
    200 @ 93  5600 @ 119
    100 @ 95   453 @ 123
    154 @ 98   645 @ 144
          -    665 @ 167
|------------||-----------|

13:00:19.416 [main] INFO  c.gettingstarted.MyAlgoLogic - [MYALGO] Algo Sees Book as: 
|----BID-----||----ASK----|
    134 @ 43    501 @ 98
    145 @ 76   200 @ 101
    300 @ 91  5000 @ 110
    200 @ 93  5600 @ 119
    100 @ 95   453 @ 123
    154 @ 98   645 @ 144
          -    665 @ 167
|------------||-----------|

13:00:19.416 [main] INFO  c.gettingstarted.TimedLogic - [TIMEDLOGIC] Market is open
13:00:19.416 [main] INFO  c.sequencer.consumer.LoggingConsumer - [55] 
|----BID-----|
    134 @ 43
    145 @ 76
    300 @ 91
    200 @ 93
    100 @ 95
    154 @ 98
|----ASK-----|
    501 @ 98
   200 @ 101
  5000 @ 110
  5600 @ 119
   453 @ 123
   645 @ 144
   665 @ 167

13:00:19.416 [main] INFO  c.orderbook.OrderBook - [ORDERBOOK] Processing Mkt Data Update
13:00:19.416 [main] INFO  c.o.v.MutatingRemoveAllMarketDataOrdersVisitor - [ORDERBOOK] Removing market data order:MktData(price=43,quantity=134)
13:00:19.416 [main] DEBUG c.orderbook.OrderBook - [ORDERBOOK] ASK: Adding orderMktData(price=43,quantity=134)
13:00:19.416 [main] INFO  c.o.visitor.MutatingAddOrderVisitor - [ORDERBOOK] + Limit(side=BUY,orderId=16,price=43,quantity=2195456)
13:00:19.416 [main] DEBUG c.orderbook.OrderBook - [ORDERBOOK] ASK: Adding orderMktData(price=76,quantity=145)
13:00:19.416 [main] DEBUG c.orderbook.OrderBook - [ORDERBOOK] ASK: Adding orderMktData(price=91,quantity=300)
13:00:19.416 [main] DEBUG c.orderbook.OrderBook - [ORDERBOOK] ASK: Adding orderMktData(price=93,quantity=200)
13:00:19.416 [main] DEBUG c.orderbook.OrderBook - [ORDERBOOK] ASK: Adding orderMktData(price=95,quantity=100)
13:00:19.416 [main] DEBUG c.orderbook.OrderBook - [ORDERBOOK] ASK: Adding orderMktData(price=98,quantity=154)
13:00:19.416 [main] INFO  c.o.v.MutatingMatchOneMarketDataOrderVisitor - [ORDERBOOK] visiting LevelOrderBookLevel(price=43,quantity=4254098)
13:00:19.416 [main] INFO  c.o.v.MutatingMatchOneMarketDataOrderVisitor - [ORDERBOOK] Can't match order:Limit(side=BUY,orderId=3,price=43,quantity=268)(MktData(price=98,quantity=154))
13:00:19.416 [main] INFO  c.o.v.MutatingMatchOneMarketDataOrderVisitor - [ORDERBOOK] Can't match order:Limit(side=BUY,orderId=5,price=43,quantity=1072)(MktData(price=98,quantity=154))
13:00:19.416 [main] INFO  c.o.v.MutatingMatchOneMarketDataOrderVisitor - [ORDERBOOK] Can't match order:Limit(side=BUY,orderId=7,price=43,quantity=4288)(MktData(price=98,quantity=154))
13:00:19.416 [main] INFO  c.o.v.MutatingMatchOneMarketDataOrderVisitor - [ORDERBOOK] Can't match order:Limit(side=BUY,orderId=9,price=43,quantity=17152)(MktData(price=98,quantity=154))
13:00:19.416 [main] INFO  c.o.v.MutatingMatchOneMarketDataOrderVisitor - [ORDERBOOK] Can't match order:Limit(side=BUY,orderId=11,price=43,quantity=68608)(MktData(price=98,quantity=154))
13:00:19.416 [main] INFO  c.o.v.MutatingMatchOneMarketDataOrderVisitor - [ORDERBOOK] Can't match order:Limit(side=BUY,orderId=12,price=43,quantity=137216)(MktData(price=98,quantity=154))
13:00:19.416 [main] INFO  c.o.v.MutatingMatchOneMarketDataOrderVisitor - [ORDERBOOK] Can't match order:Limit(side=BUY,orderId=13,price=43,quantity=274432)(MktData(price=98,quantity=154))
13:00:19.416 [main] INFO  c.o.v.MutatingMatchOneMarketDataOrderVisitor - [ORDERBOOK] Can't match order:Limit(side=BUY,orderId=14,price=43,quantity=548864)(MktData(price=98,quantity=154))
13:00:19.416 [main] INFO  c.o.v.MutatingMatchOneMarketDataOrderVisitor - [ORDERBOOK] Can't match order:Limit(side=BUY,orderId=15,price=43,quantity=1097728)(MktData(price=98,quantity=154))
13:00:19.416 [main] INFO  c.o.v.MutatingMatchOneMarketDataOrderVisitor - [ORDERBOOK] Can't match order:Limit(side=BUY,orderId=16,price=43,quantity=2195456)(MktData(price=98,quantity=154))
13:00:19.416 [main] INFO  c.o.v.MutatingMatchOneMarketDataOrderVisitor - [ORDERBOOK] Can't match order:MktData(price=43,quantity=134)(MktData(price=98,quantity=154))
13:00:19.416 [main] INFO  c.o.v.MutatingRemoveAllMarketDataOrdersVisitor - [ORDERBOOK] Removing market data order:MktData(price=98,quantity=501)
13:00:19.416 [main] INFO  c.o.v.MutatingRemoveAllMarketDataOrdersVisitor - [ORDERBOOK] Removing market data order:MktData(price=110,quantity=5000)
13:00:19.416 [main] INFO  c.o.v.MutatingRemoveAllMarketDataOrdersVisitor - [ORDERBOOK] Removing market data order:MktData(price=123,quantity=453)
13:00:19.416 [main] INFO  c.o.v.MutatingRemoveAllMarketDataOrdersVisitor - [ORDERBOOK] Removing market data order:MktData(price=167,quantity=665)
13:00:19.416 [main] DEBUG c.orderbook.OrderBook - [ORDERBOOK] ASK: Adding orderMktData(price=98,quantity=501)
13:00:19.416 [main] INFO  c.o.visitor.MutatingAddOrderVisitor - [ORDERBOOK] + Limit(side=SELL,orderId=17,price=98,quantity=501)
13:00:19.416 [main] DEBUG c.orderbook.OrderBook - [ORDERBOOK] ASK: Adding orderMktData(price=101,quantity=200)
13:00:19.416 [main] DEBUG c.orderbook.OrderBook - [ORDERBOOK] ASK: Adding orderMktData(price=110,quantity=5000)
13:00:19.416 [main] DEBUG c.orderbook.OrderBook - [ORDERBOOK] ASK: Adding orderMktData(price=119,quantity=5600)
13:00:19.416 [main] DEBUG c.orderbook.OrderBook - [ORDERBOOK] ASK: Adding orderMktData(price=123,quantity=453)
13:00:19.416 [main] DEBUG c.orderbook.OrderBook - [ORDERBOOK] ASK: Adding orderMktData(price=144,quantity=645)
13:00:19.416 [main] DEBUG c.orderbook.OrderBook - [ORDERBOOK] ASK: Adding orderMktData(price=167,quantity=665)
13:00:19.416 [main] DEBUG c.service.MarketDataService - [ALGO] BID: price:43 quantity:134
13:00:19.416 [main] DEBUG c.service.MarketDataService - [ALGO] BID: price:76 quantity:145
13:00:19.416 [main] DEBUG c.service.MarketDataService - [ALGO] BID: price:91 quantity:300
13:00:19.416 [main] DEBUG c.service.MarketDataService - [ALGO] BID: price:93 quantity:200
13:00:19.416 [main] DEBUG c.service.MarketDataService - [ALGO] BID: price:95 quantity:100
13:00:19.416 [main] DEBUG c.service.MarketDataService - [ALGO] BID: price:98 quantity:154
13:00:19.416 [main] DEBUG c.service.MarketDataService - [ALGO] ASK: price:98 quantity:501
13:00:19.416 [main] DEBUG c.service.MarketDataService - [ALGO] ASK: price:101 quantity:200
13:00:19.416 [main] DEBUG c.service.MarketDataService - [ALGO] ASK: price:110 quantity:5000
13:00:19.416 [main] DEBUG c.service.MarketDataService - [ALGO] ASK: price:119 quantity:5600
13:00:19.416 [main] DEBUG c.service.MarketDataService - [ALGO] ASK: price:123 quantity:453
13:00:19.416 [main] DEBUG c.service.MarketDataService - [ALGO] ASK: price:144 quantity:645
13:00:19.416 [main] DEBUG c.service.MarketDataService - [ALGO] ASK: price:167 quantity:665
13:00:19.416 [main] INFO  c.gettingstarted.MyAlgoLogic - [MYALGO] The state of the order book is:
|----BID-----||----ASK----|
    134 @ 43    501 @ 98
    145 @ 76   200 @ 101
    300 @ 91  5000 @ 110
    200 @ 93  5600 @ 119
    100 @ 95   453 @ 123
    154 @ 98   645 @ 144
          -    665 @ 167
|------------||-----------|

13:00:19.416 [main] INFO  c.gettingstarted.MyAlgoLogic - [MYALGO] Algo Sees Book as: 
|----BID-----||----ASK----|
    134 @ 43    501 @ 98
    145 @ 76   200 @ 101
    300 @ 91  5000 @ 110
    200 @ 93  5600 @ 119
    100 @ 95   453 @ 123
    154 @ 98   645 @ 144
          -    665 @ 167
|------------||-----------|

13:00:19.416 [main] INFO  c.gettingstarted.TimedLogic - [TIMEDLOGIC] Market is open
13:00:19.416 [main] INFO  c.sequencer.consumer.LoggingConsumer - [56] 
|----BID-----|
    134 @ 43
    145 @ 76
    300 @ 91
    200 @ 93
    100 @ 95
    154 @ 98
|----ASK-----|
    501 @ 98
   200 @ 101
  5000 @ 110
  5600 @ 119
   453 @ 123
   645 @ 144
   665 @ 167

13:00:19.416 [main] INFO  c.orderbook.OrderBook - [ORDERBOOK] Processing Mkt Data Update
13:00:19.416 [main] INFO  c.o.v.MutatingRemoveAllMarketDataOrdersVisitor - [ORDERBOOK] Removing market data order:MktData(price=43,quantity=134)
13:00:19.416 [main] DEBUG c.orderbook.OrderBook - [ORDERBOOK] ASK: Adding orderMktData(price=43,quantity=134)
13:00:19.416 [main] INFO  c.o.visitor.MutatingAddOrderVisitor - [ORDERBOOK] + Limit(side=BUY,orderId=16,price=43,quantity=2195456)
13:00:19.416 [main] DEBUG c.orderbook.OrderBook - [ORDERBOOK] ASK: Adding orderMktData(price=76,quantity=145)
13:00:19.416 [main] DEBUG c.orderbook.OrderBook - [ORDERBOOK] ASK: Adding orderMktData(price=91,quantity=300)
13:00:19.416 [main] DEBUG c.orderbook.OrderBook - [ORDERBOOK] ASK: Adding orderMktData(price=93,quantity=200)
13:00:19.416 [main] DEBUG c.orderbook.OrderBook - [ORDERBOOK] ASK: Adding orderMktData(price=95,quantity=100)
13:00:19.416 [main] DEBUG c.orderbook.OrderBook - [ORDERBOOK] ASK: Adding orderMktData(price=98,quantity=154)
13:00:19.416 [main] INFO  c.o.v.MutatingMatchOneMarketDataOrderVisitor - [ORDERBOOK] visiting LevelOrderBookLevel(price=43,quantity=4254232)
13:00:19.416 [main] INFO  c.o.v.MutatingMatchOneMarketDataOrderVisitor - [ORDERBOOK] Can't match order:Limit(side=BUY,orderId=3,price=43,quantity=268)(MktData(price=98,quantity=154))
13:00:19.416 [main] INFO  c.o.v.MutatingMatchOneMarketDataOrderVisitor - [ORDERBOOK] Can't match order:Limit(side=BUY,orderId=5,price=43,quantity=1072)(MktData(price=98,quantity=154))
13:00:19.416 [main] INFO  c.o.v.MutatingMatchOneMarketDataOrderVisitor - [ORDERBOOK] Can't match order:Limit(side=BUY,orderId=7,price=43,quantity=4288)(MktData(price=98,quantity=154))
13:00:19.416 [main] INFO  c.o.v.MutatingMatchOneMarketDataOrderVisitor - [ORDERBOOK] Can't match order:Limit(side=BUY,orderId=9,price=43,quantity=17152)(MktData(price=98,quantity=154))
13:00:19.416 [main] INFO  c.o.v.MutatingMatchOneMarketDataOrderVisitor - [ORDERBOOK] Can't match order:Limit(side=BUY,orderId=11,price=43,quantity=68608)(MktData(price=98,quantity=154))
13:00:19.416 [main] INFO  c.o.v.MutatingMatchOneMarketDataOrderVisitor - [ORDERBOOK] Can't match order:Limit(side=BUY,orderId=12,price=43,quantity=137216)(MktData(price=98,quantity=154))
13:00:19.416 [main] INFO  c.o.v.MutatingMatchOneMarketDataOrderVisitor - [ORDERBOOK] Can't match order:Limit(side=BUY,orderId=13,price=43,quantity=274432)(MktData(price=98,quantity=154))
13:00:19.416 [main] INFO  c.o.v.MutatingMatchOneMarketDataOrderVisitor - [ORDERBOOK] Can't match order:Limit(side=BUY,orderId=14,price=43,quantity=548864)(MktData(price=98,quantity=154))
13:00:19.416 [main] INFO  c.o.v.MutatingMatchOneMarketDataOrderVisitor - [ORDERBOOK] Can't match order:Limit(side=BUY,orderId=15,price=43,quantity=1097728)(MktData(price=98,quantity=154))
13:00:19.416 [main] INFO  c.o.v.MutatingMatchOneMarketDataOrderVisitor - [ORDERBOOK] Can't match order:Limit(side=BUY,orderId=16,price=43,quantity=2195456)(MktData(price=98,quantity=154))
13:00:19.416 [main] INFO  c.o.v.MutatingMatchOneMarketDataOrderVisitor - [ORDERBOOK] Can't match order:MktData(price=43,quantity=134)(MktData(price=98,quantity=154))
13:00:19.416 [main] INFO  c.o.v.MutatingRemoveAllMarketDataOrdersVisitor - [ORDERBOOK] Removing market data order:MktData(price=98,quantity=501)
13:00:19.416 [main] INFO  c.o.v.MutatingRemoveAllMarketDataOrdersVisitor - [ORDERBOOK] Removing market data order:MktData(price=110,quantity=5000)
13:00:19.416 [main] INFO  c.o.v.MutatingRemoveAllMarketDataOrdersVisitor - [ORDERBOOK] Removing market data order:MktData(price=123,quantity=453)
13:00:19.416 [main] INFO  c.o.v.MutatingRemoveAllMarketDataOrdersVisitor - [ORDERBOOK] Removing market data order:MktData(price=167,quantity=665)
13:00:19.416 [main] DEBUG c.orderbook.OrderBook - [ORDERBOOK] ASK: Adding orderMktData(price=98,quantity=501)
13:00:19.416 [main] INFO  c.o.visitor.MutatingAddOrderVisitor - [ORDERBOOK] + Limit(side=SELL,orderId=17,price=98,quantity=501)
13:00:19.416 [main] DEBUG c.orderbook.OrderBook - [ORDERBOOK] ASK: Adding orderMktData(price=101,quantity=200)
13:00:19.416 [main] DEBUG c.orderbook.OrderBook - [ORDERBOOK] ASK: Adding orderMktData(price=110,quantity=5000)
13:00:19.416 [main] DEBUG c.orderbook.OrderBook - [ORDERBOOK] ASK: Adding orderMktData(price=119,quantity=5600)
13:00:19.416 [main] DEBUG c.orderbook.OrderBook - [ORDERBOOK] ASK: Adding orderMktData(price=123,quantity=453)
13:00:19.416 [main] DEBUG c.orderbook.OrderBook - [ORDERBOOK] ASK: Adding orderMktData(price=144,quantity=645)
13:00:19.416 [main] DEBUG c.orderbook.OrderBook - [ORDERBOOK] ASK: Adding orderMktData(price=167,quantity=665)
13:00:19.416 [main] DEBUG c.service.MarketDataService - [ALGO] BID: price:43 quantity:134
13:00:19.416 [main] DEBUG c.service.MarketDataService - [ALGO] BID: price:76 quantity:145
13:00:19.416 [main] DEBUG c.service.MarketDataService - [ALGO] BID: price:91 quantity:300
13:00:19.416 [main] DEBUG c.service.MarketDataService - [ALGO] BID: price:93 quantity:200
13:00:19.416 [main] DEBUG c.service.MarketDataService - [ALGO] BID: price:95 quantity:100
13:00:19.416 [main] DEBUG c.service.MarketDataService - [ALGO] BID: price:98 quantity:154
13:00:19.416 [main] DEBUG c.service.MarketDataService - [ALGO] ASK: price:98 quantity:501
13:00:19.416 [main] DEBUG c.service.MarketDataService - [ALGO] ASK: price:101 quantity:200
13:00:19.416 [main] DEBUG c.service.MarketDataService - [ALGO] ASK: price:110 quantity:5000
13:00:19.416 [main] DEBUG c.service.MarketDataService - [ALGO] ASK: price:119 quantity:5600
13:00:19.416 [main] DEBUG c.service.MarketDataService - [ALGO] ASK: price:123 quantity:453
13:00:19.416 [main] DEBUG c.service.MarketDataService - [ALGO] ASK: price:144 quantity:645
13:00:19.416 [main] DEBUG c.service.MarketDataService - [ALGO] ASK: price:167 quantity:665
13:00:19.416 [main] INFO  c.gettingstarted.MyAlgoLogic - [MYALGO] The state of the order book is:
|----BID-----||----ASK----|
    134 @ 43    501 @ 98
    145 @ 76   200 @ 101
    300 @ 91  5000 @ 110
    200 @ 93  5600 @ 119
    100 @ 95   453 @ 123
    154 @ 98   645 @ 144
          -    665 @ 167
|------------||-----------|

13:00:19.416 [main] INFO  c.gettingstarted.MyAlgoLogic - [MYALGO] Algo Sees Book as: 
|----BID-----||----ASK----|
    134 @ 43    501 @ 98
    145 @ 76   200 @ 101
    300 @ 91  5000 @ 110
    200 @ 93  5600 @ 119
    100 @ 95   453 @ 123
    154 @ 98   645 @ 144
          -    665 @ 167
|------------||-----------|

13:00:19.416 [main] INFO  c.gettingstarted.TimedLogic - [TIMEDLOGIC] Market is open
13:00:19.416 [main] INFO  c.sequencer.consumer.LoggingConsumer - [57] 
|----BID-----|
    134 @ 43
    145 @ 76
    300 @ 91
    200 @ 93
    100 @ 95
    154 @ 98
|----ASK-----|
    501 @ 98
   200 @ 101
  5000 @ 110
  5600 @ 119
   453 @ 123
   645 @ 144
   665 @ 167

13:00:19.416 [main] INFO  c.orderbook.OrderBook - [ORDERBOOK] Processing Mkt Data Update
13:00:19.416 [main] INFO  c.o.v.MutatingRemoveAllMarketDataOrdersVisitor - [ORDERBOOK] Removing market data order:MktData(price=43,quantity=134)
13:00:19.416 [main] DEBUG c.orderbook.OrderBook - [ORDERBOOK] ASK: Adding orderMktData(price=43,quantity=134)
13:00:19.416 [main] INFO  c.o.visitor.MutatingAddOrderVisitor - [ORDERBOOK] + Limit(side=BUY,orderId=16,price=43,quantity=2195456)
13:00:19.416 [main] DEBUG c.orderbook.OrderBook - [ORDERBOOK] ASK: Adding orderMktData(price=76,quantity=145)
13:00:19.416 [main] DEBUG c.orderbook.OrderBook - [ORDERBOOK] ASK: Adding orderMktData(price=91,quantity=300)
13:00:19.416 [main] DEBUG c.orderbook.OrderBook - [ORDERBOOK] ASK: Adding orderMktData(price=93,quantity=200)
13:00:19.416 [main] DEBUG c.orderbook.OrderBook - [ORDERBOOK] ASK: Adding orderMktData(price=95,quantity=100)
13:00:19.416 [main] DEBUG c.orderbook.OrderBook - [ORDERBOOK] ASK: Adding orderMktData(price=98,quantity=154)
13:00:19.416 [main] INFO  c.o.v.MutatingMatchOneMarketDataOrderVisitor - [ORDERBOOK] visiting LevelOrderBookLevel(price=43,quantity=4254366)
13:00:19.416 [main] INFO  c.o.v.MutatingMatchOneMarketDataOrderVisitor - [ORDERBOOK] Can't match order:Limit(side=BUY,orderId=3,price=43,quantity=268)(MktData(price=98,quantity=154))
13:00:19.416 [main] INFO  c.o.v.MutatingMatchOneMarketDataOrderVisitor - [ORDERBOOK] Can't match order:Limit(side=BUY,orderId=5,price=43,quantity=1072)(MktData(price=98,quantity=154))
13:00:19.416 [main] INFO  c.o.v.MutatingMatchOneMarketDataOrderVisitor - [ORDERBOOK] Can't match order:Limit(side=BUY,orderId=7,price=43,quantity=4288)(MktData(price=98,quantity=154))
13:00:19.416 [main] INFO  c.o.v.MutatingMatchOneMarketDataOrderVisitor - [ORDERBOOK] Can't match order:Limit(side=BUY,orderId=9,price=43,quantity=17152)(MktData(price=98,quantity=154))
13:00:19.416 [main] INFO  c.o.v.MutatingMatchOneMarketDataOrderVisitor - [ORDERBOOK] Can't match order:Limit(side=BUY,orderId=11,price=43,quantity=68608)(MktData(price=98,quantity=154))
13:00:19.416 [main] INFO  c.o.v.MutatingMatchOneMarketDataOrderVisitor - [ORDERBOOK] Can't match order:Limit(side=BUY,orderId=12,price=43,quantity=137216)(MktData(price=98,quantity=154))
13:00:19.416 [main] INFO  c.o.v.MutatingMatchOneMarketDataOrderVisitor - [ORDERBOOK] Can't match order:Limit(side=BUY,orderId=13,price=43,quantity=274432)(MktData(price=98,quantity=154))
13:00:19.416 [main] INFO  c.o.v.MutatingMatchOneMarketDataOrderVisitor - [ORDERBOOK] Can't match order:Limit(side=BUY,orderId=14,price=43,quantity=548864)(MktData(price=98,quantity=154))
13:00:19.416 [main] INFO  c.o.v.MutatingMatchOneMarketDataOrderVisitor - [ORDERBOOK] Can't match order:Limit(side=BUY,orderId=15,price=43,quantity=1097728)(MktData(price=98,quantity=154))
13:00:19.416 [main] INFO  c.o.v.MutatingMatchOneMarketDataOrderVisitor - [ORDERBOOK] Can't match order:Limit(side=BUY,orderId=16,price=43,quantity=2195456)(MktData(price=98,quantity=154))
13:00:19.416 [main] INFO  c.o.v.MutatingMatchOneMarketDataOrderVisitor - [ORDERBOOK] Can't match order:MktData(price=43,quantity=134)(MktData(price=98,quantity=154))
13:00:19.416 [main] INFO  c.o.v.MutatingRemoveAllMarketDataOrdersVisitor - [ORDERBOOK] Removing market data order:MktData(price=98,quantity=501)
13:00:19.416 [main] INFO  c.o.v.MutatingRemoveAllMarketDataOrdersVisitor - [ORDERBOOK] Removing market data order:MktData(price=110,quantity=5000)
13:00:19.416 [main] INFO  c.o.v.MutatingRemoveAllMarketDataOrdersVisitor - [ORDERBOOK] Removing market data order:MktData(price=123,quantity=453)
13:00:19.416 [main] INFO  c.o.v.MutatingRemoveAllMarketDataOrdersVisitor - [ORDERBOOK] Removing market data order:MktData(price=167,quantity=665)
13:00:19.416 [main] DEBUG c.orderbook.OrderBook - [ORDERBOOK] ASK: Adding orderMktData(price=98,quantity=501)
13:00:19.416 [main] INFO  c.o.visitor.MutatingAddOrderVisitor - [ORDERBOOK] + Limit(side=SELL,orderId=17,price=98,quantity=501)
13:00:19.416 [main] DEBUG c.orderbook.OrderBook - [ORDERBOOK] ASK: Adding orderMktData(price=101,quantity=200)
13:00:19.416 [main] DEBUG c.orderbook.OrderBook - [ORDERBOOK] ASK: Adding orderMktData(price=110,quantity=5000)
13:00:19.416 [main] DEBUG c.orderbook.OrderBook - [ORDERBOOK] ASK: Adding orderMktData(price=119,quantity=5600)
13:00:19.416 [main] DEBUG c.orderbook.OrderBook - [ORDERBOOK] ASK: Adding orderMktData(price=123,quantity=453)
13:00:19.416 [main] DEBUG c.orderbook.OrderBook - [ORDERBOOK] ASK: Adding orderMktData(price=144,quantity=645)
13:00:19.416 [main] DEBUG c.orderbook.OrderBook - [ORDERBOOK] ASK: Adding orderMktData(price=167,quantity=665)
13:00:19.416 [main] DEBUG c.service.MarketDataService - [ALGO] BID: price:43 quantity:134
13:00:19.416 [main] DEBUG c.service.MarketDataService - [ALGO] BID: price:76 quantity:145
13:00:19.416 [main] DEBUG c.service.MarketDataService - [ALGO] BID: price:91 quantity:300
13:00:19.416 [main] DEBUG c.service.MarketDataService - [ALGO] BID: price:93 quantity:200
13:00:19.416 [main] DEBUG c.service.MarketDataService - [ALGO] BID: price:95 quantity:100
13:00:19.416 [main] DEBUG c.service.MarketDataService - [ALGO] BID: price:98 quantity:154
13:00:19.416 [main] DEBUG c.service.MarketDataService - [ALGO] ASK: price:98 quantity:501
13:00:19.416 [main] DEBUG c.service.MarketDataService - [ALGO] ASK: price:101 quantity:200
13:00:19.416 [main] DEBUG c.service.MarketDataService - [ALGO] ASK: price:110 quantity:5000
13:00:19.416 [main] DEBUG c.service.MarketDataService - [ALGO] ASK: price:119 quantity:5600
13:00:19.416 [main] DEBUG c.service.MarketDataService - [ALGO] ASK: price:123 quantity:453
13:00:19.416 [main] DEBUG c.service.MarketDataService - [ALGO] ASK: price:144 quantity:645
13:00:19.416 [main] DEBUG c.service.MarketDataService - [ALGO] ASK: price:167 quantity:665
13:00:19.416 [main] INFO  c.gettingstarted.MyAlgoLogic - [MYALGO] The state of the order book is:
|----BID-----||----ASK----|
    134 @ 43    501 @ 98
    145 @ 76   200 @ 101
    300 @ 91  5000 @ 110
    200 @ 93  5600 @ 119
    100 @ 95   453 @ 123
    154 @ 98   645 @ 144
          -    665 @ 167
|------------||-----------|

13:00:19.416 [main] INFO  c.gettingstarted.MyAlgoLogic - [MYALGO] Algo Sees Book as: 
|----BID-----||----ASK----|
    134 @ 43    501 @ 98
    145 @ 76   200 @ 101
    300 @ 91  5000 @ 110
    200 @ 93  5600 @ 119
    100 @ 95   453 @ 123
    154 @ 98   645 @ 144
          -    665 @ 167
|------------||-----------|

13:00:19.416 [main] INFO  c.gettingstarted.TimedLogic - [TIMEDLOGIC] Market is open
13:00:19.416 [main] INFO  c.sequencer.consumer.LoggingConsumer - [58] 
|----BID-----|
    134 @ 43
    145 @ 76
    300 @ 91
    200 @ 93
    100 @ 95
    154 @ 98
|----ASK-----|
    501 @ 98
   200 @ 101
  5000 @ 110
  5600 @ 119
   453 @ 123
   645 @ 144
   665 @ 167

13:00:19.416 [main] INFO  c.orderbook.OrderBook - [ORDERBOOK] Processing Mkt Data Update
13:00:19.416 [main] INFO  c.o.v.MutatingRemoveAllMarketDataOrdersVisitor - [ORDERBOOK] Removing market data order:MktData(price=43,quantity=134)
13:00:19.416 [main] DEBUG c.orderbook.OrderBook - [ORDERBOOK] ASK: Adding orderMktData(price=43,quantity=134)
13:00:19.416 [main] INFO  c.o.visitor.MutatingAddOrderVisitor - [ORDERBOOK] + Limit(side=BUY,orderId=16,price=43,quantity=2195456)
13:00:19.416 [main] DEBUG c.orderbook.OrderBook - [ORDERBOOK] ASK: Adding orderMktData(price=76,quantity=145)
13:00:19.416 [main] DEBUG c.orderbook.OrderBook - [ORDERBOOK] ASK: Adding orderMktData(price=91,quantity=300)
13:00:19.416 [main] DEBUG c.orderbook.OrderBook - [ORDERBOOK] ASK: Adding orderMktData(price=93,quantity=200)
13:00:19.416 [main] DEBUG c.orderbook.OrderBook - [ORDERBOOK] ASK: Adding orderMktData(price=95,quantity=100)
13:00:19.416 [main] DEBUG c.orderbook.OrderBook - [ORDERBOOK] ASK: Adding orderMktData(price=98,quantity=154)
13:00:19.416 [main] INFO  c.o.v.MutatingMatchOneMarketDataOrderVisitor - [ORDERBOOK] visiting LevelOrderBookLevel(price=43,quantity=4254500)
13:00:19.416 [main] INFO  c.o.v.MutatingMatchOneMarketDataOrderVisitor - [ORDERBOOK] Can't match order:Limit(side=BUY,orderId=3,price=43,quantity=268)(MktData(price=98,quantity=154))
13:00:19.416 [main] INFO  c.o.v.MutatingMatchOneMarketDataOrderVisitor - [ORDERBOOK] Can't match order:Limit(side=BUY,orderId=5,price=43,quantity=1072)(MktData(price=98,quantity=154))
13:00:19.416 [main] INFO  c.o.v.MutatingMatchOneMarketDataOrderVisitor - [ORDERBOOK] Can't match order:Limit(side=BUY,orderId=7,price=43,quantity=4288)(MktData(price=98,quantity=154))
13:00:19.416 [main] INFO  c.o.v.MutatingMatchOneMarketDataOrderVisitor - [ORDERBOOK] Can't match order:Limit(side=BUY,orderId=9,price=43,quantity=17152)(MktData(price=98,quantity=154))
13:00:19.416 [main] INFO  c.o.v.MutatingMatchOneMarketDataOrderVisitor - [ORDERBOOK] Can't match order:Limit(side=BUY,orderId=11,price=43,quantity=68608)(MktData(price=98,quantity=154))
13:00:19.416 [main] INFO  c.o.v.MutatingMatchOneMarketDataOrderVisitor - [ORDERBOOK] Can't match order:Limit(side=BUY,orderId=12,price=43,quantity=137216)(MktData(price=98,quantity=154))
13:00:19.416 [main] INFO  c.o.v.MutatingMatchOneMarketDataOrderVisitor - [ORDERBOOK] Can't match order:Limit(side=BUY,orderId=13,price=43,quantity=274432)(MktData(price=98,quantity=154))
13:00:19.416 [main] INFO  c.o.v.MutatingMatchOneMarketDataOrderVisitor - [ORDERBOOK] Can't match order:Limit(side=BUY,orderId=14,price=43,quantity=548864)(MktData(price=98,quantity=154))
13:00:19.416 [main] INFO  c.o.v.MutatingMatchOneMarketDataOrderVisitor - [ORDERBOOK] Can't match order:Limit(side=BUY,orderId=15,price=43,quantity=1097728)(MktData(price=98,quantity=154))
13:00:19.416 [main] INFO  c.o.v.MutatingMatchOneMarketDataOrderVisitor - [ORDERBOOK] Can't match order:Limit(side=BUY,orderId=16,price=43,quantity=2195456)(MktData(price=98,quantity=154))
13:00:19.416 [main] INFO  c.o.v.MutatingMatchOneMarketDataOrderVisitor - [ORDERBOOK] Can't match order:MktData(price=43,quantity=134)(MktData(price=98,quantity=154))
13:00:19.416 [main] INFO  c.o.v.MutatingRemoveAllMarketDataOrdersVisitor - [ORDERBOOK] Removing market data order:MktData(price=98,quantity=501)
13:00:19.416 [main] INFO  c.o.v.MutatingRemoveAllMarketDataOrdersVisitor - [ORDERBOOK] Removing market data order:MktData(price=110,quantity=5000)
13:00:19.416 [main] INFO  c.o.v.MutatingRemoveAllMarketDataOrdersVisitor - [ORDERBOOK] Removing market data order:MktData(price=123,quantity=453)
13:00:19.416 [main] INFO  c.o.v.MutatingRemoveAllMarketDataOrdersVisitor - [ORDERBOOK] Removing market data order:MktData(price=167,quantity=665)
13:00:19.416 [main] DEBUG c.orderbook.OrderBook - [ORDERBOOK] ASK: Adding orderMktData(price=98,quantity=501)
13:00:19.416 [main] INFO  c.o.visitor.MutatingAddOrderVisitor - [ORDERBOOK] + Limit(side=SELL,orderId=17,price=98,quantity=501)
13:00:19.416 [main] DEBUG c.orderbook.OrderBook - [ORDERBOOK] ASK: Adding orderMktData(price=101,quantity=200)
13:00:19.416 [main] DEBUG c.orderbook.OrderBook - [ORDERBOOK] ASK: Adding orderMktData(price=110,quantity=5000)
13:00:19.416 [main] DEBUG c.orderbook.OrderBook - [ORDERBOOK] ASK: Adding orderMktData(price=119,quantity=5600)
13:00:19.416 [main] DEBUG c.orderbook.OrderBook - [ORDERBOOK] ASK: Adding orderMktData(price=123,quantity=453)
13:00:19.416 [main] DEBUG c.orderbook.OrderBook - [ORDERBOOK] ASK: Adding orderMktData(price=144,quantity=645)
13:00:19.416 [main] DEBUG c.orderbook.OrderBook - [ORDERBOOK] ASK: Adding orderMktData(price=167,quantity=665)
13:00:19.416 [main] DEBUG c.service.MarketDataService - [ALGO] BID: price:43 quantity:134
13:00:19.416 [main] DEBUG c.service.MarketDataService - [ALGO] BID: price:76 quantity:145
13:00:19.416 [main] DEBUG c.service.MarketDataService - [ALGO] BID: price:91 quantity:300
13:00:19.416 [main] DEBUG c.service.MarketDataService - [ALGO] BID: price:93 quantity:200
13:00:19.416 [main] DEBUG c.service.MarketDataService - [ALGO] BID: price:95 quantity:100
13:00:19.416 [main] DEBUG c.service.MarketDataService - [ALGO] BID: price:98 quantity:154
13:00:19.416 [main] DEBUG c.service.MarketDataService - [ALGO] ASK: price:98 quantity:501
13:00:19.416 [main] DEBUG c.service.MarketDataService - [ALGO] ASK: price:101 quantity:200
13:00:19.416 [main] DEBUG c.service.MarketDataService - [ALGO] ASK: price:110 quantity:5000
13:00:19.416 [main] DEBUG c.service.MarketDataService - [ALGO] ASK: price:119 quantity:5600
13:00:19.416 [main] DEBUG c.service.MarketDataService - [ALGO] ASK: price:123 quantity:453
13:00:19.416 [main] DEBUG c.service.MarketDataService - [ALGO] ASK: price:144 quantity:645
13:00:19.416 [main] DEBUG c.service.MarketDataService - [ALGO] ASK: price:167 quantity:665
13:00:19.416 [main] INFO  c.gettingstarted.MyAlgoLogic - [MYALGO] The state of the order book is:
|----BID-----||----ASK----|
    134 @ 43    501 @ 98
    145 @ 76   200 @ 101
    300 @ 91  5000 @ 110
    200 @ 93  5600 @ 119
    100 @ 95   453 @ 123
    154 @ 98   645 @ 144
          -    665 @ 167
|------------||-----------|

13:00:19.416 [main] INFO  c.gettingstarted.MyAlgoLogic - [MYALGO] Algo Sees Book as: 
|----BID-----||----ASK----|
    134 @ 43    501 @ 98
    145 @ 76   200 @ 101
    300 @ 91  5000 @ 110
    200 @ 93  5600 @ 119
    100 @ 95   453 @ 123
    154 @ 98   645 @ 144
          -    665 @ 167
|------------||-----------|

13:00:19.416 [main] INFO  c.gettingstarted.TimedLogic - [TIMEDLOGIC] Market is open
13:00:19.416 [main] INFO  c.sequencer.consumer.LoggingConsumer - [59] 
|----BID-----|
    134 @ 43
    145 @ 76
    300 @ 91
    200 @ 93
    100 @ 95
    154 @ 98
|----ASK-----|
    501 @ 98
   200 @ 101
  5000 @ 110
  5600 @ 119
   453 @ 123
   645 @ 144
   665 @ 167

13:00:19.416 [main] INFO  c.orderbook.OrderBook - [ORDERBOOK] Processing Mkt Data Update
13:00:19.416 [main] INFO  c.o.v.MutatingRemoveAllMarketDataOrdersVisitor - [ORDERBOOK] Removing market data order:MktData(price=43,quantity=134)
13:00:19.416 [main] DEBUG c.orderbook.OrderBook - [ORDERBOOK] ASK: Adding orderMktData(price=43,quantity=134)
13:00:19.416 [main] INFO  c.o.visitor.MutatingAddOrderVisitor - [ORDERBOOK] + Limit(side=BUY,orderId=16,price=43,quantity=2195456)
13:00:19.416 [main] DEBUG c.orderbook.OrderBook - [ORDERBOOK] ASK: Adding orderMktData(price=76,quantity=145)
13:00:19.416 [main] DEBUG c.orderbook.OrderBook - [ORDERBOOK] ASK: Adding orderMktData(price=91,quantity=300)
13:00:19.416 [main] DEBUG c.orderbook.OrderBook - [ORDERBOOK] ASK: Adding orderMktData(price=93,quantity=200)
13:00:19.416 [main] DEBUG c.orderbook.OrderBook - [ORDERBOOK] ASK: Adding orderMktData(price=95,quantity=100)
13:00:19.416 [main] DEBUG c.orderbook.OrderBook - [ORDERBOOK] ASK: Adding orderMktData(price=98,quantity=154)
13:00:19.416 [main] INFO  c.o.v.MutatingMatchOneMarketDataOrderVisitor - [ORDERBOOK] visiting LevelOrderBookLevel(price=43,quantity=4254634)
13:00:19.416 [main] INFO  c.o.v.MutatingMatchOneMarketDataOrderVisitor - [ORDERBOOK] Can't match order:Limit(side=BUY,orderId=3,price=43,quantity=268)(MktData(price=98,quantity=154))
13:00:19.416 [main] INFO  c.o.v.MutatingMatchOneMarketDataOrderVisitor - [ORDERBOOK] Can't match order:Limit(side=BUY,orderId=5,price=43,quantity=1072)(MktData(price=98,quantity=154))
13:00:19.416 [main] INFO  c.o.v.MutatingMatchOneMarketDataOrderVisitor - [ORDERBOOK] Can't match order:Limit(side=BUY,orderId=7,price=43,quantity=4288)(MktData(price=98,quantity=154))
13:00:19.416 [main] INFO  c.o.v.MutatingMatchOneMarketDataOrderVisitor - [ORDERBOOK] Can't match order:Limit(side=BUY,orderId=9,price=43,quantity=17152)(MktData(price=98,quantity=154))
13:00:19.416 [main] INFO  c.o.v.MutatingMatchOneMarketDataOrderVisitor - [ORDERBOOK] Can't match order:Limit(side=BUY,orderId=11,price=43,quantity=68608)(MktData(price=98,quantity=154))
13:00:19.416 [main] INFO  c.o.v.MutatingMatchOneMarketDataOrderVisitor - [ORDERBOOK] Can't match order:Limit(side=BUY,orderId=12,price=43,quantity=137216)(MktData(price=98,quantity=154))
13:00:19.416 [main] INFO  c.o.v.MutatingMatchOneMarketDataOrderVisitor - [ORDERBOOK] Can't match order:Limit(side=BUY,orderId=13,price=43,quantity=274432)(MktData(price=98,quantity=154))
13:00:19.416 [main] INFO  c.o.v.MutatingMatchOneMarketDataOrderVisitor - [ORDERBOOK] Can't match order:Limit(side=BUY,orderId=14,price=43,quantity=548864)(MktData(price=98,quantity=154))
13:00:19.416 [main] INFO  c.o.v.MutatingMatchOneMarketDataOrderVisitor - [ORDERBOOK] Can't match order:Limit(side=BUY,orderId=15,price=43,quantity=1097728)(MktData(price=98,quantity=154))
13:00:19.416 [main] INFO  c.o.v.MutatingMatchOneMarketDataOrderVisitor - [ORDERBOOK] Can't match order:Limit(side=BUY,orderId=16,price=43,quantity=2195456)(MktData(price=98,quantity=154))
13:00:19.416 [main] INFO  c.o.v.MutatingMatchOneMarketDataOrderVisitor - [ORDERBOOK] Can't match order:MktData(price=43,quantity=134)(MktData(price=98,quantity=154))
13:00:19.416 [main] INFO  c.o.v.MutatingRemoveAllMarketDataOrdersVisitor - [ORDERBOOK] Removing market data order:MktData(price=98,quantity=501)
13:00:19.416 [main] INFO  c.o.v.MutatingRemoveAllMarketDataOrdersVisitor - [ORDERBOOK] Removing market data order:MktData(price=110,quantity=5000)
13:00:19.416 [main] INFO  c.o.v.MutatingRemoveAllMarketDataOrdersVisitor - [ORDERBOOK] Removing market data order:MktData(price=123,quantity=453)
13:00:19.416 [main] INFO  c.o.v.MutatingRemoveAllMarketDataOrdersVisitor - [ORDERBOOK] Removing market data order:MktData(price=167,quantity=665)
13:00:19.416 [main] DEBUG c.orderbook.OrderBook - [ORDERBOOK] ASK: Adding orderMktData(price=98,quantity=501)
13:00:19.416 [main] INFO  c.o.visitor.MutatingAddOrderVisitor - [ORDERBOOK] + Limit(side=SELL,orderId=17,price=98,quantity=501)
13:00:19.416 [main] DEBUG c.orderbook.OrderBook - [ORDERBOOK] ASK: Adding orderMktData(price=101,quantity=200)
13:00:19.416 [main] DEBUG c.orderbook.OrderBook - [ORDERBOOK] ASK: Adding orderMktData(price=110,quantity=5000)
13:00:19.416 [main] DEBUG c.orderbook.OrderBook - [ORDERBOOK] ASK: Adding orderMktData(price=119,quantity=5600)
13:00:19.416 [main] DEBUG c.orderbook.OrderBook - [ORDERBOOK] ASK: Adding orderMktData(price=123,quantity=453)
13:00:19.416 [main] DEBUG c.orderbook.OrderBook - [ORDERBOOK] ASK: Adding orderMktData(price=144,quantity=645)
13:00:19.416 [main] DEBUG c.orderbook.OrderBook - [ORDERBOOK] ASK: Adding orderMktData(price=167,quantity=665)
13:00:19.416 [main] DEBUG c.service.MarketDataService - [ALGO] BID: price:43 quantity:134
13:00:19.416 [main] DEBUG c.service.MarketDataService - [ALGO] BID: price:76 quantity:145
13:00:19.416 [main] DEBUG c.service.MarketDataService - [ALGO] BID: price:91 quantity:300
13:00:19.416 [main] DEBUG c.service.MarketDataService - [ALGO] BID: price:93 quantity:200
13:00:19.416 [main] DEBUG c.service.MarketDataService - [ALGO] BID: price:95 quantity:100
13:00:19.416 [main] DEBUG c.service.MarketDataService - [ALGO] BID: price:98 quantity:154
13:00:19.416 [main] DEBUG c.service.MarketDataService - [ALGO] ASK: price:98 quantity:501
13:00:19.416 [main] DEBUG c.service.MarketDataService - [ALGO] ASK: price:101 quantity:200
13:00:19.416 [main] DEBUG c.service.MarketDataService - [ALGO] ASK: price:110 quantity:5000
13:00:19.416 [main] DEBUG c.service.MarketDataService - [ALGO] ASK: price:119 quantity:5600
13:00:19.416 [main] DEBUG c.service.MarketDataService - [ALGO] ASK: price:123 quantity:453
13:00:19.416 [main] DEBUG c.service.MarketDataService - [ALGO] ASK: price:144 quantity:645
13:00:19.416 [main] DEBUG c.service.MarketDataService - [ALGO] ASK: price:167 quantity:665
13:00:19.416 [main] INFO  c.gettingstarted.MyAlgoLogic - [MYALGO] The state of the order book is:
|----BID-----||----ASK----|
    134 @ 43    501 @ 98
    145 @ 76   200 @ 101
    300 @ 91  5000 @ 110
    200 @ 93  5600 @ 119
    100 @ 95   453 @ 123
    154 @ 98   645 @ 144
          -    665 @ 167
|------------||-----------|

13:00:19.416 [main] INFO  c.gettingstarted.MyAlgoLogic - [MYALGO] Algo Sees Book as: 
|----BID-----||----ASK----|
    134 @ 43    501 @ 98
    145 @ 76   200 @ 101
    300 @ 91  5000 @ 110
    200 @ 93  5600 @ 119
    100 @ 95   453 @ 123
    154 @ 98   645 @ 144
          -    665 @ 167
|------------||-----------|

13:00:19.416 [main] INFO  c.gettingstarted.TimedLogic - [TIMEDLOGIC] Market is open
13:00:19.416 [main] INFO  c.sequencer.consumer.LoggingConsumer - [60] 
|----BID-----|
    134 @ 43
    145 @ 76
    300 @ 91
    200 @ 93
    100 @ 95
    154 @ 98
|----ASK-----|
    501 @ 98
   200 @ 101
  5000 @ 110
  5600 @ 119
   453 @ 123
   645 @ 144
   665 @ 167

13:00:19.416 [main] INFO  c.orderbook.OrderBook - [ORDERBOOK] Processing Mkt Data Update
13:00:19.416 [main] INFO  c.o.v.MutatingRemoveAllMarketDataOrdersVisitor - [ORDERBOOK] Removing market data order:MktData(price=43,quantity=134)
13:00:19.416 [main] DEBUG c.orderbook.OrderBook - [ORDERBOOK] ASK: Adding orderMktData(price=43,quantity=134)
13:00:19.416 [main] INFO  c.o.visitor.MutatingAddOrderVisitor - [ORDERBOOK] + Limit(side=BUY,orderId=16,price=43,quantity=2195456)
13:00:19.416 [main] DEBUG c.orderbook.OrderBook - [ORDERBOOK] ASK: Adding orderMktData(price=76,quantity=145)
13:00:19.416 [main] DEBUG c.orderbook.OrderBook - [ORDERBOOK] ASK: Adding orderMktData(price=91,quantity=300)
13:00:19.416 [main] DEBUG c.orderbook.OrderBook - [ORDERBOOK] ASK: Adding orderMktData(price=93,quantity=200)
13:00:19.416 [main] DEBUG c.orderbook.OrderBook - [ORDERBOOK] ASK: Adding orderMktData(price=95,quantity=100)
13:00:19.416 [main] DEBUG c.orderbook.OrderBook - [ORDERBOOK] ASK: Adding orderMktData(price=98,quantity=154)
13:00:19.416 [main] INFO  c.o.v.MutatingMatchOneMarketDataOrderVisitor - [ORDERBOOK] visiting LevelOrderBookLevel(price=43,quantity=4254768)
13:00:19.416 [main] INFO  c.o.v.MutatingMatchOneMarketDataOrderVisitor - [ORDERBOOK] Can't match order:Limit(side=BUY,orderId=3,price=43,quantity=268)(MktData(price=98,quantity=154))
13:00:19.416 [main] INFO  c.o.v.MutatingMatchOneMarketDataOrderVisitor - [ORDERBOOK] Can't match order:Limit(side=BUY,orderId=5,price=43,quantity=1072)(MktData(price=98,quantity=154))
13:00:19.416 [main] INFO  c.o.v.MutatingMatchOneMarketDataOrderVisitor - [ORDERBOOK] Can't match order:Limit(side=BUY,orderId=7,price=43,quantity=4288)(MktData(price=98,quantity=154))
13:00:19.416 [main] INFO  c.o.v.MutatingMatchOneMarketDataOrderVisitor - [ORDERBOOK] Can't match order:Limit(side=BUY,orderId=9,price=43,quantity=17152)(MktData(price=98,quantity=154))
13:00:19.416 [main] INFO  c.o.v.MutatingMatchOneMarketDataOrderVisitor - [ORDERBOOK] Can't match order:Limit(side=BUY,orderId=11,price=43,quantity=68608)(MktData(price=98,quantity=154))
13:00:19.416 [main] INFO  c.o.v.MutatingMatchOneMarketDataOrderVisitor - [ORDERBOOK] Can't match order:Limit(side=BUY,orderId=12,price=43,quantity=137216)(MktData(price=98,quantity=154))
13:00:19.416 [main] INFO  c.o.v.MutatingMatchOneMarketDataOrderVisitor - [ORDERBOOK] Can't match order:Limit(side=BUY,orderId=13,price=43,quantity=274432)(MktData(price=98,quantity=154))
13:00:19.416 [main] INFO  c.o.v.MutatingMatchOneMarketDataOrderVisitor - [ORDERBOOK] Can't match order:Limit(side=BUY,orderId=14,price=43,quantity=548864)(MktData(price=98,quantity=154))
13:00:19.416 [main] INFO  c.o.v.MutatingMatchOneMarketDataOrderVisitor - [ORDERBOOK] Can't match order:Limit(side=BUY,orderId=15,price=43,quantity=1097728)(MktData(price=98,quantity=154))
13:00:19.416 [main] INFO  c.o.v.MutatingMatchOneMarketDataOrderVisitor - [ORDERBOOK] Can't match order:Limit(side=BUY,orderId=16,price=43,quantity=2195456)(MktData(price=98,quantity=154))
13:00:19.416 [main] INFO  c.o.v.MutatingMatchOneMarketDataOrderVisitor - [ORDERBOOK] Can't match order:MktData(price=43,quantity=134)(MktData(price=98,quantity=154))
13:00:19.416 [main] INFO  c.o.v.MutatingRemoveAllMarketDataOrdersVisitor - [ORDERBOOK] Removing market data order:MktData(price=98,quantity=501)
13:00:19.416 [main] INFO  c.o.v.MutatingRemoveAllMarketDataOrdersVisitor - [ORDERBOOK] Removing market data order:MktData(price=110,quantity=5000)
13:00:19.416 [main] INFO  c.o.v.MutatingRemoveAllMarketDataOrdersVisitor - [ORDERBOOK] Removing market data order:MktData(price=123,quantity=453)
13:00:19.416 [main] INFO  c.o.v.MutatingRemoveAllMarketDataOrdersVisitor - [ORDERBOOK] Removing market data order:MktData(price=167,quantity=665)
13:00:19.416 [main] DEBUG c.orderbook.OrderBook - [ORDERBOOK] ASK: Adding orderMktData(price=98,quantity=501)
13:00:19.416 [main] INFO  c.o.visitor.MutatingAddOrderVisitor - [ORDERBOOK] + Limit(side=SELL,orderId=17,price=98,quantity=501)
13:00:19.416 [main] DEBUG c.orderbook.OrderBook - [ORDERBOOK] ASK: Adding orderMktData(price=101,quantity=200)
13:00:19.416 [main] DEBUG c.orderbook.OrderBook - [ORDERBOOK] ASK: Adding orderMktData(price=110,quantity=5000)
13:00:19.416 [main] DEBUG c.orderbook.OrderBook - [ORDERBOOK] ASK: Adding orderMktData(price=119,quantity=5600)
13:00:19.416 [main] DEBUG c.orderbook.OrderBook - [ORDERBOOK] ASK: Adding orderMktData(price=123,quantity=453)
13:00:19.416 [main] DEBUG c.orderbook.OrderBook - [ORDERBOOK] ASK: Adding orderMktData(price=144,quantity=645)
13:00:19.416 [main] DEBUG c.orderbook.OrderBook - [ORDERBOOK] ASK: Adding orderMktData(price=167,quantity=665)
13:00:19.416 [main] DEBUG c.service.MarketDataService - [ALGO] BID: price:43 quantity:134
13:00:19.416 [main] DEBUG c.service.MarketDataService - [ALGO] BID: price:76 quantity:145
13:00:19.416 [main] DEBUG c.service.MarketDataService - [ALGO] BID: price:91 quantity:300
13:00:19.416 [main] DEBUG c.service.MarketDataService - [ALGO] BID: price:93 quantity:200
13:00:19.416 [main] DEBUG c.service.MarketDataService - [ALGO] BID: price:95 quantity:100
13:00:19.416 [main] DEBUG c.service.MarketDataService - [ALGO] BID: price:98 quantity:154
13:00:19.416 [main] DEBUG c.service.MarketDataService - [ALGO] ASK: price:98 quantity:501
13:00:19.416 [main] DEBUG c.service.MarketDataService - [ALGO] ASK: price:101 quantity:200
13:00:19.416 [main] DEBUG c.service.MarketDataService - [ALGO] ASK: price:110 quantity:5000
13:00:19.416 [main] DEBUG c.service.MarketDataService - [ALGO] ASK: price:119 quantity:5600
13:00:19.416 [main] DEBUG c.service.MarketDataService - [ALGO] ASK: price:123 quantity:453
13:00:19.416 [main] DEBUG c.service.MarketDataService - [ALGO] ASK: price:144 quantity:645
13:00:19.416 [main] DEBUG c.service.MarketDataService - [ALGO] ASK: price:167 quantity:665
13:00:19.416 [main] INFO  c.gettingstarted.MyAlgoLogic - [MYALGO] The state of the order book is:
|----BID-----||----ASK----|
    134 @ 43    501 @ 98
    145 @ 76   200 @ 101
    300 @ 91  5000 @ 110
    200 @ 93  5600 @ 119
    100 @ 95   453 @ 123
    154 @ 98   645 @ 144
          -    665 @ 167
|------------||-----------|

13:00:19.416 [main] INFO  c.gettingstarted.MyAlgoLogic - [MYALGO] Algo Sees Book as: 
|----BID-----||----ASK----|
    134 @ 43    501 @ 98
    145 @ 76   200 @ 101
    300 @ 91  5000 @ 110
    200 @ 93  5600 @ 119
    100 @ 95   453 @ 123
    154 @ 98   645 @ 144
          -    665 @ 167
|------------||-----------|

13:00:19.416 [main] INFO  c.gettingstarted.TimedLogic - [TIMEDLOGIC] Market is open
13:00:19.416 [main] INFO  c.sequencer.consumer.LoggingConsumer - [61] 
|----BID-----|
    134 @ 43
    145 @ 76
    300 @ 91
    200 @ 93
    100 @ 95
    154 @ 98
|----ASK-----|
    501 @ 98
   200 @ 101
  5000 @ 110
  5600 @ 119
   453 @ 123
   645 @ 144
   665 @ 167

13:00:19.416 [main] INFO  c.orderbook.OrderBook - [ORDERBOOK] Processing Mkt Data Update
13:00:19.416 [main] INFO  c.o.v.MutatingRemoveAllMarketDataOrdersVisitor - [ORDERBOOK] Removing market data order:MktData(price=43,quantity=134)
13:00:19.416 [main] DEBUG c.orderbook.OrderBook - [ORDERBOOK] ASK: Adding orderMktData(price=43,quantity=134)
13:00:19.416 [main] INFO  c.o.visitor.MutatingAddOrderVisitor - [ORDERBOOK] + Limit(side=BUY,orderId=16,price=43,quantity=2195456)
13:00:19.416 [main] DEBUG c.orderbook.OrderBook - [ORDERBOOK] ASK: Adding orderMktData(price=76,quantity=145)
13:00:19.416 [main] DEBUG c.orderbook.OrderBook - [ORDERBOOK] ASK: Adding orderMktData(price=91,quantity=300)
13:00:19.416 [main] DEBUG c.orderbook.OrderBook - [ORDERBOOK] ASK: Adding orderMktData(price=93,quantity=200)
13:00:19.416 [main] DEBUG c.orderbook.OrderBook - [ORDERBOOK] ASK: Adding orderMktData(price=95,quantity=100)
13:00:19.416 [main] DEBUG c.orderbook.OrderBook - [ORDERBOOK] ASK: Adding orderMktData(price=98,quantity=154)
13:00:19.416 [main] INFO  c.o.v.MutatingMatchOneMarketDataOrderVisitor - [ORDERBOOK] visiting LevelOrderBookLevel(price=43,quantity=4254902)
13:00:19.416 [main] INFO  c.o.v.MutatingMatchOneMarketDataOrderVisitor - [ORDERBOOK] Can't match order:Limit(side=BUY,orderId=3,price=43,quantity=268)(MktData(price=98,quantity=154))
13:00:19.416 [main] INFO  c.o.v.MutatingMatchOneMarketDataOrderVisitor - [ORDERBOOK] Can't match order:Limit(side=BUY,orderId=5,price=43,quantity=1072)(MktData(price=98,quantity=154))
13:00:19.416 [main] INFO  c.o.v.MutatingMatchOneMarketDataOrderVisitor - [ORDERBOOK] Can't match order:Limit(side=BUY,orderId=7,price=43,quantity=4288)(MktData(price=98,quantity=154))
13:00:19.416 [main] INFO  c.o.v.MutatingMatchOneMarketDataOrderVisitor - [ORDERBOOK] Can't match order:Limit(side=BUY,orderId=9,price=43,quantity=17152)(MktData(price=98,quantity=154))
13:00:19.416 [main] INFO  c.o.v.MutatingMatchOneMarketDataOrderVisitor - [ORDERBOOK] Can't match order:Limit(side=BUY,orderId=11,price=43,quantity=68608)(MktData(price=98,quantity=154))
13:00:19.416 [main] INFO  c.o.v.MutatingMatchOneMarketDataOrderVisitor - [ORDERBOOK] Can't match order:Limit(side=BUY,orderId=12,price=43,quantity=137216)(MktData(price=98,quantity=154))
13:00:19.416 [main] INFO  c.o.v.MutatingMatchOneMarketDataOrderVisitor - [ORDERBOOK] Can't match order:Limit(side=BUY,orderId=13,price=43,quantity=274432)(MktData(price=98,quantity=154))
13:00:19.416 [main] INFO  c.o.v.MutatingMatchOneMarketDataOrderVisitor - [ORDERBOOK] Can't match order:Limit(side=BUY,orderId=14,price=43,quantity=548864)(MktData(price=98,quantity=154))
13:00:19.416 [main] INFO  c.o.v.MutatingMatchOneMarketDataOrderVisitor - [ORDERBOOK] Can't match order:Limit(side=BUY,orderId=15,price=43,quantity=1097728)(MktData(price=98,quantity=154))
13:00:19.416 [main] INFO  c.o.v.MutatingMatchOneMarketDataOrderVisitor - [ORDERBOOK] Can't match order:Limit(side=BUY,orderId=16,price=43,quantity=2195456)(MktData(price=98,quantity=154))
13:00:19.416 [main] INFO  c.o.v.MutatingMatchOneMarketDataOrderVisitor - [ORDERBOOK] Can't match order:MktData(price=43,quantity=134)(MktData(price=98,quantity=154))
13:00:19.416 [main] INFO  c.o.v.MutatingRemoveAllMarketDataOrdersVisitor - [ORDERBOOK] Removing market data order:MktData(price=98,quantity=501)
13:00:19.416 [main] INFO  c.o.v.MutatingRemoveAllMarketDataOrdersVisitor - [ORDERBOOK] Removing market data order:MktData(price=110,quantity=5000)
13:00:19.416 [main] INFO  c.o.v.MutatingRemoveAllMarketDataOrdersVisitor - [ORDERBOOK] Removing market data order:MktData(price=123,quantity=453)
13:00:19.416 [main] INFO  c.o.v.MutatingRemoveAllMarketDataOrdersVisitor - [ORDERBOOK] Removing market data order:MktData(price=167,quantity=665)
13:00:19.416 [main] DEBUG c.orderbook.OrderBook - [ORDERBOOK] ASK: Adding orderMktData(price=98,quantity=501)
13:00:19.416 [main] INFO  c.o.visitor.MutatingAddOrderVisitor - [ORDERBOOK] + Limit(side=SELL,orderId=17,price=98,quantity=501)
13:00:19.416 [main] DEBUG c.orderbook.OrderBook - [ORDERBOOK] ASK: Adding orderMktData(price=101,quantity=200)
13:00:19.416 [main] DEBUG c.orderbook.OrderBook - [ORDERBOOK] ASK: Adding orderMktData(price=110,quantity=5000)
13:00:19.416 [main] DEBUG c.orderbook.OrderBook - [ORDERBOOK] ASK: Adding orderMktData(price=119,quantity=5600)
13:00:19.416 [main] DEBUG c.orderbook.OrderBook - [ORDERBOOK] ASK: Adding orderMktData(price=123,quantity=453)
13:00:19.416 [main] DEBUG c.orderbook.OrderBook - [ORDERBOOK] ASK: Adding orderMktData(price=144,quantity=645)
13:00:19.416 [main] DEBUG c.orderbook.OrderBook - [ORDERBOOK] ASK: Adding orderMktData(price=167,quantity=665)
13:00:19.416 [main] DEBUG c.service.MarketDataService - [ALGO] BID: price:43 quantity:134
13:00:19.416 [main] DEBUG c.service.MarketDataService - [ALGO] BID: price:76 quantity:145
13:00:19.416 [main] DEBUG c.service.MarketDataService - [ALGO] BID: price:91 quantity:300
13:00:19.416 [main] DEBUG c.service.MarketDataService - [ALGO] BID: price:93 quantity:200
13:00:19.416 [main] DEBUG c.service.MarketDataService - [ALGO] BID: price:95 quantity:100
13:00:19.416 [main] DEBUG c.service.MarketDataService - [ALGO] BID: price:98 quantity:154
13:00:19.416 [main] DEBUG c.service.MarketDataService - [ALGO] ASK: price:98 quantity:501
13:00:19.416 [main] DEBUG c.service.MarketDataService - [ALGO] ASK: price:101 quantity:200
13:00:19.416 [main] DEBUG c.service.MarketDataService - [ALGO] ASK: price:110 quantity:5000
13:00:19.416 [main] DEBUG c.service.MarketDataService - [ALGO] ASK: price:119 quantity:5600
13:00:19.416 [main] DEBUG c.service.MarketDataService - [ALGO] ASK: price:123 quantity:453
13:00:19.416 [main] DEBUG c.service.MarketDataService - [ALGO] ASK: price:144 quantity:645
13:00:19.416 [main] DEBUG c.service.MarketDataService - [ALGO] ASK: price:167 quantity:665
13:00:19.416 [main] INFO  c.gettingstarted.MyAlgoLogic - [MYALGO] The state of the order book is:
|----BID-----||----ASK----|
    134 @ 43    501 @ 98
    145 @ 76   200 @ 101
    300 @ 91  5000 @ 110
    200 @ 93  5600 @ 119
    100 @ 95   453 @ 123
    154 @ 98   645 @ 144
          -    665 @ 167
|------------||-----------|

13:00:19.416 [main] INFO  c.gettingstarted.MyAlgoLogic - [MYALGO] Algo Sees Book as: 
|----BID-----||----ASK----|
    134 @ 43    501 @ 98
    145 @ 76   200 @ 101
    300 @ 91  5000 @ 110
    200 @ 93  5600 @ 119
    100 @ 95   453 @ 123
    154 @ 98   645 @ 144
          -    665 @ 167
|------------||-----------|

13:00:19.416 [main] INFO  c.gettingstarted.TimedLogic - [TIMEDLOGIC] Market is open
13:00:19.416 [main] INFO  c.sequencer.consumer.LoggingConsumer - [62] 
|----BID-----|
    134 @ 43
    145 @ 76
    300 @ 91
    200 @ 93
    100 @ 95
    154 @ 98
|----ASK-----|
    501 @ 98
   200 @ 101
  5000 @ 110
  5600 @ 119
   453 @ 123
   645 @ 144
   665 @ 167

13:00:19.416 [main] INFO  c.orderbook.OrderBook - [ORDERBOOK] Processing Mkt Data Update
13:00:19.416 [main] INFO  c.o.v.MutatingRemoveAllMarketDataOrdersVisitor - [ORDERBOOK] Removing market data order:MktData(price=43,quantity=134)
13:00:19.416 [main] DEBUG c.orderbook.OrderBook - [ORDERBOOK] ASK: Adding orderMktData(price=43,quantity=134)
13:00:19.416 [main] INFO  c.o.visitor.MutatingAddOrderVisitor - [ORDERBOOK] + Limit(side=BUY,orderId=16,price=43,quantity=2195456)
13:00:19.416 [main] DEBUG c.orderbook.OrderBook - [ORDERBOOK] ASK: Adding orderMktData(price=76,quantity=145)
13:00:19.416 [main] DEBUG c.orderbook.OrderBook - [ORDERBOOK] ASK: Adding orderMktData(price=91,quantity=300)
13:00:19.416 [main] DEBUG c.orderbook.OrderBook - [ORDERBOOK] ASK: Adding orderMktData(price=93,quantity=200)
13:00:19.416 [main] DEBUG c.orderbook.OrderBook - [ORDERBOOK] ASK: Adding orderMktData(price=95,quantity=100)
13:00:19.416 [main] DEBUG c.orderbook.OrderBook - [ORDERBOOK] ASK: Adding orderMktData(price=98,quantity=154)
13:00:19.416 [main] INFO  c.o.v.MutatingMatchOneMarketDataOrderVisitor - [ORDERBOOK] visiting LevelOrderBookLevel(price=43,quantity=4255036)
13:00:19.416 [main] INFO  c.o.v.MutatingMatchOneMarketDataOrderVisitor - [ORDERBOOK] Can't match order:Limit(side=BUY,orderId=3,price=43,quantity=268)(MktData(price=98,quantity=154))
13:00:19.416 [main] INFO  c.o.v.MutatingMatchOneMarketDataOrderVisitor - [ORDERBOOK] Can't match order:Limit(side=BUY,orderId=5,price=43,quantity=1072)(MktData(price=98,quantity=154))
13:00:19.416 [main] INFO  c.o.v.MutatingMatchOneMarketDataOrderVisitor - [ORDERBOOK] Can't match order:Limit(side=BUY,orderId=7,price=43,quantity=4288)(MktData(price=98,quantity=154))
13:00:19.416 [main] INFO  c.o.v.MutatingMatchOneMarketDataOrderVisitor - [ORDERBOOK] Can't match order:Limit(side=BUY,orderId=9,price=43,quantity=17152)(MktData(price=98,quantity=154))
13:00:19.416 [main] INFO  c.o.v.MutatingMatchOneMarketDataOrderVisitor - [ORDERBOOK] Can't match order:Limit(side=BUY,orderId=11,price=43,quantity=68608)(MktData(price=98,quantity=154))
13:00:19.416 [main] INFO  c.o.v.MutatingMatchOneMarketDataOrderVisitor - [ORDERBOOK] Can't match order:Limit(side=BUY,orderId=12,price=43,quantity=137216)(MktData(price=98,quantity=154))
13:00:19.416 [main] INFO  c.o.v.MutatingMatchOneMarketDataOrderVisitor - [ORDERBOOK] Can't match order:Limit(side=BUY,orderId=13,price=43,quantity=274432)(MktData(price=98,quantity=154))
13:00:19.416 [main] INFO  c.o.v.MutatingMatchOneMarketDataOrderVisitor - [ORDERBOOK] Can't match order:Limit(side=BUY,orderId=14,price=43,quantity=548864)(MktData(price=98,quantity=154))
13:00:19.416 [main] INFO  c.o.v.MutatingMatchOneMarketDataOrderVisitor - [ORDERBOOK] Can't match order:Limit(side=BUY,orderId=15,price=43,quantity=1097728)(MktData(price=98,quantity=154))
13:00:19.416 [main] INFO  c.o.v.MutatingMatchOneMarketDataOrderVisitor - [ORDERBOOK] Can't match order:Limit(side=BUY,orderId=16,price=43,quantity=2195456)(MktData(price=98,quantity=154))
13:00:19.416 [main] INFO  c.o.v.MutatingMatchOneMarketDataOrderVisitor - [ORDERBOOK] Can't match order:MktData(price=43,quantity=134)(MktData(price=98,quantity=154))
13:00:19.416 [main] INFO  c.o.v.MutatingRemoveAllMarketDataOrdersVisitor - [ORDERBOOK] Removing market data order:MktData(price=98,quantity=501)
13:00:19.416 [main] INFO  c.o.v.MutatingRemoveAllMarketDataOrdersVisitor - [ORDERBOOK] Removing market data order:MktData(price=110,quantity=5000)
13:00:19.416 [main] INFO  c.o.v.MutatingRemoveAllMarketDataOrdersVisitor - [ORDERBOOK] Removing market data order:MktData(price=123,quantity=453)
13:00:19.416 [main] INFO  c.o.v.MutatingRemoveAllMarketDataOrdersVisitor - [ORDERBOOK] Removing market data order:MktData(price=167,quantity=665)
13:00:19.416 [main] DEBUG c.orderbook.OrderBook - [ORDERBOOK] ASK: Adding orderMktData(price=98,quantity=501)
13:00:19.416 [main] INFO  c.o.visitor.MutatingAddOrderVisitor - [ORDERBOOK] + Limit(side=SELL,orderId=17,price=98,quantity=501)
13:00:19.416 [main] DEBUG c.orderbook.OrderBook - [ORDERBOOK] ASK: Adding orderMktData(price=101,quantity=200)
13:00:19.416 [main] DEBUG c.orderbook.OrderBook - [ORDERBOOK] ASK: Adding orderMktData(price=110,quantity=5000)
13:00:19.416 [main] DEBUG c.orderbook.OrderBook - [ORDERBOOK] ASK: Adding orderMktData(price=119,quantity=5600)
13:00:19.416 [main] DEBUG c.orderbook.OrderBook - [ORDERBOOK] ASK: Adding orderMktData(price=123,quantity=453)
13:00:19.416 [main] DEBUG c.orderbook.OrderBook - [ORDERBOOK] ASK: Adding orderMktData(price=144,quantity=645)
13:00:19.416 [main] DEBUG c.orderbook.OrderBook - [ORDERBOOK] ASK: Adding orderMktData(price=167,quantity=665)
13:00:19.416 [main] DEBUG c.service.MarketDataService - [ALGO] BID: price:43 quantity:134
13:00:19.416 [main] DEBUG c.service.MarketDataService - [ALGO] BID: price:76 quantity:145
13:00:19.416 [main] DEBUG c.service.MarketDataService - [ALGO] BID: price:91 quantity:300
13:00:19.416 [main] DEBUG c.service.MarketDataService - [ALGO] BID: price:93 quantity:200
13:00:19.416 [main] DEBUG c.service.MarketDataService - [ALGO] BID: price:95 quantity:100
13:00:19.416 [main] DEBUG c.service.MarketDataService - [ALGO] BID: price:98 quantity:154
13:00:19.416 [main] DEBUG c.service.MarketDataService - [ALGO] ASK: price:98 quantity:501
13:00:19.416 [main] DEBUG c.service.MarketDataService - [ALGO] ASK: price:101 quantity:200
13:00:19.416 [main] DEBUG c.service.MarketDataService - [ALGO] ASK: price:110 quantity:5000
13:00:19.416 [main] DEBUG c.service.MarketDataService - [ALGO] ASK: price:119 quantity:5600
13:00:19.416 [main] DEBUG c.service.MarketDataService - [ALGO] ASK: price:123 quantity:453
13:00:19.416 [main] DEBUG c.service.MarketDataService - [ALGO] ASK: price:144 quantity:645
13:00:19.416 [main] DEBUG c.service.MarketDataService - [ALGO] ASK: price:167 quantity:665
13:00:19.416 [main] INFO  c.gettingstarted.MyAlgoLogic - [MYALGO] The state of the order book is:
|----BID-----||----ASK----|
    134 @ 43    501 @ 98
    145 @ 76   200 @ 101
    300 @ 91  5000 @ 110
    200 @ 93  5600 @ 119
    100 @ 95   453 @ 123
    154 @ 98   645 @ 144
          -    665 @ 167
|------------||-----------|

13:00:19.416 [main] INFO  c.gettingstarted.MyAlgoLogic - [MYALGO] Algo Sees Book as: 
|----BID-----||----ASK----|
    134 @ 43    501 @ 98
    145 @ 76   200 @ 101
    300 @ 91  5000 @ 110
    200 @ 93  5600 @ 119
    100 @ 95   453 @ 123
    154 @ 98   645 @ 144
          -    665 @ 167
|------------||-----------|

13:00:19.416 [main] INFO  c.gettingstarted.TimedLogic - [TIMEDLOGIC] Market is open
13:00:19.416 [main] INFO  c.sequencer.consumer.LoggingConsumer - [63] 
|----BID-----|
    134 @ 43
    145 @ 76
    300 @ 91
    200 @ 93
    100 @ 95
    154 @ 98
|----ASK-----|
    501 @ 98
   200 @ 101
  5000 @ 110
  5600 @ 119
   453 @ 123
   645 @ 144
   665 @ 167

13:00:19.416 [main] INFO  c.orderbook.OrderBook - [ORDERBOOK] Processing Mkt Data Update
13:00:19.416 [main] INFO  c.o.v.MutatingRemoveAllMarketDataOrdersVisitor - [ORDERBOOK] Removing market data order:MktData(price=43,quantity=134)
13:00:19.416 [main] DEBUG c.orderbook.OrderBook - [ORDERBOOK] ASK: Adding orderMktData(price=43,quantity=134)
13:00:19.416 [main] INFO  c.o.visitor.MutatingAddOrderVisitor - [ORDERBOOK] + Limit(side=BUY,orderId=16,price=43,quantity=2195456)
13:00:19.416 [main] DEBUG c.orderbook.OrderBook - [ORDERBOOK] ASK: Adding orderMktData(price=76,quantity=145)
13:00:19.416 [main] DEBUG c.orderbook.OrderBook - [ORDERBOOK] ASK: Adding orderMktData(price=91,quantity=300)
13:00:19.416 [main] DEBUG c.orderbook.OrderBook - [ORDERBOOK] ASK: Adding orderMktData(price=93,quantity=200)
13:00:19.416 [main] DEBUG c.orderbook.OrderBook - [ORDERBOOK] ASK: Adding orderMktData(price=95,quantity=100)
13:00:19.416 [main] DEBUG c.orderbook.OrderBook - [ORDERBOOK] ASK: Adding orderMktData(price=98,quantity=154)
13:00:19.416 [main] INFO  c.o.v.MutatingMatchOneMarketDataOrderVisitor - [ORDERBOOK] visiting LevelOrderBookLevel(price=43,quantity=4255170)
13:00:19.416 [main] INFO  c.o.v.MutatingMatchOneMarketDataOrderVisitor - [ORDERBOOK] Can't match order:Limit(side=BUY,orderId=3,price=43,quantity=268)(MktData(price=98,quantity=154))
13:00:19.416 [main] INFO  c.o.v.MutatingMatchOneMarketDataOrderVisitor - [ORDERBOOK] Can't match order:Limit(side=BUY,orderId=5,price=43,quantity=1072)(MktData(price=98,quantity=154))
13:00:19.416 [main] INFO  c.o.v.MutatingMatchOneMarketDataOrderVisitor - [ORDERBOOK] Can't match order:Limit(side=BUY,orderId=7,price=43,quantity=4288)(MktData(price=98,quantity=154))
13:00:19.416 [main] INFO  c.o.v.MutatingMatchOneMarketDataOrderVisitor - [ORDERBOOK] Can't match order:Limit(side=BUY,orderId=9,price=43,quantity=17152)(MktData(price=98,quantity=154))
13:00:19.416 [main] INFO  c.o.v.MutatingMatchOneMarketDataOrderVisitor - [ORDERBOOK] Can't match order:Limit(side=BUY,orderId=11,price=43,quantity=68608)(MktData(price=98,quantity=154))
13:00:19.416 [main] INFO  c.o.v.MutatingMatchOneMarketDataOrderVisitor - [ORDERBOOK] Can't match order:Limit(side=BUY,orderId=12,price=43,quantity=137216)(MktData(price=98,quantity=154))
13:00:19.416 [main] INFO  c.o.v.MutatingMatchOneMarketDataOrderVisitor - [ORDERBOOK] Can't match order:Limit(side=BUY,orderId=13,price=43,quantity=274432)(MktData(price=98,quantity=154))
13:00:19.416 [main] INFO  c.o.v.MutatingMatchOneMarketDataOrderVisitor - [ORDERBOOK] Can't match order:Limit(side=BUY,orderId=14,price=43,quantity=548864)(MktData(price=98,quantity=154))
13:00:19.416 [main] INFO  c.o.v.MutatingMatchOneMarketDataOrderVisitor - [ORDERBOOK] Can't match order:Limit(side=BUY,orderId=15,price=43,quantity=1097728)(MktData(price=98,quantity=154))
13:00:19.416 [main] INFO  c.o.v.MutatingMatchOneMarketDataOrderVisitor - [ORDERBOOK] Can't match order:Limit(side=BUY,orderId=16,price=43,quantity=2195456)(MktData(price=98,quantity=154))
13:00:19.416 [main] INFO  c.o.v.MutatingMatchOneMarketDataOrderVisitor - [ORDERBOOK] Can't match order:MktData(price=43,quantity=134)(MktData(price=98,quantity=154))
13:00:19.416 [main] INFO  c.o.v.MutatingRemoveAllMarketDataOrdersVisitor - [ORDERBOOK] Removing market data order:MktData(price=98,quantity=501)
13:00:19.416 [main] INFO  c.o.v.MutatingRemoveAllMarketDataOrdersVisitor - [ORDERBOOK] Removing market data order:MktData(price=110,quantity=5000)
13:00:19.416 [main] INFO  c.o.v.MutatingRemoveAllMarketDataOrdersVisitor - [ORDERBOOK] Removing market data order:MktData(price=123,quantity=453)
13:00:19.416 [main] INFO  c.o.v.MutatingRemoveAllMarketDataOrdersVisitor - [ORDERBOOK] Removing market data order:MktData(price=167,quantity=665)
13:00:19.416 [main] DEBUG c.orderbook.OrderBook - [ORDERBOOK] ASK: Adding orderMktData(price=98,quantity=501)
13:00:19.416 [main] INFO  c.o.visitor.MutatingAddOrderVisitor - [ORDERBOOK] + Limit(side=SELL,orderId=17,price=98,quantity=501)
13:00:19.416 [main] DEBUG c.orderbook.OrderBook - [ORDERBOOK] ASK: Adding orderMktData(price=101,quantity=200)
13:00:19.416 [main] DEBUG c.orderbook.OrderBook - [ORDERBOOK] ASK: Adding orderMktData(price=110,quantity=5000)
13:00:19.416 [main] DEBUG c.orderbook.OrderBook - [ORDERBOOK] ASK: Adding orderMktData(price=119,quantity=5600)
13:00:19.416 [main] DEBUG c.orderbook.OrderBook - [ORDERBOOK] ASK: Adding orderMktData(price=123,quantity=453)
13:00:19.416 [main] DEBUG c.orderbook.OrderBook - [ORDERBOOK] ASK: Adding orderMktData(price=144,quantity=645)
13:00:19.416 [main] DEBUG c.orderbook.OrderBook - [ORDERBOOK] ASK: Adding orderMktData(price=167,quantity=665)
13:00:19.416 [main] DEBUG c.service.MarketDataService - [ALGO] BID: price:43 quantity:134
13:00:19.416 [main] DEBUG c.service.MarketDataService - [ALGO] BID: price:76 quantity:145
13:00:19.416 [main] DEBUG c.service.MarketDataService - [ALGO] BID: price:91 quantity:300
13:00:19.416 [main] DEBUG c.service.MarketDataService - [ALGO] BID: price:93 quantity:200
13:00:19.416 [main] DEBUG c.service.MarketDataService - [ALGO] BID: price:95 quantity:100
13:00:19.416 [main] DEBUG c.service.MarketDataService - [ALGO] BID: price:98 quantity:154
13:00:19.416 [main] DEBUG c.service.MarketDataService - [ALGO] ASK: price:98 quantity:501
13:00:19.416 [main] DEBUG c.service.MarketDataService - [ALGO] ASK: price:101 quantity:200
13:00:19.416 [main] DEBUG c.service.MarketDataService - [ALGO] ASK: price:110 quantity:5000
13:00:19.416 [main] DEBUG c.service.MarketDataService - [ALGO] ASK: price:119 quantity:5600
13:00:19.416 [main] DEBUG c.service.MarketDataService - [ALGO] ASK: price:123 quantity:453
13:00:19.416 [main] DEBUG c.service.MarketDataService - [ALGO] ASK: price:144 quantity:645
13:00:19.416 [main] DEBUG c.service.MarketDataService - [ALGO] ASK: price:167 quantity:665
13:00:19.416 [main] INFO  c.gettingstarted.MyAlgoLogic - [MYALGO] The state of the order book is:
|----BID-----||----ASK----|
    134 @ 43    501 @ 98
    145 @ 76   200 @ 101
    300 @ 91  5000 @ 110
    200 @ 93  5600 @ 119
    100 @ 95   453 @ 123
    154 @ 98   645 @ 144
          -    665 @ 167
|------------||-----------|

13:00:19.416 [main] INFO  c.gettingstarted.MyAlgoLogic - [MYALGO] Algo Sees Book as: 
|----BID-----||----ASK----|
    134 @ 43    501 @ 98
    145 @ 76   200 @ 101
    300 @ 91  5000 @ 110
    200 @ 93  5600 @ 119
    100 @ 95   453 @ 123
    154 @ 98   645 @ 144
          -    665 @ 167
|------------||-----------|

13:00:19.416 [main] INFO  c.gettingstarted.TimedLogic - [TIMEDLOGIC] Market is open
13:00:19.416 [main] INFO  c.sequencer.consumer.LoggingConsumer - [64] 
|----BID-----|
    134 @ 43
    145 @ 76
    300 @ 91
    200 @ 93
    100 @ 95
    154 @ 98
|----ASK-----|
    501 @ 98
   200 @ 101
  5000 @ 110
  5600 @ 119
   453 @ 123
   645 @ 144
   665 @ 167

13:00:19.416 [main] INFO  c.orderbook.OrderBook - [ORDERBOOK] Processing Mkt Data Update
13:00:19.416 [main] INFO  c.o.v.MutatingRemoveAllMarketDataOrdersVisitor - [ORDERBOOK] Removing market data order:MktData(price=43,quantity=134)
13:00:19.416 [main] DEBUG c.orderbook.OrderBook - [ORDERBOOK] ASK: Adding orderMktData(price=43,quantity=134)
13:00:19.416 [main] INFO  c.o.visitor.MutatingAddOrderVisitor - [ORDERBOOK] + Limit(side=BUY,orderId=16,price=43,quantity=2195456)
13:00:19.416 [main] DEBUG c.orderbook.OrderBook - [ORDERBOOK] ASK: Adding orderMktData(price=76,quantity=145)
13:00:19.416 [main] DEBUG c.orderbook.OrderBook - [ORDERBOOK] ASK: Adding orderMktData(price=91,quantity=300)
13:00:19.416 [main] DEBUG c.orderbook.OrderBook - [ORDERBOOK] ASK: Adding orderMktData(price=93,quantity=200)
13:00:19.416 [main] DEBUG c.orderbook.OrderBook - [ORDERBOOK] ASK: Adding orderMktData(price=95,quantity=100)
13:00:19.416 [main] DEBUG c.orderbook.OrderBook - [ORDERBOOK] ASK: Adding orderMktData(price=98,quantity=154)
13:00:19.416 [main] INFO  c.o.v.MutatingMatchOneMarketDataOrderVisitor - [ORDERBOOK] visiting LevelOrderBookLevel(price=43,quantity=4255304)
13:00:19.416 [main] INFO  c.o.v.MutatingMatchOneMarketDataOrderVisitor - [ORDERBOOK] Can't match order:Limit(side=BUY,orderId=3,price=43,quantity=268)(MktData(price=98,quantity=154))
13:00:19.416 [main] INFO  c.o.v.MutatingMatchOneMarketDataOrderVisitor - [ORDERBOOK] Can't match order:Limit(side=BUY,orderId=5,price=43,quantity=1072)(MktData(price=98,quantity=154))
13:00:19.416 [main] INFO  c.o.v.MutatingMatchOneMarketDataOrderVisitor - [ORDERBOOK] Can't match order:Limit(side=BUY,orderId=7,price=43,quantity=4288)(MktData(price=98,quantity=154))
13:00:19.416 [main] INFO  c.o.v.MutatingMatchOneMarketDataOrderVisitor - [ORDERBOOK] Can't match order:Limit(side=BUY,orderId=9,price=43,quantity=17152)(MktData(price=98,quantity=154))
13:00:19.416 [main] INFO  c.o.v.MutatingMatchOneMarketDataOrderVisitor - [ORDERBOOK] Can't match order:Limit(side=BUY,orderId=11,price=43,quantity=68608)(MktData(price=98,quantity=154))
13:00:19.416 [main] INFO  c.o.v.MutatingMatchOneMarketDataOrderVisitor - [ORDERBOOK] Can't match order:Limit(side=BUY,orderId=12,price=43,quantity=137216)(MktData(price=98,quantity=154))
13:00:19.416 [main] INFO  c.o.v.MutatingMatchOneMarketDataOrderVisitor - [ORDERBOOK] Can't match order:Limit(side=BUY,orderId=13,price=43,quantity=274432)(MktData(price=98,quantity=154))
13:00:19.416 [main] INFO  c.o.v.MutatingMatchOneMarketDataOrderVisitor - [ORDERBOOK] Can't match order:Limit(side=BUY,orderId=14,price=43,quantity=548864)(MktData(price=98,quantity=154))
13:00:19.416 [main] INFO  c.o.v.MutatingMatchOneMarketDataOrderVisitor - [ORDERBOOK] Can't match order:Limit(side=BUY,orderId=15,price=43,quantity=1097728)(MktData(price=98,quantity=154))
13:00:19.416 [main] INFO  c.o.v.MutatingMatchOneMarketDataOrderVisitor - [ORDERBOOK] Can't match order:Limit(side=BUY,orderId=16,price=43,quantity=2195456)(MktData(price=98,quantity=154))
13:00:19.416 [main] INFO  c.o.v.MutatingMatchOneMarketDataOrderVisitor - [ORDERBOOK] Can't match order:MktData(price=43,quantity=134)(MktData(price=98,quantity=154))
13:00:19.416 [main] INFO  c.o.v.MutatingRemoveAllMarketDataOrdersVisitor - [ORDERBOOK] Removing market data order:MktData(price=98,quantity=501)
13:00:19.416 [main] INFO  c.o.v.MutatingRemoveAllMarketDataOrdersVisitor - [ORDERBOOK] Removing market data order:MktData(price=110,quantity=5000)
13:00:19.416 [main] INFO  c.o.v.MutatingRemoveAllMarketDataOrdersVisitor - [ORDERBOOK] Removing market data order:MktData(price=123,quantity=453)
13:00:19.416 [main] INFO  c.o.v.MutatingRemoveAllMarketDataOrdersVisitor - [ORDERBOOK] Removing market data order:MktData(price=167,quantity=665)
13:00:19.416 [main] DEBUG c.orderbook.OrderBook - [ORDERBOOK] ASK: Adding orderMktData(price=98,quantity=501)
13:00:19.416 [main] INFO  c.o.visitor.MutatingAddOrderVisitor - [ORDERBOOK] + Limit(side=SELL,orderId=17,price=98,quantity=501)
13:00:19.416 [main] DEBUG c.orderbook.OrderBook - [ORDERBOOK] ASK: Adding orderMktData(price=101,quantity=200)
13:00:19.416 [main] DEBUG c.orderbook.OrderBook - [ORDERBOOK] ASK: Adding orderMktData(price=110,quantity=5000)
13:00:19.416 [main] DEBUG c.orderbook.OrderBook - [ORDERBOOK] ASK: Adding orderMktData(price=119,quantity=5600)
13:00:19.416 [main] DEBUG c.orderbook.OrderBook - [ORDERBOOK] ASK: Adding orderMktData(price=123,quantity=453)
13:00:19.416 [main] DEBUG c.orderbook.OrderBook - [ORDERBOOK] ASK: Adding orderMktData(price=144,quantity=645)
13:00:19.416 [main] DEBUG c.orderbook.OrderBook - [ORDERBOOK] ASK: Adding orderMktData(price=167,quantity=665)
13:00:19.416 [main] DEBUG c.service.MarketDataService - [ALGO] BID: price:43 quantity:134
13:00:19.416 [main] DEBUG c.service.MarketDataService - [ALGO] BID: price:76 quantity:145
13:00:19.416 [main] DEBUG c.service.MarketDataService - [ALGO] BID: price:91 quantity:300
13:00:19.416 [main] DEBUG c.service.MarketDataService - [ALGO] BID: price:93 quantity:200
13:00:19.416 [main] DEBUG c.service.MarketDataService - [ALGO] BID: price:95 quantity:100
13:00:19.416 [main] DEBUG c.service.MarketDataService - [ALGO] BID: price:98 quantity:154
13:00:19.416 [main] DEBUG c.service.MarketDataService - [ALGO] ASK: price:98 quantity:501
13:00:19.416 [main] DEBUG c.service.MarketDataService - [ALGO] ASK: price:101 quantity:200
13:00:19.416 [main] DEBUG c.service.MarketDataService - [ALGO] ASK: price:110 quantity:5000
13:00:19.416 [main] DEBUG c.service.MarketDataService - [ALGO] ASK: price:119 quantity:5600
13:00:19.416 [main] DEBUG c.service.MarketDataService - [ALGO] ASK: price:123 quantity:453
13:00:19.416 [main] DEBUG c.service.MarketDataService - [ALGO] ASK: price:144 quantity:645
13:00:19.416 [main] DEBUG c.service.MarketDataService - [ALGO] ASK: price:167 quantity:665
13:00:19.416 [main] INFO  c.gettingstarted.MyAlgoLogic - [MYALGO] The state of the order book is:
|----BID-----||----ASK----|
    134 @ 43    501 @ 98
    145 @ 76   200 @ 101
    300 @ 91  5000 @ 110
    200 @ 93  5600 @ 119
    100 @ 95   453 @ 123
    154 @ 98   645 @ 144
          -    665 @ 167
|------------||-----------|

13:00:19.416 [main] INFO  c.gettingstarted.MyAlgoLogic - [MYALGO] Algo Sees Book as: 
|----BID-----||----ASK----|
    134 @ 43    501 @ 98
    145 @ 76   200 @ 101
    300 @ 91  5000 @ 110
    200 @ 93  5600 @ 119
    100 @ 95   453 @ 123
    154 @ 98   645 @ 144
          -    665 @ 167
|------------||-----------|

13:00:19.416 [main] INFO  c.gettingstarted.TimedLogic - [TIMEDLOGIC] Market is open
13:00:19.416 [main] INFO  c.sequencer.consumer.LoggingConsumer - [65] 
|----BID-----|
    134 @ 43
    145 @ 76
    300 @ 91
    200 @ 93
    100 @ 95
    154 @ 98
|----ASK-----|
    501 @ 98
   200 @ 101
  5000 @ 110
  5600 @ 119
   453 @ 123
   645 @ 144
   665 @ 167

13:00:19.416 [main] INFO  c.orderbook.OrderBook - [ORDERBOOK] Processing Mkt Data Update
13:00:19.416 [main] INFO  c.o.v.MutatingRemoveAllMarketDataOrdersVisitor - [ORDERBOOK] Removing market data order:MktData(price=43,quantity=134)
13:00:19.416 [main] DEBUG c.orderbook.OrderBook - [ORDERBOOK] ASK: Adding orderMktData(price=43,quantity=134)
13:00:19.416 [main] INFO  c.o.visitor.MutatingAddOrderVisitor - [ORDERBOOK] + Limit(side=BUY,orderId=16,price=43,quantity=2195456)
13:00:19.416 [main] DEBUG c.orderbook.OrderBook - [ORDERBOOK] ASK: Adding orderMktData(price=76,quantity=145)
13:00:19.416 [main] DEBUG c.orderbook.OrderBook - [ORDERBOOK] ASK: Adding orderMktData(price=91,quantity=300)
13:00:19.416 [main] DEBUG c.orderbook.OrderBook - [ORDERBOOK] ASK: Adding orderMktData(price=93,quantity=200)
13:00:19.416 [main] DEBUG c.orderbook.OrderBook - [ORDERBOOK] ASK: Adding orderMktData(price=95,quantity=100)
13:00:19.416 [main] DEBUG c.orderbook.OrderBook - [ORDERBOOK] ASK: Adding orderMktData(price=98,quantity=154)
13:00:19.416 [main] INFO  c.o.v.MutatingMatchOneMarketDataOrderVisitor - [ORDERBOOK] visiting LevelOrderBookLevel(price=43,quantity=4255438)
13:00:19.416 [main] INFO  c.o.v.MutatingMatchOneMarketDataOrderVisitor - [ORDERBOOK] Can't match order:Limit(side=BUY,orderId=3,price=43,quantity=268)(MktData(price=98,quantity=154))
13:00:19.416 [main] INFO  c.o.v.MutatingMatchOneMarketDataOrderVisitor - [ORDERBOOK] Can't match order:Limit(side=BUY,orderId=5,price=43,quantity=1072)(MktData(price=98,quantity=154))
13:00:19.416 [main] INFO  c.o.v.MutatingMatchOneMarketDataOrderVisitor - [ORDERBOOK] Can't match order:Limit(side=BUY,orderId=7,price=43,quantity=4288)(MktData(price=98,quantity=154))
13:00:19.416 [main] INFO  c.o.v.MutatingMatchOneMarketDataOrderVisitor - [ORDERBOOK] Can't match order:Limit(side=BUY,orderId=9,price=43,quantity=17152)(MktData(price=98,quantity=154))
13:00:19.416 [main] INFO  c.o.v.MutatingMatchOneMarketDataOrderVisitor - [ORDERBOOK] Can't match order:Limit(side=BUY,orderId=11,price=43,quantity=68608)(MktData(price=98,quantity=154))
13:00:19.416 [main] INFO  c.o.v.MutatingMatchOneMarketDataOrderVisitor - [ORDERBOOK] Can't match order:Limit(side=BUY,orderId=12,price=43,quantity=137216)(MktData(price=98,quantity=154))
13:00:19.416 [main] INFO  c.o.v.MutatingMatchOneMarketDataOrderVisitor - [ORDERBOOK] Can't match order:Limit(side=BUY,orderId=13,price=43,quantity=274432)(MktData(price=98,quantity=154))
13:00:19.416 [main] INFO  c.o.v.MutatingMatchOneMarketDataOrderVisitor - [ORDERBOOK] Can't match order:Limit(side=BUY,orderId=14,price=43,quantity=548864)(MktData(price=98,quantity=154))
13:00:19.416 [main] INFO  c.o.v.MutatingMatchOneMarketDataOrderVisitor - [ORDERBOOK] Can't match order:Limit(side=BUY,orderId=15,price=43,quantity=1097728)(MktData(price=98,quantity=154))
13:00:19.416 [main] INFO  c.o.v.MutatingMatchOneMarketDataOrderVisitor - [ORDERBOOK] Can't match order:Limit(side=BUY,orderId=16,price=43,quantity=2195456)(MktData(price=98,quantity=154))
13:00:19.416 [main] INFO  c.o.v.MutatingMatchOneMarketDataOrderVisitor - [ORDERBOOK] Can't match order:MktData(price=43,quantity=134)(MktData(price=98,quantity=154))
13:00:19.416 [main] INFO  c.o.v.MutatingRemoveAllMarketDataOrdersVisitor - [ORDERBOOK] Removing market data order:MktData(price=98,quantity=501)
13:00:19.416 [main] INFO  c.o.v.MutatingRemoveAllMarketDataOrdersVisitor - [ORDERBOOK] Removing market data order:MktData(price=110,quantity=5000)
13:00:19.416 [main] INFO  c.o.v.MutatingRemoveAllMarketDataOrdersVisitor - [ORDERBOOK] Removing market data order:MktData(price=123,quantity=453)
13:00:19.416 [main] INFO  c.o.v.MutatingRemoveAllMarketDataOrdersVisitor - [ORDERBOOK] Removing market data order:MktData(price=167,quantity=665)
13:00:19.416 [main] DEBUG c.orderbook.OrderBook - [ORDERBOOK] ASK: Adding orderMktData(price=98,quantity=501)
13:00:19.416 [main] INFO  c.o.visitor.MutatingAddOrderVisitor - [ORDERBOOK] + Limit(side=SELL,orderId=17,price=98,quantity=501)
13:00:19.416 [main] DEBUG c.orderbook.OrderBook - [ORDERBOOK] ASK: Adding orderMktData(price=101,quantity=200)
13:00:19.416 [main] DEBUG c.orderbook.OrderBook - [ORDERBOOK] ASK: Adding orderMktData(price=110,quantity=5000)
13:00:19.416 [main] DEBUG c.orderbook.OrderBook - [ORDERBOOK] ASK: Adding orderMktData(price=119,quantity=5600)
13:00:19.416 [main] DEBUG c.orderbook.OrderBook - [ORDERBOOK] ASK: Adding orderMktData(price=123,quantity=453)
13:00:19.416 [main] DEBUG c.orderbook.OrderBook - [ORDERBOOK] ASK: Adding orderMktData(price=144,quantity=645)
13:00:19.416 [main] DEBUG c.orderbook.OrderBook - [ORDERBOOK] ASK: Adding orderMktData(price=167,quantity=665)
13:00:19.416 [main] DEBUG c.service.MarketDataService - [ALGO] BID: price:43 quantity:134
13:00:19.416 [main] DEBUG c.service.MarketDataService - [ALGO] BID: price:76 quantity:145
13:00:19.416 [main] DEBUG c.service.MarketDataService - [ALGO] BID: price:91 quantity:300
13:00:19.416 [main] DEBUG c.service.MarketDataService - [ALGO] BID: price:93 quantity:200
13:00:19.416 [main] DEBUG c.service.MarketDataService - [ALGO] BID: price:95 quantity:100
13:00:19.416 [main] DEBUG c.service.MarketDataService - [ALGO] BID: price:98 quantity:154
13:00:19.416 [main] DEBUG c.service.MarketDataService - [ALGO] ASK: price:98 quantity:501
13:00:19.416 [main] DEBUG c.service.MarketDataService - [ALGO] ASK: price:101 quantity:200
13:00:19.416 [main] DEBUG c.service.MarketDataService - [ALGO] ASK: price:110 quantity:5000
13:00:19.416 [main] DEBUG c.service.MarketDataService - [ALGO] ASK: price:119 quantity:5600
13:00:19.416 [main] DEBUG c.service.MarketDataService - [ALGO] ASK: price:123 quantity:453
13:00:19.416 [main] DEBUG c.service.MarketDataService - [ALGO] ASK: price:144 quantity:645
13:00:19.416 [main] DEBUG c.service.MarketDataService - [ALGO] ASK: price:167 quantity:665
13:00:19.416 [main] INFO  c.gettingstarted.MyAlgoLogic - [MYALGO] The state of the order book is:
|----BID-----||----ASK----|
    134 @ 43    501 @ 98
    145 @ 76   200 @ 101
    300 @ 91  5000 @ 110
    200 @ 93  5600 @ 119
    100 @ 95   453 @ 123
    154 @ 98   645 @ 144
          -    665 @ 167
|------------||-----------|

13:00:19.416 [main] INFO  c.gettingstarted.MyAlgoLogic - [MYALGO] Algo Sees Book as: 
|----BID-----||----ASK----|
    134 @ 43    501 @ 98
    145 @ 76   200 @ 101
    300 @ 91  5000 @ 110
    200 @ 93  5600 @ 119
    100 @ 95   453 @ 123
    154 @ 98   645 @ 144
          -    665 @ 167
|------------||-----------|

13:00:19.416 [main] INFO  c.gettingstarted.TimedLogic - [TIMEDLOGIC] Market is open
13:00:19.416 [main] INFO  c.sequencer.consumer.LoggingConsumer - [66] 
|----BID-----|
    134 @ 43
    145 @ 76
    300 @ 91
    200 @ 93
    100 @ 95
    154 @ 98
|----ASK-----|
    501 @ 98
   200 @ 101
  5000 @ 110
  5600 @ 119
   453 @ 123
   645 @ 144
   665 @ 167

13:00:19.416 [main] INFO  c.orderbook.OrderBook - [ORDERBOOK] Processing Mkt Data Update
13:00:19.416 [main] INFO  c.o.v.MutatingRemoveAllMarketDataOrdersVisitor - [ORDERBOOK] Removing market data order:MktData(price=43,quantity=134)
13:00:19.416 [main] DEBUG c.orderbook.OrderBook - [ORDERBOOK] ASK: Adding orderMktData(price=43,quantity=134)
13:00:19.431 [main] INFO  c.o.visitor.MutatingAddOrderVisitor - [ORDERBOOK] + Limit(side=BUY,orderId=16,price=43,quantity=2195456)
13:00:19.431 [main] DEBUG c.orderbook.OrderBook - [ORDERBOOK] ASK: Adding orderMktData(price=76,quantity=145)
13:00:19.431 [main] DEBUG c.orderbook.OrderBook - [ORDERBOOK] ASK: Adding orderMktData(price=91,quantity=300)
13:00:19.431 [main] DEBUG c.orderbook.OrderBook - [ORDERBOOK] ASK: Adding orderMktData(price=93,quantity=200)
13:00:19.431 [main] DEBUG c.orderbook.OrderBook - [ORDERBOOK] ASK: Adding orderMktData(price=95,quantity=100)
13:00:19.431 [main] DEBUG c.orderbook.OrderBook - [ORDERBOOK] ASK: Adding orderMktData(price=98,quantity=154)
13:00:19.431 [main] INFO  c.o.v.MutatingMatchOneMarketDataOrderVisitor - [ORDERBOOK] visiting LevelOrderBookLevel(price=43,quantity=4255572)
13:00:19.431 [main] INFO  c.o.v.MutatingMatchOneMarketDataOrderVisitor - [ORDERBOOK] Can't match order:Limit(side=BUY,orderId=3,price=43,quantity=268)(MktData(price=98,quantity=154))
13:00:19.431 [main] INFO  c.o.v.MutatingMatchOneMarketDataOrderVisitor - [ORDERBOOK] Can't match order:Limit(side=BUY,orderId=5,price=43,quantity=1072)(MktData(price=98,quantity=154))
13:00:19.431 [main] INFO  c.o.v.MutatingMatchOneMarketDataOrderVisitor - [ORDERBOOK] Can't match order:Limit(side=BUY,orderId=7,price=43,quantity=4288)(MktData(price=98,quantity=154))
13:00:19.431 [main] INFO  c.o.v.MutatingMatchOneMarketDataOrderVisitor - [ORDERBOOK] Can't match order:Limit(side=BUY,orderId=9,price=43,quantity=17152)(MktData(price=98,quantity=154))
13:00:19.431 [main] INFO  c.o.v.MutatingMatchOneMarketDataOrderVisitor - [ORDERBOOK] Can't match order:Limit(side=BUY,orderId=11,price=43,quantity=68608)(MktData(price=98,quantity=154))
13:00:19.431 [main] INFO  c.o.v.MutatingMatchOneMarketDataOrderVisitor - [ORDERBOOK] Can't match order:Limit(side=BUY,orderId=12,price=43,quantity=137216)(MktData(price=98,quantity=154))
13:00:19.431 [main] INFO  c.o.v.MutatingMatchOneMarketDataOrderVisitor - [ORDERBOOK] Can't match order:Limit(side=BUY,orderId=13,price=43,quantity=274432)(MktData(price=98,quantity=154))
13:00:19.431 [main] INFO  c.o.v.MutatingMatchOneMarketDataOrderVisitor - [ORDERBOOK] Can't match order:Limit(side=BUY,orderId=14,price=43,quantity=548864)(MktData(price=98,quantity=154))
13:00:19.431 [main] INFO  c.o.v.MutatingMatchOneMarketDataOrderVisitor - [ORDERBOOK] Can't match order:Limit(side=BUY,orderId=15,price=43,quantity=1097728)(MktData(price=98,quantity=154))
13:00:19.431 [main] INFO  c.o.v.MutatingMatchOneMarketDataOrderVisitor - [ORDERBOOK] Can't match order:Limit(side=BUY,orderId=16,price=43,quantity=2195456)(MktData(price=98,quantity=154))
13:00:19.431 [main] INFO  c.o.v.MutatingMatchOneMarketDataOrderVisitor - [ORDERBOOK] Can't match order:MktData(price=43,quantity=134)(MktData(price=98,quantity=154))
13:00:19.431 [main] INFO  c.o.v.MutatingRemoveAllMarketDataOrdersVisitor - [ORDERBOOK] Removing market data order:MktData(price=98,quantity=501)
13:00:19.431 [main] INFO  c.o.v.MutatingRemoveAllMarketDataOrdersVisitor - [ORDERBOOK] Removing market data order:MktData(price=110,quantity=5000)
13:00:19.431 [main] INFO  c.o.v.MutatingRemoveAllMarketDataOrdersVisitor - [ORDERBOOK] Removing market data order:MktData(price=123,quantity=453)
13:00:19.431 [main] INFO  c.o.v.MutatingRemoveAllMarketDataOrdersVisitor - [ORDERBOOK] Removing market data order:MktData(price=167,quantity=665)
13:00:19.431 [main] DEBUG c.orderbook.OrderBook - [ORDERBOOK] ASK: Adding orderMktData(price=98,quantity=501)
13:00:19.431 [main] INFO  c.o.visitor.MutatingAddOrderVisitor - [ORDERBOOK] + Limit(side=SELL,orderId=17,price=98,quantity=501)
13:00:19.431 [main] DEBUG c.orderbook.OrderBook - [ORDERBOOK] ASK: Adding orderMktData(price=101,quantity=200)
13:00:19.431 [main] DEBUG c.orderbook.OrderBook - [ORDERBOOK] ASK: Adding orderMktData(price=110,quantity=5000)
13:00:19.431 [main] DEBUG c.orderbook.OrderBook - [ORDERBOOK] ASK: Adding orderMktData(price=119,quantity=5600)
13:00:19.431 [main] DEBUG c.orderbook.OrderBook - [ORDERBOOK] ASK: Adding orderMktData(price=123,quantity=453)
13:00:19.431 [main] DEBUG c.orderbook.OrderBook - [ORDERBOOK] ASK: Adding orderMktData(price=144,quantity=645)
13:00:19.431 [main] DEBUG c.orderbook.OrderBook - [ORDERBOOK] ASK: Adding orderMktData(price=167,quantity=665)
13:00:19.431 [main] DEBUG c.service.MarketDataService - [ALGO] BID: price:43 quantity:134
13:00:19.431 [main] DEBUG c.service.MarketDataService - [ALGO] BID: price:76 quantity:145
13:00:19.431 [main] DEBUG c.service.MarketDataService - [ALGO] BID: price:91 quantity:300
13:00:19.431 [main] DEBUG c.service.MarketDataService - [ALGO] BID: price:93 quantity:200
13:00:19.431 [main] DEBUG c.service.MarketDataService - [ALGO] BID: price:95 quantity:100
13:00:19.431 [main] DEBUG c.service.MarketDataService - [ALGO] BID: price:98 quantity:154
13:00:19.431 [main] DEBUG c.service.MarketDataService - [ALGO] ASK: price:98 quantity:501
13:00:19.431 [main] DEBUG c.service.MarketDataService - [ALGO] ASK: price:101 quantity:200
13:00:19.431 [main] DEBUG c.service.MarketDataService - [ALGO] ASK: price:110 quantity:5000
13:00:19.431 [main] DEBUG c.service.MarketDataService - [ALGO] ASK: price:119 quantity:5600
13:00:19.431 [main] DEBUG c.service.MarketDataService - [ALGO] ASK: price:123 quantity:453
13:00:19.431 [main] DEBUG c.service.MarketDataService - [ALGO] ASK: price:144 quantity:645
13:00:19.431 [main] DEBUG c.service.MarketDataService - [ALGO] ASK: price:167 quantity:665
13:00:19.431 [main] INFO  c.gettingstarted.MyAlgoLogic - [MYALGO] The state of the order book is:
|----BID-----||----ASK----|
    134 @ 43    501 @ 98
    145 @ 76   200 @ 101
    300 @ 91  5000 @ 110
    200 @ 93  5600 @ 119
    100 @ 95   453 @ 123
    154 @ 98   645 @ 144
          -    665 @ 167
|------------||-----------|

13:00:19.431 [main] INFO  c.gettingstarted.MyAlgoLogic - [MYALGO] Algo Sees Book as: 
|----BID-----||----ASK----|
    134 @ 43    501 @ 98
    145 @ 76   200 @ 101
    300 @ 91  5000 @ 110
    200 @ 93  5600 @ 119
    100 @ 95   453 @ 123
    154 @ 98   645 @ 144
          -    665 @ 167
|------------||-----------|

13:00:19.431 [main] INFO  c.gettingstarted.TimedLogic - [TIMEDLOGIC] Market is open
13:00:19.431 [main] INFO  c.sequencer.consumer.LoggingConsumer - [67] 
|----BID-----|
    134 @ 43
    145 @ 76
    300 @ 91
    200 @ 93
    100 @ 95
    154 @ 98
|----ASK-----|
    501 @ 98
   200 @ 101
  5000 @ 110
  5600 @ 119
   453 @ 123
   645 @ 144
   665 @ 167

13:00:19.431 [main] INFO  c.orderbook.OrderBook - [ORDERBOOK] Processing Mkt Data Update
13:00:19.431 [main] INFO  c.o.v.MutatingRemoveAllMarketDataOrdersVisitor - [ORDERBOOK] Removing market data order:MktData(price=43,quantity=134)
13:00:19.431 [main] DEBUG c.orderbook.OrderBook - [ORDERBOOK] ASK: Adding orderMktData(price=43,quantity=134)
13:00:19.431 [main] INFO  c.o.visitor.MutatingAddOrderVisitor - [ORDERBOOK] + Limit(side=BUY,orderId=16,price=43,quantity=2195456)
13:00:19.431 [main] DEBUG c.orderbook.OrderBook - [ORDERBOOK] ASK: Adding orderMktData(price=76,quantity=145)
13:00:19.431 [main] DEBUG c.orderbook.OrderBook - [ORDERBOOK] ASK: Adding orderMktData(price=91,quantity=300)
13:00:19.431 [main] DEBUG c.orderbook.OrderBook - [ORDERBOOK] ASK: Adding orderMktData(price=93,quantity=200)
13:00:19.431 [main] DEBUG c.orderbook.OrderBook - [ORDERBOOK] ASK: Adding orderMktData(price=95,quantity=100)
13:00:19.431 [main] DEBUG c.orderbook.OrderBook - [ORDERBOOK] ASK: Adding orderMktData(price=98,quantity=154)
13:00:19.431 [main] INFO  c.o.v.MutatingMatchOneMarketDataOrderVisitor - [ORDERBOOK] visiting LevelOrderBookLevel(price=43,quantity=4255706)
13:00:19.431 [main] INFO  c.o.v.MutatingMatchOneMarketDataOrderVisitor - [ORDERBOOK] Can't match order:Limit(side=BUY,orderId=3,price=43,quantity=268)(MktData(price=98,quantity=154))
13:00:19.431 [main] INFO  c.o.v.MutatingMatchOneMarketDataOrderVisitor - [ORDERBOOK] Can't match order:Limit(side=BUY,orderId=5,price=43,quantity=1072)(MktData(price=98,quantity=154))
13:00:19.431 [main] INFO  c.o.v.MutatingMatchOneMarketDataOrderVisitor - [ORDERBOOK] Can't match order:Limit(side=BUY,orderId=7,price=43,quantity=4288)(MktData(price=98,quantity=154))
13:00:19.431 [main] INFO  c.o.v.MutatingMatchOneMarketDataOrderVisitor - [ORDERBOOK] Can't match order:Limit(side=BUY,orderId=9,price=43,quantity=17152)(MktData(price=98,quantity=154))
13:00:19.431 [main] INFO  c.o.v.MutatingMatchOneMarketDataOrderVisitor - [ORDERBOOK] Can't match order:Limit(side=BUY,orderId=11,price=43,quantity=68608)(MktData(price=98,quantity=154))
13:00:19.431 [main] INFO  c.o.v.MutatingMatchOneMarketDataOrderVisitor - [ORDERBOOK] Can't match order:Limit(side=BUY,orderId=12,price=43,quantity=137216)(MktData(price=98,quantity=154))
13:00:19.431 [main] INFO  c.o.v.MutatingMatchOneMarketDataOrderVisitor - [ORDERBOOK] Can't match order:Limit(side=BUY,orderId=13,price=43,quantity=274432)(MktData(price=98,quantity=154))
13:00:19.431 [main] INFO  c.o.v.MutatingMatchOneMarketDataOrderVisitor - [ORDERBOOK] Can't match order:Limit(side=BUY,orderId=14,price=43,quantity=548864)(MktData(price=98,quantity=154))
13:00:19.431 [main] INFO  c.o.v.MutatingMatchOneMarketDataOrderVisitor - [ORDERBOOK] Can't match order:Limit(side=BUY,orderId=15,price=43,quantity=1097728)(MktData(price=98,quantity=154))
13:00:19.431 [main] INFO  c.o.v.MutatingMatchOneMarketDataOrderVisitor - [ORDERBOOK] Can't match order:Limit(side=BUY,orderId=16,price=43,quantity=2195456)(MktData(price=98,quantity=154))
13:00:19.431 [main] INFO  c.o.v.MutatingMatchOneMarketDataOrderVisitor - [ORDERBOOK] Can't match order:MktData(price=43,quantity=134)(MktData(price=98,quantity=154))
13:00:19.431 [main] INFO  c.o.v.MutatingRemoveAllMarketDataOrdersVisitor - [ORDERBOOK] Removing market data order:MktData(price=98,quantity=501)
13:00:19.431 [main] INFO  c.o.v.MutatingRemoveAllMarketDataOrdersVisitor - [ORDERBOOK] Removing market data order:MktData(price=110,quantity=5000)
13:00:19.431 [main] INFO  c.o.v.MutatingRemoveAllMarketDataOrdersVisitor - [ORDERBOOK] Removing market data order:MktData(price=123,quantity=453)
13:00:19.431 [main] INFO  c.o.v.MutatingRemoveAllMarketDataOrdersVisitor - [ORDERBOOK] Removing market data order:MktData(price=167,quantity=665)
13:00:19.431 [main] DEBUG c.orderbook.OrderBook - [ORDERBOOK] ASK: Adding orderMktData(price=98,quantity=501)
13:00:19.431 [main] INFO  c.o.visitor.MutatingAddOrderVisitor - [ORDERBOOK] + Limit(side=SELL,orderId=17,price=98,quantity=501)
13:00:19.431 [main] DEBUG c.orderbook.OrderBook - [ORDERBOOK] ASK: Adding orderMktData(price=101,quantity=200)
13:00:19.431 [main] DEBUG c.orderbook.OrderBook - [ORDERBOOK] ASK: Adding orderMktData(price=110,quantity=5000)
13:00:19.431 [main] DEBUG c.orderbook.OrderBook - [ORDERBOOK] ASK: Adding orderMktData(price=119,quantity=5600)
13:00:19.431 [main] DEBUG c.orderbook.OrderBook - [ORDERBOOK] ASK: Adding orderMktData(price=123,quantity=453)
13:00:19.431 [main] DEBUG c.orderbook.OrderBook - [ORDERBOOK] ASK: Adding orderMktData(price=144,quantity=645)
13:00:19.431 [main] DEBUG c.orderbook.OrderBook - [ORDERBOOK] ASK: Adding orderMktData(price=167,quantity=665)
13:00:19.431 [main] DEBUG c.service.MarketDataService - [ALGO] BID: price:43 quantity:134
13:00:19.431 [main] DEBUG c.service.MarketDataService - [ALGO] BID: price:76 quantity:145
13:00:19.431 [main] DEBUG c.service.MarketDataService - [ALGO] BID: price:91 quantity:300
13:00:19.431 [main] DEBUG c.service.MarketDataService - [ALGO] BID: price:93 quantity:200
13:00:19.431 [main] DEBUG c.service.MarketDataService - [ALGO] BID: price:95 quantity:100
13:00:19.431 [main] DEBUG c.service.MarketDataService - [ALGO] BID: price:98 quantity:154
13:00:19.431 [main] DEBUG c.service.MarketDataService - [ALGO] ASK: price:98 quantity:501
13:00:19.431 [main] DEBUG c.service.MarketDataService - [ALGO] ASK: price:101 quantity:200
13:00:19.431 [main] DEBUG c.service.MarketDataService - [ALGO] ASK: price:110 quantity:5000
13:00:19.431 [main] DEBUG c.service.MarketDataService - [ALGO] ASK: price:119 quantity:5600
13:00:19.431 [main] DEBUG c.service.MarketDataService - [ALGO] ASK: price:123 quantity:453
13:00:19.431 [main] DEBUG c.service.MarketDataService - [ALGO] ASK: price:144 quantity:645
13:00:19.431 [main] DEBUG c.service.MarketDataService - [ALGO] ASK: price:167 quantity:665
13:00:19.431 [main] INFO  c.gettingstarted.MyAlgoLogic - [MYALGO] The state of the order book is:
|----BID-----||----ASK----|
    134 @ 43    501 @ 98
    145 @ 76   200 @ 101
    300 @ 91  5000 @ 110
    200 @ 93  5600 @ 119
    100 @ 95   453 @ 123
    154 @ 98   645 @ 144
          -    665 @ 167
|------------||-----------|

13:00:19.431 [main] INFO  c.gettingstarted.MyAlgoLogic - [MYALGO] Algo Sees Book as: 
|----BID-----||----ASK----|
    134 @ 43    501 @ 98
    145 @ 76   200 @ 101
    300 @ 91  5000 @ 110
    200 @ 93  5600 @ 119
    100 @ 95   453 @ 123
    154 @ 98   645 @ 144
          -    665 @ 167
|------------||-----------|

13:00:19.431 [main] INFO  c.gettingstarted.TimedLogic - [TIMEDLOGIC] Market is open
13:00:19.431 [main] INFO  c.sequencer.consumer.LoggingConsumer - [68] 
|----BID-----|
    134 @ 43
    145 @ 76
    300 @ 91
    200 @ 93
    100 @ 95
    154 @ 98
|----ASK-----|
    501 @ 98
   200 @ 101
  5000 @ 110
  5600 @ 119
   453 @ 123
   645 @ 144
   665 @ 167

13:00:19.431 [main] INFO  c.orderbook.OrderBook - [ORDERBOOK] Processing Mkt Data Update
13:00:19.431 [main] INFO  c.o.v.MutatingRemoveAllMarketDataOrdersVisitor - [ORDERBOOK] Removing market data order:MktData(price=43,quantity=134)
13:00:19.431 [main] DEBUG c.orderbook.OrderBook - [ORDERBOOK] ASK: Adding orderMktData(price=43,quantity=134)
13:00:19.431 [main] INFO  c.o.visitor.MutatingAddOrderVisitor - [ORDERBOOK] + Limit(side=BUY,orderId=16,price=43,quantity=2195456)
13:00:19.431 [main] DEBUG c.orderbook.OrderBook - [ORDERBOOK] ASK: Adding orderMktData(price=76,quantity=145)
13:00:19.431 [main] DEBUG c.orderbook.OrderBook - [ORDERBOOK] ASK: Adding orderMktData(price=91,quantity=300)
13:00:19.431 [main] DEBUG c.orderbook.OrderBook - [ORDERBOOK] ASK: Adding orderMktData(price=93,quantity=200)
13:00:19.431 [main] DEBUG c.orderbook.OrderBook - [ORDERBOOK] ASK: Adding orderMktData(price=95,quantity=100)
13:00:19.431 [main] DEBUG c.orderbook.OrderBook - [ORDERBOOK] ASK: Adding orderMktData(price=98,quantity=154)
13:00:19.431 [main] INFO  c.o.v.MutatingMatchOneMarketDataOrderVisitor - [ORDERBOOK] visiting LevelOrderBookLevel(price=43,quantity=4255840)
13:00:19.431 [main] INFO  c.o.v.MutatingMatchOneMarketDataOrderVisitor - [ORDERBOOK] Can't match order:Limit(side=BUY,orderId=3,price=43,quantity=268)(MktData(price=98,quantity=154))
13:00:19.431 [main] INFO  c.o.v.MutatingMatchOneMarketDataOrderVisitor - [ORDERBOOK] Can't match order:Limit(side=BUY,orderId=5,price=43,quantity=1072)(MktData(price=98,quantity=154))
13:00:19.431 [main] INFO  c.o.v.MutatingMatchOneMarketDataOrderVisitor - [ORDERBOOK] Can't match order:Limit(side=BUY,orderId=7,price=43,quantity=4288)(MktData(price=98,quantity=154))
13:00:19.431 [main] INFO  c.o.v.MutatingMatchOneMarketDataOrderVisitor - [ORDERBOOK] Can't match order:Limit(side=BUY,orderId=9,price=43,quantity=17152)(MktData(price=98,quantity=154))
13:00:19.431 [main] INFO  c.o.v.MutatingMatchOneMarketDataOrderVisitor - [ORDERBOOK] Can't match order:Limit(side=BUY,orderId=11,price=43,quantity=68608)(MktData(price=98,quantity=154))
13:00:19.431 [main] INFO  c.o.v.MutatingMatchOneMarketDataOrderVisitor - [ORDERBOOK] Can't match order:Limit(side=BUY,orderId=12,price=43,quantity=137216)(MktData(price=98,quantity=154))
13:00:19.431 [main] INFO  c.o.v.MutatingMatchOneMarketDataOrderVisitor - [ORDERBOOK] Can't match order:Limit(side=BUY,orderId=13,price=43,quantity=274432)(MktData(price=98,quantity=154))
13:00:19.431 [main] INFO  c.o.v.MutatingMatchOneMarketDataOrderVisitor - [ORDERBOOK] Can't match order:Limit(side=BUY,orderId=14,price=43,quantity=548864)(MktData(price=98,quantity=154))
13:00:19.431 [main] INFO  c.o.v.MutatingMatchOneMarketDataOrderVisitor - [ORDERBOOK] Can't match order:Limit(side=BUY,orderId=15,price=43,quantity=1097728)(MktData(price=98,quantity=154))
13:00:19.431 [main] INFO  c.o.v.MutatingMatchOneMarketDataOrderVisitor - [ORDERBOOK] Can't match order:Limit(side=BUY,orderId=16,price=43,quantity=2195456)(MktData(price=98,quantity=154))
13:00:19.431 [main] INFO  c.o.v.MutatingMatchOneMarketDataOrderVisitor - [ORDERBOOK] Can't match order:MktData(price=43,quantity=134)(MktData(price=98,quantity=154))
13:00:19.431 [main] INFO  c.o.v.MutatingRemoveAllMarketDataOrdersVisitor - [ORDERBOOK] Removing market data order:MktData(price=98,quantity=501)
13:00:19.431 [main] INFO  c.o.v.MutatingRemoveAllMarketDataOrdersVisitor - [ORDERBOOK] Removing market data order:MktData(price=110,quantity=5000)
13:00:19.431 [main] INFO  c.o.v.MutatingRemoveAllMarketDataOrdersVisitor - [ORDERBOOK] Removing market data order:MktData(price=123,quantity=453)
13:00:19.431 [main] INFO  c.o.v.MutatingRemoveAllMarketDataOrdersVisitor - [ORDERBOOK] Removing market data order:MktData(price=167,quantity=665)
13:00:19.431 [main] DEBUG c.orderbook.OrderBook - [ORDERBOOK] ASK: Adding orderMktData(price=98,quantity=501)
13:00:19.431 [main] INFO  c.o.visitor.MutatingAddOrderVisitor - [ORDERBOOK] + Limit(side=SELL,orderId=17,price=98,quantity=501)
13:00:19.431 [main] DEBUG c.orderbook.OrderBook - [ORDERBOOK] ASK: Adding orderMktData(price=101,quantity=200)
13:00:19.431 [main] DEBUG c.orderbook.OrderBook - [ORDERBOOK] ASK: Adding orderMktData(price=110,quantity=5000)
13:00:19.431 [main] DEBUG c.orderbook.OrderBook - [ORDERBOOK] ASK: Adding orderMktData(price=119,quantity=5600)
13:00:19.431 [main] DEBUG c.orderbook.OrderBook - [ORDERBOOK] ASK: Adding orderMktData(price=123,quantity=453)
13:00:19.431 [main] DEBUG c.orderbook.OrderBook - [ORDERBOOK] ASK: Adding orderMktData(price=144,quantity=645)
13:00:19.431 [main] DEBUG c.orderbook.OrderBook - [ORDERBOOK] ASK: Adding orderMktData(price=167,quantity=665)
13:00:19.431 [main] DEBUG c.service.MarketDataService - [ALGO] BID: price:43 quantity:134
13:00:19.431 [main] DEBUG c.service.MarketDataService - [ALGO] BID: price:76 quantity:145
13:00:19.431 [main] DEBUG c.service.MarketDataService - [ALGO] BID: price:91 quantity:300
13:00:19.431 [main] DEBUG c.service.MarketDataService - [ALGO] BID: price:93 quantity:200
13:00:19.431 [main] DEBUG c.service.MarketDataService - [ALGO] BID: price:95 quantity:100
13:00:19.431 [main] DEBUG c.service.MarketDataService - [ALGO] BID: price:98 quantity:154
13:00:19.431 [main] DEBUG c.service.MarketDataService - [ALGO] ASK: price:98 quantity:501
13:00:19.431 [main] DEBUG c.service.MarketDataService - [ALGO] ASK: price:101 quantity:200
13:00:19.431 [main] DEBUG c.service.MarketDataService - [ALGO] ASK: price:110 quantity:5000
13:00:19.431 [main] DEBUG c.service.MarketDataService - [ALGO] ASK: price:119 quantity:5600
13:00:19.431 [main] DEBUG c.service.MarketDataService - [ALGO] ASK: price:123 quantity:453
13:00:19.431 [main] DEBUG c.service.MarketDataService - [ALGO] ASK: price:144 quantity:645
13:00:19.431 [main] DEBUG c.service.MarketDataService - [ALGO] ASK: price:167 quantity:665
13:00:19.431 [main] INFO  c.gettingstarted.MyAlgoLogic - [MYALGO] The state of the order book is:
|----BID-----||----ASK----|
    134 @ 43    501 @ 98
    145 @ 76   200 @ 101
    300 @ 91  5000 @ 110
    200 @ 93  5600 @ 119
    100 @ 95   453 @ 123
    154 @ 98   645 @ 144
          -    665 @ 167
|------------||-----------|

13:00:19.431 [main] INFO  c.gettingstarted.MyAlgoLogic - [MYALGO] Algo Sees Book as: 
|----BID-----||----ASK----|
    134 @ 43    501 @ 98
    145 @ 76   200 @ 101
    300 @ 91  5000 @ 110
    200 @ 93  5600 @ 119
    100 @ 95   453 @ 123
    154 @ 98   645 @ 144
          -    665 @ 167
|------------||-----------|

13:00:19.431 [main] INFO  c.gettingstarted.TimedLogic - [TIMEDLOGIC] Market is open
13:00:19.431 [main] INFO  c.sequencer.consumer.LoggingConsumer - [69] 
|----BID-----|
    134 @ 43
    145 @ 76
    300 @ 91
    200 @ 93
    100 @ 95
    154 @ 98
|----ASK-----|
    501 @ 98
   200 @ 101
  5000 @ 110
  5600 @ 119
   453 @ 123
   645 @ 144
   665 @ 167

13:00:19.431 [main] INFO  c.orderbook.OrderBook - [ORDERBOOK] Processing Mkt Data Update
13:00:19.431 [main] INFO  c.o.v.MutatingRemoveAllMarketDataOrdersVisitor - [ORDERBOOK] Removing market data order:MktData(price=43,quantity=134)
13:00:19.431 [main] DEBUG c.orderbook.OrderBook - [ORDERBOOK] ASK: Adding orderMktData(price=43,quantity=134)
13:00:19.431 [main] INFO  c.o.visitor.MutatingAddOrderVisitor - [ORDERBOOK] + Limit(side=BUY,orderId=16,price=43,quantity=2195456)
13:00:19.431 [main] DEBUG c.orderbook.OrderBook - [ORDERBOOK] ASK: Adding orderMktData(price=76,quantity=145)
13:00:19.431 [main] DEBUG c.orderbook.OrderBook - [ORDERBOOK] ASK: Adding orderMktData(price=91,quantity=300)
13:00:19.431 [main] DEBUG c.orderbook.OrderBook - [ORDERBOOK] ASK: Adding orderMktData(price=93,quantity=200)
13:00:19.431 [main] DEBUG c.orderbook.OrderBook - [ORDERBOOK] ASK: Adding orderMktData(price=95,quantity=100)
13:00:19.431 [main] DEBUG c.orderbook.OrderBook - [ORDERBOOK] ASK: Adding orderMktData(price=98,quantity=154)
13:00:19.431 [main] INFO  c.o.v.MutatingMatchOneMarketDataOrderVisitor - [ORDERBOOK] visiting LevelOrderBookLevel(price=43,quantity=4255974)
13:00:19.431 [main] INFO  c.o.v.MutatingMatchOneMarketDataOrderVisitor - [ORDERBOOK] Can't match order:Limit(side=BUY,orderId=3,price=43,quantity=268)(MktData(price=98,quantity=154))
13:00:19.431 [main] INFO  c.o.v.MutatingMatchOneMarketDataOrderVisitor - [ORDERBOOK] Can't match order:Limit(side=BUY,orderId=5,price=43,quantity=1072)(MktData(price=98,quantity=154))
13:00:19.431 [main] INFO  c.o.v.MutatingMatchOneMarketDataOrderVisitor - [ORDERBOOK] Can't match order:Limit(side=BUY,orderId=7,price=43,quantity=4288)(MktData(price=98,quantity=154))
13:00:19.431 [main] INFO  c.o.v.MutatingMatchOneMarketDataOrderVisitor - [ORDERBOOK] Can't match order:Limit(side=BUY,orderId=9,price=43,quantity=17152)(MktData(price=98,quantity=154))
13:00:19.431 [main] INFO  c.o.v.MutatingMatchOneMarketDataOrderVisitor - [ORDERBOOK] Can't match order:Limit(side=BUY,orderId=11,price=43,quantity=68608)(MktData(price=98,quantity=154))
13:00:19.431 [main] INFO  c.o.v.MutatingMatchOneMarketDataOrderVisitor - [ORDERBOOK] Can't match order:Limit(side=BUY,orderId=12,price=43,quantity=137216)(MktData(price=98,quantity=154))
13:00:19.431 [main] INFO  c.o.v.MutatingMatchOneMarketDataOrderVisitor - [ORDERBOOK] Can't match order:Limit(side=BUY,orderId=13,price=43,quantity=274432)(MktData(price=98,quantity=154))
13:00:19.431 [main] INFO  c.o.v.MutatingMatchOneMarketDataOrderVisitor - [ORDERBOOK] Can't match order:Limit(side=BUY,orderId=14,price=43,quantity=548864)(MktData(price=98,quantity=154))
13:00:19.431 [main] INFO  c.o.v.MutatingMatchOneMarketDataOrderVisitor - [ORDERBOOK] Can't match order:Limit(side=BUY,orderId=15,price=43,quantity=1097728)(MktData(price=98,quantity=154))
13:00:19.431 [main] INFO  c.o.v.MutatingMatchOneMarketDataOrderVisitor - [ORDERBOOK] Can't match order:Limit(side=BUY,orderId=16,price=43,quantity=2195456)(MktData(price=98,quantity=154))
13:00:19.431 [main] INFO  c.o.v.MutatingMatchOneMarketDataOrderVisitor - [ORDERBOOK] Can't match order:MktData(price=43,quantity=134)(MktData(price=98,quantity=154))
13:00:19.431 [main] INFO  c.o.v.MutatingRemoveAllMarketDataOrdersVisitor - [ORDERBOOK] Removing market data order:MktData(price=98,quantity=501)
13:00:19.431 [main] INFO  c.o.v.MutatingRemoveAllMarketDataOrdersVisitor - [ORDERBOOK] Removing market data order:MktData(price=110,quantity=5000)
13:00:19.431 [main] INFO  c.o.v.MutatingRemoveAllMarketDataOrdersVisitor - [ORDERBOOK] Removing market data order:MktData(price=123,quantity=453)
13:00:19.431 [main] INFO  c.o.v.MutatingRemoveAllMarketDataOrdersVisitor - [ORDERBOOK] Removing market data order:MktData(price=167,quantity=665)
13:00:19.431 [main] DEBUG c.orderbook.OrderBook - [ORDERBOOK] ASK: Adding orderMktData(price=98,quantity=501)
13:00:19.431 [main] INFO  c.o.visitor.MutatingAddOrderVisitor - [ORDERBOOK] + Limit(side=SELL,orderId=17,price=98,quantity=501)
13:00:19.431 [main] DEBUG c.orderbook.OrderBook - [ORDERBOOK] ASK: Adding orderMktData(price=101,quantity=200)
13:00:19.431 [main] DEBUG c.orderbook.OrderBook - [ORDERBOOK] ASK: Adding orderMktData(price=110,quantity=5000)
13:00:19.431 [main] DEBUG c.orderbook.OrderBook - [ORDERBOOK] ASK: Adding orderMktData(price=119,quantity=5600)
13:00:19.431 [main] DEBUG c.orderbook.OrderBook - [ORDERBOOK] ASK: Adding orderMktData(price=123,quantity=453)
13:00:19.431 [main] DEBUG c.orderbook.OrderBook - [ORDERBOOK] ASK: Adding orderMktData(price=144,quantity=645)
13:00:19.431 [main] DEBUG c.orderbook.OrderBook - [ORDERBOOK] ASK: Adding orderMktData(price=167,quantity=665)
13:00:19.431 [main] DEBUG c.service.MarketDataService - [ALGO] BID: price:43 quantity:134
13:00:19.431 [main] DEBUG c.service.MarketDataService - [ALGO] BID: price:76 quantity:145
13:00:19.431 [main] DEBUG c.service.MarketDataService - [ALGO] BID: price:91 quantity:300
13:00:19.431 [main] DEBUG c.service.MarketDataService - [ALGO] BID: price:93 quantity:200
13:00:19.431 [main] DEBUG c.service.MarketDataService - [ALGO] BID: price:95 quantity:100
13:00:19.431 [main] DEBUG c.service.MarketDataService - [ALGO] BID: price:98 quantity:154
13:00:19.431 [main] DEBUG c.service.MarketDataService - [ALGO] ASK: price:98 quantity:501
13:00:19.431 [main] DEBUG c.service.MarketDataService - [ALGO] ASK: price:101 quantity:200
13:00:19.431 [main] DEBUG c.service.MarketDataService - [ALGO] ASK: price:110 quantity:5000
13:00:19.431 [main] DEBUG c.service.MarketDataService - [ALGO] ASK: price:119 quantity:5600
13:00:19.431 [main] DEBUG c.service.MarketDataService - [ALGO] ASK: price:123 quantity:453
13:00:19.431 [main] DEBUG c.service.MarketDataService - [ALGO] ASK: price:144 quantity:645
13:00:19.431 [main] DEBUG c.service.MarketDataService - [ALGO] ASK: price:167 quantity:665
13:00:19.431 [main] INFO  c.gettingstarted.MyAlgoLogic - [MYALGO] The state of the order book is:
|----BID-----||----ASK----|
    134 @ 43    501 @ 98
    145 @ 76   200 @ 101
    300 @ 91  5000 @ 110
    200 @ 93  5600 @ 119
    100 @ 95   453 @ 123
    154 @ 98   645 @ 144
          -    665 @ 167
|------------||-----------|

13:00:19.431 [main] INFO  c.gettingstarted.MyAlgoLogic - [MYALGO] Algo Sees Book as: 
|----BID-----||----ASK----|
    134 @ 43    501 @ 98
    145 @ 76   200 @ 101
    300 @ 91  5000 @ 110
    200 @ 93  5600 @ 119
    100 @ 95   453 @ 123
    154 @ 98   645 @ 144
          -    665 @ 167
|------------||-----------|

13:00:19.431 [main] INFO  c.gettingstarted.TimedLogic - [TIMEDLOGIC] Market is open
13:00:19.431 [main] INFO  c.sequencer.consumer.LoggingConsumer - [70] 
|----BID-----|
    134 @ 43
    145 @ 76
    300 @ 91
    200 @ 93
    100 @ 95
    154 @ 98
|----ASK-----|
    501 @ 98
   200 @ 101
  5000 @ 110
  5600 @ 119
   453 @ 123
   645 @ 144
   665 @ 167

13:00:19.431 [main] INFO  c.orderbook.OrderBook - [ORDERBOOK] Processing Mkt Data Update
13:00:19.431 [main] INFO  c.o.v.MutatingRemoveAllMarketDataOrdersVisitor - [ORDERBOOK] Removing market data order:MktData(price=43,quantity=134)
13:00:19.431 [main] DEBUG c.orderbook.OrderBook - [ORDERBOOK] ASK: Adding orderMktData(price=43,quantity=134)
13:00:19.431 [main] INFO  c.o.visitor.MutatingAddOrderVisitor - [ORDERBOOK] + Limit(side=BUY,orderId=16,price=43,quantity=2195456)
13:00:19.431 [main] DEBUG c.orderbook.OrderBook - [ORDERBOOK] ASK: Adding orderMktData(price=76,quantity=145)
13:00:19.431 [main] DEBUG c.orderbook.OrderBook - [ORDERBOOK] ASK: Adding orderMktData(price=91,quantity=300)
13:00:19.431 [main] DEBUG c.orderbook.OrderBook - [ORDERBOOK] ASK: Adding orderMktData(price=93,quantity=200)
13:00:19.431 [main] DEBUG c.orderbook.OrderBook - [ORDERBOOK] ASK: Adding orderMktData(price=95,quantity=100)
13:00:19.431 [main] DEBUG c.orderbook.OrderBook - [ORDERBOOK] ASK: Adding orderMktData(price=98,quantity=154)
13:00:19.431 [main] INFO  c.o.v.MutatingMatchOneMarketDataOrderVisitor - [ORDERBOOK] visiting LevelOrderBookLevel(price=43,quantity=4256108)
13:00:19.431 [main] INFO  c.o.v.MutatingMatchOneMarketDataOrderVisitor - [ORDERBOOK] Can't match order:Limit(side=BUY,orderId=3,price=43,quantity=268)(MktData(price=98,quantity=154))
13:00:19.431 [main] INFO  c.o.v.MutatingMatchOneMarketDataOrderVisitor - [ORDERBOOK] Can't match order:Limit(side=BUY,orderId=5,price=43,quantity=1072)(MktData(price=98,quantity=154))
13:00:19.431 [main] INFO  c.o.v.MutatingMatchOneMarketDataOrderVisitor - [ORDERBOOK] Can't match order:Limit(side=BUY,orderId=7,price=43,quantity=4288)(MktData(price=98,quantity=154))
13:00:19.431 [main] INFO  c.o.v.MutatingMatchOneMarketDataOrderVisitor - [ORDERBOOK] Can't match order:Limit(side=BUY,orderId=9,price=43,quantity=17152)(MktData(price=98,quantity=154))
13:00:19.431 [main] INFO  c.o.v.MutatingMatchOneMarketDataOrderVisitor - [ORDERBOOK] Can't match order:Limit(side=BUY,orderId=11,price=43,quantity=68608)(MktData(price=98,quantity=154))
13:00:19.431 [main] INFO  c.o.v.MutatingMatchOneMarketDataOrderVisitor - [ORDERBOOK] Can't match order:Limit(side=BUY,orderId=12,price=43,quantity=137216)(MktData(price=98,quantity=154))
13:00:19.431 [main] INFO  c.o.v.MutatingMatchOneMarketDataOrderVisitor - [ORDERBOOK] Can't match order:Limit(side=BUY,orderId=13,price=43,quantity=274432)(MktData(price=98,quantity=154))
13:00:19.431 [main] INFO  c.o.v.MutatingMatchOneMarketDataOrderVisitor - [ORDERBOOK] Can't match order:Limit(side=BUY,orderId=14,price=43,quantity=548864)(MktData(price=98,quantity=154))
13:00:19.431 [main] INFO  c.o.v.MutatingMatchOneMarketDataOrderVisitor - [ORDERBOOK] Can't match order:Limit(side=BUY,orderId=15,price=43,quantity=1097728)(MktData(price=98,quantity=154))
13:00:19.431 [main] INFO  c.o.v.MutatingMatchOneMarketDataOrderVisitor - [ORDERBOOK] Can't match order:Limit(side=BUY,orderId=16,price=43,quantity=2195456)(MktData(price=98,quantity=154))
13:00:19.431 [main] INFO  c.o.v.MutatingMatchOneMarketDataOrderVisitor - [ORDERBOOK] Can't match order:MktData(price=43,quantity=134)(MktData(price=98,quantity=154))
13:00:19.431 [main] INFO  c.o.v.MutatingRemoveAllMarketDataOrdersVisitor - [ORDERBOOK] Removing market data order:MktData(price=98,quantity=501)
13:00:19.431 [main] INFO  c.o.v.MutatingRemoveAllMarketDataOrdersVisitor - [ORDERBOOK] Removing market data order:MktData(price=110,quantity=5000)
13:00:19.431 [main] INFO  c.o.v.MutatingRemoveAllMarketDataOrdersVisitor - [ORDERBOOK] Removing market data order:MktData(price=123,quantity=453)
13:00:19.431 [main] INFO  c.o.v.MutatingRemoveAllMarketDataOrdersVisitor - [ORDERBOOK] Removing market data order:MktData(price=167,quantity=665)
13:00:19.431 [main] DEBUG c.orderbook.OrderBook - [ORDERBOOK] ASK: Adding orderMktData(price=98,quantity=501)
13:00:19.431 [main] INFO  c.o.visitor.MutatingAddOrderVisitor - [ORDERBOOK] + Limit(side=SELL,orderId=17,price=98,quantity=501)
13:00:19.431 [main] DEBUG c.orderbook.OrderBook - [ORDERBOOK] ASK: Adding orderMktData(price=101,quantity=200)
13:00:19.431 [main] DEBUG c.orderbook.OrderBook - [ORDERBOOK] ASK: Adding orderMktData(price=110,quantity=5000)
13:00:19.431 [main] DEBUG c.orderbook.OrderBook - [ORDERBOOK] ASK: Adding orderMktData(price=119,quantity=5600)
13:00:19.431 [main] DEBUG c.orderbook.OrderBook - [ORDERBOOK] ASK: Adding orderMktData(price=123,quantity=453)
13:00:19.431 [main] DEBUG c.orderbook.OrderBook - [ORDERBOOK] ASK: Adding orderMktData(price=144,quantity=645)
13:00:19.431 [main] DEBUG c.orderbook.OrderBook - [ORDERBOOK] ASK: Adding orderMktData(price=167,quantity=665)
13:00:19.431 [main] DEBUG c.service.MarketDataService - [ALGO] BID: price:43 quantity:134
13:00:19.431 [main] DEBUG c.service.MarketDataService - [ALGO] BID: price:76 quantity:145
13:00:19.431 [main] DEBUG c.service.MarketDataService - [ALGO] BID: price:91 quantity:300
13:00:19.431 [main] DEBUG c.service.MarketDataService - [ALGO] BID: price:93 quantity:200
13:00:19.431 [main] DEBUG c.service.MarketDataService - [ALGO] BID: price:95 quantity:100
13:00:19.431 [main] DEBUG c.service.MarketDataService - [ALGO] BID: price:98 quantity:154
13:00:19.431 [main] DEBUG c.service.MarketDataService - [ALGO] ASK: price:98 quantity:501
13:00:19.431 [main] DEBUG c.service.MarketDataService - [ALGO] ASK: price:101 quantity:200
13:00:19.431 [main] DEBUG c.service.MarketDataService - [ALGO] ASK: price:110 quantity:5000
13:00:19.431 [main] DEBUG c.service.MarketDataService - [ALGO] ASK: price:119 quantity:5600
13:00:19.431 [main] DEBUG c.service.MarketDataService - [ALGO] ASK: price:123 quantity:453
13:00:19.431 [main] DEBUG c.service.MarketDataService - [ALGO] ASK: price:144 quantity:645
13:00:19.431 [main] DEBUG c.service.MarketDataService - [ALGO] ASK: price:167 quantity:665
13:00:19.431 [main] INFO  c.gettingstarted.MyAlgoLogic - [MYALGO] The state of the order book is:
|----BID-----||----ASK----|
    134 @ 43    501 @ 98
    145 @ 76   200 @ 101
    300 @ 91  5000 @ 110
    200 @ 93  5600 @ 119
    100 @ 95   453 @ 123
    154 @ 98   645 @ 144
          -    665 @ 167
|------------||-----------|

13:00:19.431 [main] INFO  c.gettingstarted.MyAlgoLogic - [MYALGO] Algo Sees Book as: 
|----BID-----||----ASK----|
    134 @ 43    501 @ 98
    145 @ 76   200 @ 101
    300 @ 91  5000 @ 110
    200 @ 93  5600 @ 119
    100 @ 95   453 @ 123
    154 @ 98   645 @ 144
          -    665 @ 167
|------------||-----------|

13:00:19.431 [main] INFO  c.gettingstarted.TimedLogic - [TIMEDLOGIC] Market is open
13:00:19.431 [main] INFO  c.sequencer.consumer.LoggingConsumer - [71] 
|----BID-----|
    134 @ 43
    145 @ 76
    300 @ 91
    200 @ 93
    100 @ 95
    154 @ 98
|----ASK-----|
    501 @ 98
   200 @ 101
  5000 @ 110
  5600 @ 119
   453 @ 123
   645 @ 144
   665 @ 167

13:00:19.431 [main] INFO  c.orderbook.OrderBook - [ORDERBOOK] Processing Mkt Data Update
13:00:19.431 [main] INFO  c.o.v.MutatingRemoveAllMarketDataOrdersVisitor - [ORDERBOOK] Removing market data order:MktData(price=43,quantity=134)
13:00:19.431 [main] DEBUG c.orderbook.OrderBook - [ORDERBOOK] ASK: Adding orderMktData(price=43,quantity=134)
13:00:19.431 [main] INFO  c.o.visitor.MutatingAddOrderVisitor - [ORDERBOOK] + Limit(side=BUY,orderId=16,price=43,quantity=2195456)
13:00:19.431 [main] DEBUG c.orderbook.OrderBook - [ORDERBOOK] ASK: Adding orderMktData(price=76,quantity=145)
13:00:19.431 [main] DEBUG c.orderbook.OrderBook - [ORDERBOOK] ASK: Adding orderMktData(price=91,quantity=300)
13:00:19.431 [main] DEBUG c.orderbook.OrderBook - [ORDERBOOK] ASK: Adding orderMktData(price=93,quantity=200)
13:00:19.431 [main] DEBUG c.orderbook.OrderBook - [ORDERBOOK] ASK: Adding orderMktData(price=95,quantity=100)
13:00:19.431 [main] DEBUG c.orderbook.OrderBook - [ORDERBOOK] ASK: Adding orderMktData(price=98,quantity=154)
13:00:19.431 [main] INFO  c.o.v.MutatingMatchOneMarketDataOrderVisitor - [ORDERBOOK] visiting LevelOrderBookLevel(price=43,quantity=4256242)
13:00:19.431 [main] INFO  c.o.v.MutatingMatchOneMarketDataOrderVisitor - [ORDERBOOK] Can't match order:Limit(side=BUY,orderId=3,price=43,quantity=268)(MktData(price=98,quantity=154))
13:00:19.431 [main] INFO  c.o.v.MutatingMatchOneMarketDataOrderVisitor - [ORDERBOOK] Can't match order:Limit(side=BUY,orderId=5,price=43,quantity=1072)(MktData(price=98,quantity=154))
13:00:19.431 [main] INFO  c.o.v.MutatingMatchOneMarketDataOrderVisitor - [ORDERBOOK] Can't match order:Limit(side=BUY,orderId=7,price=43,quantity=4288)(MktData(price=98,quantity=154))
13:00:19.431 [main] INFO  c.o.v.MutatingMatchOneMarketDataOrderVisitor - [ORDERBOOK] Can't match order:Limit(side=BUY,orderId=9,price=43,quantity=17152)(MktData(price=98,quantity=154))
13:00:19.431 [main] INFO  c.o.v.MutatingMatchOneMarketDataOrderVisitor - [ORDERBOOK] Can't match order:Limit(side=BUY,orderId=11,price=43,quantity=68608)(MktData(price=98,quantity=154))
13:00:19.431 [main] INFO  c.o.v.MutatingMatchOneMarketDataOrderVisitor - [ORDERBOOK] Can't match order:Limit(side=BUY,orderId=12,price=43,quantity=137216)(MktData(price=98,quantity=154))
13:00:19.431 [main] INFO  c.o.v.MutatingMatchOneMarketDataOrderVisitor - [ORDERBOOK] Can't match order:Limit(side=BUY,orderId=13,price=43,quantity=274432)(MktData(price=98,quantity=154))
13:00:19.431 [main] INFO  c.o.v.MutatingMatchOneMarketDataOrderVisitor - [ORDERBOOK] Can't match order:Limit(side=BUY,orderId=14,price=43,quantity=548864)(MktData(price=98,quantity=154))
13:00:19.431 [main] INFO  c.o.v.MutatingMatchOneMarketDataOrderVisitor - [ORDERBOOK] Can't match order:Limit(side=BUY,orderId=15,price=43,quantity=1097728)(MktData(price=98,quantity=154))
13:00:19.431 [main] INFO  c.o.v.MutatingMatchOneMarketDataOrderVisitor - [ORDERBOOK] Can't match order:Limit(side=BUY,orderId=16,price=43,quantity=2195456)(MktData(price=98,quantity=154))
13:00:19.431 [main] INFO  c.o.v.MutatingMatchOneMarketDataOrderVisitor - [ORDERBOOK] Can't match order:MktData(price=43,quantity=134)(MktData(price=98,quantity=154))
13:00:19.431 [main] INFO  c.o.v.MutatingRemoveAllMarketDataOrdersVisitor - [ORDERBOOK] Removing market data order:MktData(price=98,quantity=501)
13:00:19.431 [main] INFO  c.o.v.MutatingRemoveAllMarketDataOrdersVisitor - [ORDERBOOK] Removing market data order:MktData(price=110,quantity=5000)
13:00:19.431 [main] INFO  c.o.v.MutatingRemoveAllMarketDataOrdersVisitor - [ORDERBOOK] Removing market data order:MktData(price=123,quantity=453)
13:00:19.431 [main] INFO  c.o.v.MutatingRemoveAllMarketDataOrdersVisitor - [ORDERBOOK] Removing market data order:MktData(price=167,quantity=665)
13:00:19.431 [main] DEBUG c.orderbook.OrderBook - [ORDERBOOK] ASK: Adding orderMktData(price=98,quantity=501)
13:00:19.431 [main] INFO  c.o.visitor.MutatingAddOrderVisitor - [ORDERBOOK] + Limit(side=SELL,orderId=17,price=98,quantity=501)
13:00:19.431 [main] DEBUG c.orderbook.OrderBook - [ORDERBOOK] ASK: Adding orderMktData(price=101,quantity=200)
13:00:19.431 [main] DEBUG c.orderbook.OrderBook - [ORDERBOOK] ASK: Adding orderMktData(price=110,quantity=5000)
13:00:19.431 [main] DEBUG c.orderbook.OrderBook - [ORDERBOOK] ASK: Adding orderMktData(price=119,quantity=5600)
13:00:19.431 [main] DEBUG c.orderbook.OrderBook - [ORDERBOOK] ASK: Adding orderMktData(price=123,quantity=453)
13:00:19.431 [main] DEBUG c.orderbook.OrderBook - [ORDERBOOK] ASK: Adding orderMktData(price=144,quantity=645)
13:00:19.431 [main] DEBUG c.orderbook.OrderBook - [ORDERBOOK] ASK: Adding orderMktData(price=167,quantity=665)
13:00:19.431 [main] DEBUG c.service.MarketDataService - [ALGO] BID: price:43 quantity:134
13:00:19.431 [main] DEBUG c.service.MarketDataService - [ALGO] BID: price:76 quantity:145
13:00:19.431 [main] DEBUG c.service.MarketDataService - [ALGO] BID: price:91 quantity:300
13:00:19.431 [main] DEBUG c.service.MarketDataService - [ALGO] BID: price:93 quantity:200
13:00:19.431 [main] DEBUG c.service.MarketDataService - [ALGO] BID: price:95 quantity:100
13:00:19.431 [main] DEBUG c.service.MarketDataService - [ALGO] BID: price:98 quantity:154
13:00:19.431 [main] DEBUG c.service.MarketDataService - [ALGO] ASK: price:98 quantity:501
13:00:19.431 [main] DEBUG c.service.MarketDataService - [ALGO] ASK: price:101 quantity:200
13:00:19.431 [main] DEBUG c.service.MarketDataService - [ALGO] ASK: price:110 quantity:5000
13:00:19.431 [main] DEBUG c.service.MarketDataService - [ALGO] ASK: price:119 quantity:5600
13:00:19.431 [main] DEBUG c.service.MarketDataService - [ALGO] ASK: price:123 quantity:453
13:00:19.431 [main] DEBUG c.service.MarketDataService - [ALGO] ASK: price:144 quantity:645
13:00:19.431 [main] DEBUG c.service.MarketDataService - [ALGO] ASK: price:167 quantity:665
13:00:19.431 [main] INFO  c.gettingstarted.MyAlgoLogic - [MYALGO] The state of the order book is:
|----BID-----||----ASK----|
    134 @ 43    501 @ 98
    145 @ 76   200 @ 101
    300 @ 91  5000 @ 110
    200 @ 93  5600 @ 119
    100 @ 95   453 @ 123
    154 @ 98   645 @ 144
          -    665 @ 167
|------------||-----------|

13:00:19.431 [main] INFO  c.gettingstarted.MyAlgoLogic - [MYALGO] Algo Sees Book as: 
|----BID-----||----ASK----|
    134 @ 43    501 @ 98
    145 @ 76   200 @ 101
    300 @ 91  5000 @ 110
    200 @ 93  5600 @ 119
    100 @ 95   453 @ 123
    154 @ 98   645 @ 144
          -    665 @ 167
|------------||-----------|

13:00:19.431 [main] INFO  c.gettingstarted.TimedLogic - [TIMEDLOGIC] Market is open
13:00:19.431 [main] INFO  c.sequencer.consumer.LoggingConsumer - [72] 
|----BID-----|
    134 @ 43
    145 @ 76
    300 @ 91
    200 @ 93
    100 @ 95
    154 @ 98
|----ASK-----|
    501 @ 98
   200 @ 101
  5000 @ 110
  5600 @ 119
   453 @ 123
   645 @ 144
   665 @ 167

13:00:19.431 [main] INFO  c.orderbook.OrderBook - [ORDERBOOK] Processing Mkt Data Update
13:00:19.431 [main] INFO  c.o.v.MutatingRemoveAllMarketDataOrdersVisitor - [ORDERBOOK] Removing market data order:MktData(price=43,quantity=134)
13:00:19.431 [main] DEBUG c.orderbook.OrderBook - [ORDERBOOK] ASK: Adding orderMktData(price=43,quantity=134)
13:00:19.431 [main] INFO  c.o.visitor.MutatingAddOrderVisitor - [ORDERBOOK] + Limit(side=BUY,orderId=16,price=43,quantity=2195456)
13:00:19.431 [main] DEBUG c.orderbook.OrderBook - [ORDERBOOK] ASK: Adding orderMktData(price=76,quantity=145)
13:00:19.431 [main] DEBUG c.orderbook.OrderBook - [ORDERBOOK] ASK: Adding orderMktData(price=91,quantity=300)
13:00:19.431 [main] DEBUG c.orderbook.OrderBook - [ORDERBOOK] ASK: Adding orderMktData(price=93,quantity=200)
13:00:19.431 [main] DEBUG c.orderbook.OrderBook - [ORDERBOOK] ASK: Adding orderMktData(price=95,quantity=100)
13:00:19.431 [main] DEBUG c.orderbook.OrderBook - [ORDERBOOK] ASK: Adding orderMktData(price=98,quantity=154)
13:00:19.431 [main] INFO  c.o.v.MutatingMatchOneMarketDataOrderVisitor - [ORDERBOOK] visiting LevelOrderBookLevel(price=43,quantity=4256376)
13:00:19.431 [main] INFO  c.o.v.MutatingMatchOneMarketDataOrderVisitor - [ORDERBOOK] Can't match order:Limit(side=BUY,orderId=3,price=43,quantity=268)(MktData(price=98,quantity=154))
13:00:19.431 [main] INFO  c.o.v.MutatingMatchOneMarketDataOrderVisitor - [ORDERBOOK] Can't match order:Limit(side=BUY,orderId=5,price=43,quantity=1072)(MktData(price=98,quantity=154))
13:00:19.431 [main] INFO  c.o.v.MutatingMatchOneMarketDataOrderVisitor - [ORDERBOOK] Can't match order:Limit(side=BUY,orderId=7,price=43,quantity=4288)(MktData(price=98,quantity=154))
13:00:19.431 [main] INFO  c.o.v.MutatingMatchOneMarketDataOrderVisitor - [ORDERBOOK] Can't match order:Limit(side=BUY,orderId=9,price=43,quantity=17152)(MktData(price=98,quantity=154))
13:00:19.431 [main] INFO  c.o.v.MutatingMatchOneMarketDataOrderVisitor - [ORDERBOOK] Can't match order:Limit(side=BUY,orderId=11,price=43,quantity=68608)(MktData(price=98,quantity=154))
13:00:19.431 [main] INFO  c.o.v.MutatingMatchOneMarketDataOrderVisitor - [ORDERBOOK] Can't match order:Limit(side=BUY,orderId=12,price=43,quantity=137216)(MktData(price=98,quantity=154))
13:00:19.431 [main] INFO  c.o.v.MutatingMatchOneMarketDataOrderVisitor - [ORDERBOOK] Can't match order:Limit(side=BUY,orderId=13,price=43,quantity=274432)(MktData(price=98,quantity=154))
13:00:19.431 [main] INFO  c.o.v.MutatingMatchOneMarketDataOrderVisitor - [ORDERBOOK] Can't match order:Limit(side=BUY,orderId=14,price=43,quantity=548864)(MktData(price=98,quantity=154))
13:00:19.431 [main] INFO  c.o.v.MutatingMatchOneMarketDataOrderVisitor - [ORDERBOOK] Can't match order:Limit(side=BUY,orderId=15,price=43,quantity=1097728)(MktData(price=98,quantity=154))
13:00:19.431 [main] INFO  c.o.v.MutatingMatchOneMarketDataOrderVisitor - [ORDERBOOK] Can't match order:Limit(side=BUY,orderId=16,price=43,quantity=2195456)(MktData(price=98,quantity=154))
13:00:19.431 [main] INFO  c.o.v.MutatingMatchOneMarketDataOrderVisitor - [ORDERBOOK] Can't match order:MktData(price=43,quantity=134)(MktData(price=98,quantity=154))
13:00:19.431 [main] INFO  c.o.v.MutatingRemoveAllMarketDataOrdersVisitor - [ORDERBOOK] Removing market data order:MktData(price=98,quantity=501)
13:00:19.431 [main] INFO  c.o.v.MutatingRemoveAllMarketDataOrdersVisitor - [ORDERBOOK] Removing market data order:MktData(price=110,quantity=5000)
13:00:19.431 [main] INFO  c.o.v.MutatingRemoveAllMarketDataOrdersVisitor - [ORDERBOOK] Removing market data order:MktData(price=123,quantity=453)
13:00:19.431 [main] INFO  c.o.v.MutatingRemoveAllMarketDataOrdersVisitor - [ORDERBOOK] Removing market data order:MktData(price=167,quantity=665)
13:00:19.431 [main] DEBUG c.orderbook.OrderBook - [ORDERBOOK] ASK: Adding orderMktData(price=98,quantity=501)
13:00:19.431 [main] INFO  c.o.visitor.MutatingAddOrderVisitor - [ORDERBOOK] + Limit(side=SELL,orderId=17,price=98,quantity=501)
13:00:19.431 [main] DEBUG c.orderbook.OrderBook - [ORDERBOOK] ASK: Adding orderMktData(price=101,quantity=200)
13:00:19.431 [main] DEBUG c.orderbook.OrderBook - [ORDERBOOK] ASK: Adding orderMktData(price=110,quantity=5000)
13:00:19.431 [main] DEBUG c.orderbook.OrderBook - [ORDERBOOK] ASK: Adding orderMktData(price=119,quantity=5600)
13:00:19.431 [main] DEBUG c.orderbook.OrderBook - [ORDERBOOK] ASK: Adding orderMktData(price=123,quantity=453)
13:00:19.431 [main] DEBUG c.orderbook.OrderBook - [ORDERBOOK] ASK: Adding orderMktData(price=144,quantity=645)
13:00:19.431 [main] DEBUG c.orderbook.OrderBook - [ORDERBOOK] ASK: Adding orderMktData(price=167,quantity=665)
13:00:19.431 [main] DEBUG c.service.MarketDataService - [ALGO] BID: price:43 quantity:134
13:00:19.431 [main] DEBUG c.service.MarketDataService - [ALGO] BID: price:76 quantity:145
13:00:19.431 [main] DEBUG c.service.MarketDataService - [ALGO] BID: price:91 quantity:300
13:00:19.431 [main] DEBUG c.service.MarketDataService - [ALGO] BID: price:93 quantity:200
13:00:19.431 [main] DEBUG c.service.MarketDataService - [ALGO] BID: price:95 quantity:100
13:00:19.431 [main] DEBUG c.service.MarketDataService - [ALGO] BID: price:98 quantity:154
13:00:19.431 [main] DEBUG c.service.MarketDataService - [ALGO] ASK: price:98 quantity:501
13:00:19.431 [main] DEBUG c.service.MarketDataService - [ALGO] ASK: price:101 quantity:200
13:00:19.431 [main] DEBUG c.service.MarketDataService - [ALGO] ASK: price:110 quantity:5000
13:00:19.431 [main] DEBUG c.service.MarketDataService - [ALGO] ASK: price:119 quantity:5600
13:00:19.431 [main] DEBUG c.service.MarketDataService - [ALGO] ASK: price:123 quantity:453
13:00:19.431 [main] DEBUG c.service.MarketDataService - [ALGO] ASK: price:144 quantity:645
13:00:19.431 [main] DEBUG c.service.MarketDataService - [ALGO] ASK: price:167 quantity:665
13:00:19.431 [main] INFO  c.gettingstarted.MyAlgoLogic - [MYALGO] The state of the order book is:
|----BID-----||----ASK----|
    134 @ 43    501 @ 98
    145 @ 76   200 @ 101
    300 @ 91  5000 @ 110
    200 @ 93  5600 @ 119
    100 @ 95   453 @ 123
    154 @ 98   645 @ 144
          -    665 @ 167
|------------||-----------|

13:00:19.431 [main] INFO  c.gettingstarted.MyAlgoLogic - [MYALGO] Algo Sees Book as: 
|----BID-----||----ASK----|
    134 @ 43    501 @ 98
    145 @ 76   200 @ 101
    300 @ 91  5000 @ 110
    200 @ 93  5600 @ 119
    100 @ 95   453 @ 123
    154 @ 98   645 @ 144
          -    665 @ 167
|------------||-----------|

13:00:19.431 [main] INFO  c.gettingstarted.TimedLogic - [TIMEDLOGIC] Market is open
13:00:19.431 [main] INFO  c.sequencer.consumer.LoggingConsumer - [73] 
|----BID-----|
    134 @ 43
    145 @ 76
    300 @ 91
    200 @ 93
    100 @ 95
    154 @ 98
|----ASK-----|
    501 @ 98
   200 @ 101
  5000 @ 110
  5600 @ 119
   453 @ 123
   645 @ 144
   665 @ 167

13:00:19.431 [main] INFO  c.orderbook.OrderBook - [ORDERBOOK] Processing Mkt Data Update
13:00:19.431 [main] INFO  c.o.v.MutatingRemoveAllMarketDataOrdersVisitor - [ORDERBOOK] Removing market data order:MktData(price=43,quantity=134)
13:00:19.431 [main] DEBUG c.orderbook.OrderBook - [ORDERBOOK] ASK: Adding orderMktData(price=43,quantity=134)
13:00:19.431 [main] INFO  c.o.visitor.MutatingAddOrderVisitor - [ORDERBOOK] + Limit(side=BUY,orderId=16,price=43,quantity=2195456)
13:00:19.431 [main] DEBUG c.orderbook.OrderBook - [ORDERBOOK] ASK: Adding orderMktData(price=76,quantity=145)
13:00:19.431 [main] DEBUG c.orderbook.OrderBook - [ORDERBOOK] ASK: Adding orderMktData(price=91,quantity=300)
13:00:19.431 [main] DEBUG c.orderbook.OrderBook - [ORDERBOOK] ASK: Adding orderMktData(price=93,quantity=200)
13:00:19.431 [main] DEBUG c.orderbook.OrderBook - [ORDERBOOK] ASK: Adding orderMktData(price=95,quantity=100)
13:00:19.431 [main] DEBUG c.orderbook.OrderBook - [ORDERBOOK] ASK: Adding orderMktData(price=98,quantity=154)
13:00:19.431 [main] INFO  c.o.v.MutatingMatchOneMarketDataOrderVisitor - [ORDERBOOK] visiting LevelOrderBookLevel(price=43,quantity=4256510)
13:00:19.431 [main] INFO  c.o.v.MutatingMatchOneMarketDataOrderVisitor - [ORDERBOOK] Can't match order:Limit(side=BUY,orderId=3,price=43,quantity=268)(MktData(price=98,quantity=154))
13:00:19.431 [main] INFO  c.o.v.MutatingMatchOneMarketDataOrderVisitor - [ORDERBOOK] Can't match order:Limit(side=BUY,orderId=5,price=43,quantity=1072)(MktData(price=98,quantity=154))
13:00:19.431 [main] INFO  c.o.v.MutatingMatchOneMarketDataOrderVisitor - [ORDERBOOK] Can't match order:Limit(side=BUY,orderId=7,price=43,quantity=4288)(MktData(price=98,quantity=154))
13:00:19.431 [main] INFO  c.o.v.MutatingMatchOneMarketDataOrderVisitor - [ORDERBOOK] Can't match order:Limit(side=BUY,orderId=9,price=43,quantity=17152)(MktData(price=98,quantity=154))
13:00:19.431 [main] INFO  c.o.v.MutatingMatchOneMarketDataOrderVisitor - [ORDERBOOK] Can't match order:Limit(side=BUY,orderId=11,price=43,quantity=68608)(MktData(price=98,quantity=154))
13:00:19.431 [main] INFO  c.o.v.MutatingMatchOneMarketDataOrderVisitor - [ORDERBOOK] Can't match order:Limit(side=BUY,orderId=12,price=43,quantity=137216)(MktData(price=98,quantity=154))
13:00:19.431 [main] INFO  c.o.v.MutatingMatchOneMarketDataOrderVisitor - [ORDERBOOK] Can't match order:Limit(side=BUY,orderId=13,price=43,quantity=274432)(MktData(price=98,quantity=154))
13:00:19.431 [main] INFO  c.o.v.MutatingMatchOneMarketDataOrderVisitor - [ORDERBOOK] Can't match order:Limit(side=BUY,orderId=14,price=43,quantity=548864)(MktData(price=98,quantity=154))
13:00:19.431 [main] INFO  c.o.v.MutatingMatchOneMarketDataOrderVisitor - [ORDERBOOK] Can't match order:Limit(side=BUY,orderId=15,price=43,quantity=1097728)(MktData(price=98,quantity=154))
13:00:19.431 [main] INFO  c.o.v.MutatingMatchOneMarketDataOrderVisitor - [ORDERBOOK] Can't match order:Limit(side=BUY,orderId=16,price=43,quantity=2195456)(MktData(price=98,quantity=154))
13:00:19.431 [main] INFO  c.o.v.MutatingMatchOneMarketDataOrderVisitor - [ORDERBOOK] Can't match order:MktData(price=43,quantity=134)(MktData(price=98,quantity=154))
13:00:19.431 [main] INFO  c.o.v.MutatingRemoveAllMarketDataOrdersVisitor - [ORDERBOOK] Removing market data order:MktData(price=98,quantity=501)
13:00:19.431 [main] INFO  c.o.v.MutatingRemoveAllMarketDataOrdersVisitor - [ORDERBOOK] Removing market data order:MktData(price=110,quantity=5000)
13:00:19.431 [main] INFO  c.o.v.MutatingRemoveAllMarketDataOrdersVisitor - [ORDERBOOK] Removing market data order:MktData(price=123,quantity=453)
13:00:19.431 [main] INFO  c.o.v.MutatingRemoveAllMarketDataOrdersVisitor - [ORDERBOOK] Removing market data order:MktData(price=167,quantity=665)
13:00:19.431 [main] DEBUG c.orderbook.OrderBook - [ORDERBOOK] ASK: Adding orderMktData(price=98,quantity=501)
13:00:19.431 [main] INFO  c.o.visitor.MutatingAddOrderVisitor - [ORDERBOOK] + Limit(side=SELL,orderId=17,price=98,quantity=501)
13:00:19.431 [main] DEBUG c.orderbook.OrderBook - [ORDERBOOK] ASK: Adding orderMktData(price=101,quantity=200)
13:00:19.431 [main] DEBUG c.orderbook.OrderBook - [ORDERBOOK] ASK: Adding orderMktData(price=110,quantity=5000)
13:00:19.431 [main] DEBUG c.orderbook.OrderBook - [ORDERBOOK] ASK: Adding orderMktData(price=119,quantity=5600)
13:00:19.431 [main] DEBUG c.orderbook.OrderBook - [ORDERBOOK] ASK: Adding orderMktData(price=123,quantity=453)
13:00:19.431 [main] DEBUG c.orderbook.OrderBook - [ORDERBOOK] ASK: Adding orderMktData(price=144,quantity=645)
13:00:19.431 [main] DEBUG c.orderbook.OrderBook - [ORDERBOOK] ASK: Adding orderMktData(price=167,quantity=665)
13:00:19.431 [main] DEBUG c.service.MarketDataService - [ALGO] BID: price:43 quantity:134
13:00:19.431 [main] DEBUG c.service.MarketDataService - [ALGO] BID: price:76 quantity:145
13:00:19.431 [main] DEBUG c.service.MarketDataService - [ALGO] BID: price:91 quantity:300
13:00:19.431 [main] DEBUG c.service.MarketDataService - [ALGO] BID: price:93 quantity:200
13:00:19.431 [main] DEBUG c.service.MarketDataService - [ALGO] BID: price:95 quantity:100
13:00:19.431 [main] DEBUG c.service.MarketDataService - [ALGO] BID: price:98 quantity:154
13:00:19.431 [main] DEBUG c.service.MarketDataService - [ALGO] ASK: price:98 quantity:501
13:00:19.431 [main] DEBUG c.service.MarketDataService - [ALGO] ASK: price:101 quantity:200
13:00:19.431 [main] DEBUG c.service.MarketDataService - [ALGO] ASK: price:110 quantity:5000
13:00:19.431 [main] DEBUG c.service.MarketDataService - [ALGO] ASK: price:119 quantity:5600
13:00:19.431 [main] DEBUG c.service.MarketDataService - [ALGO] ASK: price:123 quantity:453
13:00:19.431 [main] DEBUG c.service.MarketDataService - [ALGO] ASK: price:144 quantity:645
13:00:19.431 [main] DEBUG c.service.MarketDataService - [ALGO] ASK: price:167 quantity:665
13:00:19.431 [main] INFO  c.gettingstarted.MyAlgoLogic - [MYALGO] The state of the order book is:
|----BID-----||----ASK----|
    134 @ 43    501 @ 98
    145 @ 76   200 @ 101
    300 @ 91  5000 @ 110
    200 @ 93  5600 @ 119
    100 @ 95   453 @ 123
    154 @ 98   645 @ 144
          -    665 @ 167
|------------||-----------|

13:00:19.431 [main] INFO  c.gettingstarted.MyAlgoLogic - [MYALGO] Algo Sees Book as: 
|----BID-----||----ASK----|
    134 @ 43    501 @ 98
    145 @ 76   200 @ 101
    300 @ 91  5000 @ 110
    200 @ 93  5600 @ 119
    100 @ 95   453 @ 123
    154 @ 98   645 @ 144
          -    665 @ 167
|------------||-----------|

13:00:19.431 [main] INFO  c.gettingstarted.TimedLogic - [TIMEDLOGIC] Market is open
13:00:19.431 [main] INFO  c.sequencer.consumer.LoggingConsumer - [74] 
|----BID-----|
    134 @ 43
    145 @ 76
    300 @ 91
    200 @ 93
    100 @ 95
    154 @ 98
|----ASK-----|
    501 @ 98
   200 @ 101
  5000 @ 110
  5600 @ 119
   453 @ 123
   645 @ 144
   665 @ 167

13:00:19.431 [main] INFO  c.orderbook.OrderBook - [ORDERBOOK] Processing Mkt Data Update
13:00:19.431 [main] INFO  c.o.v.MutatingRemoveAllMarketDataOrdersVisitor - [ORDERBOOK] Removing market data order:MktData(price=43,quantity=134)
13:00:19.431 [main] DEBUG c.orderbook.OrderBook - [ORDERBOOK] ASK: Adding orderMktData(price=43,quantity=134)
13:00:19.431 [main] INFO  c.o.visitor.MutatingAddOrderVisitor - [ORDERBOOK] + Limit(side=BUY,orderId=16,price=43,quantity=2195456)
13:00:19.431 [main] DEBUG c.orderbook.OrderBook - [ORDERBOOK] ASK: Adding orderMktData(price=76,quantity=145)
13:00:19.431 [main] DEBUG c.orderbook.OrderBook - [ORDERBOOK] ASK: Adding orderMktData(price=91,quantity=300)
13:00:19.431 [main] DEBUG c.orderbook.OrderBook - [ORDERBOOK] ASK: Adding orderMktData(price=93,quantity=200)
13:00:19.431 [main] DEBUG c.orderbook.OrderBook - [ORDERBOOK] ASK: Adding orderMktData(price=95,quantity=100)
13:00:19.431 [main] DEBUG c.orderbook.OrderBook - [ORDERBOOK] ASK: Adding orderMktData(price=98,quantity=154)
13:00:19.431 [main] INFO  c.o.v.MutatingMatchOneMarketDataOrderVisitor - [ORDERBOOK] visiting LevelOrderBookLevel(price=43,quantity=4256644)
13:00:19.431 [main] INFO  c.o.v.MutatingMatchOneMarketDataOrderVisitor - [ORDERBOOK] Can't match order:Limit(side=BUY,orderId=3,price=43,quantity=268)(MktData(price=98,quantity=154))
13:00:19.431 [main] INFO  c.o.v.MutatingMatchOneMarketDataOrderVisitor - [ORDERBOOK] Can't match order:Limit(side=BUY,orderId=5,price=43,quantity=1072)(MktData(price=98,quantity=154))
13:00:19.431 [main] INFO  c.o.v.MutatingMatchOneMarketDataOrderVisitor - [ORDERBOOK] Can't match order:Limit(side=BUY,orderId=7,price=43,quantity=4288)(MktData(price=98,quantity=154))
13:00:19.431 [main] INFO  c.o.v.MutatingMatchOneMarketDataOrderVisitor - [ORDERBOOK] Can't match order:Limit(side=BUY,orderId=9,price=43,quantity=17152)(MktData(price=98,quantity=154))
13:00:19.431 [main] INFO  c.o.v.MutatingMatchOneMarketDataOrderVisitor - [ORDERBOOK] Can't match order:Limit(side=BUY,orderId=11,price=43,quantity=68608)(MktData(price=98,quantity=154))
13:00:19.431 [main] INFO  c.o.v.MutatingMatchOneMarketDataOrderVisitor - [ORDERBOOK] Can't match order:Limit(side=BUY,orderId=12,price=43,quantity=137216)(MktData(price=98,quantity=154))
13:00:19.431 [main] INFO  c.o.v.MutatingMatchOneMarketDataOrderVisitor - [ORDERBOOK] Can't match order:Limit(side=BUY,orderId=13,price=43,quantity=274432)(MktData(price=98,quantity=154))
13:00:19.431 [main] INFO  c.o.v.MutatingMatchOneMarketDataOrderVisitor - [ORDERBOOK] Can't match order:Limit(side=BUY,orderId=14,price=43,quantity=548864)(MktData(price=98,quantity=154))
13:00:19.431 [main] INFO  c.o.v.MutatingMatchOneMarketDataOrderVisitor - [ORDERBOOK] Can't match order:Limit(side=BUY,orderId=15,price=43,quantity=1097728)(MktData(price=98,quantity=154))
13:00:19.431 [main] INFO  c.o.v.MutatingMatchOneMarketDataOrderVisitor - [ORDERBOOK] Can't match order:Limit(side=BUY,orderId=16,price=43,quantity=2195456)(MktData(price=98,quantity=154))
13:00:19.431 [main] INFO  c.o.v.MutatingMatchOneMarketDataOrderVisitor - [ORDERBOOK] Can't match order:MktData(price=43,quantity=134)(MktData(price=98,quantity=154))
13:00:19.431 [main] INFO  c.o.v.MutatingRemoveAllMarketDataOrdersVisitor - [ORDERBOOK] Removing market data order:MktData(price=98,quantity=501)
13:00:19.431 [main] INFO  c.o.v.MutatingRemoveAllMarketDataOrdersVisitor - [ORDERBOOK] Removing market data order:MktData(price=110,quantity=5000)
13:00:19.431 [main] INFO  c.o.v.MutatingRemoveAllMarketDataOrdersVisitor - [ORDERBOOK] Removing market data order:MktData(price=123,quantity=453)
13:00:19.431 [main] INFO  c.o.v.MutatingRemoveAllMarketDataOrdersVisitor - [ORDERBOOK] Removing market data order:MktData(price=167,quantity=665)
13:00:19.431 [main] DEBUG c.orderbook.OrderBook - [ORDERBOOK] ASK: Adding orderMktData(price=98,quantity=501)
13:00:19.431 [main] INFO  c.o.visitor.MutatingAddOrderVisitor - [ORDERBOOK] + Limit(side=SELL,orderId=17,price=98,quantity=501)
13:00:19.431 [main] DEBUG c.orderbook.OrderBook - [ORDERBOOK] ASK: Adding orderMktData(price=101,quantity=200)
13:00:19.431 [main] DEBUG c.orderbook.OrderBook - [ORDERBOOK] ASK: Adding orderMktData(price=110,quantity=5000)
13:00:19.431 [main] DEBUG c.orderbook.OrderBook - [ORDERBOOK] ASK: Adding orderMktData(price=119,quantity=5600)
13:00:19.431 [main] DEBUG c.orderbook.OrderBook - [ORDERBOOK] ASK: Adding orderMktData(price=123,quantity=453)
13:00:19.431 [main] DEBUG c.orderbook.OrderBook - [ORDERBOOK] ASK: Adding orderMktData(price=144,quantity=645)
13:00:19.431 [main] DEBUG c.orderbook.OrderBook - [ORDERBOOK] ASK: Adding orderMktData(price=167,quantity=665)
13:00:19.431 [main] DEBUG c.service.MarketDataService - [ALGO] BID: price:43 quantity:134
13:00:19.431 [main] DEBUG c.service.MarketDataService - [ALGO] BID: price:76 quantity:145
13:00:19.431 [main] DEBUG c.service.MarketDataService - [ALGO] BID: price:91 quantity:300
13:00:19.431 [main] DEBUG c.service.MarketDataService - [ALGO] BID: price:93 quantity:200
13:00:19.431 [main] DEBUG c.service.MarketDataService - [ALGO] BID: price:95 quantity:100
13:00:19.431 [main] DEBUG c.service.MarketDataService - [ALGO] BID: price:98 quantity:154
13:00:19.431 [main] DEBUG c.service.MarketDataService - [ALGO] ASK: price:98 quantity:501
13:00:19.431 [main] DEBUG c.service.MarketDataService - [ALGO] ASK: price:101 quantity:200
13:00:19.431 [main] DEBUG c.service.MarketDataService - [ALGO] ASK: price:110 quantity:5000
13:00:19.431 [main] DEBUG c.service.MarketDataService - [ALGO] ASK: price:119 quantity:5600
13:00:19.431 [main] DEBUG c.service.MarketDataService - [ALGO] ASK: price:123 quantity:453
13:00:19.431 [main] DEBUG c.service.MarketDataService - [ALGO] ASK: price:144 quantity:645
13:00:19.431 [main] DEBUG c.service.MarketDataService - [ALGO] ASK: price:167 quantity:665
13:00:19.431 [main] INFO  c.gettingstarted.MyAlgoLogic - [MYALGO] The state of the order book is:
|----BID-----||----ASK----|
    134 @ 43    501 @ 98
    145 @ 76   200 @ 101
    300 @ 91  5000 @ 110
    200 @ 93  5600 @ 119
    100 @ 95   453 @ 123
    154 @ 98   645 @ 144
          -    665 @ 167
|------------||-----------|

13:00:19.431 [main] INFO  c.gettingstarted.MyAlgoLogic - [MYALGO] Algo Sees Book as: 
|----BID-----||----ASK----|
    134 @ 43    501 @ 98
    145 @ 76   200 @ 101
    300 @ 91  5000 @ 110
    200 @ 93  5600 @ 119
    100 @ 95   453 @ 123
    154 @ 98   645 @ 144
          -    665 @ 167
|------------||-----------|

13:00:19.431 [main] INFO  c.gettingstarted.TimedLogic - [TIMEDLOGIC] Market is open
13:00:19.431 [main] INFO  c.sequencer.consumer.LoggingConsumer - [75] 
|----BID-----|
    134 @ 43
    145 @ 76
    300 @ 91
    200 @ 93
    100 @ 95
    154 @ 98
|----ASK-----|
    501 @ 98
   200 @ 101
  5000 @ 110
  5600 @ 119
   453 @ 123
   645 @ 144
   665 @ 167

13:00:19.431 [main] INFO  c.orderbook.OrderBook - [ORDERBOOK] Processing Mkt Data Update
13:00:19.431 [main] INFO  c.o.v.MutatingRemoveAllMarketDataOrdersVisitor - [ORDERBOOK] Removing market data order:MktData(price=43,quantity=134)
13:00:19.431 [main] DEBUG c.orderbook.OrderBook - [ORDERBOOK] ASK: Adding orderMktData(price=43,quantity=134)
13:00:19.431 [main] INFO  c.o.visitor.MutatingAddOrderVisitor - [ORDERBOOK] + Limit(side=BUY,orderId=16,price=43,quantity=2195456)
13:00:19.431 [main] DEBUG c.orderbook.OrderBook - [ORDERBOOK] ASK: Adding orderMktData(price=76,quantity=145)
13:00:19.431 [main] DEBUG c.orderbook.OrderBook - [ORDERBOOK] ASK: Adding orderMktData(price=91,quantity=300)
13:00:19.431 [main] DEBUG c.orderbook.OrderBook - [ORDERBOOK] ASK: Adding orderMktData(price=93,quantity=200)
13:00:19.431 [main] DEBUG c.orderbook.OrderBook - [ORDERBOOK] ASK: Adding orderMktData(price=95,quantity=100)
13:00:19.431 [main] DEBUG c.orderbook.OrderBook - [ORDERBOOK] ASK: Adding orderMktData(price=98,quantity=154)
13:00:19.431 [main] INFO  c.o.v.MutatingMatchOneMarketDataOrderVisitor - [ORDERBOOK] visiting LevelOrderBookLevel(price=43,quantity=4256778)
13:00:19.431 [main] INFO  c.o.v.MutatingMatchOneMarketDataOrderVisitor - [ORDERBOOK] Can't match order:Limit(side=BUY,orderId=3,price=43,quantity=268)(MktData(price=98,quantity=154))
13:00:19.431 [main] INFO  c.o.v.MutatingMatchOneMarketDataOrderVisitor - [ORDERBOOK] Can't match order:Limit(side=BUY,orderId=5,price=43,quantity=1072)(MktData(price=98,quantity=154))
13:00:19.431 [main] INFO  c.o.v.MutatingMatchOneMarketDataOrderVisitor - [ORDERBOOK] Can't match order:Limit(side=BUY,orderId=7,price=43,quantity=4288)(MktData(price=98,quantity=154))
13:00:19.431 [main] INFO  c.o.v.MutatingMatchOneMarketDataOrderVisitor - [ORDERBOOK] Can't match order:Limit(side=BUY,orderId=9,price=43,quantity=17152)(MktData(price=98,quantity=154))
13:00:19.431 [main] INFO  c.o.v.MutatingMatchOneMarketDataOrderVisitor - [ORDERBOOK] Can't match order:Limit(side=BUY,orderId=11,price=43,quantity=68608)(MktData(price=98,quantity=154))
13:00:19.431 [main] INFO  c.o.v.MutatingMatchOneMarketDataOrderVisitor - [ORDERBOOK] Can't match order:Limit(side=BUY,orderId=12,price=43,quantity=137216)(MktData(price=98,quantity=154))
13:00:19.431 [main] INFO  c.o.v.MutatingMatchOneMarketDataOrderVisitor - [ORDERBOOK] Can't match order:Limit(side=BUY,orderId=13,price=43,quantity=274432)(MktData(price=98,quantity=154))
13:00:19.431 [main] INFO  c.o.v.MutatingMatchOneMarketDataOrderVisitor - [ORDERBOOK] Can't match order:Limit(side=BUY,orderId=14,price=43,quantity=548864)(MktData(price=98,quantity=154))
13:00:19.431 [main] INFO  c.o.v.MutatingMatchOneMarketDataOrderVisitor - [ORDERBOOK] Can't match order:Limit(side=BUY,orderId=15,price=43,quantity=1097728)(MktData(price=98,quantity=154))
13:00:19.431 [main] INFO  c.o.v.MutatingMatchOneMarketDataOrderVisitor - [ORDERBOOK] Can't match order:Limit(side=BUY,orderId=16,price=43,quantity=2195456)(MktData(price=98,quantity=154))
13:00:19.431 [main] INFO  c.o.v.MutatingMatchOneMarketDataOrderVisitor - [ORDERBOOK] Can't match order:MktData(price=43,quantity=134)(MktData(price=98,quantity=154))
13:00:19.431 [main] INFO  c.o.v.MutatingRemoveAllMarketDataOrdersVisitor - [ORDERBOOK] Removing market data order:MktData(price=98,quantity=501)
13:00:19.431 [main] INFO  c.o.v.MutatingRemoveAllMarketDataOrdersVisitor - [ORDERBOOK] Removing market data order:MktData(price=110,quantity=5000)
13:00:19.431 [main] INFO  c.o.v.MutatingRemoveAllMarketDataOrdersVisitor - [ORDERBOOK] Removing market data order:MktData(price=123,quantity=453)
13:00:19.431 [main] INFO  c.o.v.MutatingRemoveAllMarketDataOrdersVisitor - [ORDERBOOK] Removing market data order:MktData(price=167,quantity=665)
13:00:19.431 [main] DEBUG c.orderbook.OrderBook - [ORDERBOOK] ASK: Adding orderMktData(price=98,quantity=501)
13:00:19.431 [main] INFO  c.o.visitor.MutatingAddOrderVisitor - [ORDERBOOK] + Limit(side=SELL,orderId=17,price=98,quantity=501)
13:00:19.431 [main] DEBUG c.orderbook.OrderBook - [ORDERBOOK] ASK: Adding orderMktData(price=101,quantity=200)
13:00:19.431 [main] DEBUG c.orderbook.OrderBook - [ORDERBOOK] ASK: Adding orderMktData(price=110,quantity=5000)
13:00:19.431 [main] DEBUG c.orderbook.OrderBook - [ORDERBOOK] ASK: Adding orderMktData(price=119,quantity=5600)
13:00:19.431 [main] DEBUG c.orderbook.OrderBook - [ORDERBOOK] ASK: Adding orderMktData(price=123,quantity=453)
13:00:19.431 [main] DEBUG c.orderbook.OrderBook - [ORDERBOOK] ASK: Adding orderMktData(price=144,quantity=645)
13:00:19.431 [main] DEBUG c.orderbook.OrderBook - [ORDERBOOK] ASK: Adding orderMktData(price=167,quantity=665)
13:00:19.431 [main] DEBUG c.service.MarketDataService - [ALGO] BID: price:43 quantity:134
13:00:19.431 [main] DEBUG c.service.MarketDataService - [ALGO] BID: price:76 quantity:145
13:00:19.431 [main] DEBUG c.service.MarketDataService - [ALGO] BID: price:91 quantity:300
13:00:19.431 [main] DEBUG c.service.MarketDataService - [ALGO] BID: price:93 quantity:200
13:00:19.431 [main] DEBUG c.service.MarketDataService - [ALGO] BID: price:95 quantity:100
13:00:19.431 [main] DEBUG c.service.MarketDataService - [ALGO] BID: price:98 quantity:154
13:00:19.431 [main] DEBUG c.service.MarketDataService - [ALGO] ASK: price:98 quantity:501
13:00:19.431 [main] DEBUG c.service.MarketDataService - [ALGO] ASK: price:101 quantity:200
13:00:19.431 [main] DEBUG c.service.MarketDataService - [ALGO] ASK: price:110 quantity:5000
13:00:19.431 [main] DEBUG c.service.MarketDataService - [ALGO] ASK: price:119 quantity:5600
13:00:19.431 [main] DEBUG c.service.MarketDataService - [ALGO] ASK: price:123 quantity:453
13:00:19.431 [main] DEBUG c.service.MarketDataService - [ALGO] ASK: price:144 quantity:645
13:00:19.431 [main] DEBUG c.service.MarketDataService - [ALGO] ASK: price:167 quantity:665
13:00:19.431 [main] INFO  c.gettingstarted.MyAlgoLogic - [MYALGO] The state of the order book is:
|----BID-----||----ASK----|
    134 @ 43    501 @ 98
    145 @ 76   200 @ 101
    300 @ 91  5000 @ 110
    200 @ 93  5600 @ 119
    100 @ 95   453 @ 123
    154 @ 98   645 @ 144
          -    665 @ 167
|------------||-----------|

13:00:19.431 [main] INFO  c.gettingstarted.MyAlgoLogic - [MYALGO] Algo Sees Book as: 
|----BID-----||----ASK----|
    134 @ 43    501 @ 98
    145 @ 76   200 @ 101
    300 @ 91  5000 @ 110
    200 @ 93  5600 @ 119
    100 @ 95   453 @ 123
    154 @ 98   645 @ 144
          -    665 @ 167
|------------||-----------|

13:00:19.431 [main] INFO  c.gettingstarted.TimedLogic - [TIMEDLOGIC] Market is open
13:00:19.431 [main] INFO  c.sequencer.consumer.LoggingConsumer - [76] 
|----BID-----|
    134 @ 43
    145 @ 76
    300 @ 91
    200 @ 93
    100 @ 95
    154 @ 98
|----ASK-----|
    501 @ 98
   200 @ 101
  5000 @ 110
  5600 @ 119
   453 @ 123
   645 @ 144
   665 @ 167

13:00:19.431 [main] INFO  c.orderbook.OrderBook - [ORDERBOOK] Processing Mkt Data Update
13:00:19.431 [main] INFO  c.o.v.MutatingRemoveAllMarketDataOrdersVisitor - [ORDERBOOK] Removing market data order:MktData(price=43,quantity=134)
13:00:19.431 [main] DEBUG c.orderbook.OrderBook - [ORDERBOOK] ASK: Adding orderMktData(price=43,quantity=134)
13:00:19.431 [main] INFO  c.o.visitor.MutatingAddOrderVisitor - [ORDERBOOK] + Limit(side=BUY,orderId=16,price=43,quantity=2195456)
13:00:19.431 [main] DEBUG c.orderbook.OrderBook - [ORDERBOOK] ASK: Adding orderMktData(price=76,quantity=145)
13:00:19.431 [main] DEBUG c.orderbook.OrderBook - [ORDERBOOK] ASK: Adding orderMktData(price=91,quantity=300)
13:00:19.431 [main] DEBUG c.orderbook.OrderBook - [ORDERBOOK] ASK: Adding orderMktData(price=93,quantity=200)
13:00:19.431 [main] DEBUG c.orderbook.OrderBook - [ORDERBOOK] ASK: Adding orderMktData(price=95,quantity=100)
13:00:19.431 [main] DEBUG c.orderbook.OrderBook - [ORDERBOOK] ASK: Adding orderMktData(price=98,quantity=154)
13:00:19.431 [main] INFO  c.o.v.MutatingMatchOneMarketDataOrderVisitor - [ORDERBOOK] visiting LevelOrderBookLevel(price=43,quantity=4256912)
13:00:19.431 [main] INFO  c.o.v.MutatingMatchOneMarketDataOrderVisitor - [ORDERBOOK] Can't match order:Limit(side=BUY,orderId=3,price=43,quantity=268)(MktData(price=98,quantity=154))
13:00:19.431 [main] INFO  c.o.v.MutatingMatchOneMarketDataOrderVisitor - [ORDERBOOK] Can't match order:Limit(side=BUY,orderId=5,price=43,quantity=1072)(MktData(price=98,quantity=154))
13:00:19.431 [main] INFO  c.o.v.MutatingMatchOneMarketDataOrderVisitor - [ORDERBOOK] Can't match order:Limit(side=BUY,orderId=7,price=43,quantity=4288)(MktData(price=98,quantity=154))
13:00:19.431 [main] INFO  c.o.v.MutatingMatchOneMarketDataOrderVisitor - [ORDERBOOK] Can't match order:Limit(side=BUY,orderId=9,price=43,quantity=17152)(MktData(price=98,quantity=154))
13:00:19.431 [main] INFO  c.o.v.MutatingMatchOneMarketDataOrderVisitor - [ORDERBOOK] Can't match order:Limit(side=BUY,orderId=11,price=43,quantity=68608)(MktData(price=98,quantity=154))
13:00:19.431 [main] INFO  c.o.v.MutatingMatchOneMarketDataOrderVisitor - [ORDERBOOK] Can't match order:Limit(side=BUY,orderId=12,price=43,quantity=137216)(MktData(price=98,quantity=154))
13:00:19.431 [main] INFO  c.o.v.MutatingMatchOneMarketDataOrderVisitor - [ORDERBOOK] Can't match order:Limit(side=BUY,orderId=13,price=43,quantity=274432)(MktData(price=98,quantity=154))
13:00:19.431 [main] INFO  c.o.v.MutatingMatchOneMarketDataOrderVisitor - [ORDERBOOK] Can't match order:Limit(side=BUY,orderId=14,price=43,quantity=548864)(MktData(price=98,quantity=154))
13:00:19.431 [main] INFO  c.o.v.MutatingMatchOneMarketDataOrderVisitor - [ORDERBOOK] Can't match order:Limit(side=BUY,orderId=15,price=43,quantity=1097728)(MktData(price=98,quantity=154))
13:00:19.431 [main] INFO  c.o.v.MutatingMatchOneMarketDataOrderVisitor - [ORDERBOOK] Can't match order:Limit(side=BUY,orderId=16,price=43,quantity=2195456)(MktData(price=98,quantity=154))
13:00:19.431 [main] INFO  c.o.v.MutatingMatchOneMarketDataOrderVisitor - [ORDERBOOK] Can't match order:MktData(price=43,quantity=134)(MktData(price=98,quantity=154))
13:00:19.431 [main] INFO  c.o.v.MutatingRemoveAllMarketDataOrdersVisitor - [ORDERBOOK] Removing market data order:MktData(price=98,quantity=501)
13:00:19.431 [main] INFO  c.o.v.MutatingRemoveAllMarketDataOrdersVisitor - [ORDERBOOK] Removing market data order:MktData(price=110,quantity=5000)
13:00:19.431 [main] INFO  c.o.v.MutatingRemoveAllMarketDataOrdersVisitor - [ORDERBOOK] Removing market data order:MktData(price=123,quantity=453)
13:00:19.431 [main] INFO  c.o.v.MutatingRemoveAllMarketDataOrdersVisitor - [ORDERBOOK] Removing market data order:MktData(price=167,quantity=665)
13:00:19.431 [main] DEBUG c.orderbook.OrderBook - [ORDERBOOK] ASK: Adding orderMktData(price=98,quantity=501)
13:00:19.431 [main] INFO  c.o.visitor.MutatingAddOrderVisitor - [ORDERBOOK] + Limit(side=SELL,orderId=17,price=98,quantity=501)
13:00:19.431 [main] DEBUG c.orderbook.OrderBook - [ORDERBOOK] ASK: Adding orderMktData(price=101,quantity=200)
13:00:19.431 [main] DEBUG c.orderbook.OrderBook - [ORDERBOOK] ASK: Adding orderMktData(price=110,quantity=5000)
13:00:19.431 [main] DEBUG c.orderbook.OrderBook - [ORDERBOOK] ASK: Adding orderMktData(price=119,quantity=5600)
13:00:19.431 [main] DEBUG c.orderbook.OrderBook - [ORDERBOOK] ASK: Adding orderMktData(price=123,quantity=453)
13:00:19.431 [main] DEBUG c.orderbook.OrderBook - [ORDERBOOK] ASK: Adding orderMktData(price=144,quantity=645)
13:00:19.431 [main] DEBUG c.orderbook.OrderBook - [ORDERBOOK] ASK: Adding orderMktData(price=167,quantity=665)
13:00:19.431 [main] DEBUG c.service.MarketDataService - [ALGO] BID: price:43 quantity:134
13:00:19.431 [main] DEBUG c.service.MarketDataService - [ALGO] BID: price:76 quantity:145
13:00:19.431 [main] DEBUG c.service.MarketDataService - [ALGO] BID: price:91 quantity:300
13:00:19.431 [main] DEBUG c.service.MarketDataService - [ALGO] BID: price:93 quantity:200
13:00:19.431 [main] DEBUG c.service.MarketDataService - [ALGO] BID: price:95 quantity:100
13:00:19.431 [main] DEBUG c.service.MarketDataService - [ALGO] BID: price:98 quantity:154
13:00:19.431 [main] DEBUG c.service.MarketDataService - [ALGO] ASK: price:98 quantity:501
13:00:19.431 [main] DEBUG c.service.MarketDataService - [ALGO] ASK: price:101 quantity:200
13:00:19.431 [main] DEBUG c.service.MarketDataService - [ALGO] ASK: price:110 quantity:5000
13:00:19.431 [main] DEBUG c.service.MarketDataService - [ALGO] ASK: price:119 quantity:5600
13:00:19.431 [main] DEBUG c.service.MarketDataService - [ALGO] ASK: price:123 quantity:453
13:00:19.431 [main] DEBUG c.service.MarketDataService - [ALGO] ASK: price:144 quantity:645
13:00:19.431 [main] DEBUG c.service.MarketDataService - [ALGO] ASK: price:167 quantity:665
13:00:19.431 [main] INFO  c.gettingstarted.MyAlgoLogic - [MYALGO] The state of the order book is:
|----BID-----||----ASK----|
    134 @ 43    501 @ 98
    145 @ 76   200 @ 101
    300 @ 91  5000 @ 110
    200 @ 93  5600 @ 119
    100 @ 95   453 @ 123
    154 @ 98   645 @ 144
          -    665 @ 167
|------------||-----------|

13:00:19.431 [main] INFO  c.gettingstarted.MyAlgoLogic - [MYALGO] Algo Sees Book as: 
|----BID-----||----ASK----|
    134 @ 43    501 @ 98
    145 @ 76   200 @ 101
    300 @ 91  5000 @ 110
    200 @ 93  5600 @ 119
    100 @ 95   453 @ 123
    154 @ 98   645 @ 144
          -    665 @ 167
|------------||-----------|

13:00:19.431 [main] INFO  c.gettingstarted.TimedLogic - [TIMEDLOGIC] Market is open
13:00:19.431 [main] INFO  c.sequencer.consumer.LoggingConsumer - [77] 
|----BID-----|
    134 @ 43
    145 @ 76
    300 @ 91
    200 @ 93
    100 @ 95
    154 @ 98
|----ASK-----|
    501 @ 98
   200 @ 101
  5000 @ 110
  5600 @ 119
   453 @ 123
   645 @ 144
   665 @ 167

13:00:19.431 [main] INFO  c.orderbook.OrderBook - [ORDERBOOK] Processing Mkt Data Update
13:00:19.431 [main] INFO  c.o.v.MutatingRemoveAllMarketDataOrdersVisitor - [ORDERBOOK] Removing market data order:MktData(price=43,quantity=134)
13:00:19.431 [main] DEBUG c.orderbook.OrderBook - [ORDERBOOK] ASK: Adding orderMktData(price=43,quantity=134)
13:00:19.431 [main] INFO  c.o.visitor.MutatingAddOrderVisitor - [ORDERBOOK] + Limit(side=BUY,orderId=16,price=43,quantity=2195456)
13:00:19.431 [main] DEBUG c.orderbook.OrderBook - [ORDERBOOK] ASK: Adding orderMktData(price=76,quantity=145)
13:00:19.431 [main] DEBUG c.orderbook.OrderBook - [ORDERBOOK] ASK: Adding orderMktData(price=91,quantity=300)
13:00:19.431 [main] DEBUG c.orderbook.OrderBook - [ORDERBOOK] ASK: Adding orderMktData(price=93,quantity=200)
13:00:19.431 [main] DEBUG c.orderbook.OrderBook - [ORDERBOOK] ASK: Adding orderMktData(price=95,quantity=100)
13:00:19.431 [main] DEBUG c.orderbook.OrderBook - [ORDERBOOK] ASK: Adding orderMktData(price=98,quantity=154)
13:00:19.431 [main] INFO  c.o.v.MutatingMatchOneMarketDataOrderVisitor - [ORDERBOOK] visiting LevelOrderBookLevel(price=43,quantity=4257046)
13:00:19.431 [main] INFO  c.o.v.MutatingMatchOneMarketDataOrderVisitor - [ORDERBOOK] Can't match order:Limit(side=BUY,orderId=3,price=43,quantity=268)(MktData(price=98,quantity=154))
13:00:19.431 [main] INFO  c.o.v.MutatingMatchOneMarketDataOrderVisitor - [ORDERBOOK] Can't match order:Limit(side=BUY,orderId=5,price=43,quantity=1072)(MktData(price=98,quantity=154))
13:00:19.431 [main] INFO  c.o.v.MutatingMatchOneMarketDataOrderVisitor - [ORDERBOOK] Can't match order:Limit(side=BUY,orderId=7,price=43,quantity=4288)(MktData(price=98,quantity=154))
13:00:19.431 [main] INFO  c.o.v.MutatingMatchOneMarketDataOrderVisitor - [ORDERBOOK] Can't match order:Limit(side=BUY,orderId=9,price=43,quantity=17152)(MktData(price=98,quantity=154))
13:00:19.431 [main] INFO  c.o.v.MutatingMatchOneMarketDataOrderVisitor - [ORDERBOOK] Can't match order:Limit(side=BUY,orderId=11,price=43,quantity=68608)(MktData(price=98,quantity=154))
13:00:19.431 [main] INFO  c.o.v.MutatingMatchOneMarketDataOrderVisitor - [ORDERBOOK] Can't match order:Limit(side=BUY,orderId=12,price=43,quantity=137216)(MktData(price=98,quantity=154))
13:00:19.431 [main] INFO  c.o.v.MutatingMatchOneMarketDataOrderVisitor - [ORDERBOOK] Can't match order:Limit(side=BUY,orderId=13,price=43,quantity=274432)(MktData(price=98,quantity=154))
13:00:19.431 [main] INFO  c.o.v.MutatingMatchOneMarketDataOrderVisitor - [ORDERBOOK] Can't match order:Limit(side=BUY,orderId=14,price=43,quantity=548864)(MktData(price=98,quantity=154))
13:00:19.431 [main] INFO  c.o.v.MutatingMatchOneMarketDataOrderVisitor - [ORDERBOOK] Can't match order:Limit(side=BUY,orderId=15,price=43,quantity=1097728)(MktData(price=98,quantity=154))
13:00:19.431 [main] INFO  c.o.v.MutatingMatchOneMarketDataOrderVisitor - [ORDERBOOK] Can't match order:Limit(side=BUY,orderId=16,price=43,quantity=2195456)(MktData(price=98,quantity=154))
13:00:19.431 [main] INFO  c.o.v.MutatingMatchOneMarketDataOrderVisitor - [ORDERBOOK] Can't match order:MktData(price=43,quantity=134)(MktData(price=98,quantity=154))
13:00:19.431 [main] INFO  c.o.v.MutatingRemoveAllMarketDataOrdersVisitor - [ORDERBOOK] Removing market data order:MktData(price=98,quantity=501)
13:00:19.431 [main] INFO  c.o.v.MutatingRemoveAllMarketDataOrdersVisitor - [ORDERBOOK] Removing market data order:MktData(price=110,quantity=5000)
13:00:19.431 [main] INFO  c.o.v.MutatingRemoveAllMarketDataOrdersVisitor - [ORDERBOOK] Removing market data order:MktData(price=123,quantity=453)
13:00:19.431 [main] INFO  c.o.v.MutatingRemoveAllMarketDataOrdersVisitor - [ORDERBOOK] Removing market data order:MktData(price=167,quantity=665)
13:00:19.431 [main] DEBUG c.orderbook.OrderBook - [ORDERBOOK] ASK: Adding orderMktData(price=98,quantity=501)
13:00:19.431 [main] INFO  c.o.visitor.MutatingAddOrderVisitor - [ORDERBOOK] + Limit(side=SELL,orderId=17,price=98,quantity=501)
13:00:19.431 [main] DEBUG c.orderbook.OrderBook - [ORDERBOOK] ASK: Adding orderMktData(price=101,quantity=200)
13:00:19.431 [main] DEBUG c.orderbook.OrderBook - [ORDERBOOK] ASK: Adding orderMktData(price=110,quantity=5000)
13:00:19.431 [main] DEBUG c.orderbook.OrderBook - [ORDERBOOK] ASK: Adding orderMktData(price=119,quantity=5600)
13:00:19.431 [main] DEBUG c.orderbook.OrderBook - [ORDERBOOK] ASK: Adding orderMktData(price=123,quantity=453)
13:00:19.431 [main] DEBUG c.orderbook.OrderBook - [ORDERBOOK] ASK: Adding orderMktData(price=144,quantity=645)
13:00:19.431 [main] DEBUG c.orderbook.OrderBook - [ORDERBOOK] ASK: Adding orderMktData(price=167,quantity=665)
13:00:19.431 [main] DEBUG c.service.MarketDataService - [ALGO] BID: price:43 quantity:134
13:00:19.431 [main] DEBUG c.service.MarketDataService - [ALGO] BID: price:76 quantity:145
13:00:19.431 [main] DEBUG c.service.MarketDataService - [ALGO] BID: price:91 quantity:300
13:00:19.431 [main] DEBUG c.service.MarketDataService - [ALGO] BID: price:93 quantity:200
13:00:19.431 [main] DEBUG c.service.MarketDataService - [ALGO] BID: price:95 quantity:100
13:00:19.431 [main] DEBUG c.service.MarketDataService - [ALGO] BID: price:98 quantity:154
13:00:19.431 [main] DEBUG c.service.MarketDataService - [ALGO] ASK: price:98 quantity:501
13:00:19.431 [main] DEBUG c.service.MarketDataService - [ALGO] ASK: price:101 quantity:200
13:00:19.431 [main] DEBUG c.service.MarketDataService - [ALGO] ASK: price:110 quantity:5000
13:00:19.431 [main] DEBUG c.service.MarketDataService - [ALGO] ASK: price:119 quantity:5600
13:00:19.431 [main] DEBUG c.service.MarketDataService - [ALGO] ASK: price:123 quantity:453
13:00:19.431 [main] DEBUG c.service.MarketDataService - [ALGO] ASK: price:144 quantity:645
13:00:19.431 [main] DEBUG c.service.MarketDataService - [ALGO] ASK: price:167 quantity:665
13:00:19.431 [main] INFO  c.gettingstarted.MyAlgoLogic - [MYALGO] The state of the order book is:
|----BID-----||----ASK----|
    134 @ 43    501 @ 98
    145 @ 76   200 @ 101
    300 @ 91  5000 @ 110
    200 @ 93  5600 @ 119
    100 @ 95   453 @ 123
    154 @ 98   645 @ 144
          -    665 @ 167
|------------||-----------|

13:00:19.431 [main] INFO  c.gettingstarted.MyAlgoLogic - [MYALGO] Algo Sees Book as: 
|----BID-----||----ASK----|
    134 @ 43    501 @ 98
    145 @ 76   200 @ 101
    300 @ 91  5000 @ 110
    200 @ 93  5600 @ 119
    100 @ 95   453 @ 123
    154 @ 98   645 @ 144
          -    665 @ 167
|------------||-----------|

13:00:19.431 [main] INFO  c.gettingstarted.TimedLogic - [TIMEDLOGIC] Market is open
13:00:19.431 [main] INFO  c.sequencer.consumer.LoggingConsumer - [78] 
|----BID-----|
    134 @ 43
    145 @ 76
    300 @ 91
    200 @ 93
    100 @ 95
    154 @ 98
|----ASK-----|
    501 @ 98
   200 @ 101
  5000 @ 110
  5600 @ 119
   453 @ 123
   645 @ 144
   665 @ 167

13:00:19.431 [main] INFO  c.orderbook.OrderBook - [ORDERBOOK] Processing Mkt Data Update
13:00:19.431 [main] INFO  c.o.v.MutatingRemoveAllMarketDataOrdersVisitor - [ORDERBOOK] Removing market data order:MktData(price=43,quantity=134)
13:00:19.431 [main] DEBUG c.orderbook.OrderBook - [ORDERBOOK] ASK: Adding orderMktData(price=43,quantity=134)
13:00:19.431 [main] INFO  c.o.visitor.MutatingAddOrderVisitor - [ORDERBOOK] + Limit(side=BUY,orderId=16,price=43,quantity=2195456)
13:00:19.431 [main] DEBUG c.orderbook.OrderBook - [ORDERBOOK] ASK: Adding orderMktData(price=76,quantity=145)
13:00:19.431 [main] DEBUG c.orderbook.OrderBook - [ORDERBOOK] ASK: Adding orderMktData(price=91,quantity=300)
13:00:19.431 [main] DEBUG c.orderbook.OrderBook - [ORDERBOOK] ASK: Adding orderMktData(price=93,quantity=200)
13:00:19.431 [main] DEBUG c.orderbook.OrderBook - [ORDERBOOK] ASK: Adding orderMktData(price=95,quantity=100)
13:00:19.431 [main] DEBUG c.orderbook.OrderBook - [ORDERBOOK] ASK: Adding orderMktData(price=98,quantity=154)
13:00:19.431 [main] INFO  c.o.v.MutatingMatchOneMarketDataOrderVisitor - [ORDERBOOK] visiting LevelOrderBookLevel(price=43,quantity=4257180)
13:00:19.431 [main] INFO  c.o.v.MutatingMatchOneMarketDataOrderVisitor - [ORDERBOOK] Can't match order:Limit(side=BUY,orderId=3,price=43,quantity=268)(MktData(price=98,quantity=154))
13:00:19.431 [main] INFO  c.o.v.MutatingMatchOneMarketDataOrderVisitor - [ORDERBOOK] Can't match order:Limit(side=BUY,orderId=5,price=43,quantity=1072)(MktData(price=98,quantity=154))
13:00:19.431 [main] INFO  c.o.v.MutatingMatchOneMarketDataOrderVisitor - [ORDERBOOK] Can't match order:Limit(side=BUY,orderId=7,price=43,quantity=4288)(MktData(price=98,quantity=154))
13:00:19.431 [main] INFO  c.o.v.MutatingMatchOneMarketDataOrderVisitor - [ORDERBOOK] Can't match order:Limit(side=BUY,orderId=9,price=43,quantity=17152)(MktData(price=98,quantity=154))
13:00:19.431 [main] INFO  c.o.v.MutatingMatchOneMarketDataOrderVisitor - [ORDERBOOK] Can't match order:Limit(side=BUY,orderId=11,price=43,quantity=68608)(MktData(price=98,quantity=154))
13:00:19.431 [main] INFO  c.o.v.MutatingMatchOneMarketDataOrderVisitor - [ORDERBOOK] Can't match order:Limit(side=BUY,orderId=12,price=43,quantity=137216)(MktData(price=98,quantity=154))
13:00:19.431 [main] INFO  c.o.v.MutatingMatchOneMarketDataOrderVisitor - [ORDERBOOK] Can't match order:Limit(side=BUY,orderId=13,price=43,quantity=274432)(MktData(price=98,quantity=154))
13:00:19.431 [main] INFO  c.o.v.MutatingMatchOneMarketDataOrderVisitor - [ORDERBOOK] Can't match order:Limit(side=BUY,orderId=14,price=43,quantity=548864)(MktData(price=98,quantity=154))
13:00:19.431 [main] INFO  c.o.v.MutatingMatchOneMarketDataOrderVisitor - [ORDERBOOK] Can't match order:Limit(side=BUY,orderId=15,price=43,quantity=1097728)(MktData(price=98,quantity=154))
13:00:19.431 [main] INFO  c.o.v.MutatingMatchOneMarketDataOrderVisitor - [ORDERBOOK] Can't match order:Limit(side=BUY,orderId=16,price=43,quantity=2195456)(MktData(price=98,quantity=154))
13:00:19.431 [main] INFO  c.o.v.MutatingMatchOneMarketDataOrderVisitor - [ORDERBOOK] Can't match order:MktData(price=43,quantity=134)(MktData(price=98,quantity=154))
13:00:19.431 [main] INFO  c.o.v.MutatingRemoveAllMarketDataOrdersVisitor - [ORDERBOOK] Removing market data order:MktData(price=98,quantity=501)
13:00:19.431 [main] INFO  c.o.v.MutatingRemoveAllMarketDataOrdersVisitor - [ORDERBOOK] Removing market data order:MktData(price=110,quantity=5000)
13:00:19.431 [main] INFO  c.o.v.MutatingRemoveAllMarketDataOrdersVisitor - [ORDERBOOK] Removing market data order:MktData(price=123,quantity=453)
13:00:19.431 [main] INFO  c.o.v.MutatingRemoveAllMarketDataOrdersVisitor - [ORDERBOOK] Removing market data order:MktData(price=167,quantity=665)
13:00:19.431 [main] DEBUG c.orderbook.OrderBook - [ORDERBOOK] ASK: Adding orderMktData(price=98,quantity=501)
13:00:19.431 [main] INFO  c.o.visitor.MutatingAddOrderVisitor - [ORDERBOOK] + Limit(side=SELL,orderId=17,price=98,quantity=501)
13:00:19.431 [main] DEBUG c.orderbook.OrderBook - [ORDERBOOK] ASK: Adding orderMktData(price=101,quantity=200)
13:00:19.431 [main] DEBUG c.orderbook.OrderBook - [ORDERBOOK] ASK: Adding orderMktData(price=110,quantity=5000)
13:00:19.431 [main] DEBUG c.orderbook.OrderBook - [ORDERBOOK] ASK: Adding orderMktData(price=119,quantity=5600)
13:00:19.431 [main] DEBUG c.orderbook.OrderBook - [ORDERBOOK] ASK: Adding orderMktData(price=123,quantity=453)
13:00:19.431 [main] DEBUG c.orderbook.OrderBook - [ORDERBOOK] ASK: Adding orderMktData(price=144,quantity=645)
13:00:19.431 [main] DEBUG c.orderbook.OrderBook - [ORDERBOOK] ASK: Adding orderMktData(price=167,quantity=665)
13:00:19.431 [main] DEBUG c.service.MarketDataService - [ALGO] BID: price:43 quantity:134
13:00:19.431 [main] DEBUG c.service.MarketDataService - [ALGO] BID: price:76 quantity:145
13:00:19.431 [main] DEBUG c.service.MarketDataService - [ALGO] BID: price:91 quantity:300
13:00:19.431 [main] DEBUG c.service.MarketDataService - [ALGO] BID: price:93 quantity:200
13:00:19.431 [main] DEBUG c.service.MarketDataService - [ALGO] BID: price:95 quantity:100
13:00:19.431 [main] DEBUG c.service.MarketDataService - [ALGO] BID: price:98 quantity:154
13:00:19.431 [main] DEBUG c.service.MarketDataService - [ALGO] ASK: price:98 quantity:501
13:00:19.431 [main] DEBUG c.service.MarketDataService - [ALGO] ASK: price:101 quantity:200
13:00:19.431 [main] DEBUG c.service.MarketDataService - [ALGO] ASK: price:110 quantity:5000
13:00:19.431 [main] DEBUG c.service.MarketDataService - [ALGO] ASK: price:119 quantity:5600
13:00:19.431 [main] DEBUG c.service.MarketDataService - [ALGO] ASK: price:123 quantity:453
13:00:19.431 [main] DEBUG c.service.MarketDataService - [ALGO] ASK: price:144 quantity:645
13:00:19.431 [main] DEBUG c.service.MarketDataService - [ALGO] ASK: price:167 quantity:665
13:00:19.431 [main] INFO  c.gettingstarted.MyAlgoLogic - [MYALGO] The state of the order book is:
|----BID-----||----ASK----|
    134 @ 43    501 @ 98
    145 @ 76   200 @ 101
    300 @ 91  5000 @ 110
    200 @ 93  5600 @ 119
    100 @ 95   453 @ 123
    154 @ 98   645 @ 144
          -    665 @ 167
|------------||-----------|

13:00:19.431 [main] INFO  c.gettingstarted.MyAlgoLogic - [MYALGO] Algo Sees Book as: 
|----BID-----||----ASK----|
    134 @ 43    501 @ 98
    145 @ 76   200 @ 101
    300 @ 91  5000 @ 110
    200 @ 93  5600 @ 119
    100 @ 95   453 @ 123
    154 @ 98   645 @ 144
          -    665 @ 167
|------------||-----------|

13:00:19.431 [main] INFO  c.gettingstarted.TimedLogic - [TIMEDLOGIC] Market is open
13:00:19.431 [main] INFO  c.sequencer.consumer.LoggingConsumer - [79] 
|----BID-----|
    134 @ 43
    145 @ 76
    300 @ 91
    200 @ 93
    100 @ 95
    154 @ 98
|----ASK-----|
    501 @ 98
   200 @ 101
  5000 @ 110
  5600 @ 119
   453 @ 123
   645 @ 144
   665 @ 167

13:00:19.431 [main] INFO  c.orderbook.OrderBook - [ORDERBOOK] Processing Mkt Data Update
13:00:19.431 [main] INFO  c.o.v.MutatingRemoveAllMarketDataOrdersVisitor - [ORDERBOOK] Removing market data order:MktData(price=43,quantity=134)
13:00:19.431 [main] DEBUG c.orderbook.OrderBook - [ORDERBOOK] ASK: Adding orderMktData(price=43,quantity=134)
13:00:19.431 [main] INFO  c.o.visitor.MutatingAddOrderVisitor - [ORDERBOOK] + Limit(side=BUY,orderId=16,price=43,quantity=2195456)
13:00:19.431 [main] DEBUG c.orderbook.OrderBook - [ORDERBOOK] ASK: Adding orderMktData(price=76,quantity=145)
13:00:19.431 [main] DEBUG c.orderbook.OrderBook - [ORDERBOOK] ASK: Adding orderMktData(price=91,quantity=300)
13:00:19.431 [main] DEBUG c.orderbook.OrderBook - [ORDERBOOK] ASK: Adding orderMktData(price=93,quantity=200)
13:00:19.431 [main] DEBUG c.orderbook.OrderBook - [ORDERBOOK] ASK: Adding orderMktData(price=95,quantity=100)
13:00:19.447 [main] DEBUG c.orderbook.OrderBook - [ORDERBOOK] ASK: Adding orderMktData(price=98,quantity=154)
13:00:19.447 [main] INFO  c.o.v.MutatingMatchOneMarketDataOrderVisitor - [ORDERBOOK] visiting LevelOrderBookLevel(price=43,quantity=4257314)
13:00:19.447 [main] INFO  c.o.v.MutatingMatchOneMarketDataOrderVisitor - [ORDERBOOK] Can't match order:Limit(side=BUY,orderId=3,price=43,quantity=268)(MktData(price=98,quantity=154))
13:00:19.447 [main] INFO  c.o.v.MutatingMatchOneMarketDataOrderVisitor - [ORDERBOOK] Can't match order:Limit(side=BUY,orderId=5,price=43,quantity=1072)(MktData(price=98,quantity=154))
13:00:19.447 [main] INFO  c.o.v.MutatingMatchOneMarketDataOrderVisitor - [ORDERBOOK] Can't match order:Limit(side=BUY,orderId=7,price=43,quantity=4288)(MktData(price=98,quantity=154))
13:00:19.447 [main] INFO  c.o.v.MutatingMatchOneMarketDataOrderVisitor - [ORDERBOOK] Can't match order:Limit(side=BUY,orderId=9,price=43,quantity=17152)(MktData(price=98,quantity=154))
13:00:19.447 [main] INFO  c.o.v.MutatingMatchOneMarketDataOrderVisitor - [ORDERBOOK] Can't match order:Limit(side=BUY,orderId=11,price=43,quantity=68608)(MktData(price=98,quantity=154))
13:00:19.447 [main] INFO  c.o.v.MutatingMatchOneMarketDataOrderVisitor - [ORDERBOOK] Can't match order:Limit(side=BUY,orderId=12,price=43,quantity=137216)(MktData(price=98,quantity=154))
13:00:19.447 [main] INFO  c.o.v.MutatingMatchOneMarketDataOrderVisitor - [ORDERBOOK] Can't match order:Limit(side=BUY,orderId=13,price=43,quantity=274432)(MktData(price=98,quantity=154))
13:00:19.447 [main] INFO  c.o.v.MutatingMatchOneMarketDataOrderVisitor - [ORDERBOOK] Can't match order:Limit(side=BUY,orderId=14,price=43,quantity=548864)(MktData(price=98,quantity=154))
13:00:19.447 [main] INFO  c.o.v.MutatingMatchOneMarketDataOrderVisitor - [ORDERBOOK] Can't match order:Limit(side=BUY,orderId=15,price=43,quantity=1097728)(MktData(price=98,quantity=154))
13:00:19.447 [main] INFO  c.o.v.MutatingMatchOneMarketDataOrderVisitor - [ORDERBOOK] Can't match order:Limit(side=BUY,orderId=16,price=43,quantity=2195456)(MktData(price=98,quantity=154))
13:00:19.447 [main] INFO  c.o.v.MutatingMatchOneMarketDataOrderVisitor - [ORDERBOOK] Can't match order:MktData(price=43,quantity=134)(MktData(price=98,quantity=154))
13:00:19.447 [main] INFO  c.o.v.MutatingRemoveAllMarketDataOrdersVisitor - [ORDERBOOK] Removing market data order:MktData(price=98,quantity=501)
13:00:19.447 [main] INFO  c.o.v.MutatingRemoveAllMarketDataOrdersVisitor - [ORDERBOOK] Removing market data order:MktData(price=110,quantity=5000)
13:00:19.447 [main] INFO  c.o.v.MutatingRemoveAllMarketDataOrdersVisitor - [ORDERBOOK] Removing market data order:MktData(price=123,quantity=453)
13:00:19.447 [main] INFO  c.o.v.MutatingRemoveAllMarketDataOrdersVisitor - [ORDERBOOK] Removing market data order:MktData(price=167,quantity=665)
13:00:19.447 [main] DEBUG c.orderbook.OrderBook - [ORDERBOOK] ASK: Adding orderMktData(price=98,quantity=501)
13:00:19.447 [main] INFO  c.o.visitor.MutatingAddOrderVisitor - [ORDERBOOK] + Limit(side=SELL,orderId=17,price=98,quantity=501)
13:00:19.447 [main] DEBUG c.orderbook.OrderBook - [ORDERBOOK] ASK: Adding orderMktData(price=101,quantity=200)
13:00:19.447 [main] DEBUG c.orderbook.OrderBook - [ORDERBOOK] ASK: Adding orderMktData(price=110,quantity=5000)
13:00:19.447 [main] DEBUG c.orderbook.OrderBook - [ORDERBOOK] ASK: Adding orderMktData(price=119,quantity=5600)
13:00:19.447 [main] DEBUG c.orderbook.OrderBook - [ORDERBOOK] ASK: Adding orderMktData(price=123,quantity=453)
13:00:19.447 [main] DEBUG c.orderbook.OrderBook - [ORDERBOOK] ASK: Adding orderMktData(price=144,quantity=645)
13:00:19.447 [main] DEBUG c.orderbook.OrderBook - [ORDERBOOK] ASK: Adding orderMktData(price=167,quantity=665)
13:00:19.447 [main] DEBUG c.service.MarketDataService - [ALGO] BID: price:43 quantity:134
13:00:19.447 [main] DEBUG c.service.MarketDataService - [ALGO] BID: price:76 quantity:145
13:00:19.447 [main] DEBUG c.service.MarketDataService - [ALGO] BID: price:91 quantity:300
13:00:19.447 [main] DEBUG c.service.MarketDataService - [ALGO] BID: price:93 quantity:200
13:00:19.447 [main] DEBUG c.service.MarketDataService - [ALGO] BID: price:95 quantity:100
13:00:19.447 [main] DEBUG c.service.MarketDataService - [ALGO] BID: price:98 quantity:154
13:00:19.447 [main] DEBUG c.service.MarketDataService - [ALGO] ASK: price:98 quantity:501
13:00:19.447 [main] DEBUG c.service.MarketDataService - [ALGO] ASK: price:101 quantity:200
13:00:19.447 [main] DEBUG c.service.MarketDataService - [ALGO] ASK: price:110 quantity:5000
13:00:19.447 [main] DEBUG c.service.MarketDataService - [ALGO] ASK: price:119 quantity:5600
13:00:19.447 [main] DEBUG c.service.MarketDataService - [ALGO] ASK: price:123 quantity:453
13:00:19.447 [main] DEBUG c.service.MarketDataService - [ALGO] ASK: price:144 quantity:645
13:00:19.447 [main] DEBUG c.service.MarketDataService - [ALGO] ASK: price:167 quantity:665
13:00:19.447 [main] INFO  c.gettingstarted.MyAlgoLogic - [MYALGO] The state of the order book is:
|----BID-----||----ASK----|
    134 @ 43    501 @ 98
    145 @ 76   200 @ 101
    300 @ 91  5000 @ 110
    200 @ 93  5600 @ 119
    100 @ 95   453 @ 123
    154 @ 98   645 @ 144
          -    665 @ 167
|------------||-----------|

13:00:19.447 [main] INFO  c.gettingstarted.MyAlgoLogic - [MYALGO] Algo Sees Book as: 
|----BID-----||----ASK----|
    134 @ 43    501 @ 98
    145 @ 76   200 @ 101
    300 @ 91  5000 @ 110
    200 @ 93  5600 @ 119
    100 @ 95   453 @ 123
    154 @ 98   645 @ 144
          -    665 @ 167
|------------||-----------|

13:00:19.447 [main] INFO  c.gettingstarted.TimedLogic - [TIMEDLOGIC] Market is open
13:00:19.447 [main] INFO  c.sequencer.consumer.LoggingConsumer - [80] 
|----BID-----|
    134 @ 43
    145 @ 76
    300 @ 91
    200 @ 93
    100 @ 95
    154 @ 98
|----ASK-----|
    501 @ 98
   200 @ 101
  5000 @ 110
  5600 @ 119
   453 @ 123
   645 @ 144
   665 @ 167

13:00:19.447 [main] INFO  c.orderbook.OrderBook - [ORDERBOOK] Processing Mkt Data Update
13:00:19.447 [main] INFO  c.o.v.MutatingRemoveAllMarketDataOrdersVisitor - [ORDERBOOK] Removing market data order:MktData(price=43,quantity=134)
13:00:19.447 [main] DEBUG c.orderbook.OrderBook - [ORDERBOOK] ASK: Adding orderMktData(price=43,quantity=134)
13:00:19.447 [main] INFO  c.o.visitor.MutatingAddOrderVisitor - [ORDERBOOK] + Limit(side=BUY,orderId=16,price=43,quantity=2195456)
13:00:19.447 [main] DEBUG c.orderbook.OrderBook - [ORDERBOOK] ASK: Adding orderMktData(price=76,quantity=145)
13:00:19.447 [main] DEBUG c.orderbook.OrderBook - [ORDERBOOK] ASK: Adding orderMktData(price=91,quantity=300)
13:00:19.447 [main] DEBUG c.orderbook.OrderBook - [ORDERBOOK] ASK: Adding orderMktData(price=93,quantity=200)
13:00:19.447 [main] DEBUG c.orderbook.OrderBook - [ORDERBOOK] ASK: Adding orderMktData(price=95,quantity=100)
13:00:19.447 [main] DEBUG c.orderbook.OrderBook - [ORDERBOOK] ASK: Adding orderMktData(price=98,quantity=154)
13:00:19.447 [main] INFO  c.o.v.MutatingMatchOneMarketDataOrderVisitor - [ORDERBOOK] visiting LevelOrderBookLevel(price=43,quantity=4257448)
13:00:19.447 [main] INFO  c.o.v.MutatingMatchOneMarketDataOrderVisitor - [ORDERBOOK] Can't match order:Limit(side=BUY,orderId=3,price=43,quantity=268)(MktData(price=98,quantity=154))
13:00:19.447 [main] INFO  c.o.v.MutatingMatchOneMarketDataOrderVisitor - [ORDERBOOK] Can't match order:Limit(side=BUY,orderId=5,price=43,quantity=1072)(MktData(price=98,quantity=154))
13:00:19.447 [main] INFO  c.o.v.MutatingMatchOneMarketDataOrderVisitor - [ORDERBOOK] Can't match order:Limit(side=BUY,orderId=7,price=43,quantity=4288)(MktData(price=98,quantity=154))
13:00:19.447 [main] INFO  c.o.v.MutatingMatchOneMarketDataOrderVisitor - [ORDERBOOK] Can't match order:Limit(side=BUY,orderId=9,price=43,quantity=17152)(MktData(price=98,quantity=154))
13:00:19.447 [main] INFO  c.o.v.MutatingMatchOneMarketDataOrderVisitor - [ORDERBOOK] Can't match order:Limit(side=BUY,orderId=11,price=43,quantity=68608)(MktData(price=98,quantity=154))
13:00:19.447 [main] INFO  c.o.v.MutatingMatchOneMarketDataOrderVisitor - [ORDERBOOK] Can't match order:Limit(side=BUY,orderId=12,price=43,quantity=137216)(MktData(price=98,quantity=154))
13:00:19.447 [main] INFO  c.o.v.MutatingMatchOneMarketDataOrderVisitor - [ORDERBOOK] Can't match order:Limit(side=BUY,orderId=13,price=43,quantity=274432)(MktData(price=98,quantity=154))
13:00:19.447 [main] INFO  c.o.v.MutatingMatchOneMarketDataOrderVisitor - [ORDERBOOK] Can't match order:Limit(side=BUY,orderId=14,price=43,quantity=548864)(MktData(price=98,quantity=154))
13:00:19.447 [main] INFO  c.o.v.MutatingMatchOneMarketDataOrderVisitor - [ORDERBOOK] Can't match order:Limit(side=BUY,orderId=15,price=43,quantity=1097728)(MktData(price=98,quantity=154))
13:00:19.447 [main] INFO  c.o.v.MutatingMatchOneMarketDataOrderVisitor - [ORDERBOOK] Can't match order:Limit(side=BUY,orderId=16,price=43,quantity=2195456)(MktData(price=98,quantity=154))
13:00:19.447 [main] INFO  c.o.v.MutatingMatchOneMarketDataOrderVisitor - [ORDERBOOK] Can't match order:MktData(price=43,quantity=134)(MktData(price=98,quantity=154))
13:00:19.447 [main] INFO  c.o.v.MutatingRemoveAllMarketDataOrdersVisitor - [ORDERBOOK] Removing market data order:MktData(price=98,quantity=501)
13:00:19.447 [main] INFO  c.o.v.MutatingRemoveAllMarketDataOrdersVisitor - [ORDERBOOK] Removing market data order:MktData(price=110,quantity=5000)
13:00:19.447 [main] INFO  c.o.v.MutatingRemoveAllMarketDataOrdersVisitor - [ORDERBOOK] Removing market data order:MktData(price=123,quantity=453)
13:00:19.447 [main] INFO  c.o.v.MutatingRemoveAllMarketDataOrdersVisitor - [ORDERBOOK] Removing market data order:MktData(price=167,quantity=665)
13:00:19.447 [main] DEBUG c.orderbook.OrderBook - [ORDERBOOK] ASK: Adding orderMktData(price=98,quantity=501)
13:00:19.447 [main] INFO  c.o.visitor.MutatingAddOrderVisitor - [ORDERBOOK] + Limit(side=SELL,orderId=17,price=98,quantity=501)
13:00:19.447 [main] DEBUG c.orderbook.OrderBook - [ORDERBOOK] ASK: Adding orderMktData(price=101,quantity=200)
13:00:19.447 [main] DEBUG c.orderbook.OrderBook - [ORDERBOOK] ASK: Adding orderMktData(price=110,quantity=5000)
13:00:19.447 [main] DEBUG c.orderbook.OrderBook - [ORDERBOOK] ASK: Adding orderMktData(price=119,quantity=5600)
13:00:19.447 [main] DEBUG c.orderbook.OrderBook - [ORDERBOOK] ASK: Adding orderMktData(price=123,quantity=453)
13:00:19.447 [main] DEBUG c.orderbook.OrderBook - [ORDERBOOK] ASK: Adding orderMktData(price=144,quantity=645)
13:00:19.447 [main] DEBUG c.orderbook.OrderBook - [ORDERBOOK] ASK: Adding orderMktData(price=167,quantity=665)
13:00:19.447 [main] DEBUG c.service.MarketDataService - [ALGO] BID: price:43 quantity:134
13:00:19.447 [main] DEBUG c.service.MarketDataService - [ALGO] BID: price:76 quantity:145
13:00:19.447 [main] DEBUG c.service.MarketDataService - [ALGO] BID: price:91 quantity:300
13:00:19.447 [main] DEBUG c.service.MarketDataService - [ALGO] BID: price:93 quantity:200
13:00:19.447 [main] DEBUG c.service.MarketDataService - [ALGO] BID: price:95 quantity:100
13:00:19.447 [main] DEBUG c.service.MarketDataService - [ALGO] BID: price:98 quantity:154
13:00:19.447 [main] DEBUG c.service.MarketDataService - [ALGO] ASK: price:98 quantity:501
13:00:19.447 [main] DEBUG c.service.MarketDataService - [ALGO] ASK: price:101 quantity:200
13:00:19.447 [main] DEBUG c.service.MarketDataService - [ALGO] ASK: price:110 quantity:5000
13:00:19.447 [main] DEBUG c.service.MarketDataService - [ALGO] ASK: price:119 quantity:5600
13:00:19.447 [main] DEBUG c.service.MarketDataService - [ALGO] ASK: price:123 quantity:453
13:00:19.447 [main] DEBUG c.service.MarketDataService - [ALGO] ASK: price:144 quantity:645
13:00:19.447 [main] DEBUG c.service.MarketDataService - [ALGO] ASK: price:167 quantity:665
13:00:19.447 [main] INFO  c.gettingstarted.MyAlgoLogic - [MYALGO] The state of the order book is:
|----BID-----||----ASK----|
    134 @ 43    501 @ 98
    145 @ 76   200 @ 101
    300 @ 91  5000 @ 110
    200 @ 93  5600 @ 119
    100 @ 95   453 @ 123
    154 @ 98   645 @ 144
          -    665 @ 167
|------------||-----------|

13:00:19.447 [main] INFO  c.gettingstarted.MyAlgoLogic - [MYALGO] Algo Sees Book as: 
|----BID-----||----ASK----|
    134 @ 43    501 @ 98
    145 @ 76   200 @ 101
    300 @ 91  5000 @ 110
    200 @ 93  5600 @ 119
    100 @ 95   453 @ 123
    154 @ 98   645 @ 144
          -    665 @ 167
|------------||-----------|

13:00:19.447 [main] INFO  c.gettingstarted.TimedLogic - [TIMEDLOGIC] Market is open
13:00:19.447 [main] INFO  c.sequencer.consumer.LoggingConsumer - [81] 
|----BID-----|
    134 @ 43
    145 @ 76
    300 @ 91
    200 @ 93
    100 @ 95
    154 @ 98
|----ASK-----|
    501 @ 98
   200 @ 101
  5000 @ 110
  5600 @ 119
   453 @ 123
   645 @ 144
   665 @ 167

13:00:19.447 [main] INFO  c.orderbook.OrderBook - [ORDERBOOK] Processing Mkt Data Update
13:00:19.447 [main] INFO  c.o.v.MutatingRemoveAllMarketDataOrdersVisitor - [ORDERBOOK] Removing market data order:MktData(price=43,quantity=134)
13:00:19.447 [main] DEBUG c.orderbook.OrderBook - [ORDERBOOK] ASK: Adding orderMktData(price=43,quantity=134)
13:00:19.447 [main] INFO  c.o.visitor.MutatingAddOrderVisitor - [ORDERBOOK] + Limit(side=BUY,orderId=16,price=43,quantity=2195456)
13:00:19.447 [main] DEBUG c.orderbook.OrderBook - [ORDERBOOK] ASK: Adding orderMktData(price=76,quantity=145)
13:00:19.447 [main] DEBUG c.orderbook.OrderBook - [ORDERBOOK] ASK: Adding orderMktData(price=91,quantity=300)
13:00:19.447 [main] DEBUG c.orderbook.OrderBook - [ORDERBOOK] ASK: Adding orderMktData(price=93,quantity=200)
13:00:19.447 [main] DEBUG c.orderbook.OrderBook - [ORDERBOOK] ASK: Adding orderMktData(price=95,quantity=100)
13:00:19.447 [main] DEBUG c.orderbook.OrderBook - [ORDERBOOK] ASK: Adding orderMktData(price=98,quantity=154)
13:00:19.447 [main] INFO  c.o.v.MutatingMatchOneMarketDataOrderVisitor - [ORDERBOOK] visiting LevelOrderBookLevel(price=43,quantity=4257582)
13:00:19.447 [main] INFO  c.o.v.MutatingMatchOneMarketDataOrderVisitor - [ORDERBOOK] Can't match order:Limit(side=BUY,orderId=3,price=43,quantity=268)(MktData(price=98,quantity=154))
13:00:19.447 [main] INFO  c.o.v.MutatingMatchOneMarketDataOrderVisitor - [ORDERBOOK] Can't match order:Limit(side=BUY,orderId=5,price=43,quantity=1072)(MktData(price=98,quantity=154))
13:00:19.447 [main] INFO  c.o.v.MutatingMatchOneMarketDataOrderVisitor - [ORDERBOOK] Can't match order:Limit(side=BUY,orderId=7,price=43,quantity=4288)(MktData(price=98,quantity=154))
13:00:19.447 [main] INFO  c.o.v.MutatingMatchOneMarketDataOrderVisitor - [ORDERBOOK] Can't match order:Limit(side=BUY,orderId=9,price=43,quantity=17152)(MktData(price=98,quantity=154))
13:00:19.447 [main] INFO  c.o.v.MutatingMatchOneMarketDataOrderVisitor - [ORDERBOOK] Can't match order:Limit(side=BUY,orderId=11,price=43,quantity=68608)(MktData(price=98,quantity=154))
13:00:19.447 [main] INFO  c.o.v.MutatingMatchOneMarketDataOrderVisitor - [ORDERBOOK] Can't match order:Limit(side=BUY,orderId=12,price=43,quantity=137216)(MktData(price=98,quantity=154))
13:00:19.447 [main] INFO  c.o.v.MutatingMatchOneMarketDataOrderVisitor - [ORDERBOOK] Can't match order:Limit(side=BUY,orderId=13,price=43,quantity=274432)(MktData(price=98,quantity=154))
13:00:19.447 [main] INFO  c.o.v.MutatingMatchOneMarketDataOrderVisitor - [ORDERBOOK] Can't match order:Limit(side=BUY,orderId=14,price=43,quantity=548864)(MktData(price=98,quantity=154))
13:00:19.447 [main] INFO  c.o.v.MutatingMatchOneMarketDataOrderVisitor - [ORDERBOOK] Can't match order:Limit(side=BUY,orderId=15,price=43,quantity=1097728)(MktData(price=98,quantity=154))
13:00:19.447 [main] INFO  c.o.v.MutatingMatchOneMarketDataOrderVisitor - [ORDERBOOK] Can't match order:Limit(side=BUY,orderId=16,price=43,quantity=2195456)(MktData(price=98,quantity=154))
13:00:19.447 [main] INFO  c.o.v.MutatingMatchOneMarketDataOrderVisitor - [ORDERBOOK] Can't match order:MktData(price=43,quantity=134)(MktData(price=98,quantity=154))
13:00:19.447 [main] INFO  c.o.v.MutatingRemoveAllMarketDataOrdersVisitor - [ORDERBOOK] Removing market data order:MktData(price=98,quantity=501)
13:00:19.447 [main] INFO  c.o.v.MutatingRemoveAllMarketDataOrdersVisitor - [ORDERBOOK] Removing market data order:MktData(price=110,quantity=5000)
13:00:19.447 [main] INFO  c.o.v.MutatingRemoveAllMarketDataOrdersVisitor - [ORDERBOOK] Removing market data order:MktData(price=123,quantity=453)
13:00:19.447 [main] INFO  c.o.v.MutatingRemoveAllMarketDataOrdersVisitor - [ORDERBOOK] Removing market data order:MktData(price=167,quantity=665)
13:00:19.447 [main] DEBUG c.orderbook.OrderBook - [ORDERBOOK] ASK: Adding orderMktData(price=98,quantity=501)
13:00:19.447 [main] INFO  c.o.visitor.MutatingAddOrderVisitor - [ORDERBOOK] + Limit(side=SELL,orderId=17,price=98,quantity=501)
13:00:19.447 [main] DEBUG c.orderbook.OrderBook - [ORDERBOOK] ASK: Adding orderMktData(price=101,quantity=200)
13:00:19.447 [main] DEBUG c.orderbook.OrderBook - [ORDERBOOK] ASK: Adding orderMktData(price=110,quantity=5000)
13:00:19.447 [main] DEBUG c.orderbook.OrderBook - [ORDERBOOK] ASK: Adding orderMktData(price=119,quantity=5600)
13:00:19.447 [main] DEBUG c.orderbook.OrderBook - [ORDERBOOK] ASK: Adding orderMktData(price=123,quantity=453)
13:00:19.447 [main] DEBUG c.orderbook.OrderBook - [ORDERBOOK] ASK: Adding orderMktData(price=144,quantity=645)
13:00:19.447 [main] DEBUG c.orderbook.OrderBook - [ORDERBOOK] ASK: Adding orderMktData(price=167,quantity=665)
13:00:19.447 [main] DEBUG c.service.MarketDataService - [ALGO] BID: price:43 quantity:134
13:00:19.447 [main] DEBUG c.service.MarketDataService - [ALGO] BID: price:76 quantity:145
13:00:19.447 [main] DEBUG c.service.MarketDataService - [ALGO] BID: price:91 quantity:300
13:00:19.447 [main] DEBUG c.service.MarketDataService - [ALGO] BID: price:93 quantity:200
13:00:19.447 [main] DEBUG c.service.MarketDataService - [ALGO] BID: price:95 quantity:100
13:00:19.447 [main] DEBUG c.service.MarketDataService - [ALGO] BID: price:98 quantity:154
13:00:19.447 [main] DEBUG c.service.MarketDataService - [ALGO] ASK: price:98 quantity:501
13:00:19.447 [main] DEBUG c.service.MarketDataService - [ALGO] ASK: price:101 quantity:200
13:00:19.447 [main] DEBUG c.service.MarketDataService - [ALGO] ASK: price:110 quantity:5000
13:00:19.447 [main] DEBUG c.service.MarketDataService - [ALGO] ASK: price:119 quantity:5600
13:00:19.447 [main] DEBUG c.service.MarketDataService - [ALGO] ASK: price:123 quantity:453
13:00:19.447 [main] DEBUG c.service.MarketDataService - [ALGO] ASK: price:144 quantity:645
13:00:19.447 [main] DEBUG c.service.MarketDataService - [ALGO] ASK: price:167 quantity:665
13:00:19.447 [main] INFO  c.gettingstarted.MyAlgoLogic - [MYALGO] The state of the order book is:
|----BID-----||----ASK----|
    134 @ 43    501 @ 98
    145 @ 76   200 @ 101
    300 @ 91  5000 @ 110
    200 @ 93  5600 @ 119
    100 @ 95   453 @ 123
    154 @ 98   645 @ 144
          -    665 @ 167
|------------||-----------|

13:00:19.447 [main] INFO  c.gettingstarted.MyAlgoLogic - [MYALGO] Algo Sees Book as: 
|----BID-----||----ASK----|
    134 @ 43    501 @ 98
    145 @ 76   200 @ 101
    300 @ 91  5000 @ 110
    200 @ 93  5600 @ 119
    100 @ 95   453 @ 123
    154 @ 98   645 @ 144
          -    665 @ 167
|------------||-----------|

13:00:19.447 [main] INFO  c.gettingstarted.TimedLogic - [TIMEDLOGIC] Market is open
13:00:19.447 [main] INFO  c.sequencer.consumer.LoggingConsumer - [82] 
|----BID-----|
    134 @ 43
    145 @ 76
    300 @ 91
    200 @ 93
    100 @ 95
    154 @ 98
|----ASK-----|
    501 @ 98
   200 @ 101
  5000 @ 110
  5600 @ 119
   453 @ 123
   645 @ 144
   665 @ 167

13:00:19.447 [main] INFO  c.orderbook.OrderBook - [ORDERBOOK] Processing Mkt Data Update
13:00:19.447 [main] INFO  c.o.v.MutatingRemoveAllMarketDataOrdersVisitor - [ORDERBOOK] Removing market data order:MktData(price=43,quantity=134)
13:00:19.447 [main] DEBUG c.orderbook.OrderBook - [ORDERBOOK] ASK: Adding orderMktData(price=43,quantity=134)
13:00:19.447 [main] INFO  c.o.visitor.MutatingAddOrderVisitor - [ORDERBOOK] + Limit(side=BUY,orderId=16,price=43,quantity=2195456)
13:00:19.447 [main] DEBUG c.orderbook.OrderBook - [ORDERBOOK] ASK: Adding orderMktData(price=76,quantity=145)
13:00:19.447 [main] DEBUG c.orderbook.OrderBook - [ORDERBOOK] ASK: Adding orderMktData(price=91,quantity=300)
13:00:19.447 [main] DEBUG c.orderbook.OrderBook - [ORDERBOOK] ASK: Adding orderMktData(price=93,quantity=200)
13:00:19.447 [main] DEBUG c.orderbook.OrderBook - [ORDERBOOK] ASK: Adding orderMktData(price=95,quantity=100)
13:00:19.447 [main] DEBUG c.orderbook.OrderBook - [ORDERBOOK] ASK: Adding orderMktData(price=98,quantity=154)
13:00:19.447 [main] INFO  c.o.v.MutatingMatchOneMarketDataOrderVisitor - [ORDERBOOK] visiting LevelOrderBookLevel(price=43,quantity=4257716)
13:00:19.447 [main] INFO  c.o.v.MutatingMatchOneMarketDataOrderVisitor - [ORDERBOOK] Can't match order:Limit(side=BUY,orderId=3,price=43,quantity=268)(MktData(price=98,quantity=154))
13:00:19.447 [main] INFO  c.o.v.MutatingMatchOneMarketDataOrderVisitor - [ORDERBOOK] Can't match order:Limit(side=BUY,orderId=5,price=43,quantity=1072)(MktData(price=98,quantity=154))
13:00:19.447 [main] INFO  c.o.v.MutatingMatchOneMarketDataOrderVisitor - [ORDERBOOK] Can't match order:Limit(side=BUY,orderId=7,price=43,quantity=4288)(MktData(price=98,quantity=154))
13:00:19.447 [main] INFO  c.o.v.MutatingMatchOneMarketDataOrderVisitor - [ORDERBOOK] Can't match order:Limit(side=BUY,orderId=9,price=43,quantity=17152)(MktData(price=98,quantity=154))
13:00:19.447 [main] INFO  c.o.v.MutatingMatchOneMarketDataOrderVisitor - [ORDERBOOK] Can't match order:Limit(side=BUY,orderId=11,price=43,quantity=68608)(MktData(price=98,quantity=154))
13:00:19.447 [main] INFO  c.o.v.MutatingMatchOneMarketDataOrderVisitor - [ORDERBOOK] Can't match order:Limit(side=BUY,orderId=12,price=43,quantity=137216)(MktData(price=98,quantity=154))
13:00:19.447 [main] INFO  c.o.v.MutatingMatchOneMarketDataOrderVisitor - [ORDERBOOK] Can't match order:Limit(side=BUY,orderId=13,price=43,quantity=274432)(MktData(price=98,quantity=154))
13:00:19.447 [main] INFO  c.o.v.MutatingMatchOneMarketDataOrderVisitor - [ORDERBOOK] Can't match order:Limit(side=BUY,orderId=14,price=43,quantity=548864)(MktData(price=98,quantity=154))
13:00:19.447 [main] INFO  c.o.v.MutatingMatchOneMarketDataOrderVisitor - [ORDERBOOK] Can't match order:Limit(side=BUY,orderId=15,price=43,quantity=1097728)(MktData(price=98,quantity=154))
13:00:19.447 [main] INFO  c.o.v.MutatingMatchOneMarketDataOrderVisitor - [ORDERBOOK] Can't match order:Limit(side=BUY,orderId=16,price=43,quantity=2195456)(MktData(price=98,quantity=154))
13:00:19.447 [main] INFO  c.o.v.MutatingMatchOneMarketDataOrderVisitor - [ORDERBOOK] Can't match order:MktData(price=43,quantity=134)(MktData(price=98,quantity=154))
13:00:19.447 [main] INFO  c.o.v.MutatingRemoveAllMarketDataOrdersVisitor - [ORDERBOOK] Removing market data order:MktData(price=98,quantity=501)
13:00:19.447 [main] INFO  c.o.v.MutatingRemoveAllMarketDataOrdersVisitor - [ORDERBOOK] Removing market data order:MktData(price=110,quantity=5000)
13:00:19.447 [main] INFO  c.o.v.MutatingRemoveAllMarketDataOrdersVisitor - [ORDERBOOK] Removing market data order:MktData(price=123,quantity=453)
13:00:19.447 [main] INFO  c.o.v.MutatingRemoveAllMarketDataOrdersVisitor - [ORDERBOOK] Removing market data order:MktData(price=167,quantity=665)
13:00:19.447 [main] DEBUG c.orderbook.OrderBook - [ORDERBOOK] ASK: Adding orderMktData(price=98,quantity=501)
13:00:19.447 [main] INFO  c.o.visitor.MutatingAddOrderVisitor - [ORDERBOOK] + Limit(side=SELL,orderId=17,price=98,quantity=501)
13:00:19.447 [main] DEBUG c.orderbook.OrderBook - [ORDERBOOK] ASK: Adding orderMktData(price=101,quantity=200)
13:00:19.447 [main] DEBUG c.orderbook.OrderBook - [ORDERBOOK] ASK: Adding orderMktData(price=110,quantity=5000)
13:00:19.447 [main] DEBUG c.orderbook.OrderBook - [ORDERBOOK] ASK: Adding orderMktData(price=119,quantity=5600)
13:00:19.447 [main] DEBUG c.orderbook.OrderBook - [ORDERBOOK] ASK: Adding orderMktData(price=123,quantity=453)
13:00:19.447 [main] DEBUG c.orderbook.OrderBook - [ORDERBOOK] ASK: Adding orderMktData(price=144,quantity=645)
13:00:19.447 [main] DEBUG c.orderbook.OrderBook - [ORDERBOOK] ASK: Adding orderMktData(price=167,quantity=665)
13:00:19.447 [main] DEBUG c.service.MarketDataService - [ALGO] BID: price:43 quantity:134
13:00:19.447 [main] DEBUG c.service.MarketDataService - [ALGO] BID: price:76 quantity:145
13:00:19.447 [main] DEBUG c.service.MarketDataService - [ALGO] BID: price:91 quantity:300
13:00:19.447 [main] DEBUG c.service.MarketDataService - [ALGO] BID: price:93 quantity:200
13:00:19.447 [main] DEBUG c.service.MarketDataService - [ALGO] BID: price:95 quantity:100
13:00:19.447 [main] DEBUG c.service.MarketDataService - [ALGO] BID: price:98 quantity:154
13:00:19.447 [main] DEBUG c.service.MarketDataService - [ALGO] ASK: price:98 quantity:501
13:00:19.447 [main] DEBUG c.service.MarketDataService - [ALGO] ASK: price:101 quantity:200
13:00:19.447 [main] DEBUG c.service.MarketDataService - [ALGO] ASK: price:110 quantity:5000
13:00:19.447 [main] DEBUG c.service.MarketDataService - [ALGO] ASK: price:119 quantity:5600
13:00:19.447 [main] DEBUG c.service.MarketDataService - [ALGO] ASK: price:123 quantity:453
13:00:19.447 [main] DEBUG c.service.MarketDataService - [ALGO] ASK: price:144 quantity:645
13:00:19.447 [main] DEBUG c.service.MarketDataService - [ALGO] ASK: price:167 quantity:665
13:00:19.447 [main] INFO  c.gettingstarted.MyAlgoLogic - [MYALGO] The state of the order book is:
|----BID-----||----ASK----|
    134 @ 43    501 @ 98
    145 @ 76   200 @ 101
    300 @ 91  5000 @ 110
    200 @ 93  5600 @ 119
    100 @ 95   453 @ 123
    154 @ 98   645 @ 144
          -    665 @ 167
|------------||-----------|

13:00:19.447 [main] INFO  c.gettingstarted.MyAlgoLogic - [MYALGO] Algo Sees Book as: 
|----BID-----||----ASK----|
    134 @ 43    501 @ 98
    145 @ 76   200 @ 101
    300 @ 91  5000 @ 110
    200 @ 93  5600 @ 119
    100 @ 95   453 @ 123
    154 @ 98   645 @ 144
          -    665 @ 167
|------------||-----------|

13:00:19.447 [main] INFO  c.gettingstarted.TimedLogic - [TIMEDLOGIC] Market is open
13:00:19.447 [main] INFO  c.sequencer.consumer.LoggingConsumer - [83] 
|----BID-----|
    134 @ 43
    145 @ 76
    300 @ 91
    200 @ 93
    100 @ 95
    154 @ 98
|----ASK-----|
    501 @ 98
   200 @ 101
  5000 @ 110
  5600 @ 119
   453 @ 123
   645 @ 144
   665 @ 167

13:00:19.447 [main] INFO  c.orderbook.OrderBook - [ORDERBOOK] Processing Mkt Data Update
13:00:19.447 [main] INFO  c.o.v.MutatingRemoveAllMarketDataOrdersVisitor - [ORDERBOOK] Removing market data order:MktData(price=43,quantity=134)
13:00:19.447 [main] DEBUG c.orderbook.OrderBook - [ORDERBOOK] ASK: Adding orderMktData(price=43,quantity=134)
13:00:19.447 [main] INFO  c.o.visitor.MutatingAddOrderVisitor - [ORDERBOOK] + Limit(side=BUY,orderId=16,price=43,quantity=2195456)
13:00:19.447 [main] DEBUG c.orderbook.OrderBook - [ORDERBOOK] ASK: Adding orderMktData(price=76,quantity=145)
13:00:19.447 [main] DEBUG c.orderbook.OrderBook - [ORDERBOOK] ASK: Adding orderMktData(price=91,quantity=300)
13:00:19.447 [main] DEBUG c.orderbook.OrderBook - [ORDERBOOK] ASK: Adding orderMktData(price=93,quantity=200)
13:00:19.447 [main] DEBUG c.orderbook.OrderBook - [ORDERBOOK] ASK: Adding orderMktData(price=95,quantity=100)
13:00:19.447 [main] DEBUG c.orderbook.OrderBook - [ORDERBOOK] ASK: Adding orderMktData(price=98,quantity=154)
13:00:19.447 [main] INFO  c.o.v.MutatingMatchOneMarketDataOrderVisitor - [ORDERBOOK] visiting LevelOrderBookLevel(price=43,quantity=4257850)
13:00:19.447 [main] INFO  c.o.v.MutatingMatchOneMarketDataOrderVisitor - [ORDERBOOK] Can't match order:Limit(side=BUY,orderId=3,price=43,quantity=268)(MktData(price=98,quantity=154))
13:00:19.447 [main] INFO  c.o.v.MutatingMatchOneMarketDataOrderVisitor - [ORDERBOOK] Can't match order:Limit(side=BUY,orderId=5,price=43,quantity=1072)(MktData(price=98,quantity=154))
13:00:19.447 [main] INFO  c.o.v.MutatingMatchOneMarketDataOrderVisitor - [ORDERBOOK] Can't match order:Limit(side=BUY,orderId=7,price=43,quantity=4288)(MktData(price=98,quantity=154))
13:00:19.447 [main] INFO  c.o.v.MutatingMatchOneMarketDataOrderVisitor - [ORDERBOOK] Can't match order:Limit(side=BUY,orderId=9,price=43,quantity=17152)(MktData(price=98,quantity=154))
13:00:19.447 [main] INFO  c.o.v.MutatingMatchOneMarketDataOrderVisitor - [ORDERBOOK] Can't match order:Limit(side=BUY,orderId=11,price=43,quantity=68608)(MktData(price=98,quantity=154))
13:00:19.447 [main] INFO  c.o.v.MutatingMatchOneMarketDataOrderVisitor - [ORDERBOOK] Can't match order:Limit(side=BUY,orderId=12,price=43,quantity=137216)(MktData(price=98,quantity=154))
13:00:19.447 [main] INFO  c.o.v.MutatingMatchOneMarketDataOrderVisitor - [ORDERBOOK] Can't match order:Limit(side=BUY,orderId=13,price=43,quantity=274432)(MktData(price=98,quantity=154))
13:00:19.447 [main] INFO  c.o.v.MutatingMatchOneMarketDataOrderVisitor - [ORDERBOOK] Can't match order:Limit(side=BUY,orderId=14,price=43,quantity=548864)(MktData(price=98,quantity=154))
13:00:19.447 [main] INFO  c.o.v.MutatingMatchOneMarketDataOrderVisitor - [ORDERBOOK] Can't match order:Limit(side=BUY,orderId=15,price=43,quantity=1097728)(MktData(price=98,quantity=154))
13:00:19.447 [main] INFO  c.o.v.MutatingMatchOneMarketDataOrderVisitor - [ORDERBOOK] Can't match order:Limit(side=BUY,orderId=16,price=43,quantity=2195456)(MktData(price=98,quantity=154))
13:00:19.447 [main] INFO  c.o.v.MutatingMatchOneMarketDataOrderVisitor - [ORDERBOOK] Can't match order:MktData(price=43,quantity=134)(MktData(price=98,quantity=154))
13:00:19.447 [main] INFO  c.o.v.MutatingRemoveAllMarketDataOrdersVisitor - [ORDERBOOK] Removing market data order:MktData(price=98,quantity=501)
13:00:19.447 [main] INFO  c.o.v.MutatingRemoveAllMarketDataOrdersVisitor - [ORDERBOOK] Removing market data order:MktData(price=110,quantity=5000)
13:00:19.447 [main] INFO  c.o.v.MutatingRemoveAllMarketDataOrdersVisitor - [ORDERBOOK] Removing market data order:MktData(price=123,quantity=453)
13:00:19.447 [main] INFO  c.o.v.MutatingRemoveAllMarketDataOrdersVisitor - [ORDERBOOK] Removing market data order:MktData(price=167,quantity=665)
13:00:19.447 [main] DEBUG c.orderbook.OrderBook - [ORDERBOOK] ASK: Adding orderMktData(price=98,quantity=501)
13:00:19.447 [main] INFO  c.o.visitor.MutatingAddOrderVisitor - [ORDERBOOK] + Limit(side=SELL,orderId=17,price=98,quantity=501)
13:00:19.447 [main] DEBUG c.orderbook.OrderBook - [ORDERBOOK] ASK: Adding orderMktData(price=101,quantity=200)
13:00:19.447 [main] DEBUG c.orderbook.OrderBook - [ORDERBOOK] ASK: Adding orderMktData(price=110,quantity=5000)
13:00:19.447 [main] DEBUG c.orderbook.OrderBook - [ORDERBOOK] ASK: Adding orderMktData(price=119,quantity=5600)
13:00:19.447 [main] DEBUG c.orderbook.OrderBook - [ORDERBOOK] ASK: Adding orderMktData(price=123,quantity=453)
13:00:19.447 [main] DEBUG c.orderbook.OrderBook - [ORDERBOOK] ASK: Adding orderMktData(price=144,quantity=645)
13:00:19.447 [main] DEBUG c.orderbook.OrderBook - [ORDERBOOK] ASK: Adding orderMktData(price=167,quantity=665)
13:00:19.447 [main] DEBUG c.service.MarketDataService - [ALGO] BID: price:43 quantity:134
13:00:19.447 [main] DEBUG c.service.MarketDataService - [ALGO] BID: price:76 quantity:145
13:00:19.447 [main] DEBUG c.service.MarketDataService - [ALGO] BID: price:91 quantity:300
13:00:19.447 [main] DEBUG c.service.MarketDataService - [ALGO] BID: price:93 quantity:200
13:00:19.447 [main] DEBUG c.service.MarketDataService - [ALGO] BID: price:95 quantity:100
13:00:19.447 [main] DEBUG c.service.MarketDataService - [ALGO] BID: price:98 quantity:154
13:00:19.447 [main] DEBUG c.service.MarketDataService - [ALGO] ASK: price:98 quantity:501
13:00:19.447 [main] DEBUG c.service.MarketDataService - [ALGO] ASK: price:101 quantity:200
13:00:19.447 [main] DEBUG c.service.MarketDataService - [ALGO] ASK: price:110 quantity:5000
13:00:19.447 [main] DEBUG c.service.MarketDataService - [ALGO] ASK: price:119 quantity:5600
13:00:19.447 [main] DEBUG c.service.MarketDataService - [ALGO] ASK: price:123 quantity:453
13:00:19.447 [main] DEBUG c.service.MarketDataService - [ALGO] ASK: price:144 quantity:645
13:00:19.447 [main] DEBUG c.service.MarketDataService - [ALGO] ASK: price:167 quantity:665
13:00:19.447 [main] INFO  c.gettingstarted.MyAlgoLogic - [MYALGO] The state of the order book is:
|----BID-----||----ASK----|
    134 @ 43    501 @ 98
    145 @ 76   200 @ 101
    300 @ 91  5000 @ 110
    200 @ 93  5600 @ 119
    100 @ 95   453 @ 123
    154 @ 98   645 @ 144
          -    665 @ 167
|------------||-----------|

13:00:19.447 [main] INFO  c.gettingstarted.MyAlgoLogic - [MYALGO] Algo Sees Book as: 
|----BID-----||----ASK----|
    134 @ 43    501 @ 98
    145 @ 76   200 @ 101
    300 @ 91  5000 @ 110
    200 @ 93  5600 @ 119
    100 @ 95   453 @ 123
    154 @ 98   645 @ 144
          -    665 @ 167
|------------||-----------|

13:00:19.447 [main] INFO  c.gettingstarted.TimedLogic - [TIMEDLOGIC] Market is open
13:00:19.447 [main] INFO  c.sequencer.consumer.LoggingConsumer - [84] 
|----BID-----|
    134 @ 43
    145 @ 76
    300 @ 91
    200 @ 93
    100 @ 95
    154 @ 98
|----ASK-----|
    501 @ 98
   200 @ 101
  5000 @ 110
  5600 @ 119
   453 @ 123
   645 @ 144
   665 @ 167

13:00:19.447 [main] INFO  c.orderbook.OrderBook - [ORDERBOOK] Processing Mkt Data Update
13:00:19.447 [main] INFO  c.o.v.MutatingRemoveAllMarketDataOrdersVisitor - [ORDERBOOK] Removing market data order:MktData(price=43,quantity=134)
13:00:19.447 [main] DEBUG c.orderbook.OrderBook - [ORDERBOOK] ASK: Adding orderMktData(price=43,quantity=134)
13:00:19.447 [main] INFO  c.o.visitor.MutatingAddOrderVisitor - [ORDERBOOK] + Limit(side=BUY,orderId=16,price=43,quantity=2195456)
13:00:19.447 [main] DEBUG c.orderbook.OrderBook - [ORDERBOOK] ASK: Adding orderMktData(price=76,quantity=145)
13:00:19.447 [main] DEBUG c.orderbook.OrderBook - [ORDERBOOK] ASK: Adding orderMktData(price=91,quantity=300)
13:00:19.447 [main] DEBUG c.orderbook.OrderBook - [ORDERBOOK] ASK: Adding orderMktData(price=93,quantity=200)
13:00:19.447 [main] DEBUG c.orderbook.OrderBook - [ORDERBOOK] ASK: Adding orderMktData(price=95,quantity=100)
13:00:19.447 [main] DEBUG c.orderbook.OrderBook - [ORDERBOOK] ASK: Adding orderMktData(price=98,quantity=154)
13:00:19.447 [main] INFO  c.o.v.MutatingMatchOneMarketDataOrderVisitor - [ORDERBOOK] visiting LevelOrderBookLevel(price=43,quantity=4257984)
13:00:19.447 [main] INFO  c.o.v.MutatingMatchOneMarketDataOrderVisitor - [ORDERBOOK] Can't match order:Limit(side=BUY,orderId=3,price=43,quantity=268)(MktData(price=98,quantity=154))
13:00:19.447 [main] INFO  c.o.v.MutatingMatchOneMarketDataOrderVisitor - [ORDERBOOK] Can't match order:Limit(side=BUY,orderId=5,price=43,quantity=1072)(MktData(price=98,quantity=154))
13:00:19.447 [main] INFO  c.o.v.MutatingMatchOneMarketDataOrderVisitor - [ORDERBOOK] Can't match order:Limit(side=BUY,orderId=7,price=43,quantity=4288)(MktData(price=98,quantity=154))
13:00:19.447 [main] INFO  c.o.v.MutatingMatchOneMarketDataOrderVisitor - [ORDERBOOK] Can't match order:Limit(side=BUY,orderId=9,price=43,quantity=17152)(MktData(price=98,quantity=154))
13:00:19.447 [main] INFO  c.o.v.MutatingMatchOneMarketDataOrderVisitor - [ORDERBOOK] Can't match order:Limit(side=BUY,orderId=11,price=43,quantity=68608)(MktData(price=98,quantity=154))
13:00:19.447 [main] INFO  c.o.v.MutatingMatchOneMarketDataOrderVisitor - [ORDERBOOK] Can't match order:Limit(side=BUY,orderId=12,price=43,quantity=137216)(MktData(price=98,quantity=154))
13:00:19.447 [main] INFO  c.o.v.MutatingMatchOneMarketDataOrderVisitor - [ORDERBOOK] Can't match order:Limit(side=BUY,orderId=13,price=43,quantity=274432)(MktData(price=98,quantity=154))
13:00:19.447 [main] INFO  c.o.v.MutatingMatchOneMarketDataOrderVisitor - [ORDERBOOK] Can't match order:Limit(side=BUY,orderId=14,price=43,quantity=548864)(MktData(price=98,quantity=154))
13:00:19.447 [main] INFO  c.o.v.MutatingMatchOneMarketDataOrderVisitor - [ORDERBOOK] Can't match order:Limit(side=BUY,orderId=15,price=43,quantity=1097728)(MktData(price=98,quantity=154))
13:00:19.447 [main] INFO  c.o.v.MutatingMatchOneMarketDataOrderVisitor - [ORDERBOOK] Can't match order:Limit(side=BUY,orderId=16,price=43,quantity=2195456)(MktData(price=98,quantity=154))
13:00:19.447 [main] INFO  c.o.v.MutatingMatchOneMarketDataOrderVisitor - [ORDERBOOK] Can't match order:MktData(price=43,quantity=134)(MktData(price=98,quantity=154))
13:00:19.447 [main] INFO  c.o.v.MutatingRemoveAllMarketDataOrdersVisitor - [ORDERBOOK] Removing market data order:MktData(price=98,quantity=501)
13:00:19.447 [main] INFO  c.o.v.MutatingRemoveAllMarketDataOrdersVisitor - [ORDERBOOK] Removing market data order:MktData(price=110,quantity=5000)
13:00:19.447 [main] INFO  c.o.v.MutatingRemoveAllMarketDataOrdersVisitor - [ORDERBOOK] Removing market data order:MktData(price=123,quantity=453)
13:00:19.447 [main] INFO  c.o.v.MutatingRemoveAllMarketDataOrdersVisitor - [ORDERBOOK] Removing market data order:MktData(price=167,quantity=665)
13:00:19.447 [main] DEBUG c.orderbook.OrderBook - [ORDERBOOK] ASK: Adding orderMktData(price=98,quantity=501)
13:00:19.447 [main] INFO  c.o.visitor.MutatingAddOrderVisitor - [ORDERBOOK] + Limit(side=SELL,orderId=17,price=98,quantity=501)
13:00:19.447 [main] DEBUG c.orderbook.OrderBook - [ORDERBOOK] ASK: Adding orderMktData(price=101,quantity=200)
13:00:19.447 [main] DEBUG c.orderbook.OrderBook - [ORDERBOOK] ASK: Adding orderMktData(price=110,quantity=5000)
13:00:19.447 [main] DEBUG c.orderbook.OrderBook - [ORDERBOOK] ASK: Adding orderMktData(price=119,quantity=5600)
13:00:19.447 [main] DEBUG c.orderbook.OrderBook - [ORDERBOOK] ASK: Adding orderMktData(price=123,quantity=453)
13:00:19.447 [main] DEBUG c.orderbook.OrderBook - [ORDERBOOK] ASK: Adding orderMktData(price=144,quantity=645)
13:00:19.447 [main] DEBUG c.orderbook.OrderBook - [ORDERBOOK] ASK: Adding orderMktData(price=167,quantity=665)
13:00:19.447 [main] DEBUG c.service.MarketDataService - [ALGO] BID: price:43 quantity:134
13:00:19.447 [main] DEBUG c.service.MarketDataService - [ALGO] BID: price:76 quantity:145
13:00:19.447 [main] DEBUG c.service.MarketDataService - [ALGO] BID: price:91 quantity:300
13:00:19.447 [main] DEBUG c.service.MarketDataService - [ALGO] BID: price:93 quantity:200
13:00:19.447 [main] DEBUG c.service.MarketDataService - [ALGO] BID: price:95 quantity:100
13:00:19.447 [main] DEBUG c.service.MarketDataService - [ALGO] BID: price:98 quantity:154
13:00:19.447 [main] DEBUG c.service.MarketDataService - [ALGO] ASK: price:98 quantity:501
13:00:19.447 [main] DEBUG c.service.MarketDataService - [ALGO] ASK: price:101 quantity:200
13:00:19.447 [main] DEBUG c.service.MarketDataService - [ALGO] ASK: price:110 quantity:5000
13:00:19.447 [main] DEBUG c.service.MarketDataService - [ALGO] ASK: price:119 quantity:5600
13:00:19.447 [main] DEBUG c.service.MarketDataService - [ALGO] ASK: price:123 quantity:453
13:00:19.447 [main] DEBUG c.service.MarketDataService - [ALGO] ASK: price:144 quantity:645
13:00:19.447 [main] DEBUG c.service.MarketDataService - [ALGO] ASK: price:167 quantity:665
13:00:19.447 [main] INFO  c.gettingstarted.MyAlgoLogic - [MYALGO] The state of the order book is:
|----BID-----||----ASK----|
    134 @ 43    501 @ 98
    145 @ 76   200 @ 101
    300 @ 91  5000 @ 110
    200 @ 93  5600 @ 119
    100 @ 95   453 @ 123
    154 @ 98   645 @ 144
          -    665 @ 167
|------------||-----------|

13:00:19.447 [main] INFO  c.gettingstarted.MyAlgoLogic - [MYALGO] Algo Sees Book as: 
|----BID-----||----ASK----|
    134 @ 43    501 @ 98
    145 @ 76   200 @ 101
    300 @ 91  5000 @ 110
    200 @ 93  5600 @ 119
    100 @ 95   453 @ 123
    154 @ 98   645 @ 144
          -    665 @ 167
|------------||-----------|

13:00:19.447 [main] INFO  c.gettingstarted.TimedLogic - [TIMEDLOGIC] Market is open
13:00:19.447 [main] INFO  c.sequencer.consumer.LoggingConsumer - [85] 
|----BID-----|
    134 @ 43
    145 @ 76
    300 @ 91
    200 @ 93
    100 @ 95
    154 @ 98
|----ASK-----|
    501 @ 98
   200 @ 101
  5000 @ 110
  5600 @ 119
   453 @ 123
   645 @ 144
   665 @ 167

13:00:19.447 [main] INFO  c.orderbook.OrderBook - [ORDERBOOK] Processing Mkt Data Update
13:00:19.447 [main] INFO  c.o.v.MutatingRemoveAllMarketDataOrdersVisitor - [ORDERBOOK] Removing market data order:MktData(price=43,quantity=134)
13:00:19.447 [main] DEBUG c.orderbook.OrderBook - [ORDERBOOK] ASK: Adding orderMktData(price=43,quantity=134)
13:00:19.447 [main] INFO  c.o.visitor.MutatingAddOrderVisitor - [ORDERBOOK] + Limit(side=BUY,orderId=16,price=43,quantity=2195456)
13:00:19.447 [main] DEBUG c.orderbook.OrderBook - [ORDERBOOK] ASK: Adding orderMktData(price=76,quantity=145)
13:00:19.447 [main] DEBUG c.orderbook.OrderBook - [ORDERBOOK] ASK: Adding orderMktData(price=91,quantity=300)
13:00:19.447 [main] DEBUG c.orderbook.OrderBook - [ORDERBOOK] ASK: Adding orderMktData(price=93,quantity=200)
13:00:19.447 [main] DEBUG c.orderbook.OrderBook - [ORDERBOOK] ASK: Adding orderMktData(price=95,quantity=100)
13:00:19.447 [main] DEBUG c.orderbook.OrderBook - [ORDERBOOK] ASK: Adding orderMktData(price=98,quantity=154)
13:00:19.447 [main] INFO  c.o.v.MutatingMatchOneMarketDataOrderVisitor - [ORDERBOOK] visiting LevelOrderBookLevel(price=43,quantity=4258118)
13:00:19.447 [main] INFO  c.o.v.MutatingMatchOneMarketDataOrderVisitor - [ORDERBOOK] Can't match order:Limit(side=BUY,orderId=3,price=43,quantity=268)(MktData(price=98,quantity=154))
13:00:19.447 [main] INFO  c.o.v.MutatingMatchOneMarketDataOrderVisitor - [ORDERBOOK] Can't match order:Limit(side=BUY,orderId=5,price=43,quantity=1072)(MktData(price=98,quantity=154))
13:00:19.447 [main] INFO  c.o.v.MutatingMatchOneMarketDataOrderVisitor - [ORDERBOOK] Can't match order:Limit(side=BUY,orderId=7,price=43,quantity=4288)(MktData(price=98,quantity=154))
13:00:19.447 [main] INFO  c.o.v.MutatingMatchOneMarketDataOrderVisitor - [ORDERBOOK] Can't match order:Limit(side=BUY,orderId=9,price=43,quantity=17152)(MktData(price=98,quantity=154))
13:00:19.447 [main] INFO  c.o.v.MutatingMatchOneMarketDataOrderVisitor - [ORDERBOOK] Can't match order:Limit(side=BUY,orderId=11,price=43,quantity=68608)(MktData(price=98,quantity=154))
13:00:19.447 [main] INFO  c.o.v.MutatingMatchOneMarketDataOrderVisitor - [ORDERBOOK] Can't match order:Limit(side=BUY,orderId=12,price=43,quantity=137216)(MktData(price=98,quantity=154))
13:00:19.447 [main] INFO  c.o.v.MutatingMatchOneMarketDataOrderVisitor - [ORDERBOOK] Can't match order:Limit(side=BUY,orderId=13,price=43,quantity=274432)(MktData(price=98,quantity=154))
13:00:19.447 [main] INFO  c.o.v.MutatingMatchOneMarketDataOrderVisitor - [ORDERBOOK] Can't match order:Limit(side=BUY,orderId=14,price=43,quantity=548864)(MktData(price=98,quantity=154))
13:00:19.447 [main] INFO  c.o.v.MutatingMatchOneMarketDataOrderVisitor - [ORDERBOOK] Can't match order:Limit(side=BUY,orderId=15,price=43,quantity=1097728)(MktData(price=98,quantity=154))
13:00:19.447 [main] INFO  c.o.v.MutatingMatchOneMarketDataOrderVisitor - [ORDERBOOK] Can't match order:Limit(side=BUY,orderId=16,price=43,quantity=2195456)(MktData(price=98,quantity=154))
13:00:19.447 [main] INFO  c.o.v.MutatingMatchOneMarketDataOrderVisitor - [ORDERBOOK] Can't match order:MktData(price=43,quantity=134)(MktData(price=98,quantity=154))
13:00:19.447 [main] INFO  c.o.v.MutatingRemoveAllMarketDataOrdersVisitor - [ORDERBOOK] Removing market data order:MktData(price=98,quantity=501)
13:00:19.447 [main] INFO  c.o.v.MutatingRemoveAllMarketDataOrdersVisitor - [ORDERBOOK] Removing market data order:MktData(price=110,quantity=5000)
13:00:19.447 [main] INFO  c.o.v.MutatingRemoveAllMarketDataOrdersVisitor - [ORDERBOOK] Removing market data order:MktData(price=123,quantity=453)
13:00:19.447 [main] INFO  c.o.v.MutatingRemoveAllMarketDataOrdersVisitor - [ORDERBOOK] Removing market data order:MktData(price=167,quantity=665)
13:00:19.447 [main] DEBUG c.orderbook.OrderBook - [ORDERBOOK] ASK: Adding orderMktData(price=98,quantity=501)
13:00:19.447 [main] INFO  c.o.visitor.MutatingAddOrderVisitor - [ORDERBOOK] + Limit(side=SELL,orderId=17,price=98,quantity=501)
13:00:19.447 [main] DEBUG c.orderbook.OrderBook - [ORDERBOOK] ASK: Adding orderMktData(price=101,quantity=200)
13:00:19.447 [main] DEBUG c.orderbook.OrderBook - [ORDERBOOK] ASK: Adding orderMktData(price=110,quantity=5000)
13:00:19.447 [main] DEBUG c.orderbook.OrderBook - [ORDERBOOK] ASK: Adding orderMktData(price=119,quantity=5600)
13:00:19.447 [main] DEBUG c.orderbook.OrderBook - [ORDERBOOK] ASK: Adding orderMktData(price=123,quantity=453)
13:00:19.447 [main] DEBUG c.orderbook.OrderBook - [ORDERBOOK] ASK: Adding orderMktData(price=144,quantity=645)
13:00:19.447 [main] DEBUG c.orderbook.OrderBook - [ORDERBOOK] ASK: Adding orderMktData(price=167,quantity=665)
13:00:19.447 [main] DEBUG c.service.MarketDataService - [ALGO] BID: price:43 quantity:134
13:00:19.447 [main] DEBUG c.service.MarketDataService - [ALGO] BID: price:76 quantity:145
13:00:19.447 [main] DEBUG c.service.MarketDataService - [ALGO] BID: price:91 quantity:300
13:00:19.447 [main] DEBUG c.service.MarketDataService - [ALGO] BID: price:93 quantity:200
13:00:19.447 [main] DEBUG c.service.MarketDataService - [ALGO] BID: price:95 quantity:100
13:00:19.447 [main] DEBUG c.service.MarketDataService - [ALGO] BID: price:98 quantity:154
13:00:19.447 [main] DEBUG c.service.MarketDataService - [ALGO] ASK: price:98 quantity:501
13:00:19.447 [main] DEBUG c.service.MarketDataService - [ALGO] ASK: price:101 quantity:200
13:00:19.447 [main] DEBUG c.service.MarketDataService - [ALGO] ASK: price:110 quantity:5000
13:00:19.447 [main] DEBUG c.service.MarketDataService - [ALGO] ASK: price:119 quantity:5600
13:00:19.447 [main] DEBUG c.service.MarketDataService - [ALGO] ASK: price:123 quantity:453
13:00:19.447 [main] DEBUG c.service.MarketDataService - [ALGO] ASK: price:144 quantity:645
13:00:19.447 [main] DEBUG c.service.MarketDataService - [ALGO] ASK: price:167 quantity:665
13:00:19.447 [main] INFO  c.gettingstarted.MyAlgoLogic - [MYALGO] The state of the order book is:
|----BID-----||----ASK----|
    134 @ 43    501 @ 98
    145 @ 76   200 @ 101
    300 @ 91  5000 @ 110
    200 @ 93  5600 @ 119
    100 @ 95   453 @ 123
    154 @ 98   645 @ 144
          -    665 @ 167
|------------||-----------|

13:00:19.447 [main] INFO  c.gettingstarted.MyAlgoLogic - [MYALGO] Algo Sees Book as: 
|----BID-----||----ASK----|
    134 @ 43    501 @ 98
    145 @ 76   200 @ 101
    300 @ 91  5000 @ 110
    200 @ 93  5600 @ 119
    100 @ 95   453 @ 123
    154 @ 98   645 @ 144
          -    665 @ 167
|------------||-----------|

13:00:19.447 [main] INFO  c.gettingstarted.TimedLogic - [TIMEDLOGIC] Market is open
13:00:19.447 [main] INFO  c.sequencer.consumer.LoggingConsumer - [86] 
|----BID-----|
    134 @ 43
    145 @ 76
    300 @ 91
    200 @ 93
    100 @ 95
    154 @ 98
|----ASK-----|
    501 @ 98
   200 @ 101
  5000 @ 110
  5600 @ 119
   453 @ 123
   645 @ 144
   665 @ 167

13:00:19.447 [main] INFO  c.orderbook.OrderBook - [ORDERBOOK] Processing Mkt Data Update
13:00:19.447 [main] INFO  c.o.v.MutatingRemoveAllMarketDataOrdersVisitor - [ORDERBOOK] Removing market data order:MktData(price=43,quantity=134)
13:00:19.447 [main] DEBUG c.orderbook.OrderBook - [ORDERBOOK] ASK: Adding orderMktData(price=43,quantity=134)
13:00:19.447 [main] INFO  c.o.visitor.MutatingAddOrderVisitor - [ORDERBOOK] + Limit(side=BUY,orderId=16,price=43,quantity=2195456)
13:00:19.447 [main] DEBUG c.orderbook.OrderBook - [ORDERBOOK] ASK: Adding orderMktData(price=76,quantity=145)
13:00:19.447 [main] DEBUG c.orderbook.OrderBook - [ORDERBOOK] ASK: Adding orderMktData(price=91,quantity=300)
13:00:19.447 [main] DEBUG c.orderbook.OrderBook - [ORDERBOOK] ASK: Adding orderMktData(price=93,quantity=200)
13:00:19.447 [main] DEBUG c.orderbook.OrderBook - [ORDERBOOK] ASK: Adding orderMktData(price=95,quantity=100)
13:00:19.447 [main] DEBUG c.orderbook.OrderBook - [ORDERBOOK] ASK: Adding orderMktData(price=98,quantity=154)
13:00:19.447 [main] INFO  c.o.v.MutatingMatchOneMarketDataOrderVisitor - [ORDERBOOK] visiting LevelOrderBookLevel(price=43,quantity=4258252)
13:00:19.447 [main] INFO  c.o.v.MutatingMatchOneMarketDataOrderVisitor - [ORDERBOOK] Can't match order:Limit(side=BUY,orderId=3,price=43,quantity=268)(MktData(price=98,quantity=154))
13:00:19.447 [main] INFO  c.o.v.MutatingMatchOneMarketDataOrderVisitor - [ORDERBOOK] Can't match order:Limit(side=BUY,orderId=5,price=43,quantity=1072)(MktData(price=98,quantity=154))
13:00:19.447 [main] INFO  c.o.v.MutatingMatchOneMarketDataOrderVisitor - [ORDERBOOK] Can't match order:Limit(side=BUY,orderId=7,price=43,quantity=4288)(MktData(price=98,quantity=154))
13:00:19.447 [main] INFO  c.o.v.MutatingMatchOneMarketDataOrderVisitor - [ORDERBOOK] Can't match order:Limit(side=BUY,orderId=9,price=43,quantity=17152)(MktData(price=98,quantity=154))
13:00:19.447 [main] INFO  c.o.v.MutatingMatchOneMarketDataOrderVisitor - [ORDERBOOK] Can't match order:Limit(side=BUY,orderId=11,price=43,quantity=68608)(MktData(price=98,quantity=154))
13:00:19.447 [main] INFO  c.o.v.MutatingMatchOneMarketDataOrderVisitor - [ORDERBOOK] Can't match order:Limit(side=BUY,orderId=12,price=43,quantity=137216)(MktData(price=98,quantity=154))
13:00:19.447 [main] INFO  c.o.v.MutatingMatchOneMarketDataOrderVisitor - [ORDERBOOK] Can't match order:Limit(side=BUY,orderId=13,price=43,quantity=274432)(MktData(price=98,quantity=154))
13:00:19.447 [main] INFO  c.o.v.MutatingMatchOneMarketDataOrderVisitor - [ORDERBOOK] Can't match order:Limit(side=BUY,orderId=14,price=43,quantity=548864)(MktData(price=98,quantity=154))
13:00:19.447 [main] INFO  c.o.v.MutatingMatchOneMarketDataOrderVisitor - [ORDERBOOK] Can't match order:Limit(side=BUY,orderId=15,price=43,quantity=1097728)(MktData(price=98,quantity=154))
13:00:19.447 [main] INFO  c.o.v.MutatingMatchOneMarketDataOrderVisitor - [ORDERBOOK] Can't match order:Limit(side=BUY,orderId=16,price=43,quantity=2195456)(MktData(price=98,quantity=154))
13:00:19.447 [main] INFO  c.o.v.MutatingMatchOneMarketDataOrderVisitor - [ORDERBOOK] Can't match order:MktData(price=43,quantity=134)(MktData(price=98,quantity=154))
13:00:19.447 [main] INFO  c.o.v.MutatingRemoveAllMarketDataOrdersVisitor - [ORDERBOOK] Removing market data order:MktData(price=98,quantity=501)
13:00:19.447 [main] INFO  c.o.v.MutatingRemoveAllMarketDataOrdersVisitor - [ORDERBOOK] Removing market data order:MktData(price=110,quantity=5000)
13:00:19.447 [main] INFO  c.o.v.MutatingRemoveAllMarketDataOrdersVisitor - [ORDERBOOK] Removing market data order:MktData(price=123,quantity=453)
13:00:19.447 [main] INFO  c.o.v.MutatingRemoveAllMarketDataOrdersVisitor - [ORDERBOOK] Removing market data order:MktData(price=167,quantity=665)
13:00:19.447 [main] DEBUG c.orderbook.OrderBook - [ORDERBOOK] ASK: Adding orderMktData(price=98,quantity=501)
13:00:19.447 [main] INFO  c.o.visitor.MutatingAddOrderVisitor - [ORDERBOOK] + Limit(side=SELL,orderId=17,price=98,quantity=501)
13:00:19.447 [main] DEBUG c.orderbook.OrderBook - [ORDERBOOK] ASK: Adding orderMktData(price=101,quantity=200)
13:00:19.447 [main] DEBUG c.orderbook.OrderBook - [ORDERBOOK] ASK: Adding orderMktData(price=110,quantity=5000)
13:00:19.447 [main] DEBUG c.orderbook.OrderBook - [ORDERBOOK] ASK: Adding orderMktData(price=119,quantity=5600)
13:00:19.447 [main] DEBUG c.orderbook.OrderBook - [ORDERBOOK] ASK: Adding orderMktData(price=123,quantity=453)
13:00:19.447 [main] DEBUG c.orderbook.OrderBook - [ORDERBOOK] ASK: Adding orderMktData(price=144,quantity=645)
13:00:19.447 [main] DEBUG c.orderbook.OrderBook - [ORDERBOOK] ASK: Adding orderMktData(price=167,quantity=665)
13:00:19.447 [main] DEBUG c.service.MarketDataService - [ALGO] BID: price:43 quantity:134
13:00:19.447 [main] DEBUG c.service.MarketDataService - [ALGO] BID: price:76 quantity:145
13:00:19.447 [main] DEBUG c.service.MarketDataService - [ALGO] BID: price:91 quantity:300
13:00:19.447 [main] DEBUG c.service.MarketDataService - [ALGO] BID: price:93 quantity:200
13:00:19.447 [main] DEBUG c.service.MarketDataService - [ALGO] BID: price:95 quantity:100
13:00:19.447 [main] DEBUG c.service.MarketDataService - [ALGO] BID: price:98 quantity:154
13:00:19.447 [main] DEBUG c.service.MarketDataService - [ALGO] ASK: price:98 quantity:501
13:00:19.447 [main] DEBUG c.service.MarketDataService - [ALGO] ASK: price:101 quantity:200
13:00:19.447 [main] DEBUG c.service.MarketDataService - [ALGO] ASK: price:110 quantity:5000
13:00:19.447 [main] DEBUG c.service.MarketDataService - [ALGO] ASK: price:119 quantity:5600
13:00:19.447 [main] DEBUG c.service.MarketDataService - [ALGO] ASK: price:123 quantity:453
13:00:19.447 [main] DEBUG c.service.MarketDataService - [ALGO] ASK: price:144 quantity:645
13:00:19.447 [main] DEBUG c.service.MarketDataService - [ALGO] ASK: price:167 quantity:665
13:00:19.447 [main] INFO  c.gettingstarted.MyAlgoLogic - [MYALGO] The state of the order book is:
|----BID-----||----ASK----|
    134 @ 43    501 @ 98
    145 @ 76   200 @ 101
    300 @ 91  5000 @ 110
    200 @ 93  5600 @ 119
    100 @ 95   453 @ 123
    154 @ 98   645 @ 144
          -    665 @ 167
|------------||-----------|

13:00:19.447 [main] INFO  c.gettingstarted.MyAlgoLogic - [MYALGO] Algo Sees Book as: 
|----BID-----||----ASK----|
    134 @ 43    501 @ 98
    145 @ 76   200 @ 101
    300 @ 91  5000 @ 110
    200 @ 93  5600 @ 119
    100 @ 95   453 @ 123
    154 @ 98   645 @ 144
          -    665 @ 167
|------------||-----------|

13:00:19.447 [main] INFO  c.gettingstarted.TimedLogic - [TIMEDLOGIC] Market is open
13:00:19.447 [main] INFO  c.sequencer.consumer.LoggingConsumer - [87] 
|----BID-----|
    134 @ 43
    145 @ 76
    300 @ 91
    200 @ 93
    100 @ 95
    154 @ 98
|----ASK-----|
    501 @ 98
   200 @ 101
  5000 @ 110
  5600 @ 119
   453 @ 123
   645 @ 144
   665 @ 167

13:00:19.447 [main] INFO  c.orderbook.OrderBook - [ORDERBOOK] Processing Mkt Data Update
13:00:19.447 [main] INFO  c.o.v.MutatingRemoveAllMarketDataOrdersVisitor - [ORDERBOOK] Removing market data order:MktData(price=43,quantity=134)
13:00:19.447 [main] DEBUG c.orderbook.OrderBook - [ORDERBOOK] ASK: Adding orderMktData(price=43,quantity=134)
13:00:19.447 [main] INFO  c.o.visitor.MutatingAddOrderVisitor - [ORDERBOOK] + Limit(side=BUY,orderId=16,price=43,quantity=2195456)
13:00:19.447 [main] DEBUG c.orderbook.OrderBook - [ORDERBOOK] ASK: Adding orderMktData(price=76,quantity=145)
13:00:19.447 [main] DEBUG c.orderbook.OrderBook - [ORDERBOOK] ASK: Adding orderMktData(price=91,quantity=300)
13:00:19.447 [main] DEBUG c.orderbook.OrderBook - [ORDERBOOK] ASK: Adding orderMktData(price=93,quantity=200)
13:00:19.447 [main] DEBUG c.orderbook.OrderBook - [ORDERBOOK] ASK: Adding orderMktData(price=95,quantity=100)
13:00:19.447 [main] DEBUG c.orderbook.OrderBook - [ORDERBOOK] ASK: Adding orderMktData(price=98,quantity=154)
13:00:19.447 [main] INFO  c.o.v.MutatingMatchOneMarketDataOrderVisitor - [ORDERBOOK] visiting LevelOrderBookLevel(price=43,quantity=4258386)
13:00:19.447 [main] INFO  c.o.v.MutatingMatchOneMarketDataOrderVisitor - [ORDERBOOK] Can't match order:Limit(side=BUY,orderId=3,price=43,quantity=268)(MktData(price=98,quantity=154))
13:00:19.447 [main] INFO  c.o.v.MutatingMatchOneMarketDataOrderVisitor - [ORDERBOOK] Can't match order:Limit(side=BUY,orderId=5,price=43,quantity=1072)(MktData(price=98,quantity=154))
13:00:19.447 [main] INFO  c.o.v.MutatingMatchOneMarketDataOrderVisitor - [ORDERBOOK] Can't match order:Limit(side=BUY,orderId=7,price=43,quantity=4288)(MktData(price=98,quantity=154))
13:00:19.447 [main] INFO  c.o.v.MutatingMatchOneMarketDataOrderVisitor - [ORDERBOOK] Can't match order:Limit(side=BUY,orderId=9,price=43,quantity=17152)(MktData(price=98,quantity=154))
13:00:19.447 [main] INFO  c.o.v.MutatingMatchOneMarketDataOrderVisitor - [ORDERBOOK] Can't match order:Limit(side=BUY,orderId=11,price=43,quantity=68608)(MktData(price=98,quantity=154))
13:00:19.447 [main] INFO  c.o.v.MutatingMatchOneMarketDataOrderVisitor - [ORDERBOOK] Can't match order:Limit(side=BUY,orderId=12,price=43,quantity=137216)(MktData(price=98,quantity=154))
13:00:19.447 [main] INFO  c.o.v.MutatingMatchOneMarketDataOrderVisitor - [ORDERBOOK] Can't match order:Limit(side=BUY,orderId=13,price=43,quantity=274432)(MktData(price=98,quantity=154))
13:00:19.447 [main] INFO  c.o.v.MutatingMatchOneMarketDataOrderVisitor - [ORDERBOOK] Can't match order:Limit(side=BUY,orderId=14,price=43,quantity=548864)(MktData(price=98,quantity=154))
13:00:19.447 [main] INFO  c.o.v.MutatingMatchOneMarketDataOrderVisitor - [ORDERBOOK] Can't match order:Limit(side=BUY,orderId=15,price=43,quantity=1097728)(MktData(price=98,quantity=154))
13:00:19.447 [main] INFO  c.o.v.MutatingMatchOneMarketDataOrderVisitor - [ORDERBOOK] Can't match order:Limit(side=BUY,orderId=16,price=43,quantity=2195456)(MktData(price=98,quantity=154))
13:00:19.447 [main] INFO  c.o.v.MutatingMatchOneMarketDataOrderVisitor - [ORDERBOOK] Can't match order:MktData(price=43,quantity=134)(MktData(price=98,quantity=154))
13:00:19.447 [main] INFO  c.o.v.MutatingRemoveAllMarketDataOrdersVisitor - [ORDERBOOK] Removing market data order:MktData(price=98,quantity=501)
13:00:19.447 [main] INFO  c.o.v.MutatingRemoveAllMarketDataOrdersVisitor - [ORDERBOOK] Removing market data order:MktData(price=110,quantity=5000)
13:00:19.447 [main] INFO  c.o.v.MutatingRemoveAllMarketDataOrdersVisitor - [ORDERBOOK] Removing market data order:MktData(price=123,quantity=453)
13:00:19.447 [main] INFO  c.o.v.MutatingRemoveAllMarketDataOrdersVisitor - [ORDERBOOK] Removing market data order:MktData(price=167,quantity=665)
13:00:19.447 [main] DEBUG c.orderbook.OrderBook - [ORDERBOOK] ASK: Adding orderMktData(price=98,quantity=501)
13:00:19.447 [main] INFO  c.o.visitor.MutatingAddOrderVisitor - [ORDERBOOK] + Limit(side=SELL,orderId=17,price=98,quantity=501)
13:00:19.447 [main] DEBUG c.orderbook.OrderBook - [ORDERBOOK] ASK: Adding orderMktData(price=101,quantity=200)
13:00:19.447 [main] DEBUG c.orderbook.OrderBook - [ORDERBOOK] ASK: Adding orderMktData(price=110,quantity=5000)
13:00:19.447 [main] DEBUG c.orderbook.OrderBook - [ORDERBOOK] ASK: Adding orderMktData(price=119,quantity=5600)
13:00:19.447 [main] DEBUG c.orderbook.OrderBook - [ORDERBOOK] ASK: Adding orderMktData(price=123,quantity=453)
13:00:19.447 [main] DEBUG c.orderbook.OrderBook - [ORDERBOOK] ASK: Adding orderMktData(price=144,quantity=645)
13:00:19.447 [main] DEBUG c.orderbook.OrderBook - [ORDERBOOK] ASK: Adding orderMktData(price=167,quantity=665)
13:00:19.447 [main] DEBUG c.service.MarketDataService - [ALGO] BID: price:43 quantity:134
13:00:19.447 [main] DEBUG c.service.MarketDataService - [ALGO] BID: price:76 quantity:145
13:00:19.447 [main] DEBUG c.service.MarketDataService - [ALGO] BID: price:91 quantity:300
13:00:19.447 [main] DEBUG c.service.MarketDataService - [ALGO] BID: price:93 quantity:200
13:00:19.447 [main] DEBUG c.service.MarketDataService - [ALGO] BID: price:95 quantity:100
13:00:19.447 [main] DEBUG c.service.MarketDataService - [ALGO] BID: price:98 quantity:154
13:00:19.447 [main] DEBUG c.service.MarketDataService - [ALGO] ASK: price:98 quantity:501
13:00:19.447 [main] DEBUG c.service.MarketDataService - [ALGO] ASK: price:101 quantity:200
13:00:19.447 [main] DEBUG c.service.MarketDataService - [ALGO] ASK: price:110 quantity:5000
13:00:19.447 [main] DEBUG c.service.MarketDataService - [ALGO] ASK: price:119 quantity:5600
13:00:19.447 [main] DEBUG c.service.MarketDataService - [ALGO] ASK: price:123 quantity:453
13:00:19.447 [main] DEBUG c.service.MarketDataService - [ALGO] ASK: price:144 quantity:645
13:00:19.447 [main] DEBUG c.service.MarketDataService - [ALGO] ASK: price:167 quantity:665
13:00:19.447 [main] INFO  c.gettingstarted.MyAlgoLogic - [MYALGO] The state of the order book is:
|----BID-----||----ASK----|
    134 @ 43    501 @ 98
    145 @ 76   200 @ 101
    300 @ 91  5000 @ 110
    200 @ 93  5600 @ 119
    100 @ 95   453 @ 123
    154 @ 98   645 @ 144
          -    665 @ 167
|------------||-----------|

13:00:19.447 [main] INFO  c.gettingstarted.MyAlgoLogic - [MYALGO] Algo Sees Book as: 
|----BID-----||----ASK----|
    134 @ 43    501 @ 98
    145 @ 76   200 @ 101
    300 @ 91  5000 @ 110
    200 @ 93  5600 @ 119
    100 @ 95   453 @ 123
    154 @ 98   645 @ 144
          -    665 @ 167
|------------||-----------|

13:00:19.447 [main] INFO  c.gettingstarted.TimedLogic - [TIMEDLOGIC] Market is open
13:00:19.447 [main] INFO  c.sequencer.consumer.LoggingConsumer - [88] 
|----BID-----|
    134 @ 43
    145 @ 76
    300 @ 91
    200 @ 93
    100 @ 95
    154 @ 98
|----ASK-----|
    501 @ 98
   200 @ 101
  5000 @ 110
  5600 @ 119
   453 @ 123
   645 @ 144
   665 @ 167

13:00:19.447 [main] INFO  c.orderbook.OrderBook - [ORDERBOOK] Processing Mkt Data Update
13:00:19.447 [main] INFO  c.o.v.MutatingRemoveAllMarketDataOrdersVisitor - [ORDERBOOK] Removing market data order:MktData(price=43,quantity=134)
13:00:19.447 [main] DEBUG c.orderbook.OrderBook - [ORDERBOOK] ASK: Adding orderMktData(price=43,quantity=134)
13:00:19.447 [main] INFO  c.o.visitor.MutatingAddOrderVisitor - [ORDERBOOK] + Limit(side=BUY,orderId=16,price=43,quantity=2195456)
13:00:19.447 [main] DEBUG c.orderbook.OrderBook - [ORDERBOOK] ASK: Adding orderMktData(price=76,quantity=145)
13:00:19.447 [main] DEBUG c.orderbook.OrderBook - [ORDERBOOK] ASK: Adding orderMktData(price=91,quantity=300)
13:00:19.447 [main] DEBUG c.orderbook.OrderBook - [ORDERBOOK] ASK: Adding orderMktData(price=93,quantity=200)
13:00:19.447 [main] DEBUG c.orderbook.OrderBook - [ORDERBOOK] ASK: Adding orderMktData(price=95,quantity=100)
13:00:19.447 [main] DEBUG c.orderbook.OrderBook - [ORDERBOOK] ASK: Adding orderMktData(price=98,quantity=154)
13:00:19.447 [main] INFO  c.o.v.MutatingMatchOneMarketDataOrderVisitor - [ORDERBOOK] visiting LevelOrderBookLevel(price=43,quantity=4258520)
13:00:19.447 [main] INFO  c.o.v.MutatingMatchOneMarketDataOrderVisitor - [ORDERBOOK] Can't match order:Limit(side=BUY,orderId=3,price=43,quantity=268)(MktData(price=98,quantity=154))
13:00:19.447 [main] INFO  c.o.v.MutatingMatchOneMarketDataOrderVisitor - [ORDERBOOK] Can't match order:Limit(side=BUY,orderId=5,price=43,quantity=1072)(MktData(price=98,quantity=154))
13:00:19.447 [main] INFO  c.o.v.MutatingMatchOneMarketDataOrderVisitor - [ORDERBOOK] Can't match order:Limit(side=BUY,orderId=7,price=43,quantity=4288)(MktData(price=98,quantity=154))
13:00:19.447 [main] INFO  c.o.v.MutatingMatchOneMarketDataOrderVisitor - [ORDERBOOK] Can't match order:Limit(side=BUY,orderId=9,price=43,quantity=17152)(MktData(price=98,quantity=154))
13:00:19.447 [main] INFO  c.o.v.MutatingMatchOneMarketDataOrderVisitor - [ORDERBOOK] Can't match order:Limit(side=BUY,orderId=11,price=43,quantity=68608)(MktData(price=98,quantity=154))
13:00:19.447 [main] INFO  c.o.v.MutatingMatchOneMarketDataOrderVisitor - [ORDERBOOK] Can't match order:Limit(side=BUY,orderId=12,price=43,quantity=137216)(MktData(price=98,quantity=154))
13:00:19.447 [main] INFO  c.o.v.MutatingMatchOneMarketDataOrderVisitor - [ORDERBOOK] Can't match order:Limit(side=BUY,orderId=13,price=43,quantity=274432)(MktData(price=98,quantity=154))
13:00:19.447 [main] INFO  c.o.v.MutatingMatchOneMarketDataOrderVisitor - [ORDERBOOK] Can't match order:Limit(side=BUY,orderId=14,price=43,quantity=548864)(MktData(price=98,quantity=154))
13:00:19.447 [main] INFO  c.o.v.MutatingMatchOneMarketDataOrderVisitor - [ORDERBOOK] Can't match order:Limit(side=BUY,orderId=15,price=43,quantity=1097728)(MktData(price=98,quantity=154))
13:00:19.447 [main] INFO  c.o.v.MutatingMatchOneMarketDataOrderVisitor - [ORDERBOOK] Can't match order:Limit(side=BUY,orderId=16,price=43,quantity=2195456)(MktData(price=98,quantity=154))
13:00:19.447 [main] INFO  c.o.v.MutatingMatchOneMarketDataOrderVisitor - [ORDERBOOK] Can't match order:MktData(price=43,quantity=134)(MktData(price=98,quantity=154))
13:00:19.447 [main] INFO  c.o.v.MutatingRemoveAllMarketDataOrdersVisitor - [ORDERBOOK] Removing market data order:MktData(price=98,quantity=501)
13:00:19.447 [main] INFO  c.o.v.MutatingRemoveAllMarketDataOrdersVisitor - [ORDERBOOK] Removing market data order:MktData(price=110,quantity=5000)
13:00:19.447 [main] INFO  c.o.v.MutatingRemoveAllMarketDataOrdersVisitor - [ORDERBOOK] Removing market data order:MktData(price=123,quantity=453)
13:00:19.447 [main] INFO  c.o.v.MutatingRemoveAllMarketDataOrdersVisitor - [ORDERBOOK] Removing market data order:MktData(price=167,quantity=665)
13:00:19.447 [main] DEBUG c.orderbook.OrderBook - [ORDERBOOK] ASK: Adding orderMktData(price=98,quantity=501)
13:00:19.447 [main] INFO  c.o.visitor.MutatingAddOrderVisitor - [ORDERBOOK] + Limit(side=SELL,orderId=17,price=98,quantity=501)
13:00:19.447 [main] DEBUG c.orderbook.OrderBook - [ORDERBOOK] ASK: Adding orderMktData(price=101,quantity=200)
13:00:19.447 [main] DEBUG c.orderbook.OrderBook - [ORDERBOOK] ASK: Adding orderMktData(price=110,quantity=5000)
13:00:19.447 [main] DEBUG c.orderbook.OrderBook - [ORDERBOOK] ASK: Adding orderMktData(price=119,quantity=5600)
13:00:19.447 [main] DEBUG c.orderbook.OrderBook - [ORDERBOOK] ASK: Adding orderMktData(price=123,quantity=453)
13:00:19.447 [main] DEBUG c.orderbook.OrderBook - [ORDERBOOK] ASK: Adding orderMktData(price=144,quantity=645)
13:00:19.447 [main] DEBUG c.orderbook.OrderBook - [ORDERBOOK] ASK: Adding orderMktData(price=167,quantity=665)
13:00:19.447 [main] DEBUG c.service.MarketDataService - [ALGO] BID: price:43 quantity:134
13:00:19.447 [main] DEBUG c.service.MarketDataService - [ALGO] BID: price:76 quantity:145
13:00:19.447 [main] DEBUG c.service.MarketDataService - [ALGO] BID: price:91 quantity:300
13:00:19.447 [main] DEBUG c.service.MarketDataService - [ALGO] BID: price:93 quantity:200
13:00:19.447 [main] DEBUG c.service.MarketDataService - [ALGO] BID: price:95 quantity:100
13:00:19.447 [main] DEBUG c.service.MarketDataService - [ALGO] BID: price:98 quantity:154
13:00:19.447 [main] DEBUG c.service.MarketDataService - [ALGO] ASK: price:98 quantity:501
13:00:19.447 [main] DEBUG c.service.MarketDataService - [ALGO] ASK: price:101 quantity:200
13:00:19.447 [main] DEBUG c.service.MarketDataService - [ALGO] ASK: price:110 quantity:5000
13:00:19.447 [main] DEBUG c.service.MarketDataService - [ALGO] ASK: price:119 quantity:5600
13:00:19.447 [main] DEBUG c.service.MarketDataService - [ALGO] ASK: price:123 quantity:453
13:00:19.447 [main] DEBUG c.service.MarketDataService - [ALGO] ASK: price:144 quantity:645
13:00:19.447 [main] DEBUG c.service.MarketDataService - [ALGO] ASK: price:167 quantity:665
13:00:19.447 [main] INFO  c.gettingstarted.MyAlgoLogic - [MYALGO] The state of the order book is:
|----BID-----||----ASK----|
    134 @ 43    501 @ 98
    145 @ 76   200 @ 101
    300 @ 91  5000 @ 110
    200 @ 93  5600 @ 119
    100 @ 95   453 @ 123
    154 @ 98   645 @ 144
          -    665 @ 167
|------------||-----------|

13:00:19.447 [main] INFO  c.gettingstarted.MyAlgoLogic - [MYALGO] Algo Sees Book as: 
|----BID-----||----ASK----|
    134 @ 43    501 @ 98
    145 @ 76   200 @ 101
    300 @ 91  5000 @ 110
    200 @ 93  5600 @ 119
    100 @ 95   453 @ 123
    154 @ 98   645 @ 144
          -    665 @ 167
|------------||-----------|

13:00:19.447 [main] INFO  c.gettingstarted.TimedLogic - [TIMEDLOGIC] Market is open
13:00:19.447 [main] INFO  c.sequencer.consumer.LoggingConsumer - [89] 
|----BID-----|
    134 @ 43
    145 @ 76
    300 @ 91
    200 @ 93
    100 @ 95
    154 @ 98
|----ASK-----|
    501 @ 98
   200 @ 101
  5000 @ 110
  5600 @ 119
   453 @ 123
   645 @ 144
   665 @ 167

13:00:19.447 [main] INFO  c.orderbook.OrderBook - [ORDERBOOK] Processing Mkt Data Update
13:00:19.447 [main] INFO  c.o.v.MutatingRemoveAllMarketDataOrdersVisitor - [ORDERBOOK] Removing market data order:MktData(price=43,quantity=134)
13:00:19.447 [main] DEBUG c.orderbook.OrderBook - [ORDERBOOK] ASK: Adding orderMktData(price=43,quantity=134)
13:00:19.447 [main] INFO  c.o.visitor.MutatingAddOrderVisitor - [ORDERBOOK] + Limit(side=BUY,orderId=16,price=43,quantity=2195456)
13:00:19.447 [main] DEBUG c.orderbook.OrderBook - [ORDERBOOK] ASK: Adding orderMktData(price=76,quantity=145)
13:00:19.447 [main] DEBUG c.orderbook.OrderBook - [ORDERBOOK] ASK: Adding orderMktData(price=91,quantity=300)
13:00:19.447 [main] DEBUG c.orderbook.OrderBook - [ORDERBOOK] ASK: Adding orderMktData(price=93,quantity=200)
13:00:19.447 [main] DEBUG c.orderbook.OrderBook - [ORDERBOOK] ASK: Adding orderMktData(price=95,quantity=100)
13:00:19.447 [main] DEBUG c.orderbook.OrderBook - [ORDERBOOK] ASK: Adding orderMktData(price=98,quantity=154)
13:00:19.447 [main] INFO  c.o.v.MutatingMatchOneMarketDataOrderVisitor - [ORDERBOOK] visiting LevelOrderBookLevel(price=43,quantity=4258654)
13:00:19.447 [main] INFO  c.o.v.MutatingMatchOneMarketDataOrderVisitor - [ORDERBOOK] Can't match order:Limit(side=BUY,orderId=3,price=43,quantity=268)(MktData(price=98,quantity=154))
13:00:19.447 [main] INFO  c.o.v.MutatingMatchOneMarketDataOrderVisitor - [ORDERBOOK] Can't match order:Limit(side=BUY,orderId=5,price=43,quantity=1072)(MktData(price=98,quantity=154))
13:00:19.447 [main] INFO  c.o.v.MutatingMatchOneMarketDataOrderVisitor - [ORDERBOOK] Can't match order:Limit(side=BUY,orderId=7,price=43,quantity=4288)(MktData(price=98,quantity=154))
13:00:19.447 [main] INFO  c.o.v.MutatingMatchOneMarketDataOrderVisitor - [ORDERBOOK] Can't match order:Limit(side=BUY,orderId=9,price=43,quantity=17152)(MktData(price=98,quantity=154))
13:00:19.447 [main] INFO  c.o.v.MutatingMatchOneMarketDataOrderVisitor - [ORDERBOOK] Can't match order:Limit(side=BUY,orderId=11,price=43,quantity=68608)(MktData(price=98,quantity=154))
13:00:19.447 [main] INFO  c.o.v.MutatingMatchOneMarketDataOrderVisitor - [ORDERBOOK] Can't match order:Limit(side=BUY,orderId=12,price=43,quantity=137216)(MktData(price=98,quantity=154))
13:00:19.447 [main] INFO  c.o.v.MutatingMatchOneMarketDataOrderVisitor - [ORDERBOOK] Can't match order:Limit(side=BUY,orderId=13,price=43,quantity=274432)(MktData(price=98,quantity=154))
13:00:19.447 [main] INFO  c.o.v.MutatingMatchOneMarketDataOrderVisitor - [ORDERBOOK] Can't match order:Limit(side=BUY,orderId=14,price=43,quantity=548864)(MktData(price=98,quantity=154))
13:00:19.447 [main] INFO  c.o.v.MutatingMatchOneMarketDataOrderVisitor - [ORDERBOOK] Can't match order:Limit(side=BUY,orderId=15,price=43,quantity=1097728)(MktData(price=98,quantity=154))
13:00:19.447 [main] INFO  c.o.v.MutatingMatchOneMarketDataOrderVisitor - [ORDERBOOK] Can't match order:Limit(side=BUY,orderId=16,price=43,quantity=2195456)(MktData(price=98,quantity=154))
13:00:19.447 [main] INFO  c.o.v.MutatingMatchOneMarketDataOrderVisitor - [ORDERBOOK] Can't match order:MktData(price=43,quantity=134)(MktData(price=98,quantity=154))
13:00:19.447 [main] INFO  c.o.v.MutatingRemoveAllMarketDataOrdersVisitor - [ORDERBOOK] Removing market data order:MktData(price=98,quantity=501)
13:00:19.447 [main] INFO  c.o.v.MutatingRemoveAllMarketDataOrdersVisitor - [ORDERBOOK] Removing market data order:MktData(price=110,quantity=5000)
13:00:19.447 [main] INFO  c.o.v.MutatingRemoveAllMarketDataOrdersVisitor - [ORDERBOOK] Removing market data order:MktData(price=123,quantity=453)
13:00:19.447 [main] INFO  c.o.v.MutatingRemoveAllMarketDataOrdersVisitor - [ORDERBOOK] Removing market data order:MktData(price=167,quantity=665)
13:00:19.447 [main] DEBUG c.orderbook.OrderBook - [ORDERBOOK] ASK: Adding orderMktData(price=98,quantity=501)
13:00:19.447 [main] INFO  c.o.visitor.MutatingAddOrderVisitor - [ORDERBOOK] + Limit(side=SELL,orderId=17,price=98,quantity=501)
13:00:19.447 [main] DEBUG c.orderbook.OrderBook - [ORDERBOOK] ASK: Adding orderMktData(price=101,quantity=200)
13:00:19.447 [main] DEBUG c.orderbook.OrderBook - [ORDERBOOK] ASK: Adding orderMktData(price=110,quantity=5000)
13:00:19.447 [main] DEBUG c.orderbook.OrderBook - [ORDERBOOK] ASK: Adding orderMktData(price=119,quantity=5600)
13:00:19.447 [main] DEBUG c.orderbook.OrderBook - [ORDERBOOK] ASK: Adding orderMktData(price=123,quantity=453)
13:00:19.447 [main] DEBUG c.orderbook.OrderBook - [ORDERBOOK] ASK: Adding orderMktData(price=144,quantity=645)
13:00:19.447 [main] DEBUG c.orderbook.OrderBook - [ORDERBOOK] ASK: Adding orderMktData(price=167,quantity=665)
13:00:19.447 [main] DEBUG c.service.MarketDataService - [ALGO] BID: price:43 quantity:134
13:00:19.447 [main] DEBUG c.service.MarketDataService - [ALGO] BID: price:76 quantity:145
13:00:19.447 [main] DEBUG c.service.MarketDataService - [ALGO] BID: price:91 quantity:300
13:00:19.447 [main] DEBUG c.service.MarketDataService - [ALGO] BID: price:93 quantity:200
13:00:19.447 [main] DEBUG c.service.MarketDataService - [ALGO] BID: price:95 quantity:100
13:00:19.447 [main] DEBUG c.service.MarketDataService - [ALGO] BID: price:98 quantity:154
13:00:19.447 [main] DEBUG c.service.MarketDataService - [ALGO] ASK: price:98 quantity:501
13:00:19.447 [main] DEBUG c.service.MarketDataService - [ALGO] ASK: price:101 quantity:200
13:00:19.447 [main] DEBUG c.service.MarketDataService - [ALGO] ASK: price:110 quantity:5000
13:00:19.447 [main] DEBUG c.service.MarketDataService - [ALGO] ASK: price:119 quantity:5600
13:00:19.447 [main] DEBUG c.service.MarketDataService - [ALGO] ASK: price:123 quantity:453
13:00:19.447 [main] DEBUG c.service.MarketDataService - [ALGO] ASK: price:144 quantity:645
13:00:19.447 [main] DEBUG c.service.MarketDataService - [ALGO] ASK: price:167 quantity:665
13:00:19.447 [main] INFO  c.gettingstarted.MyAlgoLogic - [MYALGO] The state of the order book is:
|----BID-----||----ASK----|
    134 @ 43    501 @ 98
    145 @ 76   200 @ 101
    300 @ 91  5000 @ 110
    200 @ 93  5600 @ 119
    100 @ 95   453 @ 123
    154 @ 98   645 @ 144
          -    665 @ 167
|------------||-----------|

13:00:19.447 [main] INFO  c.gettingstarted.MyAlgoLogic - [MYALGO] Algo Sees Book as: 
|----BID-----||----ASK----|
    134 @ 43    501 @ 98
    145 @ 76   200 @ 101
    300 @ 91  5000 @ 110
    200 @ 93  5600 @ 119
    100 @ 95   453 @ 123
    154 @ 98   645 @ 144
          -    665 @ 167
|------------||-----------|

13:00:19.447 [main] INFO  c.gettingstarted.TimedLogic - [TIMEDLOGIC] Market is open
13:00:19.447 [main] INFO  c.sequencer.consumer.LoggingConsumer - [90] 
|----BID-----|
    134 @ 43
    145 @ 76
    300 @ 91
    200 @ 93
    100 @ 95
    154 @ 98
|----ASK-----|
    501 @ 98
   200 @ 101
  5000 @ 110
  5600 @ 119
   453 @ 123
   645 @ 144
   665 @ 167

13:00:19.447 [main] INFO  c.orderbook.OrderBook - [ORDERBOOK] Processing Mkt Data Update
13:00:19.447 [main] INFO  c.o.v.MutatingRemoveAllMarketDataOrdersVisitor - [ORDERBOOK] Removing market data order:MktData(price=43,quantity=134)
13:00:19.447 [main] DEBUG c.orderbook.OrderBook - [ORDERBOOK] ASK: Adding orderMktData(price=43,quantity=134)
13:00:19.447 [main] INFO  c.o.visitor.MutatingAddOrderVisitor - [ORDERBOOK] + Limit(side=BUY,orderId=16,price=43,quantity=2195456)
13:00:19.447 [main] DEBUG c.orderbook.OrderBook - [ORDERBOOK] ASK: Adding orderMktData(price=76,quantity=145)
13:00:19.447 [main] DEBUG c.orderbook.OrderBook - [ORDERBOOK] ASK: Adding orderMktData(price=91,quantity=300)
13:00:19.447 [main] DEBUG c.orderbook.OrderBook - [ORDERBOOK] ASK: Adding orderMktData(price=93,quantity=200)
13:00:19.447 [main] DEBUG c.orderbook.OrderBook - [ORDERBOOK] ASK: Adding orderMktData(price=95,quantity=100)
13:00:19.447 [main] DEBUG c.orderbook.OrderBook - [ORDERBOOK] ASK: Adding orderMktData(price=98,quantity=154)
13:00:19.447 [main] INFO  c.o.v.MutatingMatchOneMarketDataOrderVisitor - [ORDERBOOK] visiting LevelOrderBookLevel(price=43,quantity=4258788)
13:00:19.447 [main] INFO  c.o.v.MutatingMatchOneMarketDataOrderVisitor - [ORDERBOOK] Can't match order:Limit(side=BUY,orderId=3,price=43,quantity=268)(MktData(price=98,quantity=154))
13:00:19.447 [main] INFO  c.o.v.MutatingMatchOneMarketDataOrderVisitor - [ORDERBOOK] Can't match order:Limit(side=BUY,orderId=5,price=43,quantity=1072)(MktData(price=98,quantity=154))
13:00:19.447 [main] INFO  c.o.v.MutatingMatchOneMarketDataOrderVisitor - [ORDERBOOK] Can't match order:Limit(side=BUY,orderId=7,price=43,quantity=4288)(MktData(price=98,quantity=154))
13:00:19.447 [main] INFO  c.o.v.MutatingMatchOneMarketDataOrderVisitor - [ORDERBOOK] Can't match order:Limit(side=BUY,orderId=9,price=43,quantity=17152)(MktData(price=98,quantity=154))
13:00:19.447 [main] INFO  c.o.v.MutatingMatchOneMarketDataOrderVisitor - [ORDERBOOK] Can't match order:Limit(side=BUY,orderId=11,price=43,quantity=68608)(MktData(price=98,quantity=154))
13:00:19.447 [main] INFO  c.o.v.MutatingMatchOneMarketDataOrderVisitor - [ORDERBOOK] Can't match order:Limit(side=BUY,orderId=12,price=43,quantity=137216)(MktData(price=98,quantity=154))
13:00:19.447 [main] INFO  c.o.v.MutatingMatchOneMarketDataOrderVisitor - [ORDERBOOK] Can't match order:Limit(side=BUY,orderId=13,price=43,quantity=274432)(MktData(price=98,quantity=154))
13:00:19.447 [main] INFO  c.o.v.MutatingMatchOneMarketDataOrderVisitor - [ORDERBOOK] Can't match order:Limit(side=BUY,orderId=14,price=43,quantity=548864)(MktData(price=98,quantity=154))
13:00:19.447 [main] INFO  c.o.v.MutatingMatchOneMarketDataOrderVisitor - [ORDERBOOK] Can't match order:Limit(side=BUY,orderId=15,price=43,quantity=1097728)(MktData(price=98,quantity=154))
13:00:19.447 [main] INFO  c.o.v.MutatingMatchOneMarketDataOrderVisitor - [ORDERBOOK] Can't match order:Limit(side=BUY,orderId=16,price=43,quantity=2195456)(MktData(price=98,quantity=154))
13:00:19.447 [main] INFO  c.o.v.MutatingMatchOneMarketDataOrderVisitor - [ORDERBOOK] Can't match order:MktData(price=43,quantity=134)(MktData(price=98,quantity=154))
13:00:19.447 [main] INFO  c.o.v.MutatingRemoveAllMarketDataOrdersVisitor - [ORDERBOOK] Removing market data order:MktData(price=98,quantity=501)
13:00:19.447 [main] INFO  c.o.v.MutatingRemoveAllMarketDataOrdersVisitor - [ORDERBOOK] Removing market data order:MktData(price=110,quantity=5000)
13:00:19.447 [main] INFO  c.o.v.MutatingRemoveAllMarketDataOrdersVisitor - [ORDERBOOK] Removing market data order:MktData(price=123,quantity=453)
13:00:19.447 [main] INFO  c.o.v.MutatingRemoveAllMarketDataOrdersVisitor - [ORDERBOOK] Removing market data order:MktData(price=167,quantity=665)
13:00:19.447 [main] DEBUG c.orderbook.OrderBook - [ORDERBOOK] ASK: Adding orderMktData(price=98,quantity=501)
13:00:19.447 [main] INFO  c.o.visitor.MutatingAddOrderVisitor - [ORDERBOOK] + Limit(side=SELL,orderId=17,price=98,quantity=501)
13:00:19.447 [main] DEBUG c.orderbook.OrderBook - [ORDERBOOK] ASK: Adding orderMktData(price=101,quantity=200)
13:00:19.447 [main] DEBUG c.orderbook.OrderBook - [ORDERBOOK] ASK: Adding orderMktData(price=110,quantity=5000)
13:00:19.447 [main] DEBUG c.orderbook.OrderBook - [ORDERBOOK] ASK: Adding orderMktData(price=119,quantity=5600)
13:00:19.447 [main] DEBUG c.orderbook.OrderBook - [ORDERBOOK] ASK: Adding orderMktData(price=123,quantity=453)
13:00:19.447 [main] DEBUG c.orderbook.OrderBook - [ORDERBOOK] ASK: Adding orderMktData(price=144,quantity=645)
13:00:19.447 [main] DEBUG c.orderbook.OrderBook - [ORDERBOOK] ASK: Adding orderMktData(price=167,quantity=665)
13:00:19.447 [main] DEBUG c.service.MarketDataService - [ALGO] BID: price:43 quantity:134
13:00:19.447 [main] DEBUG c.service.MarketDataService - [ALGO] BID: price:76 quantity:145
13:00:19.447 [main] DEBUG c.service.MarketDataService - [ALGO] BID: price:91 quantity:300
13:00:19.447 [main] DEBUG c.service.MarketDataService - [ALGO] BID: price:93 quantity:200
13:00:19.447 [main] DEBUG c.service.MarketDataService - [ALGO] BID: price:95 quantity:100
13:00:19.447 [main] DEBUG c.service.MarketDataService - [ALGO] BID: price:98 quantity:154
13:00:19.447 [main] DEBUG c.service.MarketDataService - [ALGO] ASK: price:98 quantity:501
13:00:19.447 [main] DEBUG c.service.MarketDataService - [ALGO] ASK: price:101 quantity:200
13:00:19.447 [main] DEBUG c.service.MarketDataService - [ALGO] ASK: price:110 quantity:5000
13:00:19.447 [main] DEBUG c.service.MarketDataService - [ALGO] ASK: price:119 quantity:5600
13:00:19.447 [main] DEBUG c.service.MarketDataService - [ALGO] ASK: price:123 quantity:453
13:00:19.447 [main] DEBUG c.service.MarketDataService - [ALGO] ASK: price:144 quantity:645
13:00:19.447 [main] DEBUG c.service.MarketDataService - [ALGO] ASK: price:167 quantity:665
13:00:19.447 [main] INFO  c.gettingstarted.MyAlgoLogic - [MYALGO] The state of the order book is:
|----BID-----||----ASK----|
    134 @ 43    501 @ 98
    145 @ 76   200 @ 101
    300 @ 91  5000 @ 110
    200 @ 93  5600 @ 119
    100 @ 95   453 @ 123
    154 @ 98   645 @ 144
          -    665 @ 167
|------------||-----------|

13:00:19.447 [main] INFO  c.gettingstarted.MyAlgoLogic - [MYALGO] Algo Sees Book as: 
|----BID-----||----ASK----|
    134 @ 43    501 @ 98
    145 @ 76   200 @ 101
    300 @ 91  5000 @ 110
    200 @ 93  5600 @ 119
    100 @ 95   453 @ 123
    154 @ 98   645 @ 144
          -    665 @ 167
|------------||-----------|

13:00:19.447 [main] INFO  c.gettingstarted.TimedLogic - [TIMEDLOGIC] Market is open
13:00:19.447 [main] INFO  c.sequencer.consumer.LoggingConsumer - [91] 
|----BID-----|
    134 @ 43
    145 @ 76
    300 @ 91
    200 @ 93
    100 @ 95
    154 @ 98
|----ASK-----|
    501 @ 98
   200 @ 101
  5000 @ 110
  5600 @ 119
   453 @ 123
   645 @ 144
   665 @ 167

13:00:19.447 [main] INFO  c.orderbook.OrderBook - [ORDERBOOK] Processing Mkt Data Update
13:00:19.447 [main] INFO  c.o.v.MutatingRemoveAllMarketDataOrdersVisitor - [ORDERBOOK] Removing market data order:MktData(price=43,quantity=134)
13:00:19.447 [main] DEBUG c.orderbook.OrderBook - [ORDERBOOK] ASK: Adding orderMktData(price=43,quantity=134)
13:00:19.447 [main] INFO  c.o.visitor.MutatingAddOrderVisitor - [ORDERBOOK] + Limit(side=BUY,orderId=16,price=43,quantity=2195456)
13:00:19.447 [main] DEBUG c.orderbook.OrderBook - [ORDERBOOK] ASK: Adding orderMktData(price=76,quantity=145)
13:00:19.447 [main] DEBUG c.orderbook.OrderBook - [ORDERBOOK] ASK: Adding orderMktData(price=91,quantity=300)
13:00:19.447 [main] DEBUG c.orderbook.OrderBook - [ORDERBOOK] ASK: Adding orderMktData(price=93,quantity=200)
13:00:19.447 [main] DEBUG c.orderbook.OrderBook - [ORDERBOOK] ASK: Adding orderMktData(price=95,quantity=100)
13:00:19.447 [main] DEBUG c.orderbook.OrderBook - [ORDERBOOK] ASK: Adding orderMktData(price=98,quantity=154)
13:00:19.447 [main] INFO  c.o.v.MutatingMatchOneMarketDataOrderVisitor - [ORDERBOOK] visiting LevelOrderBookLevel(price=43,quantity=4258922)
13:00:19.447 [main] INFO  c.o.v.MutatingMatchOneMarketDataOrderVisitor - [ORDERBOOK] Can't match order:Limit(side=BUY,orderId=3,price=43,quantity=268)(MktData(price=98,quantity=154))
13:00:19.447 [main] INFO  c.o.v.MutatingMatchOneMarketDataOrderVisitor - [ORDERBOOK] Can't match order:Limit(side=BUY,orderId=5,price=43,quantity=1072)(MktData(price=98,quantity=154))
13:00:19.447 [main] INFO  c.o.v.MutatingMatchOneMarketDataOrderVisitor - [ORDERBOOK] Can't match order:Limit(side=BUY,orderId=7,price=43,quantity=4288)(MktData(price=98,quantity=154))
13:00:19.447 [main] INFO  c.o.v.MutatingMatchOneMarketDataOrderVisitor - [ORDERBOOK] Can't match order:Limit(side=BUY,orderId=9,price=43,quantity=17152)(MktData(price=98,quantity=154))
13:00:19.447 [main] INFO  c.o.v.MutatingMatchOneMarketDataOrderVisitor - [ORDERBOOK] Can't match order:Limit(side=BUY,orderId=11,price=43,quantity=68608)(MktData(price=98,quantity=154))
13:00:19.447 [main] INFO  c.o.v.MutatingMatchOneMarketDataOrderVisitor - [ORDERBOOK] Can't match order:Limit(side=BUY,orderId=12,price=43,quantity=137216)(MktData(price=98,quantity=154))
13:00:19.447 [main] INFO  c.o.v.MutatingMatchOneMarketDataOrderVisitor - [ORDERBOOK] Can't match order:Limit(side=BUY,orderId=13,price=43,quantity=274432)(MktData(price=98,quantity=154))
13:00:19.447 [main] INFO  c.o.v.MutatingMatchOneMarketDataOrderVisitor - [ORDERBOOK] Can't match order:Limit(side=BUY,orderId=14,price=43,quantity=548864)(MktData(price=98,quantity=154))
13:00:19.447 [main] INFO  c.o.v.MutatingMatchOneMarketDataOrderVisitor - [ORDERBOOK] Can't match order:Limit(side=BUY,orderId=15,price=43,quantity=1097728)(MktData(price=98,quantity=154))
13:00:19.447 [main] INFO  c.o.v.MutatingMatchOneMarketDataOrderVisitor - [ORDERBOOK] Can't match order:Limit(side=BUY,orderId=16,price=43,quantity=2195456)(MktData(price=98,quantity=154))
13:00:19.447 [main] INFO  c.o.v.MutatingMatchOneMarketDataOrderVisitor - [ORDERBOOK] Can't match order:MktData(price=43,quantity=134)(MktData(price=98,quantity=154))
13:00:19.447 [main] INFO  c.o.v.MutatingRemoveAllMarketDataOrdersVisitor - [ORDERBOOK] Removing market data order:MktData(price=98,quantity=501)
13:00:19.447 [main] INFO  c.o.v.MutatingRemoveAllMarketDataOrdersVisitor - [ORDERBOOK] Removing market data order:MktData(price=110,quantity=5000)
13:00:19.447 [main] INFO  c.o.v.MutatingRemoveAllMarketDataOrdersVisitor - [ORDERBOOK] Removing market data order:MktData(price=123,quantity=453)
13:00:19.447 [main] INFO  c.o.v.MutatingRemoveAllMarketDataOrdersVisitor - [ORDERBOOK] Removing market data order:MktData(price=167,quantity=665)
13:00:19.447 [main] DEBUG c.orderbook.OrderBook - [ORDERBOOK] ASK: Adding orderMktData(price=98,quantity=501)
13:00:19.447 [main] INFO  c.o.visitor.MutatingAddOrderVisitor - [ORDERBOOK] + Limit(side=SELL,orderId=17,price=98,quantity=501)
13:00:19.447 [main] DEBUG c.orderbook.OrderBook - [ORDERBOOK] ASK: Adding orderMktData(price=101,quantity=200)
13:00:19.447 [main] DEBUG c.orderbook.OrderBook - [ORDERBOOK] ASK: Adding orderMktData(price=110,quantity=5000)
13:00:19.447 [main] DEBUG c.orderbook.OrderBook - [ORDERBOOK] ASK: Adding orderMktData(price=119,quantity=5600)
13:00:19.447 [main] DEBUG c.orderbook.OrderBook - [ORDERBOOK] ASK: Adding orderMktData(price=123,quantity=453)
13:00:19.447 [main] DEBUG c.orderbook.OrderBook - [ORDERBOOK] ASK: Adding orderMktData(price=144,quantity=645)
13:00:19.447 [main] DEBUG c.orderbook.OrderBook - [ORDERBOOK] ASK: Adding orderMktData(price=167,quantity=665)
13:00:19.447 [main] DEBUG c.service.MarketDataService - [ALGO] BID: price:43 quantity:134
13:00:19.447 [main] DEBUG c.service.MarketDataService - [ALGO] BID: price:76 quantity:145
13:00:19.447 [main] DEBUG c.service.MarketDataService - [ALGO] BID: price:91 quantity:300
13:00:19.447 [main] DEBUG c.service.MarketDataService - [ALGO] BID: price:93 quantity:200
13:00:19.447 [main] DEBUG c.service.MarketDataService - [ALGO] BID: price:95 quantity:100
13:00:19.447 [main] DEBUG c.service.MarketDataService - [ALGO] BID: price:98 quantity:154
13:00:19.447 [main] DEBUG c.service.MarketDataService - [ALGO] ASK: price:98 quantity:501
13:00:19.447 [main] DEBUG c.service.MarketDataService - [ALGO] ASK: price:101 quantity:200
13:00:19.447 [main] DEBUG c.service.MarketDataService - [ALGO] ASK: price:110 quantity:5000
13:00:19.447 [main] DEBUG c.service.MarketDataService - [ALGO] ASK: price:119 quantity:5600
13:00:19.447 [main] DEBUG c.service.MarketDataService - [ALGO] ASK: price:123 quantity:453
13:00:19.447 [main] DEBUG c.service.MarketDataService - [ALGO] ASK: price:144 quantity:645
13:00:19.447 [main] DEBUG c.service.MarketDataService - [ALGO] ASK: price:167 quantity:665
13:00:19.447 [main] INFO  c.gettingstarted.MyAlgoLogic - [MYALGO] The state of the order book is:
|----BID-----||----ASK----|
    134 @ 43    501 @ 98
    145 @ 76   200 @ 101
    300 @ 91  5000 @ 110
    200 @ 93  5600 @ 119
    100 @ 95   453 @ 123
    154 @ 98   645 @ 144
          -    665 @ 167
|------------||-----------|

13:00:19.463 [main] INFO  c.gettingstarted.MyAlgoLogic - [MYALGO] Algo Sees Book as: 
|----BID-----||----ASK----|
    134 @ 43    501 @ 98
    145 @ 76   200 @ 101
    300 @ 91  5000 @ 110
    200 @ 93  5600 @ 119
    100 @ 95   453 @ 123
    154 @ 98   645 @ 144
          -    665 @ 167
|------------||-----------|

13:00:19.463 [main] INFO  c.gettingstarted.TimedLogic - [TIMEDLOGIC] Market is open
13:00:19.463 [main] INFO  c.sequencer.consumer.LoggingConsumer - [92] 
|----BID-----|
    134 @ 43
    145 @ 76
    300 @ 91
    200 @ 93
    100 @ 95
    154 @ 98
|----ASK-----|
    501 @ 98
   200 @ 101
  5000 @ 110
  5600 @ 119
   453 @ 123
   645 @ 144
   665 @ 167

13:00:19.463 [main] INFO  c.orderbook.OrderBook - [ORDERBOOK] Processing Mkt Data Update
13:00:19.463 [main] INFO  c.o.v.MutatingRemoveAllMarketDataOrdersVisitor - [ORDERBOOK] Removing market data order:MktData(price=43,quantity=134)
13:00:19.463 [main] DEBUG c.orderbook.OrderBook - [ORDERBOOK] ASK: Adding orderMktData(price=43,quantity=134)
13:00:19.463 [main] INFO  c.o.visitor.MutatingAddOrderVisitor - [ORDERBOOK] + Limit(side=BUY,orderId=16,price=43,quantity=2195456)
13:00:19.463 [main] DEBUG c.orderbook.OrderBook - [ORDERBOOK] ASK: Adding orderMktData(price=76,quantity=145)
13:00:19.463 [main] DEBUG c.orderbook.OrderBook - [ORDERBOOK] ASK: Adding orderMktData(price=91,quantity=300)
13:00:19.463 [main] DEBUG c.orderbook.OrderBook - [ORDERBOOK] ASK: Adding orderMktData(price=93,quantity=200)
13:00:19.463 [main] DEBUG c.orderbook.OrderBook - [ORDERBOOK] ASK: Adding orderMktData(price=95,quantity=100)
13:00:19.463 [main] DEBUG c.orderbook.OrderBook - [ORDERBOOK] ASK: Adding orderMktData(price=98,quantity=154)
13:00:19.463 [main] INFO  c.o.v.MutatingMatchOneMarketDataOrderVisitor - [ORDERBOOK] visiting LevelOrderBookLevel(price=43,quantity=4259056)
13:00:19.463 [main] INFO  c.o.v.MutatingMatchOneMarketDataOrderVisitor - [ORDERBOOK] Can't match order:Limit(side=BUY,orderId=3,price=43,quantity=268)(MktData(price=98,quantity=154))
13:00:19.463 [main] INFO  c.o.v.MutatingMatchOneMarketDataOrderVisitor - [ORDERBOOK] Can't match order:Limit(side=BUY,orderId=5,price=43,quantity=1072)(MktData(price=98,quantity=154))
13:00:19.463 [main] INFO  c.o.v.MutatingMatchOneMarketDataOrderVisitor - [ORDERBOOK] Can't match order:Limit(side=BUY,orderId=7,price=43,quantity=4288)(MktData(price=98,quantity=154))
13:00:19.463 [main] INFO  c.o.v.MutatingMatchOneMarketDataOrderVisitor - [ORDERBOOK] Can't match order:Limit(side=BUY,orderId=9,price=43,quantity=17152)(MktData(price=98,quantity=154))
13:00:19.463 [main] INFO  c.o.v.MutatingMatchOneMarketDataOrderVisitor - [ORDERBOOK] Can't match order:Limit(side=BUY,orderId=11,price=43,quantity=68608)(MktData(price=98,quantity=154))
13:00:19.463 [main] INFO  c.o.v.MutatingMatchOneMarketDataOrderVisitor - [ORDERBOOK] Can't match order:Limit(side=BUY,orderId=12,price=43,quantity=137216)(MktData(price=98,quantity=154))
13:00:19.463 [main] INFO  c.o.v.MutatingMatchOneMarketDataOrderVisitor - [ORDERBOOK] Can't match order:Limit(side=BUY,orderId=13,price=43,quantity=274432)(MktData(price=98,quantity=154))
13:00:19.463 [main] INFO  c.o.v.MutatingMatchOneMarketDataOrderVisitor - [ORDERBOOK] Can't match order:Limit(side=BUY,orderId=14,price=43,quantity=548864)(MktData(price=98,quantity=154))
13:00:19.463 [main] INFO  c.o.v.MutatingMatchOneMarketDataOrderVisitor - [ORDERBOOK] Can't match order:Limit(side=BUY,orderId=15,price=43,quantity=1097728)(MktData(price=98,quantity=154))
13:00:19.463 [main] INFO  c.o.v.MutatingMatchOneMarketDataOrderVisitor - [ORDERBOOK] Can't match order:Limit(side=BUY,orderId=16,price=43,quantity=2195456)(MktData(price=98,quantity=154))
13:00:19.463 [main] INFO  c.o.v.MutatingMatchOneMarketDataOrderVisitor - [ORDERBOOK] Can't match order:MktData(price=43,quantity=134)(MktData(price=98,quantity=154))
13:00:19.463 [main] INFO  c.o.v.MutatingRemoveAllMarketDataOrdersVisitor - [ORDERBOOK] Removing market data order:MktData(price=98,quantity=501)
13:00:19.463 [main] INFO  c.o.v.MutatingRemoveAllMarketDataOrdersVisitor - [ORDERBOOK] Removing market data order:MktData(price=110,quantity=5000)
13:00:19.463 [main] INFO  c.o.v.MutatingRemoveAllMarketDataOrdersVisitor - [ORDERBOOK] Removing market data order:MktData(price=123,quantity=453)
13:00:19.463 [main] INFO  c.o.v.MutatingRemoveAllMarketDataOrdersVisitor - [ORDERBOOK] Removing market data order:MktData(price=167,quantity=665)
13:00:19.463 [main] DEBUG c.orderbook.OrderBook - [ORDERBOOK] ASK: Adding orderMktData(price=98,quantity=501)
13:00:19.463 [main] INFO  c.o.visitor.MutatingAddOrderVisitor - [ORDERBOOK] + Limit(side=SELL,orderId=17,price=98,quantity=501)
13:00:19.463 [main] DEBUG c.orderbook.OrderBook - [ORDERBOOK] ASK: Adding orderMktData(price=101,quantity=200)
13:00:19.463 [main] DEBUG c.orderbook.OrderBook - [ORDERBOOK] ASK: Adding orderMktData(price=110,quantity=5000)
13:00:19.463 [main] DEBUG c.orderbook.OrderBook - [ORDERBOOK] ASK: Adding orderMktData(price=119,quantity=5600)
13:00:19.463 [main] DEBUG c.orderbook.OrderBook - [ORDERBOOK] ASK: Adding orderMktData(price=123,quantity=453)
13:00:19.463 [main] DEBUG c.orderbook.OrderBook - [ORDERBOOK] ASK: Adding orderMktData(price=144,quantity=645)
13:00:19.463 [main] DEBUG c.orderbook.OrderBook - [ORDERBOOK] ASK: Adding orderMktData(price=167,quantity=665)
13:00:19.463 [main] DEBUG c.service.MarketDataService - [ALGO] BID: price:43 quantity:134
13:00:19.463 [main] DEBUG c.service.MarketDataService - [ALGO] BID: price:76 quantity:145
13:00:19.463 [main] DEBUG c.service.MarketDataService - [ALGO] BID: price:91 quantity:300
13:00:19.463 [main] DEBUG c.service.MarketDataService - [ALGO] BID: price:93 quantity:200
13:00:19.463 [main] DEBUG c.service.MarketDataService - [ALGO] BID: price:95 quantity:100
13:00:19.463 [main] DEBUG c.service.MarketDataService - [ALGO] BID: price:98 quantity:154
13:00:19.463 [main] DEBUG c.service.MarketDataService - [ALGO] ASK: price:98 quantity:501
13:00:19.463 [main] DEBUG c.service.MarketDataService - [ALGO] ASK: price:101 quantity:200
13:00:19.463 [main] DEBUG c.service.MarketDataService - [ALGO] ASK: price:110 quantity:5000
13:00:19.463 [main] DEBUG c.service.MarketDataService - [ALGO] ASK: price:119 quantity:5600
13:00:19.463 [main] DEBUG c.service.MarketDataService - [ALGO] ASK: price:123 quantity:453
13:00:19.463 [main] DEBUG c.service.MarketDataService - [ALGO] ASK: price:144 quantity:645
13:00:19.463 [main] DEBUG c.service.MarketDataService - [ALGO] ASK: price:167 quantity:665
13:00:19.463 [main] INFO  c.gettingstarted.MyAlgoLogic - [MYALGO] The state of the order book is:
|----BID-----||----ASK----|
    134 @ 43    501 @ 98
    145 @ 76   200 @ 101
    300 @ 91  5000 @ 110
    200 @ 93  5600 @ 119
    100 @ 95   453 @ 123
    154 @ 98   645 @ 144
          -    665 @ 167
|------------||-----------|

13:00:19.463 [main] INFO  c.gettingstarted.MyAlgoLogic - [MYALGO] Algo Sees Book as: 
|----BID-----||----ASK----|
    134 @ 43    501 @ 98
    145 @ 76   200 @ 101
    300 @ 91  5000 @ 110
    200 @ 93  5600 @ 119
    100 @ 95   453 @ 123
    154 @ 98   645 @ 144
          -    665 @ 167
|------------||-----------|

13:00:19.463 [main] INFO  c.gettingstarted.TimedLogic - [TIMEDLOGIC] Market is open
13:00:19.463 [main] INFO  c.sequencer.consumer.LoggingConsumer - [93] 
|----BID-----|
    134 @ 43
    145 @ 76
    300 @ 91
    200 @ 93
    100 @ 95
    154 @ 98
|----ASK-----|
    501 @ 98
   200 @ 101
  5000 @ 110
  5600 @ 119
   453 @ 123
   645 @ 144
   665 @ 167

13:00:19.463 [main] INFO  c.orderbook.OrderBook - [ORDERBOOK] Processing Mkt Data Update
13:00:19.463 [main] INFO  c.o.v.MutatingRemoveAllMarketDataOrdersVisitor - [ORDERBOOK] Removing market data order:MktData(price=43,quantity=134)
13:00:19.463 [main] DEBUG c.orderbook.OrderBook - [ORDERBOOK] ASK: Adding orderMktData(price=43,quantity=134)
13:00:19.463 [main] INFO  c.o.visitor.MutatingAddOrderVisitor - [ORDERBOOK] + Limit(side=BUY,orderId=16,price=43,quantity=2195456)
13:00:19.463 [main] DEBUG c.orderbook.OrderBook - [ORDERBOOK] ASK: Adding orderMktData(price=76,quantity=145)
13:00:19.463 [main] DEBUG c.orderbook.OrderBook - [ORDERBOOK] ASK: Adding orderMktData(price=91,quantity=300)
13:00:19.463 [main] DEBUG c.orderbook.OrderBook - [ORDERBOOK] ASK: Adding orderMktData(price=93,quantity=200)
13:00:19.463 [main] DEBUG c.orderbook.OrderBook - [ORDERBOOK] ASK: Adding orderMktData(price=95,quantity=100)
13:00:19.463 [main] DEBUG c.orderbook.OrderBook - [ORDERBOOK] ASK: Adding orderMktData(price=98,quantity=154)
13:00:19.463 [main] INFO  c.o.v.MutatingMatchOneMarketDataOrderVisitor - [ORDERBOOK] visiting LevelOrderBookLevel(price=43,quantity=4259190)
13:00:19.463 [main] INFO  c.o.v.MutatingMatchOneMarketDataOrderVisitor - [ORDERBOOK] Can't match order:Limit(side=BUY,orderId=3,price=43,quantity=268)(MktData(price=98,quantity=154))
13:00:19.463 [main] INFO  c.o.v.MutatingMatchOneMarketDataOrderVisitor - [ORDERBOOK] Can't match order:Limit(side=BUY,orderId=5,price=43,quantity=1072)(MktData(price=98,quantity=154))
13:00:19.463 [main] INFO  c.o.v.MutatingMatchOneMarketDataOrderVisitor - [ORDERBOOK] Can't match order:Limit(side=BUY,orderId=7,price=43,quantity=4288)(MktData(price=98,quantity=154))
13:00:19.463 [main] INFO  c.o.v.MutatingMatchOneMarketDataOrderVisitor - [ORDERBOOK] Can't match order:Limit(side=BUY,orderId=9,price=43,quantity=17152)(MktData(price=98,quantity=154))
13:00:19.463 [main] INFO  c.o.v.MutatingMatchOneMarketDataOrderVisitor - [ORDERBOOK] Can't match order:Limit(side=BUY,orderId=11,price=43,quantity=68608)(MktData(price=98,quantity=154))
13:00:19.463 [main] INFO  c.o.v.MutatingMatchOneMarketDataOrderVisitor - [ORDERBOOK] Can't match order:Limit(side=BUY,orderId=12,price=43,quantity=137216)(MktData(price=98,quantity=154))
13:00:19.463 [main] INFO  c.o.v.MutatingMatchOneMarketDataOrderVisitor - [ORDERBOOK] Can't match order:Limit(side=BUY,orderId=13,price=43,quantity=274432)(MktData(price=98,quantity=154))
13:00:19.463 [main] INFO  c.o.v.MutatingMatchOneMarketDataOrderVisitor - [ORDERBOOK] Can't match order:Limit(side=BUY,orderId=14,price=43,quantity=548864)(MktData(price=98,quantity=154))
13:00:19.463 [main] INFO  c.o.v.MutatingMatchOneMarketDataOrderVisitor - [ORDERBOOK] Can't match order:Limit(side=BUY,orderId=15,price=43,quantity=1097728)(MktData(price=98,quantity=154))
13:00:19.463 [main] INFO  c.o.v.MutatingMatchOneMarketDataOrderVisitor - [ORDERBOOK] Can't match order:Limit(side=BUY,orderId=16,price=43,quantity=2195456)(MktData(price=98,quantity=154))
13:00:19.463 [main] INFO  c.o.v.MutatingMatchOneMarketDataOrderVisitor - [ORDERBOOK] Can't match order:MktData(price=43,quantity=134)(MktData(price=98,quantity=154))
13:00:19.463 [main] INFO  c.o.v.MutatingRemoveAllMarketDataOrdersVisitor - [ORDERBOOK] Removing market data order:MktData(price=98,quantity=501)
13:00:19.463 [main] INFO  c.o.v.MutatingRemoveAllMarketDataOrdersVisitor - [ORDERBOOK] Removing market data order:MktData(price=110,quantity=5000)
13:00:19.463 [main] INFO  c.o.v.MutatingRemoveAllMarketDataOrdersVisitor - [ORDERBOOK] Removing market data order:MktData(price=123,quantity=453)
13:00:19.463 [main] INFO  c.o.v.MutatingRemoveAllMarketDataOrdersVisitor - [ORDERBOOK] Removing market data order:MktData(price=167,quantity=665)
13:00:19.463 [main] DEBUG c.orderbook.OrderBook - [ORDERBOOK] ASK: Adding orderMktData(price=98,quantity=501)
13:00:19.463 [main] INFO  c.o.visitor.MutatingAddOrderVisitor - [ORDERBOOK] + Limit(side=SELL,orderId=17,price=98,quantity=501)
13:00:19.463 [main] DEBUG c.orderbook.OrderBook - [ORDERBOOK] ASK: Adding orderMktData(price=101,quantity=200)
13:00:19.463 [main] DEBUG c.orderbook.OrderBook - [ORDERBOOK] ASK: Adding orderMktData(price=110,quantity=5000)
13:00:19.463 [main] DEBUG c.orderbook.OrderBook - [ORDERBOOK] ASK: Adding orderMktData(price=119,quantity=5600)
13:00:19.463 [main] DEBUG c.orderbook.OrderBook - [ORDERBOOK] ASK: Adding orderMktData(price=123,quantity=453)
13:00:19.463 [main] DEBUG c.orderbook.OrderBook - [ORDERBOOK] ASK: Adding orderMktData(price=144,quantity=645)
13:00:19.463 [main] DEBUG c.orderbook.OrderBook - [ORDERBOOK] ASK: Adding orderMktData(price=167,quantity=665)
13:00:19.463 [main] DEBUG c.service.MarketDataService - [ALGO] BID: price:43 quantity:134
13:00:19.463 [main] DEBUG c.service.MarketDataService - [ALGO] BID: price:76 quantity:145
13:00:19.463 [main] DEBUG c.service.MarketDataService - [ALGO] BID: price:91 quantity:300
13:00:19.463 [main] DEBUG c.service.MarketDataService - [ALGO] BID: price:93 quantity:200
13:00:19.463 [main] DEBUG c.service.MarketDataService - [ALGO] BID: price:95 quantity:100
13:00:19.463 [main] DEBUG c.service.MarketDataService - [ALGO] BID: price:98 quantity:154
13:00:19.463 [main] DEBUG c.service.MarketDataService - [ALGO] ASK: price:98 quantity:501
13:00:19.463 [main] DEBUG c.service.MarketDataService - [ALGO] ASK: price:101 quantity:200
13:00:19.463 [main] DEBUG c.service.MarketDataService - [ALGO] ASK: price:110 quantity:5000
13:00:19.463 [main] DEBUG c.service.MarketDataService - [ALGO] ASK: price:119 quantity:5600
13:00:19.463 [main] DEBUG c.service.MarketDataService - [ALGO] ASK: price:123 quantity:453
13:00:19.463 [main] DEBUG c.service.MarketDataService - [ALGO] ASK: price:144 quantity:645
13:00:19.463 [main] DEBUG c.service.MarketDataService - [ALGO] ASK: price:167 quantity:665
13:00:19.463 [main] INFO  c.gettingstarted.MyAlgoLogic - [MYALGO] The state of the order book is:
|----BID-----||----ASK----|
    134 @ 43    501 @ 98
    145 @ 76   200 @ 101
    300 @ 91  5000 @ 110
    200 @ 93  5600 @ 119
    100 @ 95   453 @ 123
    154 @ 98   645 @ 144
          -    665 @ 167
|------------||-----------|

13:00:19.463 [main] INFO  c.gettingstarted.MyAlgoLogic - [MYALGO] Algo Sees Book as: 
|----BID-----||----ASK----|
    134 @ 43    501 @ 98
    145 @ 76   200 @ 101
    300 @ 91  5000 @ 110
    200 @ 93  5600 @ 119
    100 @ 95   453 @ 123
    154 @ 98   645 @ 144
          -    665 @ 167
|------------||-----------|

13:00:19.463 [main] INFO  c.gettingstarted.TimedLogic - [TIMEDLOGIC] Market is open
13:00:19.463 [main] INFO  c.sequencer.consumer.LoggingConsumer - [94] 
|----BID-----|
    134 @ 43
    145 @ 76
    300 @ 91
    200 @ 93
    100 @ 95
    154 @ 98
|----ASK-----|
    501 @ 98
   200 @ 101
  5000 @ 110
  5600 @ 119
   453 @ 123
   645 @ 144
   665 @ 167

13:00:19.463 [main] INFO  c.orderbook.OrderBook - [ORDERBOOK] Processing Mkt Data Update
13:00:19.463 [main] INFO  c.o.v.MutatingRemoveAllMarketDataOrdersVisitor - [ORDERBOOK] Removing market data order:MktData(price=43,quantity=134)
13:00:19.463 [main] DEBUG c.orderbook.OrderBook - [ORDERBOOK] ASK: Adding orderMktData(price=43,quantity=134)
13:00:19.463 [main] INFO  c.o.visitor.MutatingAddOrderVisitor - [ORDERBOOK] + Limit(side=BUY,orderId=16,price=43,quantity=2195456)
13:00:19.463 [main] DEBUG c.orderbook.OrderBook - [ORDERBOOK] ASK: Adding orderMktData(price=76,quantity=145)
13:00:19.463 [main] DEBUG c.orderbook.OrderBook - [ORDERBOOK] ASK: Adding orderMktData(price=91,quantity=300)
13:00:19.463 [main] DEBUG c.orderbook.OrderBook - [ORDERBOOK] ASK: Adding orderMktData(price=93,quantity=200)
13:00:19.463 [main] DEBUG c.orderbook.OrderBook - [ORDERBOOK] ASK: Adding orderMktData(price=95,quantity=100)
13:00:19.463 [main] DEBUG c.orderbook.OrderBook - [ORDERBOOK] ASK: Adding orderMktData(price=98,quantity=154)
13:00:19.463 [main] INFO  c.o.v.MutatingMatchOneMarketDataOrderVisitor - [ORDERBOOK] visiting LevelOrderBookLevel(price=43,quantity=4259324)
13:00:19.463 [main] INFO  c.o.v.MutatingMatchOneMarketDataOrderVisitor - [ORDERBOOK] Can't match order:Limit(side=BUY,orderId=3,price=43,quantity=268)(MktData(price=98,quantity=154))
13:00:19.463 [main] INFO  c.o.v.MutatingMatchOneMarketDataOrderVisitor - [ORDERBOOK] Can't match order:Limit(side=BUY,orderId=5,price=43,quantity=1072)(MktData(price=98,quantity=154))
13:00:19.463 [main] INFO  c.o.v.MutatingMatchOneMarketDataOrderVisitor - [ORDERBOOK] Can't match order:Limit(side=BUY,orderId=7,price=43,quantity=4288)(MktData(price=98,quantity=154))
13:00:19.463 [main] INFO  c.o.v.MutatingMatchOneMarketDataOrderVisitor - [ORDERBOOK] Can't match order:Limit(side=BUY,orderId=9,price=43,quantity=17152)(MktData(price=98,quantity=154))
13:00:19.463 [main] INFO  c.o.v.MutatingMatchOneMarketDataOrderVisitor - [ORDERBOOK] Can't match order:Limit(side=BUY,orderId=11,price=43,quantity=68608)(MktData(price=98,quantity=154))
13:00:19.463 [main] INFO  c.o.v.MutatingMatchOneMarketDataOrderVisitor - [ORDERBOOK] Can't match order:Limit(side=BUY,orderId=12,price=43,quantity=137216)(MktData(price=98,quantity=154))
13:00:19.463 [main] INFO  c.o.v.MutatingMatchOneMarketDataOrderVisitor - [ORDERBOOK] Can't match order:Limit(side=BUY,orderId=13,price=43,quantity=274432)(MktData(price=98,quantity=154))
13:00:19.463 [main] INFO  c.o.v.MutatingMatchOneMarketDataOrderVisitor - [ORDERBOOK] Can't match order:Limit(side=BUY,orderId=14,price=43,quantity=548864)(MktData(price=98,quantity=154))
13:00:19.463 [main] INFO  c.o.v.MutatingMatchOneMarketDataOrderVisitor - [ORDERBOOK] Can't match order:Limit(side=BUY,orderId=15,price=43,quantity=1097728)(MktData(price=98,quantity=154))
13:00:19.463 [main] INFO  c.o.v.MutatingMatchOneMarketDataOrderVisitor - [ORDERBOOK] Can't match order:Limit(side=BUY,orderId=16,price=43,quantity=2195456)(MktData(price=98,quantity=154))
13:00:19.463 [main] INFO  c.o.v.MutatingMatchOneMarketDataOrderVisitor - [ORDERBOOK] Can't match order:MktData(price=43,quantity=134)(MktData(price=98,quantity=154))
13:00:19.463 [main] INFO  c.o.v.MutatingRemoveAllMarketDataOrdersVisitor - [ORDERBOOK] Removing market data order:MktData(price=98,quantity=501)
13:00:19.463 [main] INFO  c.o.v.MutatingRemoveAllMarketDataOrdersVisitor - [ORDERBOOK] Removing market data order:MktData(price=110,quantity=5000)
13:00:19.463 [main] INFO  c.o.v.MutatingRemoveAllMarketDataOrdersVisitor - [ORDERBOOK] Removing market data order:MktData(price=123,quantity=453)
13:00:19.463 [main] INFO  c.o.v.MutatingRemoveAllMarketDataOrdersVisitor - [ORDERBOOK] Removing market data order:MktData(price=167,quantity=665)
13:00:19.463 [main] DEBUG c.orderbook.OrderBook - [ORDERBOOK] ASK: Adding orderMktData(price=98,quantity=501)
13:00:19.463 [main] INFO  c.o.visitor.MutatingAddOrderVisitor - [ORDERBOOK] + Limit(side=SELL,orderId=17,price=98,quantity=501)
13:00:19.463 [main] DEBUG c.orderbook.OrderBook - [ORDERBOOK] ASK: Adding orderMktData(price=101,quantity=200)
13:00:19.463 [main] DEBUG c.orderbook.OrderBook - [ORDERBOOK] ASK: Adding orderMktData(price=110,quantity=5000)
13:00:19.463 [main] DEBUG c.orderbook.OrderBook - [ORDERBOOK] ASK: Adding orderMktData(price=119,quantity=5600)
13:00:19.463 [main] DEBUG c.orderbook.OrderBook - [ORDERBOOK] ASK: Adding orderMktData(price=123,quantity=453)
13:00:19.463 [main] DEBUG c.orderbook.OrderBook - [ORDERBOOK] ASK: Adding orderMktData(price=144,quantity=645)
13:00:19.463 [main] DEBUG c.orderbook.OrderBook - [ORDERBOOK] ASK: Adding orderMktData(price=167,quantity=665)
13:00:19.463 [main] DEBUG c.service.MarketDataService - [ALGO] BID: price:43 quantity:134
13:00:19.463 [main] DEBUG c.service.MarketDataService - [ALGO] BID: price:76 quantity:145
13:00:19.463 [main] DEBUG c.service.MarketDataService - [ALGO] BID: price:91 quantity:300
13:00:19.463 [main] DEBUG c.service.MarketDataService - [ALGO] BID: price:93 quantity:200
13:00:19.463 [main] DEBUG c.service.MarketDataService - [ALGO] BID: price:95 quantity:100
13:00:19.463 [main] DEBUG c.service.MarketDataService - [ALGO] BID: price:98 quantity:154
13:00:19.463 [main] DEBUG c.service.MarketDataService - [ALGO] ASK: price:98 quantity:501
13:00:19.463 [main] DEBUG c.service.MarketDataService - [ALGO] ASK: price:101 quantity:200
13:00:19.463 [main] DEBUG c.service.MarketDataService - [ALGO] ASK: price:110 quantity:5000
13:00:19.463 [main] DEBUG c.service.MarketDataService - [ALGO] ASK: price:119 quantity:5600
13:00:19.463 [main] DEBUG c.service.MarketDataService - [ALGO] ASK: price:123 quantity:453
13:00:19.463 [main] DEBUG c.service.MarketDataService - [ALGO] ASK: price:144 quantity:645
13:00:19.463 [main] DEBUG c.service.MarketDataService - [ALGO] ASK: price:167 quantity:665
13:00:19.463 [main] INFO  c.gettingstarted.MyAlgoLogic - [MYALGO] The state of the order book is:
|----BID-----||----ASK----|
    134 @ 43    501 @ 98
    145 @ 76   200 @ 101
    300 @ 91  5000 @ 110
    200 @ 93  5600 @ 119
    100 @ 95   453 @ 123
    154 @ 98   645 @ 144
          -    665 @ 167
|------------||-----------|

13:00:19.463 [main] INFO  c.gettingstarted.MyAlgoLogic - [MYALGO] Algo Sees Book as: 
|----BID-----||----ASK----|
    134 @ 43    501 @ 98
    145 @ 76   200 @ 101
    300 @ 91  5000 @ 110
    200 @ 93  5600 @ 119
    100 @ 95   453 @ 123
    154 @ 98   645 @ 144
          -    665 @ 167
|------------||-----------|

13:00:19.463 [main] INFO  c.gettingstarted.TimedLogic - [TIMEDLOGIC] Market is open
13:00:19.463 [main] INFO  c.sequencer.consumer.LoggingConsumer - [95] 
|----BID-----|
    134 @ 43
    145 @ 76
    300 @ 91
    200 @ 93
    100 @ 95
    154 @ 98
|----ASK-----|
    501 @ 98
   200 @ 101
  5000 @ 110
  5600 @ 119
   453 @ 123
   645 @ 144
   665 @ 167

13:00:19.463 [main] INFO  c.orderbook.OrderBook - [ORDERBOOK] Processing Mkt Data Update
13:00:19.463 [main] INFO  c.o.v.MutatingRemoveAllMarketDataOrdersVisitor - [ORDERBOOK] Removing market data order:MktData(price=43,quantity=134)
13:00:19.463 [main] DEBUG c.orderbook.OrderBook - [ORDERBOOK] ASK: Adding orderMktData(price=43,quantity=134)
13:00:19.463 [main] INFO  c.o.visitor.MutatingAddOrderVisitor - [ORDERBOOK] + Limit(side=BUY,orderId=16,price=43,quantity=2195456)
13:00:19.463 [main] DEBUG c.orderbook.OrderBook - [ORDERBOOK] ASK: Adding orderMktData(price=76,quantity=145)
13:00:19.463 [main] DEBUG c.orderbook.OrderBook - [ORDERBOOK] ASK: Adding orderMktData(price=91,quantity=300)
13:00:19.463 [main] DEBUG c.orderbook.OrderBook - [ORDERBOOK] ASK: Adding orderMktData(price=93,quantity=200)
13:00:19.463 [main] DEBUG c.orderbook.OrderBook - [ORDERBOOK] ASK: Adding orderMktData(price=95,quantity=100)
13:00:19.463 [main] DEBUG c.orderbook.OrderBook - [ORDERBOOK] ASK: Adding orderMktData(price=98,quantity=154)
13:00:19.463 [main] INFO  c.o.v.MutatingMatchOneMarketDataOrderVisitor - [ORDERBOOK] visiting LevelOrderBookLevel(price=43,quantity=4259458)
13:00:19.463 [main] INFO  c.o.v.MutatingMatchOneMarketDataOrderVisitor - [ORDERBOOK] Can't match order:Limit(side=BUY,orderId=3,price=43,quantity=268)(MktData(price=98,quantity=154))
13:00:19.463 [main] INFO  c.o.v.MutatingMatchOneMarketDataOrderVisitor - [ORDERBOOK] Can't match order:Limit(side=BUY,orderId=5,price=43,quantity=1072)(MktData(price=98,quantity=154))
13:00:19.463 [main] INFO  c.o.v.MutatingMatchOneMarketDataOrderVisitor - [ORDERBOOK] Can't match order:Limit(side=BUY,orderId=7,price=43,quantity=4288)(MktData(price=98,quantity=154))
13:00:19.463 [main] INFO  c.o.v.MutatingMatchOneMarketDataOrderVisitor - [ORDERBOOK] Can't match order:Limit(side=BUY,orderId=9,price=43,quantity=17152)(MktData(price=98,quantity=154))
13:00:19.463 [main] INFO  c.o.v.MutatingMatchOneMarketDataOrderVisitor - [ORDERBOOK] Can't match order:Limit(side=BUY,orderId=11,price=43,quantity=68608)(MktData(price=98,quantity=154))
13:00:19.463 [main] INFO  c.o.v.MutatingMatchOneMarketDataOrderVisitor - [ORDERBOOK] Can't match order:Limit(side=BUY,orderId=12,price=43,quantity=137216)(MktData(price=98,quantity=154))
13:00:19.463 [main] INFO  c.o.v.MutatingMatchOneMarketDataOrderVisitor - [ORDERBOOK] Can't match order:Limit(side=BUY,orderId=13,price=43,quantity=274432)(MktData(price=98,quantity=154))
13:00:19.463 [main] INFO  c.o.v.MutatingMatchOneMarketDataOrderVisitor - [ORDERBOOK] Can't match order:Limit(side=BUY,orderId=14,price=43,quantity=548864)(MktData(price=98,quantity=154))
13:00:19.463 [main] INFO  c.o.v.MutatingMatchOneMarketDataOrderVisitor - [ORDERBOOK] Can't match order:Limit(side=BUY,orderId=15,price=43,quantity=1097728)(MktData(price=98,quantity=154))
13:00:19.463 [main] INFO  c.o.v.MutatingMatchOneMarketDataOrderVisitor - [ORDERBOOK] Can't match order:Limit(side=BUY,orderId=16,price=43,quantity=2195456)(MktData(price=98,quantity=154))
13:00:19.463 [main] INFO  c.o.v.MutatingMatchOneMarketDataOrderVisitor - [ORDERBOOK] Can't match order:MktData(price=43,quantity=134)(MktData(price=98,quantity=154))
13:00:19.463 [main] INFO  c.o.v.MutatingRemoveAllMarketDataOrdersVisitor - [ORDERBOOK] Removing market data order:MktData(price=98,quantity=501)
13:00:19.463 [main] INFO  c.o.v.MutatingRemoveAllMarketDataOrdersVisitor - [ORDERBOOK] Removing market data order:MktData(price=110,quantity=5000)
13:00:19.463 [main] INFO  c.o.v.MutatingRemoveAllMarketDataOrdersVisitor - [ORDERBOOK] Removing market data order:MktData(price=123,quantity=453)
13:00:19.463 [main] INFO  c.o.v.MutatingRemoveAllMarketDataOrdersVisitor - [ORDERBOOK] Removing market data order:MktData(price=167,quantity=665)
13:00:19.463 [main] DEBUG c.orderbook.OrderBook - [ORDERBOOK] ASK: Adding orderMktData(price=98,quantity=501)
13:00:19.463 [main] INFO  c.o.visitor.MutatingAddOrderVisitor - [ORDERBOOK] + Limit(side=SELL,orderId=17,price=98,quantity=501)
13:00:19.463 [main] DEBUG c.orderbook.OrderBook - [ORDERBOOK] ASK: Adding orderMktData(price=101,quantity=200)
13:00:19.463 [main] DEBUG c.orderbook.OrderBook - [ORDERBOOK] ASK: Adding orderMktData(price=110,quantity=5000)
13:00:19.463 [main] DEBUG c.orderbook.OrderBook - [ORDERBOOK] ASK: Adding orderMktData(price=119,quantity=5600)
13:00:19.463 [main] DEBUG c.orderbook.OrderBook - [ORDERBOOK] ASK: Adding orderMktData(price=123,quantity=453)
13:00:19.463 [main] DEBUG c.orderbook.OrderBook - [ORDERBOOK] ASK: Adding orderMktData(price=144,quantity=645)
13:00:19.463 [main] DEBUG c.orderbook.OrderBook - [ORDERBOOK] ASK: Adding orderMktData(price=167,quantity=665)
13:00:19.463 [main] DEBUG c.service.MarketDataService - [ALGO] BID: price:43 quantity:134
13:00:19.463 [main] DEBUG c.service.MarketDataService - [ALGO] BID: price:76 quantity:145
13:00:19.463 [main] DEBUG c.service.MarketDataService - [ALGO] BID: price:91 quantity:300
13:00:19.463 [main] DEBUG c.service.MarketDataService - [ALGO] BID: price:93 quantity:200
13:00:19.463 [main] DEBUG c.service.MarketDataService - [ALGO] BID: price:95 quantity:100
13:00:19.463 [main] DEBUG c.service.MarketDataService - [ALGO] BID: price:98 quantity:154
13:00:19.463 [main] DEBUG c.service.MarketDataService - [ALGO] ASK: price:98 quantity:501
13:00:19.463 [main] DEBUG c.service.MarketDataService - [ALGO] ASK: price:101 quantity:200
13:00:19.463 [main] DEBUG c.service.MarketDataService - [ALGO] ASK: price:110 quantity:5000
13:00:19.463 [main] DEBUG c.service.MarketDataService - [ALGO] ASK: price:119 quantity:5600
13:00:19.463 [main] DEBUG c.service.MarketDataService - [ALGO] ASK: price:123 quantity:453
13:00:19.463 [main] DEBUG c.service.MarketDataService - [ALGO] ASK: price:144 quantity:645
13:00:19.463 [main] DEBUG c.service.MarketDataService - [ALGO] ASK: price:167 quantity:665
13:00:19.463 [main] INFO  c.gettingstarted.MyAlgoLogic - [MYALGO] The state of the order book is:
|----BID-----||----ASK----|
    134 @ 43    501 @ 98
    145 @ 76   200 @ 101
    300 @ 91  5000 @ 110
    200 @ 93  5600 @ 119
    100 @ 95   453 @ 123
    154 @ 98   645 @ 144
          -    665 @ 167
|------------||-----------|

13:00:19.463 [main] INFO  c.gettingstarted.MyAlgoLogic - [MYALGO] Algo Sees Book as: 
|----BID-----||----ASK----|
    134 @ 43    501 @ 98
    145 @ 76   200 @ 101
    300 @ 91  5000 @ 110
    200 @ 93  5600 @ 119
    100 @ 95   453 @ 123
    154 @ 98   645 @ 144
          -    665 @ 167
|------------||-----------|

13:00:19.463 [main] INFO  c.gettingstarted.TimedLogic - [TIMEDLOGIC] Market is open
13:00:19.463 [main] INFO  c.sequencer.consumer.LoggingConsumer - [96] 
|----BID-----|
    134 @ 43
    145 @ 76
    300 @ 91
    200 @ 93
    100 @ 95
    154 @ 98
|----ASK-----|
    501 @ 98
   200 @ 101
  5000 @ 110
  5600 @ 119
   453 @ 123
   645 @ 144
   665 @ 167

13:00:19.463 [main] INFO  c.orderbook.OrderBook - [ORDERBOOK] Processing Mkt Data Update
13:00:19.463 [main] INFO  c.o.v.MutatingRemoveAllMarketDataOrdersVisitor - [ORDERBOOK] Removing market data order:MktData(price=43,quantity=134)
13:00:19.463 [main] DEBUG c.orderbook.OrderBook - [ORDERBOOK] ASK: Adding orderMktData(price=43,quantity=134)
13:00:19.463 [main] INFO  c.o.visitor.MutatingAddOrderVisitor - [ORDERBOOK] + Limit(side=BUY,orderId=16,price=43,quantity=2195456)
13:00:19.463 [main] DEBUG c.orderbook.OrderBook - [ORDERBOOK] ASK: Adding orderMktData(price=76,quantity=145)
13:00:19.463 [main] DEBUG c.orderbook.OrderBook - [ORDERBOOK] ASK: Adding orderMktData(price=91,quantity=300)
13:00:19.463 [main] DEBUG c.orderbook.OrderBook - [ORDERBOOK] ASK: Adding orderMktData(price=93,quantity=200)
13:00:19.463 [main] DEBUG c.orderbook.OrderBook - [ORDERBOOK] ASK: Adding orderMktData(price=95,quantity=100)
13:00:19.463 [main] DEBUG c.orderbook.OrderBook - [ORDERBOOK] ASK: Adding orderMktData(price=98,quantity=154)
13:00:19.463 [main] INFO  c.o.v.MutatingMatchOneMarketDataOrderVisitor - [ORDERBOOK] visiting LevelOrderBookLevel(price=43,quantity=4259592)
13:00:19.463 [main] INFO  c.o.v.MutatingMatchOneMarketDataOrderVisitor - [ORDERBOOK] Can't match order:Limit(side=BUY,orderId=3,price=43,quantity=268)(MktData(price=98,quantity=154))
13:00:19.463 [main] INFO  c.o.v.MutatingMatchOneMarketDataOrderVisitor - [ORDERBOOK] Can't match order:Limit(side=BUY,orderId=5,price=43,quantity=1072)(MktData(price=98,quantity=154))
13:00:19.463 [main] INFO  c.o.v.MutatingMatchOneMarketDataOrderVisitor - [ORDERBOOK] Can't match order:Limit(side=BUY,orderId=7,price=43,quantity=4288)(MktData(price=98,quantity=154))
13:00:19.463 [main] INFO  c.o.v.MutatingMatchOneMarketDataOrderVisitor - [ORDERBOOK] Can't match order:Limit(side=BUY,orderId=9,price=43,quantity=17152)(MktData(price=98,quantity=154))
13:00:19.463 [main] INFO  c.o.v.MutatingMatchOneMarketDataOrderVisitor - [ORDERBOOK] Can't match order:Limit(side=BUY,orderId=11,price=43,quantity=68608)(MktData(price=98,quantity=154))
13:00:19.463 [main] INFO  c.o.v.MutatingMatchOneMarketDataOrderVisitor - [ORDERBOOK] Can't match order:Limit(side=BUY,orderId=12,price=43,quantity=137216)(MktData(price=98,quantity=154))
13:00:19.463 [main] INFO  c.o.v.MutatingMatchOneMarketDataOrderVisitor - [ORDERBOOK] Can't match order:Limit(side=BUY,orderId=13,price=43,quantity=274432)(MktData(price=98,quantity=154))
13:00:19.463 [main] INFO  c.o.v.MutatingMatchOneMarketDataOrderVisitor - [ORDERBOOK] Can't match order:Limit(side=BUY,orderId=14,price=43,quantity=548864)(MktData(price=98,quantity=154))
13:00:19.463 [main] INFO  c.o.v.MutatingMatchOneMarketDataOrderVisitor - [ORDERBOOK] Can't match order:Limit(side=BUY,orderId=15,price=43,quantity=1097728)(MktData(price=98,quantity=154))
13:00:19.463 [main] INFO  c.o.v.MutatingMatchOneMarketDataOrderVisitor - [ORDERBOOK] Can't match order:Limit(side=BUY,orderId=16,price=43,quantity=2195456)(MktData(price=98,quantity=154))
13:00:19.463 [main] INFO  c.o.v.MutatingMatchOneMarketDataOrderVisitor - [ORDERBOOK] Can't match order:MktData(price=43,quantity=134)(MktData(price=98,quantity=154))
13:00:19.463 [main] INFO  c.o.v.MutatingRemoveAllMarketDataOrdersVisitor - [ORDERBOOK] Removing market data order:MktData(price=98,quantity=501)
13:00:19.463 [main] INFO  c.o.v.MutatingRemoveAllMarketDataOrdersVisitor - [ORDERBOOK] Removing market data order:MktData(price=110,quantity=5000)
13:00:19.463 [main] INFO  c.o.v.MutatingRemoveAllMarketDataOrdersVisitor - [ORDERBOOK] Removing market data order:MktData(price=123,quantity=453)
13:00:19.463 [main] INFO  c.o.v.MutatingRemoveAllMarketDataOrdersVisitor - [ORDERBOOK] Removing market data order:MktData(price=167,quantity=665)
13:00:19.463 [main] DEBUG c.orderbook.OrderBook - [ORDERBOOK] ASK: Adding orderMktData(price=98,quantity=501)
13:00:19.463 [main] INFO  c.o.visitor.MutatingAddOrderVisitor - [ORDERBOOK] + Limit(side=SELL,orderId=17,price=98,quantity=501)
13:00:19.463 [main] DEBUG c.orderbook.OrderBook - [ORDERBOOK] ASK: Adding orderMktData(price=101,quantity=200)
13:00:19.463 [main] DEBUG c.orderbook.OrderBook - [ORDERBOOK] ASK: Adding orderMktData(price=110,quantity=5000)
13:00:19.463 [main] DEBUG c.orderbook.OrderBook - [ORDERBOOK] ASK: Adding orderMktData(price=119,quantity=5600)
13:00:19.463 [main] DEBUG c.orderbook.OrderBook - [ORDERBOOK] ASK: Adding orderMktData(price=123,quantity=453)
13:00:19.463 [main] DEBUG c.orderbook.OrderBook - [ORDERBOOK] ASK: Adding orderMktData(price=144,quantity=645)
13:00:19.463 [main] DEBUG c.orderbook.OrderBook - [ORDERBOOK] ASK: Adding orderMktData(price=167,quantity=665)
13:00:19.463 [main] DEBUG c.service.MarketDataService - [ALGO] BID: price:43 quantity:134
13:00:19.463 [main] DEBUG c.service.MarketDataService - [ALGO] BID: price:76 quantity:145
13:00:19.463 [main] DEBUG c.service.MarketDataService - [ALGO] BID: price:91 quantity:300
13:00:19.463 [main] DEBUG c.service.MarketDataService - [ALGO] BID: price:93 quantity:200
13:00:19.463 [main] DEBUG c.service.MarketDataService - [ALGO] BID: price:95 quantity:100
13:00:19.463 [main] DEBUG c.service.MarketDataService - [ALGO] BID: price:98 quantity:154
13:00:19.463 [main] DEBUG c.service.MarketDataService - [ALGO] ASK: price:98 quantity:501
13:00:19.463 [main] DEBUG c.service.MarketDataService - [ALGO] ASK: price:101 quantity:200
13:00:19.463 [main] DEBUG c.service.MarketDataService - [ALGO] ASK: price:110 quantity:5000
13:00:19.463 [main] DEBUG c.service.MarketDataService - [ALGO] ASK: price:119 quantity:5600
13:00:19.463 [main] DEBUG c.service.MarketDataService - [ALGO] ASK: price:123 quantity:453
13:00:19.463 [main] DEBUG c.service.MarketDataService - [ALGO] ASK: price:144 quantity:645
13:00:19.463 [main] DEBUG c.service.MarketDataService - [ALGO] ASK: price:167 quantity:665
13:00:19.463 [main] INFO  c.gettingstarted.MyAlgoLogic - [MYALGO] The state of the order book is:
|----BID-----||----ASK----|
    134 @ 43    501 @ 98
    145 @ 76   200 @ 101
    300 @ 91  5000 @ 110
    200 @ 93  5600 @ 119
    100 @ 95   453 @ 123
    154 @ 98   645 @ 144
          -    665 @ 167
|------------||-----------|

13:00:19.463 [main] INFO  c.gettingstarted.MyAlgoLogic - [MYALGO] Algo Sees Book as: 
|----BID-----||----ASK----|
    134 @ 43    501 @ 98
    145 @ 76   200 @ 101
    300 @ 91  5000 @ 110
    200 @ 93  5600 @ 119
    100 @ 95   453 @ 123
    154 @ 98   645 @ 144
          -    665 @ 167
|------------||-----------|

13:00:19.463 [main] INFO  c.gettingstarted.TimedLogic - [TIMEDLOGIC] Market is open
13:00:19.463 [main] INFO  c.sequencer.consumer.LoggingConsumer - [97] 
|----BID-----|
    134 @ 43
    145 @ 76
    300 @ 91
    200 @ 93
    100 @ 95
    154 @ 98
|----ASK-----|
    501 @ 98
   200 @ 101
  5000 @ 110
  5600 @ 119
   453 @ 123
   645 @ 144
   665 @ 167

13:00:19.463 [main] INFO  c.orderbook.OrderBook - [ORDERBOOK] Processing Mkt Data Update
13:00:19.463 [main] INFO  c.o.v.MutatingRemoveAllMarketDataOrdersVisitor - [ORDERBOOK] Removing market data order:MktData(price=43,quantity=134)
13:00:19.463 [main] DEBUG c.orderbook.OrderBook - [ORDERBOOK] ASK: Adding orderMktData(price=43,quantity=134)
13:00:19.463 [main] INFO  c.o.visitor.MutatingAddOrderVisitor - [ORDERBOOK] + Limit(side=BUY,orderId=16,price=43,quantity=2195456)
13:00:19.463 [main] DEBUG c.orderbook.OrderBook - [ORDERBOOK] ASK: Adding orderMktData(price=76,quantity=145)
13:00:19.463 [main] DEBUG c.orderbook.OrderBook - [ORDERBOOK] ASK: Adding orderMktData(price=91,quantity=300)
13:00:19.463 [main] DEBUG c.orderbook.OrderBook - [ORDERBOOK] ASK: Adding orderMktData(price=93,quantity=200)
13:00:19.463 [main] DEBUG c.orderbook.OrderBook - [ORDERBOOK] ASK: Adding orderMktData(price=95,quantity=100)
13:00:19.463 [main] DEBUG c.orderbook.OrderBook - [ORDERBOOK] ASK: Adding orderMktData(price=98,quantity=154)
13:00:19.463 [main] INFO  c.o.v.MutatingMatchOneMarketDataOrderVisitor - [ORDERBOOK] visiting LevelOrderBookLevel(price=43,quantity=4259726)
13:00:19.463 [main] INFO  c.o.v.MutatingMatchOneMarketDataOrderVisitor - [ORDERBOOK] Can't match order:Limit(side=BUY,orderId=3,price=43,quantity=268)(MktData(price=98,quantity=154))
13:00:19.463 [main] INFO  c.o.v.MutatingMatchOneMarketDataOrderVisitor - [ORDERBOOK] Can't match order:Limit(side=BUY,orderId=5,price=43,quantity=1072)(MktData(price=98,quantity=154))
13:00:19.463 [main] INFO  c.o.v.MutatingMatchOneMarketDataOrderVisitor - [ORDERBOOK] Can't match order:Limit(side=BUY,orderId=7,price=43,quantity=4288)(MktData(price=98,quantity=154))
13:00:19.463 [main] INFO  c.o.v.MutatingMatchOneMarketDataOrderVisitor - [ORDERBOOK] Can't match order:Limit(side=BUY,orderId=9,price=43,quantity=17152)(MktData(price=98,quantity=154))
13:00:19.463 [main] INFO  c.o.v.MutatingMatchOneMarketDataOrderVisitor - [ORDERBOOK] Can't match order:Limit(side=BUY,orderId=11,price=43,quantity=68608)(MktData(price=98,quantity=154))
13:00:19.463 [main] INFO  c.o.v.MutatingMatchOneMarketDataOrderVisitor - [ORDERBOOK] Can't match order:Limit(side=BUY,orderId=12,price=43,quantity=137216)(MktData(price=98,quantity=154))
13:00:19.463 [main] INFO  c.o.v.MutatingMatchOneMarketDataOrderVisitor - [ORDERBOOK] Can't match order:Limit(side=BUY,orderId=13,price=43,quantity=274432)(MktData(price=98,quantity=154))
13:00:19.463 [main] INFO  c.o.v.MutatingMatchOneMarketDataOrderVisitor - [ORDERBOOK] Can't match order:Limit(side=BUY,orderId=14,price=43,quantity=548864)(MktData(price=98,quantity=154))
13:00:19.463 [main] INFO  c.o.v.MutatingMatchOneMarketDataOrderVisitor - [ORDERBOOK] Can't match order:Limit(side=BUY,orderId=15,price=43,quantity=1097728)(MktData(price=98,quantity=154))
13:00:19.463 [main] INFO  c.o.v.MutatingMatchOneMarketDataOrderVisitor - [ORDERBOOK] Can't match order:Limit(side=BUY,orderId=16,price=43,quantity=2195456)(MktData(price=98,quantity=154))
13:00:19.463 [main] INFO  c.o.v.MutatingMatchOneMarketDataOrderVisitor - [ORDERBOOK] Can't match order:MktData(price=43,quantity=134)(MktData(price=98,quantity=154))
13:00:19.463 [main] INFO  c.o.v.MutatingRemoveAllMarketDataOrdersVisitor - [ORDERBOOK] Removing market data order:MktData(price=98,quantity=501)
13:00:19.463 [main] INFO  c.o.v.MutatingRemoveAllMarketDataOrdersVisitor - [ORDERBOOK] Removing market data order:MktData(price=110,quantity=5000)
13:00:19.463 [main] INFO  c.o.v.MutatingRemoveAllMarketDataOrdersVisitor - [ORDERBOOK] Removing market data order:MktData(price=123,quantity=453)
13:00:19.463 [main] INFO  c.o.v.MutatingRemoveAllMarketDataOrdersVisitor - [ORDERBOOK] Removing market data order:MktData(price=167,quantity=665)
13:00:19.463 [main] DEBUG c.orderbook.OrderBook - [ORDERBOOK] ASK: Adding orderMktData(price=98,quantity=501)
13:00:19.463 [main] INFO  c.o.visitor.MutatingAddOrderVisitor - [ORDERBOOK] + Limit(side=SELL,orderId=17,price=98,quantity=501)
13:00:19.463 [main] DEBUG c.orderbook.OrderBook - [ORDERBOOK] ASK: Adding orderMktData(price=101,quantity=200)
13:00:19.463 [main] DEBUG c.orderbook.OrderBook - [ORDERBOOK] ASK: Adding orderMktData(price=110,quantity=5000)
13:00:19.463 [main] DEBUG c.orderbook.OrderBook - [ORDERBOOK] ASK: Adding orderMktData(price=119,quantity=5600)
13:00:19.463 [main] DEBUG c.orderbook.OrderBook - [ORDERBOOK] ASK: Adding orderMktData(price=123,quantity=453)
13:00:19.463 [main] DEBUG c.orderbook.OrderBook - [ORDERBOOK] ASK: Adding orderMktData(price=144,quantity=645)
13:00:19.463 [main] DEBUG c.orderbook.OrderBook - [ORDERBOOK] ASK: Adding orderMktData(price=167,quantity=665)
13:00:19.463 [main] DEBUG c.service.MarketDataService - [ALGO] BID: price:43 quantity:134
13:00:19.463 [main] DEBUG c.service.MarketDataService - [ALGO] BID: price:76 quantity:145
13:00:19.463 [main] DEBUG c.service.MarketDataService - [ALGO] BID: price:91 quantity:300
13:00:19.463 [main] DEBUG c.service.MarketDataService - [ALGO] BID: price:93 quantity:200
13:00:19.463 [main] DEBUG c.service.MarketDataService - [ALGO] BID: price:95 quantity:100
13:00:19.463 [main] DEBUG c.service.MarketDataService - [ALGO] BID: price:98 quantity:154
13:00:19.463 [main] DEBUG c.service.MarketDataService - [ALGO] ASK: price:98 quantity:501
13:00:19.463 [main] DEBUG c.service.MarketDataService - [ALGO] ASK: price:101 quantity:200
13:00:19.463 [main] DEBUG c.service.MarketDataService - [ALGO] ASK: price:110 quantity:5000
13:00:19.463 [main] DEBUG c.service.MarketDataService - [ALGO] ASK: price:119 quantity:5600
13:00:19.463 [main] DEBUG c.service.MarketDataService - [ALGO] ASK: price:123 quantity:453
13:00:19.463 [main] DEBUG c.service.MarketDataService - [ALGO] ASK: price:144 quantity:645
13:00:19.463 [main] DEBUG c.service.MarketDataService - [ALGO] ASK: price:167 quantity:665
13:00:19.463 [main] INFO  c.gettingstarted.MyAlgoLogic - [MYALGO] The state of the order book is:
|----BID-----||----ASK----|
    134 @ 43    501 @ 98
    145 @ 76   200 @ 101
    300 @ 91  5000 @ 110
    200 @ 93  5600 @ 119
    100 @ 95   453 @ 123
    154 @ 98   645 @ 144
          -    665 @ 167
|------------||-----------|

13:00:19.463 [main] INFO  c.gettingstarted.MyAlgoLogic - [MYALGO] Algo Sees Book as: 
|----BID-----||----ASK----|
    134 @ 43    501 @ 98
    145 @ 76   200 @ 101
    300 @ 91  5000 @ 110
    200 @ 93  5600 @ 119
    100 @ 95   453 @ 123
    154 @ 98   645 @ 144
          -    665 @ 167
|------------||-----------|

13:00:19.463 [main] INFO  c.gettingstarted.TimedLogic - [TIMEDLOGIC] Market is open
13:00:19.463 [main] INFO  c.sequencer.consumer.LoggingConsumer - [98] 
|----BID-----|
    134 @ 43
    145 @ 76
    300 @ 91
    200 @ 93
    100 @ 95
    154 @ 98
|----ASK-----|
    501 @ 98
   200 @ 101
  5000 @ 110
  5600 @ 119
   453 @ 123
   645 @ 144
   665 @ 167

13:00:19.463 [main] INFO  c.orderbook.OrderBook - [ORDERBOOK] Processing Mkt Data Update
13:00:19.463 [main] INFO  c.o.v.MutatingRemoveAllMarketDataOrdersVisitor - [ORDERBOOK] Removing market data order:MktData(price=43,quantity=134)
13:00:19.463 [main] DEBUG c.orderbook.OrderBook - [ORDERBOOK] ASK: Adding orderMktData(price=43,quantity=134)
13:00:19.463 [main] INFO  c.o.visitor.MutatingAddOrderVisitor - [ORDERBOOK] + Limit(side=BUY,orderId=16,price=43,quantity=2195456)
13:00:19.463 [main] DEBUG c.orderbook.OrderBook - [ORDERBOOK] ASK: Adding orderMktData(price=76,quantity=145)
13:00:19.463 [main] DEBUG c.orderbook.OrderBook - [ORDERBOOK] ASK: Adding orderMktData(price=91,quantity=300)
13:00:19.463 [main] DEBUG c.orderbook.OrderBook - [ORDERBOOK] ASK: Adding orderMktData(price=93,quantity=200)
13:00:19.463 [main] DEBUG c.orderbook.OrderBook - [ORDERBOOK] ASK: Adding orderMktData(price=95,quantity=100)
13:00:19.463 [main] DEBUG c.orderbook.OrderBook - [ORDERBOOK] ASK: Adding orderMktData(price=98,quantity=154)
13:00:19.463 [main] INFO  c.o.v.MutatingMatchOneMarketDataOrderVisitor - [ORDERBOOK] visiting LevelOrderBookLevel(price=43,quantity=4259860)
13:00:19.463 [main] INFO  c.o.v.MutatingMatchOneMarketDataOrderVisitor - [ORDERBOOK] Can't match order:Limit(side=BUY,orderId=3,price=43,quantity=268)(MktData(price=98,quantity=154))
13:00:19.463 [main] INFO  c.o.v.MutatingMatchOneMarketDataOrderVisitor - [ORDERBOOK] Can't match order:Limit(side=BUY,orderId=5,price=43,quantity=1072)(MktData(price=98,quantity=154))
13:00:19.463 [main] INFO  c.o.v.MutatingMatchOneMarketDataOrderVisitor - [ORDERBOOK] Can't match order:Limit(side=BUY,orderId=7,price=43,quantity=4288)(MktData(price=98,quantity=154))
13:00:19.463 [main] INFO  c.o.v.MutatingMatchOneMarketDataOrderVisitor - [ORDERBOOK] Can't match order:Limit(side=BUY,orderId=9,price=43,quantity=17152)(MktData(price=98,quantity=154))
13:00:19.463 [main] INFO  c.o.v.MutatingMatchOneMarketDataOrderVisitor - [ORDERBOOK] Can't match order:Limit(side=BUY,orderId=11,price=43,quantity=68608)(MktData(price=98,quantity=154))
13:00:19.463 [main] INFO  c.o.v.MutatingMatchOneMarketDataOrderVisitor - [ORDERBOOK] Can't match order:Limit(side=BUY,orderId=12,price=43,quantity=137216)(MktData(price=98,quantity=154))
13:00:19.463 [main] INFO  c.o.v.MutatingMatchOneMarketDataOrderVisitor - [ORDERBOOK] Can't match order:Limit(side=BUY,orderId=13,price=43,quantity=274432)(MktData(price=98,quantity=154))
13:00:19.463 [main] INFO  c.o.v.MutatingMatchOneMarketDataOrderVisitor - [ORDERBOOK] Can't match order:Limit(side=BUY,orderId=14,price=43,quantity=548864)(MktData(price=98,quantity=154))
13:00:19.463 [main] INFO  c.o.v.MutatingMatchOneMarketDataOrderVisitor - [ORDERBOOK] Can't match order:Limit(side=BUY,orderId=15,price=43,quantity=1097728)(MktData(price=98,quantity=154))
13:00:19.463 [main] INFO  c.o.v.MutatingMatchOneMarketDataOrderVisitor - [ORDERBOOK] Can't match order:Limit(side=BUY,orderId=16,price=43,quantity=2195456)(MktData(price=98,quantity=154))
13:00:19.463 [main] INFO  c.o.v.MutatingMatchOneMarketDataOrderVisitor - [ORDERBOOK] Can't match order:MktData(price=43,quantity=134)(MktData(price=98,quantity=154))
13:00:19.463 [main] INFO  c.o.v.MutatingRemoveAllMarketDataOrdersVisitor - [ORDERBOOK] Removing market data order:MktData(price=98,quantity=501)
13:00:19.463 [main] INFO  c.o.v.MutatingRemoveAllMarketDataOrdersVisitor - [ORDERBOOK] Removing market data order:MktData(price=110,quantity=5000)
13:00:19.463 [main] INFO  c.o.v.MutatingRemoveAllMarketDataOrdersVisitor - [ORDERBOOK] Removing market data order:MktData(price=123,quantity=453)
13:00:19.463 [main] INFO  c.o.v.MutatingRemoveAllMarketDataOrdersVisitor - [ORDERBOOK] Removing market data order:MktData(price=167,quantity=665)
13:00:19.463 [main] DEBUG c.orderbook.OrderBook - [ORDERBOOK] ASK: Adding orderMktData(price=98,quantity=501)
13:00:19.463 [main] INFO  c.o.visitor.MutatingAddOrderVisitor - [ORDERBOOK] + Limit(side=SELL,orderId=17,price=98,quantity=501)
13:00:19.463 [main] DEBUG c.orderbook.OrderBook - [ORDERBOOK] ASK: Adding orderMktData(price=101,quantity=200)
13:00:19.463 [main] DEBUG c.orderbook.OrderBook - [ORDERBOOK] ASK: Adding orderMktData(price=110,quantity=5000)
13:00:19.463 [main] DEBUG c.orderbook.OrderBook - [ORDERBOOK] ASK: Adding orderMktData(price=119,quantity=5600)
13:00:19.463 [main] DEBUG c.orderbook.OrderBook - [ORDERBOOK] ASK: Adding orderMktData(price=123,quantity=453)
13:00:19.463 [main] DEBUG c.orderbook.OrderBook - [ORDERBOOK] ASK: Adding orderMktData(price=144,quantity=645)
13:00:19.463 [main] DEBUG c.orderbook.OrderBook - [ORDERBOOK] ASK: Adding orderMktData(price=167,quantity=665)
13:00:19.463 [main] DEBUG c.service.MarketDataService - [ALGO] BID: price:43 quantity:134
13:00:19.463 [main] DEBUG c.service.MarketDataService - [ALGO] BID: price:76 quantity:145
13:00:19.463 [main] DEBUG c.service.MarketDataService - [ALGO] BID: price:91 quantity:300
13:00:19.463 [main] DEBUG c.service.MarketDataService - [ALGO] BID: price:93 quantity:200
13:00:19.463 [main] DEBUG c.service.MarketDataService - [ALGO] BID: price:95 quantity:100
13:00:19.463 [main] DEBUG c.service.MarketDataService - [ALGO] BID: price:98 quantity:154
13:00:19.463 [main] DEBUG c.service.MarketDataService - [ALGO] ASK: price:98 quantity:501
13:00:19.463 [main] DEBUG c.service.MarketDataService - [ALGO] ASK: price:101 quantity:200
13:00:19.463 [main] DEBUG c.service.MarketDataService - [ALGO] ASK: price:110 quantity:5000
13:00:19.463 [main] DEBUG c.service.MarketDataService - [ALGO] ASK: price:119 quantity:5600
13:00:19.463 [main] DEBUG c.service.MarketDataService - [ALGO] ASK: price:123 quantity:453
13:00:19.463 [main] DEBUG c.service.MarketDataService - [ALGO] ASK: price:144 quantity:645
13:00:19.463 [main] DEBUG c.service.MarketDataService - [ALGO] ASK: price:167 quantity:665
13:00:19.463 [main] INFO  c.gettingstarted.MyAlgoLogic - [MYALGO] The state of the order book is:
|----BID-----||----ASK----|
    134 @ 43    501 @ 98
    145 @ 76   200 @ 101
    300 @ 91  5000 @ 110
    200 @ 93  5600 @ 119
    100 @ 95   453 @ 123
    154 @ 98   645 @ 144
          -    665 @ 167
|------------||-----------|

13:00:19.463 [main] INFO  c.gettingstarted.MyAlgoLogic - [MYALGO] Algo Sees Book as: 
|----BID-----||----ASK----|
    134 @ 43    501 @ 98
    145 @ 76   200 @ 101
    300 @ 91  5000 @ 110
    200 @ 93  5600 @ 119
    100 @ 95   453 @ 123
    154 @ 98   645 @ 144
          -    665 @ 167
|------------||-----------|

13:00:19.463 [main] INFO  c.gettingstarted.TimedLogic - [TIMEDLOGIC] Market is open
13:00:19.463 [main] INFO  c.sequencer.consumer.LoggingConsumer - [99] 
|----BID-----|
    134 @ 43
    145 @ 76
    300 @ 91
    200 @ 93
    100 @ 95
    154 @ 98
|----ASK-----|
    501 @ 98
   200 @ 101
  5000 @ 110
  5600 @ 119
   453 @ 123
   645 @ 144
   665 @ 167

13:00:19.463 [main] INFO  c.orderbook.OrderBook - [ORDERBOOK] Processing Mkt Data Update
13:00:19.463 [main] INFO  c.o.v.MutatingRemoveAllMarketDataOrdersVisitor - [ORDERBOOK] Removing market data order:MktData(price=43,quantity=134)
13:00:19.463 [main] DEBUG c.orderbook.OrderBook - [ORDERBOOK] ASK: Adding orderMktData(price=43,quantity=134)
13:00:19.463 [main] INFO  c.o.visitor.MutatingAddOrderVisitor - [ORDERBOOK] + Limit(side=BUY,orderId=16,price=43,quantity=2195456)
13:00:19.463 [main] DEBUG c.orderbook.OrderBook - [ORDERBOOK] ASK: Adding orderMktData(price=76,quantity=145)
13:00:19.463 [main] DEBUG c.orderbook.OrderBook - [ORDERBOOK] ASK: Adding orderMktData(price=91,quantity=300)
13:00:19.463 [main] DEBUG c.orderbook.OrderBook - [ORDERBOOK] ASK: Adding orderMktData(price=93,quantity=200)
13:00:19.463 [main] DEBUG c.orderbook.OrderBook - [ORDERBOOK] ASK: Adding orderMktData(price=95,quantity=100)
13:00:19.463 [main] DEBUG c.orderbook.OrderBook - [ORDERBOOK] ASK: Adding orderMktData(price=98,quantity=154)
13:00:19.463 [main] INFO  c.o.v.MutatingMatchOneMarketDataOrderVisitor - [ORDERBOOK] visiting LevelOrderBookLevel(price=43,quantity=4259994)
13:00:19.463 [main] INFO  c.o.v.MutatingMatchOneMarketDataOrderVisitor - [ORDERBOOK] Can't match order:Limit(side=BUY,orderId=3,price=43,quantity=268)(MktData(price=98,quantity=154))
13:00:19.463 [main] INFO  c.o.v.MutatingMatchOneMarketDataOrderVisitor - [ORDERBOOK] Can't match order:Limit(side=BUY,orderId=5,price=43,quantity=1072)(MktData(price=98,quantity=154))
13:00:19.463 [main] INFO  c.o.v.MutatingMatchOneMarketDataOrderVisitor - [ORDERBOOK] Can't match order:Limit(side=BUY,orderId=7,price=43,quantity=4288)(MktData(price=98,quantity=154))
13:00:19.463 [main] INFO  c.o.v.MutatingMatchOneMarketDataOrderVisitor - [ORDERBOOK] Can't match order:Limit(side=BUY,orderId=9,price=43,quantity=17152)(MktData(price=98,quantity=154))
13:00:19.463 [main] INFO  c.o.v.MutatingMatchOneMarketDataOrderVisitor - [ORDERBOOK] Can't match order:Limit(side=BUY,orderId=11,price=43,quantity=68608)(MktData(price=98,quantity=154))
13:00:19.463 [main] INFO  c.o.v.MutatingMatchOneMarketDataOrderVisitor - [ORDERBOOK] Can't match order:Limit(side=BUY,orderId=12,price=43,quantity=137216)(MktData(price=98,quantity=154))
13:00:19.463 [main] INFO  c.o.v.MutatingMatchOneMarketDataOrderVisitor - [ORDERBOOK] Can't match order:Limit(side=BUY,orderId=13,price=43,quantity=274432)(MktData(price=98,quantity=154))
13:00:19.463 [main] INFO  c.o.v.MutatingMatchOneMarketDataOrderVisitor - [ORDERBOOK] Can't match order:Limit(side=BUY,orderId=14,price=43,quantity=548864)(MktData(price=98,quantity=154))
13:00:19.463 [main] INFO  c.o.v.MutatingMatchOneMarketDataOrderVisitor - [ORDERBOOK] Can't match order:Limit(side=BUY,orderId=15,price=43,quantity=1097728)(MktData(price=98,quantity=154))
13:00:19.463 [main] INFO  c.o.v.MutatingMatchOneMarketDataOrderVisitor - [ORDERBOOK] Can't match order:Limit(side=BUY,orderId=16,price=43,quantity=2195456)(MktData(price=98,quantity=154))
13:00:19.463 [main] INFO  c.o.v.MutatingMatchOneMarketDataOrderVisitor - [ORDERBOOK] Can't match order:MktData(price=43,quantity=134)(MktData(price=98,quantity=154))
13:00:19.463 [main] INFO  c.o.v.MutatingRemoveAllMarketDataOrdersVisitor - [ORDERBOOK] Removing market data order:MktData(price=98,quantity=501)
13:00:19.463 [main] INFO  c.o.v.MutatingRemoveAllMarketDataOrdersVisitor - [ORDERBOOK] Removing market data order:MktData(price=110,quantity=5000)
13:00:19.463 [main] INFO  c.o.v.MutatingRemoveAllMarketDataOrdersVisitor - [ORDERBOOK] Removing market data order:MktData(price=123,quantity=453)
13:00:19.463 [main] INFO  c.o.v.MutatingRemoveAllMarketDataOrdersVisitor - [ORDERBOOK] Removing market data order:MktData(price=167,quantity=665)
13:00:19.463 [main] DEBUG c.orderbook.OrderBook - [ORDERBOOK] ASK: Adding orderMktData(price=98,quantity=501)
13:00:19.463 [main] INFO  c.o.visitor.MutatingAddOrderVisitor - [ORDERBOOK] + Limit(side=SELL,orderId=17,price=98,quantity=501)
13:00:19.463 [main] DEBUG c.orderbook.OrderBook - [ORDERBOOK] ASK: Adding orderMktData(price=101,quantity=200)
13:00:19.463 [main] DEBUG c.orderbook.OrderBook - [ORDERBOOK] ASK: Adding orderMktData(price=110,quantity=5000)
13:00:19.463 [main] DEBUG c.orderbook.OrderBook - [ORDERBOOK] ASK: Adding orderMktData(price=119,quantity=5600)
13:00:19.463 [main] DEBUG c.orderbook.OrderBook - [ORDERBOOK] ASK: Adding orderMktData(price=123,quantity=453)
13:00:19.463 [main] DEBUG c.orderbook.OrderBook - [ORDERBOOK] ASK: Adding orderMktData(price=144,quantity=645)
13:00:19.463 [main] DEBUG c.orderbook.OrderBook - [ORDERBOOK] ASK: Adding orderMktData(price=167,quantity=665)
13:00:19.463 [main] DEBUG c.service.MarketDataService - [ALGO] BID: price:43 quantity:134
13:00:19.463 [main] DEBUG c.service.MarketDataService - [ALGO] BID: price:76 quantity:145
13:00:19.463 [main] DEBUG c.service.MarketDataService - [ALGO] BID: price:91 quantity:300
13:00:19.463 [main] DEBUG c.service.MarketDataService - [ALGO] BID: price:93 quantity:200
13:00:19.463 [main] DEBUG c.service.MarketDataService - [ALGO] BID: price:95 quantity:100
13:00:19.463 [main] DEBUG c.service.MarketDataService - [ALGO] BID: price:98 quantity:154
13:00:19.463 [main] DEBUG c.service.MarketDataService - [ALGO] ASK: price:98 quantity:501
13:00:19.463 [main] DEBUG c.service.MarketDataService - [ALGO] ASK: price:101 quantity:200
13:00:19.463 [main] DEBUG c.service.MarketDataService - [ALGO] ASK: price:110 quantity:5000
13:00:19.463 [main] DEBUG c.service.MarketDataService - [ALGO] ASK: price:119 quantity:5600
13:00:19.463 [main] DEBUG c.service.MarketDataService - [ALGO] ASK: price:123 quantity:453
13:00:19.463 [main] DEBUG c.service.MarketDataService - [ALGO] ASK: price:144 quantity:645
13:00:19.463 [main] DEBUG c.service.MarketDataService - [ALGO] ASK: price:167 quantity:665
13:00:19.463 [main] INFO  c.gettingstarted.MyAlgoLogic - [MYALGO] The state of the order book is:
|----BID-----||----ASK----|
    134 @ 43    501 @ 98
    145 @ 76   200 @ 101
    300 @ 91  5000 @ 110
    200 @ 93  5600 @ 119
    100 @ 95   453 @ 123
    154 @ 98   645 @ 144
          -    665 @ 167
|------------||-----------|

13:00:19.463 [main] INFO  c.gettingstarted.MyAlgoLogic - [MYALGO] Algo Sees Book as: 
|----BID-----||----ASK----|
    134 @ 43    501 @ 98
    145 @ 76   200 @ 101
    300 @ 91  5000 @ 110
    200 @ 93  5600 @ 119
    100 @ 95   453 @ 123
    154 @ 98   645 @ 144
          -    665 @ 167
|------------||-----------|

13:00:19.463 [main] INFO  c.gettingstarted.TimedLogic - [TIMEDLOGIC] Market is open
13:00:19.463 [main] INFO  c.sequencer.consumer.LoggingConsumer - [100] 
|----BID-----|
    134 @ 43
    145 @ 76
    300 @ 91
    200 @ 93
    100 @ 95
    154 @ 98
|----ASK-----|
    501 @ 98
   200 @ 101
  5000 @ 110
  5600 @ 119
   453 @ 123
   645 @ 144
   665 @ 167

13:00:19.463 [main] INFO  c.orderbook.OrderBook - [ORDERBOOK] Processing Mkt Data Update
13:00:19.463 [main] INFO  c.o.v.MutatingRemoveAllMarketDataOrdersVisitor - [ORDERBOOK] Removing market data order:MktData(price=43,quantity=134)
13:00:19.463 [main] DEBUG c.orderbook.OrderBook - [ORDERBOOK] ASK: Adding orderMktData(price=43,quantity=134)
13:00:19.463 [main] INFO  c.o.visitor.MutatingAddOrderVisitor - [ORDERBOOK] + Limit(side=BUY,orderId=16,price=43,quantity=2195456)
13:00:19.463 [main] DEBUG c.orderbook.OrderBook - [ORDERBOOK] ASK: Adding orderMktData(price=76,quantity=145)
13:00:19.463 [main] DEBUG c.orderbook.OrderBook - [ORDERBOOK] ASK: Adding orderMktData(price=91,quantity=300)
13:00:19.463 [main] DEBUG c.orderbook.OrderBook - [ORDERBOOK] ASK: Adding orderMktData(price=93,quantity=200)
13:00:19.463 [main] DEBUG c.orderbook.OrderBook - [ORDERBOOK] ASK: Adding orderMktData(price=95,quantity=100)
13:00:19.463 [main] DEBUG c.orderbook.OrderBook - [ORDERBOOK] ASK: Adding orderMktData(price=98,quantity=154)
13:00:19.463 [main] INFO  c.o.v.MutatingMatchOneMarketDataOrderVisitor - [ORDERBOOK] visiting LevelOrderBookLevel(price=43,quantity=4260128)
13:00:19.463 [main] INFO  c.o.v.MutatingMatchOneMarketDataOrderVisitor - [ORDERBOOK] Can't match order:Limit(side=BUY,orderId=3,price=43,quantity=268)(MktData(price=98,quantity=154))
13:00:19.463 [main] INFO  c.o.v.MutatingMatchOneMarketDataOrderVisitor - [ORDERBOOK] Can't match order:Limit(side=BUY,orderId=5,price=43,quantity=1072)(MktData(price=98,quantity=154))
13:00:19.463 [main] INFO  c.o.v.MutatingMatchOneMarketDataOrderVisitor - [ORDERBOOK] Can't match order:Limit(side=BUY,orderId=7,price=43,quantity=4288)(MktData(price=98,quantity=154))
13:00:19.463 [main] INFO  c.o.v.MutatingMatchOneMarketDataOrderVisitor - [ORDERBOOK] Can't match order:Limit(side=BUY,orderId=9,price=43,quantity=17152)(MktData(price=98,quantity=154))
13:00:19.463 [main] INFO  c.o.v.MutatingMatchOneMarketDataOrderVisitor - [ORDERBOOK] Can't match order:Limit(side=BUY,orderId=11,price=43,quantity=68608)(MktData(price=98,quantity=154))
13:00:19.463 [main] INFO  c.o.v.MutatingMatchOneMarketDataOrderVisitor - [ORDERBOOK] Can't match order:Limit(side=BUY,orderId=12,price=43,quantity=137216)(MktData(price=98,quantity=154))
13:00:19.463 [main] INFO  c.o.v.MutatingMatchOneMarketDataOrderVisitor - [ORDERBOOK] Can't match order:Limit(side=BUY,orderId=13,price=43,quantity=274432)(MktData(price=98,quantity=154))
13:00:19.463 [main] INFO  c.o.v.MutatingMatchOneMarketDataOrderVisitor - [ORDERBOOK] Can't match order:Limit(side=BUY,orderId=14,price=43,quantity=548864)(MktData(price=98,quantity=154))
13:00:19.463 [main] INFO  c.o.v.MutatingMatchOneMarketDataOrderVisitor - [ORDERBOOK] Can't match order:Limit(side=BUY,orderId=15,price=43,quantity=1097728)(MktData(price=98,quantity=154))
13:00:19.463 [main] INFO  c.o.v.MutatingMatchOneMarketDataOrderVisitor - [ORDERBOOK] Can't match order:Limit(side=BUY,orderId=16,price=43,quantity=2195456)(MktData(price=98,quantity=154))
13:00:19.463 [main] INFO  c.o.v.MutatingMatchOneMarketDataOrderVisitor - [ORDERBOOK] Can't match order:MktData(price=43,quantity=134)(MktData(price=98,quantity=154))
13:00:19.463 [main] INFO  c.o.v.MutatingRemoveAllMarketDataOrdersVisitor - [ORDERBOOK] Removing market data order:MktData(price=98,quantity=501)
13:00:19.463 [main] INFO  c.o.v.MutatingRemoveAllMarketDataOrdersVisitor - [ORDERBOOK] Removing market data order:MktData(price=110,quantity=5000)
13:00:19.463 [main] INFO  c.o.v.MutatingRemoveAllMarketDataOrdersVisitor - [ORDERBOOK] Removing market data order:MktData(price=123,quantity=453)
13:00:19.463 [main] INFO  c.o.v.MutatingRemoveAllMarketDataOrdersVisitor - [ORDERBOOK] Removing market data order:MktData(price=167,quantity=665)
13:00:19.463 [main] DEBUG c.orderbook.OrderBook - [ORDERBOOK] ASK: Adding orderMktData(price=98,quantity=501)
13:00:19.463 [main] INFO  c.o.visitor.MutatingAddOrderVisitor - [ORDERBOOK] + Limit(side=SELL,orderId=17,price=98,quantity=501)
13:00:19.463 [main] DEBUG c.orderbook.OrderBook - [ORDERBOOK] ASK: Adding orderMktData(price=101,quantity=200)
13:00:19.463 [main] DEBUG c.orderbook.OrderBook - [ORDERBOOK] ASK: Adding orderMktData(price=110,quantity=5000)
13:00:19.463 [main] DEBUG c.orderbook.OrderBook - [ORDERBOOK] ASK: Adding orderMktData(price=119,quantity=5600)
13:00:19.463 [main] DEBUG c.orderbook.OrderBook - [ORDERBOOK] ASK: Adding orderMktData(price=123,quantity=453)
13:00:19.463 [main] DEBUG c.orderbook.OrderBook - [ORDERBOOK] ASK: Adding orderMktData(price=144,quantity=645)
13:00:19.463 [main] DEBUG c.orderbook.OrderBook - [ORDERBOOK] ASK: Adding orderMktData(price=167,quantity=665)
13:00:19.463 [main] DEBUG c.service.MarketDataService - [ALGO] BID: price:43 quantity:134
13:00:19.463 [main] DEBUG c.service.MarketDataService - [ALGO] BID: price:76 quantity:145
13:00:19.463 [main] DEBUG c.service.MarketDataService - [ALGO] BID: price:91 quantity:300
13:00:19.463 [main] DEBUG c.service.MarketDataService - [ALGO] BID: price:93 quantity:200
13:00:19.463 [main] DEBUG c.service.MarketDataService - [ALGO] BID: price:95 quantity:100
13:00:19.463 [main] DEBUG c.service.MarketDataService - [ALGO] BID: price:98 quantity:154
13:00:19.463 [main] DEBUG c.service.MarketDataService - [ALGO] ASK: price:98 quantity:501
13:00:19.463 [main] DEBUG c.service.MarketDataService - [ALGO] ASK: price:101 quantity:200
13:00:19.463 [main] DEBUG c.service.MarketDataService - [ALGO] ASK: price:110 quantity:5000
13:00:19.463 [main] DEBUG c.service.MarketDataService - [ALGO] ASK: price:119 quantity:5600
13:00:19.463 [main] DEBUG c.service.MarketDataService - [ALGO] ASK: price:123 quantity:453
13:00:19.463 [main] DEBUG c.service.MarketDataService - [ALGO] ASK: price:144 quantity:645
13:00:19.463 [main] DEBUG c.service.MarketDataService - [ALGO] ASK: price:167 quantity:665
13:00:19.463 [main] INFO  c.gettingstarted.MyAlgoLogic - [MYALGO] The state of the order book is:
|----BID-----||----ASK----|
    134 @ 43    501 @ 98
    145 @ 76   200 @ 101
    300 @ 91  5000 @ 110
    200 @ 93  5600 @ 119
    100 @ 95   453 @ 123
    154 @ 98   645 @ 144
          -    665 @ 167
|------------||-----------|

13:00:19.463 [main] INFO  c.gettingstarted.MyAlgoLogic - [MYALGO] Algo Sees Book as: 
|----BID-----||----ASK----|
    134 @ 43    501 @ 98
    145 @ 76   200 @ 101
    300 @ 91  5000 @ 110
    200 @ 93  5600 @ 119
    100 @ 95   453 @ 123
    154 @ 98   645 @ 144
          -    665 @ 167
|------------||-----------|

13:00:19.463 [main] INFO  c.gettingstarted.TimedLogic - [TIMEDLOGIC] Market is open
13:00:19.463 [main] INFO  c.sequencer.consumer.LoggingConsumer - [101] 
|----BID-----|
    134 @ 43
    145 @ 76
    300 @ 91
    200 @ 93
    100 @ 95
    154 @ 98
|----ASK-----|
    501 @ 98
   200 @ 101
  5000 @ 110
  5600 @ 119
   453 @ 123
   645 @ 144
   665 @ 167

13:00:19.463 [main] INFO  c.orderbook.OrderBook - [ORDERBOOK] Processing Mkt Data Update
13:00:19.463 [main] INFO  c.o.v.MutatingRemoveAllMarketDataOrdersVisitor - [ORDERBOOK] Removing market data order:MktData(price=43,quantity=134)
13:00:19.463 [main] DEBUG c.orderbook.OrderBook - [ORDERBOOK] ASK: Adding orderMktData(price=43,quantity=134)
13:00:19.463 [main] INFO  c.o.visitor.MutatingAddOrderVisitor - [ORDERBOOK] + Limit(side=BUY,orderId=16,price=43,quantity=2195456)
13:00:19.463 [main] DEBUG c.orderbook.OrderBook - [ORDERBOOK] ASK: Adding orderMktData(price=76,quantity=145)
13:00:19.463 [main] DEBUG c.orderbook.OrderBook - [ORDERBOOK] ASK: Adding orderMktData(price=91,quantity=300)
13:00:19.463 [main] DEBUG c.orderbook.OrderBook - [ORDERBOOK] ASK: Adding orderMktData(price=93,quantity=200)
13:00:19.463 [main] DEBUG c.orderbook.OrderBook - [ORDERBOOK] ASK: Adding orderMktData(price=95,quantity=100)
13:00:19.463 [main] DEBUG c.orderbook.OrderBook - [ORDERBOOK] ASK: Adding orderMktData(price=98,quantity=154)
13:00:19.463 [main] INFO  c.o.v.MutatingMatchOneMarketDataOrderVisitor - [ORDERBOOK] visiting LevelOrderBookLevel(price=43,quantity=4260262)
13:00:19.463 [main] INFO  c.o.v.MutatingMatchOneMarketDataOrderVisitor - [ORDERBOOK] Can't match order:Limit(side=BUY,orderId=3,price=43,quantity=268)(MktData(price=98,quantity=154))
13:00:19.463 [main] INFO  c.o.v.MutatingMatchOneMarketDataOrderVisitor - [ORDERBOOK] Can't match order:Limit(side=BUY,orderId=5,price=43,quantity=1072)(MktData(price=98,quantity=154))
13:00:19.463 [main] INFO  c.o.v.MutatingMatchOneMarketDataOrderVisitor - [ORDERBOOK] Can't match order:Limit(side=BUY,orderId=7,price=43,quantity=4288)(MktData(price=98,quantity=154))
13:00:19.463 [main] INFO  c.o.v.MutatingMatchOneMarketDataOrderVisitor - [ORDERBOOK] Can't match order:Limit(side=BUY,orderId=9,price=43,quantity=17152)(MktData(price=98,quantity=154))
13:00:19.463 [main] INFO  c.o.v.MutatingMatchOneMarketDataOrderVisitor - [ORDERBOOK] Can't match order:Limit(side=BUY,orderId=11,price=43,quantity=68608)(MktData(price=98,quantity=154))
13:00:19.463 [main] INFO  c.o.v.MutatingMatchOneMarketDataOrderVisitor - [ORDERBOOK] Can't match order:Limit(side=BUY,orderId=12,price=43,quantity=137216)(MktData(price=98,quantity=154))
13:00:19.463 [main] INFO  c.o.v.MutatingMatchOneMarketDataOrderVisitor - [ORDERBOOK] Can't match order:Limit(side=BUY,orderId=13,price=43,quantity=274432)(MktData(price=98,quantity=154))
13:00:19.463 [main] INFO  c.o.v.MutatingMatchOneMarketDataOrderVisitor - [ORDERBOOK] Can't match order:Limit(side=BUY,orderId=14,price=43,quantity=548864)(MktData(price=98,quantity=154))
13:00:19.463 [main] INFO  c.o.v.MutatingMatchOneMarketDataOrderVisitor - [ORDERBOOK] Can't match order:Limit(side=BUY,orderId=15,price=43,quantity=1097728)(MktData(price=98,quantity=154))
13:00:19.463 [main] INFO  c.o.v.MutatingMatchOneMarketDataOrderVisitor - [ORDERBOOK] Can't match order:Limit(side=BUY,orderId=16,price=43,quantity=2195456)(MktData(price=98,quantity=154))
13:00:19.463 [main] INFO  c.o.v.MutatingMatchOneMarketDataOrderVisitor - [ORDERBOOK] Can't match order:MktData(price=43,quantity=134)(MktData(price=98,quantity=154))
13:00:19.463 [main] INFO  c.o.v.MutatingRemoveAllMarketDataOrdersVisitor - [ORDERBOOK] Removing market data order:MktData(price=98,quantity=501)
13:00:19.463 [main] INFO  c.o.v.MutatingRemoveAllMarketDataOrdersVisitor - [ORDERBOOK] Removing market data order:MktData(price=110,quantity=5000)
13:00:19.463 [main] INFO  c.o.v.MutatingRemoveAllMarketDataOrdersVisitor - [ORDERBOOK] Removing market data order:MktData(price=123,quantity=453)
13:00:19.463 [main] INFO  c.o.v.MutatingRemoveAllMarketDataOrdersVisitor - [ORDERBOOK] Removing market data order:MktData(price=167,quantity=665)
13:00:19.463 [main] DEBUG c.orderbook.OrderBook - [ORDERBOOK] ASK: Adding orderMktData(price=98,quantity=501)
13:00:19.463 [main] INFO  c.o.visitor.MutatingAddOrderVisitor - [ORDERBOOK] + Limit(side=SELL,orderId=17,price=98,quantity=501)
13:00:19.463 [main] DEBUG c.orderbook.OrderBook - [ORDERBOOK] ASK: Adding orderMktData(price=101,quantity=200)
13:00:19.463 [main] DEBUG c.orderbook.OrderBook - [ORDERBOOK] ASK: Adding orderMktData(price=110,quantity=5000)
13:00:19.463 [main] DEBUG c.orderbook.OrderBook - [ORDERBOOK] ASK: Adding orderMktData(price=119,quantity=5600)
13:00:19.463 [main] DEBUG c.orderbook.OrderBook - [ORDERBOOK] ASK: Adding orderMktData(price=123,quantity=453)
13:00:19.463 [main] DEBUG c.orderbook.OrderBook - [ORDERBOOK] ASK: Adding orderMktData(price=144,quantity=645)
13:00:19.463 [main] DEBUG c.orderbook.OrderBook - [ORDERBOOK] ASK: Adding orderMktData(price=167,quantity=665)
13:00:19.463 [main] DEBUG c.service.MarketDataService - [ALGO] BID: price:43 quantity:134
13:00:19.463 [main] DEBUG c.service.MarketDataService - [ALGO] BID: price:76 quantity:145
13:00:19.463 [main] DEBUG c.service.MarketDataService - [ALGO] BID: price:91 quantity:300
13:00:19.463 [main] DEBUG c.service.MarketDataService - [ALGO] BID: price:93 quantity:200
13:00:19.463 [main] DEBUG c.service.MarketDataService - [ALGO] BID: price:95 quantity:100
13:00:19.463 [main] DEBUG c.service.MarketDataService - [ALGO] BID: price:98 quantity:154
13:00:19.463 [main] DEBUG c.service.MarketDataService - [ALGO] ASK: price:98 quantity:501
13:00:19.463 [main] DEBUG c.service.MarketDataService - [ALGO] ASK: price:101 quantity:200
13:00:19.463 [main] DEBUG c.service.MarketDataService - [ALGO] ASK: price:110 quantity:5000
13:00:19.463 [main] DEBUG c.service.MarketDataService - [ALGO] ASK: price:119 quantity:5600
13:00:19.463 [main] DEBUG c.service.MarketDataService - [ALGO] ASK: price:123 quantity:453
13:00:19.463 [main] DEBUG c.service.MarketDataService - [ALGO] ASK: price:144 quantity:645
13:00:19.463 [main] DEBUG c.service.MarketDataService - [ALGO] ASK: price:167 quantity:665
13:00:19.463 [main] INFO  c.gettingstarted.MyAlgoLogic - [MYALGO] The state of the order book is:
|----BID-----||----ASK----|
    134 @ 43    501 @ 98
    145 @ 76   200 @ 101
    300 @ 91  5000 @ 110
    200 @ 93  5600 @ 119
    100 @ 95   453 @ 123
    154 @ 98   645 @ 144
          -    665 @ 167
|------------||-----------|

13:00:19.463 [main] INFO  c.gettingstarted.MyAlgoLogic - [MYALGO] Algo Sees Book as: 
|----BID-----||----ASK----|
    134 @ 43    501 @ 98
    145 @ 76   200 @ 101
    300 @ 91  5000 @ 110
    200 @ 93  5600 @ 119
    100 @ 95   453 @ 123
    154 @ 98   645 @ 144
          -    665 @ 167
|------------||-----------|

13:00:19.463 [main] INFO  c.gettingstarted.TimedLogic - [TIMEDLOGIC] Market is open
13:00:19.463 [main] INFO  c.sequencer.consumer.LoggingConsumer - [102] 
|----BID-----|
    134 @ 43
    145 @ 76
    300 @ 91
    200 @ 93
    100 @ 95
    154 @ 98
|----ASK-----|
    501 @ 98
   200 @ 101
  5000 @ 110
  5600 @ 119
   453 @ 123
   645 @ 144
   665 @ 167

13:00:19.463 [main] INFO  c.orderbook.OrderBook - [ORDERBOOK] Processing Mkt Data Update
13:00:19.463 [main] INFO  c.o.v.MutatingRemoveAllMarketDataOrdersVisitor - [ORDERBOOK] Removing market data order:MktData(price=43,quantity=134)
13:00:19.463 [main] DEBUG c.orderbook.OrderBook - [ORDERBOOK] ASK: Adding orderMktData(price=43,quantity=134)
13:00:19.463 [main] INFO  c.o.visitor.MutatingAddOrderVisitor - [ORDERBOOK] + Limit(side=BUY,orderId=16,price=43,quantity=2195456)
13:00:19.463 [main] DEBUG c.orderbook.OrderBook - [ORDERBOOK] ASK: Adding orderMktData(price=76,quantity=145)
13:00:19.463 [main] DEBUG c.orderbook.OrderBook - [ORDERBOOK] ASK: Adding orderMktData(price=91,quantity=300)
13:00:19.463 [main] DEBUG c.orderbook.OrderBook - [ORDERBOOK] ASK: Adding orderMktData(price=93,quantity=200)
13:00:19.463 [main] DEBUG c.orderbook.OrderBook - [ORDERBOOK] ASK: Adding orderMktData(price=95,quantity=100)
13:00:19.463 [main] DEBUG c.orderbook.OrderBook - [ORDERBOOK] ASK: Adding orderMktData(price=98,quantity=154)
13:00:19.463 [main] INFO  c.o.v.MutatingMatchOneMarketDataOrderVisitor - [ORDERBOOK] visiting LevelOrderBookLevel(price=43,quantity=4260396)
13:00:19.463 [main] INFO  c.o.v.MutatingMatchOneMarketDataOrderVisitor - [ORDERBOOK] Can't match order:Limit(side=BUY,orderId=3,price=43,quantity=268)(MktData(price=98,quantity=154))
13:00:19.463 [main] INFO  c.o.v.MutatingMatchOneMarketDataOrderVisitor - [ORDERBOOK] Can't match order:Limit(side=BUY,orderId=5,price=43,quantity=1072)(MktData(price=98,quantity=154))
13:00:19.463 [main] INFO  c.o.v.MutatingMatchOneMarketDataOrderVisitor - [ORDERBOOK] Can't match order:Limit(side=BUY,orderId=7,price=43,quantity=4288)(MktData(price=98,quantity=154))
13:00:19.463 [main] INFO  c.o.v.MutatingMatchOneMarketDataOrderVisitor - [ORDERBOOK] Can't match order:Limit(side=BUY,orderId=9,price=43,quantity=17152)(MktData(price=98,quantity=154))
13:00:19.463 [main] INFO  c.o.v.MutatingMatchOneMarketDataOrderVisitor - [ORDERBOOK] Can't match order:Limit(side=BUY,orderId=11,price=43,quantity=68608)(MktData(price=98,quantity=154))
13:00:19.463 [main] INFO  c.o.v.MutatingMatchOneMarketDataOrderVisitor - [ORDERBOOK] Can't match order:Limit(side=BUY,orderId=12,price=43,quantity=137216)(MktData(price=98,quantity=154))
13:00:19.463 [main] INFO  c.o.v.MutatingMatchOneMarketDataOrderVisitor - [ORDERBOOK] Can't match order:Limit(side=BUY,orderId=13,price=43,quantity=274432)(MktData(price=98,quantity=154))
13:00:19.463 [main] INFO  c.o.v.MutatingMatchOneMarketDataOrderVisitor - [ORDERBOOK] Can't match order:Limit(side=BUY,orderId=14,price=43,quantity=548864)(MktData(price=98,quantity=154))
13:00:19.463 [main] INFO  c.o.v.MutatingMatchOneMarketDataOrderVisitor - [ORDERBOOK] Can't match order:Limit(side=BUY,orderId=15,price=43,quantity=1097728)(MktData(price=98,quantity=154))
13:00:19.463 [main] INFO  c.o.v.MutatingMatchOneMarketDataOrderVisitor - [ORDERBOOK] Can't match order:Limit(side=BUY,orderId=16,price=43,quantity=2195456)(MktData(price=98,quantity=154))
13:00:19.463 [main] INFO  c.o.v.MutatingMatchOneMarketDataOrderVisitor - [ORDERBOOK] Can't match order:MktData(price=43,quantity=134)(MktData(price=98,quantity=154))
13:00:19.463 [main] INFO  c.o.v.MutatingRemoveAllMarketDataOrdersVisitor - [ORDERBOOK] Removing market data order:MktData(price=98,quantity=501)
13:00:19.463 [main] INFO  c.o.v.MutatingRemoveAllMarketDataOrdersVisitor - [ORDERBOOK] Removing market data order:MktData(price=110,quantity=5000)
13:00:19.463 [main] INFO  c.o.v.MutatingRemoveAllMarketDataOrdersVisitor - [ORDERBOOK] Removing market data order:MktData(price=123,quantity=453)
13:00:19.463 [main] INFO  c.o.v.MutatingRemoveAllMarketDataOrdersVisitor - [ORDERBOOK] Removing market data order:MktData(price=167,quantity=665)
13:00:19.463 [main] DEBUG c.orderbook.OrderBook - [ORDERBOOK] ASK: Adding orderMktData(price=98,quantity=501)
13:00:19.463 [main] INFO  c.o.visitor.MutatingAddOrderVisitor - [ORDERBOOK] + Limit(side=SELL,orderId=17,price=98,quantity=501)
13:00:19.463 [main] DEBUG c.orderbook.OrderBook - [ORDERBOOK] ASK: Adding orderMktData(price=101,quantity=200)
13:00:19.463 [main] DEBUG c.orderbook.OrderBook - [ORDERBOOK] ASK: Adding orderMktData(price=110,quantity=5000)
13:00:19.463 [main] DEBUG c.orderbook.OrderBook - [ORDERBOOK] ASK: Adding orderMktData(price=119,quantity=5600)
13:00:19.463 [main] DEBUG c.orderbook.OrderBook - [ORDERBOOK] ASK: Adding orderMktData(price=123,quantity=453)
13:00:19.463 [main] DEBUG c.orderbook.OrderBook - [ORDERBOOK] ASK: Adding orderMktData(price=144,quantity=645)
13:00:19.463 [main] DEBUG c.orderbook.OrderBook - [ORDERBOOK] ASK: Adding orderMktData(price=167,quantity=665)
13:00:19.463 [main] DEBUG c.service.MarketDataService - [ALGO] BID: price:43 quantity:134
13:00:19.463 [main] DEBUG c.service.MarketDataService - [ALGO] BID: price:76 quantity:145
13:00:19.463 [main] DEBUG c.service.MarketDataService - [ALGO] BID: price:91 quantity:300
13:00:19.463 [main] DEBUG c.service.MarketDataService - [ALGO] BID: price:93 quantity:200
13:00:19.463 [main] DEBUG c.service.MarketDataService - [ALGO] BID: price:95 quantity:100
13:00:19.463 [main] DEBUG c.service.MarketDataService - [ALGO] BID: price:98 quantity:154
13:00:19.463 [main] DEBUG c.service.MarketDataService - [ALGO] ASK: price:98 quantity:501
13:00:19.463 [main] DEBUG c.service.MarketDataService - [ALGO] ASK: price:101 quantity:200
13:00:19.463 [main] DEBUG c.service.MarketDataService - [ALGO] ASK: price:110 quantity:5000
13:00:19.463 [main] DEBUG c.service.MarketDataService - [ALGO] ASK: price:119 quantity:5600
13:00:19.463 [main] DEBUG c.service.MarketDataService - [ALGO] ASK: price:123 quantity:453
13:00:19.463 [main] DEBUG c.service.MarketDataService - [ALGO] ASK: price:144 quantity:645
13:00:19.463 [main] DEBUG c.service.MarketDataService - [ALGO] ASK: price:167 quantity:665
13:00:19.463 [main] INFO  c.gettingstarted.MyAlgoLogic - [MYALGO] The state of the order book is:
|----BID-----||----ASK----|
    134 @ 43    501 @ 98
    145 @ 76   200 @ 101
    300 @ 91  5000 @ 110
    200 @ 93  5600 @ 119
    100 @ 95   453 @ 123
    154 @ 98   645 @ 144
          -    665 @ 167
|------------||-----------|

13:00:19.463 [main] INFO  c.gettingstarted.MyAlgoLogic - [MYALGO] Algo Sees Book as: 
|----BID-----||----ASK----|
    134 @ 43    501 @ 98
    145 @ 76   200 @ 101
    300 @ 91  5000 @ 110
    200 @ 93  5600 @ 119
    100 @ 95   453 @ 123
    154 @ 98   645 @ 144
          -    665 @ 167
|------------||-----------|

13:00:19.463 [main] INFO  c.gettingstarted.TimedLogic - [TIMEDLOGIC] Market is open
13:00:19.463 [main] INFO  c.sequencer.consumer.LoggingConsumer - [103] 
|----BID-----|
    134 @ 43
    145 @ 76
    300 @ 91
    200 @ 93
    100 @ 95
    154 @ 98
|----ASK-----|
    501 @ 98
   200 @ 101
  5000 @ 110
  5600 @ 119
   453 @ 123
   645 @ 144
   665 @ 167

13:00:19.463 [main] INFO  c.orderbook.OrderBook - [ORDERBOOK] Processing Mkt Data Update
13:00:19.463 [main] INFO  c.o.v.MutatingRemoveAllMarketDataOrdersVisitor - [ORDERBOOK] Removing market data order:MktData(price=43,quantity=134)
13:00:19.463 [main] DEBUG c.orderbook.OrderBook - [ORDERBOOK] ASK: Adding orderMktData(price=43,quantity=134)
13:00:19.463 [main] INFO  c.o.visitor.MutatingAddOrderVisitor - [ORDERBOOK] + Limit(side=BUY,orderId=16,price=43,quantity=2195456)
13:00:19.463 [main] DEBUG c.orderbook.OrderBook - [ORDERBOOK] ASK: Adding orderMktData(price=76,quantity=145)
13:00:19.463 [main] DEBUG c.orderbook.OrderBook - [ORDERBOOK] ASK: Adding orderMktData(price=91,quantity=300)
13:00:19.463 [main] DEBUG c.orderbook.OrderBook - [ORDERBOOK] ASK: Adding orderMktData(price=93,quantity=200)
13:00:19.463 [main] DEBUG c.orderbook.OrderBook - [ORDERBOOK] ASK: Adding orderMktData(price=95,quantity=100)
13:00:19.463 [main] DEBUG c.orderbook.OrderBook - [ORDERBOOK] ASK: Adding orderMktData(price=98,quantity=154)
13:00:19.463 [main] INFO  c.o.v.MutatingMatchOneMarketDataOrderVisitor - [ORDERBOOK] visiting LevelOrderBookLevel(price=43,quantity=4260530)
13:00:19.463 [main] INFO  c.o.v.MutatingMatchOneMarketDataOrderVisitor - [ORDERBOOK] Can't match order:Limit(side=BUY,orderId=3,price=43,quantity=268)(MktData(price=98,quantity=154))
13:00:19.463 [main] INFO  c.o.v.MutatingMatchOneMarketDataOrderVisitor - [ORDERBOOK] Can't match order:Limit(side=BUY,orderId=5,price=43,quantity=1072)(MktData(price=98,quantity=154))
13:00:19.463 [main] INFO  c.o.v.MutatingMatchOneMarketDataOrderVisitor - [ORDERBOOK] Can't match order:Limit(side=BUY,orderId=7,price=43,quantity=4288)(MktData(price=98,quantity=154))
13:00:19.463 [main] INFO  c.o.v.MutatingMatchOneMarketDataOrderVisitor - [ORDERBOOK] Can't match order:Limit(side=BUY,orderId=9,price=43,quantity=17152)(MktData(price=98,quantity=154))
13:00:19.463 [main] INFO  c.o.v.MutatingMatchOneMarketDataOrderVisitor - [ORDERBOOK] Can't match order:Limit(side=BUY,orderId=11,price=43,quantity=68608)(MktData(price=98,quantity=154))
13:00:19.463 [main] INFO  c.o.v.MutatingMatchOneMarketDataOrderVisitor - [ORDERBOOK] Can't match order:Limit(side=BUY,orderId=12,price=43,quantity=137216)(MktData(price=98,quantity=154))
13:00:19.463 [main] INFO  c.o.v.MutatingMatchOneMarketDataOrderVisitor - [ORDERBOOK] Can't match order:Limit(side=BUY,orderId=13,price=43,quantity=274432)(MktData(price=98,quantity=154))
13:00:19.463 [main] INFO  c.o.v.MutatingMatchOneMarketDataOrderVisitor - [ORDERBOOK] Can't match order:Limit(side=BUY,orderId=14,price=43,quantity=548864)(MktData(price=98,quantity=154))
13:00:19.463 [main] INFO  c.o.v.MutatingMatchOneMarketDataOrderVisitor - [ORDERBOOK] Can't match order:Limit(side=BUY,orderId=15,price=43,quantity=1097728)(MktData(price=98,quantity=154))
13:00:19.463 [main] INFO  c.o.v.MutatingMatchOneMarketDataOrderVisitor - [ORDERBOOK] Can't match order:Limit(side=BUY,orderId=16,price=43,quantity=2195456)(MktData(price=98,quantity=154))
13:00:19.463 [main] INFO  c.o.v.MutatingMatchOneMarketDataOrderVisitor - [ORDERBOOK] Can't match order:MktData(price=43,quantity=134)(MktData(price=98,quantity=154))
13:00:19.463 [main] INFO  c.o.v.MutatingRemoveAllMarketDataOrdersVisitor - [ORDERBOOK] Removing market data order:MktData(price=98,quantity=501)
13:00:19.463 [main] INFO  c.o.v.MutatingRemoveAllMarketDataOrdersVisitor - [ORDERBOOK] Removing market data order:MktData(price=110,quantity=5000)
13:00:19.463 [main] INFO  c.o.v.MutatingRemoveAllMarketDataOrdersVisitor - [ORDERBOOK] Removing market data order:MktData(price=123,quantity=453)
13:00:19.463 [main] INFO  c.o.v.MutatingRemoveAllMarketDataOrdersVisitor - [ORDERBOOK] Removing market data order:MktData(price=167,quantity=665)
13:00:19.463 [main] DEBUG c.orderbook.OrderBook - [ORDERBOOK] ASK: Adding orderMktData(price=98,quantity=501)
13:00:19.463 [main] INFO  c.o.visitor.MutatingAddOrderVisitor - [ORDERBOOK] + Limit(side=SELL,orderId=17,price=98,quantity=501)
13:00:19.463 [main] DEBUG c.orderbook.OrderBook - [ORDERBOOK] ASK: Adding orderMktData(price=101,quantity=200)
13:00:19.463 [main] DEBUG c.orderbook.OrderBook - [ORDERBOOK] ASK: Adding orderMktData(price=110,quantity=5000)
13:00:19.463 [main] DEBUG c.orderbook.OrderBook - [ORDERBOOK] ASK: Adding orderMktData(price=119,quantity=5600)
13:00:19.463 [main] DEBUG c.orderbook.OrderBook - [ORDERBOOK] ASK: Adding orderMktData(price=123,quantity=453)
13:00:19.463 [main] DEBUG c.orderbook.OrderBook - [ORDERBOOK] ASK: Adding orderMktData(price=144,quantity=645)
13:00:19.463 [main] DEBUG c.orderbook.OrderBook - [ORDERBOOK] ASK: Adding orderMktData(price=167,quantity=665)
13:00:19.463 [main] DEBUG c.service.MarketDataService - [ALGO] BID: price:43 quantity:134
13:00:19.463 [main] DEBUG c.service.MarketDataService - [ALGO] BID: price:76 quantity:145
13:00:19.463 [main] DEBUG c.service.MarketDataService - [ALGO] BID: price:91 quantity:300
13:00:19.463 [main] DEBUG c.service.MarketDataService - [ALGO] BID: price:93 quantity:200
13:00:19.463 [main] DEBUG c.service.MarketDataService - [ALGO] BID: price:95 quantity:100
13:00:19.463 [main] DEBUG c.service.MarketDataService - [ALGO] BID: price:98 quantity:154
13:00:19.463 [main] DEBUG c.service.MarketDataService - [ALGO] ASK: price:98 quantity:501
13:00:19.463 [main] DEBUG c.service.MarketDataService - [ALGO] ASK: price:101 quantity:200
13:00:19.463 [main] DEBUG c.service.MarketDataService - [ALGO] ASK: price:110 quantity:5000
13:00:19.463 [main] DEBUG c.service.MarketDataService - [ALGO] ASK: price:119 quantity:5600
13:00:19.463 [main] DEBUG c.service.MarketDataService - [ALGO] ASK: price:123 quantity:453
13:00:19.463 [main] DEBUG c.service.MarketDataService - [ALGO] ASK: price:144 quantity:645
13:00:19.463 [main] DEBUG c.service.MarketDataService - [ALGO] ASK: price:167 quantity:665
13:00:19.478 [main] INFO  c.gettingstarted.MyAlgoLogic - [MYALGO] The state of the order book is:
|----BID-----||----ASK----|
    134 @ 43    501 @ 98
    145 @ 76   200 @ 101
    300 @ 91  5000 @ 110
    200 @ 93  5600 @ 119
    100 @ 95   453 @ 123
    154 @ 98   645 @ 144
          -    665 @ 167
|------------||-----------|

13:00:19.478 [main] INFO  c.gettingstarted.MyAlgoLogic - [MYALGO] Algo Sees Book as: 
|----BID-----||----ASK----|
    134 @ 43    501 @ 98
    145 @ 76   200 @ 101
    300 @ 91  5000 @ 110
    200 @ 93  5600 @ 119
    100 @ 95   453 @ 123
    154 @ 98   645 @ 144
          -    665 @ 167
|------------||-----------|

13:00:19.478 [main] INFO  c.gettingstarted.TimedLogic - [TIMEDLOGIC] Market is open
13:00:19.478 [main] INFO  c.sequencer.consumer.LoggingConsumer - [104] 
|----BID-----|
    134 @ 43
    145 @ 76
    300 @ 91
    200 @ 93
    100 @ 95
    154 @ 98
|----ASK-----|
    501 @ 98
   200 @ 101
  5000 @ 110
  5600 @ 119
   453 @ 123
   645 @ 144
   665 @ 167

13:00:19.478 [main] INFO  c.orderbook.OrderBook - [ORDERBOOK] Processing Mkt Data Update
13:00:19.478 [main] INFO  c.o.v.MutatingRemoveAllMarketDataOrdersVisitor - [ORDERBOOK] Removing market data order:MktData(price=43,quantity=134)
13:00:19.478 [main] DEBUG c.orderbook.OrderBook - [ORDERBOOK] ASK: Adding orderMktData(price=43,quantity=134)
13:00:19.478 [main] INFO  c.o.visitor.MutatingAddOrderVisitor - [ORDERBOOK] + Limit(side=BUY,orderId=16,price=43,quantity=2195456)
13:00:19.478 [main] DEBUG c.orderbook.OrderBook - [ORDERBOOK] ASK: Adding orderMktData(price=76,quantity=145)
13:00:19.478 [main] DEBUG c.orderbook.OrderBook - [ORDERBOOK] ASK: Adding orderMktData(price=91,quantity=300)
13:00:19.478 [main] DEBUG c.orderbook.OrderBook - [ORDERBOOK] ASK: Adding orderMktData(price=93,quantity=200)
13:00:19.478 [main] DEBUG c.orderbook.OrderBook - [ORDERBOOK] ASK: Adding orderMktData(price=95,quantity=100)
13:00:19.478 [main] DEBUG c.orderbook.OrderBook - [ORDERBOOK] ASK: Adding orderMktData(price=98,quantity=154)
13:00:19.478 [main] INFO  c.o.v.MutatingMatchOneMarketDataOrderVisitor - [ORDERBOOK] visiting LevelOrderBookLevel(price=43,quantity=4260664)
13:00:19.478 [main] INFO  c.o.v.MutatingMatchOneMarketDataOrderVisitor - [ORDERBOOK] Can't match order:Limit(side=BUY,orderId=3,price=43,quantity=268)(MktData(price=98,quantity=154))
13:00:19.478 [main] INFO  c.o.v.MutatingMatchOneMarketDataOrderVisitor - [ORDERBOOK] Can't match order:Limit(side=BUY,orderId=5,price=43,quantity=1072)(MktData(price=98,quantity=154))
13:00:19.478 [main] INFO  c.o.v.MutatingMatchOneMarketDataOrderVisitor - [ORDERBOOK] Can't match order:Limit(side=BUY,orderId=7,price=43,quantity=4288)(MktData(price=98,quantity=154))
13:00:19.478 [main] INFO  c.o.v.MutatingMatchOneMarketDataOrderVisitor - [ORDERBOOK] Can't match order:Limit(side=BUY,orderId=9,price=43,quantity=17152)(MktData(price=98,quantity=154))
13:00:19.478 [main] INFO  c.o.v.MutatingMatchOneMarketDataOrderVisitor - [ORDERBOOK] Can't match order:Limit(side=BUY,orderId=11,price=43,quantity=68608)(MktData(price=98,quantity=154))
13:00:19.478 [main] INFO  c.o.v.MutatingMatchOneMarketDataOrderVisitor - [ORDERBOOK] Can't match order:Limit(side=BUY,orderId=12,price=43,quantity=137216)(MktData(price=98,quantity=154))
13:00:19.478 [main] INFO  c.o.v.MutatingMatchOneMarketDataOrderVisitor - [ORDERBOOK] Can't match order:Limit(side=BUY,orderId=13,price=43,quantity=274432)(MktData(price=98,quantity=154))
13:00:19.478 [main] INFO  c.o.v.MutatingMatchOneMarketDataOrderVisitor - [ORDERBOOK] Can't match order:Limit(side=BUY,orderId=14,price=43,quantity=548864)(MktData(price=98,quantity=154))
13:00:19.478 [main] INFO  c.o.v.MutatingMatchOneMarketDataOrderVisitor - [ORDERBOOK] Can't match order:Limit(side=BUY,orderId=15,price=43,quantity=1097728)(MktData(price=98,quantity=154))
13:00:19.478 [main] INFO  c.o.v.MutatingMatchOneMarketDataOrderVisitor - [ORDERBOOK] Can't match order:Limit(side=BUY,orderId=16,price=43,quantity=2195456)(MktData(price=98,quantity=154))
13:00:19.478 [main] INFO  c.o.v.MutatingMatchOneMarketDataOrderVisitor - [ORDERBOOK] Can't match order:MktData(price=43,quantity=134)(MktData(price=98,quantity=154))
13:00:19.478 [main] INFO  c.o.v.MutatingRemoveAllMarketDataOrdersVisitor - [ORDERBOOK] Removing market data order:MktData(price=98,quantity=501)
13:00:19.478 [main] INFO  c.o.v.MutatingRemoveAllMarketDataOrdersVisitor - [ORDERBOOK] Removing market data order:MktData(price=110,quantity=5000)
13:00:19.478 [main] INFO  c.o.v.MutatingRemoveAllMarketDataOrdersVisitor - [ORDERBOOK] Removing market data order:MktData(price=123,quantity=453)
13:00:19.478 [main] INFO  c.o.v.MutatingRemoveAllMarketDataOrdersVisitor - [ORDERBOOK] Removing market data order:MktData(price=167,quantity=665)
13:00:19.478 [main] DEBUG c.orderbook.OrderBook - [ORDERBOOK] ASK: Adding orderMktData(price=98,quantity=501)
13:00:19.478 [main] INFO  c.o.visitor.MutatingAddOrderVisitor - [ORDERBOOK] + Limit(side=SELL,orderId=17,price=98,quantity=501)
13:00:19.478 [main] DEBUG c.orderbook.OrderBook - [ORDERBOOK] ASK: Adding orderMktData(price=101,quantity=200)
13:00:19.478 [main] DEBUG c.orderbook.OrderBook - [ORDERBOOK] ASK: Adding orderMktData(price=110,quantity=5000)
13:00:19.478 [main] DEBUG c.orderbook.OrderBook - [ORDERBOOK] ASK: Adding orderMktData(price=119,quantity=5600)
13:00:19.478 [main] DEBUG c.orderbook.OrderBook - [ORDERBOOK] ASK: Adding orderMktData(price=123,quantity=453)
13:00:19.478 [main] DEBUG c.orderbook.OrderBook - [ORDERBOOK] ASK: Adding orderMktData(price=144,quantity=645)
13:00:19.478 [main] DEBUG c.orderbook.OrderBook - [ORDERBOOK] ASK: Adding orderMktData(price=167,quantity=665)
13:00:19.478 [main] DEBUG c.service.MarketDataService - [ALGO] BID: price:43 quantity:134
13:00:19.478 [main] DEBUG c.service.MarketDataService - [ALGO] BID: price:76 quantity:145
13:00:19.478 [main] DEBUG c.service.MarketDataService - [ALGO] BID: price:91 quantity:300
13:00:19.478 [main] DEBUG c.service.MarketDataService - [ALGO] BID: price:93 quantity:200
13:00:19.478 [main] DEBUG c.service.MarketDataService - [ALGO] BID: price:95 quantity:100
13:00:19.478 [main] DEBUG c.service.MarketDataService - [ALGO] BID: price:98 quantity:154
13:00:19.478 [main] DEBUG c.service.MarketDataService - [ALGO] ASK: price:98 quantity:501
13:00:19.478 [main] DEBUG c.service.MarketDataService - [ALGO] ASK: price:101 quantity:200
13:00:19.478 [main] DEBUG c.service.MarketDataService - [ALGO] ASK: price:110 quantity:5000
13:00:19.478 [main] DEBUG c.service.MarketDataService - [ALGO] ASK: price:119 quantity:5600
13:00:19.478 [main] DEBUG c.service.MarketDataService - [ALGO] ASK: price:123 quantity:453
13:00:19.478 [main] DEBUG c.service.MarketDataService - [ALGO] ASK: price:144 quantity:645
13:00:19.478 [main] DEBUG c.service.MarketDataService - [ALGO] ASK: price:167 quantity:665
13:00:19.478 [main] INFO  c.gettingstarted.MyAlgoLogic - [MYALGO] The state of the order book is:
|----BID-----||----ASK----|
    134 @ 43    501 @ 98
    145 @ 76   200 @ 101
    300 @ 91  5000 @ 110
    200 @ 93  5600 @ 119
    100 @ 95   453 @ 123
    154 @ 98   645 @ 144
          -    665 @ 167
|------------||-----------|

13:00:19.478 [main] INFO  c.gettingstarted.MyAlgoLogic - [MYALGO] Algo Sees Book as: 
|----BID-----||----ASK----|
    134 @ 43    501 @ 98
    145 @ 76   200 @ 101
    300 @ 91  5000 @ 110
    200 @ 93  5600 @ 119
    100 @ 95   453 @ 123
    154 @ 98   645 @ 144
          -    665 @ 167
|------------||-----------|

13:00:19.478 [main] INFO  c.gettingstarted.TimedLogic - [TIMEDLOGIC] Market is open
13:00:19.478 [main] INFO  c.sequencer.consumer.LoggingConsumer - [105] 
|----BID-----|
    134 @ 43
    145 @ 76
    300 @ 91
    200 @ 93
    100 @ 95
    154 @ 98
|----ASK-----|
    501 @ 98
   200 @ 101
  5000 @ 110
  5600 @ 119
   453 @ 123
   645 @ 144
   665 @ 167

13:00:19.478 [main] INFO  c.orderbook.OrderBook - [ORDERBOOK] Processing Mkt Data Update
13:00:19.478 [main] INFO  c.o.v.MutatingRemoveAllMarketDataOrdersVisitor - [ORDERBOOK] Removing market data order:MktData(price=43,quantity=134)
13:00:19.478 [main] DEBUG c.orderbook.OrderBook - [ORDERBOOK] ASK: Adding orderMktData(price=43,quantity=134)
13:00:19.478 [main] INFO  c.o.visitor.MutatingAddOrderVisitor - [ORDERBOOK] + Limit(side=BUY,orderId=16,price=43,quantity=2195456)
13:00:19.478 [main] DEBUG c.orderbook.OrderBook - [ORDERBOOK] ASK: Adding orderMktData(price=76,quantity=145)
13:00:19.478 [main] DEBUG c.orderbook.OrderBook - [ORDERBOOK] ASK: Adding orderMktData(price=91,quantity=300)
13:00:19.478 [main] DEBUG c.orderbook.OrderBook - [ORDERBOOK] ASK: Adding orderMktData(price=93,quantity=200)
13:00:19.478 [main] DEBUG c.orderbook.OrderBook - [ORDERBOOK] ASK: Adding orderMktData(price=95,quantity=100)
13:00:19.478 [main] DEBUG c.orderbook.OrderBook - [ORDERBOOK] ASK: Adding orderMktData(price=98,quantity=154)
13:00:19.478 [main] INFO  c.o.v.MutatingMatchOneMarketDataOrderVisitor - [ORDERBOOK] visiting LevelOrderBookLevel(price=43,quantity=4260798)
13:00:19.478 [main] INFO  c.o.v.MutatingMatchOneMarketDataOrderVisitor - [ORDERBOOK] Can't match order:Limit(side=BUY,orderId=3,price=43,quantity=268)(MktData(price=98,quantity=154))
13:00:19.478 [main] INFO  c.o.v.MutatingMatchOneMarketDataOrderVisitor - [ORDERBOOK] Can't match order:Limit(side=BUY,orderId=5,price=43,quantity=1072)(MktData(price=98,quantity=154))
13:00:19.478 [main] INFO  c.o.v.MutatingMatchOneMarketDataOrderVisitor - [ORDERBOOK] Can't match order:Limit(side=BUY,orderId=7,price=43,quantity=4288)(MktData(price=98,quantity=154))
13:00:19.478 [main] INFO  c.o.v.MutatingMatchOneMarketDataOrderVisitor - [ORDERBOOK] Can't match order:Limit(side=BUY,orderId=9,price=43,quantity=17152)(MktData(price=98,quantity=154))
13:00:19.478 [main] INFO  c.o.v.MutatingMatchOneMarketDataOrderVisitor - [ORDERBOOK] Can't match order:Limit(side=BUY,orderId=11,price=43,quantity=68608)(MktData(price=98,quantity=154))
13:00:19.478 [main] INFO  c.o.v.MutatingMatchOneMarketDataOrderVisitor - [ORDERBOOK] Can't match order:Limit(side=BUY,orderId=12,price=43,quantity=137216)(MktData(price=98,quantity=154))
13:00:19.478 [main] INFO  c.o.v.MutatingMatchOneMarketDataOrderVisitor - [ORDERBOOK] Can't match order:Limit(side=BUY,orderId=13,price=43,quantity=274432)(MktData(price=98,quantity=154))
13:00:19.478 [main] INFO  c.o.v.MutatingMatchOneMarketDataOrderVisitor - [ORDERBOOK] Can't match order:Limit(side=BUY,orderId=14,price=43,quantity=548864)(MktData(price=98,quantity=154))
13:00:19.478 [main] INFO  c.o.v.MutatingMatchOneMarketDataOrderVisitor - [ORDERBOOK] Can't match order:Limit(side=BUY,orderId=15,price=43,quantity=1097728)(MktData(price=98,quantity=154))
13:00:19.478 [main] INFO  c.o.v.MutatingMatchOneMarketDataOrderVisitor - [ORDERBOOK] Can't match order:Limit(side=BUY,orderId=16,price=43,quantity=2195456)(MktData(price=98,quantity=154))
13:00:19.478 [main] INFO  c.o.v.MutatingMatchOneMarketDataOrderVisitor - [ORDERBOOK] Can't match order:MktData(price=43,quantity=134)(MktData(price=98,quantity=154))
13:00:19.478 [main] INFO  c.o.v.MutatingRemoveAllMarketDataOrdersVisitor - [ORDERBOOK] Removing market data order:MktData(price=98,quantity=501)
13:00:19.478 [main] INFO  c.o.v.MutatingRemoveAllMarketDataOrdersVisitor - [ORDERBOOK] Removing market data order:MktData(price=110,quantity=5000)
13:00:19.478 [main] INFO  c.o.v.MutatingRemoveAllMarketDataOrdersVisitor - [ORDERBOOK] Removing market data order:MktData(price=123,quantity=453)
13:00:19.478 [main] INFO  c.o.v.MutatingRemoveAllMarketDataOrdersVisitor - [ORDERBOOK] Removing market data order:MktData(price=167,quantity=665)
13:00:19.478 [main] DEBUG c.orderbook.OrderBook - [ORDERBOOK] ASK: Adding orderMktData(price=98,quantity=501)
13:00:19.478 [main] INFO  c.o.visitor.MutatingAddOrderVisitor - [ORDERBOOK] + Limit(side=SELL,orderId=17,price=98,quantity=501)
13:00:19.478 [main] DEBUG c.orderbook.OrderBook - [ORDERBOOK] ASK: Adding orderMktData(price=101,quantity=200)
13:00:19.478 [main] DEBUG c.orderbook.OrderBook - [ORDERBOOK] ASK: Adding orderMktData(price=110,quantity=5000)
13:00:19.478 [main] DEBUG c.orderbook.OrderBook - [ORDERBOOK] ASK: Adding orderMktData(price=119,quantity=5600)
13:00:19.478 [main] DEBUG c.orderbook.OrderBook - [ORDERBOOK] ASK: Adding orderMktData(price=123,quantity=453)
13:00:19.478 [main] DEBUG c.orderbook.OrderBook - [ORDERBOOK] ASK: Adding orderMktData(price=144,quantity=645)
13:00:19.478 [main] DEBUG c.orderbook.OrderBook - [ORDERBOOK] ASK: Adding orderMktData(price=167,quantity=665)
13:00:19.478 [main] DEBUG c.service.MarketDataService - [ALGO] BID: price:43 quantity:134
13:00:19.478 [main] DEBUG c.service.MarketDataService - [ALGO] BID: price:76 quantity:145
13:00:19.478 [main] DEBUG c.service.MarketDataService - [ALGO] BID: price:91 quantity:300
13:00:19.478 [main] DEBUG c.service.MarketDataService - [ALGO] BID: price:93 quantity:200
13:00:19.478 [main] DEBUG c.service.MarketDataService - [ALGO] BID: price:95 quantity:100
13:00:19.478 [main] DEBUG c.service.MarketDataService - [ALGO] BID: price:98 quantity:154
13:00:19.478 [main] DEBUG c.service.MarketDataService - [ALGO] ASK: price:98 quantity:501
13:00:19.478 [main] DEBUG c.service.MarketDataService - [ALGO] ASK: price:101 quantity:200
13:00:19.478 [main] DEBUG c.service.MarketDataService - [ALGO] ASK: price:110 quantity:5000
13:00:19.478 [main] DEBUG c.service.MarketDataService - [ALGO] ASK: price:119 quantity:5600
13:00:19.478 [main] DEBUG c.service.MarketDataService - [ALGO] ASK: price:123 quantity:453
13:00:19.478 [main] DEBUG c.service.MarketDataService - [ALGO] ASK: price:144 quantity:645
13:00:19.478 [main] DEBUG c.service.MarketDataService - [ALGO] ASK: price:167 quantity:665
13:00:19.478 [main] INFO  c.gettingstarted.MyAlgoLogic - [MYALGO] The state of the order book is:
|----BID-----||----ASK----|
    134 @ 43    501 @ 98
    145 @ 76   200 @ 101
    300 @ 91  5000 @ 110
    200 @ 93  5600 @ 119
    100 @ 95   453 @ 123
    154 @ 98   645 @ 144
          -    665 @ 167
|------------||-----------|

13:00:19.478 [main] INFO  c.gettingstarted.MyAlgoLogic - [MYALGO] Algo Sees Book as: 
|----BID-----||----ASK----|
    134 @ 43    501 @ 98
    145 @ 76   200 @ 101
    300 @ 91  5000 @ 110
    200 @ 93  5600 @ 119
    100 @ 95   453 @ 123
    154 @ 98   645 @ 144
          -    665 @ 167
|------------||-----------|

13:00:19.478 [main] INFO  c.gettingstarted.TimedLogic - [TIMEDLOGIC] Market is open
13:00:19.478 [main] INFO  c.sequencer.consumer.LoggingConsumer - [106] 
|----BID-----|
    134 @ 43
    145 @ 76
    300 @ 91
    200 @ 93
    100 @ 95
    154 @ 98
|----ASK-----|
    501 @ 98
   200 @ 101
  5000 @ 110
  5600 @ 119
   453 @ 123
   645 @ 144
   665 @ 167

13:00:19.478 [main] INFO  c.orderbook.OrderBook - [ORDERBOOK] Processing Mkt Data Update
13:00:19.478 [main] INFO  c.o.v.MutatingRemoveAllMarketDataOrdersVisitor - [ORDERBOOK] Removing market data order:MktData(price=43,quantity=134)
13:00:19.478 [main] DEBUG c.orderbook.OrderBook - [ORDERBOOK] ASK: Adding orderMktData(price=43,quantity=134)
13:00:19.478 [main] INFO  c.o.visitor.MutatingAddOrderVisitor - [ORDERBOOK] + Limit(side=BUY,orderId=16,price=43,quantity=2195456)
13:00:19.478 [main] DEBUG c.orderbook.OrderBook - [ORDERBOOK] ASK: Adding orderMktData(price=76,quantity=145)
13:00:19.478 [main] DEBUG c.orderbook.OrderBook - [ORDERBOOK] ASK: Adding orderMktData(price=91,quantity=300)
13:00:19.478 [main] DEBUG c.orderbook.OrderBook - [ORDERBOOK] ASK: Adding orderMktData(price=93,quantity=200)
13:00:19.478 [main] DEBUG c.orderbook.OrderBook - [ORDERBOOK] ASK: Adding orderMktData(price=95,quantity=100)
13:00:19.478 [main] DEBUG c.orderbook.OrderBook - [ORDERBOOK] ASK: Adding orderMktData(price=98,quantity=154)
13:00:19.478 [main] INFO  c.o.v.MutatingMatchOneMarketDataOrderVisitor - [ORDERBOOK] visiting LevelOrderBookLevel(price=43,quantity=4260932)
13:00:19.478 [main] INFO  c.o.v.MutatingMatchOneMarketDataOrderVisitor - [ORDERBOOK] Can't match order:Limit(side=BUY,orderId=3,price=43,quantity=268)(MktData(price=98,quantity=154))
13:00:19.478 [main] INFO  c.o.v.MutatingMatchOneMarketDataOrderVisitor - [ORDERBOOK] Can't match order:Limit(side=BUY,orderId=5,price=43,quantity=1072)(MktData(price=98,quantity=154))
13:00:19.478 [main] INFO  c.o.v.MutatingMatchOneMarketDataOrderVisitor - [ORDERBOOK] Can't match order:Limit(side=BUY,orderId=7,price=43,quantity=4288)(MktData(price=98,quantity=154))
13:00:19.478 [main] INFO  c.o.v.MutatingMatchOneMarketDataOrderVisitor - [ORDERBOOK] Can't match order:Limit(side=BUY,orderId=9,price=43,quantity=17152)(MktData(price=98,quantity=154))
13:00:19.478 [main] INFO  c.o.v.MutatingMatchOneMarketDataOrderVisitor - [ORDERBOOK] Can't match order:Limit(side=BUY,orderId=11,price=43,quantity=68608)(MktData(price=98,quantity=154))
13:00:19.478 [main] INFO  c.o.v.MutatingMatchOneMarketDataOrderVisitor - [ORDERBOOK] Can't match order:Limit(side=BUY,orderId=12,price=43,quantity=137216)(MktData(price=98,quantity=154))
13:00:19.478 [main] INFO  c.o.v.MutatingMatchOneMarketDataOrderVisitor - [ORDERBOOK] Can't match order:Limit(side=BUY,orderId=13,price=43,quantity=274432)(MktData(price=98,quantity=154))
13:00:19.478 [main] INFO  c.o.v.MutatingMatchOneMarketDataOrderVisitor - [ORDERBOOK] Can't match order:Limit(side=BUY,orderId=14,price=43,quantity=548864)(MktData(price=98,quantity=154))
13:00:19.478 [main] INFO  c.o.v.MutatingMatchOneMarketDataOrderVisitor - [ORDERBOOK] Can't match order:Limit(side=BUY,orderId=15,price=43,quantity=1097728)(MktData(price=98,quantity=154))
13:00:19.478 [main] INFO  c.o.v.MutatingMatchOneMarketDataOrderVisitor - [ORDERBOOK] Can't match order:Limit(side=BUY,orderId=16,price=43,quantity=2195456)(MktData(price=98,quantity=154))
13:00:19.478 [main] INFO  c.o.v.MutatingMatchOneMarketDataOrderVisitor - [ORDERBOOK] Can't match order:MktData(price=43,quantity=134)(MktData(price=98,quantity=154))
13:00:19.478 [main] INFO  c.o.v.MutatingRemoveAllMarketDataOrdersVisitor - [ORDERBOOK] Removing market data order:MktData(price=98,quantity=501)
13:00:19.478 [main] INFO  c.o.v.MutatingRemoveAllMarketDataOrdersVisitor - [ORDERBOOK] Removing market data order:MktData(price=110,quantity=5000)
13:00:19.478 [main] INFO  c.o.v.MutatingRemoveAllMarketDataOrdersVisitor - [ORDERBOOK] Removing market data order:MktData(price=123,quantity=453)
13:00:19.478 [main] INFO  c.o.v.MutatingRemoveAllMarketDataOrdersVisitor - [ORDERBOOK] Removing market data order:MktData(price=167,quantity=665)
13:00:19.478 [main] DEBUG c.orderbook.OrderBook - [ORDERBOOK] ASK: Adding orderMktData(price=98,quantity=501)
13:00:19.478 [main] INFO  c.o.visitor.MutatingAddOrderVisitor - [ORDERBOOK] + Limit(side=SELL,orderId=17,price=98,quantity=501)
13:00:19.478 [main] DEBUG c.orderbook.OrderBook - [ORDERBOOK] ASK: Adding orderMktData(price=101,quantity=200)
13:00:19.478 [main] DEBUG c.orderbook.OrderBook - [ORDERBOOK] ASK: Adding orderMktData(price=110,quantity=5000)
13:00:19.478 [main] DEBUG c.orderbook.OrderBook - [ORDERBOOK] ASK: Adding orderMktData(price=119,quantity=5600)
13:00:19.478 [main] DEBUG c.orderbook.OrderBook - [ORDERBOOK] ASK: Adding orderMktData(price=123,quantity=453)
13:00:19.478 [main] DEBUG c.orderbook.OrderBook - [ORDERBOOK] ASK: Adding orderMktData(price=144,quantity=645)
13:00:19.478 [main] DEBUG c.orderbook.OrderBook - [ORDERBOOK] ASK: Adding orderMktData(price=167,quantity=665)
13:00:19.478 [main] DEBUG c.service.MarketDataService - [ALGO] BID: price:43 quantity:134
13:00:19.478 [main] DEBUG c.service.MarketDataService - [ALGO] BID: price:76 quantity:145
13:00:19.478 [main] DEBUG c.service.MarketDataService - [ALGO] BID: price:91 quantity:300
13:00:19.478 [main] DEBUG c.service.MarketDataService - [ALGO] BID: price:93 quantity:200
13:00:19.478 [main] DEBUG c.service.MarketDataService - [ALGO] BID: price:95 quantity:100
13:00:19.478 [main] DEBUG c.service.MarketDataService - [ALGO] BID: price:98 quantity:154
13:00:19.478 [main] DEBUG c.service.MarketDataService - [ALGO] ASK: price:98 quantity:501
13:00:19.478 [main] DEBUG c.service.MarketDataService - [ALGO] ASK: price:101 quantity:200
13:00:19.478 [main] DEBUG c.service.MarketDataService - [ALGO] ASK: price:110 quantity:5000
13:00:19.478 [main] DEBUG c.service.MarketDataService - [ALGO] ASK: price:119 quantity:5600
13:00:19.478 [main] DEBUG c.service.MarketDataService - [ALGO] ASK: price:123 quantity:453
13:00:19.478 [main] DEBUG c.service.MarketDataService - [ALGO] ASK: price:144 quantity:645
13:00:19.478 [main] DEBUG c.service.MarketDataService - [ALGO] ASK: price:167 quantity:665
13:00:19.478 [main] INFO  c.gettingstarted.MyAlgoLogic - [MYALGO] The state of the order book is:
|----BID-----||----ASK----|
    134 @ 43    501 @ 98
    145 @ 76   200 @ 101
    300 @ 91  5000 @ 110
    200 @ 93  5600 @ 119
    100 @ 95   453 @ 123
    154 @ 98   645 @ 144
          -    665 @ 167
|------------||-----------|

13:00:19.478 [main] INFO  c.gettingstarted.MyAlgoLogic - [MYALGO] Algo Sees Book as: 
|----BID-----||----ASK----|
    134 @ 43    501 @ 98
    145 @ 76   200 @ 101
    300 @ 91  5000 @ 110
    200 @ 93  5600 @ 119
    100 @ 95   453 @ 123
    154 @ 98   645 @ 144
          -    665 @ 167
|------------||-----------|

13:00:19.478 [main] INFO  c.gettingstarted.TimedLogic - [TIMEDLOGIC] Market is open
13:00:19.478 [main] INFO  c.sequencer.consumer.LoggingConsumer - [107] 
|----BID-----|
    134 @ 43
    145 @ 76
    300 @ 91
    200 @ 93
    100 @ 95
    154 @ 98
|----ASK-----|
    501 @ 98
   200 @ 101
  5000 @ 110
  5600 @ 119
   453 @ 123
   645 @ 144
   665 @ 167

13:00:19.478 [main] INFO  c.orderbook.OrderBook - [ORDERBOOK] Processing Mkt Data Update
13:00:19.478 [main] INFO  c.o.v.MutatingRemoveAllMarketDataOrdersVisitor - [ORDERBOOK] Removing market data order:MktData(price=43,quantity=134)
13:00:19.478 [main] DEBUG c.orderbook.OrderBook - [ORDERBOOK] ASK: Adding orderMktData(price=43,quantity=134)
13:00:19.478 [main] INFO  c.o.visitor.MutatingAddOrderVisitor - [ORDERBOOK] + Limit(side=BUY,orderId=16,price=43,quantity=2195456)
13:00:19.478 [main] DEBUG c.orderbook.OrderBook - [ORDERBOOK] ASK: Adding orderMktData(price=76,quantity=145)
13:00:19.478 [main] DEBUG c.orderbook.OrderBook - [ORDERBOOK] ASK: Adding orderMktData(price=91,quantity=300)
13:00:19.478 [main] DEBUG c.orderbook.OrderBook - [ORDERBOOK] ASK: Adding orderMktData(price=93,quantity=200)
13:00:19.478 [main] DEBUG c.orderbook.OrderBook - [ORDERBOOK] ASK: Adding orderMktData(price=95,quantity=100)
13:00:19.478 [main] DEBUG c.orderbook.OrderBook - [ORDERBOOK] ASK: Adding orderMktData(price=98,quantity=154)
13:00:19.478 [main] INFO  c.o.v.MutatingMatchOneMarketDataOrderVisitor - [ORDERBOOK] visiting LevelOrderBookLevel(price=43,quantity=4261066)
13:00:19.478 [main] INFO  c.o.v.MutatingMatchOneMarketDataOrderVisitor - [ORDERBOOK] Can't match order:Limit(side=BUY,orderId=3,price=43,quantity=268)(MktData(price=98,quantity=154))
13:00:19.478 [main] INFO  c.o.v.MutatingMatchOneMarketDataOrderVisitor - [ORDERBOOK] Can't match order:Limit(side=BUY,orderId=5,price=43,quantity=1072)(MktData(price=98,quantity=154))
13:00:19.478 [main] INFO  c.o.v.MutatingMatchOneMarketDataOrderVisitor - [ORDERBOOK] Can't match order:Limit(side=BUY,orderId=7,price=43,quantity=4288)(MktData(price=98,quantity=154))
13:00:19.478 [main] INFO  c.o.v.MutatingMatchOneMarketDataOrderVisitor - [ORDERBOOK] Can't match order:Limit(side=BUY,orderId=9,price=43,quantity=17152)(MktData(price=98,quantity=154))
13:00:19.478 [main] INFO  c.o.v.MutatingMatchOneMarketDataOrderVisitor - [ORDERBOOK] Can't match order:Limit(side=BUY,orderId=11,price=43,quantity=68608)(MktData(price=98,quantity=154))
13:00:19.478 [main] INFO  c.o.v.MutatingMatchOneMarketDataOrderVisitor - [ORDERBOOK] Can't match order:Limit(side=BUY,orderId=12,price=43,quantity=137216)(MktData(price=98,quantity=154))
13:00:19.478 [main] INFO  c.o.v.MutatingMatchOneMarketDataOrderVisitor - [ORDERBOOK] Can't match order:Limit(side=BUY,orderId=13,price=43,quantity=274432)(MktData(price=98,quantity=154))
13:00:19.478 [main] INFO  c.o.v.MutatingMatchOneMarketDataOrderVisitor - [ORDERBOOK] Can't match order:Limit(side=BUY,orderId=14,price=43,quantity=548864)(MktData(price=98,quantity=154))
13:00:19.478 [main] INFO  c.o.v.MutatingMatchOneMarketDataOrderVisitor - [ORDERBOOK] Can't match order:Limit(side=BUY,orderId=15,price=43,quantity=1097728)(MktData(price=98,quantity=154))
13:00:19.478 [main] INFO  c.o.v.MutatingMatchOneMarketDataOrderVisitor - [ORDERBOOK] Can't match order:Limit(side=BUY,orderId=16,price=43,quantity=2195456)(MktData(price=98,quantity=154))
13:00:19.478 [main] INFO  c.o.v.MutatingMatchOneMarketDataOrderVisitor - [ORDERBOOK] Can't match order:MktData(price=43,quantity=134)(MktData(price=98,quantity=154))
13:00:19.478 [main] INFO  c.o.v.MutatingRemoveAllMarketDataOrdersVisitor - [ORDERBOOK] Removing market data order:MktData(price=98,quantity=501)
13:00:19.478 [main] INFO  c.o.v.MutatingRemoveAllMarketDataOrdersVisitor - [ORDERBOOK] Removing market data order:MktData(price=110,quantity=5000)
13:00:19.478 [main] INFO  c.o.v.MutatingRemoveAllMarketDataOrdersVisitor - [ORDERBOOK] Removing market data order:MktData(price=123,quantity=453)
13:00:19.478 [main] INFO  c.o.v.MutatingRemoveAllMarketDataOrdersVisitor - [ORDERBOOK] Removing market data order:MktData(price=167,quantity=665)
13:00:19.478 [main] DEBUG c.orderbook.OrderBook - [ORDERBOOK] ASK: Adding orderMktData(price=98,quantity=501)
13:00:19.478 [main] INFO  c.o.visitor.MutatingAddOrderVisitor - [ORDERBOOK] + Limit(side=SELL,orderId=17,price=98,quantity=501)
13:00:19.478 [main] DEBUG c.orderbook.OrderBook - [ORDERBOOK] ASK: Adding orderMktData(price=101,quantity=200)
13:00:19.478 [main] DEBUG c.orderbook.OrderBook - [ORDERBOOK] ASK: Adding orderMktData(price=110,quantity=5000)
13:00:19.478 [main] DEBUG c.orderbook.OrderBook - [ORDERBOOK] ASK: Adding orderMktData(price=119,quantity=5600)
13:00:19.478 [main] DEBUG c.orderbook.OrderBook - [ORDERBOOK] ASK: Adding orderMktData(price=123,quantity=453)
13:00:19.478 [main] DEBUG c.orderbook.OrderBook - [ORDERBOOK] ASK: Adding orderMktData(price=144,quantity=645)
13:00:19.478 [main] DEBUG c.orderbook.OrderBook - [ORDERBOOK] ASK: Adding orderMktData(price=167,quantity=665)
13:00:19.478 [main] DEBUG c.service.MarketDataService - [ALGO] BID: price:43 quantity:134
13:00:19.478 [main] DEBUG c.service.MarketDataService - [ALGO] BID: price:76 quantity:145
13:00:19.478 [main] DEBUG c.service.MarketDataService - [ALGO] BID: price:91 quantity:300
13:00:19.478 [main] DEBUG c.service.MarketDataService - [ALGO] BID: price:93 quantity:200
13:00:19.478 [main] DEBUG c.service.MarketDataService - [ALGO] BID: price:95 quantity:100
13:00:19.478 [main] DEBUG c.service.MarketDataService - [ALGO] BID: price:98 quantity:154
13:00:19.478 [main] DEBUG c.service.MarketDataService - [ALGO] ASK: price:98 quantity:501
13:00:19.478 [main] DEBUG c.service.MarketDataService - [ALGO] ASK: price:101 quantity:200
13:00:19.478 [main] DEBUG c.service.MarketDataService - [ALGO] ASK: price:110 quantity:5000
13:00:19.478 [main] DEBUG c.service.MarketDataService - [ALGO] ASK: price:119 quantity:5600
13:00:19.478 [main] DEBUG c.service.MarketDataService - [ALGO] ASK: price:123 quantity:453
13:00:19.478 [main] DEBUG c.service.MarketDataService - [ALGO] ASK: price:144 quantity:645
13:00:19.478 [main] DEBUG c.service.MarketDataService - [ALGO] ASK: price:167 quantity:665
13:00:19.478 [main] INFO  c.gettingstarted.MyAlgoLogic - [MYALGO] The state of the order book is:
|----BID-----||----ASK----|
    134 @ 43    501 @ 98
    145 @ 76   200 @ 101
    300 @ 91  5000 @ 110
    200 @ 93  5600 @ 119
    100 @ 95   453 @ 123
    154 @ 98   645 @ 144
          -    665 @ 167
|------------||-----------|

13:00:19.478 [main] INFO  c.gettingstarted.MyAlgoLogic - [MYALGO] Algo Sees Book as: 
|----BID-----||----ASK----|
    134 @ 43    501 @ 98
    145 @ 76   200 @ 101
    300 @ 91  5000 @ 110
    200 @ 93  5600 @ 119
    100 @ 95   453 @ 123
    154 @ 98   645 @ 144
          -    665 @ 167
|------------||-----------|

13:00:19.478 [main] INFO  c.gettingstarted.TimedLogic - [TIMEDLOGIC] Market is open
13:00:19.478 [main] INFO  c.sequencer.consumer.LoggingConsumer - [108] 
|----BID-----|
    134 @ 43
    145 @ 76
    300 @ 91
    200 @ 93
    100 @ 95
    154 @ 98
|----ASK-----|
    501 @ 98
   200 @ 101
  5000 @ 110
  5600 @ 119
   453 @ 123
   645 @ 144
   665 @ 167

13:00:19.478 [main] INFO  c.orderbook.OrderBook - [ORDERBOOK] Processing Mkt Data Update
13:00:19.478 [main] INFO  c.o.v.MutatingRemoveAllMarketDataOrdersVisitor - [ORDERBOOK] Removing market data order:MktData(price=43,quantity=134)
13:00:19.478 [main] DEBUG c.orderbook.OrderBook - [ORDERBOOK] ASK: Adding orderMktData(price=43,quantity=134)
13:00:19.478 [main] INFO  c.o.visitor.MutatingAddOrderVisitor - [ORDERBOOK] + Limit(side=BUY,orderId=16,price=43,quantity=2195456)
13:00:19.478 [main] DEBUG c.orderbook.OrderBook - [ORDERBOOK] ASK: Adding orderMktData(price=76,quantity=145)
13:00:19.478 [main] DEBUG c.orderbook.OrderBook - [ORDERBOOK] ASK: Adding orderMktData(price=91,quantity=300)
13:00:19.478 [main] DEBUG c.orderbook.OrderBook - [ORDERBOOK] ASK: Adding orderMktData(price=93,quantity=200)
13:00:19.478 [main] DEBUG c.orderbook.OrderBook - [ORDERBOOK] ASK: Adding orderMktData(price=95,quantity=100)
13:00:19.478 [main] DEBUG c.orderbook.OrderBook - [ORDERBOOK] ASK: Adding orderMktData(price=98,quantity=154)
13:00:19.478 [main] INFO  c.o.v.MutatingMatchOneMarketDataOrderVisitor - [ORDERBOOK] visiting LevelOrderBookLevel(price=43,quantity=4261200)
13:00:19.478 [main] INFO  c.o.v.MutatingMatchOneMarketDataOrderVisitor - [ORDERBOOK] Can't match order:Limit(side=BUY,orderId=3,price=43,quantity=268)(MktData(price=98,quantity=154))
13:00:19.478 [main] INFO  c.o.v.MutatingMatchOneMarketDataOrderVisitor - [ORDERBOOK] Can't match order:Limit(side=BUY,orderId=5,price=43,quantity=1072)(MktData(price=98,quantity=154))
13:00:19.478 [main] INFO  c.o.v.MutatingMatchOneMarketDataOrderVisitor - [ORDERBOOK] Can't match order:Limit(side=BUY,orderId=7,price=43,quantity=4288)(MktData(price=98,quantity=154))
13:00:19.478 [main] INFO  c.o.v.MutatingMatchOneMarketDataOrderVisitor - [ORDERBOOK] Can't match order:Limit(side=BUY,orderId=9,price=43,quantity=17152)(MktData(price=98,quantity=154))
13:00:19.478 [main] INFO  c.o.v.MutatingMatchOneMarketDataOrderVisitor - [ORDERBOOK] Can't match order:Limit(side=BUY,orderId=11,price=43,quantity=68608)(MktData(price=98,quantity=154))
13:00:19.478 [main] INFO  c.o.v.MutatingMatchOneMarketDataOrderVisitor - [ORDERBOOK] Can't match order:Limit(side=BUY,orderId=12,price=43,quantity=137216)(MktData(price=98,quantity=154))
13:00:19.478 [main] INFO  c.o.v.MutatingMatchOneMarketDataOrderVisitor - [ORDERBOOK] Can't match order:Limit(side=BUY,orderId=13,price=43,quantity=274432)(MktData(price=98,quantity=154))
13:00:19.478 [main] INFO  c.o.v.MutatingMatchOneMarketDataOrderVisitor - [ORDERBOOK] Can't match order:Limit(side=BUY,orderId=14,price=43,quantity=548864)(MktData(price=98,quantity=154))
13:00:19.478 [main] INFO  c.o.v.MutatingMatchOneMarketDataOrderVisitor - [ORDERBOOK] Can't match order:Limit(side=BUY,orderId=15,price=43,quantity=1097728)(MktData(price=98,quantity=154))
13:00:19.478 [main] INFO  c.o.v.MutatingMatchOneMarketDataOrderVisitor - [ORDERBOOK] Can't match order:Limit(side=BUY,orderId=16,price=43,quantity=2195456)(MktData(price=98,quantity=154))
13:00:19.478 [main] INFO  c.o.v.MutatingMatchOneMarketDataOrderVisitor - [ORDERBOOK] Can't match order:MktData(price=43,quantity=134)(MktData(price=98,quantity=154))
13:00:19.478 [main] INFO  c.o.v.MutatingRemoveAllMarketDataOrdersVisitor - [ORDERBOOK] Removing market data order:MktData(price=98,quantity=501)
13:00:19.478 [main] INFO  c.o.v.MutatingRemoveAllMarketDataOrdersVisitor - [ORDERBOOK] Removing market data order:MktData(price=110,quantity=5000)
13:00:19.478 [main] INFO  c.o.v.MutatingRemoveAllMarketDataOrdersVisitor - [ORDERBOOK] Removing market data order:MktData(price=123,quantity=453)
13:00:19.478 [main] INFO  c.o.v.MutatingRemoveAllMarketDataOrdersVisitor - [ORDERBOOK] Removing market data order:MktData(price=167,quantity=665)
13:00:19.478 [main] DEBUG c.orderbook.OrderBook - [ORDERBOOK] ASK: Adding orderMktData(price=98,quantity=501)
13:00:19.478 [main] INFO  c.o.visitor.MutatingAddOrderVisitor - [ORDERBOOK] + Limit(side=SELL,orderId=17,price=98,quantity=501)
13:00:19.478 [main] DEBUG c.orderbook.OrderBook - [ORDERBOOK] ASK: Adding orderMktData(price=101,quantity=200)
13:00:19.478 [main] DEBUG c.orderbook.OrderBook - [ORDERBOOK] ASK: Adding orderMktData(price=110,quantity=5000)
13:00:19.478 [main] DEBUG c.orderbook.OrderBook - [ORDERBOOK] ASK: Adding orderMktData(price=119,quantity=5600)
13:00:19.478 [main] DEBUG c.orderbook.OrderBook - [ORDERBOOK] ASK: Adding orderMktData(price=123,quantity=453)
13:00:19.478 [main] DEBUG c.orderbook.OrderBook - [ORDERBOOK] ASK: Adding orderMktData(price=144,quantity=645)
13:00:19.478 [main] DEBUG c.orderbook.OrderBook - [ORDERBOOK] ASK: Adding orderMktData(price=167,quantity=665)
13:00:19.478 [main] DEBUG c.service.MarketDataService - [ALGO] BID: price:43 quantity:134
13:00:19.478 [main] DEBUG c.service.MarketDataService - [ALGO] BID: price:76 quantity:145
13:00:19.478 [main] DEBUG c.service.MarketDataService - [ALGO] BID: price:91 quantity:300
13:00:19.478 [main] DEBUG c.service.MarketDataService - [ALGO] BID: price:93 quantity:200
13:00:19.478 [main] DEBUG c.service.MarketDataService - [ALGO] BID: price:95 quantity:100
13:00:19.478 [main] DEBUG c.service.MarketDataService - [ALGO] BID: price:98 quantity:154
13:00:19.478 [main] DEBUG c.service.MarketDataService - [ALGO] ASK: price:98 quantity:501
13:00:19.478 [main] DEBUG c.service.MarketDataService - [ALGO] ASK: price:101 quantity:200
13:00:19.478 [main] DEBUG c.service.MarketDataService - [ALGO] ASK: price:110 quantity:5000
13:00:19.478 [main] DEBUG c.service.MarketDataService - [ALGO] ASK: price:119 quantity:5600
13:00:19.478 [main] DEBUG c.service.MarketDataService - [ALGO] ASK: price:123 quantity:453
13:00:19.478 [main] DEBUG c.service.MarketDataService - [ALGO] ASK: price:144 quantity:645
13:00:19.478 [main] DEBUG c.service.MarketDataService - [ALGO] ASK: price:167 quantity:665
13:00:19.478 [main] INFO  c.gettingstarted.MyAlgoLogic - [MYALGO] The state of the order book is:
|----BID-----||----ASK----|
    134 @ 43    501 @ 98
    145 @ 76   200 @ 101
    300 @ 91  5000 @ 110
    200 @ 93  5600 @ 119
    100 @ 95   453 @ 123
    154 @ 98   645 @ 144
          -    665 @ 167
|------------||-----------|

13:00:19.478 [main] INFO  c.gettingstarted.MyAlgoLogic - [MYALGO] Algo Sees Book as: 
|----BID-----||----ASK----|
    134 @ 43    501 @ 98
    145 @ 76   200 @ 101
    300 @ 91  5000 @ 110
    200 @ 93  5600 @ 119
    100 @ 95   453 @ 123
    154 @ 98   645 @ 144
          -    665 @ 167
|------------||-----------|

13:00:19.478 [main] INFO  c.gettingstarted.TimedLogic - [TIMEDLOGIC] Market is open
13:00:19.478 [main] INFO  c.sequencer.consumer.LoggingConsumer - [109] 
|----BID-----|
    134 @ 43
    145 @ 76
    300 @ 91
    200 @ 93
    100 @ 95
    154 @ 98
|----ASK-----|
    501 @ 98
   200 @ 101
  5000 @ 110
  5600 @ 119
   453 @ 123
   645 @ 144
   665 @ 167

13:00:19.478 [main] INFO  c.orderbook.OrderBook - [ORDERBOOK] Processing Mkt Data Update
13:00:19.478 [main] INFO  c.o.v.MutatingRemoveAllMarketDataOrdersVisitor - [ORDERBOOK] Removing market data order:MktData(price=43,quantity=134)
13:00:19.478 [main] DEBUG c.orderbook.OrderBook - [ORDERBOOK] ASK: Adding orderMktData(price=43,quantity=134)
13:00:19.478 [main] INFO  c.o.visitor.MutatingAddOrderVisitor - [ORDERBOOK] + Limit(side=BUY,orderId=16,price=43,quantity=2195456)
13:00:19.478 [main] DEBUG c.orderbook.OrderBook - [ORDERBOOK] ASK: Adding orderMktData(price=76,quantity=145)
13:00:19.478 [main] DEBUG c.orderbook.OrderBook - [ORDERBOOK] ASK: Adding orderMktData(price=91,quantity=300)
13:00:19.478 [main] DEBUG c.orderbook.OrderBook - [ORDERBOOK] ASK: Adding orderMktData(price=93,quantity=200)
13:00:19.478 [main] DEBUG c.orderbook.OrderBook - [ORDERBOOK] ASK: Adding orderMktData(price=95,quantity=100)
13:00:19.478 [main] DEBUG c.orderbook.OrderBook - [ORDERBOOK] ASK: Adding orderMktData(price=98,quantity=154)
13:00:19.478 [main] INFO  c.o.v.MutatingMatchOneMarketDataOrderVisitor - [ORDERBOOK] visiting LevelOrderBookLevel(price=43,quantity=4261334)
13:00:19.478 [main] INFO  c.o.v.MutatingMatchOneMarketDataOrderVisitor - [ORDERBOOK] Can't match order:Limit(side=BUY,orderId=3,price=43,quantity=268)(MktData(price=98,quantity=154))
13:00:19.478 [main] INFO  c.o.v.MutatingMatchOneMarketDataOrderVisitor - [ORDERBOOK] Can't match order:Limit(side=BUY,orderId=5,price=43,quantity=1072)(MktData(price=98,quantity=154))
13:00:19.478 [main] INFO  c.o.v.MutatingMatchOneMarketDataOrderVisitor - [ORDERBOOK] Can't match order:Limit(side=BUY,orderId=7,price=43,quantity=4288)(MktData(price=98,quantity=154))
13:00:19.478 [main] INFO  c.o.v.MutatingMatchOneMarketDataOrderVisitor - [ORDERBOOK] Can't match order:Limit(side=BUY,orderId=9,price=43,quantity=17152)(MktData(price=98,quantity=154))
13:00:19.478 [main] INFO  c.o.v.MutatingMatchOneMarketDataOrderVisitor - [ORDERBOOK] Can't match order:Limit(side=BUY,orderId=11,price=43,quantity=68608)(MktData(price=98,quantity=154))
13:00:19.478 [main] INFO  c.o.v.MutatingMatchOneMarketDataOrderVisitor - [ORDERBOOK] Can't match order:Limit(side=BUY,orderId=12,price=43,quantity=137216)(MktData(price=98,quantity=154))
13:00:19.478 [main] INFO  c.o.v.MutatingMatchOneMarketDataOrderVisitor - [ORDERBOOK] Can't match order:Limit(side=BUY,orderId=13,price=43,quantity=274432)(MktData(price=98,quantity=154))
13:00:19.478 [main] INFO  c.o.v.MutatingMatchOneMarketDataOrderVisitor - [ORDERBOOK] Can't match order:Limit(side=BUY,orderId=14,price=43,quantity=548864)(MktData(price=98,quantity=154))
13:00:19.478 [main] INFO  c.o.v.MutatingMatchOneMarketDataOrderVisitor - [ORDERBOOK] Can't match order:Limit(side=BUY,orderId=15,price=43,quantity=1097728)(MktData(price=98,quantity=154))
13:00:19.478 [main] INFO  c.o.v.MutatingMatchOneMarketDataOrderVisitor - [ORDERBOOK] Can't match order:Limit(side=BUY,orderId=16,price=43,quantity=2195456)(MktData(price=98,quantity=154))
13:00:19.478 [main] INFO  c.o.v.MutatingMatchOneMarketDataOrderVisitor - [ORDERBOOK] Can't match order:MktData(price=43,quantity=134)(MktData(price=98,quantity=154))
13:00:19.478 [main] INFO  c.o.v.MutatingRemoveAllMarketDataOrdersVisitor - [ORDERBOOK] Removing market data order:MktData(price=98,quantity=501)
13:00:19.478 [main] INFO  c.o.v.MutatingRemoveAllMarketDataOrdersVisitor - [ORDERBOOK] Removing market data order:MktData(price=110,quantity=5000)
13:00:19.478 [main] INFO  c.o.v.MutatingRemoveAllMarketDataOrdersVisitor - [ORDERBOOK] Removing market data order:MktData(price=123,quantity=453)
13:00:19.478 [main] INFO  c.o.v.MutatingRemoveAllMarketDataOrdersVisitor - [ORDERBOOK] Removing market data order:MktData(price=167,quantity=665)
13:00:19.478 [main] DEBUG c.orderbook.OrderBook - [ORDERBOOK] ASK: Adding orderMktData(price=98,quantity=501)
13:00:19.478 [main] INFO  c.o.visitor.MutatingAddOrderVisitor - [ORDERBOOK] + Limit(side=SELL,orderId=17,price=98,quantity=501)
13:00:19.478 [main] DEBUG c.orderbook.OrderBook - [ORDERBOOK] ASK: Adding orderMktData(price=101,quantity=200)
13:00:19.478 [main] DEBUG c.orderbook.OrderBook - [ORDERBOOK] ASK: Adding orderMktData(price=110,quantity=5000)
13:00:19.478 [main] DEBUG c.orderbook.OrderBook - [ORDERBOOK] ASK: Adding orderMktData(price=119,quantity=5600)
13:00:19.478 [main] DEBUG c.orderbook.OrderBook - [ORDERBOOK] ASK: Adding orderMktData(price=123,quantity=453)
13:00:19.478 [main] DEBUG c.orderbook.OrderBook - [ORDERBOOK] ASK: Adding orderMktData(price=144,quantity=645)
13:00:19.478 [main] DEBUG c.orderbook.OrderBook - [ORDERBOOK] ASK: Adding orderMktData(price=167,quantity=665)
13:00:19.478 [main] DEBUG c.service.MarketDataService - [ALGO] BID: price:43 quantity:134
13:00:19.478 [main] DEBUG c.service.MarketDataService - [ALGO] BID: price:76 quantity:145
13:00:19.478 [main] DEBUG c.service.MarketDataService - [ALGO] BID: price:91 quantity:300
13:00:19.478 [main] DEBUG c.service.MarketDataService - [ALGO] BID: price:93 quantity:200
13:00:19.478 [main] DEBUG c.service.MarketDataService - [ALGO] BID: price:95 quantity:100
13:00:19.478 [main] DEBUG c.service.MarketDataService - [ALGO] BID: price:98 quantity:154
13:00:19.478 [main] DEBUG c.service.MarketDataService - [ALGO] ASK: price:98 quantity:501
13:00:19.478 [main] DEBUG c.service.MarketDataService - [ALGO] ASK: price:101 quantity:200
13:00:19.478 [main] DEBUG c.service.MarketDataService - [ALGO] ASK: price:110 quantity:5000
13:00:19.478 [main] DEBUG c.service.MarketDataService - [ALGO] ASK: price:119 quantity:5600
13:00:19.478 [main] DEBUG c.service.MarketDataService - [ALGO] ASK: price:123 quantity:453
13:00:19.478 [main] DEBUG c.service.MarketDataService - [ALGO] ASK: price:144 quantity:645
13:00:19.478 [main] DEBUG c.service.MarketDataService - [ALGO] ASK: price:167 quantity:665
13:00:19.478 [main] INFO  c.gettingstarted.MyAlgoLogic - [MYALGO] The state of the order book is:
|----BID-----||----ASK----|
    134 @ 43    501 @ 98
    145 @ 76   200 @ 101
    300 @ 91  5000 @ 110
    200 @ 93  5600 @ 119
    100 @ 95   453 @ 123
    154 @ 98   645 @ 144
          -    665 @ 167
|------------||-----------|

13:00:19.478 [main] INFO  c.gettingstarted.MyAlgoLogic - [MYALGO] Algo Sees Book as: 
|----BID-----||----ASK----|
    134 @ 43    501 @ 98
    145 @ 76   200 @ 101
    300 @ 91  5000 @ 110
    200 @ 93  5600 @ 119
    100 @ 95   453 @ 123
    154 @ 98   645 @ 144
          -    665 @ 167
|------------||-----------|

13:00:19.478 [main] INFO  c.gettingstarted.TimedLogic - [TIMEDLOGIC] Market is open
13:00:19.478 [main] INFO  c.sequencer.consumer.LoggingConsumer - [110] 
|----BID-----|
    134 @ 43
    145 @ 76
    300 @ 91
    200 @ 93
    100 @ 95
    154 @ 98
|----ASK-----|
    501 @ 98
   200 @ 101
  5000 @ 110
  5600 @ 119
   453 @ 123
   645 @ 144
   665 @ 167

13:00:19.478 [main] INFO  c.orderbook.OrderBook - [ORDERBOOK] Processing Mkt Data Update
13:00:19.478 [main] INFO  c.o.v.MutatingRemoveAllMarketDataOrdersVisitor - [ORDERBOOK] Removing market data order:MktData(price=43,quantity=134)
13:00:19.478 [main] DEBUG c.orderbook.OrderBook - [ORDERBOOK] ASK: Adding orderMktData(price=43,quantity=134)
13:00:19.478 [main] INFO  c.o.visitor.MutatingAddOrderVisitor - [ORDERBOOK] + Limit(side=BUY,orderId=16,price=43,quantity=2195456)
13:00:19.478 [main] DEBUG c.orderbook.OrderBook - [ORDERBOOK] ASK: Adding orderMktData(price=76,quantity=145)
13:00:19.478 [main] DEBUG c.orderbook.OrderBook - [ORDERBOOK] ASK: Adding orderMktData(price=91,quantity=300)
13:00:19.478 [main] DEBUG c.orderbook.OrderBook - [ORDERBOOK] ASK: Adding orderMktData(price=93,quantity=200)
13:00:19.478 [main] DEBUG c.orderbook.OrderBook - [ORDERBOOK] ASK: Adding orderMktData(price=95,quantity=100)
13:00:19.478 [main] DEBUG c.orderbook.OrderBook - [ORDERBOOK] ASK: Adding orderMktData(price=98,quantity=154)
13:00:19.478 [main] INFO  c.o.v.MutatingMatchOneMarketDataOrderVisitor - [ORDERBOOK] visiting LevelOrderBookLevel(price=43,quantity=4261468)
13:00:19.478 [main] INFO  c.o.v.MutatingMatchOneMarketDataOrderVisitor - [ORDERBOOK] Can't match order:Limit(side=BUY,orderId=3,price=43,quantity=268)(MktData(price=98,quantity=154))
13:00:19.478 [main] INFO  c.o.v.MutatingMatchOneMarketDataOrderVisitor - [ORDERBOOK] Can't match order:Limit(side=BUY,orderId=5,price=43,quantity=1072)(MktData(price=98,quantity=154))
13:00:19.478 [main] INFO  c.o.v.MutatingMatchOneMarketDataOrderVisitor - [ORDERBOOK] Can't match order:Limit(side=BUY,orderId=7,price=43,quantity=4288)(MktData(price=98,quantity=154))
13:00:19.478 [main] INFO  c.o.v.MutatingMatchOneMarketDataOrderVisitor - [ORDERBOOK] Can't match order:Limit(side=BUY,orderId=9,price=43,quantity=17152)(MktData(price=98,quantity=154))
13:00:19.478 [main] INFO  c.o.v.MutatingMatchOneMarketDataOrderVisitor - [ORDERBOOK] Can't match order:Limit(side=BUY,orderId=11,price=43,quantity=68608)(MktData(price=98,quantity=154))
13:00:19.478 [main] INFO  c.o.v.MutatingMatchOneMarketDataOrderVisitor - [ORDERBOOK] Can't match order:Limit(side=BUY,orderId=12,price=43,quantity=137216)(MktData(price=98,quantity=154))
13:00:19.478 [main] INFO  c.o.v.MutatingMatchOneMarketDataOrderVisitor - [ORDERBOOK] Can't match order:Limit(side=BUY,orderId=13,price=43,quantity=274432)(MktData(price=98,quantity=154))
13:00:19.478 [main] INFO  c.o.v.MutatingMatchOneMarketDataOrderVisitor - [ORDERBOOK] Can't match order:Limit(side=BUY,orderId=14,price=43,quantity=548864)(MktData(price=98,quantity=154))
13:00:19.478 [main] INFO  c.o.v.MutatingMatchOneMarketDataOrderVisitor - [ORDERBOOK] Can't match order:Limit(side=BUY,orderId=15,price=43,quantity=1097728)(MktData(price=98,quantity=154))
13:00:19.478 [main] INFO  c.o.v.MutatingMatchOneMarketDataOrderVisitor - [ORDERBOOK] Can't match order:Limit(side=BUY,orderId=16,price=43,quantity=2195456)(MktData(price=98,quantity=154))
13:00:19.478 [main] INFO  c.o.v.MutatingMatchOneMarketDataOrderVisitor - [ORDERBOOK] Can't match order:MktData(price=43,quantity=134)(MktData(price=98,quantity=154))
13:00:19.478 [main] INFO  c.o.v.MutatingRemoveAllMarketDataOrdersVisitor - [ORDERBOOK] Removing market data order:MktData(price=98,quantity=501)
13:00:19.478 [main] INFO  c.o.v.MutatingRemoveAllMarketDataOrdersVisitor - [ORDERBOOK] Removing market data order:MktData(price=110,quantity=5000)
13:00:19.478 [main] INFO  c.o.v.MutatingRemoveAllMarketDataOrdersVisitor - [ORDERBOOK] Removing market data order:MktData(price=123,quantity=453)
13:00:19.478 [main] INFO  c.o.v.MutatingRemoveAllMarketDataOrdersVisitor - [ORDERBOOK] Removing market data order:MktData(price=167,quantity=665)
13:00:19.478 [main] DEBUG c.orderbook.OrderBook - [ORDERBOOK] ASK: Adding orderMktData(price=98,quantity=501)
13:00:19.478 [main] INFO  c.o.visitor.MutatingAddOrderVisitor - [ORDERBOOK] + Limit(side=SELL,orderId=17,price=98,quantity=501)
13:00:19.478 [main] DEBUG c.orderbook.OrderBook - [ORDERBOOK] ASK: Adding orderMktData(price=101,quantity=200)
13:00:19.478 [main] DEBUG c.orderbook.OrderBook - [ORDERBOOK] ASK: Adding orderMktData(price=110,quantity=5000)
13:00:19.478 [main] DEBUG c.orderbook.OrderBook - [ORDERBOOK] ASK: Adding orderMktData(price=119,quantity=5600)
13:00:19.478 [main] DEBUG c.orderbook.OrderBook - [ORDERBOOK] ASK: Adding orderMktData(price=123,quantity=453)
13:00:19.478 [main] DEBUG c.orderbook.OrderBook - [ORDERBOOK] ASK: Adding orderMktData(price=144,quantity=645)
13:00:19.478 [main] DEBUG c.orderbook.OrderBook - [ORDERBOOK] ASK: Adding orderMktData(price=167,quantity=665)
13:00:19.478 [main] DEBUG c.service.MarketDataService - [ALGO] BID: price:43 quantity:134
13:00:19.478 [main] DEBUG c.service.MarketDataService - [ALGO] BID: price:76 quantity:145
13:00:19.478 [main] DEBUG c.service.MarketDataService - [ALGO] BID: price:91 quantity:300
13:00:19.478 [main] DEBUG c.service.MarketDataService - [ALGO] BID: price:93 quantity:200
13:00:19.478 [main] DEBUG c.service.MarketDataService - [ALGO] BID: price:95 quantity:100
13:00:19.478 [main] DEBUG c.service.MarketDataService - [ALGO] BID: price:98 quantity:154
13:00:19.478 [main] DEBUG c.service.MarketDataService - [ALGO] ASK: price:98 quantity:501
13:00:19.478 [main] DEBUG c.service.MarketDataService - [ALGO] ASK: price:101 quantity:200
13:00:19.478 [main] DEBUG c.service.MarketDataService - [ALGO] ASK: price:110 quantity:5000
13:00:19.478 [main] DEBUG c.service.MarketDataService - [ALGO] ASK: price:119 quantity:5600
13:00:19.478 [main] DEBUG c.service.MarketDataService - [ALGO] ASK: price:123 quantity:453
13:00:19.478 [main] DEBUG c.service.MarketDataService - [ALGO] ASK: price:144 quantity:645
13:00:19.478 [main] DEBUG c.service.MarketDataService - [ALGO] ASK: price:167 quantity:665
13:00:19.478 [main] INFO  c.gettingstarted.MyAlgoLogic - [MYALGO] The state of the order book is:
|----BID-----||----ASK----|
    134 @ 43    501 @ 98
    145 @ 76   200 @ 101
    300 @ 91  5000 @ 110
    200 @ 93  5600 @ 119
    100 @ 95   453 @ 123
    154 @ 98   645 @ 144
          -    665 @ 167
|------------||-----------|

13:00:19.478 [main] INFO  c.gettingstarted.MyAlgoLogic - [MYALGO] Algo Sees Book as: 
|----BID-----||----ASK----|
    134 @ 43    501 @ 98
    145 @ 76   200 @ 101
    300 @ 91  5000 @ 110
    200 @ 93  5600 @ 119
    100 @ 95   453 @ 123
    154 @ 98   645 @ 144
          -    665 @ 167
|------------||-----------|

13:00:19.478 [main] INFO  c.gettingstarted.TimedLogic - [TIMEDLOGIC] Market is open
13:00:19.478 [main] INFO  c.sequencer.consumer.LoggingConsumer - [111] 
|----BID-----|
    134 @ 43
    145 @ 76
    300 @ 91
    200 @ 93
    100 @ 95
    154 @ 98
|----ASK-----|
    501 @ 98
   200 @ 101
  5000 @ 110
  5600 @ 119
   453 @ 123
   645 @ 144
   665 @ 167

13:00:19.478 [main] INFO  c.orderbook.OrderBook - [ORDERBOOK] Processing Mkt Data Update
13:00:19.478 [main] INFO  c.o.v.MutatingRemoveAllMarketDataOrdersVisitor - [ORDERBOOK] Removing market data order:MktData(price=43,quantity=134)
13:00:19.478 [main] DEBUG c.orderbook.OrderBook - [ORDERBOOK] ASK: Adding orderMktData(price=43,quantity=134)
13:00:19.478 [main] INFO  c.o.visitor.MutatingAddOrderVisitor - [ORDERBOOK] + Limit(side=BUY,orderId=16,price=43,quantity=2195456)
13:00:19.478 [main] DEBUG c.orderbook.OrderBook - [ORDERBOOK] ASK: Adding orderMktData(price=76,quantity=145)
13:00:19.478 [main] DEBUG c.orderbook.OrderBook - [ORDERBOOK] ASK: Adding orderMktData(price=91,quantity=300)
13:00:19.478 [main] DEBUG c.orderbook.OrderBook - [ORDERBOOK] ASK: Adding orderMktData(price=93,quantity=200)
13:00:19.478 [main] DEBUG c.orderbook.OrderBook - [ORDERBOOK] ASK: Adding orderMktData(price=95,quantity=100)
13:00:19.478 [main] DEBUG c.orderbook.OrderBook - [ORDERBOOK] ASK: Adding orderMktData(price=98,quantity=154)
13:00:19.478 [main] INFO  c.o.v.MutatingMatchOneMarketDataOrderVisitor - [ORDERBOOK] visiting LevelOrderBookLevel(price=43,quantity=4261602)
13:00:19.478 [main] INFO  c.o.v.MutatingMatchOneMarketDataOrderVisitor - [ORDERBOOK] Can't match order:Limit(side=BUY,orderId=3,price=43,quantity=268)(MktData(price=98,quantity=154))
13:00:19.478 [main] INFO  c.o.v.MutatingMatchOneMarketDataOrderVisitor - [ORDERBOOK] Can't match order:Limit(side=BUY,orderId=5,price=43,quantity=1072)(MktData(price=98,quantity=154))
13:00:19.478 [main] INFO  c.o.v.MutatingMatchOneMarketDataOrderVisitor - [ORDERBOOK] Can't match order:Limit(side=BUY,orderId=7,price=43,quantity=4288)(MktData(price=98,quantity=154))
13:00:19.478 [main] INFO  c.o.v.MutatingMatchOneMarketDataOrderVisitor - [ORDERBOOK] Can't match order:Limit(side=BUY,orderId=9,price=43,quantity=17152)(MktData(price=98,quantity=154))
13:00:19.478 [main] INFO  c.o.v.MutatingMatchOneMarketDataOrderVisitor - [ORDERBOOK] Can't match order:Limit(side=BUY,orderId=11,price=43,quantity=68608)(MktData(price=98,quantity=154))
13:00:19.478 [main] INFO  c.o.v.MutatingMatchOneMarketDataOrderVisitor - [ORDERBOOK] Can't match order:Limit(side=BUY,orderId=12,price=43,quantity=137216)(MktData(price=98,quantity=154))
13:00:19.478 [main] INFO  c.o.v.MutatingMatchOneMarketDataOrderVisitor - [ORDERBOOK] Can't match order:Limit(side=BUY,orderId=13,price=43,quantity=274432)(MktData(price=98,quantity=154))
13:00:19.478 [main] INFO  c.o.v.MutatingMatchOneMarketDataOrderVisitor - [ORDERBOOK] Can't match order:Limit(side=BUY,orderId=14,price=43,quantity=548864)(MktData(price=98,quantity=154))
13:00:19.478 [main] INFO  c.o.v.MutatingMatchOneMarketDataOrderVisitor - [ORDERBOOK] Can't match order:Limit(side=BUY,orderId=15,price=43,quantity=1097728)(MktData(price=98,quantity=154))
13:00:19.478 [main] INFO  c.o.v.MutatingMatchOneMarketDataOrderVisitor - [ORDERBOOK] Can't match order:Limit(side=BUY,orderId=16,price=43,quantity=2195456)(MktData(price=98,quantity=154))
13:00:19.478 [main] INFO  c.o.v.MutatingMatchOneMarketDataOrderVisitor - [ORDERBOOK] Can't match order:MktData(price=43,quantity=134)(MktData(price=98,quantity=154))
13:00:19.478 [main] INFO  c.o.v.MutatingRemoveAllMarketDataOrdersVisitor - [ORDERBOOK] Removing market data order:MktData(price=98,quantity=501)
13:00:19.478 [main] INFO  c.o.v.MutatingRemoveAllMarketDataOrdersVisitor - [ORDERBOOK] Removing market data order:MktData(price=110,quantity=5000)
13:00:19.478 [main] INFO  c.o.v.MutatingRemoveAllMarketDataOrdersVisitor - [ORDERBOOK] Removing market data order:MktData(price=123,quantity=453)
13:00:19.478 [main] INFO  c.o.v.MutatingRemoveAllMarketDataOrdersVisitor - [ORDERBOOK] Removing market data order:MktData(price=167,quantity=665)
13:00:19.478 [main] DEBUG c.orderbook.OrderBook - [ORDERBOOK] ASK: Adding orderMktData(price=98,quantity=501)
13:00:19.478 [main] INFO  c.o.visitor.MutatingAddOrderVisitor - [ORDERBOOK] + Limit(side=SELL,orderId=17,price=98,quantity=501)
13:00:19.478 [main] DEBUG c.orderbook.OrderBook - [ORDERBOOK] ASK: Adding orderMktData(price=101,quantity=200)
13:00:19.478 [main] DEBUG c.orderbook.OrderBook - [ORDERBOOK] ASK: Adding orderMktData(price=110,quantity=5000)
13:00:19.478 [main] DEBUG c.orderbook.OrderBook - [ORDERBOOK] ASK: Adding orderMktData(price=119,quantity=5600)
13:00:19.478 [main] DEBUG c.orderbook.OrderBook - [ORDERBOOK] ASK: Adding orderMktData(price=123,quantity=453)
13:00:19.478 [main] DEBUG c.orderbook.OrderBook - [ORDERBOOK] ASK: Adding orderMktData(price=144,quantity=645)
13:00:19.478 [main] DEBUG c.orderbook.OrderBook - [ORDERBOOK] ASK: Adding orderMktData(price=167,quantity=665)
13:00:19.478 [main] DEBUG c.service.MarketDataService - [ALGO] BID: price:43 quantity:134
13:00:19.478 [main] DEBUG c.service.MarketDataService - [ALGO] BID: price:76 quantity:145
13:00:19.478 [main] DEBUG c.service.MarketDataService - [ALGO] BID: price:91 quantity:300
13:00:19.478 [main] DEBUG c.service.MarketDataService - [ALGO] BID: price:93 quantity:200
13:00:19.478 [main] DEBUG c.service.MarketDataService - [ALGO] BID: price:95 quantity:100
13:00:19.478 [main] DEBUG c.service.MarketDataService - [ALGO] BID: price:98 quantity:154
13:00:19.478 [main] DEBUG c.service.MarketDataService - [ALGO] ASK: price:98 quantity:501
13:00:19.478 [main] DEBUG c.service.MarketDataService - [ALGO] ASK: price:101 quantity:200
13:00:19.478 [main] DEBUG c.service.MarketDataService - [ALGO] ASK: price:110 quantity:5000
13:00:19.478 [main] DEBUG c.service.MarketDataService - [ALGO] ASK: price:119 quantity:5600
13:00:19.478 [main] DEBUG c.service.MarketDataService - [ALGO] ASK: price:123 quantity:453
13:00:19.478 [main] DEBUG c.service.MarketDataService - [ALGO] ASK: price:144 quantity:645
13:00:19.478 [main] DEBUG c.service.MarketDataService - [ALGO] ASK: price:167 quantity:665
13:00:19.478 [main] INFO  c.gettingstarted.MyAlgoLogic - [MYALGO] The state of the order book is:
|----BID-----||----ASK----|
    134 @ 43    501 @ 98
    145 @ 76   200 @ 101
    300 @ 91  5000 @ 110
    200 @ 93  5600 @ 119
    100 @ 95   453 @ 123
    154 @ 98   645 @ 144
          -    665 @ 167
|------------||-----------|

13:00:19.478 [main] INFO  c.gettingstarted.MyAlgoLogic - [MYALGO] Algo Sees Book as: 
|----BID-----||----ASK----|
    134 @ 43    501 @ 98
    145 @ 76   200 @ 101
    300 @ 91  5000 @ 110
    200 @ 93  5600 @ 119
    100 @ 95   453 @ 123
    154 @ 98   645 @ 144
          -    665 @ 167
|------------||-----------|

13:00:19.478 [main] INFO  c.gettingstarted.TimedLogic - [TIMEDLOGIC] Market is open
13:00:19.478 [main] INFO  c.sequencer.consumer.LoggingConsumer - [112] 
|----BID-----|
    134 @ 43
    145 @ 76
    300 @ 91
    200 @ 93
    100 @ 95
    154 @ 98
|----ASK-----|
    501 @ 98
   200 @ 101
  5000 @ 110
  5600 @ 119
   453 @ 123
   645 @ 144
   665 @ 167

13:00:19.478 [main] INFO  c.orderbook.OrderBook - [ORDERBOOK] Processing Mkt Data Update
13:00:19.478 [main] INFO  c.o.v.MutatingRemoveAllMarketDataOrdersVisitor - [ORDERBOOK] Removing market data order:MktData(price=43,quantity=134)
13:00:19.478 [main] DEBUG c.orderbook.OrderBook - [ORDERBOOK] ASK: Adding orderMktData(price=43,quantity=134)
13:00:19.478 [main] INFO  c.o.visitor.MutatingAddOrderVisitor - [ORDERBOOK] + Limit(side=BUY,orderId=16,price=43,quantity=2195456)
13:00:19.478 [main] DEBUG c.orderbook.OrderBook - [ORDERBOOK] ASK: Adding orderMktData(price=76,quantity=145)
13:00:19.478 [main] DEBUG c.orderbook.OrderBook - [ORDERBOOK] ASK: Adding orderMktData(price=91,quantity=300)
13:00:19.478 [main] DEBUG c.orderbook.OrderBook - [ORDERBOOK] ASK: Adding orderMktData(price=93,quantity=200)
13:00:19.478 [main] DEBUG c.orderbook.OrderBook - [ORDERBOOK] ASK: Adding orderMktData(price=95,quantity=100)
13:00:19.478 [main] DEBUG c.orderbook.OrderBook - [ORDERBOOK] ASK: Adding orderMktData(price=98,quantity=154)
13:00:19.478 [main] INFO  c.o.v.MutatingMatchOneMarketDataOrderVisitor - [ORDERBOOK] visiting LevelOrderBookLevel(price=43,quantity=4261736)
13:00:19.478 [main] INFO  c.o.v.MutatingMatchOneMarketDataOrderVisitor - [ORDERBOOK] Can't match order:Limit(side=BUY,orderId=3,price=43,quantity=268)(MktData(price=98,quantity=154))
13:00:19.478 [main] INFO  c.o.v.MutatingMatchOneMarketDataOrderVisitor - [ORDERBOOK] Can't match order:Limit(side=BUY,orderId=5,price=43,quantity=1072)(MktData(price=98,quantity=154))
13:00:19.478 [main] INFO  c.o.v.MutatingMatchOneMarketDataOrderVisitor - [ORDERBOOK] Can't match order:Limit(side=BUY,orderId=7,price=43,quantity=4288)(MktData(price=98,quantity=154))
13:00:19.478 [main] INFO  c.o.v.MutatingMatchOneMarketDataOrderVisitor - [ORDERBOOK] Can't match order:Limit(side=BUY,orderId=9,price=43,quantity=17152)(MktData(price=98,quantity=154))
13:00:19.478 [main] INFO  c.o.v.MutatingMatchOneMarketDataOrderVisitor - [ORDERBOOK] Can't match order:Limit(side=BUY,orderId=11,price=43,quantity=68608)(MktData(price=98,quantity=154))
13:00:19.478 [main] INFO  c.o.v.MutatingMatchOneMarketDataOrderVisitor - [ORDERBOOK] Can't match order:Limit(side=BUY,orderId=12,price=43,quantity=137216)(MktData(price=98,quantity=154))
13:00:19.478 [main] INFO  c.o.v.MutatingMatchOneMarketDataOrderVisitor - [ORDERBOOK] Can't match order:Limit(side=BUY,orderId=13,price=43,quantity=274432)(MktData(price=98,quantity=154))
13:00:19.478 [main] INFO  c.o.v.MutatingMatchOneMarketDataOrderVisitor - [ORDERBOOK] Can't match order:Limit(side=BUY,orderId=14,price=43,quantity=548864)(MktData(price=98,quantity=154))
13:00:19.478 [main] INFO  c.o.v.MutatingMatchOneMarketDataOrderVisitor - [ORDERBOOK] Can't match order:Limit(side=BUY,orderId=15,price=43,quantity=1097728)(MktData(price=98,quantity=154))
13:00:19.478 [main] INFO  c.o.v.MutatingMatchOneMarketDataOrderVisitor - [ORDERBOOK] Can't match order:Limit(side=BUY,orderId=16,price=43,quantity=2195456)(MktData(price=98,quantity=154))
13:00:19.478 [main] INFO  c.o.v.MutatingMatchOneMarketDataOrderVisitor - [ORDERBOOK] Can't match order:MktData(price=43,quantity=134)(MktData(price=98,quantity=154))
13:00:19.478 [main] INFO  c.o.v.MutatingRemoveAllMarketDataOrdersVisitor - [ORDERBOOK] Removing market data order:MktData(price=98,quantity=501)
13:00:19.478 [main] INFO  c.o.v.MutatingRemoveAllMarketDataOrdersVisitor - [ORDERBOOK] Removing market data order:MktData(price=110,quantity=5000)
13:00:19.478 [main] INFO  c.o.v.MutatingRemoveAllMarketDataOrdersVisitor - [ORDERBOOK] Removing market data order:MktData(price=123,quantity=453)
13:00:19.478 [main] INFO  c.o.v.MutatingRemoveAllMarketDataOrdersVisitor - [ORDERBOOK] Removing market data order:MktData(price=167,quantity=665)
13:00:19.478 [main] DEBUG c.orderbook.OrderBook - [ORDERBOOK] ASK: Adding orderMktData(price=98,quantity=501)
13:00:19.478 [main] INFO  c.o.visitor.MutatingAddOrderVisitor - [ORDERBOOK] + Limit(side=SELL,orderId=17,price=98,quantity=501)
13:00:19.478 [main] DEBUG c.orderbook.OrderBook - [ORDERBOOK] ASK: Adding orderMktData(price=101,quantity=200)
13:00:19.478 [main] DEBUG c.orderbook.OrderBook - [ORDERBOOK] ASK: Adding orderMktData(price=110,quantity=5000)
13:00:19.478 [main] DEBUG c.orderbook.OrderBook - [ORDERBOOK] ASK: Adding orderMktData(price=119,quantity=5600)
13:00:19.478 [main] DEBUG c.orderbook.OrderBook - [ORDERBOOK] ASK: Adding orderMktData(price=123,quantity=453)
13:00:19.478 [main] DEBUG c.orderbook.OrderBook - [ORDERBOOK] ASK: Adding orderMktData(price=144,quantity=645)
13:00:19.478 [main] DEBUG c.orderbook.OrderBook - [ORDERBOOK] ASK: Adding orderMktData(price=167,quantity=665)
13:00:19.478 [main] DEBUG c.service.MarketDataService - [ALGO] BID: price:43 quantity:134
13:00:19.478 [main] DEBUG c.service.MarketDataService - [ALGO] BID: price:76 quantity:145
13:00:19.478 [main] DEBUG c.service.MarketDataService - [ALGO] BID: price:91 quantity:300
13:00:19.478 [main] DEBUG c.service.MarketDataService - [ALGO] BID: price:93 quantity:200
13:00:19.478 [main] DEBUG c.service.MarketDataService - [ALGO] BID: price:95 quantity:100
13:00:19.478 [main] DEBUG c.service.MarketDataService - [ALGO] BID: price:98 quantity:154
13:00:19.478 [main] DEBUG c.service.MarketDataService - [ALGO] ASK: price:98 quantity:501
13:00:19.478 [main] DEBUG c.service.MarketDataService - [ALGO] ASK: price:101 quantity:200
13:00:19.478 [main] DEBUG c.service.MarketDataService - [ALGO] ASK: price:110 quantity:5000
13:00:19.478 [main] DEBUG c.service.MarketDataService - [ALGO] ASK: price:119 quantity:5600
13:00:19.478 [main] DEBUG c.service.MarketDataService - [ALGO] ASK: price:123 quantity:453
13:00:19.478 [main] DEBUG c.service.MarketDataService - [ALGO] ASK: price:144 quantity:645
13:00:19.478 [main] DEBUG c.service.MarketDataService - [ALGO] ASK: price:167 quantity:665
13:00:19.478 [main] INFO  c.gettingstarted.MyAlgoLogic - [MYALGO] The state of the order book is:
|----BID-----||----ASK----|
    134 @ 43    501 @ 98
    145 @ 76   200 @ 101
    300 @ 91  5000 @ 110
    200 @ 93  5600 @ 119
    100 @ 95   453 @ 123
    154 @ 98   645 @ 144
          -    665 @ 167
|------------||-----------|

13:00:19.478 [main] INFO  c.gettingstarted.MyAlgoLogic - [MYALGO] Algo Sees Book as: 
|----BID-----||----ASK----|
    134 @ 43    501 @ 98
    145 @ 76   200 @ 101
    300 @ 91  5000 @ 110
    200 @ 93  5600 @ 119
    100 @ 95   453 @ 123
    154 @ 98   645 @ 144
          -    665 @ 167
|------------||-----------|

13:00:19.478 [main] INFO  c.gettingstarted.TimedLogic - [TIMEDLOGIC] Market is open
13:00:19.478 [main] INFO  c.sequencer.consumer.LoggingConsumer - [113] 
|----BID-----|
    134 @ 43
    145 @ 76
    300 @ 91
    200 @ 93
    100 @ 95
    154 @ 98
|----ASK-----|
    501 @ 98
   200 @ 101
  5000 @ 110
  5600 @ 119
   453 @ 123
   645 @ 144
   665 @ 167

13:00:19.478 [main] INFO  c.orderbook.OrderBook - [ORDERBOOK] Processing Mkt Data Update
13:00:19.478 [main] INFO  c.o.v.MutatingRemoveAllMarketDataOrdersVisitor - [ORDERBOOK] Removing market data order:MktData(price=43,quantity=134)
13:00:19.478 [main] DEBUG c.orderbook.OrderBook - [ORDERBOOK] ASK: Adding orderMktData(price=43,quantity=134)
13:00:19.478 [main] INFO  c.o.visitor.MutatingAddOrderVisitor - [ORDERBOOK] + Limit(side=BUY,orderId=16,price=43,quantity=2195456)
13:00:19.478 [main] DEBUG c.orderbook.OrderBook - [ORDERBOOK] ASK: Adding orderMktData(price=76,quantity=145)
13:00:19.478 [main] DEBUG c.orderbook.OrderBook - [ORDERBOOK] ASK: Adding orderMktData(price=91,quantity=300)
13:00:19.478 [main] DEBUG c.orderbook.OrderBook - [ORDERBOOK] ASK: Adding orderMktData(price=93,quantity=200)
13:00:19.478 [main] DEBUG c.orderbook.OrderBook - [ORDERBOOK] ASK: Adding orderMktData(price=95,quantity=100)
13:00:19.478 [main] DEBUG c.orderbook.OrderBook - [ORDERBOOK] ASK: Adding orderMktData(price=98,quantity=154)
13:00:19.478 [main] INFO  c.o.v.MutatingMatchOneMarketDataOrderVisitor - [ORDERBOOK] visiting LevelOrderBookLevel(price=43,quantity=4261870)
13:00:19.478 [main] INFO  c.o.v.MutatingMatchOneMarketDataOrderVisitor - [ORDERBOOK] Can't match order:Limit(side=BUY,orderId=3,price=43,quantity=268)(MktData(price=98,quantity=154))
13:00:19.478 [main] INFO  c.o.v.MutatingMatchOneMarketDataOrderVisitor - [ORDERBOOK] Can't match order:Limit(side=BUY,orderId=5,price=43,quantity=1072)(MktData(price=98,quantity=154))
13:00:19.478 [main] INFO  c.o.v.MutatingMatchOneMarketDataOrderVisitor - [ORDERBOOK] Can't match order:Limit(side=BUY,orderId=7,price=43,quantity=4288)(MktData(price=98,quantity=154))
13:00:19.478 [main] INFO  c.o.v.MutatingMatchOneMarketDataOrderVisitor - [ORDERBOOK] Can't match order:Limit(side=BUY,orderId=9,price=43,quantity=17152)(MktData(price=98,quantity=154))
13:00:19.478 [main] INFO  c.o.v.MutatingMatchOneMarketDataOrderVisitor - [ORDERBOOK] Can't match order:Limit(side=BUY,orderId=11,price=43,quantity=68608)(MktData(price=98,quantity=154))
13:00:19.478 [main] INFO  c.o.v.MutatingMatchOneMarketDataOrderVisitor - [ORDERBOOK] Can't match order:Limit(side=BUY,orderId=12,price=43,quantity=137216)(MktData(price=98,quantity=154))
13:00:19.478 [main] INFO  c.o.v.MutatingMatchOneMarketDataOrderVisitor - [ORDERBOOK] Can't match order:Limit(side=BUY,orderId=13,price=43,quantity=274432)(MktData(price=98,quantity=154))
13:00:19.478 [main] INFO  c.o.v.MutatingMatchOneMarketDataOrderVisitor - [ORDERBOOK] Can't match order:Limit(side=BUY,orderId=14,price=43,quantity=548864)(MktData(price=98,quantity=154))
13:00:19.478 [main] INFO  c.o.v.MutatingMatchOneMarketDataOrderVisitor - [ORDERBOOK] Can't match order:Limit(side=BUY,orderId=15,price=43,quantity=1097728)(MktData(price=98,quantity=154))
13:00:19.478 [main] INFO  c.o.v.MutatingMatchOneMarketDataOrderVisitor - [ORDERBOOK] Can't match order:Limit(side=BUY,orderId=16,price=43,quantity=2195456)(MktData(price=98,quantity=154))
13:00:19.478 [main] INFO  c.o.v.MutatingMatchOneMarketDataOrderVisitor - [ORDERBOOK] Can't match order:MktData(price=43,quantity=134)(MktData(price=98,quantity=154))
13:00:19.478 [main] INFO  c.o.v.MutatingRemoveAllMarketDataOrdersVisitor - [ORDERBOOK] Removing market data order:MktData(price=98,quantity=501)
13:00:19.478 [main] INFO  c.o.v.MutatingRemoveAllMarketDataOrdersVisitor - [ORDERBOOK] Removing market data order:MktData(price=110,quantity=5000)
13:00:19.478 [main] INFO  c.o.v.MutatingRemoveAllMarketDataOrdersVisitor - [ORDERBOOK] Removing market data order:MktData(price=123,quantity=453)
13:00:19.478 [main] INFO  c.o.v.MutatingRemoveAllMarketDataOrdersVisitor - [ORDERBOOK] Removing market data order:MktData(price=167,quantity=665)
13:00:19.478 [main] DEBUG c.orderbook.OrderBook - [ORDERBOOK] ASK: Adding orderMktData(price=98,quantity=501)
13:00:19.478 [main] INFO  c.o.visitor.MutatingAddOrderVisitor - [ORDERBOOK] + Limit(side=SELL,orderId=17,price=98,quantity=501)
13:00:19.478 [main] DEBUG c.orderbook.OrderBook - [ORDERBOOK] ASK: Adding orderMktData(price=101,quantity=200)
13:00:19.478 [main] DEBUG c.orderbook.OrderBook - [ORDERBOOK] ASK: Adding orderMktData(price=110,quantity=5000)
13:00:19.478 [main] DEBUG c.orderbook.OrderBook - [ORDERBOOK] ASK: Adding orderMktData(price=119,quantity=5600)
13:00:19.478 [main] DEBUG c.orderbook.OrderBook - [ORDERBOOK] ASK: Adding orderMktData(price=123,quantity=453)
13:00:19.478 [main] DEBUG c.orderbook.OrderBook - [ORDERBOOK] ASK: Adding orderMktData(price=144,quantity=645)
13:00:19.478 [main] DEBUG c.orderbook.OrderBook - [ORDERBOOK] ASK: Adding orderMktData(price=167,quantity=665)
13:00:19.478 [main] DEBUG c.service.MarketDataService - [ALGO] BID: price:43 quantity:134
13:00:19.478 [main] DEBUG c.service.MarketDataService - [ALGO] BID: price:76 quantity:145
13:00:19.478 [main] DEBUG c.service.MarketDataService - [ALGO] BID: price:91 quantity:300
13:00:19.478 [main] DEBUG c.service.MarketDataService - [ALGO] BID: price:93 quantity:200
13:00:19.478 [main] DEBUG c.service.MarketDataService - [ALGO] BID: price:95 quantity:100
13:00:19.478 [main] DEBUG c.service.MarketDataService - [ALGO] BID: price:98 quantity:154
13:00:19.478 [main] DEBUG c.service.MarketDataService - [ALGO] ASK: price:98 quantity:501
13:00:19.478 [main] DEBUG c.service.MarketDataService - [ALGO] ASK: price:101 quantity:200
13:00:19.478 [main] DEBUG c.service.MarketDataService - [ALGO] ASK: price:110 quantity:5000
13:00:19.478 [main] DEBUG c.service.MarketDataService - [ALGO] ASK: price:119 quantity:5600
13:00:19.478 [main] DEBUG c.service.MarketDataService - [ALGO] ASK: price:123 quantity:453
13:00:19.478 [main] DEBUG c.service.MarketDataService - [ALGO] ASK: price:144 quantity:645
13:00:19.478 [main] DEBUG c.service.MarketDataService - [ALGO] ASK: price:167 quantity:665
13:00:19.478 [main] INFO  c.gettingstarted.MyAlgoLogic - [MYALGO] The state of the order book is:
|----BID-----||----ASK----|
    134 @ 43    501 @ 98
    145 @ 76   200 @ 101
    300 @ 91  5000 @ 110
    200 @ 93  5600 @ 119
    100 @ 95   453 @ 123
    154 @ 98   645 @ 144
          -    665 @ 167
|------------||-----------|

13:00:19.478 [main] INFO  c.gettingstarted.MyAlgoLogic - [MYALGO] Algo Sees Book as: 
|----BID-----||----ASK----|
    134 @ 43    501 @ 98
    145 @ 76   200 @ 101
    300 @ 91  5000 @ 110
    200 @ 93  5600 @ 119
    100 @ 95   453 @ 123
    154 @ 98   645 @ 144
          -    665 @ 167
|------------||-----------|

13:00:19.478 [main] INFO  c.gettingstarted.TimedLogic - [TIMEDLOGIC] Market is open
13:00:19.478 [main] INFO  c.sequencer.consumer.LoggingConsumer - [114] 
|----BID-----|
    134 @ 43
    145 @ 76
    300 @ 91
    200 @ 93
    100 @ 95
    154 @ 98
|----ASK-----|
    501 @ 98
   200 @ 101
  5000 @ 110
  5600 @ 119
   453 @ 123
   645 @ 144
   665 @ 167

13:00:19.478 [main] INFO  c.orderbook.OrderBook - [ORDERBOOK] Processing Mkt Data Update
13:00:19.478 [main] INFO  c.o.v.MutatingRemoveAllMarketDataOrdersVisitor - [ORDERBOOK] Removing market data order:MktData(price=43,quantity=134)
13:00:19.478 [main] DEBUG c.orderbook.OrderBook - [ORDERBOOK] ASK: Adding orderMktData(price=43,quantity=134)
13:00:19.478 [main] INFO  c.o.visitor.MutatingAddOrderVisitor - [ORDERBOOK] + Limit(side=BUY,orderId=16,price=43,quantity=2195456)
13:00:19.478 [main] DEBUG c.orderbook.OrderBook - [ORDERBOOK] ASK: Adding orderMktData(price=76,quantity=145)
13:00:19.478 [main] DEBUG c.orderbook.OrderBook - [ORDERBOOK] ASK: Adding orderMktData(price=91,quantity=300)
13:00:19.478 [main] DEBUG c.orderbook.OrderBook - [ORDERBOOK] ASK: Adding orderMktData(price=93,quantity=200)
13:00:19.478 [main] DEBUG c.orderbook.OrderBook - [ORDERBOOK] ASK: Adding orderMktData(price=95,quantity=100)
13:00:19.478 [main] DEBUG c.orderbook.OrderBook - [ORDERBOOK] ASK: Adding orderMktData(price=98,quantity=154)
13:00:19.478 [main] INFO  c.o.v.MutatingMatchOneMarketDataOrderVisitor - [ORDERBOOK] visiting LevelOrderBookLevel(price=43,quantity=4262004)
13:00:19.478 [main] INFO  c.o.v.MutatingMatchOneMarketDataOrderVisitor - [ORDERBOOK] Can't match order:Limit(side=BUY,orderId=3,price=43,quantity=268)(MktData(price=98,quantity=154))
13:00:19.478 [main] INFO  c.o.v.MutatingMatchOneMarketDataOrderVisitor - [ORDERBOOK] Can't match order:Limit(side=BUY,orderId=5,price=43,quantity=1072)(MktData(price=98,quantity=154))
13:00:19.478 [main] INFO  c.o.v.MutatingMatchOneMarketDataOrderVisitor - [ORDERBOOK] Can't match order:Limit(side=BUY,orderId=7,price=43,quantity=4288)(MktData(price=98,quantity=154))
13:00:19.478 [main] INFO  c.o.v.MutatingMatchOneMarketDataOrderVisitor - [ORDERBOOK] Can't match order:Limit(side=BUY,orderId=9,price=43,quantity=17152)(MktData(price=98,quantity=154))
13:00:19.478 [main] INFO  c.o.v.MutatingMatchOneMarketDataOrderVisitor - [ORDERBOOK] Can't match order:Limit(side=BUY,orderId=11,price=43,quantity=68608)(MktData(price=98,quantity=154))
13:00:19.478 [main] INFO  c.o.v.MutatingMatchOneMarketDataOrderVisitor - [ORDERBOOK] Can't match order:Limit(side=BUY,orderId=12,price=43,quantity=137216)(MktData(price=98,quantity=154))
13:00:19.478 [main] INFO  c.o.v.MutatingMatchOneMarketDataOrderVisitor - [ORDERBOOK] Can't match order:Limit(side=BUY,orderId=13,price=43,quantity=274432)(MktData(price=98,quantity=154))
13:00:19.478 [main] INFO  c.o.v.MutatingMatchOneMarketDataOrderVisitor - [ORDERBOOK] Can't match order:Limit(side=BUY,orderId=14,price=43,quantity=548864)(MktData(price=98,quantity=154))
13:00:19.478 [main] INFO  c.o.v.MutatingMatchOneMarketDataOrderVisitor - [ORDERBOOK] Can't match order:Limit(side=BUY,orderId=15,price=43,quantity=1097728)(MktData(price=98,quantity=154))
13:00:19.478 [main] INFO  c.o.v.MutatingMatchOneMarketDataOrderVisitor - [ORDERBOOK] Can't match order:Limit(side=BUY,orderId=16,price=43,quantity=2195456)(MktData(price=98,quantity=154))
13:00:19.478 [main] INFO  c.o.v.MutatingMatchOneMarketDataOrderVisitor - [ORDERBOOK] Can't match order:MktData(price=43,quantity=134)(MktData(price=98,quantity=154))
13:00:19.478 [main] INFO  c.o.v.MutatingRemoveAllMarketDataOrdersVisitor - [ORDERBOOK] Removing market data order:MktData(price=98,quantity=501)
13:00:19.478 [main] INFO  c.o.v.MutatingRemoveAllMarketDataOrdersVisitor - [ORDERBOOK] Removing market data order:MktData(price=110,quantity=5000)
13:00:19.478 [main] INFO  c.o.v.MutatingRemoveAllMarketDataOrdersVisitor - [ORDERBOOK] Removing market data order:MktData(price=123,quantity=453)
13:00:19.478 [main] INFO  c.o.v.MutatingRemoveAllMarketDataOrdersVisitor - [ORDERBOOK] Removing market data order:MktData(price=167,quantity=665)
13:00:19.478 [main] DEBUG c.orderbook.OrderBook - [ORDERBOOK] ASK: Adding orderMktData(price=98,quantity=501)
13:00:19.478 [main] INFO  c.o.visitor.MutatingAddOrderVisitor - [ORDERBOOK] + Limit(side=SELL,orderId=17,price=98,quantity=501)
13:00:19.478 [main] DEBUG c.orderbook.OrderBook - [ORDERBOOK] ASK: Adding orderMktData(price=101,quantity=200)
13:00:19.478 [main] DEBUG c.orderbook.OrderBook - [ORDERBOOK] ASK: Adding orderMktData(price=110,quantity=5000)
13:00:19.478 [main] DEBUG c.orderbook.OrderBook - [ORDERBOOK] ASK: Adding orderMktData(price=119,quantity=5600)
13:00:19.478 [main] DEBUG c.orderbook.OrderBook - [ORDERBOOK] ASK: Adding orderMktData(price=123,quantity=453)
13:00:19.478 [main] DEBUG c.orderbook.OrderBook - [ORDERBOOK] ASK: Adding orderMktData(price=144,quantity=645)
13:00:19.478 [main] DEBUG c.orderbook.OrderBook - [ORDERBOOK] ASK: Adding orderMktData(price=167,quantity=665)
13:00:19.478 [main] DEBUG c.service.MarketDataService - [ALGO] BID: price:43 quantity:134
13:00:19.478 [main] DEBUG c.service.MarketDataService - [ALGO] BID: price:76 quantity:145
13:00:19.478 [main] DEBUG c.service.MarketDataService - [ALGO] BID: price:91 quantity:300
13:00:19.478 [main] DEBUG c.service.MarketDataService - [ALGO] BID: price:93 quantity:200
13:00:19.478 [main] DEBUG c.service.MarketDataService - [ALGO] BID: price:95 quantity:100
13:00:19.478 [main] DEBUG c.service.MarketDataService - [ALGO] BID: price:98 quantity:154
13:00:19.478 [main] DEBUG c.service.MarketDataService - [ALGO] ASK: price:98 quantity:501
13:00:19.478 [main] DEBUG c.service.MarketDataService - [ALGO] ASK: price:101 quantity:200
13:00:19.478 [main] DEBUG c.service.MarketDataService - [ALGO] ASK: price:110 quantity:5000
13:00:19.478 [main] DEBUG c.service.MarketDataService - [ALGO] ASK: price:119 quantity:5600
13:00:19.478 [main] DEBUG c.service.MarketDataService - [ALGO] ASK: price:123 quantity:453
13:00:19.478 [main] DEBUG c.service.MarketDataService - [ALGO] ASK: price:144 quantity:645
13:00:19.478 [main] DEBUG c.service.MarketDataService - [ALGO] ASK: price:167 quantity:665
13:00:19.478 [main] INFO  c.gettingstarted.MyAlgoLogic - [MYALGO] The state of the order book is:
|----BID-----||----ASK----|
    134 @ 43    501 @ 98
    145 @ 76   200 @ 101
    300 @ 91  5000 @ 110
    200 @ 93  5600 @ 119
    100 @ 95   453 @ 123
    154 @ 98   645 @ 144
          -    665 @ 167
|------------||-----------|

13:00:19.478 [main] INFO  c.gettingstarted.MyAlgoLogic - [MYALGO] Algo Sees Book as: 
|----BID-----||----ASK----|
    134 @ 43    501 @ 98
    145 @ 76   200 @ 101
    300 @ 91  5000 @ 110
    200 @ 93  5600 @ 119
    100 @ 95   453 @ 123
    154 @ 98   645 @ 144
          -    665 @ 167
|------------||-----------|

13:00:19.478 [main] INFO  c.gettingstarted.TimedLogic - [TIMEDLOGIC] Market is open
13:00:19.478 [main] INFO  c.sequencer.consumer.LoggingConsumer - [115] 
|----BID-----|
    134 @ 43
    145 @ 76
    300 @ 91
    200 @ 93
    100 @ 95
    154 @ 98
|----ASK-----|
    501 @ 98
   200 @ 101
  5000 @ 110
  5600 @ 119
   453 @ 123
   645 @ 144
   665 @ 167

13:00:19.478 [main] INFO  c.orderbook.OrderBook - [ORDERBOOK] Processing Mkt Data Update
13:00:19.478 [main] INFO  c.o.v.MutatingRemoveAllMarketDataOrdersVisitor - [ORDERBOOK] Removing market data order:MktData(price=43,quantity=134)
13:00:19.478 [main] DEBUG c.orderbook.OrderBook - [ORDERBOOK] ASK: Adding orderMktData(price=43,quantity=134)
13:00:19.478 [main] INFO  c.o.visitor.MutatingAddOrderVisitor - [ORDERBOOK] + Limit(side=BUY,orderId=16,price=43,quantity=2195456)
13:00:19.478 [main] DEBUG c.orderbook.OrderBook - [ORDERBOOK] ASK: Adding orderMktData(price=76,quantity=145)
13:00:19.478 [main] DEBUG c.orderbook.OrderBook - [ORDERBOOK] ASK: Adding orderMktData(price=91,quantity=300)
13:00:19.478 [main] DEBUG c.orderbook.OrderBook - [ORDERBOOK] ASK: Adding orderMktData(price=93,quantity=200)
13:00:19.478 [main] DEBUG c.orderbook.OrderBook - [ORDERBOOK] ASK: Adding orderMktData(price=95,quantity=100)
13:00:19.478 [main] DEBUG c.orderbook.OrderBook - [ORDERBOOK] ASK: Adding orderMktData(price=98,quantity=154)
13:00:19.478 [main] INFO  c.o.v.MutatingMatchOneMarketDataOrderVisitor - [ORDERBOOK] visiting LevelOrderBookLevel(price=43,quantity=4262138)
13:00:19.478 [main] INFO  c.o.v.MutatingMatchOneMarketDataOrderVisitor - [ORDERBOOK] Can't match order:Limit(side=BUY,orderId=3,price=43,quantity=268)(MktData(price=98,quantity=154))
13:00:19.478 [main] INFO  c.o.v.MutatingMatchOneMarketDataOrderVisitor - [ORDERBOOK] Can't match order:Limit(side=BUY,orderId=5,price=43,quantity=1072)(MktData(price=98,quantity=154))
13:00:19.478 [main] INFO  c.o.v.MutatingMatchOneMarketDataOrderVisitor - [ORDERBOOK] Can't match order:Limit(side=BUY,orderId=7,price=43,quantity=4288)(MktData(price=98,quantity=154))
13:00:19.478 [main] INFO  c.o.v.MutatingMatchOneMarketDataOrderVisitor - [ORDERBOOK] Can't match order:Limit(side=BUY,orderId=9,price=43,quantity=17152)(MktData(price=98,quantity=154))
13:00:19.478 [main] INFO  c.o.v.MutatingMatchOneMarketDataOrderVisitor - [ORDERBOOK] Can't match order:Limit(side=BUY,orderId=11,price=43,quantity=68608)(MktData(price=98,quantity=154))
13:00:19.478 [main] INFO  c.o.v.MutatingMatchOneMarketDataOrderVisitor - [ORDERBOOK] Can't match order:Limit(side=BUY,orderId=12,price=43,quantity=137216)(MktData(price=98,quantity=154))
13:00:19.478 [main] INFO  c.o.v.MutatingMatchOneMarketDataOrderVisitor - [ORDERBOOK] Can't match order:Limit(side=BUY,orderId=13,price=43,quantity=274432)(MktData(price=98,quantity=154))
13:00:19.478 [main] INFO  c.o.v.MutatingMatchOneMarketDataOrderVisitor - [ORDERBOOK] Can't match order:Limit(side=BUY,orderId=14,price=43,quantity=548864)(MktData(price=98,quantity=154))
13:00:19.478 [main] INFO  c.o.v.MutatingMatchOneMarketDataOrderVisitor - [ORDERBOOK] Can't match order:Limit(side=BUY,orderId=15,price=43,quantity=1097728)(MktData(price=98,quantity=154))
13:00:19.478 [main] INFO  c.o.v.MutatingMatchOneMarketDataOrderVisitor - [ORDERBOOK] Can't match order:Limit(side=BUY,orderId=16,price=43,quantity=2195456)(MktData(price=98,quantity=154))
13:00:19.478 [main] INFO  c.o.v.MutatingMatchOneMarketDataOrderVisitor - [ORDERBOOK] Can't match order:MktData(price=43,quantity=134)(MktData(price=98,quantity=154))
13:00:19.478 [main] INFO  c.o.v.MutatingRemoveAllMarketDataOrdersVisitor - [ORDERBOOK] Removing market data order:MktData(price=98,quantity=501)
13:00:19.478 [main] INFO  c.o.v.MutatingRemoveAllMarketDataOrdersVisitor - [ORDERBOOK] Removing market data order:MktData(price=110,quantity=5000)
13:00:19.478 [main] INFO  c.o.v.MutatingRemoveAllMarketDataOrdersVisitor - [ORDERBOOK] Removing market data order:MktData(price=123,quantity=453)
13:00:19.478 [main] INFO  c.o.v.MutatingRemoveAllMarketDataOrdersVisitor - [ORDERBOOK] Removing market data order:MktData(price=167,quantity=665)
13:00:19.478 [main] DEBUG c.orderbook.OrderBook - [ORDERBOOK] ASK: Adding orderMktData(price=98,quantity=501)
13:00:19.494 [main] INFO  c.o.visitor.MutatingAddOrderVisitor - [ORDERBOOK] + Limit(side=SELL,orderId=17,price=98,quantity=501)
13:00:19.494 [main] DEBUG c.orderbook.OrderBook - [ORDERBOOK] ASK: Adding orderMktData(price=101,quantity=200)
13:00:19.494 [main] DEBUG c.orderbook.OrderBook - [ORDERBOOK] ASK: Adding orderMktData(price=110,quantity=5000)
13:00:19.494 [main] DEBUG c.orderbook.OrderBook - [ORDERBOOK] ASK: Adding orderMktData(price=119,quantity=5600)
13:00:19.494 [main] DEBUG c.orderbook.OrderBook - [ORDERBOOK] ASK: Adding orderMktData(price=123,quantity=453)
13:00:19.494 [main] DEBUG c.orderbook.OrderBook - [ORDERBOOK] ASK: Adding orderMktData(price=144,quantity=645)
13:00:19.494 [main] DEBUG c.orderbook.OrderBook - [ORDERBOOK] ASK: Adding orderMktData(price=167,quantity=665)
13:00:19.494 [main] DEBUG c.service.MarketDataService - [ALGO] BID: price:43 quantity:134
13:00:19.494 [main] DEBUG c.service.MarketDataService - [ALGO] BID: price:76 quantity:145
13:00:19.494 [main] DEBUG c.service.MarketDataService - [ALGO] BID: price:91 quantity:300
13:00:19.494 [main] DEBUG c.service.MarketDataService - [ALGO] BID: price:93 quantity:200
13:00:19.494 [main] DEBUG c.service.MarketDataService - [ALGO] BID: price:95 quantity:100
13:00:19.494 [main] DEBUG c.service.MarketDataService - [ALGO] BID: price:98 quantity:154
13:00:19.494 [main] DEBUG c.service.MarketDataService - [ALGO] ASK: price:98 quantity:501
13:00:19.494 [main] DEBUG c.service.MarketDataService - [ALGO] ASK: price:101 quantity:200
13:00:19.494 [main] DEBUG c.service.MarketDataService - [ALGO] ASK: price:110 quantity:5000
13:00:19.494 [main] DEBUG c.service.MarketDataService - [ALGO] ASK: price:119 quantity:5600
13:00:19.494 [main] DEBUG c.service.MarketDataService - [ALGO] ASK: price:123 quantity:453
13:00:19.494 [main] DEBUG c.service.MarketDataService - [ALGO] ASK: price:144 quantity:645
13:00:19.494 [main] DEBUG c.service.MarketDataService - [ALGO] ASK: price:167 quantity:665
13:00:19.494 [main] INFO  c.gettingstarted.MyAlgoLogic - [MYALGO] The state of the order book is:
|----BID-----||----ASK----|
    134 @ 43    501 @ 98
    145 @ 76   200 @ 101
    300 @ 91  5000 @ 110
    200 @ 93  5600 @ 119
    100 @ 95   453 @ 123
    154 @ 98   645 @ 144
          -    665 @ 167
|------------||-----------|

13:00:19.494 [main] INFO  c.gettingstarted.MyAlgoLogic - [MYALGO] Algo Sees Book as: 
|----BID-----||----ASK----|
    134 @ 43    501 @ 98
    145 @ 76   200 @ 101
    300 @ 91  5000 @ 110
    200 @ 93  5600 @ 119
    100 @ 95   453 @ 123
    154 @ 98   645 @ 144
          -    665 @ 167
|------------||-----------|

13:00:19.494 [main] INFO  c.gettingstarted.TimedLogic - [TIMEDLOGIC] Market is open
13:00:19.494 [main] INFO  c.sequencer.consumer.LoggingConsumer - [116] 
|----BID-----|
    134 @ 43
    145 @ 76
    300 @ 91
    200 @ 93
    100 @ 95
    154 @ 98
|----ASK-----|
    501 @ 98
   200 @ 101
  5000 @ 110
  5600 @ 119
   453 @ 123
   645 @ 144
   665 @ 167

13:00:19.494 [main] INFO  c.orderbook.OrderBook - [ORDERBOOK] Processing Mkt Data Update
13:00:19.494 [main] INFO  c.o.v.MutatingRemoveAllMarketDataOrdersVisitor - [ORDERBOOK] Removing market data order:MktData(price=43,quantity=134)
13:00:19.494 [main] DEBUG c.orderbook.OrderBook - [ORDERBOOK] ASK: Adding orderMktData(price=43,quantity=134)
13:00:19.494 [main] INFO  c.o.visitor.MutatingAddOrderVisitor - [ORDERBOOK] + Limit(side=BUY,orderId=16,price=43,quantity=2195456)
13:00:19.494 [main] DEBUG c.orderbook.OrderBook - [ORDERBOOK] ASK: Adding orderMktData(price=76,quantity=145)
13:00:19.494 [main] DEBUG c.orderbook.OrderBook - [ORDERBOOK] ASK: Adding orderMktData(price=91,quantity=300)
13:00:19.494 [main] DEBUG c.orderbook.OrderBook - [ORDERBOOK] ASK: Adding orderMktData(price=93,quantity=200)
13:00:19.494 [main] DEBUG c.orderbook.OrderBook - [ORDERBOOK] ASK: Adding orderMktData(price=95,quantity=100)
13:00:19.494 [main] DEBUG c.orderbook.OrderBook - [ORDERBOOK] ASK: Adding orderMktData(price=98,quantity=154)
13:00:19.494 [main] INFO  c.o.v.MutatingMatchOneMarketDataOrderVisitor - [ORDERBOOK] visiting LevelOrderBookLevel(price=43,quantity=4262272)
13:00:19.494 [main] INFO  c.o.v.MutatingMatchOneMarketDataOrderVisitor - [ORDERBOOK] Can't match order:Limit(side=BUY,orderId=3,price=43,quantity=268)(MktData(price=98,quantity=154))
13:00:19.494 [main] INFO  c.o.v.MutatingMatchOneMarketDataOrderVisitor - [ORDERBOOK] Can't match order:Limit(side=BUY,orderId=5,price=43,quantity=1072)(MktData(price=98,quantity=154))
13:00:19.494 [main] INFO  c.o.v.MutatingMatchOneMarketDataOrderVisitor - [ORDERBOOK] Can't match order:Limit(side=BUY,orderId=7,price=43,quantity=4288)(MktData(price=98,quantity=154))
13:00:19.494 [main] INFO  c.o.v.MutatingMatchOneMarketDataOrderVisitor - [ORDERBOOK] Can't match order:Limit(side=BUY,orderId=9,price=43,quantity=17152)(MktData(price=98,quantity=154))
13:00:19.494 [main] INFO  c.o.v.MutatingMatchOneMarketDataOrderVisitor - [ORDERBOOK] Can't match order:Limit(side=BUY,orderId=11,price=43,quantity=68608)(MktData(price=98,quantity=154))
13:00:19.494 [main] INFO  c.o.v.MutatingMatchOneMarketDataOrderVisitor - [ORDERBOOK] Can't match order:Limit(side=BUY,orderId=12,price=43,quantity=137216)(MktData(price=98,quantity=154))
13:00:19.494 [main] INFO  c.o.v.MutatingMatchOneMarketDataOrderVisitor - [ORDERBOOK] Can't match order:Limit(side=BUY,orderId=13,price=43,quantity=274432)(MktData(price=98,quantity=154))
13:00:19.494 [main] INFO  c.o.v.MutatingMatchOneMarketDataOrderVisitor - [ORDERBOOK] Can't match order:Limit(side=BUY,orderId=14,price=43,quantity=548864)(MktData(price=98,quantity=154))
13:00:19.494 [main] INFO  c.o.v.MutatingMatchOneMarketDataOrderVisitor - [ORDERBOOK] Can't match order:Limit(side=BUY,orderId=15,price=43,quantity=1097728)(MktData(price=98,quantity=154))
13:00:19.494 [main] INFO  c.o.v.MutatingMatchOneMarketDataOrderVisitor - [ORDERBOOK] Can't match order:Limit(side=BUY,orderId=16,price=43,quantity=2195456)(MktData(price=98,quantity=154))
13:00:19.494 [main] INFO  c.o.v.MutatingMatchOneMarketDataOrderVisitor - [ORDERBOOK] Can't match order:MktData(price=43,quantity=134)(MktData(price=98,quantity=154))
13:00:19.494 [main] INFO  c.o.v.MutatingRemoveAllMarketDataOrdersVisitor - [ORDERBOOK] Removing market data order:MktData(price=98,quantity=501)
13:00:19.494 [main] INFO  c.o.v.MutatingRemoveAllMarketDataOrdersVisitor - [ORDERBOOK] Removing market data order:MktData(price=110,quantity=5000)
13:00:19.494 [main] INFO  c.o.v.MutatingRemoveAllMarketDataOrdersVisitor - [ORDERBOOK] Removing market data order:MktData(price=123,quantity=453)
13:00:19.494 [main] INFO  c.o.v.MutatingRemoveAllMarketDataOrdersVisitor - [ORDERBOOK] Removing market data order:MktData(price=167,quantity=665)
13:00:19.494 [main] DEBUG c.orderbook.OrderBook - [ORDERBOOK] ASK: Adding orderMktData(price=98,quantity=501)
13:00:19.494 [main] INFO  c.o.visitor.MutatingAddOrderVisitor - [ORDERBOOK] + Limit(side=SELL,orderId=17,price=98,quantity=501)
13:00:19.494 [main] DEBUG c.orderbook.OrderBook - [ORDERBOOK] ASK: Adding orderMktData(price=101,quantity=200)
13:00:19.494 [main] DEBUG c.orderbook.OrderBook - [ORDERBOOK] ASK: Adding orderMktData(price=110,quantity=5000)
13:00:19.494 [main] DEBUG c.orderbook.OrderBook - [ORDERBOOK] ASK: Adding orderMktData(price=119,quantity=5600)
13:00:19.494 [main] DEBUG c.orderbook.OrderBook - [ORDERBOOK] ASK: Adding orderMktData(price=123,quantity=453)
13:00:19.494 [main] DEBUG c.orderbook.OrderBook - [ORDERBOOK] ASK: Adding orderMktData(price=144,quantity=645)
13:00:19.494 [main] DEBUG c.orderbook.OrderBook - [ORDERBOOK] ASK: Adding orderMktData(price=167,quantity=665)
13:00:19.494 [main] DEBUG c.service.MarketDataService - [ALGO] BID: price:43 quantity:134
13:00:19.494 [main] DEBUG c.service.MarketDataService - [ALGO] BID: price:76 quantity:145
13:00:19.494 [main] DEBUG c.service.MarketDataService - [ALGO] BID: price:91 quantity:300
13:00:19.494 [main] DEBUG c.service.MarketDataService - [ALGO] BID: price:93 quantity:200
13:00:19.494 [main] DEBUG c.service.MarketDataService - [ALGO] BID: price:95 quantity:100
13:00:19.494 [main] DEBUG c.service.MarketDataService - [ALGO] BID: price:98 quantity:154
13:00:19.494 [main] DEBUG c.service.MarketDataService - [ALGO] ASK: price:98 quantity:501
13:00:19.494 [main] DEBUG c.service.MarketDataService - [ALGO] ASK: price:101 quantity:200
13:00:19.494 [main] DEBUG c.service.MarketDataService - [ALGO] ASK: price:110 quantity:5000
13:00:19.494 [main] DEBUG c.service.MarketDataService - [ALGO] ASK: price:119 quantity:5600
13:00:19.494 [main] DEBUG c.service.MarketDataService - [ALGO] ASK: price:123 quantity:453
13:00:19.494 [main] DEBUG c.service.MarketDataService - [ALGO] ASK: price:144 quantity:645
13:00:19.494 [main] DEBUG c.service.MarketDataService - [ALGO] ASK: price:167 quantity:665
13:00:19.494 [main] INFO  c.gettingstarted.MyAlgoLogic - [MYALGO] The state of the order book is:
|----BID-----||----ASK----|
    134 @ 43    501 @ 98
    145 @ 76   200 @ 101
    300 @ 91  5000 @ 110
    200 @ 93  5600 @ 119
    100 @ 95   453 @ 123
    154 @ 98   645 @ 144
          -    665 @ 167
|------------||-----------|

13:00:19.494 [main] INFO  c.gettingstarted.MyAlgoLogic - [MYALGO] Algo Sees Book as: 
|----BID-----||----ASK----|
    134 @ 43    501 @ 98
    145 @ 76   200 @ 101
    300 @ 91  5000 @ 110
    200 @ 93  5600 @ 119
    100 @ 95   453 @ 123
    154 @ 98   645 @ 144
          -    665 @ 167
|------------||-----------|

13:00:19.500 [main] INFO  c.gettingstarted.TimedLogic - [TIMEDLOGIC] Market is open
13:00:19.500 [main] INFO  c.sequencer.consumer.LoggingConsumer - [117] 
|----BID-----|
    134 @ 43
    145 @ 76
    300 @ 91
    200 @ 93
    100 @ 95
    154 @ 98
|----ASK-----|
    501 @ 98
   200 @ 101
  5000 @ 110
  5600 @ 119
   453 @ 123
   645 @ 144
   665 @ 167

13:00:19.500 [main] INFO  c.orderbook.OrderBook - [ORDERBOOK] Processing Mkt Data Update
13:00:19.500 [main] INFO  c.o.v.MutatingRemoveAllMarketDataOrdersVisitor - [ORDERBOOK] Removing market data order:MktData(price=43,quantity=134)
13:00:19.500 [main] DEBUG c.orderbook.OrderBook - [ORDERBOOK] ASK: Adding orderMktData(price=43,quantity=134)
13:00:19.500 [main] INFO  c.o.visitor.MutatingAddOrderVisitor - [ORDERBOOK] + Limit(side=BUY,orderId=16,price=43,quantity=2195456)
13:00:19.500 [main] DEBUG c.orderbook.OrderBook - [ORDERBOOK] ASK: Adding orderMktData(price=76,quantity=145)
13:00:19.500 [main] DEBUG c.orderbook.OrderBook - [ORDERBOOK] ASK: Adding orderMktData(price=91,quantity=300)
13:00:19.500 [main] DEBUG c.orderbook.OrderBook - [ORDERBOOK] ASK: Adding orderMktData(price=93,quantity=200)
13:00:19.500 [main] DEBUG c.orderbook.OrderBook - [ORDERBOOK] ASK: Adding orderMktData(price=95,quantity=100)
13:00:19.500 [main] DEBUG c.orderbook.OrderBook - [ORDERBOOK] ASK: Adding orderMktData(price=98,quantity=154)
13:00:19.500 [main] INFO  c.o.v.MutatingMatchOneMarketDataOrderVisitor - [ORDERBOOK] visiting LevelOrderBookLevel(price=43,quantity=4262406)
13:00:19.500 [main] INFO  c.o.v.MutatingMatchOneMarketDataOrderVisitor - [ORDERBOOK] Can't match order:Limit(side=BUY,orderId=3,price=43,quantity=268)(MktData(price=98,quantity=154))
13:00:19.500 [main] INFO  c.o.v.MutatingMatchOneMarketDataOrderVisitor - [ORDERBOOK] Can't match order:Limit(side=BUY,orderId=5,price=43,quantity=1072)(MktData(price=98,quantity=154))
13:00:19.500 [main] INFO  c.o.v.MutatingMatchOneMarketDataOrderVisitor - [ORDERBOOK] Can't match order:Limit(side=BUY,orderId=7,price=43,quantity=4288)(MktData(price=98,quantity=154))
13:00:19.500 [main] INFO  c.o.v.MutatingMatchOneMarketDataOrderVisitor - [ORDERBOOK] Can't match order:Limit(side=BUY,orderId=9,price=43,quantity=17152)(MktData(price=98,quantity=154))
13:00:19.500 [main] INFO  c.o.v.MutatingMatchOneMarketDataOrderVisitor - [ORDERBOOK] Can't match order:Limit(side=BUY,orderId=11,price=43,quantity=68608)(MktData(price=98,quantity=154))
13:00:19.500 [main] INFO  c.o.v.MutatingMatchOneMarketDataOrderVisitor - [ORDERBOOK] Can't match order:Limit(side=BUY,orderId=12,price=43,quantity=137216)(MktData(price=98,quantity=154))
13:00:19.500 [main] INFO  c.o.v.MutatingMatchOneMarketDataOrderVisitor - [ORDERBOOK] Can't match order:Limit(side=BUY,orderId=13,price=43,quantity=274432)(MktData(price=98,quantity=154))
13:00:19.500 [main] INFO  c.o.v.MutatingMatchOneMarketDataOrderVisitor - [ORDERBOOK] Can't match order:Limit(side=BUY,orderId=14,price=43,quantity=548864)(MktData(price=98,quantity=154))
13:00:19.500 [main] INFO  c.o.v.MutatingMatchOneMarketDataOrderVisitor - [ORDERBOOK] Can't match order:Limit(side=BUY,orderId=15,price=43,quantity=1097728)(MktData(price=98,quantity=154))
13:00:19.500 [main] INFO  c.o.v.MutatingMatchOneMarketDataOrderVisitor - [ORDERBOOK] Can't match order:Limit(side=BUY,orderId=16,price=43,quantity=2195456)(MktData(price=98,quantity=154))
13:00:19.500 [main] INFO  c.o.v.MutatingMatchOneMarketDataOrderVisitor - [ORDERBOOK] Can't match order:MktData(price=43,quantity=134)(MktData(price=98,quantity=154))
13:00:19.500 [main] INFO  c.o.v.MutatingRemoveAllMarketDataOrdersVisitor - [ORDERBOOK] Removing market data order:MktData(price=98,quantity=501)
13:00:19.500 [main] INFO  c.o.v.MutatingRemoveAllMarketDataOrdersVisitor - [ORDERBOOK] Removing market data order:MktData(price=110,quantity=5000)
13:00:19.500 [main] INFO  c.o.v.MutatingRemoveAllMarketDataOrdersVisitor - [ORDERBOOK] Removing market data order:MktData(price=123,quantity=453)
13:00:19.500 [main] INFO  c.o.v.MutatingRemoveAllMarketDataOrdersVisitor - [ORDERBOOK] Removing market data order:MktData(price=167,quantity=665)
13:00:19.500 [main] DEBUG c.orderbook.OrderBook - [ORDERBOOK] ASK: Adding orderMktData(price=98,quantity=501)
13:00:19.500 [main] INFO  c.o.visitor.MutatingAddOrderVisitor - [ORDERBOOK] + Limit(side=SELL,orderId=17,price=98,quantity=501)
13:00:19.500 [main] DEBUG c.orderbook.OrderBook - [ORDERBOOK] ASK: Adding orderMktData(price=101,quantity=200)
13:00:19.500 [main] DEBUG c.orderbook.OrderBook - [ORDERBOOK] ASK: Adding orderMktData(price=110,quantity=5000)
13:00:19.500 [main] DEBUG c.orderbook.OrderBook - [ORDERBOOK] ASK: Adding orderMktData(price=119,quantity=5600)
13:00:19.500 [main] DEBUG c.orderbook.OrderBook - [ORDERBOOK] ASK: Adding orderMktData(price=123,quantity=453)
13:00:19.500 [main] DEBUG c.orderbook.OrderBook - [ORDERBOOK] ASK: Adding orderMktData(price=144,quantity=645)
13:00:19.500 [main] DEBUG c.orderbook.OrderBook - [ORDERBOOK] ASK: Adding orderMktData(price=167,quantity=665)
13:00:19.500 [main] DEBUG c.service.MarketDataService - [ALGO] BID: price:43 quantity:134
13:00:19.500 [main] DEBUG c.service.MarketDataService - [ALGO] BID: price:76 quantity:145
13:00:19.500 [main] DEBUG c.service.MarketDataService - [ALGO] BID: price:91 quantity:300
13:00:19.500 [main] DEBUG c.service.MarketDataService - [ALGO] BID: price:93 quantity:200
13:00:19.500 [main] DEBUG c.service.MarketDataService - [ALGO] BID: price:95 quantity:100
13:00:19.500 [main] DEBUG c.service.MarketDataService - [ALGO] BID: price:98 quantity:154
13:00:19.500 [main] DEBUG c.service.MarketDataService - [ALGO] ASK: price:98 quantity:501
13:00:19.500 [main] DEBUG c.service.MarketDataService - [ALGO] ASK: price:101 quantity:200
13:00:19.500 [main] DEBUG c.service.MarketDataService - [ALGO] ASK: price:110 quantity:5000
13:00:19.500 [main] DEBUG c.service.MarketDataService - [ALGO] ASK: price:119 quantity:5600
13:00:19.500 [main] DEBUG c.service.MarketDataService - [ALGO] ASK: price:123 quantity:453
13:00:19.500 [main] DEBUG c.service.MarketDataService - [ALGO] ASK: price:144 quantity:645
13:00:19.500 [main] DEBUG c.service.MarketDataService - [ALGO] ASK: price:167 quantity:665
13:00:19.500 [main] INFO  c.gettingstarted.MyAlgoLogic - [MYALGO] The state of the order book is:
|----BID-----||----ASK----|
    134 @ 43    501 @ 98
    145 @ 76   200 @ 101
    300 @ 91  5000 @ 110
    200 @ 93  5600 @ 119
    100 @ 95   453 @ 123
    154 @ 98   645 @ 144
          -    665 @ 167
|------------||-----------|

13:00:19.500 [main] INFO  c.gettingstarted.MyAlgoLogic - [MYALGO] Algo Sees Book as: 
|----BID-----||----ASK----|
    134 @ 43    501 @ 98
    145 @ 76   200 @ 101
    300 @ 91  5000 @ 110
    200 @ 93  5600 @ 119
    100 @ 95   453 @ 123
    154 @ 98   645 @ 144
          -    665 @ 167
|------------||-----------|

13:00:19.500 [main] INFO  c.gettingstarted.TimedLogic - [TIMEDLOGIC] Market is open
13:00:19.500 [main] INFO  c.sequencer.consumer.LoggingConsumer - [118] 
|----BID-----|
    134 @ 43
    145 @ 76
    300 @ 91
    200 @ 93
    100 @ 95
    154 @ 98
|----ASK-----|
    501 @ 98
   200 @ 101
  5000 @ 110
  5600 @ 119
   453 @ 123
   645 @ 144
   665 @ 167

13:00:19.500 [main] INFO  c.orderbook.OrderBook - [ORDERBOOK] Processing Mkt Data Update
13:00:19.500 [main] INFO  c.o.v.MutatingRemoveAllMarketDataOrdersVisitor - [ORDERBOOK] Removing market data order:MktData(price=43,quantity=134)
13:00:19.500 [main] DEBUG c.orderbook.OrderBook - [ORDERBOOK] ASK: Adding orderMktData(price=43,quantity=134)
13:00:19.500 [main] INFO  c.o.visitor.MutatingAddOrderVisitor - [ORDERBOOK] + Limit(side=BUY,orderId=16,price=43,quantity=2195456)
13:00:19.500 [main] DEBUG c.orderbook.OrderBook - [ORDERBOOK] ASK: Adding orderMktData(price=76,quantity=145)
13:00:19.500 [main] DEBUG c.orderbook.OrderBook - [ORDERBOOK] ASK: Adding orderMktData(price=91,quantity=300)
13:00:19.500 [main] DEBUG c.orderbook.OrderBook - [ORDERBOOK] ASK: Adding orderMktData(price=93,quantity=200)
13:00:19.500 [main] DEBUG c.orderbook.OrderBook - [ORDERBOOK] ASK: Adding orderMktData(price=95,quantity=100)
13:00:19.500 [main] DEBUG c.orderbook.OrderBook - [ORDERBOOK] ASK: Adding orderMktData(price=98,quantity=154)
13:00:19.500 [main] INFO  c.o.v.MutatingMatchOneMarketDataOrderVisitor - [ORDERBOOK] visiting LevelOrderBookLevel(price=43,quantity=4262540)
13:00:19.500 [main] INFO  c.o.v.MutatingMatchOneMarketDataOrderVisitor - [ORDERBOOK] Can't match order:Limit(side=BUY,orderId=3,price=43,quantity=268)(MktData(price=98,quantity=154))
13:00:19.500 [main] INFO  c.o.v.MutatingMatchOneMarketDataOrderVisitor - [ORDERBOOK] Can't match order:Limit(side=BUY,orderId=5,price=43,quantity=1072)(MktData(price=98,quantity=154))
13:00:19.500 [main] INFO  c.o.v.MutatingMatchOneMarketDataOrderVisitor - [ORDERBOOK] Can't match order:Limit(side=BUY,orderId=7,price=43,quantity=4288)(MktData(price=98,quantity=154))
13:00:19.500 [main] INFO  c.o.v.MutatingMatchOneMarketDataOrderVisitor - [ORDERBOOK] Can't match order:Limit(side=BUY,orderId=9,price=43,quantity=17152)(MktData(price=98,quantity=154))
13:00:19.500 [main] INFO  c.o.v.MutatingMatchOneMarketDataOrderVisitor - [ORDERBOOK] Can't match order:Limit(side=BUY,orderId=11,price=43,quantity=68608)(MktData(price=98,quantity=154))
13:00:19.500 [main] INFO  c.o.v.MutatingMatchOneMarketDataOrderVisitor - [ORDERBOOK] Can't match order:Limit(side=BUY,orderId=12,price=43,quantity=137216)(MktData(price=98,quantity=154))
13:00:19.500 [main] INFO  c.o.v.MutatingMatchOneMarketDataOrderVisitor - [ORDERBOOK] Can't match order:Limit(side=BUY,orderId=13,price=43,quantity=274432)(MktData(price=98,quantity=154))
13:00:19.500 [main] INFO  c.o.v.MutatingMatchOneMarketDataOrderVisitor - [ORDERBOOK] Can't match order:Limit(side=BUY,orderId=14,price=43,quantity=548864)(MktData(price=98,quantity=154))
13:00:19.500 [main] INFO  c.o.v.MutatingMatchOneMarketDataOrderVisitor - [ORDERBOOK] Can't match order:Limit(side=BUY,orderId=15,price=43,quantity=1097728)(MktData(price=98,quantity=154))
13:00:19.500 [main] INFO  c.o.v.MutatingMatchOneMarketDataOrderVisitor - [ORDERBOOK] Can't match order:Limit(side=BUY,orderId=16,price=43,quantity=2195456)(MktData(price=98,quantity=154))
13:00:19.500 [main] INFO  c.o.v.MutatingMatchOneMarketDataOrderVisitor - [ORDERBOOK] Can't match order:MktData(price=43,quantity=134)(MktData(price=98,quantity=154))
13:00:19.500 [main] INFO  c.o.v.MutatingRemoveAllMarketDataOrdersVisitor - [ORDERBOOK] Removing market data order:MktData(price=98,quantity=501)
13:00:19.500 [main] INFO  c.o.v.MutatingRemoveAllMarketDataOrdersVisitor - [ORDERBOOK] Removing market data order:MktData(price=110,quantity=5000)
13:00:19.500 [main] INFO  c.o.v.MutatingRemoveAllMarketDataOrdersVisitor - [ORDERBOOK] Removing market data order:MktData(price=123,quantity=453)
13:00:19.500 [main] INFO  c.o.v.MutatingRemoveAllMarketDataOrdersVisitor - [ORDERBOOK] Removing market data order:MktData(price=167,quantity=665)
13:00:19.500 [main] DEBUG c.orderbook.OrderBook - [ORDERBOOK] ASK: Adding orderMktData(price=98,quantity=501)
13:00:19.500 [main] INFO  c.o.visitor.MutatingAddOrderVisitor - [ORDERBOOK] + Limit(side=SELL,orderId=17,price=98,quantity=501)
13:00:19.500 [main] DEBUG c.orderbook.OrderBook - [ORDERBOOK] ASK: Adding orderMktData(price=101,quantity=200)
13:00:19.500 [main] DEBUG c.orderbook.OrderBook - [ORDERBOOK] ASK: Adding orderMktData(price=110,quantity=5000)
13:00:19.500 [main] DEBUG c.orderbook.OrderBook - [ORDERBOOK] ASK: Adding orderMktData(price=119,quantity=5600)
13:00:19.500 [main] DEBUG c.orderbook.OrderBook - [ORDERBOOK] ASK: Adding orderMktData(price=123,quantity=453)
13:00:19.500 [main] DEBUG c.orderbook.OrderBook - [ORDERBOOK] ASK: Adding orderMktData(price=144,quantity=645)
13:00:19.500 [main] DEBUG c.orderbook.OrderBook - [ORDERBOOK] ASK: Adding orderMktData(price=167,quantity=665)
13:00:19.500 [main] DEBUG c.service.MarketDataService - [ALGO] BID: price:43 quantity:134
13:00:19.500 [main] DEBUG c.service.MarketDataService - [ALGO] BID: price:76 quantity:145
13:00:19.500 [main] DEBUG c.service.MarketDataService - [ALGO] BID: price:91 quantity:300
13:00:19.500 [main] DEBUG c.service.MarketDataService - [ALGO] BID: price:93 quantity:200
13:00:19.500 [main] DEBUG c.service.MarketDataService - [ALGO] BID: price:95 quantity:100
13:00:19.500 [main] DEBUG c.service.MarketDataService - [ALGO] BID: price:98 quantity:154
13:00:19.500 [main] DEBUG c.service.MarketDataService - [ALGO] ASK: price:98 quantity:501
13:00:19.500 [main] DEBUG c.service.MarketDataService - [ALGO] ASK: price:101 quantity:200
13:00:19.500 [main] DEBUG c.service.MarketDataService - [ALGO] ASK: price:110 quantity:5000
13:00:19.500 [main] DEBUG c.service.MarketDataService - [ALGO] ASK: price:119 quantity:5600
13:00:19.500 [main] DEBUG c.service.MarketDataService - [ALGO] ASK: price:123 quantity:453
13:00:19.500 [main] DEBUG c.service.MarketDataService - [ALGO] ASK: price:144 quantity:645
13:00:19.500 [main] DEBUG c.service.MarketDataService - [ALGO] ASK: price:167 quantity:665
13:00:19.500 [main] INFO  c.gettingstarted.MyAlgoLogic - [MYALGO] The state of the order book is:
|----BID-----||----ASK----|
    134 @ 43    501 @ 98
    145 @ 76   200 @ 101
    300 @ 91  5000 @ 110
    200 @ 93  5600 @ 119
    100 @ 95   453 @ 123
    154 @ 98   645 @ 144
          -    665 @ 167
|------------||-----------|

13:00:19.500 [main] INFO  c.gettingstarted.MyAlgoLogic - [MYALGO] Algo Sees Book as: 
|----BID-----||----ASK----|
    134 @ 43    501 @ 98
    145 @ 76   200 @ 101
    300 @ 91  5000 @ 110
    200 @ 93  5600 @ 119
    100 @ 95   453 @ 123
    154 @ 98   645 @ 144
          -    665 @ 167
|------------||-----------|

13:00:19.500 [main] INFO  c.gettingstarted.TimedLogic - [TIMEDLOGIC] Market is open
13:00:19.500 [main] INFO  c.sequencer.consumer.LoggingConsumer - [119] 
|----BID-----|
    134 @ 43
    145 @ 76
    300 @ 91
    200 @ 93
    100 @ 95
    154 @ 98
|----ASK-----|
    501 @ 98
   200 @ 101
  5000 @ 110
  5600 @ 119
   453 @ 123
   645 @ 144
   665 @ 167

13:00:19.500 [main] INFO  c.orderbook.OrderBook - [ORDERBOOK] Processing Mkt Data Update
13:00:19.500 [main] INFO  c.o.v.MutatingRemoveAllMarketDataOrdersVisitor - [ORDERBOOK] Removing market data order:MktData(price=43,quantity=134)
13:00:19.500 [main] DEBUG c.orderbook.OrderBook - [ORDERBOOK] ASK: Adding orderMktData(price=43,quantity=134)
13:00:19.500 [main] INFO  c.o.visitor.MutatingAddOrderVisitor - [ORDERBOOK] + Limit(side=BUY,orderId=16,price=43,quantity=2195456)
13:00:19.500 [main] DEBUG c.orderbook.OrderBook - [ORDERBOOK] ASK: Adding orderMktData(price=76,quantity=145)
13:00:19.500 [main] DEBUG c.orderbook.OrderBook - [ORDERBOOK] ASK: Adding orderMktData(price=91,quantity=300)
13:00:19.500 [main] DEBUG c.orderbook.OrderBook - [ORDERBOOK] ASK: Adding orderMktData(price=93,quantity=200)
13:00:19.500 [main] DEBUG c.orderbook.OrderBook - [ORDERBOOK] ASK: Adding orderMktData(price=95,quantity=100)
13:00:19.500 [main] DEBUG c.orderbook.OrderBook - [ORDERBOOK] ASK: Adding orderMktData(price=98,quantity=154)
13:00:19.500 [main] INFO  c.o.v.MutatingMatchOneMarketDataOrderVisitor - [ORDERBOOK] visiting LevelOrderBookLevel(price=43,quantity=4262674)
13:00:19.500 [main] INFO  c.o.v.MutatingMatchOneMarketDataOrderVisitor - [ORDERBOOK] Can't match order:Limit(side=BUY,orderId=3,price=43,quantity=268)(MktData(price=98,quantity=154))
13:00:19.500 [main] INFO  c.o.v.MutatingMatchOneMarketDataOrderVisitor - [ORDERBOOK] Can't match order:Limit(side=BUY,orderId=5,price=43,quantity=1072)(MktData(price=98,quantity=154))
13:00:19.500 [main] INFO  c.o.v.MutatingMatchOneMarketDataOrderVisitor - [ORDERBOOK] Can't match order:Limit(side=BUY,orderId=7,price=43,quantity=4288)(MktData(price=98,quantity=154))
13:00:19.500 [main] INFO  c.o.v.MutatingMatchOneMarketDataOrderVisitor - [ORDERBOOK] Can't match order:Limit(side=BUY,orderId=9,price=43,quantity=17152)(MktData(price=98,quantity=154))
13:00:19.500 [main] INFO  c.o.v.MutatingMatchOneMarketDataOrderVisitor - [ORDERBOOK] Can't match order:Limit(side=BUY,orderId=11,price=43,quantity=68608)(MktData(price=98,quantity=154))
13:00:19.500 [main] INFO  c.o.v.MutatingMatchOneMarketDataOrderVisitor - [ORDERBOOK] Can't match order:Limit(side=BUY,orderId=12,price=43,quantity=137216)(MktData(price=98,quantity=154))
13:00:19.500 [main] INFO  c.o.v.MutatingMatchOneMarketDataOrderVisitor - [ORDERBOOK] Can't match order:Limit(side=BUY,orderId=13,price=43,quantity=274432)(MktData(price=98,quantity=154))
13:00:19.500 [main] INFO  c.o.v.MutatingMatchOneMarketDataOrderVisitor - [ORDERBOOK] Can't match order:Limit(side=BUY,orderId=14,price=43,quantity=548864)(MktData(price=98,quantity=154))
13:00:19.500 [main] INFO  c.o.v.MutatingMatchOneMarketDataOrderVisitor - [ORDERBOOK] Can't match order:Limit(side=BUY,orderId=15,price=43,quantity=1097728)(MktData(price=98,quantity=154))
13:00:19.500 [main] INFO  c.o.v.MutatingMatchOneMarketDataOrderVisitor - [ORDERBOOK] Can't match order:Limit(side=BUY,orderId=16,price=43,quantity=2195456)(MktData(price=98,quantity=154))
13:00:19.500 [main] INFO  c.o.v.MutatingMatchOneMarketDataOrderVisitor - [ORDERBOOK] Can't match order:MktData(price=43,quantity=134)(MktData(price=98,quantity=154))
13:00:19.500 [main] INFO  c.o.v.MutatingRemoveAllMarketDataOrdersVisitor - [ORDERBOOK] Removing market data order:MktData(price=98,quantity=501)
13:00:19.500 [main] INFO  c.o.v.MutatingRemoveAllMarketDataOrdersVisitor - [ORDERBOOK] Removing market data order:MktData(price=110,quantity=5000)
13:00:19.500 [main] INFO  c.o.v.MutatingRemoveAllMarketDataOrdersVisitor - [ORDERBOOK] Removing market data order:MktData(price=123,quantity=453)
13:00:19.500 [main] INFO  c.o.v.MutatingRemoveAllMarketDataOrdersVisitor - [ORDERBOOK] Removing market data order:MktData(price=167,quantity=665)
13:00:19.500 [main] DEBUG c.orderbook.OrderBook - [ORDERBOOK] ASK: Adding orderMktData(price=98,quantity=501)
13:00:19.500 [main] INFO  c.o.visitor.MutatingAddOrderVisitor - [ORDERBOOK] + Limit(side=SELL,orderId=17,price=98,quantity=501)
13:00:19.500 [main] DEBUG c.orderbook.OrderBook - [ORDERBOOK] ASK: Adding orderMktData(price=101,quantity=200)
13:00:19.500 [main] DEBUG c.orderbook.OrderBook - [ORDERBOOK] ASK: Adding orderMktData(price=110,quantity=5000)
13:00:19.500 [main] DEBUG c.orderbook.OrderBook - [ORDERBOOK] ASK: Adding orderMktData(price=119,quantity=5600)
13:00:19.500 [main] DEBUG c.orderbook.OrderBook - [ORDERBOOK] ASK: Adding orderMktData(price=123,quantity=453)
13:00:19.500 [main] DEBUG c.orderbook.OrderBook - [ORDERBOOK] ASK: Adding orderMktData(price=144,quantity=645)
13:00:19.500 [main] DEBUG c.orderbook.OrderBook - [ORDERBOOK] ASK: Adding orderMktData(price=167,quantity=665)
13:00:19.500 [main] DEBUG c.service.MarketDataService - [ALGO] BID: price:43 quantity:134
13:00:19.500 [main] DEBUG c.service.MarketDataService - [ALGO] BID: price:76 quantity:145
13:00:19.500 [main] DEBUG c.service.MarketDataService - [ALGO] BID: price:91 quantity:300
13:00:19.500 [main] DEBUG c.service.MarketDataService - [ALGO] BID: price:93 quantity:200
13:00:19.500 [main] DEBUG c.service.MarketDataService - [ALGO] BID: price:95 quantity:100
13:00:19.500 [main] DEBUG c.service.MarketDataService - [ALGO] BID: price:98 quantity:154
13:00:19.500 [main] DEBUG c.service.MarketDataService - [ALGO] ASK: price:98 quantity:501
13:00:19.500 [main] DEBUG c.service.MarketDataService - [ALGO] ASK: price:101 quantity:200
13:00:19.500 [main] DEBUG c.service.MarketDataService - [ALGO] ASK: price:110 quantity:5000
13:00:19.500 [main] DEBUG c.service.MarketDataService - [ALGO] ASK: price:119 quantity:5600
13:00:19.500 [main] DEBUG c.service.MarketDataService - [ALGO] ASK: price:123 quantity:453
13:00:19.500 [main] DEBUG c.service.MarketDataService - [ALGO] ASK: price:144 quantity:645
13:00:19.500 [main] DEBUG c.service.MarketDataService - [ALGO] ASK: price:167 quantity:665
13:00:19.500 [main] INFO  c.gettingstarted.MyAlgoLogic - [MYALGO] The state of the order book is:
|----BID-----||----ASK----|
    134 @ 43    501 @ 98
    145 @ 76   200 @ 101
    300 @ 91  5000 @ 110
    200 @ 93  5600 @ 119
    100 @ 95   453 @ 123
    154 @ 98   645 @ 144
          -    665 @ 167
|------------||-----------|

13:00:19.500 [main] INFO  c.gettingstarted.MyAlgoLogic - [MYALGO] Algo Sees Book as: 
|----BID-----||----ASK----|
    134 @ 43    501 @ 98
    145 @ 76   200 @ 101
    300 @ 91  5000 @ 110
    200 @ 93  5600 @ 119
    100 @ 95   453 @ 123
    154 @ 98   645 @ 144
          -    665 @ 167
|------------||-----------|

13:00:19.500 [main] INFO  c.gettingstarted.TimedLogic - [TIMEDLOGIC] Market is open
13:00:19.500 [main] INFO  c.sequencer.consumer.LoggingConsumer - [120] 
|----BID-----|
    134 @ 43
    145 @ 76
    300 @ 91
    200 @ 93
    100 @ 95
    154 @ 98
|----ASK-----|
    501 @ 98
   200 @ 101
  5000 @ 110
  5600 @ 119
   453 @ 123
   645 @ 144
   665 @ 167

13:00:19.500 [main] INFO  c.orderbook.OrderBook - [ORDERBOOK] Processing Mkt Data Update
13:00:19.500 [main] INFO  c.o.v.MutatingRemoveAllMarketDataOrdersVisitor - [ORDERBOOK] Removing market data order:MktData(price=43,quantity=134)
13:00:19.500 [main] DEBUG c.orderbook.OrderBook - [ORDERBOOK] ASK: Adding orderMktData(price=43,quantity=134)
13:00:19.500 [main] INFO  c.o.visitor.MutatingAddOrderVisitor - [ORDERBOOK] + Limit(side=BUY,orderId=16,price=43,quantity=2195456)
13:00:19.500 [main] DEBUG c.orderbook.OrderBook - [ORDERBOOK] ASK: Adding orderMktData(price=76,quantity=145)
13:00:19.500 [main] DEBUG c.orderbook.OrderBook - [ORDERBOOK] ASK: Adding orderMktData(price=91,quantity=300)
13:00:19.500 [main] DEBUG c.orderbook.OrderBook - [ORDERBOOK] ASK: Adding orderMktData(price=93,quantity=200)
13:00:19.500 [main] DEBUG c.orderbook.OrderBook - [ORDERBOOK] ASK: Adding orderMktData(price=95,quantity=100)
13:00:19.500 [main] DEBUG c.orderbook.OrderBook - [ORDERBOOK] ASK: Adding orderMktData(price=98,quantity=154)
13:00:19.500 [main] INFO  c.o.v.MutatingMatchOneMarketDataOrderVisitor - [ORDERBOOK] visiting LevelOrderBookLevel(price=43,quantity=4262808)
13:00:19.500 [main] INFO  c.o.v.MutatingMatchOneMarketDataOrderVisitor - [ORDERBOOK] Can't match order:Limit(side=BUY,orderId=3,price=43,quantity=268)(MktData(price=98,quantity=154))
13:00:19.500 [main] INFO  c.o.v.MutatingMatchOneMarketDataOrderVisitor - [ORDERBOOK] Can't match order:Limit(side=BUY,orderId=5,price=43,quantity=1072)(MktData(price=98,quantity=154))
13:00:19.500 [main] INFO  c.o.v.MutatingMatchOneMarketDataOrderVisitor - [ORDERBOOK] Can't match order:Limit(side=BUY,orderId=7,price=43,quantity=4288)(MktData(price=98,quantity=154))
13:00:19.500 [main] INFO  c.o.v.MutatingMatchOneMarketDataOrderVisitor - [ORDERBOOK] Can't match order:Limit(side=BUY,orderId=9,price=43,quantity=17152)(MktData(price=98,quantity=154))
13:00:19.500 [main] INFO  c.o.v.MutatingMatchOneMarketDataOrderVisitor - [ORDERBOOK] Can't match order:Limit(side=BUY,orderId=11,price=43,quantity=68608)(MktData(price=98,quantity=154))
13:00:19.500 [main] INFO  c.o.v.MutatingMatchOneMarketDataOrderVisitor - [ORDERBOOK] Can't match order:Limit(side=BUY,orderId=12,price=43,quantity=137216)(MktData(price=98,quantity=154))
13:00:19.500 [main] INFO  c.o.v.MutatingMatchOneMarketDataOrderVisitor - [ORDERBOOK] Can't match order:Limit(side=BUY,orderId=13,price=43,quantity=274432)(MktData(price=98,quantity=154))
13:00:19.500 [main] INFO  c.o.v.MutatingMatchOneMarketDataOrderVisitor - [ORDERBOOK] Can't match order:Limit(side=BUY,orderId=14,price=43,quantity=548864)(MktData(price=98,quantity=154))
13:00:19.500 [main] INFO  c.o.v.MutatingMatchOneMarketDataOrderVisitor - [ORDERBOOK] Can't match order:Limit(side=BUY,orderId=15,price=43,quantity=1097728)(MktData(price=98,quantity=154))
13:00:19.500 [main] INFO  c.o.v.MutatingMatchOneMarketDataOrderVisitor - [ORDERBOOK] Can't match order:Limit(side=BUY,orderId=16,price=43,quantity=2195456)(MktData(price=98,quantity=154))
13:00:19.500 [main] INFO  c.o.v.MutatingMatchOneMarketDataOrderVisitor - [ORDERBOOK] Can't match order:MktData(price=43,quantity=134)(MktData(price=98,quantity=154))
13:00:19.500 [main] INFO  c.o.v.MutatingRemoveAllMarketDataOrdersVisitor - [ORDERBOOK] Removing market data order:MktData(price=98,quantity=501)
13:00:19.500 [main] INFO  c.o.v.MutatingRemoveAllMarketDataOrdersVisitor - [ORDERBOOK] Removing market data order:MktData(price=110,quantity=5000)
13:00:19.500 [main] INFO  c.o.v.MutatingRemoveAllMarketDataOrdersVisitor - [ORDERBOOK] Removing market data order:MktData(price=123,quantity=453)
13:00:19.500 [main] INFO  c.o.v.MutatingRemoveAllMarketDataOrdersVisitor - [ORDERBOOK] Removing market data order:MktData(price=167,quantity=665)
13:00:19.500 [main] DEBUG c.orderbook.OrderBook - [ORDERBOOK] ASK: Adding orderMktData(price=98,quantity=501)
13:00:19.500 [main] INFO  c.o.visitor.MutatingAddOrderVisitor - [ORDERBOOK] + Limit(side=SELL,orderId=17,price=98,quantity=501)
13:00:19.500 [main] DEBUG c.orderbook.OrderBook - [ORDERBOOK] ASK: Adding orderMktData(price=101,quantity=200)
13:00:19.500 [main] DEBUG c.orderbook.OrderBook - [ORDERBOOK] ASK: Adding orderMktData(price=110,quantity=5000)
13:00:19.500 [main] DEBUG c.orderbook.OrderBook - [ORDERBOOK] ASK: Adding orderMktData(price=119,quantity=5600)
13:00:19.500 [main] DEBUG c.orderbook.OrderBook - [ORDERBOOK] ASK: Adding orderMktData(price=123,quantity=453)
13:00:19.500 [main] DEBUG c.orderbook.OrderBook - [ORDERBOOK] ASK: Adding orderMktData(price=144,quantity=645)
13:00:19.500 [main] DEBUG c.orderbook.OrderBook - [ORDERBOOK] ASK: Adding orderMktData(price=167,quantity=665)
13:00:19.500 [main] DEBUG c.service.MarketDataService - [ALGO] BID: price:43 quantity:134
13:00:19.500 [main] DEBUG c.service.MarketDataService - [ALGO] BID: price:76 quantity:145
13:00:19.500 [main] DEBUG c.service.MarketDataService - [ALGO] BID: price:91 quantity:300
13:00:19.500 [main] DEBUG c.service.MarketDataService - [ALGO] BID: price:93 quantity:200
13:00:19.500 [main] DEBUG c.service.MarketDataService - [ALGO] BID: price:95 quantity:100
13:00:19.500 [main] DEBUG c.service.MarketDataService - [ALGO] BID: price:98 quantity:154
13:00:19.500 [main] DEBUG c.service.MarketDataService - [ALGO] ASK: price:98 quantity:501
13:00:19.500 [main] DEBUG c.service.MarketDataService - [ALGO] ASK: price:101 quantity:200
13:00:19.500 [main] DEBUG c.service.MarketDataService - [ALGO] ASK: price:110 quantity:5000
13:00:19.500 [main] DEBUG c.service.MarketDataService - [ALGO] ASK: price:119 quantity:5600
13:00:19.500 [main] DEBUG c.service.MarketDataService - [ALGO] ASK: price:123 quantity:453
13:00:19.500 [main] DEBUG c.service.MarketDataService - [ALGO] ASK: price:144 quantity:645
13:00:19.500 [main] DEBUG c.service.MarketDataService - [ALGO] ASK: price:167 quantity:665
13:00:19.500 [main] INFO  c.gettingstarted.MyAlgoLogic - [MYALGO] The state of the order book is:
|----BID-----||----ASK----|
    134 @ 43    501 @ 98
    145 @ 76   200 @ 101
    300 @ 91  5000 @ 110
    200 @ 93  5600 @ 119
    100 @ 95   453 @ 123
    154 @ 98   645 @ 144
          -    665 @ 167
|------------||-----------|

13:00:19.500 [main] INFO  c.gettingstarted.MyAlgoLogic - [MYALGO] Algo Sees Book as: 
|----BID-----||----ASK----|
    134 @ 43    501 @ 98
    145 @ 76   200 @ 101
    300 @ 91  5000 @ 110
    200 @ 93  5600 @ 119
    100 @ 95   453 @ 123
    154 @ 98   645 @ 144
          -    665 @ 167
|------------||-----------|

13:00:19.500 [main] INFO  c.gettingstarted.TimedLogic - [TIMEDLOGIC] Market is open
13:00:19.500 [main] INFO  c.sequencer.consumer.LoggingConsumer - [121] 
|----BID-----|
    134 @ 43
    145 @ 76
    300 @ 91
    200 @ 93
    100 @ 95
    154 @ 98
|----ASK-----|
    501 @ 98
   200 @ 101
  5000 @ 110
  5600 @ 119
   453 @ 123
   645 @ 144
   665 @ 167

13:00:19.500 [main] INFO  c.orderbook.OrderBook - [ORDERBOOK] Processing Mkt Data Update
13:00:19.500 [main] INFO  c.o.v.MutatingRemoveAllMarketDataOrdersVisitor - [ORDERBOOK] Removing market data order:MktData(price=43,quantity=134)
13:00:19.500 [main] DEBUG c.orderbook.OrderBook - [ORDERBOOK] ASK: Adding orderMktData(price=43,quantity=134)
13:00:19.500 [main] INFO  c.o.visitor.MutatingAddOrderVisitor - [ORDERBOOK] + Limit(side=BUY,orderId=16,price=43,quantity=2195456)
13:00:19.500 [main] DEBUG c.orderbook.OrderBook - [ORDERBOOK] ASK: Adding orderMktData(price=76,quantity=145)
13:00:19.500 [main] DEBUG c.orderbook.OrderBook - [ORDERBOOK] ASK: Adding orderMktData(price=91,quantity=300)
13:00:19.500 [main] DEBUG c.orderbook.OrderBook - [ORDERBOOK] ASK: Adding orderMktData(price=93,quantity=200)
13:00:19.500 [main] DEBUG c.orderbook.OrderBook - [ORDERBOOK] ASK: Adding orderMktData(price=95,quantity=100)
13:00:19.500 [main] DEBUG c.orderbook.OrderBook - [ORDERBOOK] ASK: Adding orderMktData(price=98,quantity=154)
13:00:19.500 [main] INFO  c.o.v.MutatingMatchOneMarketDataOrderVisitor - [ORDERBOOK] visiting LevelOrderBookLevel(price=43,quantity=4262942)
13:00:19.500 [main] INFO  c.o.v.MutatingMatchOneMarketDataOrderVisitor - [ORDERBOOK] Can't match order:Limit(side=BUY,orderId=3,price=43,quantity=268)(MktData(price=98,quantity=154))
13:00:19.500 [main] INFO  c.o.v.MutatingMatchOneMarketDataOrderVisitor - [ORDERBOOK] Can't match order:Limit(side=BUY,orderId=5,price=43,quantity=1072)(MktData(price=98,quantity=154))
13:00:19.500 [main] INFO  c.o.v.MutatingMatchOneMarketDataOrderVisitor - [ORDERBOOK] Can't match order:Limit(side=BUY,orderId=7,price=43,quantity=4288)(MktData(price=98,quantity=154))
13:00:19.500 [main] INFO  c.o.v.MutatingMatchOneMarketDataOrderVisitor - [ORDERBOOK] Can't match order:Limit(side=BUY,orderId=9,price=43,quantity=17152)(MktData(price=98,quantity=154))
13:00:19.500 [main] INFO  c.o.v.MutatingMatchOneMarketDataOrderVisitor - [ORDERBOOK] Can't match order:Limit(side=BUY,orderId=11,price=43,quantity=68608)(MktData(price=98,quantity=154))
13:00:19.500 [main] INFO  c.o.v.MutatingMatchOneMarketDataOrderVisitor - [ORDERBOOK] Can't match order:Limit(side=BUY,orderId=12,price=43,quantity=137216)(MktData(price=98,quantity=154))
13:00:19.500 [main] INFO  c.o.v.MutatingMatchOneMarketDataOrderVisitor - [ORDERBOOK] Can't match order:Limit(side=BUY,orderId=13,price=43,quantity=274432)(MktData(price=98,quantity=154))
13:00:19.500 [main] INFO  c.o.v.MutatingMatchOneMarketDataOrderVisitor - [ORDERBOOK] Can't match order:Limit(side=BUY,orderId=14,price=43,quantity=548864)(MktData(price=98,quantity=154))
13:00:19.500 [main] INFO  c.o.v.MutatingMatchOneMarketDataOrderVisitor - [ORDERBOOK] Can't match order:Limit(side=BUY,orderId=15,price=43,quantity=1097728)(MktData(price=98,quantity=154))
13:00:19.500 [main] INFO  c.o.v.MutatingMatchOneMarketDataOrderVisitor - [ORDERBOOK] Can't match order:Limit(side=BUY,orderId=16,price=43,quantity=2195456)(MktData(price=98,quantity=154))
13:00:19.500 [main] INFO  c.o.v.MutatingMatchOneMarketDataOrderVisitor - [ORDERBOOK] Can't match order:MktData(price=43,quantity=134)(MktData(price=98,quantity=154))
13:00:19.500 [main] INFO  c.o.v.MutatingRemoveAllMarketDataOrdersVisitor - [ORDERBOOK] Removing market data order:MktData(price=98,quantity=501)
13:00:19.500 [main] INFO  c.o.v.MutatingRemoveAllMarketDataOrdersVisitor - [ORDERBOOK] Removing market data order:MktData(price=110,quantity=5000)
13:00:19.500 [main] INFO  c.o.v.MutatingRemoveAllMarketDataOrdersVisitor - [ORDERBOOK] Removing market data order:MktData(price=123,quantity=453)
13:00:19.500 [main] INFO  c.o.v.MutatingRemoveAllMarketDataOrdersVisitor - [ORDERBOOK] Removing market data order:MktData(price=167,quantity=665)
13:00:19.500 [main] DEBUG c.orderbook.OrderBook - [ORDERBOOK] ASK: Adding orderMktData(price=98,quantity=501)
13:00:19.500 [main] INFO  c.o.visitor.MutatingAddOrderVisitor - [ORDERBOOK] + Limit(side=SELL,orderId=17,price=98,quantity=501)
13:00:19.500 [main] DEBUG c.orderbook.OrderBook - [ORDERBOOK] ASK: Adding orderMktData(price=101,quantity=200)
13:00:19.500 [main] DEBUG c.orderbook.OrderBook - [ORDERBOOK] ASK: Adding orderMktData(price=110,quantity=5000)
13:00:19.500 [main] DEBUG c.orderbook.OrderBook - [ORDERBOOK] ASK: Adding orderMktData(price=119,quantity=5600)
13:00:19.500 [main] DEBUG c.orderbook.OrderBook - [ORDERBOOK] ASK: Adding orderMktData(price=123,quantity=453)
13:00:19.500 [main] DEBUG c.orderbook.OrderBook - [ORDERBOOK] ASK: Adding orderMktData(price=144,quantity=645)
13:00:19.500 [main] DEBUG c.orderbook.OrderBook - [ORDERBOOK] ASK: Adding orderMktData(price=167,quantity=665)
13:00:19.500 [main] DEBUG c.service.MarketDataService - [ALGO] BID: price:43 quantity:134
13:00:19.500 [main] DEBUG c.service.MarketDataService - [ALGO] BID: price:76 quantity:145
13:00:19.500 [main] DEBUG c.service.MarketDataService - [ALGO] BID: price:91 quantity:300
13:00:19.500 [main] DEBUG c.service.MarketDataService - [ALGO] BID: price:93 quantity:200
13:00:19.500 [main] DEBUG c.service.MarketDataService - [ALGO] BID: price:95 quantity:100
13:00:19.500 [main] DEBUG c.service.MarketDataService - [ALGO] BID: price:98 quantity:154
13:00:19.500 [main] DEBUG c.service.MarketDataService - [ALGO] ASK: price:98 quantity:501
13:00:19.500 [main] DEBUG c.service.MarketDataService - [ALGO] ASK: price:101 quantity:200
13:00:19.500 [main] DEBUG c.service.MarketDataService - [ALGO] ASK: price:110 quantity:5000
13:00:19.500 [main] DEBUG c.service.MarketDataService - [ALGO] ASK: price:119 quantity:5600
13:00:19.500 [main] DEBUG c.service.MarketDataService - [ALGO] ASK: price:123 quantity:453
13:00:19.500 [main] DEBUG c.service.MarketDataService - [ALGO] ASK: price:144 quantity:645
13:00:19.500 [main] DEBUG c.service.MarketDataService - [ALGO] ASK: price:167 quantity:665
13:00:19.500 [main] INFO  c.gettingstarted.MyAlgoLogic - [MYALGO] The state of the order book is:
|----BID-----||----ASK----|
    134 @ 43    501 @ 98
    145 @ 76   200 @ 101
    300 @ 91  5000 @ 110
    200 @ 93  5600 @ 119
    100 @ 95   453 @ 123
    154 @ 98   645 @ 144
          -    665 @ 167
|------------||-----------|

13:00:19.500 [main] INFO  c.gettingstarted.MyAlgoLogic - [MYALGO] Algo Sees Book as: 
|----BID-----||----ASK----|
    134 @ 43    501 @ 98
    145 @ 76   200 @ 101
    300 @ 91  5000 @ 110
    200 @ 93  5600 @ 119
    100 @ 95   453 @ 123
    154 @ 98   645 @ 144
          -    665 @ 167
|------------||-----------|

13:00:19.500 [main] INFO  c.gettingstarted.TimedLogic - [TIMEDLOGIC] Market is open
13:00:19.500 [main] INFO  c.sequencer.consumer.LoggingConsumer - [122] 
|----BID-----|
    134 @ 43
    145 @ 76
    300 @ 91
    200 @ 93
    100 @ 95
    154 @ 98
|----ASK-----|
    501 @ 98
   200 @ 101
  5000 @ 110
  5600 @ 119
   453 @ 123
   645 @ 144
   665 @ 167

13:00:19.500 [main] INFO  c.orderbook.OrderBook - [ORDERBOOK] Processing Mkt Data Update
13:00:19.500 [main] INFO  c.o.v.MutatingRemoveAllMarketDataOrdersVisitor - [ORDERBOOK] Removing market data order:MktData(price=43,quantity=134)
13:00:19.500 [main] DEBUG c.orderbook.OrderBook - [ORDERBOOK] ASK: Adding orderMktData(price=43,quantity=134)
13:00:19.500 [main] INFO  c.o.visitor.MutatingAddOrderVisitor - [ORDERBOOK] + Limit(side=BUY,orderId=16,price=43,quantity=2195456)
13:00:19.500 [main] DEBUG c.orderbook.OrderBook - [ORDERBOOK] ASK: Adding orderMktData(price=76,quantity=145)
13:00:19.500 [main] DEBUG c.orderbook.OrderBook - [ORDERBOOK] ASK: Adding orderMktData(price=91,quantity=300)
13:00:19.500 [main] DEBUG c.orderbook.OrderBook - [ORDERBOOK] ASK: Adding orderMktData(price=93,quantity=200)
13:00:19.500 [main] DEBUG c.orderbook.OrderBook - [ORDERBOOK] ASK: Adding orderMktData(price=95,quantity=100)
13:00:19.500 [main] DEBUG c.orderbook.OrderBook - [ORDERBOOK] ASK: Adding orderMktData(price=98,quantity=154)
13:00:19.500 [main] INFO  c.o.v.MutatingMatchOneMarketDataOrderVisitor - [ORDERBOOK] visiting LevelOrderBookLevel(price=43,quantity=4263076)
13:00:19.500 [main] INFO  c.o.v.MutatingMatchOneMarketDataOrderVisitor - [ORDERBOOK] Can't match order:Limit(side=BUY,orderId=3,price=43,quantity=268)(MktData(price=98,quantity=154))
13:00:19.500 [main] INFO  c.o.v.MutatingMatchOneMarketDataOrderVisitor - [ORDERBOOK] Can't match order:Limit(side=BUY,orderId=5,price=43,quantity=1072)(MktData(price=98,quantity=154))
13:00:19.500 [main] INFO  c.o.v.MutatingMatchOneMarketDataOrderVisitor - [ORDERBOOK] Can't match order:Limit(side=BUY,orderId=7,price=43,quantity=4288)(MktData(price=98,quantity=154))
13:00:19.500 [main] INFO  c.o.v.MutatingMatchOneMarketDataOrderVisitor - [ORDERBOOK] Can't match order:Limit(side=BUY,orderId=9,price=43,quantity=17152)(MktData(price=98,quantity=154))
13:00:19.500 [main] INFO  c.o.v.MutatingMatchOneMarketDataOrderVisitor - [ORDERBOOK] Can't match order:Limit(side=BUY,orderId=11,price=43,quantity=68608)(MktData(price=98,quantity=154))
13:00:19.500 [main] INFO  c.o.v.MutatingMatchOneMarketDataOrderVisitor - [ORDERBOOK] Can't match order:Limit(side=BUY,orderId=12,price=43,quantity=137216)(MktData(price=98,quantity=154))
13:00:19.500 [main] INFO  c.o.v.MutatingMatchOneMarketDataOrderVisitor - [ORDERBOOK] Can't match order:Limit(side=BUY,orderId=13,price=43,quantity=274432)(MktData(price=98,quantity=154))
13:00:19.500 [main] INFO  c.o.v.MutatingMatchOneMarketDataOrderVisitor - [ORDERBOOK] Can't match order:Limit(side=BUY,orderId=14,price=43,quantity=548864)(MktData(price=98,quantity=154))
13:00:19.500 [main] INFO  c.o.v.MutatingMatchOneMarketDataOrderVisitor - [ORDERBOOK] Can't match order:Limit(side=BUY,orderId=15,price=43,quantity=1097728)(MktData(price=98,quantity=154))
13:00:19.500 [main] INFO  c.o.v.MutatingMatchOneMarketDataOrderVisitor - [ORDERBOOK] Can't match order:Limit(side=BUY,orderId=16,price=43,quantity=2195456)(MktData(price=98,quantity=154))
13:00:19.500 [main] INFO  c.o.v.MutatingMatchOneMarketDataOrderVisitor - [ORDERBOOK] Can't match order:MktData(price=43,quantity=134)(MktData(price=98,quantity=154))
13:00:19.500 [main] INFO  c.o.v.MutatingRemoveAllMarketDataOrdersVisitor - [ORDERBOOK] Removing market data order:MktData(price=98,quantity=501)
13:00:19.500 [main] INFO  c.o.v.MutatingRemoveAllMarketDataOrdersVisitor - [ORDERBOOK] Removing market data order:MktData(price=110,quantity=5000)
13:00:19.500 [main] INFO  c.o.v.MutatingRemoveAllMarketDataOrdersVisitor - [ORDERBOOK] Removing market data order:MktData(price=123,quantity=453)
13:00:19.500 [main] INFO  c.o.v.MutatingRemoveAllMarketDataOrdersVisitor - [ORDERBOOK] Removing market data order:MktData(price=167,quantity=665)
13:00:19.500 [main] DEBUG c.orderbook.OrderBook - [ORDERBOOK] ASK: Adding orderMktData(price=98,quantity=501)
13:00:19.500 [main] INFO  c.o.visitor.MutatingAddOrderVisitor - [ORDERBOOK] + Limit(side=SELL,orderId=17,price=98,quantity=501)
13:00:19.500 [main] DEBUG c.orderbook.OrderBook - [ORDERBOOK] ASK: Adding orderMktData(price=101,quantity=200)
13:00:19.500 [main] DEBUG c.orderbook.OrderBook - [ORDERBOOK] ASK: Adding orderMktData(price=110,quantity=5000)
13:00:19.500 [main] DEBUG c.orderbook.OrderBook - [ORDERBOOK] ASK: Adding orderMktData(price=119,quantity=5600)
13:00:19.500 [main] DEBUG c.orderbook.OrderBook - [ORDERBOOK] ASK: Adding orderMktData(price=123,quantity=453)
13:00:19.500 [main] DEBUG c.orderbook.OrderBook - [ORDERBOOK] ASK: Adding orderMktData(price=144,quantity=645)
13:00:19.500 [main] DEBUG c.orderbook.OrderBook - [ORDERBOOK] ASK: Adding orderMktData(price=167,quantity=665)
13:00:19.500 [main] DEBUG c.service.MarketDataService - [ALGO] BID: price:43 quantity:134
13:00:19.500 [main] DEBUG c.service.MarketDataService - [ALGO] BID: price:76 quantity:145
13:00:19.500 [main] DEBUG c.service.MarketDataService - [ALGO] BID: price:91 quantity:300
13:00:19.500 [main] DEBUG c.service.MarketDataService - [ALGO] BID: price:93 quantity:200
13:00:19.500 [main] DEBUG c.service.MarketDataService - [ALGO] BID: price:95 quantity:100
13:00:19.500 [main] DEBUG c.service.MarketDataService - [ALGO] BID: price:98 quantity:154
13:00:19.500 [main] DEBUG c.service.MarketDataService - [ALGO] ASK: price:98 quantity:501
13:00:19.500 [main] DEBUG c.service.MarketDataService - [ALGO] ASK: price:101 quantity:200
13:00:19.500 [main] DEBUG c.service.MarketDataService - [ALGO] ASK: price:110 quantity:5000
13:00:19.500 [main] DEBUG c.service.MarketDataService - [ALGO] ASK: price:119 quantity:5600
13:00:19.500 [main] DEBUG c.service.MarketDataService - [ALGO] ASK: price:123 quantity:453
13:00:19.500 [main] DEBUG c.service.MarketDataService - [ALGO] ASK: price:144 quantity:645
13:00:19.500 [main] DEBUG c.service.MarketDataService - [ALGO] ASK: price:167 quantity:665
13:00:19.500 [main] INFO  c.gettingstarted.MyAlgoLogic - [MYALGO] The state of the order book is:
|----BID-----||----ASK----|
    134 @ 43    501 @ 98
    145 @ 76   200 @ 101
    300 @ 91  5000 @ 110
    200 @ 93  5600 @ 119
    100 @ 95   453 @ 123
    154 @ 98   645 @ 144
          -    665 @ 167
|------------||-----------|

13:00:19.500 [main] INFO  c.gettingstarted.MyAlgoLogic - [MYALGO] Algo Sees Book as: 
|----BID-----||----ASK----|
    134 @ 43    501 @ 98
    145 @ 76   200 @ 101
    300 @ 91  5000 @ 110
    200 @ 93  5600 @ 119
    100 @ 95   453 @ 123
    154 @ 98   645 @ 144
          -    665 @ 167
|------------||-----------|

13:00:19.500 [main] INFO  c.gettingstarted.TimedLogic - [TIMEDLOGIC] Market is open
13:00:19.500 [main] INFO  c.sequencer.consumer.LoggingConsumer - [123] 
|----BID-----|
    134 @ 43
    145 @ 76
    300 @ 91
    200 @ 93
    100 @ 95
    154 @ 98
|----ASK-----|
    501 @ 98
   200 @ 101
  5000 @ 110
  5600 @ 119
   453 @ 123
   645 @ 144
   665 @ 167

13:00:19.500 [main] INFO  c.orderbook.OrderBook - [ORDERBOOK] Processing Mkt Data Update
13:00:19.500 [main] INFO  c.o.v.MutatingRemoveAllMarketDataOrdersVisitor - [ORDERBOOK] Removing market data order:MktData(price=43,quantity=134)
13:00:19.500 [main] DEBUG c.orderbook.OrderBook - [ORDERBOOK] ASK: Adding orderMktData(price=43,quantity=134)
13:00:19.500 [main] INFO  c.o.visitor.MutatingAddOrderVisitor - [ORDERBOOK] + Limit(side=BUY,orderId=16,price=43,quantity=2195456)
13:00:19.500 [main] DEBUG c.orderbook.OrderBook - [ORDERBOOK] ASK: Adding orderMktData(price=76,quantity=145)
13:00:19.500 [main] DEBUG c.orderbook.OrderBook - [ORDERBOOK] ASK: Adding orderMktData(price=91,quantity=300)
13:00:19.500 [main] DEBUG c.orderbook.OrderBook - [ORDERBOOK] ASK: Adding orderMktData(price=93,quantity=200)
13:00:19.500 [main] DEBUG c.orderbook.OrderBook - [ORDERBOOK] ASK: Adding orderMktData(price=95,quantity=100)
13:00:19.500 [main] DEBUG c.orderbook.OrderBook - [ORDERBOOK] ASK: Adding orderMktData(price=98,quantity=154)
13:00:19.500 [main] INFO  c.o.v.MutatingMatchOneMarketDataOrderVisitor - [ORDERBOOK] visiting LevelOrderBookLevel(price=43,quantity=4263210)
13:00:19.500 [main] INFO  c.o.v.MutatingMatchOneMarketDataOrderVisitor - [ORDERBOOK] Can't match order:Limit(side=BUY,orderId=3,price=43,quantity=268)(MktData(price=98,quantity=154))
13:00:19.500 [main] INFO  c.o.v.MutatingMatchOneMarketDataOrderVisitor - [ORDERBOOK] Can't match order:Limit(side=BUY,orderId=5,price=43,quantity=1072)(MktData(price=98,quantity=154))
13:00:19.500 [main] INFO  c.o.v.MutatingMatchOneMarketDataOrderVisitor - [ORDERBOOK] Can't match order:Limit(side=BUY,orderId=7,price=43,quantity=4288)(MktData(price=98,quantity=154))
13:00:19.500 [main] INFO  c.o.v.MutatingMatchOneMarketDataOrderVisitor - [ORDERBOOK] Can't match order:Limit(side=BUY,orderId=9,price=43,quantity=17152)(MktData(price=98,quantity=154))
13:00:19.500 [main] INFO  c.o.v.MutatingMatchOneMarketDataOrderVisitor - [ORDERBOOK] Can't match order:Limit(side=BUY,orderId=11,price=43,quantity=68608)(MktData(price=98,quantity=154))
13:00:19.500 [main] INFO  c.o.v.MutatingMatchOneMarketDataOrderVisitor - [ORDERBOOK] Can't match order:Limit(side=BUY,orderId=12,price=43,quantity=137216)(MktData(price=98,quantity=154))
13:00:19.500 [main] INFO  c.o.v.MutatingMatchOneMarketDataOrderVisitor - [ORDERBOOK] Can't match order:Limit(side=BUY,orderId=13,price=43,quantity=274432)(MktData(price=98,quantity=154))
13:00:19.500 [main] INFO  c.o.v.MutatingMatchOneMarketDataOrderVisitor - [ORDERBOOK] Can't match order:Limit(side=BUY,orderId=14,price=43,quantity=548864)(MktData(price=98,quantity=154))
13:00:19.500 [main] INFO  c.o.v.MutatingMatchOneMarketDataOrderVisitor - [ORDERBOOK] Can't match order:Limit(side=BUY,orderId=15,price=43,quantity=1097728)(MktData(price=98,quantity=154))
13:00:19.500 [main] INFO  c.o.v.MutatingMatchOneMarketDataOrderVisitor - [ORDERBOOK] Can't match order:Limit(side=BUY,orderId=16,price=43,quantity=2195456)(MktData(price=98,quantity=154))
13:00:19.500 [main] INFO  c.o.v.MutatingMatchOneMarketDataOrderVisitor - [ORDERBOOK] Can't match order:MktData(price=43,quantity=134)(MktData(price=98,quantity=154))
13:00:19.500 [main] INFO  c.o.v.MutatingRemoveAllMarketDataOrdersVisitor - [ORDERBOOK] Removing market data order:MktData(price=98,quantity=501)
13:00:19.500 [main] INFO  c.o.v.MutatingRemoveAllMarketDataOrdersVisitor - [ORDERBOOK] Removing market data order:MktData(price=110,quantity=5000)
13:00:19.500 [main] INFO  c.o.v.MutatingRemoveAllMarketDataOrdersVisitor - [ORDERBOOK] Removing market data order:MktData(price=123,quantity=453)
13:00:19.500 [main] INFO  c.o.v.MutatingRemoveAllMarketDataOrdersVisitor - [ORDERBOOK] Removing market data order:MktData(price=167,quantity=665)
13:00:19.500 [main] DEBUG c.orderbook.OrderBook - [ORDERBOOK] ASK: Adding orderMktData(price=98,quantity=501)
13:00:19.500 [main] INFO  c.o.visitor.MutatingAddOrderVisitor - [ORDERBOOK] + Limit(side=SELL,orderId=17,price=98,quantity=501)
13:00:19.500 [main] DEBUG c.orderbook.OrderBook - [ORDERBOOK] ASK: Adding orderMktData(price=101,quantity=200)
13:00:19.500 [main] DEBUG c.orderbook.OrderBook - [ORDERBOOK] ASK: Adding orderMktData(price=110,quantity=5000)
13:00:19.500 [main] DEBUG c.orderbook.OrderBook - [ORDERBOOK] ASK: Adding orderMktData(price=119,quantity=5600)
13:00:19.500 [main] DEBUG c.orderbook.OrderBook - [ORDERBOOK] ASK: Adding orderMktData(price=123,quantity=453)
13:00:19.500 [main] DEBUG c.orderbook.OrderBook - [ORDERBOOK] ASK: Adding orderMktData(price=144,quantity=645)
13:00:19.500 [main] DEBUG c.orderbook.OrderBook - [ORDERBOOK] ASK: Adding orderMktData(price=167,quantity=665)
13:00:19.500 [main] DEBUG c.service.MarketDataService - [ALGO] BID: price:43 quantity:134
13:00:19.500 [main] DEBUG c.service.MarketDataService - [ALGO] BID: price:76 quantity:145
13:00:19.500 [main] DEBUG c.service.MarketDataService - [ALGO] BID: price:91 quantity:300
13:00:19.500 [main] DEBUG c.service.MarketDataService - [ALGO] BID: price:93 quantity:200
13:00:19.500 [main] DEBUG c.service.MarketDataService - [ALGO] BID: price:95 quantity:100
13:00:19.500 [main] DEBUG c.service.MarketDataService - [ALGO] BID: price:98 quantity:154
13:00:19.500 [main] DEBUG c.service.MarketDataService - [ALGO] ASK: price:98 quantity:501
13:00:19.500 [main] DEBUG c.service.MarketDataService - [ALGO] ASK: price:101 quantity:200
13:00:19.500 [main] DEBUG c.service.MarketDataService - [ALGO] ASK: price:110 quantity:5000
13:00:19.500 [main] DEBUG c.service.MarketDataService - [ALGO] ASK: price:119 quantity:5600
13:00:19.500 [main] DEBUG c.service.MarketDataService - [ALGO] ASK: price:123 quantity:453
13:00:19.500 [main] DEBUG c.service.MarketDataService - [ALGO] ASK: price:144 quantity:645
13:00:19.500 [main] DEBUG c.service.MarketDataService - [ALGO] ASK: price:167 quantity:665
13:00:19.500 [main] INFO  c.gettingstarted.MyAlgoLogic - [MYALGO] The state of the order book is:
|----BID-----||----ASK----|
    134 @ 43    501 @ 98
    145 @ 76   200 @ 101
    300 @ 91  5000 @ 110
    200 @ 93  5600 @ 119
    100 @ 95   453 @ 123
    154 @ 98   645 @ 144
          -    665 @ 167
|------------||-----------|

13:00:19.500 [main] INFO  c.gettingstarted.MyAlgoLogic - [MYALGO] Algo Sees Book as: 
|----BID-----||----ASK----|
    134 @ 43    501 @ 98
    145 @ 76   200 @ 101
    300 @ 91  5000 @ 110
    200 @ 93  5600 @ 119
    100 @ 95   453 @ 123
    154 @ 98   645 @ 144
          -    665 @ 167
|------------||-----------|

13:00:19.500 [main] INFO  c.gettingstarted.TimedLogic - [TIMEDLOGIC] Market is open
13:00:19.500 [main] INFO  c.sequencer.consumer.LoggingConsumer - [124] 
|----BID-----|
    134 @ 43
    145 @ 76
    300 @ 91
    200 @ 93
    100 @ 95
    154 @ 98
|----ASK-----|
    501 @ 98
   200 @ 101
  5000 @ 110
  5600 @ 119
   453 @ 123
   645 @ 144
   665 @ 167

13:00:19.500 [main] INFO  c.orderbook.OrderBook - [ORDERBOOK] Processing Mkt Data Update
13:00:19.500 [main] INFO  c.o.v.MutatingRemoveAllMarketDataOrdersVisitor - [ORDERBOOK] Removing market data order:MktData(price=43,quantity=134)
13:00:19.500 [main] DEBUG c.orderbook.OrderBook - [ORDERBOOK] ASK: Adding orderMktData(price=43,quantity=134)
13:00:19.500 [main] INFO  c.o.visitor.MutatingAddOrderVisitor - [ORDERBOOK] + Limit(side=BUY,orderId=16,price=43,quantity=2195456)
13:00:19.500 [main] DEBUG c.orderbook.OrderBook - [ORDERBOOK] ASK: Adding orderMktData(price=76,quantity=145)
13:00:19.500 [main] DEBUG c.orderbook.OrderBook - [ORDERBOOK] ASK: Adding orderMktData(price=91,quantity=300)
13:00:19.500 [main] DEBUG c.orderbook.OrderBook - [ORDERBOOK] ASK: Adding orderMktData(price=93,quantity=200)
13:00:19.500 [main] DEBUG c.orderbook.OrderBook - [ORDERBOOK] ASK: Adding orderMktData(price=95,quantity=100)
13:00:19.500 [main] DEBUG c.orderbook.OrderBook - [ORDERBOOK] ASK: Adding orderMktData(price=98,quantity=154)
13:00:19.500 [main] INFO  c.o.v.MutatingMatchOneMarketDataOrderVisitor - [ORDERBOOK] visiting LevelOrderBookLevel(price=43,quantity=4263344)
13:00:19.500 [main] INFO  c.o.v.MutatingMatchOneMarketDataOrderVisitor - [ORDERBOOK] Can't match order:Limit(side=BUY,orderId=3,price=43,quantity=268)(MktData(price=98,quantity=154))
13:00:19.500 [main] INFO  c.o.v.MutatingMatchOneMarketDataOrderVisitor - [ORDERBOOK] Can't match order:Limit(side=BUY,orderId=5,price=43,quantity=1072)(MktData(price=98,quantity=154))
13:00:19.500 [main] INFO  c.o.v.MutatingMatchOneMarketDataOrderVisitor - [ORDERBOOK] Can't match order:Limit(side=BUY,orderId=7,price=43,quantity=4288)(MktData(price=98,quantity=154))
13:00:19.500 [main] INFO  c.o.v.MutatingMatchOneMarketDataOrderVisitor - [ORDERBOOK] Can't match order:Limit(side=BUY,orderId=9,price=43,quantity=17152)(MktData(price=98,quantity=154))
13:00:19.500 [main] INFO  c.o.v.MutatingMatchOneMarketDataOrderVisitor - [ORDERBOOK] Can't match order:Limit(side=BUY,orderId=11,price=43,quantity=68608)(MktData(price=98,quantity=154))
13:00:19.500 [main] INFO  c.o.v.MutatingMatchOneMarketDataOrderVisitor - [ORDERBOOK] Can't match order:Limit(side=BUY,orderId=12,price=43,quantity=137216)(MktData(price=98,quantity=154))
13:00:19.500 [main] INFO  c.o.v.MutatingMatchOneMarketDataOrderVisitor - [ORDERBOOK] Can't match order:Limit(side=BUY,orderId=13,price=43,quantity=274432)(MktData(price=98,quantity=154))
13:00:19.500 [main] INFO  c.o.v.MutatingMatchOneMarketDataOrderVisitor - [ORDERBOOK] Can't match order:Limit(side=BUY,orderId=14,price=43,quantity=548864)(MktData(price=98,quantity=154))
13:00:19.500 [main] INFO  c.o.v.MutatingMatchOneMarketDataOrderVisitor - [ORDERBOOK] Can't match order:Limit(side=BUY,orderId=15,price=43,quantity=1097728)(MktData(price=98,quantity=154))
13:00:19.500 [main] INFO  c.o.v.MutatingMatchOneMarketDataOrderVisitor - [ORDERBOOK] Can't match order:Limit(side=BUY,orderId=16,price=43,quantity=2195456)(MktData(price=98,quantity=154))
13:00:19.500 [main] INFO  c.o.v.MutatingMatchOneMarketDataOrderVisitor - [ORDERBOOK] Can't match order:MktData(price=43,quantity=134)(MktData(price=98,quantity=154))
13:00:19.500 [main] INFO  c.o.v.MutatingRemoveAllMarketDataOrdersVisitor - [ORDERBOOK] Removing market data order:MktData(price=98,quantity=501)
13:00:19.500 [main] INFO  c.o.v.MutatingRemoveAllMarketDataOrdersVisitor - [ORDERBOOK] Removing market data order:MktData(price=110,quantity=5000)
13:00:19.500 [main] INFO  c.o.v.MutatingRemoveAllMarketDataOrdersVisitor - [ORDERBOOK] Removing market data order:MktData(price=123,quantity=453)
13:00:19.500 [main] INFO  c.o.v.MutatingRemoveAllMarketDataOrdersVisitor - [ORDERBOOK] Removing market data order:MktData(price=167,quantity=665)
13:00:19.500 [main] DEBUG c.orderbook.OrderBook - [ORDERBOOK] ASK: Adding orderMktData(price=98,quantity=501)
13:00:19.500 [main] INFO  c.o.visitor.MutatingAddOrderVisitor - [ORDERBOOK] + Limit(side=SELL,orderId=17,price=98,quantity=501)
13:00:19.500 [main] DEBUG c.orderbook.OrderBook - [ORDERBOOK] ASK: Adding orderMktData(price=101,quantity=200)
13:00:19.500 [main] DEBUG c.orderbook.OrderBook - [ORDERBOOK] ASK: Adding orderMktData(price=110,quantity=5000)
13:00:19.500 [main] DEBUG c.orderbook.OrderBook - [ORDERBOOK] ASK: Adding orderMktData(price=119,quantity=5600)
13:00:19.500 [main] DEBUG c.orderbook.OrderBook - [ORDERBOOK] ASK: Adding orderMktData(price=123,quantity=453)
13:00:19.500 [main] DEBUG c.orderbook.OrderBook - [ORDERBOOK] ASK: Adding orderMktData(price=144,quantity=645)
13:00:19.500 [main] DEBUG c.orderbook.OrderBook - [ORDERBOOK] ASK: Adding orderMktData(price=167,quantity=665)
13:00:19.500 [main] DEBUG c.service.MarketDataService - [ALGO] BID: price:43 quantity:134
13:00:19.500 [main] DEBUG c.service.MarketDataService - [ALGO] BID: price:76 quantity:145
13:00:19.500 [main] DEBUG c.service.MarketDataService - [ALGO] BID: price:91 quantity:300
13:00:19.500 [main] DEBUG c.service.MarketDataService - [ALGO] BID: price:93 quantity:200
13:00:19.500 [main] DEBUG c.service.MarketDataService - [ALGO] BID: price:95 quantity:100
13:00:19.500 [main] DEBUG c.service.MarketDataService - [ALGO] BID: price:98 quantity:154
13:00:19.500 [main] DEBUG c.service.MarketDataService - [ALGO] ASK: price:98 quantity:501
13:00:19.500 [main] DEBUG c.service.MarketDataService - [ALGO] ASK: price:101 quantity:200
13:00:19.500 [main] DEBUG c.service.MarketDataService - [ALGO] ASK: price:110 quantity:5000
13:00:19.500 [main] DEBUG c.service.MarketDataService - [ALGO] ASK: price:119 quantity:5600
13:00:19.500 [main] DEBUG c.service.MarketDataService - [ALGO] ASK: price:123 quantity:453
13:00:19.500 [main] DEBUG c.service.MarketDataService - [ALGO] ASK: price:144 quantity:645
13:00:19.500 [main] DEBUG c.service.MarketDataService - [ALGO] ASK: price:167 quantity:665
13:00:19.500 [main] INFO  c.gettingstarted.MyAlgoLogic - [MYALGO] The state of the order book is:
|----BID-----||----ASK----|
    134 @ 43    501 @ 98
    145 @ 76   200 @ 101
    300 @ 91  5000 @ 110
    200 @ 93  5600 @ 119
    100 @ 95   453 @ 123
    154 @ 98   645 @ 144
          -    665 @ 167
|------------||-----------|

13:00:19.500 [main] INFO  c.gettingstarted.MyAlgoLogic - [MYALGO] Algo Sees Book as: 
|----BID-----||----ASK----|
    134 @ 43    501 @ 98
    145 @ 76   200 @ 101
    300 @ 91  5000 @ 110
    200 @ 93  5600 @ 119
    100 @ 95   453 @ 123
    154 @ 98   645 @ 144
          -    665 @ 167
|------------||-----------|

13:00:19.500 [main] INFO  c.gettingstarted.TimedLogic - [TIMEDLOGIC] Market is open
13:00:19.500 [main] INFO  c.sequencer.consumer.LoggingConsumer - [125] 
|----BID-----|
    134 @ 43
    145 @ 76
    300 @ 91
    200 @ 93
    100 @ 95
    154 @ 98
|----ASK-----|
    501 @ 98
   200 @ 101
  5000 @ 110
  5600 @ 119
   453 @ 123
   645 @ 144
   665 @ 167

13:00:19.500 [main] INFO  c.orderbook.OrderBook - [ORDERBOOK] Processing Mkt Data Update
13:00:19.500 [main] INFO  c.o.v.MutatingRemoveAllMarketDataOrdersVisitor - [ORDERBOOK] Removing market data order:MktData(price=43,quantity=134)
13:00:19.500 [main] DEBUG c.orderbook.OrderBook - [ORDERBOOK] ASK: Adding orderMktData(price=43,quantity=134)
13:00:19.500 [main] INFO  c.o.visitor.MutatingAddOrderVisitor - [ORDERBOOK] + Limit(side=BUY,orderId=16,price=43,quantity=2195456)
13:00:19.500 [main] DEBUG c.orderbook.OrderBook - [ORDERBOOK] ASK: Adding orderMktData(price=76,quantity=145)
13:00:19.500 [main] DEBUG c.orderbook.OrderBook - [ORDERBOOK] ASK: Adding orderMktData(price=91,quantity=300)
13:00:19.500 [main] DEBUG c.orderbook.OrderBook - [ORDERBOOK] ASK: Adding orderMktData(price=93,quantity=200)
13:00:19.500 [main] DEBUG c.orderbook.OrderBook - [ORDERBOOK] ASK: Adding orderMktData(price=95,quantity=100)
13:00:19.500 [main] DEBUG c.orderbook.OrderBook - [ORDERBOOK] ASK: Adding orderMktData(price=98,quantity=154)
13:00:19.500 [main] INFO  c.o.v.MutatingMatchOneMarketDataOrderVisitor - [ORDERBOOK] visiting LevelOrderBookLevel(price=43,quantity=4263478)
13:00:19.500 [main] INFO  c.o.v.MutatingMatchOneMarketDataOrderVisitor - [ORDERBOOK] Can't match order:Limit(side=BUY,orderId=3,price=43,quantity=268)(MktData(price=98,quantity=154))
13:00:19.500 [main] INFO  c.o.v.MutatingMatchOneMarketDataOrderVisitor - [ORDERBOOK] Can't match order:Limit(side=BUY,orderId=5,price=43,quantity=1072)(MktData(price=98,quantity=154))
13:00:19.500 [main] INFO  c.o.v.MutatingMatchOneMarketDataOrderVisitor - [ORDERBOOK] Can't match order:Limit(side=BUY,orderId=7,price=43,quantity=4288)(MktData(price=98,quantity=154))
13:00:19.500 [main] INFO  c.o.v.MutatingMatchOneMarketDataOrderVisitor - [ORDERBOOK] Can't match order:Limit(side=BUY,orderId=9,price=43,quantity=17152)(MktData(price=98,quantity=154))
13:00:19.500 [main] INFO  c.o.v.MutatingMatchOneMarketDataOrderVisitor - [ORDERBOOK] Can't match order:Limit(side=BUY,orderId=11,price=43,quantity=68608)(MktData(price=98,quantity=154))
13:00:19.500 [main] INFO  c.o.v.MutatingMatchOneMarketDataOrderVisitor - [ORDERBOOK] Can't match order:Limit(side=BUY,orderId=12,price=43,quantity=137216)(MktData(price=98,quantity=154))
13:00:19.500 [main] INFO  c.o.v.MutatingMatchOneMarketDataOrderVisitor - [ORDERBOOK] Can't match order:Limit(side=BUY,orderId=13,price=43,quantity=274432)(MktData(price=98,quantity=154))
13:00:19.500 [main] INFO  c.o.v.MutatingMatchOneMarketDataOrderVisitor - [ORDERBOOK] Can't match order:Limit(side=BUY,orderId=14,price=43,quantity=548864)(MktData(price=98,quantity=154))
13:00:19.500 [main] INFO  c.o.v.MutatingMatchOneMarketDataOrderVisitor - [ORDERBOOK] Can't match order:Limit(side=BUY,orderId=15,price=43,quantity=1097728)(MktData(price=98,quantity=154))
13:00:19.500 [main] INFO  c.o.v.MutatingMatchOneMarketDataOrderVisitor - [ORDERBOOK] Can't match order:Limit(side=BUY,orderId=16,price=43,quantity=2195456)(MktData(price=98,quantity=154))
13:00:19.500 [main] INFO  c.o.v.MutatingMatchOneMarketDataOrderVisitor - [ORDERBOOK] Can't match order:MktData(price=43,quantity=134)(MktData(price=98,quantity=154))
13:00:19.500 [main] INFO  c.o.v.MutatingRemoveAllMarketDataOrdersVisitor - [ORDERBOOK] Removing market data order:MktData(price=98,quantity=501)
13:00:19.500 [main] INFO  c.o.v.MutatingRemoveAllMarketDataOrdersVisitor - [ORDERBOOK] Removing market data order:MktData(price=110,quantity=5000)
13:00:19.500 [main] INFO  c.o.v.MutatingRemoveAllMarketDataOrdersVisitor - [ORDERBOOK] Removing market data order:MktData(price=123,quantity=453)
13:00:19.500 [main] INFO  c.o.v.MutatingRemoveAllMarketDataOrdersVisitor - [ORDERBOOK] Removing market data order:MktData(price=167,quantity=665)
13:00:19.500 [main] DEBUG c.orderbook.OrderBook - [ORDERBOOK] ASK: Adding orderMktData(price=98,quantity=501)
13:00:19.500 [main] INFO  c.o.visitor.MutatingAddOrderVisitor - [ORDERBOOK] + Limit(side=SELL,orderId=17,price=98,quantity=501)
13:00:19.500 [main] DEBUG c.orderbook.OrderBook - [ORDERBOOK] ASK: Adding orderMktData(price=101,quantity=200)
13:00:19.500 [main] DEBUG c.orderbook.OrderBook - [ORDERBOOK] ASK: Adding orderMktData(price=110,quantity=5000)
13:00:19.500 [main] DEBUG c.orderbook.OrderBook - [ORDERBOOK] ASK: Adding orderMktData(price=119,quantity=5600)
13:00:19.500 [main] DEBUG c.orderbook.OrderBook - [ORDERBOOK] ASK: Adding orderMktData(price=123,quantity=453)
13:00:19.500 [main] DEBUG c.orderbook.OrderBook - [ORDERBOOK] ASK: Adding orderMktData(price=144,quantity=645)
13:00:19.500 [main] DEBUG c.orderbook.OrderBook - [ORDERBOOK] ASK: Adding orderMktData(price=167,quantity=665)
13:00:19.500 [main] DEBUG c.service.MarketDataService - [ALGO] BID: price:43 quantity:134
13:00:19.500 [main] DEBUG c.service.MarketDataService - [ALGO] BID: price:76 quantity:145
13:00:19.500 [main] DEBUG c.service.MarketDataService - [ALGO] BID: price:91 quantity:300
13:00:19.500 [main] DEBUG c.service.MarketDataService - [ALGO] BID: price:93 quantity:200
13:00:19.500 [main] DEBUG c.service.MarketDataService - [ALGO] BID: price:95 quantity:100
13:00:19.500 [main] DEBUG c.service.MarketDataService - [ALGO] BID: price:98 quantity:154
13:00:19.500 [main] DEBUG c.service.MarketDataService - [ALGO] ASK: price:98 quantity:501
13:00:19.500 [main] DEBUG c.service.MarketDataService - [ALGO] ASK: price:101 quantity:200
13:00:19.500 [main] DEBUG c.service.MarketDataService - [ALGO] ASK: price:110 quantity:5000
13:00:19.500 [main] DEBUG c.service.MarketDataService - [ALGO] ASK: price:119 quantity:5600
13:00:19.500 [main] DEBUG c.service.MarketDataService - [ALGO] ASK: price:123 quantity:453
13:00:19.500 [main] DEBUG c.service.MarketDataService - [ALGO] ASK: price:144 quantity:645
13:00:19.500 [main] DEBUG c.service.MarketDataService - [ALGO] ASK: price:167 quantity:665
13:00:19.500 [main] INFO  c.gettingstarted.MyAlgoLogic - [MYALGO] The state of the order book is:
|----BID-----||----ASK----|
    134 @ 43    501 @ 98
    145 @ 76   200 @ 101
    300 @ 91  5000 @ 110
    200 @ 93  5600 @ 119
    100 @ 95   453 @ 123
    154 @ 98   645 @ 144
          -    665 @ 167
|------------||-----------|

13:00:19.500 [main] INFO  c.gettingstarted.MyAlgoLogic - [MYALGO] Algo Sees Book as: 
|----BID-----||----ASK----|
    134 @ 43    501 @ 98
    145 @ 76   200 @ 101
    300 @ 91  5000 @ 110
    200 @ 93  5600 @ 119
    100 @ 95   453 @ 123
    154 @ 98   645 @ 144
          -    665 @ 167
|------------||-----------|

13:00:19.500 [main] INFO  c.gettingstarted.TimedLogic - [TIMEDLOGIC] Market is open
13:00:19.500 [main] INFO  c.sequencer.consumer.LoggingConsumer - [126] 
|----BID-----|
    134 @ 43
    145 @ 76
    300 @ 91
    200 @ 93
    100 @ 95
    154 @ 98
|----ASK-----|
    501 @ 98
   200 @ 101
  5000 @ 110
  5600 @ 119
   453 @ 123
   645 @ 144
   665 @ 167

13:00:19.500 [main] INFO  c.orderbook.OrderBook - [ORDERBOOK] Processing Mkt Data Update
13:00:19.500 [main] INFO  c.o.v.MutatingRemoveAllMarketDataOrdersVisitor - [ORDERBOOK] Removing market data order:MktData(price=43,quantity=134)
13:00:19.500 [main] DEBUG c.orderbook.OrderBook - [ORDERBOOK] ASK: Adding orderMktData(price=43,quantity=134)
13:00:19.500 [main] INFO  c.o.visitor.MutatingAddOrderVisitor - [ORDERBOOK] + Limit(side=BUY,orderId=16,price=43,quantity=2195456)
13:00:19.500 [main] DEBUG c.orderbook.OrderBook - [ORDERBOOK] ASK: Adding orderMktData(price=76,quantity=145)
13:00:19.500 [main] DEBUG c.orderbook.OrderBook - [ORDERBOOK] ASK: Adding orderMktData(price=91,quantity=300)
13:00:19.500 [main] DEBUG c.orderbook.OrderBook - [ORDERBOOK] ASK: Adding orderMktData(price=93,quantity=200)
13:00:19.500 [main] DEBUG c.orderbook.OrderBook - [ORDERBOOK] ASK: Adding orderMktData(price=95,quantity=100)
13:00:19.500 [main] DEBUG c.orderbook.OrderBook - [ORDERBOOK] ASK: Adding orderMktData(price=98,quantity=154)
13:00:19.500 [main] INFO  c.o.v.MutatingMatchOneMarketDataOrderVisitor - [ORDERBOOK] visiting LevelOrderBookLevel(price=43,quantity=4263612)
13:00:19.500 [main] INFO  c.o.v.MutatingMatchOneMarketDataOrderVisitor - [ORDERBOOK] Can't match order:Limit(side=BUY,orderId=3,price=43,quantity=268)(MktData(price=98,quantity=154))
13:00:19.500 [main] INFO  c.o.v.MutatingMatchOneMarketDataOrderVisitor - [ORDERBOOK] Can't match order:Limit(side=BUY,orderId=5,price=43,quantity=1072)(MktData(price=98,quantity=154))
13:00:19.500 [main] INFO  c.o.v.MutatingMatchOneMarketDataOrderVisitor - [ORDERBOOK] Can't match order:Limit(side=BUY,orderId=7,price=43,quantity=4288)(MktData(price=98,quantity=154))
13:00:19.500 [main] INFO  c.o.v.MutatingMatchOneMarketDataOrderVisitor - [ORDERBOOK] Can't match order:Limit(side=BUY,orderId=9,price=43,quantity=17152)(MktData(price=98,quantity=154))
13:00:19.500 [main] INFO  c.o.v.MutatingMatchOneMarketDataOrderVisitor - [ORDERBOOK] Can't match order:Limit(side=BUY,orderId=11,price=43,quantity=68608)(MktData(price=98,quantity=154))
13:00:19.500 [main] INFO  c.o.v.MutatingMatchOneMarketDataOrderVisitor - [ORDERBOOK] Can't match order:Limit(side=BUY,orderId=12,price=43,quantity=137216)(MktData(price=98,quantity=154))
13:00:19.500 [main] INFO  c.o.v.MutatingMatchOneMarketDataOrderVisitor - [ORDERBOOK] Can't match order:Limit(side=BUY,orderId=13,price=43,quantity=274432)(MktData(price=98,quantity=154))
13:00:19.500 [main] INFO  c.o.v.MutatingMatchOneMarketDataOrderVisitor - [ORDERBOOK] Can't match order:Limit(side=BUY,orderId=14,price=43,quantity=548864)(MktData(price=98,quantity=154))
13:00:19.500 [main] INFO  c.o.v.MutatingMatchOneMarketDataOrderVisitor - [ORDERBOOK] Can't match order:Limit(side=BUY,orderId=15,price=43,quantity=1097728)(MktData(price=98,quantity=154))
13:00:19.500 [main] INFO  c.o.v.MutatingMatchOneMarketDataOrderVisitor - [ORDERBOOK] Can't match order:Limit(side=BUY,orderId=16,price=43,quantity=2195456)(MktData(price=98,quantity=154))
13:00:19.500 [main] INFO  c.o.v.MutatingMatchOneMarketDataOrderVisitor - [ORDERBOOK] Can't match order:MktData(price=43,quantity=134)(MktData(price=98,quantity=154))
13:00:19.500 [main] INFO  c.o.v.MutatingRemoveAllMarketDataOrdersVisitor - [ORDERBOOK] Removing market data order:MktData(price=98,quantity=501)
13:00:19.500 [main] INFO  c.o.v.MutatingRemoveAllMarketDataOrdersVisitor - [ORDERBOOK] Removing market data order:MktData(price=110,quantity=5000)
13:00:19.500 [main] INFO  c.o.v.MutatingRemoveAllMarketDataOrdersVisitor - [ORDERBOOK] Removing market data order:MktData(price=123,quantity=453)
13:00:19.500 [main] INFO  c.o.v.MutatingRemoveAllMarketDataOrdersVisitor - [ORDERBOOK] Removing market data order:MktData(price=167,quantity=665)
13:00:19.500 [main] DEBUG c.orderbook.OrderBook - [ORDERBOOK] ASK: Adding orderMktData(price=98,quantity=501)
13:00:19.500 [main] INFO  c.o.visitor.MutatingAddOrderVisitor - [ORDERBOOK] + Limit(side=SELL,orderId=17,price=98,quantity=501)
13:00:19.500 [main] DEBUG c.orderbook.OrderBook - [ORDERBOOK] ASK: Adding orderMktData(price=101,quantity=200)
13:00:19.500 [main] DEBUG c.orderbook.OrderBook - [ORDERBOOK] ASK: Adding orderMktData(price=110,quantity=5000)
13:00:19.500 [main] DEBUG c.orderbook.OrderBook - [ORDERBOOK] ASK: Adding orderMktData(price=119,quantity=5600)
13:00:19.500 [main] DEBUG c.orderbook.OrderBook - [ORDERBOOK] ASK: Adding orderMktData(price=123,quantity=453)
13:00:19.500 [main] DEBUG c.orderbook.OrderBook - [ORDERBOOK] ASK: Adding orderMktData(price=144,quantity=645)
13:00:19.500 [main] DEBUG c.orderbook.OrderBook - [ORDERBOOK] ASK: Adding orderMktData(price=167,quantity=665)
13:00:19.500 [main] DEBUG c.service.MarketDataService - [ALGO] BID: price:43 quantity:134
13:00:19.500 [main] DEBUG c.service.MarketDataService - [ALGO] BID: price:76 quantity:145
13:00:19.500 [main] DEBUG c.service.MarketDataService - [ALGO] BID: price:91 quantity:300
13:00:19.500 [main] DEBUG c.service.MarketDataService - [ALGO] BID: price:93 quantity:200
13:00:19.500 [main] DEBUG c.service.MarketDataService - [ALGO] BID: price:95 quantity:100
13:00:19.500 [main] DEBUG c.service.MarketDataService - [ALGO] BID: price:98 quantity:154
13:00:19.500 [main] DEBUG c.service.MarketDataService - [ALGO] ASK: price:98 quantity:501
13:00:19.500 [main] DEBUG c.service.MarketDataService - [ALGO] ASK: price:101 quantity:200
13:00:19.500 [main] DEBUG c.service.MarketDataService - [ALGO] ASK: price:110 quantity:5000
13:00:19.500 [main] DEBUG c.service.MarketDataService - [ALGO] ASK: price:119 quantity:5600
13:00:19.500 [main] DEBUG c.service.MarketDataService - [ALGO] ASK: price:123 quantity:453
13:00:19.500 [main] DEBUG c.service.MarketDataService - [ALGO] ASK: price:144 quantity:645
13:00:19.500 [main] DEBUG c.service.MarketDataService - [ALGO] ASK: price:167 quantity:665
13:00:19.500 [main] INFO  c.gettingstarted.MyAlgoLogic - [MYALGO] The state of the order book is:
|----BID-----||----ASK----|
    134 @ 43    501 @ 98
    145 @ 76   200 @ 101
    300 @ 91  5000 @ 110
    200 @ 93  5600 @ 119
    100 @ 95   453 @ 123
    154 @ 98   645 @ 144
          -    665 @ 167
|------------||-----------|

13:00:19.500 [main] INFO  c.gettingstarted.MyAlgoLogic - [MYALGO] Algo Sees Book as: 
|----BID-----||----ASK----|
    134 @ 43    501 @ 98
    145 @ 76   200 @ 101
    300 @ 91  5000 @ 110
    200 @ 93  5600 @ 119
    100 @ 95   453 @ 123
    154 @ 98   645 @ 144
          -    665 @ 167
|------------||-----------|

13:00:19.500 [main] INFO  c.gettingstarted.TimedLogic - [TIMEDLOGIC] Market is open
13:00:19.500 [main] INFO  c.sequencer.consumer.LoggingConsumer - [127] 
|----BID-----|
    134 @ 43
    145 @ 76
    300 @ 91
    200 @ 93
    100 @ 95
    154 @ 98
|----ASK-----|
    501 @ 98
   200 @ 101
  5000 @ 110
  5600 @ 119
   453 @ 123
   645 @ 144
   665 @ 167

13:00:19.500 [main] INFO  c.orderbook.OrderBook - [ORDERBOOK] Processing Mkt Data Update
13:00:19.500 [main] INFO  c.o.v.MutatingRemoveAllMarketDataOrdersVisitor - [ORDERBOOK] Removing market data order:MktData(price=43,quantity=134)
13:00:19.500 [main] DEBUG c.orderbook.OrderBook - [ORDERBOOK] ASK: Adding orderMktData(price=43,quantity=134)
13:00:19.500 [main] INFO  c.o.visitor.MutatingAddOrderVisitor - [ORDERBOOK] + Limit(side=BUY,orderId=16,price=43,quantity=2195456)
13:00:19.500 [main] DEBUG c.orderbook.OrderBook - [ORDERBOOK] ASK: Adding orderMktData(price=76,quantity=145)
13:00:19.500 [main] DEBUG c.orderbook.OrderBook - [ORDERBOOK] ASK: Adding orderMktData(price=91,quantity=300)
13:00:19.500 [main] DEBUG c.orderbook.OrderBook - [ORDERBOOK] ASK: Adding orderMktData(price=93,quantity=200)
13:00:19.500 [main] DEBUG c.orderbook.OrderBook - [ORDERBOOK] ASK: Adding orderMktData(price=95,quantity=100)
13:00:19.500 [main] DEBUG c.orderbook.OrderBook - [ORDERBOOK] ASK: Adding orderMktData(price=98,quantity=154)
13:00:19.500 [main] INFO  c.o.v.MutatingMatchOneMarketDataOrderVisitor - [ORDERBOOK] visiting LevelOrderBookLevel(price=43,quantity=4263746)
13:00:19.500 [main] INFO  c.o.v.MutatingMatchOneMarketDataOrderVisitor - [ORDERBOOK] Can't match order:Limit(side=BUY,orderId=3,price=43,quantity=268)(MktData(price=98,quantity=154))
13:00:19.500 [main] INFO  c.o.v.MutatingMatchOneMarketDataOrderVisitor - [ORDERBOOK] Can't match order:Limit(side=BUY,orderId=5,price=43,quantity=1072)(MktData(price=98,quantity=154))
13:00:19.500 [main] INFO  c.o.v.MutatingMatchOneMarketDataOrderVisitor - [ORDERBOOK] Can't match order:Limit(side=BUY,orderId=7,price=43,quantity=4288)(MktData(price=98,quantity=154))
13:00:19.500 [main] INFO  c.o.v.MutatingMatchOneMarketDataOrderVisitor - [ORDERBOOK] Can't match order:Limit(side=BUY,orderId=9,price=43,quantity=17152)(MktData(price=98,quantity=154))
13:00:19.500 [main] INFO  c.o.v.MutatingMatchOneMarketDataOrderVisitor - [ORDERBOOK] Can't match order:Limit(side=BUY,orderId=11,price=43,quantity=68608)(MktData(price=98,quantity=154))
13:00:19.500 [main] INFO  c.o.v.MutatingMatchOneMarketDataOrderVisitor - [ORDERBOOK] Can't match order:Limit(side=BUY,orderId=12,price=43,quantity=137216)(MktData(price=98,quantity=154))
13:00:19.500 [main] INFO  c.o.v.MutatingMatchOneMarketDataOrderVisitor - [ORDERBOOK] Can't match order:Limit(side=BUY,orderId=13,price=43,quantity=274432)(MktData(price=98,quantity=154))
13:00:19.500 [main] INFO  c.o.v.MutatingMatchOneMarketDataOrderVisitor - [ORDERBOOK] Can't match order:Limit(side=BUY,orderId=14,price=43,quantity=548864)(MktData(price=98,quantity=154))
13:00:19.500 [main] INFO  c.o.v.MutatingMatchOneMarketDataOrderVisitor - [ORDERBOOK] Can't match order:Limit(side=BUY,orderId=15,price=43,quantity=1097728)(MktData(price=98,quantity=154))
13:00:19.500 [main] INFO  c.o.v.MutatingMatchOneMarketDataOrderVisitor - [ORDERBOOK] Can't match order:Limit(side=BUY,orderId=16,price=43,quantity=2195456)(MktData(price=98,quantity=154))
13:00:19.500 [main] INFO  c.o.v.MutatingMatchOneMarketDataOrderVisitor - [ORDERBOOK] Can't match order:MktData(price=43,quantity=134)(MktData(price=98,quantity=154))
13:00:19.500 [main] INFO  c.o.v.MutatingRemoveAllMarketDataOrdersVisitor - [ORDERBOOK] Removing market data order:MktData(price=98,quantity=501)
13:00:19.500 [main] INFO  c.o.v.MutatingRemoveAllMarketDataOrdersVisitor - [ORDERBOOK] Removing market data order:MktData(price=110,quantity=5000)
13:00:19.500 [main] INFO  c.o.v.MutatingRemoveAllMarketDataOrdersVisitor - [ORDERBOOK] Removing market data order:MktData(price=123,quantity=453)
13:00:19.500 [main] INFO  c.o.v.MutatingRemoveAllMarketDataOrdersVisitor - [ORDERBOOK] Removing market data order:MktData(price=167,quantity=665)
13:00:19.500 [main] DEBUG c.orderbook.OrderBook - [ORDERBOOK] ASK: Adding orderMktData(price=98,quantity=501)
13:00:19.500 [main] INFO  c.o.visitor.MutatingAddOrderVisitor - [ORDERBOOK] + Limit(side=SELL,orderId=17,price=98,quantity=501)
13:00:19.500 [main] DEBUG c.orderbook.OrderBook - [ORDERBOOK] ASK: Adding orderMktData(price=101,quantity=200)
13:00:19.500 [main] DEBUG c.orderbook.OrderBook - [ORDERBOOK] ASK: Adding orderMktData(price=110,quantity=5000)
13:00:19.500 [main] DEBUG c.orderbook.OrderBook - [ORDERBOOK] ASK: Adding orderMktData(price=119,quantity=5600)
13:00:19.500 [main] DEBUG c.orderbook.OrderBook - [ORDERBOOK] ASK: Adding orderMktData(price=123,quantity=453)
13:00:19.500 [main] DEBUG c.orderbook.OrderBook - [ORDERBOOK] ASK: Adding orderMktData(price=144,quantity=645)
13:00:19.500 [main] DEBUG c.orderbook.OrderBook - [ORDERBOOK] ASK: Adding orderMktData(price=167,quantity=665)
13:00:19.500 [main] DEBUG c.service.MarketDataService - [ALGO] BID: price:43 quantity:134
13:00:19.500 [main] DEBUG c.service.MarketDataService - [ALGO] BID: price:76 quantity:145
13:00:19.500 [main] DEBUG c.service.MarketDataService - [ALGO] BID: price:91 quantity:300
13:00:19.500 [main] DEBUG c.service.MarketDataService - [ALGO] BID: price:93 quantity:200
13:00:19.500 [main] DEBUG c.service.MarketDataService - [ALGO] BID: price:95 quantity:100
13:00:19.500 [main] DEBUG c.service.MarketDataService - [ALGO] BID: price:98 quantity:154
13:00:19.500 [main] DEBUG c.service.MarketDataService - [ALGO] ASK: price:98 quantity:501
13:00:19.500 [main] DEBUG c.service.MarketDataService - [ALGO] ASK: price:101 quantity:200
13:00:19.500 [main] DEBUG c.service.MarketDataService - [ALGO] ASK: price:110 quantity:5000
13:00:19.500 [main] DEBUG c.service.MarketDataService - [ALGO] ASK: price:119 quantity:5600
13:00:19.500 [main] DEBUG c.service.MarketDataService - [ALGO] ASK: price:123 quantity:453
13:00:19.500 [main] DEBUG c.service.MarketDataService - [ALGO] ASK: price:144 quantity:645
13:00:19.500 [main] DEBUG c.service.MarketDataService - [ALGO] ASK: price:167 quantity:665
13:00:19.500 [main] INFO  c.gettingstarted.MyAlgoLogic - [MYALGO] The state of the order book is:
|----BID-----||----ASK----|
    134 @ 43    501 @ 98
    145 @ 76   200 @ 101
    300 @ 91  5000 @ 110
    200 @ 93  5600 @ 119
    100 @ 95   453 @ 123
    154 @ 98   645 @ 144
          -    665 @ 167
|------------||-----------|

13:00:19.500 [main] INFO  c.gettingstarted.MyAlgoLogic - [MYALGO] Algo Sees Book as: 
|----BID-----||----ASK----|
    134 @ 43    501 @ 98
    145 @ 76   200 @ 101
    300 @ 91  5000 @ 110
    200 @ 93  5600 @ 119
    100 @ 95   453 @ 123
    154 @ 98   645 @ 144
          -    665 @ 167
|------------||-----------|

13:00:19.500 [main] INFO  c.gettingstarted.TimedLogic - [TIMEDLOGIC] Market is open
13:00:19.500 [main] INFO  c.sequencer.consumer.LoggingConsumer - [128] 
|----BID-----|
    134 @ 43
    145 @ 76
    300 @ 91
    200 @ 93
    100 @ 95
    154 @ 98
|----ASK-----|
    501 @ 98
   200 @ 101
  5000 @ 110
  5600 @ 119
   453 @ 123
   645 @ 144
   665 @ 167

13:00:19.500 [main] INFO  c.orderbook.OrderBook - [ORDERBOOK] Processing Mkt Data Update
13:00:19.500 [main] INFO  c.o.v.MutatingRemoveAllMarketDataOrdersVisitor - [ORDERBOOK] Removing market data order:MktData(price=43,quantity=134)
13:00:19.500 [main] DEBUG c.orderbook.OrderBook - [ORDERBOOK] ASK: Adding orderMktData(price=43,quantity=134)
13:00:19.500 [main] INFO  c.o.visitor.MutatingAddOrderVisitor - [ORDERBOOK] + Limit(side=BUY,orderId=16,price=43,quantity=2195456)
13:00:19.500 [main] DEBUG c.orderbook.OrderBook - [ORDERBOOK] ASK: Adding orderMktData(price=76,quantity=145)
13:00:19.500 [main] DEBUG c.orderbook.OrderBook - [ORDERBOOK] ASK: Adding orderMktData(price=91,quantity=300)
13:00:19.500 [main] DEBUG c.orderbook.OrderBook - [ORDERBOOK] ASK: Adding orderMktData(price=93,quantity=200)
13:00:19.500 [main] DEBUG c.orderbook.OrderBook - [ORDERBOOK] ASK: Adding orderMktData(price=95,quantity=100)
13:00:19.500 [main] DEBUG c.orderbook.OrderBook - [ORDERBOOK] ASK: Adding orderMktData(price=98,quantity=154)
13:00:19.516 [main] INFO  c.o.v.MutatingMatchOneMarketDataOrderVisitor - [ORDERBOOK] visiting LevelOrderBookLevel(price=43,quantity=4263880)
13:00:19.516 [main] INFO  c.o.v.MutatingMatchOneMarketDataOrderVisitor - [ORDERBOOK] Can't match order:Limit(side=BUY,orderId=3,price=43,quantity=268)(MktData(price=98,quantity=154))
13:00:19.516 [main] INFO  c.o.v.MutatingMatchOneMarketDataOrderVisitor - [ORDERBOOK] Can't match order:Limit(side=BUY,orderId=5,price=43,quantity=1072)(MktData(price=98,quantity=154))
13:00:19.516 [main] INFO  c.o.v.MutatingMatchOneMarketDataOrderVisitor - [ORDERBOOK] Can't match order:Limit(side=BUY,orderId=7,price=43,quantity=4288)(MktData(price=98,quantity=154))
13:00:19.516 [main] INFO  c.o.v.MutatingMatchOneMarketDataOrderVisitor - [ORDERBOOK] Can't match order:Limit(side=BUY,orderId=9,price=43,quantity=17152)(MktData(price=98,quantity=154))
13:00:19.516 [main] INFO  c.o.v.MutatingMatchOneMarketDataOrderVisitor - [ORDERBOOK] Can't match order:Limit(side=BUY,orderId=11,price=43,quantity=68608)(MktData(price=98,quantity=154))
13:00:19.516 [main] INFO  c.o.v.MutatingMatchOneMarketDataOrderVisitor - [ORDERBOOK] Can't match order:Limit(side=BUY,orderId=12,price=43,quantity=137216)(MktData(price=98,quantity=154))
13:00:19.516 [main] INFO  c.o.v.MutatingMatchOneMarketDataOrderVisitor - [ORDERBOOK] Can't match order:Limit(side=BUY,orderId=13,price=43,quantity=274432)(MktData(price=98,quantity=154))
13:00:19.516 [main] INFO  c.o.v.MutatingMatchOneMarketDataOrderVisitor - [ORDERBOOK] Can't match order:Limit(side=BUY,orderId=14,price=43,quantity=548864)(MktData(price=98,quantity=154))
13:00:19.516 [main] INFO  c.o.v.MutatingMatchOneMarketDataOrderVisitor - [ORDERBOOK] Can't match order:Limit(side=BUY,orderId=15,price=43,quantity=1097728)(MktData(price=98,quantity=154))
13:00:19.516 [main] INFO  c.o.v.MutatingMatchOneMarketDataOrderVisitor - [ORDERBOOK] Can't match order:Limit(side=BUY,orderId=16,price=43,quantity=2195456)(MktData(price=98,quantity=154))
13:00:19.516 [main] INFO  c.o.v.MutatingMatchOneMarketDataOrderVisitor - [ORDERBOOK] Can't match order:MktData(price=43,quantity=134)(MktData(price=98,quantity=154))
13:00:19.516 [main] INFO  c.o.v.MutatingRemoveAllMarketDataOrdersVisitor - [ORDERBOOK] Removing market data order:MktData(price=98,quantity=501)
13:00:19.516 [main] INFO  c.o.v.MutatingRemoveAllMarketDataOrdersVisitor - [ORDERBOOK] Removing market data order:MktData(price=110,quantity=5000)
13:00:19.516 [main] INFO  c.o.v.MutatingRemoveAllMarketDataOrdersVisitor - [ORDERBOOK] Removing market data order:MktData(price=123,quantity=453)
13:00:19.516 [main] INFO  c.o.v.MutatingRemoveAllMarketDataOrdersVisitor - [ORDERBOOK] Removing market data order:MktData(price=167,quantity=665)
13:00:19.516 [main] DEBUG c.orderbook.OrderBook - [ORDERBOOK] ASK: Adding orderMktData(price=98,quantity=501)
13:00:19.516 [main] INFO  c.o.visitor.MutatingAddOrderVisitor - [ORDERBOOK] + Limit(side=SELL,orderId=17,price=98,quantity=501)
13:00:19.516 [main] DEBUG c.orderbook.OrderBook - [ORDERBOOK] ASK: Adding orderMktData(price=101,quantity=200)
13:00:19.516 [main] DEBUG c.orderbook.OrderBook - [ORDERBOOK] ASK: Adding orderMktData(price=110,quantity=5000)
13:00:19.516 [main] DEBUG c.orderbook.OrderBook - [ORDERBOOK] ASK: Adding orderMktData(price=119,quantity=5600)
13:00:19.516 [main] DEBUG c.orderbook.OrderBook - [ORDERBOOK] ASK: Adding orderMktData(price=123,quantity=453)
13:00:19.516 [main] DEBUG c.orderbook.OrderBook - [ORDERBOOK] ASK: Adding orderMktData(price=144,quantity=645)
13:00:19.516 [main] DEBUG c.orderbook.OrderBook - [ORDERBOOK] ASK: Adding orderMktData(price=167,quantity=665)
13:00:19.516 [main] DEBUG c.service.MarketDataService - [ALGO] BID: price:43 quantity:134
13:00:19.516 [main] DEBUG c.service.MarketDataService - [ALGO] BID: price:76 quantity:145
13:00:19.516 [main] DEBUG c.service.MarketDataService - [ALGO] BID: price:91 quantity:300
13:00:19.516 [main] DEBUG c.service.MarketDataService - [ALGO] BID: price:93 quantity:200
13:00:19.516 [main] DEBUG c.service.MarketDataService - [ALGO] BID: price:95 quantity:100
13:00:19.516 [main] DEBUG c.service.MarketDataService - [ALGO] BID: price:98 quantity:154
13:00:19.516 [main] DEBUG c.service.MarketDataService - [ALGO] ASK: price:98 quantity:501
13:00:19.516 [main] DEBUG c.service.MarketDataService - [ALGO] ASK: price:101 quantity:200
13:00:19.516 [main] DEBUG c.service.MarketDataService - [ALGO] ASK: price:110 quantity:5000
13:00:19.516 [main] DEBUG c.service.MarketDataService - [ALGO] ASK: price:119 quantity:5600
13:00:19.516 [main] DEBUG c.service.MarketDataService - [ALGO] ASK: price:123 quantity:453
13:00:19.516 [main] DEBUG c.service.MarketDataService - [ALGO] ASK: price:144 quantity:645
13:00:19.516 [main] DEBUG c.service.MarketDataService - [ALGO] ASK: price:167 quantity:665
13:00:19.516 [main] INFO  c.gettingstarted.MyAlgoLogic - [MYALGO] The state of the order book is:
|----BID-----||----ASK----|
    134 @ 43    501 @ 98
    145 @ 76   200 @ 101
    300 @ 91  5000 @ 110
    200 @ 93  5600 @ 119
    100 @ 95   453 @ 123
    154 @ 98   645 @ 144
          -    665 @ 167
|------------||-----------|

13:00:19.516 [main] INFO  c.gettingstarted.MyAlgoLogic - [MYALGO] Algo Sees Book as: 
|----BID-----||----ASK----|
    134 @ 43    501 @ 98
    145 @ 76   200 @ 101
    300 @ 91  5000 @ 110
    200 @ 93  5600 @ 119
    100 @ 95   453 @ 123
    154 @ 98   645 @ 144
          -    665 @ 167
|------------||-----------|

13:00:19.516 [main] INFO  c.gettingstarted.TimedLogic - [TIMEDLOGIC] Market is open
13:00:19.516 [main] INFO  c.sequencer.consumer.LoggingConsumer - [129] 
|----BID-----|
    134 @ 43
    145 @ 76
    300 @ 91
    200 @ 93
    100 @ 95
    154 @ 98
|----ASK-----|
    501 @ 98
   200 @ 101
  5000 @ 110
  5600 @ 119
   453 @ 123
   645 @ 144
   665 @ 167

13:00:19.516 [main] INFO  c.orderbook.OrderBook - [ORDERBOOK] Processing Mkt Data Update
13:00:19.516 [main] INFO  c.o.v.MutatingRemoveAllMarketDataOrdersVisitor - [ORDERBOOK] Removing market data order:MktData(price=43,quantity=134)
13:00:19.516 [main] DEBUG c.orderbook.OrderBook - [ORDERBOOK] ASK: Adding orderMktData(price=43,quantity=134)
13:00:19.516 [main] INFO  c.o.visitor.MutatingAddOrderVisitor - [ORDERBOOK] + Limit(side=BUY,orderId=16,price=43,quantity=2195456)
13:00:19.516 [main] DEBUG c.orderbook.OrderBook - [ORDERBOOK] ASK: Adding orderMktData(price=76,quantity=145)
13:00:19.516 [main] DEBUG c.orderbook.OrderBook - [ORDERBOOK] ASK: Adding orderMktData(price=91,quantity=300)
13:00:19.516 [main] DEBUG c.orderbook.OrderBook - [ORDERBOOK] ASK: Adding orderMktData(price=93,quantity=200)
13:00:19.516 [main] DEBUG c.orderbook.OrderBook - [ORDERBOOK] ASK: Adding orderMktData(price=95,quantity=100)
13:00:19.516 [main] DEBUG c.orderbook.OrderBook - [ORDERBOOK] ASK: Adding orderMktData(price=98,quantity=154)
13:00:19.516 [main] INFO  c.o.v.MutatingMatchOneMarketDataOrderVisitor - [ORDERBOOK] visiting LevelOrderBookLevel(price=43,quantity=4264014)
13:00:19.516 [main] INFO  c.o.v.MutatingMatchOneMarketDataOrderVisitor - [ORDERBOOK] Can't match order:Limit(side=BUY,orderId=3,price=43,quantity=268)(MktData(price=98,quantity=154))
13:00:19.516 [main] INFO  c.o.v.MutatingMatchOneMarketDataOrderVisitor - [ORDERBOOK] Can't match order:Limit(side=BUY,orderId=5,price=43,quantity=1072)(MktData(price=98,quantity=154))
13:00:19.516 [main] INFO  c.o.v.MutatingMatchOneMarketDataOrderVisitor - [ORDERBOOK] Can't match order:Limit(side=BUY,orderId=7,price=43,quantity=4288)(MktData(price=98,quantity=154))
13:00:19.516 [main] INFO  c.o.v.MutatingMatchOneMarketDataOrderVisitor - [ORDERBOOK] Can't match order:Limit(side=BUY,orderId=9,price=43,quantity=17152)(MktData(price=98,quantity=154))
13:00:19.516 [main] INFO  c.o.v.MutatingMatchOneMarketDataOrderVisitor - [ORDERBOOK] Can't match order:Limit(side=BUY,orderId=11,price=43,quantity=68608)(MktData(price=98,quantity=154))
13:00:19.516 [main] INFO  c.o.v.MutatingMatchOneMarketDataOrderVisitor - [ORDERBOOK] Can't match order:Limit(side=BUY,orderId=12,price=43,quantity=137216)(MktData(price=98,quantity=154))
13:00:19.516 [main] INFO  c.o.v.MutatingMatchOneMarketDataOrderVisitor - [ORDERBOOK] Can't match order:Limit(side=BUY,orderId=13,price=43,quantity=274432)(MktData(price=98,quantity=154))
13:00:19.516 [main] INFO  c.o.v.MutatingMatchOneMarketDataOrderVisitor - [ORDERBOOK] Can't match order:Limit(side=BUY,orderId=14,price=43,quantity=548864)(MktData(price=98,quantity=154))
13:00:19.516 [main] INFO  c.o.v.MutatingMatchOneMarketDataOrderVisitor - [ORDERBOOK] Can't match order:Limit(side=BUY,orderId=15,price=43,quantity=1097728)(MktData(price=98,quantity=154))
13:00:19.516 [main] INFO  c.o.v.MutatingMatchOneMarketDataOrderVisitor - [ORDERBOOK] Can't match order:Limit(side=BUY,orderId=16,price=43,quantity=2195456)(MktData(price=98,quantity=154))
13:00:19.516 [main] INFO  c.o.v.MutatingMatchOneMarketDataOrderVisitor - [ORDERBOOK] Can't match order:MktData(price=43,quantity=134)(MktData(price=98,quantity=154))
13:00:19.516 [main] INFO  c.o.v.MutatingRemoveAllMarketDataOrdersVisitor - [ORDERBOOK] Removing market data order:MktData(price=98,quantity=501)
13:00:19.516 [main] INFO  c.o.v.MutatingRemoveAllMarketDataOrdersVisitor - [ORDERBOOK] Removing market data order:MktData(price=110,quantity=5000)
13:00:19.516 [main] INFO  c.o.v.MutatingRemoveAllMarketDataOrdersVisitor - [ORDERBOOK] Removing market data order:MktData(price=123,quantity=453)
13:00:19.516 [main] INFO  c.o.v.MutatingRemoveAllMarketDataOrdersVisitor - [ORDERBOOK] Removing market data order:MktData(price=167,quantity=665)
13:00:19.516 [main] DEBUG c.orderbook.OrderBook - [ORDERBOOK] ASK: Adding orderMktData(price=98,quantity=501)
13:00:19.516 [main] INFO  c.o.visitor.MutatingAddOrderVisitor - [ORDERBOOK] + Limit(side=SELL,orderId=17,price=98,quantity=501)
13:00:19.516 [main] DEBUG c.orderbook.OrderBook - [ORDERBOOK] ASK: Adding orderMktData(price=101,quantity=200)
13:00:19.516 [main] DEBUG c.orderbook.OrderBook - [ORDERBOOK] ASK: Adding orderMktData(price=110,quantity=5000)
13:00:19.516 [main] DEBUG c.orderbook.OrderBook - [ORDERBOOK] ASK: Adding orderMktData(price=119,quantity=5600)
13:00:19.516 [main] DEBUG c.orderbook.OrderBook - [ORDERBOOK] ASK: Adding orderMktData(price=123,quantity=453)
13:00:19.516 [main] DEBUG c.orderbook.OrderBook - [ORDERBOOK] ASK: Adding orderMktData(price=144,quantity=645)
13:00:19.516 [main] DEBUG c.orderbook.OrderBook - [ORDERBOOK] ASK: Adding orderMktData(price=167,quantity=665)
13:00:19.516 [main] DEBUG c.service.MarketDataService - [ALGO] BID: price:43 quantity:134
13:00:19.516 [main] DEBUG c.service.MarketDataService - [ALGO] BID: price:76 quantity:145
13:00:19.516 [main] DEBUG c.service.MarketDataService - [ALGO] BID: price:91 quantity:300
13:00:19.516 [main] DEBUG c.service.MarketDataService - [ALGO] BID: price:93 quantity:200
13:00:19.516 [main] DEBUG c.service.MarketDataService - [ALGO] BID: price:95 quantity:100
13:00:19.516 [main] DEBUG c.service.MarketDataService - [ALGO] BID: price:98 quantity:154
13:00:19.516 [main] DEBUG c.service.MarketDataService - [ALGO] ASK: price:98 quantity:501
13:00:19.516 [main] DEBUG c.service.MarketDataService - [ALGO] ASK: price:101 quantity:200
13:00:19.516 [main] DEBUG c.service.MarketDataService - [ALGO] ASK: price:110 quantity:5000
13:00:19.516 [main] DEBUG c.service.MarketDataService - [ALGO] ASK: price:119 quantity:5600
13:00:19.516 [main] DEBUG c.service.MarketDataService - [ALGO] ASK: price:123 quantity:453
13:00:19.516 [main] DEBUG c.service.MarketDataService - [ALGO] ASK: price:144 quantity:645
13:00:19.516 [main] DEBUG c.service.MarketDataService - [ALGO] ASK: price:167 quantity:665
13:00:19.516 [main] INFO  c.gettingstarted.MyAlgoLogic - [MYALGO] The state of the order book is:
|----BID-----||----ASK----|
    134 @ 43    501 @ 98
    145 @ 76   200 @ 101
    300 @ 91  5000 @ 110
    200 @ 93  5600 @ 119
    100 @ 95   453 @ 123
    154 @ 98   645 @ 144
          -    665 @ 167
|------------||-----------|

13:00:19.516 [main] INFO  c.gettingstarted.MyAlgoLogic - [MYALGO] Algo Sees Book as: 
|----BID-----||----ASK----|
    134 @ 43    501 @ 98
    145 @ 76   200 @ 101
    300 @ 91  5000 @ 110
    200 @ 93  5600 @ 119
    100 @ 95   453 @ 123
    154 @ 98   645 @ 144
          -    665 @ 167
|------------||-----------|

13:00:19.516 [main] INFO  c.gettingstarted.TimedLogic - [TIMEDLOGIC] Market is open
13:00:19.516 [main] INFO  c.sequencer.consumer.LoggingConsumer - [130] 
|----BID-----|
    134 @ 43
    145 @ 76
    300 @ 91
    200 @ 93
    100 @ 95
    154 @ 98
|----ASK-----|
    501 @ 98
   200 @ 101
  5000 @ 110
  5600 @ 119
   453 @ 123
   645 @ 144
   665 @ 167

13:00:19.516 [main] INFO  c.orderbook.OrderBook - [ORDERBOOK] Processing Mkt Data Update
13:00:19.516 [main] INFO  c.o.v.MutatingRemoveAllMarketDataOrdersVisitor - [ORDERBOOK] Removing market data order:MktData(price=43,quantity=134)
13:00:19.516 [main] DEBUG c.orderbook.OrderBook - [ORDERBOOK] ASK: Adding orderMktData(price=43,quantity=134)
13:00:19.516 [main] INFO  c.o.visitor.MutatingAddOrderVisitor - [ORDERBOOK] + Limit(side=BUY,orderId=16,price=43,quantity=2195456)
13:00:19.516 [main] DEBUG c.orderbook.OrderBook - [ORDERBOOK] ASK: Adding orderMktData(price=76,quantity=145)
13:00:19.516 [main] DEBUG c.orderbook.OrderBook - [ORDERBOOK] ASK: Adding orderMktData(price=91,quantity=300)
13:00:19.516 [main] DEBUG c.orderbook.OrderBook - [ORDERBOOK] ASK: Adding orderMktData(price=93,quantity=200)
13:00:19.516 [main] DEBUG c.orderbook.OrderBook - [ORDERBOOK] ASK: Adding orderMktData(price=95,quantity=100)
13:00:19.516 [main] DEBUG c.orderbook.OrderBook - [ORDERBOOK] ASK: Adding orderMktData(price=98,quantity=154)
13:00:19.516 [main] INFO  c.o.v.MutatingMatchOneMarketDataOrderVisitor - [ORDERBOOK] visiting LevelOrderBookLevel(price=43,quantity=4264148)
13:00:19.516 [main] INFO  c.o.v.MutatingMatchOneMarketDataOrderVisitor - [ORDERBOOK] Can't match order:Limit(side=BUY,orderId=3,price=43,quantity=268)(MktData(price=98,quantity=154))
13:00:19.516 [main] INFO  c.o.v.MutatingMatchOneMarketDataOrderVisitor - [ORDERBOOK] Can't match order:Limit(side=BUY,orderId=5,price=43,quantity=1072)(MktData(price=98,quantity=154))
13:00:19.516 [main] INFO  c.o.v.MutatingMatchOneMarketDataOrderVisitor - [ORDERBOOK] Can't match order:Limit(side=BUY,orderId=7,price=43,quantity=4288)(MktData(price=98,quantity=154))
13:00:19.516 [main] INFO  c.o.v.MutatingMatchOneMarketDataOrderVisitor - [ORDERBOOK] Can't match order:Limit(side=BUY,orderId=9,price=43,quantity=17152)(MktData(price=98,quantity=154))
13:00:19.516 [main] INFO  c.o.v.MutatingMatchOneMarketDataOrderVisitor - [ORDERBOOK] Can't match order:Limit(side=BUY,orderId=11,price=43,quantity=68608)(MktData(price=98,quantity=154))
13:00:19.516 [main] INFO  c.o.v.MutatingMatchOneMarketDataOrderVisitor - [ORDERBOOK] Can't match order:Limit(side=BUY,orderId=12,price=43,quantity=137216)(MktData(price=98,quantity=154))
13:00:19.516 [main] INFO  c.o.v.MutatingMatchOneMarketDataOrderVisitor - [ORDERBOOK] Can't match order:Limit(side=BUY,orderId=13,price=43,quantity=274432)(MktData(price=98,quantity=154))
13:00:19.516 [main] INFO  c.o.v.MutatingMatchOneMarketDataOrderVisitor - [ORDERBOOK] Can't match order:Limit(side=BUY,orderId=14,price=43,quantity=548864)(MktData(price=98,quantity=154))
13:00:19.516 [main] INFO  c.o.v.MutatingMatchOneMarketDataOrderVisitor - [ORDERBOOK] Can't match order:Limit(side=BUY,orderId=15,price=43,quantity=1097728)(MktData(price=98,quantity=154))
13:00:19.516 [main] INFO  c.o.v.MutatingMatchOneMarketDataOrderVisitor - [ORDERBOOK] Can't match order:Limit(side=BUY,orderId=16,price=43,quantity=2195456)(MktData(price=98,quantity=154))
13:00:19.516 [main] INFO  c.o.v.MutatingMatchOneMarketDataOrderVisitor - [ORDERBOOK] Can't match order:MktData(price=43,quantity=134)(MktData(price=98,quantity=154))
13:00:19.516 [main] INFO  c.o.v.MutatingRemoveAllMarketDataOrdersVisitor - [ORDERBOOK] Removing market data order:MktData(price=98,quantity=501)
13:00:19.516 [main] INFO  c.o.v.MutatingRemoveAllMarketDataOrdersVisitor - [ORDERBOOK] Removing market data order:MktData(price=110,quantity=5000)
13:00:19.516 [main] INFO  c.o.v.MutatingRemoveAllMarketDataOrdersVisitor - [ORDERBOOK] Removing market data order:MktData(price=123,quantity=453)
13:00:19.516 [main] INFO  c.o.v.MutatingRemoveAllMarketDataOrdersVisitor - [ORDERBOOK] Removing market data order:MktData(price=167,quantity=665)
13:00:19.516 [main] DEBUG c.orderbook.OrderBook - [ORDERBOOK] ASK: Adding orderMktData(price=98,quantity=501)
13:00:19.516 [main] INFO  c.o.visitor.MutatingAddOrderVisitor - [ORDERBOOK] + Limit(side=SELL,orderId=17,price=98,quantity=501)
13:00:19.516 [main] DEBUG c.orderbook.OrderBook - [ORDERBOOK] ASK: Adding orderMktData(price=101,quantity=200)
13:00:19.516 [main] DEBUG c.orderbook.OrderBook - [ORDERBOOK] ASK: Adding orderMktData(price=110,quantity=5000)
13:00:19.516 [main] DEBUG c.orderbook.OrderBook - [ORDERBOOK] ASK: Adding orderMktData(price=119,quantity=5600)
13:00:19.516 [main] DEBUG c.orderbook.OrderBook - [ORDERBOOK] ASK: Adding orderMktData(price=123,quantity=453)
13:00:19.516 [main] DEBUG c.orderbook.OrderBook - [ORDERBOOK] ASK: Adding orderMktData(price=144,quantity=645)
13:00:19.516 [main] DEBUG c.orderbook.OrderBook - [ORDERBOOK] ASK: Adding orderMktData(price=167,quantity=665)
13:00:19.516 [main] DEBUG c.service.MarketDataService - [ALGO] BID: price:43 quantity:134
13:00:19.516 [main] DEBUG c.service.MarketDataService - [ALGO] BID: price:76 quantity:145
13:00:19.516 [main] DEBUG c.service.MarketDataService - [ALGO] BID: price:91 quantity:300
13:00:19.516 [main] DEBUG c.service.MarketDataService - [ALGO] BID: price:93 quantity:200
13:00:19.516 [main] DEBUG c.service.MarketDataService - [ALGO] BID: price:95 quantity:100
13:00:19.516 [main] DEBUG c.service.MarketDataService - [ALGO] BID: price:98 quantity:154
13:00:19.516 [main] DEBUG c.service.MarketDataService - [ALGO] ASK: price:98 quantity:501
13:00:19.516 [main] DEBUG c.service.MarketDataService - [ALGO] ASK: price:101 quantity:200
13:00:19.516 [main] DEBUG c.service.MarketDataService - [ALGO] ASK: price:110 quantity:5000
13:00:19.516 [main] DEBUG c.service.MarketDataService - [ALGO] ASK: price:119 quantity:5600
13:00:19.516 [main] DEBUG c.service.MarketDataService - [ALGO] ASK: price:123 quantity:453
13:00:19.516 [main] DEBUG c.service.MarketDataService - [ALGO] ASK: price:144 quantity:645
13:00:19.516 [main] DEBUG c.service.MarketDataService - [ALGO] ASK: price:167 quantity:665
13:00:19.516 [main] INFO  c.gettingstarted.MyAlgoLogic - [MYALGO] The state of the order book is:
|----BID-----||----ASK----|
    134 @ 43    501 @ 98
    145 @ 76   200 @ 101
    300 @ 91  5000 @ 110
    200 @ 93  5600 @ 119
    100 @ 95   453 @ 123
    154 @ 98   645 @ 144
          -    665 @ 167
|------------||-----------|

13:00:19.516 [main] INFO  c.gettingstarted.MyAlgoLogic - [MYALGO] Algo Sees Book as: 
|----BID-----||----ASK----|
    134 @ 43    501 @ 98
    145 @ 76   200 @ 101
    300 @ 91  5000 @ 110
    200 @ 93  5600 @ 119
    100 @ 95   453 @ 123
    154 @ 98   645 @ 144
          -    665 @ 167
|------------||-----------|

13:00:19.516 [main] INFO  c.gettingstarted.TimedLogic - [TIMEDLOGIC] Market is open
13:00:19.516 [main] INFO  c.sequencer.consumer.LoggingConsumer - [131] 
|----BID-----|
    134 @ 43
    145 @ 76
    300 @ 91
    200 @ 93
    100 @ 95
    154 @ 98
|----ASK-----|
    501 @ 98
   200 @ 101
  5000 @ 110
  5600 @ 119
   453 @ 123
   645 @ 144
   665 @ 167

13:00:19.516 [main] INFO  c.orderbook.OrderBook - [ORDERBOOK] Processing Mkt Data Update
13:00:19.516 [main] INFO  c.o.v.MutatingRemoveAllMarketDataOrdersVisitor - [ORDERBOOK] Removing market data order:MktData(price=43,quantity=134)
13:00:19.516 [main] DEBUG c.orderbook.OrderBook - [ORDERBOOK] ASK: Adding orderMktData(price=43,quantity=134)
13:00:19.516 [main] INFO  c.o.visitor.MutatingAddOrderVisitor - [ORDERBOOK] + Limit(side=BUY,orderId=16,price=43,quantity=2195456)
13:00:19.516 [main] DEBUG c.orderbook.OrderBook - [ORDERBOOK] ASK: Adding orderMktData(price=76,quantity=145)
13:00:19.516 [main] DEBUG c.orderbook.OrderBook - [ORDERBOOK] ASK: Adding orderMktData(price=91,quantity=300)
13:00:19.516 [main] DEBUG c.orderbook.OrderBook - [ORDERBOOK] ASK: Adding orderMktData(price=93,quantity=200)
13:00:19.516 [main] DEBUG c.orderbook.OrderBook - [ORDERBOOK] ASK: Adding orderMktData(price=95,quantity=100)
13:00:19.516 [main] DEBUG c.orderbook.OrderBook - [ORDERBOOK] ASK: Adding orderMktData(price=98,quantity=154)
13:00:19.516 [main] INFO  c.o.v.MutatingMatchOneMarketDataOrderVisitor - [ORDERBOOK] visiting LevelOrderBookLevel(price=43,quantity=4264282)
13:00:19.516 [main] INFO  c.o.v.MutatingMatchOneMarketDataOrderVisitor - [ORDERBOOK] Can't match order:Limit(side=BUY,orderId=3,price=43,quantity=268)(MktData(price=98,quantity=154))
13:00:19.516 [main] INFO  c.o.v.MutatingMatchOneMarketDataOrderVisitor - [ORDERBOOK] Can't match order:Limit(side=BUY,orderId=5,price=43,quantity=1072)(MktData(price=98,quantity=154))
13:00:19.516 [main] INFO  c.o.v.MutatingMatchOneMarketDataOrderVisitor - [ORDERBOOK] Can't match order:Limit(side=BUY,orderId=7,price=43,quantity=4288)(MktData(price=98,quantity=154))
13:00:19.516 [main] INFO  c.o.v.MutatingMatchOneMarketDataOrderVisitor - [ORDERBOOK] Can't match order:Limit(side=BUY,orderId=9,price=43,quantity=17152)(MktData(price=98,quantity=154))
13:00:19.516 [main] INFO  c.o.v.MutatingMatchOneMarketDataOrderVisitor - [ORDERBOOK] Can't match order:Limit(side=BUY,orderId=11,price=43,quantity=68608)(MktData(price=98,quantity=154))
13:00:19.516 [main] INFO  c.o.v.MutatingMatchOneMarketDataOrderVisitor - [ORDERBOOK] Can't match order:Limit(side=BUY,orderId=12,price=43,quantity=137216)(MktData(price=98,quantity=154))
13:00:19.516 [main] INFO  c.o.v.MutatingMatchOneMarketDataOrderVisitor - [ORDERBOOK] Can't match order:Limit(side=BUY,orderId=13,price=43,quantity=274432)(MktData(price=98,quantity=154))
13:00:19.516 [main] INFO  c.o.v.MutatingMatchOneMarketDataOrderVisitor - [ORDERBOOK] Can't match order:Limit(side=BUY,orderId=14,price=43,quantity=548864)(MktData(price=98,quantity=154))
13:00:19.516 [main] INFO  c.o.v.MutatingMatchOneMarketDataOrderVisitor - [ORDERBOOK] Can't match order:Limit(side=BUY,orderId=15,price=43,quantity=1097728)(MktData(price=98,quantity=154))
13:00:19.516 [main] INFO  c.o.v.MutatingMatchOneMarketDataOrderVisitor - [ORDERBOOK] Can't match order:Limit(side=BUY,orderId=16,price=43,quantity=2195456)(MktData(price=98,quantity=154))
13:00:19.516 [main] INFO  c.o.v.MutatingMatchOneMarketDataOrderVisitor - [ORDERBOOK] Can't match order:MktData(price=43,quantity=134)(MktData(price=98,quantity=154))
13:00:19.516 [main] INFO  c.o.v.MutatingRemoveAllMarketDataOrdersVisitor - [ORDERBOOK] Removing market data order:MktData(price=98,quantity=501)
13:00:19.516 [main] INFO  c.o.v.MutatingRemoveAllMarketDataOrdersVisitor - [ORDERBOOK] Removing market data order:MktData(price=110,quantity=5000)
13:00:19.516 [main] INFO  c.o.v.MutatingRemoveAllMarketDataOrdersVisitor - [ORDERBOOK] Removing market data order:MktData(price=123,quantity=453)
13:00:19.516 [main] INFO  c.o.v.MutatingRemoveAllMarketDataOrdersVisitor - [ORDERBOOK] Removing market data order:MktData(price=167,quantity=665)
13:00:19.516 [main] DEBUG c.orderbook.OrderBook - [ORDERBOOK] ASK: Adding orderMktData(price=98,quantity=501)
13:00:19.516 [main] INFO  c.o.visitor.MutatingAddOrderVisitor - [ORDERBOOK] + Limit(side=SELL,orderId=17,price=98,quantity=501)
13:00:19.516 [main] DEBUG c.orderbook.OrderBook - [ORDERBOOK] ASK: Adding orderMktData(price=101,quantity=200)
13:00:19.516 [main] DEBUG c.orderbook.OrderBook - [ORDERBOOK] ASK: Adding orderMktData(price=110,quantity=5000)
13:00:19.516 [main] DEBUG c.orderbook.OrderBook - [ORDERBOOK] ASK: Adding orderMktData(price=119,quantity=5600)
13:00:19.516 [main] DEBUG c.orderbook.OrderBook - [ORDERBOOK] ASK: Adding orderMktData(price=123,quantity=453)
13:00:19.516 [main] DEBUG c.orderbook.OrderBook - [ORDERBOOK] ASK: Adding orderMktData(price=144,quantity=645)
13:00:19.516 [main] DEBUG c.orderbook.OrderBook - [ORDERBOOK] ASK: Adding orderMktData(price=167,quantity=665)
13:00:19.516 [main] DEBUG c.service.MarketDataService - [ALGO] BID: price:43 quantity:134
13:00:19.516 [main] DEBUG c.service.MarketDataService - [ALGO] BID: price:76 quantity:145
13:00:19.516 [main] DEBUG c.service.MarketDataService - [ALGO] BID: price:91 quantity:300
13:00:19.516 [main] DEBUG c.service.MarketDataService - [ALGO] BID: price:93 quantity:200
13:00:19.516 [main] DEBUG c.service.MarketDataService - [ALGO] BID: price:95 quantity:100
13:00:19.516 [main] DEBUG c.service.MarketDataService - [ALGO] BID: price:98 quantity:154
13:00:19.516 [main] DEBUG c.service.MarketDataService - [ALGO] ASK: price:98 quantity:501
13:00:19.516 [main] DEBUG c.service.MarketDataService - [ALGO] ASK: price:101 quantity:200
13:00:19.516 [main] DEBUG c.service.MarketDataService - [ALGO] ASK: price:110 quantity:5000
13:00:19.516 [main] DEBUG c.service.MarketDataService - [ALGO] ASK: price:119 quantity:5600
13:00:19.516 [main] DEBUG c.service.MarketDataService - [ALGO] ASK: price:123 quantity:453
13:00:19.516 [main] DEBUG c.service.MarketDataService - [ALGO] ASK: price:144 quantity:645
13:00:19.516 [main] DEBUG c.service.MarketDataService - [ALGO] ASK: price:167 quantity:665
13:00:19.516 [main] INFO  c.gettingstarted.MyAlgoLogic - [MYALGO] The state of the order book is:
|----BID-----||----ASK----|
    134 @ 43    501 @ 98
    145 @ 76   200 @ 101
    300 @ 91  5000 @ 110
    200 @ 93  5600 @ 119
    100 @ 95   453 @ 123
    154 @ 98   645 @ 144
          -    665 @ 167
|------------||-----------|

13:00:19.516 [main] INFO  c.gettingstarted.MyAlgoLogic - [MYALGO] Algo Sees Book as: 
|----BID-----||----ASK----|
    134 @ 43    501 @ 98
    145 @ 76   200 @ 101
    300 @ 91  5000 @ 110
    200 @ 93  5600 @ 119
    100 @ 95   453 @ 123
    154 @ 98   645 @ 144
          -    665 @ 167
|------------||-----------|

13:00:19.516 [main] INFO  c.gettingstarted.TimedLogic - [TIMEDLOGIC] Market is open
13:00:19.516 [main] INFO  c.sequencer.consumer.LoggingConsumer - [132] 
|----BID-----|
    134 @ 43
    145 @ 76
    300 @ 91
    200 @ 93
    100 @ 95
    154 @ 98
|----ASK-----|
    501 @ 98
   200 @ 101
  5000 @ 110
  5600 @ 119
   453 @ 123
   645 @ 144
   665 @ 167

13:00:19.516 [main] INFO  c.orderbook.OrderBook - [ORDERBOOK] Processing Mkt Data Update
13:00:19.516 [main] INFO  c.o.v.MutatingRemoveAllMarketDataOrdersVisitor - [ORDERBOOK] Removing market data order:MktData(price=43,quantity=134)
13:00:19.516 [main] DEBUG c.orderbook.OrderBook - [ORDERBOOK] ASK: Adding orderMktData(price=43,quantity=134)
13:00:19.516 [main] INFO  c.o.visitor.MutatingAddOrderVisitor - [ORDERBOOK] + Limit(side=BUY,orderId=16,price=43,quantity=2195456)
13:00:19.516 [main] DEBUG c.orderbook.OrderBook - [ORDERBOOK] ASK: Adding orderMktData(price=76,quantity=145)
13:00:19.516 [main] DEBUG c.orderbook.OrderBook - [ORDERBOOK] ASK: Adding orderMktData(price=91,quantity=300)
13:00:19.516 [main] DEBUG c.orderbook.OrderBook - [ORDERBOOK] ASK: Adding orderMktData(price=93,quantity=200)
13:00:19.516 [main] DEBUG c.orderbook.OrderBook - [ORDERBOOK] ASK: Adding orderMktData(price=95,quantity=100)
13:00:19.516 [main] DEBUG c.orderbook.OrderBook - [ORDERBOOK] ASK: Adding orderMktData(price=98,quantity=154)
13:00:19.516 [main] INFO  c.o.v.MutatingMatchOneMarketDataOrderVisitor - [ORDERBOOK] visiting LevelOrderBookLevel(price=43,quantity=4264416)
13:00:19.516 [main] INFO  c.o.v.MutatingMatchOneMarketDataOrderVisitor - [ORDERBOOK] Can't match order:Limit(side=BUY,orderId=3,price=43,quantity=268)(MktData(price=98,quantity=154))
13:00:19.516 [main] INFO  c.o.v.MutatingMatchOneMarketDataOrderVisitor - [ORDERBOOK] Can't match order:Limit(side=BUY,orderId=5,price=43,quantity=1072)(MktData(price=98,quantity=154))
13:00:19.516 [main] INFO  c.o.v.MutatingMatchOneMarketDataOrderVisitor - [ORDERBOOK] Can't match order:Limit(side=BUY,orderId=7,price=43,quantity=4288)(MktData(price=98,quantity=154))
13:00:19.516 [main] INFO  c.o.v.MutatingMatchOneMarketDataOrderVisitor - [ORDERBOOK] Can't match order:Limit(side=BUY,orderId=9,price=43,quantity=17152)(MktData(price=98,quantity=154))
13:00:19.516 [main] INFO  c.o.v.MutatingMatchOneMarketDataOrderVisitor - [ORDERBOOK] Can't match order:Limit(side=BUY,orderId=11,price=43,quantity=68608)(MktData(price=98,quantity=154))
13:00:19.516 [main] INFO  c.o.v.MutatingMatchOneMarketDataOrderVisitor - [ORDERBOOK] Can't match order:Limit(side=BUY,orderId=12,price=43,quantity=137216)(MktData(price=98,quantity=154))
13:00:19.516 [main] INFO  c.o.v.MutatingMatchOneMarketDataOrderVisitor - [ORDERBOOK] Can't match order:Limit(side=BUY,orderId=13,price=43,quantity=274432)(MktData(price=98,quantity=154))
13:00:19.516 [main] INFO  c.o.v.MutatingMatchOneMarketDataOrderVisitor - [ORDERBOOK] Can't match order:Limit(side=BUY,orderId=14,price=43,quantity=548864)(MktData(price=98,quantity=154))
13:00:19.516 [main] INFO  c.o.v.MutatingMatchOneMarketDataOrderVisitor - [ORDERBOOK] Can't match order:Limit(side=BUY,orderId=15,price=43,quantity=1097728)(MktData(price=98,quantity=154))
13:00:19.516 [main] INFO  c.o.v.MutatingMatchOneMarketDataOrderVisitor - [ORDERBOOK] Can't match order:Limit(side=BUY,orderId=16,price=43,quantity=2195456)(MktData(price=98,quantity=154))
13:00:19.516 [main] INFO  c.o.v.MutatingMatchOneMarketDataOrderVisitor - [ORDERBOOK] Can't match order:MktData(price=43,quantity=134)(MktData(price=98,quantity=154))
13:00:19.516 [main] INFO  c.o.v.MutatingRemoveAllMarketDataOrdersVisitor - [ORDERBOOK] Removing market data order:MktData(price=98,quantity=501)
13:00:19.516 [main] INFO  c.o.v.MutatingRemoveAllMarketDataOrdersVisitor - [ORDERBOOK] Removing market data order:MktData(price=110,quantity=5000)
13:00:19.516 [main] INFO  c.o.v.MutatingRemoveAllMarketDataOrdersVisitor - [ORDERBOOK] Removing market data order:MktData(price=123,quantity=453)
13:00:19.516 [main] INFO  c.o.v.MutatingRemoveAllMarketDataOrdersVisitor - [ORDERBOOK] Removing market data order:MktData(price=167,quantity=665)
13:00:19.516 [main] DEBUG c.orderbook.OrderBook - [ORDERBOOK] ASK: Adding orderMktData(price=98,quantity=501)
13:00:19.516 [main] INFO  c.o.visitor.MutatingAddOrderVisitor - [ORDERBOOK] + Limit(side=SELL,orderId=17,price=98,quantity=501)
13:00:19.516 [main] DEBUG c.orderbook.OrderBook - [ORDERBOOK] ASK: Adding orderMktData(price=101,quantity=200)
13:00:19.516 [main] DEBUG c.orderbook.OrderBook - [ORDERBOOK] ASK: Adding orderMktData(price=110,quantity=5000)
13:00:19.516 [main] DEBUG c.orderbook.OrderBook - [ORDERBOOK] ASK: Adding orderMktData(price=119,quantity=5600)
13:00:19.516 [main] DEBUG c.orderbook.OrderBook - [ORDERBOOK] ASK: Adding orderMktData(price=123,quantity=453)
13:00:19.516 [main] DEBUG c.orderbook.OrderBook - [ORDERBOOK] ASK: Adding orderMktData(price=144,quantity=645)
13:00:19.516 [main] DEBUG c.orderbook.OrderBook - [ORDERBOOK] ASK: Adding orderMktData(price=167,quantity=665)
13:00:19.516 [main] DEBUG c.service.MarketDataService - [ALGO] BID: price:43 quantity:134
13:00:19.516 [main] DEBUG c.service.MarketDataService - [ALGO] BID: price:76 quantity:145
13:00:19.516 [main] DEBUG c.service.MarketDataService - [ALGO] BID: price:91 quantity:300
13:00:19.516 [main] DEBUG c.service.MarketDataService - [ALGO] BID: price:93 quantity:200
13:00:19.516 [main] DEBUG c.service.MarketDataService - [ALGO] BID: price:95 quantity:100
13:00:19.516 [main] DEBUG c.service.MarketDataService - [ALGO] BID: price:98 quantity:154
13:00:19.516 [main] DEBUG c.service.MarketDataService - [ALGO] ASK: price:98 quantity:501
13:00:19.516 [main] DEBUG c.service.MarketDataService - [ALGO] ASK: price:101 quantity:200
13:00:19.516 [main] DEBUG c.service.MarketDataService - [ALGO] ASK: price:110 quantity:5000
13:00:19.516 [main] DEBUG c.service.MarketDataService - [ALGO] ASK: price:119 quantity:5600
13:00:19.516 [main] DEBUG c.service.MarketDataService - [ALGO] ASK: price:123 quantity:453
13:00:19.516 [main] DEBUG c.service.MarketDataService - [ALGO] ASK: price:144 quantity:645
13:00:19.516 [main] DEBUG c.service.MarketDataService - [ALGO] ASK: price:167 quantity:665
13:00:19.516 [main] INFO  c.gettingstarted.MyAlgoLogic - [MYALGO] The state of the order book is:
|----BID-----||----ASK----|
    134 @ 43    501 @ 98
    145 @ 76   200 @ 101
    300 @ 91  5000 @ 110
    200 @ 93  5600 @ 119
    100 @ 95   453 @ 123
    154 @ 98   645 @ 144
          -    665 @ 167
|------------||-----------|

13:00:19.516 [main] INFO  c.gettingstarted.MyAlgoLogic - [MYALGO] Algo Sees Book as: 
|----BID-----||----ASK----|
    134 @ 43    501 @ 98
    145 @ 76   200 @ 101
    300 @ 91  5000 @ 110
    200 @ 93  5600 @ 119
    100 @ 95   453 @ 123
    154 @ 98   645 @ 144
          -    665 @ 167
|------------||-----------|

13:00:19.516 [main] INFO  c.gettingstarted.TimedLogic - [TIMEDLOGIC] Market is open
13:00:19.516 [main] INFO  c.sequencer.consumer.LoggingConsumer - [133] 
|----BID-----|
    134 @ 43
    145 @ 76
    300 @ 91
    200 @ 93
    100 @ 95
    154 @ 98
|----ASK-----|
    501 @ 98
   200 @ 101
  5000 @ 110
  5600 @ 119
   453 @ 123
   645 @ 144
   665 @ 167

13:00:19.516 [main] INFO  c.orderbook.OrderBook - [ORDERBOOK] Processing Mkt Data Update
13:00:19.516 [main] INFO  c.o.v.MutatingRemoveAllMarketDataOrdersVisitor - [ORDERBOOK] Removing market data order:MktData(price=43,quantity=134)
13:00:19.516 [main] DEBUG c.orderbook.OrderBook - [ORDERBOOK] ASK: Adding orderMktData(price=43,quantity=134)
13:00:19.516 [main] INFO  c.o.visitor.MutatingAddOrderVisitor - [ORDERBOOK] + Limit(side=BUY,orderId=16,price=43,quantity=2195456)
13:00:19.516 [main] DEBUG c.orderbook.OrderBook - [ORDERBOOK] ASK: Adding orderMktData(price=76,quantity=145)
13:00:19.516 [main] DEBUG c.orderbook.OrderBook - [ORDERBOOK] ASK: Adding orderMktData(price=91,quantity=300)
13:00:19.516 [main] DEBUG c.orderbook.OrderBook - [ORDERBOOK] ASK: Adding orderMktData(price=93,quantity=200)
13:00:19.516 [main] DEBUG c.orderbook.OrderBook - [ORDERBOOK] ASK: Adding orderMktData(price=95,quantity=100)
13:00:19.516 [main] DEBUG c.orderbook.OrderBook - [ORDERBOOK] ASK: Adding orderMktData(price=98,quantity=154)
13:00:19.516 [main] INFO  c.o.v.MutatingMatchOneMarketDataOrderVisitor - [ORDERBOOK] visiting LevelOrderBookLevel(price=43,quantity=4264550)
13:00:19.516 [main] INFO  c.o.v.MutatingMatchOneMarketDataOrderVisitor - [ORDERBOOK] Can't match order:Limit(side=BUY,orderId=3,price=43,quantity=268)(MktData(price=98,quantity=154))
13:00:19.516 [main] INFO  c.o.v.MutatingMatchOneMarketDataOrderVisitor - [ORDERBOOK] Can't match order:Limit(side=BUY,orderId=5,price=43,quantity=1072)(MktData(price=98,quantity=154))
13:00:19.516 [main] INFO  c.o.v.MutatingMatchOneMarketDataOrderVisitor - [ORDERBOOK] Can't match order:Limit(side=BUY,orderId=7,price=43,quantity=4288)(MktData(price=98,quantity=154))
13:00:19.516 [main] INFO  c.o.v.MutatingMatchOneMarketDataOrderVisitor - [ORDERBOOK] Can't match order:Limit(side=BUY,orderId=9,price=43,quantity=17152)(MktData(price=98,quantity=154))
13:00:19.516 [main] INFO  c.o.v.MutatingMatchOneMarketDataOrderVisitor - [ORDERBOOK] Can't match order:Limit(side=BUY,orderId=11,price=43,quantity=68608)(MktData(price=98,quantity=154))
13:00:19.516 [main] INFO  c.o.v.MutatingMatchOneMarketDataOrderVisitor - [ORDERBOOK] Can't match order:Limit(side=BUY,orderId=12,price=43,quantity=137216)(MktData(price=98,quantity=154))
13:00:19.516 [main] INFO  c.o.v.MutatingMatchOneMarketDataOrderVisitor - [ORDERBOOK] Can't match order:Limit(side=BUY,orderId=13,price=43,quantity=274432)(MktData(price=98,quantity=154))
13:00:19.516 [main] INFO  c.o.v.MutatingMatchOneMarketDataOrderVisitor - [ORDERBOOK] Can't match order:Limit(side=BUY,orderId=14,price=43,quantity=548864)(MktData(price=98,quantity=154))
13:00:19.516 [main] INFO  c.o.v.MutatingMatchOneMarketDataOrderVisitor - [ORDERBOOK] Can't match order:Limit(side=BUY,orderId=15,price=43,quantity=1097728)(MktData(price=98,quantity=154))
13:00:19.516 [main] INFO  c.o.v.MutatingMatchOneMarketDataOrderVisitor - [ORDERBOOK] Can't match order:Limit(side=BUY,orderId=16,price=43,quantity=2195456)(MktData(price=98,quantity=154))
13:00:19.516 [main] INFO  c.o.v.MutatingMatchOneMarketDataOrderVisitor - [ORDERBOOK] Can't match order:MktData(price=43,quantity=134)(MktData(price=98,quantity=154))
13:00:19.516 [main] INFO  c.o.v.MutatingRemoveAllMarketDataOrdersVisitor - [ORDERBOOK] Removing market data order:MktData(price=98,quantity=501)
13:00:19.516 [main] INFO  c.o.v.MutatingRemoveAllMarketDataOrdersVisitor - [ORDERBOOK] Removing market data order:MktData(price=110,quantity=5000)
13:00:19.516 [main] INFO  c.o.v.MutatingRemoveAllMarketDataOrdersVisitor - [ORDERBOOK] Removing market data order:MktData(price=123,quantity=453)
13:00:19.516 [main] INFO  c.o.v.MutatingRemoveAllMarketDataOrdersVisitor - [ORDERBOOK] Removing market data order:MktData(price=167,quantity=665)
13:00:19.516 [main] DEBUG c.orderbook.OrderBook - [ORDERBOOK] ASK: Adding orderMktData(price=98,quantity=501)
13:00:19.516 [main] INFO  c.o.visitor.MutatingAddOrderVisitor - [ORDERBOOK] + Limit(side=SELL,orderId=17,price=98,quantity=501)
13:00:19.516 [main] DEBUG c.orderbook.OrderBook - [ORDERBOOK] ASK: Adding orderMktData(price=101,quantity=200)
13:00:19.516 [main] DEBUG c.orderbook.OrderBook - [ORDERBOOK] ASK: Adding orderMktData(price=110,quantity=5000)
13:00:19.516 [main] DEBUG c.orderbook.OrderBook - [ORDERBOOK] ASK: Adding orderMktData(price=119,quantity=5600)
13:00:19.516 [main] DEBUG c.orderbook.OrderBook - [ORDERBOOK] ASK: Adding orderMktData(price=123,quantity=453)
13:00:19.516 [main] DEBUG c.orderbook.OrderBook - [ORDERBOOK] ASK: Adding orderMktData(price=144,quantity=645)
13:00:19.516 [main] DEBUG c.orderbook.OrderBook - [ORDERBOOK] ASK: Adding orderMktData(price=167,quantity=665)
13:00:19.516 [main] DEBUG c.service.MarketDataService - [ALGO] BID: price:43 quantity:134
13:00:19.516 [main] DEBUG c.service.MarketDataService - [ALGO] BID: price:76 quantity:145
13:00:19.516 [main] DEBUG c.service.MarketDataService - [ALGO] BID: price:91 quantity:300
13:00:19.516 [main] DEBUG c.service.MarketDataService - [ALGO] BID: price:93 quantity:200
13:00:19.516 [main] DEBUG c.service.MarketDataService - [ALGO] BID: price:95 quantity:100
13:00:19.516 [main] DEBUG c.service.MarketDataService - [ALGO] BID: price:98 quantity:154
13:00:19.516 [main] DEBUG c.service.MarketDataService - [ALGO] ASK: price:98 quantity:501
13:00:19.516 [main] DEBUG c.service.MarketDataService - [ALGO] ASK: price:101 quantity:200
13:00:19.516 [main] DEBUG c.service.MarketDataService - [ALGO] ASK: price:110 quantity:5000
13:00:19.516 [main] DEBUG c.service.MarketDataService - [ALGO] ASK: price:119 quantity:5600
13:00:19.516 [main] DEBUG c.service.MarketDataService - [ALGO] ASK: price:123 quantity:453
13:00:19.516 [main] DEBUG c.service.MarketDataService - [ALGO] ASK: price:144 quantity:645
13:00:19.516 [main] DEBUG c.service.MarketDataService - [ALGO] ASK: price:167 quantity:665
13:00:19.516 [main] INFO  c.gettingstarted.MyAlgoLogic - [MYALGO] The state of the order book is:
|----BID-----||----ASK----|
    134 @ 43    501 @ 98
    145 @ 76   200 @ 101
    300 @ 91  5000 @ 110
    200 @ 93  5600 @ 119
    100 @ 95   453 @ 123
    154 @ 98   645 @ 144
          -    665 @ 167
|------------||-----------|

13:00:19.516 [main] INFO  c.gettingstarted.MyAlgoLogic - [MYALGO] Algo Sees Book as: 
|----BID-----||----ASK----|
    134 @ 43    501 @ 98
    145 @ 76   200 @ 101
    300 @ 91  5000 @ 110
    200 @ 93  5600 @ 119
    100 @ 95   453 @ 123
    154 @ 98   645 @ 144
          -    665 @ 167
|------------||-----------|

13:00:19.516 [main] INFO  c.gettingstarted.TimedLogic - [TIMEDLOGIC] Market is open
13:00:19.516 [main] INFO  c.sequencer.consumer.LoggingConsumer - [134] 
|----BID-----|
    134 @ 43
    145 @ 76
    300 @ 91
    200 @ 93
    100 @ 95
    154 @ 98
|----ASK-----|
    501 @ 98
   200 @ 101
  5000 @ 110
  5600 @ 119
   453 @ 123
   645 @ 144
   665 @ 167

13:00:19.516 [main] INFO  c.orderbook.OrderBook - [ORDERBOOK] Processing Mkt Data Update
13:00:19.516 [main] INFO  c.o.v.MutatingRemoveAllMarketDataOrdersVisitor - [ORDERBOOK] Removing market data order:MktData(price=43,quantity=134)
13:00:19.516 [main] DEBUG c.orderbook.OrderBook - [ORDERBOOK] ASK: Adding orderMktData(price=43,quantity=134)
13:00:19.516 [main] INFO  c.o.visitor.MutatingAddOrderVisitor - [ORDERBOOK] + Limit(side=BUY,orderId=16,price=43,quantity=2195456)
13:00:19.516 [main] DEBUG c.orderbook.OrderBook - [ORDERBOOK] ASK: Adding orderMktData(price=76,quantity=145)
13:00:19.516 [main] DEBUG c.orderbook.OrderBook - [ORDERBOOK] ASK: Adding orderMktData(price=91,quantity=300)
13:00:19.516 [main] DEBUG c.orderbook.OrderBook - [ORDERBOOK] ASK: Adding orderMktData(price=93,quantity=200)
13:00:19.516 [main] DEBUG c.orderbook.OrderBook - [ORDERBOOK] ASK: Adding orderMktData(price=95,quantity=100)
13:00:19.516 [main] DEBUG c.orderbook.OrderBook - [ORDERBOOK] ASK: Adding orderMktData(price=98,quantity=154)
13:00:19.516 [main] INFO  c.o.v.MutatingMatchOneMarketDataOrderVisitor - [ORDERBOOK] visiting LevelOrderBookLevel(price=43,quantity=4264684)
13:00:19.516 [main] INFO  c.o.v.MutatingMatchOneMarketDataOrderVisitor - [ORDERBOOK] Can't match order:Limit(side=BUY,orderId=3,price=43,quantity=268)(MktData(price=98,quantity=154))
13:00:19.516 [main] INFO  c.o.v.MutatingMatchOneMarketDataOrderVisitor - [ORDERBOOK] Can't match order:Limit(side=BUY,orderId=5,price=43,quantity=1072)(MktData(price=98,quantity=154))
13:00:19.516 [main] INFO  c.o.v.MutatingMatchOneMarketDataOrderVisitor - [ORDERBOOK] Can't match order:Limit(side=BUY,orderId=7,price=43,quantity=4288)(MktData(price=98,quantity=154))
13:00:19.516 [main] INFO  c.o.v.MutatingMatchOneMarketDataOrderVisitor - [ORDERBOOK] Can't match order:Limit(side=BUY,orderId=9,price=43,quantity=17152)(MktData(price=98,quantity=154))
13:00:19.516 [main] INFO  c.o.v.MutatingMatchOneMarketDataOrderVisitor - [ORDERBOOK] Can't match order:Limit(side=BUY,orderId=11,price=43,quantity=68608)(MktData(price=98,quantity=154))
13:00:19.516 [main] INFO  c.o.v.MutatingMatchOneMarketDataOrderVisitor - [ORDERBOOK] Can't match order:Limit(side=BUY,orderId=12,price=43,quantity=137216)(MktData(price=98,quantity=154))
13:00:19.516 [main] INFO  c.o.v.MutatingMatchOneMarketDataOrderVisitor - [ORDERBOOK] Can't match order:Limit(side=BUY,orderId=13,price=43,quantity=274432)(MktData(price=98,quantity=154))
13:00:19.516 [main] INFO  c.o.v.MutatingMatchOneMarketDataOrderVisitor - [ORDERBOOK] Can't match order:Limit(side=BUY,orderId=14,price=43,quantity=548864)(MktData(price=98,quantity=154))
13:00:19.516 [main] INFO  c.o.v.MutatingMatchOneMarketDataOrderVisitor - [ORDERBOOK] Can't match order:Limit(side=BUY,orderId=15,price=43,quantity=1097728)(MktData(price=98,quantity=154))
13:00:19.516 [main] INFO  c.o.v.MutatingMatchOneMarketDataOrderVisitor - [ORDERBOOK] Can't match order:Limit(side=BUY,orderId=16,price=43,quantity=2195456)(MktData(price=98,quantity=154))
13:00:19.516 [main] INFO  c.o.v.MutatingMatchOneMarketDataOrderVisitor - [ORDERBOOK] Can't match order:MktData(price=43,quantity=134)(MktData(price=98,quantity=154))
13:00:19.516 [main] INFO  c.o.v.MutatingRemoveAllMarketDataOrdersVisitor - [ORDERBOOK] Removing market data order:MktData(price=98,quantity=501)
13:00:19.516 [main] INFO  c.o.v.MutatingRemoveAllMarketDataOrdersVisitor - [ORDERBOOK] Removing market data order:MktData(price=110,quantity=5000)
13:00:19.516 [main] INFO  c.o.v.MutatingRemoveAllMarketDataOrdersVisitor - [ORDERBOOK] Removing market data order:MktData(price=123,quantity=453)
13:00:19.516 [main] INFO  c.o.v.MutatingRemoveAllMarketDataOrdersVisitor - [ORDERBOOK] Removing market data order:MktData(price=167,quantity=665)
13:00:19.516 [main] DEBUG c.orderbook.OrderBook - [ORDERBOOK] ASK: Adding orderMktData(price=98,quantity=501)
13:00:19.516 [main] INFO  c.o.visitor.MutatingAddOrderVisitor - [ORDERBOOK] + Limit(side=SELL,orderId=17,price=98,quantity=501)
13:00:19.516 [main] DEBUG c.orderbook.OrderBook - [ORDERBOOK] ASK: Adding orderMktData(price=101,quantity=200)
13:00:19.516 [main] DEBUG c.orderbook.OrderBook - [ORDERBOOK] ASK: Adding orderMktData(price=110,quantity=5000)
13:00:19.516 [main] DEBUG c.orderbook.OrderBook - [ORDERBOOK] ASK: Adding orderMktData(price=119,quantity=5600)
13:00:19.516 [main] DEBUG c.orderbook.OrderBook - [ORDERBOOK] ASK: Adding orderMktData(price=123,quantity=453)
13:00:19.516 [main] DEBUG c.orderbook.OrderBook - [ORDERBOOK] ASK: Adding orderMktData(price=144,quantity=645)
13:00:19.516 [main] DEBUG c.orderbook.OrderBook - [ORDERBOOK] ASK: Adding orderMktData(price=167,quantity=665)
13:00:19.516 [main] DEBUG c.service.MarketDataService - [ALGO] BID: price:43 quantity:134
13:00:19.516 [main] DEBUG c.service.MarketDataService - [ALGO] BID: price:76 quantity:145
13:00:19.516 [main] DEBUG c.service.MarketDataService - [ALGO] BID: price:91 quantity:300
13:00:19.516 [main] DEBUG c.service.MarketDataService - [ALGO] BID: price:93 quantity:200
13:00:19.516 [main] DEBUG c.service.MarketDataService - [ALGO] BID: price:95 quantity:100
13:00:19.516 [main] DEBUG c.service.MarketDataService - [ALGO] BID: price:98 quantity:154
13:00:19.516 [main] DEBUG c.service.MarketDataService - [ALGO] ASK: price:98 quantity:501
13:00:19.516 [main] DEBUG c.service.MarketDataService - [ALGO] ASK: price:101 quantity:200
13:00:19.516 [main] DEBUG c.service.MarketDataService - [ALGO] ASK: price:110 quantity:5000
13:00:19.516 [main] DEBUG c.service.MarketDataService - [ALGO] ASK: price:119 quantity:5600
13:00:19.516 [main] DEBUG c.service.MarketDataService - [ALGO] ASK: price:123 quantity:453
13:00:19.516 [main] DEBUG c.service.MarketDataService - [ALGO] ASK: price:144 quantity:645
13:00:19.516 [main] DEBUG c.service.MarketDataService - [ALGO] ASK: price:167 quantity:665
13:00:19.516 [main] INFO  c.gettingstarted.MyAlgoLogic - [MYALGO] The state of the order book is:
|----BID-----||----ASK----|
    134 @ 43    501 @ 98
    145 @ 76   200 @ 101
    300 @ 91  5000 @ 110
    200 @ 93  5600 @ 119
    100 @ 95   453 @ 123
    154 @ 98   645 @ 144
          -    665 @ 167
|------------||-----------|

13:00:19.516 [main] INFO  c.gettingstarted.MyAlgoLogic - [MYALGO] Algo Sees Book as: 
|----BID-----||----ASK----|
    134 @ 43    501 @ 98
    145 @ 76   200 @ 101
    300 @ 91  5000 @ 110
    200 @ 93  5600 @ 119
    100 @ 95   453 @ 123
    154 @ 98   645 @ 144
          -    665 @ 167
|------------||-----------|

13:00:19.516 [main] INFO  c.gettingstarted.TimedLogic - [TIMEDLOGIC] Market is open
13:00:19.516 [main] INFO  c.sequencer.consumer.LoggingConsumer - [135] 
|----BID-----|
    134 @ 43
    145 @ 76
    300 @ 91
    200 @ 93
    100 @ 95
    154 @ 98
|----ASK-----|
    501 @ 98
   200 @ 101
  5000 @ 110
  5600 @ 119
   453 @ 123
   645 @ 144
   665 @ 167

13:00:19.516 [main] INFO  c.orderbook.OrderBook - [ORDERBOOK] Processing Mkt Data Update
13:00:19.516 [main] INFO  c.o.v.MutatingRemoveAllMarketDataOrdersVisitor - [ORDERBOOK] Removing market data order:MktData(price=43,quantity=134)
13:00:19.516 [main] DEBUG c.orderbook.OrderBook - [ORDERBOOK] ASK: Adding orderMktData(price=43,quantity=134)
13:00:19.516 [main] INFO  c.o.visitor.MutatingAddOrderVisitor - [ORDERBOOK] + Limit(side=BUY,orderId=16,price=43,quantity=2195456)
13:00:19.516 [main] DEBUG c.orderbook.OrderBook - [ORDERBOOK] ASK: Adding orderMktData(price=76,quantity=145)
13:00:19.516 [main] DEBUG c.orderbook.OrderBook - [ORDERBOOK] ASK: Adding orderMktData(price=91,quantity=300)
13:00:19.516 [main] DEBUG c.orderbook.OrderBook - [ORDERBOOK] ASK: Adding orderMktData(price=93,quantity=200)
13:00:19.516 [main] DEBUG c.orderbook.OrderBook - [ORDERBOOK] ASK: Adding orderMktData(price=95,quantity=100)
13:00:19.516 [main] DEBUG c.orderbook.OrderBook - [ORDERBOOK] ASK: Adding orderMktData(price=98,quantity=154)
13:00:19.516 [main] INFO  c.o.v.MutatingMatchOneMarketDataOrderVisitor - [ORDERBOOK] visiting LevelOrderBookLevel(price=43,quantity=4264818)
13:00:19.516 [main] INFO  c.o.v.MutatingMatchOneMarketDataOrderVisitor - [ORDERBOOK] Can't match order:Limit(side=BUY,orderId=3,price=43,quantity=268)(MktData(price=98,quantity=154))
13:00:19.516 [main] INFO  c.o.v.MutatingMatchOneMarketDataOrderVisitor - [ORDERBOOK] Can't match order:Limit(side=BUY,orderId=5,price=43,quantity=1072)(MktData(price=98,quantity=154))
13:00:19.516 [main] INFO  c.o.v.MutatingMatchOneMarketDataOrderVisitor - [ORDERBOOK] Can't match order:Limit(side=BUY,orderId=7,price=43,quantity=4288)(MktData(price=98,quantity=154))
13:00:19.516 [main] INFO  c.o.v.MutatingMatchOneMarketDataOrderVisitor - [ORDERBOOK] Can't match order:Limit(side=BUY,orderId=9,price=43,quantity=17152)(MktData(price=98,quantity=154))
13:00:19.516 [main] INFO  c.o.v.MutatingMatchOneMarketDataOrderVisitor - [ORDERBOOK] Can't match order:Limit(side=BUY,orderId=11,price=43,quantity=68608)(MktData(price=98,quantity=154))
13:00:19.516 [main] INFO  c.o.v.MutatingMatchOneMarketDataOrderVisitor - [ORDERBOOK] Can't match order:Limit(side=BUY,orderId=12,price=43,quantity=137216)(MktData(price=98,quantity=154))
13:00:19.516 [main] INFO  c.o.v.MutatingMatchOneMarketDataOrderVisitor - [ORDERBOOK] Can't match order:Limit(side=BUY,orderId=13,price=43,quantity=274432)(MktData(price=98,quantity=154))
13:00:19.516 [main] INFO  c.o.v.MutatingMatchOneMarketDataOrderVisitor - [ORDERBOOK] Can't match order:Limit(side=BUY,orderId=14,price=43,quantity=548864)(MktData(price=98,quantity=154))
13:00:19.516 [main] INFO  c.o.v.MutatingMatchOneMarketDataOrderVisitor - [ORDERBOOK] Can't match order:Limit(side=BUY,orderId=15,price=43,quantity=1097728)(MktData(price=98,quantity=154))
13:00:19.516 [main] INFO  c.o.v.MutatingMatchOneMarketDataOrderVisitor - [ORDERBOOK] Can't match order:Limit(side=BUY,orderId=16,price=43,quantity=2195456)(MktData(price=98,quantity=154))
13:00:19.516 [main] INFO  c.o.v.MutatingMatchOneMarketDataOrderVisitor - [ORDERBOOK] Can't match order:MktData(price=43,quantity=134)(MktData(price=98,quantity=154))
13:00:19.516 [main] INFO  c.o.v.MutatingRemoveAllMarketDataOrdersVisitor - [ORDERBOOK] Removing market data order:MktData(price=98,quantity=501)
13:00:19.516 [main] INFO  c.o.v.MutatingRemoveAllMarketDataOrdersVisitor - [ORDERBOOK] Removing market data order:MktData(price=110,quantity=5000)
13:00:19.516 [main] INFO  c.o.v.MutatingRemoveAllMarketDataOrdersVisitor - [ORDERBOOK] Removing market data order:MktData(price=123,quantity=453)
13:00:19.516 [main] INFO  c.o.v.MutatingRemoveAllMarketDataOrdersVisitor - [ORDERBOOK] Removing market data order:MktData(price=167,quantity=665)
13:00:19.516 [main] DEBUG c.orderbook.OrderBook - [ORDERBOOK] ASK: Adding orderMktData(price=98,quantity=501)
13:00:19.516 [main] INFO  c.o.visitor.MutatingAddOrderVisitor - [ORDERBOOK] + Limit(side=SELL,orderId=17,price=98,quantity=501)
13:00:19.516 [main] DEBUG c.orderbook.OrderBook - [ORDERBOOK] ASK: Adding orderMktData(price=101,quantity=200)
13:00:19.516 [main] DEBUG c.orderbook.OrderBook - [ORDERBOOK] ASK: Adding orderMktData(price=110,quantity=5000)
13:00:19.516 [main] DEBUG c.orderbook.OrderBook - [ORDERBOOK] ASK: Adding orderMktData(price=119,quantity=5600)
13:00:19.516 [main] DEBUG c.orderbook.OrderBook - [ORDERBOOK] ASK: Adding orderMktData(price=123,quantity=453)
13:00:19.516 [main] DEBUG c.orderbook.OrderBook - [ORDERBOOK] ASK: Adding orderMktData(price=144,quantity=645)
13:00:19.516 [main] DEBUG c.orderbook.OrderBook - [ORDERBOOK] ASK: Adding orderMktData(price=167,quantity=665)
13:00:19.516 [main] DEBUG c.service.MarketDataService - [ALGO] BID: price:43 quantity:134
13:00:19.516 [main] DEBUG c.service.MarketDataService - [ALGO] BID: price:76 quantity:145
13:00:19.516 [main] DEBUG c.service.MarketDataService - [ALGO] BID: price:91 quantity:300
13:00:19.516 [main] DEBUG c.service.MarketDataService - [ALGO] BID: price:93 quantity:200
13:00:19.516 [main] DEBUG c.service.MarketDataService - [ALGO] BID: price:95 quantity:100
13:00:19.516 [main] DEBUG c.service.MarketDataService - [ALGO] BID: price:98 quantity:154
13:00:19.516 [main] DEBUG c.service.MarketDataService - [ALGO] ASK: price:98 quantity:501
13:00:19.516 [main] DEBUG c.service.MarketDataService - [ALGO] ASK: price:101 quantity:200
13:00:19.516 [main] DEBUG c.service.MarketDataService - [ALGO] ASK: price:110 quantity:5000
13:00:19.516 [main] DEBUG c.service.MarketDataService - [ALGO] ASK: price:119 quantity:5600
13:00:19.516 [main] DEBUG c.service.MarketDataService - [ALGO] ASK: price:123 quantity:453
13:00:19.516 [main] DEBUG c.service.MarketDataService - [ALGO] ASK: price:144 quantity:645
13:00:19.516 [main] DEBUG c.service.MarketDataService - [ALGO] ASK: price:167 quantity:665
13:00:19.516 [main] INFO  c.gettingstarted.MyAlgoLogic - [MYALGO] The state of the order book is:
|----BID-----||----ASK----|
    134 @ 43    501 @ 98
    145 @ 76   200 @ 101
    300 @ 91  5000 @ 110
    200 @ 93  5600 @ 119
    100 @ 95   453 @ 123
    154 @ 98   645 @ 144
          -    665 @ 167
|------------||-----------|

13:00:19.516 [main] INFO  c.gettingstarted.MyAlgoLogic - [MYALGO] Algo Sees Book as: 
|----BID-----||----ASK----|
    134 @ 43    501 @ 98
    145 @ 76   200 @ 101
    300 @ 91  5000 @ 110
    200 @ 93  5600 @ 119
    100 @ 95   453 @ 123
    154 @ 98   645 @ 144
          -    665 @ 167
|------------||-----------|

13:00:19.516 [main] INFO  c.gettingstarted.TimedLogic - [TIMEDLOGIC] Market is open
13:00:19.516 [main] INFO  c.sequencer.consumer.LoggingConsumer - [136] 
|----BID-----|
    134 @ 43
    145 @ 76
    300 @ 91
    200 @ 93
    100 @ 95
    154 @ 98
|----ASK-----|
    501 @ 98
   200 @ 101
  5000 @ 110
  5600 @ 119
   453 @ 123
   645 @ 144
   665 @ 167

13:00:19.516 [main] INFO  c.orderbook.OrderBook - [ORDERBOOK] Processing Mkt Data Update
13:00:19.516 [main] INFO  c.o.v.MutatingRemoveAllMarketDataOrdersVisitor - [ORDERBOOK] Removing market data order:MktData(price=43,quantity=134)
13:00:19.516 [main] DEBUG c.orderbook.OrderBook - [ORDERBOOK] ASK: Adding orderMktData(price=43,quantity=134)
13:00:19.516 [main] INFO  c.o.visitor.MutatingAddOrderVisitor - [ORDERBOOK] + Limit(side=BUY,orderId=16,price=43,quantity=2195456)
13:00:19.516 [main] DEBUG c.orderbook.OrderBook - [ORDERBOOK] ASK: Adding orderMktData(price=76,quantity=145)
13:00:19.516 [main] DEBUG c.orderbook.OrderBook - [ORDERBOOK] ASK: Adding orderMktData(price=91,quantity=300)
13:00:19.516 [main] DEBUG c.orderbook.OrderBook - [ORDERBOOK] ASK: Adding orderMktData(price=93,quantity=200)
13:00:19.516 [main] DEBUG c.orderbook.OrderBook - [ORDERBOOK] ASK: Adding orderMktData(price=95,quantity=100)
13:00:19.516 [main] DEBUG c.orderbook.OrderBook - [ORDERBOOK] ASK: Adding orderMktData(price=98,quantity=154)
13:00:19.516 [main] INFO  c.o.v.MutatingMatchOneMarketDataOrderVisitor - [ORDERBOOK] visiting LevelOrderBookLevel(price=43,quantity=4264952)
13:00:19.516 [main] INFO  c.o.v.MutatingMatchOneMarketDataOrderVisitor - [ORDERBOOK] Can't match order:Limit(side=BUY,orderId=3,price=43,quantity=268)(MktData(price=98,quantity=154))
13:00:19.516 [main] INFO  c.o.v.MutatingMatchOneMarketDataOrderVisitor - [ORDERBOOK] Can't match order:Limit(side=BUY,orderId=5,price=43,quantity=1072)(MktData(price=98,quantity=154))
13:00:19.516 [main] INFO  c.o.v.MutatingMatchOneMarketDataOrderVisitor - [ORDERBOOK] Can't match order:Limit(side=BUY,orderId=7,price=43,quantity=4288)(MktData(price=98,quantity=154))
13:00:19.516 [main] INFO  c.o.v.MutatingMatchOneMarketDataOrderVisitor - [ORDERBOOK] Can't match order:Limit(side=BUY,orderId=9,price=43,quantity=17152)(MktData(price=98,quantity=154))
13:00:19.516 [main] INFO  c.o.v.MutatingMatchOneMarketDataOrderVisitor - [ORDERBOOK] Can't match order:Limit(side=BUY,orderId=11,price=43,quantity=68608)(MktData(price=98,quantity=154))
13:00:19.516 [main] INFO  c.o.v.MutatingMatchOneMarketDataOrderVisitor - [ORDERBOOK] Can't match order:Limit(side=BUY,orderId=12,price=43,quantity=137216)(MktData(price=98,quantity=154))
13:00:19.516 [main] INFO  c.o.v.MutatingMatchOneMarketDataOrderVisitor - [ORDERBOOK] Can't match order:Limit(side=BUY,orderId=13,price=43,quantity=274432)(MktData(price=98,quantity=154))
13:00:19.516 [main] INFO  c.o.v.MutatingMatchOneMarketDataOrderVisitor - [ORDERBOOK] Can't match order:Limit(side=BUY,orderId=14,price=43,quantity=548864)(MktData(price=98,quantity=154))
13:00:19.516 [main] INFO  c.o.v.MutatingMatchOneMarketDataOrderVisitor - [ORDERBOOK] Can't match order:Limit(side=BUY,orderId=15,price=43,quantity=1097728)(MktData(price=98,quantity=154))
13:00:19.516 [main] INFO  c.o.v.MutatingMatchOneMarketDataOrderVisitor - [ORDERBOOK] Can't match order:Limit(side=BUY,orderId=16,price=43,quantity=2195456)(MktData(price=98,quantity=154))
13:00:19.516 [main] INFO  c.o.v.MutatingMatchOneMarketDataOrderVisitor - [ORDERBOOK] Can't match order:MktData(price=43,quantity=134)(MktData(price=98,quantity=154))
13:00:19.516 [main] INFO  c.o.v.MutatingRemoveAllMarketDataOrdersVisitor - [ORDERBOOK] Removing market data order:MktData(price=98,quantity=501)
13:00:19.516 [main] INFO  c.o.v.MutatingRemoveAllMarketDataOrdersVisitor - [ORDERBOOK] Removing market data order:MktData(price=110,quantity=5000)
13:00:19.516 [main] INFO  c.o.v.MutatingRemoveAllMarketDataOrdersVisitor - [ORDERBOOK] Removing market data order:MktData(price=123,quantity=453)
13:00:19.516 [main] INFO  c.o.v.MutatingRemoveAllMarketDataOrdersVisitor - [ORDERBOOK] Removing market data order:MktData(price=167,quantity=665)
13:00:19.516 [main] DEBUG c.orderbook.OrderBook - [ORDERBOOK] ASK: Adding orderMktData(price=98,quantity=501)
13:00:19.516 [main] INFO  c.o.visitor.MutatingAddOrderVisitor - [ORDERBOOK] + Limit(side=SELL,orderId=17,price=98,quantity=501)
13:00:19.516 [main] DEBUG c.orderbook.OrderBook - [ORDERBOOK] ASK: Adding orderMktData(price=101,quantity=200)
13:00:19.516 [main] DEBUG c.orderbook.OrderBook - [ORDERBOOK] ASK: Adding orderMktData(price=110,quantity=5000)
13:00:19.516 [main] DEBUG c.orderbook.OrderBook - [ORDERBOOK] ASK: Adding orderMktData(price=119,quantity=5600)
13:00:19.516 [main] DEBUG c.orderbook.OrderBook - [ORDERBOOK] ASK: Adding orderMktData(price=123,quantity=453)
13:00:19.516 [main] DEBUG c.orderbook.OrderBook - [ORDERBOOK] ASK: Adding orderMktData(price=144,quantity=645)
13:00:19.516 [main] DEBUG c.orderbook.OrderBook - [ORDERBOOK] ASK: Adding orderMktData(price=167,quantity=665)
13:00:19.516 [main] DEBUG c.service.MarketDataService - [ALGO] BID: price:43 quantity:134
13:00:19.516 [main] DEBUG c.service.MarketDataService - [ALGO] BID: price:76 quantity:145
13:00:19.516 [main] DEBUG c.service.MarketDataService - [ALGO] BID: price:91 quantity:300
13:00:19.516 [main] DEBUG c.service.MarketDataService - [ALGO] BID: price:93 quantity:200
13:00:19.516 [main] DEBUG c.service.MarketDataService - [ALGO] BID: price:95 quantity:100
13:00:19.516 [main] DEBUG c.service.MarketDataService - [ALGO] BID: price:98 quantity:154
13:00:19.516 [main] DEBUG c.service.MarketDataService - [ALGO] ASK: price:98 quantity:501
13:00:19.516 [main] DEBUG c.service.MarketDataService - [ALGO] ASK: price:101 quantity:200
13:00:19.516 [main] DEBUG c.service.MarketDataService - [ALGO] ASK: price:110 quantity:5000
13:00:19.516 [main] DEBUG c.service.MarketDataService - [ALGO] ASK: price:119 quantity:5600
13:00:19.516 [main] DEBUG c.service.MarketDataService - [ALGO] ASK: price:123 quantity:453
13:00:19.516 [main] DEBUG c.service.MarketDataService - [ALGO] ASK: price:144 quantity:645
13:00:19.516 [main] DEBUG c.service.MarketDataService - [ALGO] ASK: price:167 quantity:665
13:00:19.516 [main] INFO  c.gettingstarted.MyAlgoLogic - [MYALGO] The state of the order book is:
|----BID-----||----ASK----|
    134 @ 43    501 @ 98
    145 @ 76   200 @ 101
    300 @ 91  5000 @ 110
    200 @ 93  5600 @ 119
    100 @ 95   453 @ 123
    154 @ 98   645 @ 144
          -    665 @ 167
|------------||-----------|

13:00:19.516 [main] INFO  c.gettingstarted.MyAlgoLogic - [MYALGO] Algo Sees Book as: 
|----BID-----||----ASK----|
    134 @ 43    501 @ 98
    145 @ 76   200 @ 101
    300 @ 91  5000 @ 110
    200 @ 93  5600 @ 119
    100 @ 95   453 @ 123
    154 @ 98   645 @ 144
          -    665 @ 167
|------------||-----------|

13:00:19.516 [main] INFO  c.gettingstarted.TimedLogic - [TIMEDLOGIC] Market is open
13:00:19.516 [main] INFO  c.sequencer.consumer.LoggingConsumer - [137] 
|----BID-----|
    134 @ 43
    145 @ 76
    300 @ 91
    200 @ 93
    100 @ 95
    154 @ 98
|----ASK-----|
    501 @ 98
   200 @ 101
  5000 @ 110
  5600 @ 119
   453 @ 123
   645 @ 144
   665 @ 167

13:00:19.516 [main] INFO  c.orderbook.OrderBook - [ORDERBOOK] Processing Mkt Data Update
13:00:19.516 [main] INFO  c.o.v.MutatingRemoveAllMarketDataOrdersVisitor - [ORDERBOOK] Removing market data order:MktData(price=43,quantity=134)
13:00:19.516 [main] DEBUG c.orderbook.OrderBook - [ORDERBOOK] ASK: Adding orderMktData(price=43,quantity=134)
13:00:19.516 [main] INFO  c.o.visitor.MutatingAddOrderVisitor - [ORDERBOOK] + Limit(side=BUY,orderId=16,price=43,quantity=2195456)
13:00:19.516 [main] DEBUG c.orderbook.OrderBook - [ORDERBOOK] ASK: Adding orderMktData(price=76,quantity=145)
13:00:19.516 [main] DEBUG c.orderbook.OrderBook - [ORDERBOOK] ASK: Adding orderMktData(price=91,quantity=300)
13:00:19.516 [main] DEBUG c.orderbook.OrderBook - [ORDERBOOK] ASK: Adding orderMktData(price=93,quantity=200)
13:00:19.516 [main] DEBUG c.orderbook.OrderBook - [ORDERBOOK] ASK: Adding orderMktData(price=95,quantity=100)
13:00:19.516 [main] DEBUG c.orderbook.OrderBook - [ORDERBOOK] ASK: Adding orderMktData(price=98,quantity=154)
13:00:19.516 [main] INFO  c.o.v.MutatingMatchOneMarketDataOrderVisitor - [ORDERBOOK] visiting LevelOrderBookLevel(price=43,quantity=4265086)
13:00:19.516 [main] INFO  c.o.v.MutatingMatchOneMarketDataOrderVisitor - [ORDERBOOK] Can't match order:Limit(side=BUY,orderId=3,price=43,quantity=268)(MktData(price=98,quantity=154))
13:00:19.516 [main] INFO  c.o.v.MutatingMatchOneMarketDataOrderVisitor - [ORDERBOOK] Can't match order:Limit(side=BUY,orderId=5,price=43,quantity=1072)(MktData(price=98,quantity=154))
13:00:19.516 [main] INFO  c.o.v.MutatingMatchOneMarketDataOrderVisitor - [ORDERBOOK] Can't match order:Limit(side=BUY,orderId=7,price=43,quantity=4288)(MktData(price=98,quantity=154))
13:00:19.516 [main] INFO  c.o.v.MutatingMatchOneMarketDataOrderVisitor - [ORDERBOOK] Can't match order:Limit(side=BUY,orderId=9,price=43,quantity=17152)(MktData(price=98,quantity=154))
13:00:19.516 [main] INFO  c.o.v.MutatingMatchOneMarketDataOrderVisitor - [ORDERBOOK] Can't match order:Limit(side=BUY,orderId=11,price=43,quantity=68608)(MktData(price=98,quantity=154))
13:00:19.516 [main] INFO  c.o.v.MutatingMatchOneMarketDataOrderVisitor - [ORDERBOOK] Can't match order:Limit(side=BUY,orderId=12,price=43,quantity=137216)(MktData(price=98,quantity=154))
13:00:19.516 [main] INFO  c.o.v.MutatingMatchOneMarketDataOrderVisitor - [ORDERBOOK] Can't match order:Limit(side=BUY,orderId=13,price=43,quantity=274432)(MktData(price=98,quantity=154))
13:00:19.516 [main] INFO  c.o.v.MutatingMatchOneMarketDataOrderVisitor - [ORDERBOOK] Can't match order:Limit(side=BUY,orderId=14,price=43,quantity=548864)(MktData(price=98,quantity=154))
13:00:19.516 [main] INFO  c.o.v.MutatingMatchOneMarketDataOrderVisitor - [ORDERBOOK] Can't match order:Limit(side=BUY,orderId=15,price=43,quantity=1097728)(MktData(price=98,quantity=154))
13:00:19.516 [main] INFO  c.o.v.MutatingMatchOneMarketDataOrderVisitor - [ORDERBOOK] Can't match order:Limit(side=BUY,orderId=16,price=43,quantity=2195456)(MktData(price=98,quantity=154))
13:00:19.516 [main] INFO  c.o.v.MutatingMatchOneMarketDataOrderVisitor - [ORDERBOOK] Can't match order:MktData(price=43,quantity=134)(MktData(price=98,quantity=154))
13:00:19.516 [main] INFO  c.o.v.MutatingRemoveAllMarketDataOrdersVisitor - [ORDERBOOK] Removing market data order:MktData(price=98,quantity=501)
13:00:19.516 [main] INFO  c.o.v.MutatingRemoveAllMarketDataOrdersVisitor - [ORDERBOOK] Removing market data order:MktData(price=110,quantity=5000)
13:00:19.516 [main] INFO  c.o.v.MutatingRemoveAllMarketDataOrdersVisitor - [ORDERBOOK] Removing market data order:MktData(price=123,quantity=453)
13:00:19.516 [main] INFO  c.o.v.MutatingRemoveAllMarketDataOrdersVisitor - [ORDERBOOK] Removing market data order:MktData(price=167,quantity=665)
13:00:19.516 [main] DEBUG c.orderbook.OrderBook - [ORDERBOOK] ASK: Adding orderMktData(price=98,quantity=501)
13:00:19.516 [main] INFO  c.o.visitor.MutatingAddOrderVisitor - [ORDERBOOK] + Limit(side=SELL,orderId=17,price=98,quantity=501)
13:00:19.516 [main] DEBUG c.orderbook.OrderBook - [ORDERBOOK] ASK: Adding orderMktData(price=101,quantity=200)
13:00:19.516 [main] DEBUG c.orderbook.OrderBook - [ORDERBOOK] ASK: Adding orderMktData(price=110,quantity=5000)
13:00:19.516 [main] DEBUG c.orderbook.OrderBook - [ORDERBOOK] ASK: Adding orderMktData(price=119,quantity=5600)
13:00:19.516 [main] DEBUG c.orderbook.OrderBook - [ORDERBOOK] ASK: Adding orderMktData(price=123,quantity=453)
13:00:19.516 [main] DEBUG c.orderbook.OrderBook - [ORDERBOOK] ASK: Adding orderMktData(price=144,quantity=645)
13:00:19.516 [main] DEBUG c.orderbook.OrderBook - [ORDERBOOK] ASK: Adding orderMktData(price=167,quantity=665)
13:00:19.516 [main] DEBUG c.service.MarketDataService - [ALGO] BID: price:43 quantity:134
13:00:19.516 [main] DEBUG c.service.MarketDataService - [ALGO] BID: price:76 quantity:145
13:00:19.516 [main] DEBUG c.service.MarketDataService - [ALGO] BID: price:91 quantity:300
13:00:19.516 [main] DEBUG c.service.MarketDataService - [ALGO] BID: price:93 quantity:200
13:00:19.516 [main] DEBUG c.service.MarketDataService - [ALGO] BID: price:95 quantity:100
13:00:19.516 [main] DEBUG c.service.MarketDataService - [ALGO] BID: price:98 quantity:154
13:00:19.516 [main] DEBUG c.service.MarketDataService - [ALGO] ASK: price:98 quantity:501
13:00:19.516 [main] DEBUG c.service.MarketDataService - [ALGO] ASK: price:101 quantity:200
13:00:19.516 [main] DEBUG c.service.MarketDataService - [ALGO] ASK: price:110 quantity:5000
13:00:19.516 [main] DEBUG c.service.MarketDataService - [ALGO] ASK: price:119 quantity:5600
13:00:19.516 [main] DEBUG c.service.MarketDataService - [ALGO] ASK: price:123 quantity:453
13:00:19.516 [main] DEBUG c.service.MarketDataService - [ALGO] ASK: price:144 quantity:645
13:00:19.516 [main] DEBUG c.service.MarketDataService - [ALGO] ASK: price:167 quantity:665
13:00:19.516 [main] INFO  c.gettingstarted.MyAlgoLogic - [MYALGO] The state of the order book is:
|----BID-----||----ASK----|
    134 @ 43    501 @ 98
    145 @ 76   200 @ 101
    300 @ 91  5000 @ 110
    200 @ 93  5600 @ 119
    100 @ 95   453 @ 123
    154 @ 98   645 @ 144
          -    665 @ 167
|------------||-----------|

13:00:19.516 [main] INFO  c.gettingstarted.MyAlgoLogic - [MYALGO] Algo Sees Book as: 
|----BID-----||----ASK----|
    134 @ 43    501 @ 98
    145 @ 76   200 @ 101
    300 @ 91  5000 @ 110
    200 @ 93  5600 @ 119
    100 @ 95   453 @ 123
    154 @ 98   645 @ 144
          -    665 @ 167
|------------||-----------|

13:00:19.516 [main] INFO  c.gettingstarted.TimedLogic - [TIMEDLOGIC] Market is open
13:00:19.516 [main] INFO  c.sequencer.consumer.LoggingConsumer - [138] 
|----BID-----|
    134 @ 43
    145 @ 76
    300 @ 91
    200 @ 93
    100 @ 95
    154 @ 98
|----ASK-----|
    501 @ 98
   200 @ 101
  5000 @ 110
  5600 @ 119
   453 @ 123
   645 @ 144
   665 @ 167

13:00:19.516 [main] INFO  c.orderbook.OrderBook - [ORDERBOOK] Processing Mkt Data Update
13:00:19.516 [main] INFO  c.o.v.MutatingRemoveAllMarketDataOrdersVisitor - [ORDERBOOK] Removing market data order:MktData(price=43,quantity=134)
13:00:19.516 [main] DEBUG c.orderbook.OrderBook - [ORDERBOOK] ASK: Adding orderMktData(price=43,quantity=134)
13:00:19.516 [main] INFO  c.o.visitor.MutatingAddOrderVisitor - [ORDERBOOK] + Limit(side=BUY,orderId=16,price=43,quantity=2195456)
13:00:19.516 [main] DEBUG c.orderbook.OrderBook - [ORDERBOOK] ASK: Adding orderMktData(price=76,quantity=145)
13:00:19.516 [main] DEBUG c.orderbook.OrderBook - [ORDERBOOK] ASK: Adding orderMktData(price=91,quantity=300)
13:00:19.516 [main] DEBUG c.orderbook.OrderBook - [ORDERBOOK] ASK: Adding orderMktData(price=93,quantity=200)
13:00:19.516 [main] DEBUG c.orderbook.OrderBook - [ORDERBOOK] ASK: Adding orderMktData(price=95,quantity=100)
13:00:19.516 [main] DEBUG c.orderbook.OrderBook - [ORDERBOOK] ASK: Adding orderMktData(price=98,quantity=154)
13:00:19.516 [main] INFO  c.o.v.MutatingMatchOneMarketDataOrderVisitor - [ORDERBOOK] visiting LevelOrderBookLevel(price=43,quantity=4265220)
13:00:19.516 [main] INFO  c.o.v.MutatingMatchOneMarketDataOrderVisitor - [ORDERBOOK] Can't match order:Limit(side=BUY,orderId=3,price=43,quantity=268)(MktData(price=98,quantity=154))
13:00:19.516 [main] INFO  c.o.v.MutatingMatchOneMarketDataOrderVisitor - [ORDERBOOK] Can't match order:Limit(side=BUY,orderId=5,price=43,quantity=1072)(MktData(price=98,quantity=154))
13:00:19.516 [main] INFO  c.o.v.MutatingMatchOneMarketDataOrderVisitor - [ORDERBOOK] Can't match order:Limit(side=BUY,orderId=7,price=43,quantity=4288)(MktData(price=98,quantity=154))
13:00:19.516 [main] INFO  c.o.v.MutatingMatchOneMarketDataOrderVisitor - [ORDERBOOK] Can't match order:Limit(side=BUY,orderId=9,price=43,quantity=17152)(MktData(price=98,quantity=154))
13:00:19.516 [main] INFO  c.o.v.MutatingMatchOneMarketDataOrderVisitor - [ORDERBOOK] Can't match order:Limit(side=BUY,orderId=11,price=43,quantity=68608)(MktData(price=98,quantity=154))
13:00:19.516 [main] INFO  c.o.v.MutatingMatchOneMarketDataOrderVisitor - [ORDERBOOK] Can't match order:Limit(side=BUY,orderId=12,price=43,quantity=137216)(MktData(price=98,quantity=154))
13:00:19.516 [main] INFO  c.o.v.MutatingMatchOneMarketDataOrderVisitor - [ORDERBOOK] Can't match order:Limit(side=BUY,orderId=13,price=43,quantity=274432)(MktData(price=98,quantity=154))
13:00:19.516 [main] INFO  c.o.v.MutatingMatchOneMarketDataOrderVisitor - [ORDERBOOK] Can't match order:Limit(side=BUY,orderId=14,price=43,quantity=548864)(MktData(price=98,quantity=154))
13:00:19.516 [main] INFO  c.o.v.MutatingMatchOneMarketDataOrderVisitor - [ORDERBOOK] Can't match order:Limit(side=BUY,orderId=15,price=43,quantity=1097728)(MktData(price=98,quantity=154))
13:00:19.516 [main] INFO  c.o.v.MutatingMatchOneMarketDataOrderVisitor - [ORDERBOOK] Can't match order:Limit(side=BUY,orderId=16,price=43,quantity=2195456)(MktData(price=98,quantity=154))
13:00:19.516 [main] INFO  c.o.v.MutatingMatchOneMarketDataOrderVisitor - [ORDERBOOK] Can't match order:MktData(price=43,quantity=134)(MktData(price=98,quantity=154))
13:00:19.516 [main] INFO  c.o.v.MutatingRemoveAllMarketDataOrdersVisitor - [ORDERBOOK] Removing market data order:MktData(price=98,quantity=501)
13:00:19.516 [main] INFO  c.o.v.MutatingRemoveAllMarketDataOrdersVisitor - [ORDERBOOK] Removing market data order:MktData(price=110,quantity=5000)
13:00:19.516 [main] INFO  c.o.v.MutatingRemoveAllMarketDataOrdersVisitor - [ORDERBOOK] Removing market data order:MktData(price=123,quantity=453)
13:00:19.516 [main] INFO  c.o.v.MutatingRemoveAllMarketDataOrdersVisitor - [ORDERBOOK] Removing market data order:MktData(price=167,quantity=665)
13:00:19.516 [main] DEBUG c.orderbook.OrderBook - [ORDERBOOK] ASK: Adding orderMktData(price=98,quantity=501)
13:00:19.516 [main] INFO  c.o.visitor.MutatingAddOrderVisitor - [ORDERBOOK] + Limit(side=SELL,orderId=17,price=98,quantity=501)
13:00:19.516 [main] DEBUG c.orderbook.OrderBook - [ORDERBOOK] ASK: Adding orderMktData(price=101,quantity=200)
13:00:19.516 [main] DEBUG c.orderbook.OrderBook - [ORDERBOOK] ASK: Adding orderMktData(price=110,quantity=5000)
13:00:19.516 [main] DEBUG c.orderbook.OrderBook - [ORDERBOOK] ASK: Adding orderMktData(price=119,quantity=5600)
13:00:19.516 [main] DEBUG c.orderbook.OrderBook - [ORDERBOOK] ASK: Adding orderMktData(price=123,quantity=453)
13:00:19.516 [main] DEBUG c.orderbook.OrderBook - [ORDERBOOK] ASK: Adding orderMktData(price=144,quantity=645)
13:00:19.516 [main] DEBUG c.orderbook.OrderBook - [ORDERBOOK] ASK: Adding orderMktData(price=167,quantity=665)
13:00:19.516 [main] DEBUG c.service.MarketDataService - [ALGO] BID: price:43 quantity:134
13:00:19.516 [main] DEBUG c.service.MarketDataService - [ALGO] BID: price:76 quantity:145
13:00:19.516 [main] DEBUG c.service.MarketDataService - [ALGO] BID: price:91 quantity:300
13:00:19.516 [main] DEBUG c.service.MarketDataService - [ALGO] BID: price:93 quantity:200
13:00:19.516 [main] DEBUG c.service.MarketDataService - [ALGO] BID: price:95 quantity:100
13:00:19.516 [main] DEBUG c.service.MarketDataService - [ALGO] BID: price:98 quantity:154
13:00:19.516 [main] DEBUG c.service.MarketDataService - [ALGO] ASK: price:98 quantity:501
13:00:19.516 [main] DEBUG c.service.MarketDataService - [ALGO] ASK: price:101 quantity:200
13:00:19.516 [main] DEBUG c.service.MarketDataService - [ALGO] ASK: price:110 quantity:5000
13:00:19.516 [main] DEBUG c.service.MarketDataService - [ALGO] ASK: price:119 quantity:5600
13:00:19.516 [main] DEBUG c.service.MarketDataService - [ALGO] ASK: price:123 quantity:453
13:00:19.516 [main] DEBUG c.service.MarketDataService - [ALGO] ASK: price:144 quantity:645
13:00:19.516 [main] DEBUG c.service.MarketDataService - [ALGO] ASK: price:167 quantity:665
13:00:19.516 [main] INFO  c.gettingstarted.MyAlgoLogic - [MYALGO] The state of the order book is:
|----BID-----||----ASK----|
    134 @ 43    501 @ 98
    145 @ 76   200 @ 101
    300 @ 91  5000 @ 110
    200 @ 93  5600 @ 119
    100 @ 95   453 @ 123
    154 @ 98   645 @ 144
          -    665 @ 167
|------------||-----------|

13:00:19.516 [main] INFO  c.gettingstarted.MyAlgoLogic - [MYALGO] Algo Sees Book as: 
|----BID-----||----ASK----|
    134 @ 43    501 @ 98
    145 @ 76   200 @ 101
    300 @ 91  5000 @ 110
    200 @ 93  5600 @ 119
    100 @ 95   453 @ 123
    154 @ 98   645 @ 144
          -    665 @ 167
|------------||-----------|

13:00:19.516 [main] INFO  c.gettingstarted.TimedLogic - [TIMEDLOGIC] Market is open
13:00:19.516 [main] INFO  c.sequencer.consumer.LoggingConsumer - [139] 
|----BID-----|
    134 @ 43
    145 @ 76
    300 @ 91
    200 @ 93
    100 @ 95
    154 @ 98
|----ASK-----|
    501 @ 98
   200 @ 101
  5000 @ 110
  5600 @ 119
   453 @ 123
   645 @ 144
   665 @ 167

13:00:19.516 [main] INFO  c.orderbook.OrderBook - [ORDERBOOK] Processing Mkt Data Update
13:00:19.516 [main] INFO  c.o.v.MutatingRemoveAllMarketDataOrdersVisitor - [ORDERBOOK] Removing market data order:MktData(price=43,quantity=134)
13:00:19.516 [main] DEBUG c.orderbook.OrderBook - [ORDERBOOK] ASK: Adding orderMktData(price=43,quantity=134)
13:00:19.516 [main] INFO  c.o.visitor.MutatingAddOrderVisitor - [ORDERBOOK] + Limit(side=BUY,orderId=16,price=43,quantity=2195456)
13:00:19.516 [main] DEBUG c.orderbook.OrderBook - [ORDERBOOK] ASK: Adding orderMktData(price=76,quantity=145)
13:00:19.516 [main] DEBUG c.orderbook.OrderBook - [ORDERBOOK] ASK: Adding orderMktData(price=91,quantity=300)
13:00:19.516 [main] DEBUG c.orderbook.OrderBook - [ORDERBOOK] ASK: Adding orderMktData(price=93,quantity=200)
13:00:19.516 [main] DEBUG c.orderbook.OrderBook - [ORDERBOOK] ASK: Adding orderMktData(price=95,quantity=100)
13:00:19.516 [main] DEBUG c.orderbook.OrderBook - [ORDERBOOK] ASK: Adding orderMktData(price=98,quantity=154)
13:00:19.516 [main] INFO  c.o.v.MutatingMatchOneMarketDataOrderVisitor - [ORDERBOOK] visiting LevelOrderBookLevel(price=43,quantity=4265354)
13:00:19.516 [main] INFO  c.o.v.MutatingMatchOneMarketDataOrderVisitor - [ORDERBOOK] Can't match order:Limit(side=BUY,orderId=3,price=43,quantity=268)(MktData(price=98,quantity=154))
13:00:19.516 [main] INFO  c.o.v.MutatingMatchOneMarketDataOrderVisitor - [ORDERBOOK] Can't match order:Limit(side=BUY,orderId=5,price=43,quantity=1072)(MktData(price=98,quantity=154))
13:00:19.516 [main] INFO  c.o.v.MutatingMatchOneMarketDataOrderVisitor - [ORDERBOOK] Can't match order:Limit(side=BUY,orderId=7,price=43,quantity=4288)(MktData(price=98,quantity=154))
13:00:19.516 [main] INFO  c.o.v.MutatingMatchOneMarketDataOrderVisitor - [ORDERBOOK] Can't match order:Limit(side=BUY,orderId=9,price=43,quantity=17152)(MktData(price=98,quantity=154))
13:00:19.516 [main] INFO  c.o.v.MutatingMatchOneMarketDataOrderVisitor - [ORDERBOOK] Can't match order:Limit(side=BUY,orderId=11,price=43,quantity=68608)(MktData(price=98,quantity=154))
13:00:19.516 [main] INFO  c.o.v.MutatingMatchOneMarketDataOrderVisitor - [ORDERBOOK] Can't match order:Limit(side=BUY,orderId=12,price=43,quantity=137216)(MktData(price=98,quantity=154))
13:00:19.516 [main] INFO  c.o.v.MutatingMatchOneMarketDataOrderVisitor - [ORDERBOOK] Can't match order:Limit(side=BUY,orderId=13,price=43,quantity=274432)(MktData(price=98,quantity=154))
13:00:19.516 [main] INFO  c.o.v.MutatingMatchOneMarketDataOrderVisitor - [ORDERBOOK] Can't match order:Limit(side=BUY,orderId=14,price=43,quantity=548864)(MktData(price=98,quantity=154))
13:00:19.516 [main] INFO  c.o.v.MutatingMatchOneMarketDataOrderVisitor - [ORDERBOOK] Can't match order:Limit(side=BUY,orderId=15,price=43,quantity=1097728)(MktData(price=98,quantity=154))
13:00:19.516 [main] INFO  c.o.v.MutatingMatchOneMarketDataOrderVisitor - [ORDERBOOK] Can't match order:Limit(side=BUY,orderId=16,price=43,quantity=2195456)(MktData(price=98,quantity=154))
13:00:19.516 [main] INFO  c.o.v.MutatingMatchOneMarketDataOrderVisitor - [ORDERBOOK] Can't match order:MktData(price=43,quantity=134)(MktData(price=98,quantity=154))
13:00:19.516 [main] INFO  c.o.v.MutatingRemoveAllMarketDataOrdersVisitor - [ORDERBOOK] Removing market data order:MktData(price=98,quantity=501)
13:00:19.516 [main] INFO  c.o.v.MutatingRemoveAllMarketDataOrdersVisitor - [ORDERBOOK] Removing market data order:MktData(price=110,quantity=5000)
13:00:19.516 [main] INFO  c.o.v.MutatingRemoveAllMarketDataOrdersVisitor - [ORDERBOOK] Removing market data order:MktData(price=123,quantity=453)
13:00:19.516 [main] INFO  c.o.v.MutatingRemoveAllMarketDataOrdersVisitor - [ORDERBOOK] Removing market data order:MktData(price=167,quantity=665)
13:00:19.516 [main] DEBUG c.orderbook.OrderBook - [ORDERBOOK] ASK: Adding orderMktData(price=98,quantity=501)
13:00:19.516 [main] INFO  c.o.visitor.MutatingAddOrderVisitor - [ORDERBOOK] + Limit(side=SELL,orderId=17,price=98,quantity=501)
13:00:19.516 [main] DEBUG c.orderbook.OrderBook - [ORDERBOOK] ASK: Adding orderMktData(price=101,quantity=200)
13:00:19.516 [main] DEBUG c.orderbook.OrderBook - [ORDERBOOK] ASK: Adding orderMktData(price=110,quantity=5000)
13:00:19.516 [main] DEBUG c.orderbook.OrderBook - [ORDERBOOK] ASK: Adding orderMktData(price=119,quantity=5600)
13:00:19.516 [main] DEBUG c.orderbook.OrderBook - [ORDERBOOK] ASK: Adding orderMktData(price=123,quantity=453)
13:00:19.516 [main] DEBUG c.orderbook.OrderBook - [ORDERBOOK] ASK: Adding orderMktData(price=144,quantity=645)
13:00:19.516 [main] DEBUG c.orderbook.OrderBook - [ORDERBOOK] ASK: Adding orderMktData(price=167,quantity=665)
13:00:19.516 [main] DEBUG c.service.MarketDataService - [ALGO] BID: price:43 quantity:134
13:00:19.516 [main] DEBUG c.service.MarketDataService - [ALGO] BID: price:76 quantity:145
13:00:19.516 [main] DEBUG c.service.MarketDataService - [ALGO] BID: price:91 quantity:300
13:00:19.516 [main] DEBUG c.service.MarketDataService - [ALGO] BID: price:93 quantity:200
13:00:19.516 [main] DEBUG c.service.MarketDataService - [ALGO] BID: price:95 quantity:100
13:00:19.516 [main] DEBUG c.service.MarketDataService - [ALGO] BID: price:98 quantity:154
13:00:19.516 [main] DEBUG c.service.MarketDataService - [ALGO] ASK: price:98 quantity:501
13:00:19.516 [main] DEBUG c.service.MarketDataService - [ALGO] ASK: price:101 quantity:200
13:00:19.516 [main] DEBUG c.service.MarketDataService - [ALGO] ASK: price:110 quantity:5000
13:00:19.516 [main] DEBUG c.service.MarketDataService - [ALGO] ASK: price:119 quantity:5600
13:00:19.516 [main] DEBUG c.service.MarketDataService - [ALGO] ASK: price:123 quantity:453
13:00:19.516 [main] DEBUG c.service.MarketDataService - [ALGO] ASK: price:144 quantity:645
13:00:19.516 [main] DEBUG c.service.MarketDataService - [ALGO] ASK: price:167 quantity:665
13:00:19.532 [main] INFO  c.gettingstarted.MyAlgoLogic - [MYALGO] The state of the order book is:
|----BID-----||----ASK----|
    134 @ 43    501 @ 98
    145 @ 76   200 @ 101
    300 @ 91  5000 @ 110
    200 @ 93  5600 @ 119
    100 @ 95   453 @ 123
    154 @ 98   645 @ 144
          -    665 @ 167
|------------||-----------|

13:00:19.532 [main] INFO  c.gettingstarted.MyAlgoLogic - [MYALGO] Algo Sees Book as: 
|----BID-----||----ASK----|
    134 @ 43    501 @ 98
    145 @ 76   200 @ 101
    300 @ 91  5000 @ 110
    200 @ 93  5600 @ 119
    100 @ 95   453 @ 123
    154 @ 98   645 @ 144
          -    665 @ 167
|------------||-----------|

13:00:19.532 [main] INFO  c.gettingstarted.TimedLogic - [TIMEDLOGIC] Market is open
13:00:19.532 [main] INFO  c.sequencer.consumer.LoggingConsumer - [140] 
|----BID-----|
    134 @ 43
    145 @ 76
    300 @ 91
    200 @ 93
    100 @ 95
    154 @ 98
|----ASK-----|
    501 @ 98
   200 @ 101
  5000 @ 110
  5600 @ 119
   453 @ 123
   645 @ 144
   665 @ 167

13:00:19.532 [main] INFO  c.orderbook.OrderBook - [ORDERBOOK] Processing Mkt Data Update
13:00:19.532 [main] INFO  c.o.v.MutatingRemoveAllMarketDataOrdersVisitor - [ORDERBOOK] Removing market data order:MktData(price=43,quantity=134)
13:00:19.532 [main] DEBUG c.orderbook.OrderBook - [ORDERBOOK] ASK: Adding orderMktData(price=43,quantity=134)
13:00:19.532 [main] INFO  c.o.visitor.MutatingAddOrderVisitor - [ORDERBOOK] + Limit(side=BUY,orderId=16,price=43,quantity=2195456)
13:00:19.532 [main] DEBUG c.orderbook.OrderBook - [ORDERBOOK] ASK: Adding orderMktData(price=76,quantity=145)
13:00:19.532 [main] DEBUG c.orderbook.OrderBook - [ORDERBOOK] ASK: Adding orderMktData(price=91,quantity=300)
13:00:19.532 [main] DEBUG c.orderbook.OrderBook - [ORDERBOOK] ASK: Adding orderMktData(price=93,quantity=200)
13:00:19.532 [main] DEBUG c.orderbook.OrderBook - [ORDERBOOK] ASK: Adding orderMktData(price=95,quantity=100)
13:00:19.532 [main] DEBUG c.orderbook.OrderBook - [ORDERBOOK] ASK: Adding orderMktData(price=98,quantity=154)
13:00:19.532 [main] INFO  c.o.v.MutatingMatchOneMarketDataOrderVisitor - [ORDERBOOK] visiting LevelOrderBookLevel(price=43,quantity=4265488)
13:00:19.532 [main] INFO  c.o.v.MutatingMatchOneMarketDataOrderVisitor - [ORDERBOOK] Can't match order:Limit(side=BUY,orderId=3,price=43,quantity=268)(MktData(price=98,quantity=154))
13:00:19.532 [main] INFO  c.o.v.MutatingMatchOneMarketDataOrderVisitor - [ORDERBOOK] Can't match order:Limit(side=BUY,orderId=5,price=43,quantity=1072)(MktData(price=98,quantity=154))
13:00:19.532 [main] INFO  c.o.v.MutatingMatchOneMarketDataOrderVisitor - [ORDERBOOK] Can't match order:Limit(side=BUY,orderId=7,price=43,quantity=4288)(MktData(price=98,quantity=154))
13:00:19.532 [main] INFO  c.o.v.MutatingMatchOneMarketDataOrderVisitor - [ORDERBOOK] Can't match order:Limit(side=BUY,orderId=9,price=43,quantity=17152)(MktData(price=98,quantity=154))
13:00:19.532 [main] INFO  c.o.v.MutatingMatchOneMarketDataOrderVisitor - [ORDERBOOK] Can't match order:Limit(side=BUY,orderId=11,price=43,quantity=68608)(MktData(price=98,quantity=154))
13:00:19.532 [main] INFO  c.o.v.MutatingMatchOneMarketDataOrderVisitor - [ORDERBOOK] Can't match order:Limit(side=BUY,orderId=12,price=43,quantity=137216)(MktData(price=98,quantity=154))
13:00:19.532 [main] INFO  c.o.v.MutatingMatchOneMarketDataOrderVisitor - [ORDERBOOK] Can't match order:Limit(side=BUY,orderId=13,price=43,quantity=274432)(MktData(price=98,quantity=154))
13:00:19.532 [main] INFO  c.o.v.MutatingMatchOneMarketDataOrderVisitor - [ORDERBOOK] Can't match order:Limit(side=BUY,orderId=14,price=43,quantity=548864)(MktData(price=98,quantity=154))
13:00:19.532 [main] INFO  c.o.v.MutatingMatchOneMarketDataOrderVisitor - [ORDERBOOK] Can't match order:Limit(side=BUY,orderId=15,price=43,quantity=1097728)(MktData(price=98,quantity=154))
13:00:19.532 [main] INFO  c.o.v.MutatingMatchOneMarketDataOrderVisitor - [ORDERBOOK] Can't match order:Limit(side=BUY,orderId=16,price=43,quantity=2195456)(MktData(price=98,quantity=154))
13:00:19.532 [main] INFO  c.o.v.MutatingMatchOneMarketDataOrderVisitor - [ORDERBOOK] Can't match order:MktData(price=43,quantity=134)(MktData(price=98,quantity=154))
13:00:19.532 [main] INFO  c.o.v.MutatingRemoveAllMarketDataOrdersVisitor - [ORDERBOOK] Removing market data order:MktData(price=98,quantity=501)
13:00:19.532 [main] INFO  c.o.v.MutatingRemoveAllMarketDataOrdersVisitor - [ORDERBOOK] Removing market data order:MktData(price=110,quantity=5000)
13:00:19.532 [main] INFO  c.o.v.MutatingRemoveAllMarketDataOrdersVisitor - [ORDERBOOK] Removing market data order:MktData(price=123,quantity=453)
13:00:19.532 [main] INFO  c.o.v.MutatingRemoveAllMarketDataOrdersVisitor - [ORDERBOOK] Removing market data order:MktData(price=167,quantity=665)
13:00:19.532 [main] DEBUG c.orderbook.OrderBook - [ORDERBOOK] ASK: Adding orderMktData(price=98,quantity=501)
13:00:19.532 [main] INFO  c.o.visitor.MutatingAddOrderVisitor - [ORDERBOOK] + Limit(side=SELL,orderId=17,price=98,quantity=501)
13:00:19.532 [main] DEBUG c.orderbook.OrderBook - [ORDERBOOK] ASK: Adding orderMktData(price=101,quantity=200)
13:00:19.532 [main] DEBUG c.orderbook.OrderBook - [ORDERBOOK] ASK: Adding orderMktData(price=110,quantity=5000)
13:00:19.532 [main] DEBUG c.orderbook.OrderBook - [ORDERBOOK] ASK: Adding orderMktData(price=119,quantity=5600)
13:00:19.532 [main] DEBUG c.orderbook.OrderBook - [ORDERBOOK] ASK: Adding orderMktData(price=123,quantity=453)
13:00:19.532 [main] DEBUG c.orderbook.OrderBook - [ORDERBOOK] ASK: Adding orderMktData(price=144,quantity=645)
13:00:19.532 [main] DEBUG c.orderbook.OrderBook - [ORDERBOOK] ASK: Adding orderMktData(price=167,quantity=665)
13:00:19.532 [main] DEBUG c.service.MarketDataService - [ALGO] BID: price:43 quantity:134
13:00:19.532 [main] DEBUG c.service.MarketDataService - [ALGO] BID: price:76 quantity:145
13:00:19.532 [main] DEBUG c.service.MarketDataService - [ALGO] BID: price:91 quantity:300
13:00:19.532 [main] DEBUG c.service.MarketDataService - [ALGO] BID: price:93 quantity:200
13:00:19.532 [main] DEBUG c.service.MarketDataService - [ALGO] BID: price:95 quantity:100
13:00:19.532 [main] DEBUG c.service.MarketDataService - [ALGO] BID: price:98 quantity:154
13:00:19.532 [main] DEBUG c.service.MarketDataService - [ALGO] ASK: price:98 quantity:501
13:00:19.532 [main] DEBUG c.service.MarketDataService - [ALGO] ASK: price:101 quantity:200
13:00:19.532 [main] DEBUG c.service.MarketDataService - [ALGO] ASK: price:110 quantity:5000
13:00:19.532 [main] DEBUG c.service.MarketDataService - [ALGO] ASK: price:119 quantity:5600
13:00:19.532 [main] DEBUG c.service.MarketDataService - [ALGO] ASK: price:123 quantity:453
13:00:19.532 [main] DEBUG c.service.MarketDataService - [ALGO] ASK: price:144 quantity:645
13:00:19.532 [main] DEBUG c.service.MarketDataService - [ALGO] ASK: price:167 quantity:665
13:00:19.532 [main] INFO  c.gettingstarted.MyAlgoLogic - [MYALGO] The state of the order book is:
|----BID-----||----ASK----|
    134 @ 43    501 @ 98
    145 @ 76   200 @ 101
    300 @ 91  5000 @ 110
    200 @ 93  5600 @ 119
    100 @ 95   453 @ 123
    154 @ 98   645 @ 144
          -    665 @ 167
|------------||-----------|

13:00:19.532 [main] INFO  c.gettingstarted.MyAlgoLogic - [MYALGO] Algo Sees Book as: 
|----BID-----||----ASK----|
    134 @ 43    501 @ 98
    145 @ 76   200 @ 101
    300 @ 91  5000 @ 110
    200 @ 93  5600 @ 119
    100 @ 95   453 @ 123
    154 @ 98   645 @ 144
          -    665 @ 167
|------------||-----------|

13:00:19.532 [main] INFO  c.gettingstarted.TimedLogic - [TIMEDLOGIC] Market is open
13:00:19.532 [main] INFO  c.sequencer.consumer.LoggingConsumer - [141] 
|----BID-----|
    134 @ 43
    145 @ 76
    300 @ 91
    200 @ 93
    100 @ 95
    154 @ 98
|----ASK-----|
    501 @ 98
   200 @ 101
  5000 @ 110
  5600 @ 119
   453 @ 123
   645 @ 144
   665 @ 167

13:00:19.532 [main] INFO  c.orderbook.OrderBook - [ORDERBOOK] Processing Mkt Data Update
13:00:19.532 [main] INFO  c.o.v.MutatingRemoveAllMarketDataOrdersVisitor - [ORDERBOOK] Removing market data order:MktData(price=43,quantity=134)
13:00:19.532 [main] DEBUG c.orderbook.OrderBook - [ORDERBOOK] ASK: Adding orderMktData(price=43,quantity=134)
13:00:19.532 [main] INFO  c.o.visitor.MutatingAddOrderVisitor - [ORDERBOOK] + Limit(side=BUY,orderId=16,price=43,quantity=2195456)
13:00:19.532 [main] DEBUG c.orderbook.OrderBook - [ORDERBOOK] ASK: Adding orderMktData(price=76,quantity=145)
13:00:19.532 [main] DEBUG c.orderbook.OrderBook - [ORDERBOOK] ASK: Adding orderMktData(price=91,quantity=300)
13:00:19.532 [main] DEBUG c.orderbook.OrderBook - [ORDERBOOK] ASK: Adding orderMktData(price=93,quantity=200)
13:00:19.532 [main] DEBUG c.orderbook.OrderBook - [ORDERBOOK] ASK: Adding orderMktData(price=95,quantity=100)
13:00:19.532 [main] DEBUG c.orderbook.OrderBook - [ORDERBOOK] ASK: Adding orderMktData(price=98,quantity=154)
13:00:19.532 [main] INFO  c.o.v.MutatingMatchOneMarketDataOrderVisitor - [ORDERBOOK] visiting LevelOrderBookLevel(price=43,quantity=4265622)
13:00:19.532 [main] INFO  c.o.v.MutatingMatchOneMarketDataOrderVisitor - [ORDERBOOK] Can't match order:Limit(side=BUY,orderId=3,price=43,quantity=268)(MktData(price=98,quantity=154))
13:00:19.532 [main] INFO  c.o.v.MutatingMatchOneMarketDataOrderVisitor - [ORDERBOOK] Can't match order:Limit(side=BUY,orderId=5,price=43,quantity=1072)(MktData(price=98,quantity=154))
13:00:19.532 [main] INFO  c.o.v.MutatingMatchOneMarketDataOrderVisitor - [ORDERBOOK] Can't match order:Limit(side=BUY,orderId=7,price=43,quantity=4288)(MktData(price=98,quantity=154))
13:00:19.532 [main] INFO  c.o.v.MutatingMatchOneMarketDataOrderVisitor - [ORDERBOOK] Can't match order:Limit(side=BUY,orderId=9,price=43,quantity=17152)(MktData(price=98,quantity=154))
13:00:19.532 [main] INFO  c.o.v.MutatingMatchOneMarketDataOrderVisitor - [ORDERBOOK] Can't match order:Limit(side=BUY,orderId=11,price=43,quantity=68608)(MktData(price=98,quantity=154))
13:00:19.532 [main] INFO  c.o.v.MutatingMatchOneMarketDataOrderVisitor - [ORDERBOOK] Can't match order:Limit(side=BUY,orderId=12,price=43,quantity=137216)(MktData(price=98,quantity=154))
13:00:19.532 [main] INFO  c.o.v.MutatingMatchOneMarketDataOrderVisitor - [ORDERBOOK] Can't match order:Limit(side=BUY,orderId=13,price=43,quantity=274432)(MktData(price=98,quantity=154))
13:00:19.532 [main] INFO  c.o.v.MutatingMatchOneMarketDataOrderVisitor - [ORDERBOOK] Can't match order:Limit(side=BUY,orderId=14,price=43,quantity=548864)(MktData(price=98,quantity=154))
13:00:19.532 [main] INFO  c.o.v.MutatingMatchOneMarketDataOrderVisitor - [ORDERBOOK] Can't match order:Limit(side=BUY,orderId=15,price=43,quantity=1097728)(MktData(price=98,quantity=154))
13:00:19.532 [main] INFO  c.o.v.MutatingMatchOneMarketDataOrderVisitor - [ORDERBOOK] Can't match order:Limit(side=BUY,orderId=16,price=43,quantity=2195456)(MktData(price=98,quantity=154))
13:00:19.532 [main] INFO  c.o.v.MutatingMatchOneMarketDataOrderVisitor - [ORDERBOOK] Can't match order:MktData(price=43,quantity=134)(MktData(price=98,quantity=154))
13:00:19.532 [main] INFO  c.o.v.MutatingRemoveAllMarketDataOrdersVisitor - [ORDERBOOK] Removing market data order:MktData(price=98,quantity=501)
13:00:19.532 [main] INFO  c.o.v.MutatingRemoveAllMarketDataOrdersVisitor - [ORDERBOOK] Removing market data order:MktData(price=110,quantity=5000)
13:00:19.532 [main] INFO  c.o.v.MutatingRemoveAllMarketDataOrdersVisitor - [ORDERBOOK] Removing market data order:MktData(price=123,quantity=453)
13:00:19.532 [main] INFO  c.o.v.MutatingRemoveAllMarketDataOrdersVisitor - [ORDERBOOK] Removing market data order:MktData(price=167,quantity=665)
13:00:19.532 [main] DEBUG c.orderbook.OrderBook - [ORDERBOOK] ASK: Adding orderMktData(price=98,quantity=501)
13:00:19.532 [main] INFO  c.o.visitor.MutatingAddOrderVisitor - [ORDERBOOK] + Limit(side=SELL,orderId=17,price=98,quantity=501)
13:00:19.532 [main] DEBUG c.orderbook.OrderBook - [ORDERBOOK] ASK: Adding orderMktData(price=101,quantity=200)
13:00:19.532 [main] DEBUG c.orderbook.OrderBook - [ORDERBOOK] ASK: Adding orderMktData(price=110,quantity=5000)
13:00:19.532 [main] DEBUG c.orderbook.OrderBook - [ORDERBOOK] ASK: Adding orderMktData(price=119,quantity=5600)
13:00:19.532 [main] DEBUG c.orderbook.OrderBook - [ORDERBOOK] ASK: Adding orderMktData(price=123,quantity=453)
13:00:19.532 [main] DEBUG c.orderbook.OrderBook - [ORDERBOOK] ASK: Adding orderMktData(price=144,quantity=645)
13:00:19.532 [main] DEBUG c.orderbook.OrderBook - [ORDERBOOK] ASK: Adding orderMktData(price=167,quantity=665)
13:00:19.532 [main] DEBUG c.service.MarketDataService - [ALGO] BID: price:43 quantity:134
13:00:19.532 [main] DEBUG c.service.MarketDataService - [ALGO] BID: price:76 quantity:145
13:00:19.532 [main] DEBUG c.service.MarketDataService - [ALGO] BID: price:91 quantity:300
13:00:19.532 [main] DEBUG c.service.MarketDataService - [ALGO] BID: price:93 quantity:200
13:00:19.532 [main] DEBUG c.service.MarketDataService - [ALGO] BID: price:95 quantity:100
13:00:19.532 [main] DEBUG c.service.MarketDataService - [ALGO] BID: price:98 quantity:154
13:00:19.532 [main] DEBUG c.service.MarketDataService - [ALGO] ASK: price:98 quantity:501
13:00:19.532 [main] DEBUG c.service.MarketDataService - [ALGO] ASK: price:101 quantity:200
13:00:19.532 [main] DEBUG c.service.MarketDataService - [ALGO] ASK: price:110 quantity:5000
13:00:19.532 [main] DEBUG c.service.MarketDataService - [ALGO] ASK: price:119 quantity:5600
13:00:19.532 [main] DEBUG c.service.MarketDataService - [ALGO] ASK: price:123 quantity:453
13:00:19.532 [main] DEBUG c.service.MarketDataService - [ALGO] ASK: price:144 quantity:645
13:00:19.532 [main] DEBUG c.service.MarketDataService - [ALGO] ASK: price:167 quantity:665
13:00:19.532 [main] INFO  c.gettingstarted.MyAlgoLogic - [MYALGO] The state of the order book is:
|----BID-----||----ASK----|
    134 @ 43    501 @ 98
    145 @ 76   200 @ 101
    300 @ 91  5000 @ 110
    200 @ 93  5600 @ 119
    100 @ 95   453 @ 123
    154 @ 98   645 @ 144
          -    665 @ 167
|------------||-----------|

13:00:19.532 [main] INFO  c.gettingstarted.MyAlgoLogic - [MYALGO] Algo Sees Book as: 
|----BID-----||----ASK----|
    134 @ 43    501 @ 98
    145 @ 76   200 @ 101
    300 @ 91  5000 @ 110
    200 @ 93  5600 @ 119
    100 @ 95   453 @ 123
    154 @ 98   645 @ 144
          -    665 @ 167
|------------||-----------|

13:00:19.532 [main] INFO  c.gettingstarted.TimedLogic - [TIMEDLOGIC] Market is open
13:00:19.532 [main] INFO  c.sequencer.consumer.LoggingConsumer - [142] 
|----BID-----|
    134 @ 43
    145 @ 76
    300 @ 91
    200 @ 93
    100 @ 95
    154 @ 98
|----ASK-----|
    501 @ 98
   200 @ 101
  5000 @ 110
  5600 @ 119
   453 @ 123
   645 @ 144
   665 @ 167

13:00:19.532 [main] INFO  c.orderbook.OrderBook - [ORDERBOOK] Processing Mkt Data Update
13:00:19.532 [main] INFO  c.o.v.MutatingRemoveAllMarketDataOrdersVisitor - [ORDERBOOK] Removing market data order:MktData(price=43,quantity=134)
13:00:19.532 [main] DEBUG c.orderbook.OrderBook - [ORDERBOOK] ASK: Adding orderMktData(price=43,quantity=134)
13:00:19.532 [main] INFO  c.o.visitor.MutatingAddOrderVisitor - [ORDERBOOK] + Limit(side=BUY,orderId=16,price=43,quantity=2195456)
13:00:19.532 [main] DEBUG c.orderbook.OrderBook - [ORDERBOOK] ASK: Adding orderMktData(price=76,quantity=145)
13:00:19.532 [main] DEBUG c.orderbook.OrderBook - [ORDERBOOK] ASK: Adding orderMktData(price=91,quantity=300)
13:00:19.532 [main] DEBUG c.orderbook.OrderBook - [ORDERBOOK] ASK: Adding orderMktData(price=93,quantity=200)
13:00:19.532 [main] DEBUG c.orderbook.OrderBook - [ORDERBOOK] ASK: Adding orderMktData(price=95,quantity=100)
13:00:19.532 [main] DEBUG c.orderbook.OrderBook - [ORDERBOOK] ASK: Adding orderMktData(price=98,quantity=154)
13:00:19.532 [main] INFO  c.o.v.MutatingMatchOneMarketDataOrderVisitor - [ORDERBOOK] visiting LevelOrderBookLevel(price=43,quantity=4265756)
13:00:19.532 [main] INFO  c.o.v.MutatingMatchOneMarketDataOrderVisitor - [ORDERBOOK] Can't match order:Limit(side=BUY,orderId=3,price=43,quantity=268)(MktData(price=98,quantity=154))
13:00:19.532 [main] INFO  c.o.v.MutatingMatchOneMarketDataOrderVisitor - [ORDERBOOK] Can't match order:Limit(side=BUY,orderId=5,price=43,quantity=1072)(MktData(price=98,quantity=154))
13:00:19.532 [main] INFO  c.o.v.MutatingMatchOneMarketDataOrderVisitor - [ORDERBOOK] Can't match order:Limit(side=BUY,orderId=7,price=43,quantity=4288)(MktData(price=98,quantity=154))
13:00:19.532 [main] INFO  c.o.v.MutatingMatchOneMarketDataOrderVisitor - [ORDERBOOK] Can't match order:Limit(side=BUY,orderId=9,price=43,quantity=17152)(MktData(price=98,quantity=154))
13:00:19.532 [main] INFO  c.o.v.MutatingMatchOneMarketDataOrderVisitor - [ORDERBOOK] Can't match order:Limit(side=BUY,orderId=11,price=43,quantity=68608)(MktData(price=98,quantity=154))
13:00:19.532 [main] INFO  c.o.v.MutatingMatchOneMarketDataOrderVisitor - [ORDERBOOK] Can't match order:Limit(side=BUY,orderId=12,price=43,quantity=137216)(MktData(price=98,quantity=154))
13:00:19.532 [main] INFO  c.o.v.MutatingMatchOneMarketDataOrderVisitor - [ORDERBOOK] Can't match order:Limit(side=BUY,orderId=13,price=43,quantity=274432)(MktData(price=98,quantity=154))
13:00:19.532 [main] INFO  c.o.v.MutatingMatchOneMarketDataOrderVisitor - [ORDERBOOK] Can't match order:Limit(side=BUY,orderId=14,price=43,quantity=548864)(MktData(price=98,quantity=154))
13:00:19.532 [main] INFO  c.o.v.MutatingMatchOneMarketDataOrderVisitor - [ORDERBOOK] Can't match order:Limit(side=BUY,orderId=15,price=43,quantity=1097728)(MktData(price=98,quantity=154))
13:00:19.532 [main] INFO  c.o.v.MutatingMatchOneMarketDataOrderVisitor - [ORDERBOOK] Can't match order:Limit(side=BUY,orderId=16,price=43,quantity=2195456)(MktData(price=98,quantity=154))
13:00:19.532 [main] INFO  c.o.v.MutatingMatchOneMarketDataOrderVisitor - [ORDERBOOK] Can't match order:MktData(price=43,quantity=134)(MktData(price=98,quantity=154))
13:00:19.532 [main] INFO  c.o.v.MutatingRemoveAllMarketDataOrdersVisitor - [ORDERBOOK] Removing market data order:MktData(price=98,quantity=501)
13:00:19.532 [main] INFO  c.o.v.MutatingRemoveAllMarketDataOrdersVisitor - [ORDERBOOK] Removing market data order:MktData(price=110,quantity=5000)
13:00:19.532 [main] INFO  c.o.v.MutatingRemoveAllMarketDataOrdersVisitor - [ORDERBOOK] Removing market data order:MktData(price=123,quantity=453)
13:00:19.532 [main] INFO  c.o.v.MutatingRemoveAllMarketDataOrdersVisitor - [ORDERBOOK] Removing market data order:MktData(price=167,quantity=665)
13:00:19.532 [main] DEBUG c.orderbook.OrderBook - [ORDERBOOK] ASK: Adding orderMktData(price=98,quantity=501)
13:00:19.532 [main] INFO  c.o.visitor.MutatingAddOrderVisitor - [ORDERBOOK] + Limit(side=SELL,orderId=17,price=98,quantity=501)
13:00:19.532 [main] DEBUG c.orderbook.OrderBook - [ORDERBOOK] ASK: Adding orderMktData(price=101,quantity=200)
13:00:19.532 [main] DEBUG c.orderbook.OrderBook - [ORDERBOOK] ASK: Adding orderMktData(price=110,quantity=5000)
13:00:19.532 [main] DEBUG c.orderbook.OrderBook - [ORDERBOOK] ASK: Adding orderMktData(price=119,quantity=5600)
13:00:19.532 [main] DEBUG c.orderbook.OrderBook - [ORDERBOOK] ASK: Adding orderMktData(price=123,quantity=453)
13:00:19.532 [main] DEBUG c.orderbook.OrderBook - [ORDERBOOK] ASK: Adding orderMktData(price=144,quantity=645)
13:00:19.532 [main] DEBUG c.orderbook.OrderBook - [ORDERBOOK] ASK: Adding orderMktData(price=167,quantity=665)
13:00:19.532 [main] DEBUG c.service.MarketDataService - [ALGO] BID: price:43 quantity:134
13:00:19.532 [main] DEBUG c.service.MarketDataService - [ALGO] BID: price:76 quantity:145
13:00:19.532 [main] DEBUG c.service.MarketDataService - [ALGO] BID: price:91 quantity:300
13:00:19.532 [main] DEBUG c.service.MarketDataService - [ALGO] BID: price:93 quantity:200
13:00:19.532 [main] DEBUG c.service.MarketDataService - [ALGO] BID: price:95 quantity:100
13:00:19.532 [main] DEBUG c.service.MarketDataService - [ALGO] BID: price:98 quantity:154
13:00:19.532 [main] DEBUG c.service.MarketDataService - [ALGO] ASK: price:98 quantity:501
13:00:19.532 [main] DEBUG c.service.MarketDataService - [ALGO] ASK: price:101 quantity:200
13:00:19.532 [main] DEBUG c.service.MarketDataService - [ALGO] ASK: price:110 quantity:5000
13:00:19.532 [main] DEBUG c.service.MarketDataService - [ALGO] ASK: price:119 quantity:5600
13:00:19.532 [main] DEBUG c.service.MarketDataService - [ALGO] ASK: price:123 quantity:453
13:00:19.532 [main] DEBUG c.service.MarketDataService - [ALGO] ASK: price:144 quantity:645
13:00:19.532 [main] DEBUG c.service.MarketDataService - [ALGO] ASK: price:167 quantity:665
13:00:19.532 [main] INFO  c.gettingstarted.MyAlgoLogic - [MYALGO] The state of the order book is:
|----BID-----||----ASK----|
    134 @ 43    501 @ 98
    145 @ 76   200 @ 101
    300 @ 91  5000 @ 110
    200 @ 93  5600 @ 119
    100 @ 95   453 @ 123
    154 @ 98   645 @ 144
          -    665 @ 167
|------------||-----------|

13:00:19.532 [main] INFO  c.gettingstarted.MyAlgoLogic - [MYALGO] Algo Sees Book as: 
|----BID-----||----ASK----|
    134 @ 43    501 @ 98
    145 @ 76   200 @ 101
    300 @ 91  5000 @ 110
    200 @ 93  5600 @ 119
    100 @ 95   453 @ 123
    154 @ 98   645 @ 144
          -    665 @ 167
|------------||-----------|

13:00:19.532 [main] INFO  c.gettingstarted.TimedLogic - [TIMEDLOGIC] Market is open
13:00:19.532 [main] INFO  c.sequencer.consumer.LoggingConsumer - [143] 
|----BID-----|
    134 @ 43
    145 @ 76
    300 @ 91
    200 @ 93
    100 @ 95
    154 @ 98
|----ASK-----|
    501 @ 98
   200 @ 101
  5000 @ 110
  5600 @ 119
   453 @ 123
   645 @ 144
   665 @ 167

13:00:19.532 [main] INFO  c.orderbook.OrderBook - [ORDERBOOK] Processing Mkt Data Update
13:00:19.532 [main] INFO  c.o.v.MutatingRemoveAllMarketDataOrdersVisitor - [ORDERBOOK] Removing market data order:MktData(price=43,quantity=134)
13:00:19.532 [main] DEBUG c.orderbook.OrderBook - [ORDERBOOK] ASK: Adding orderMktData(price=43,quantity=134)
13:00:19.532 [main] INFO  c.o.visitor.MutatingAddOrderVisitor - [ORDERBOOK] + Limit(side=BUY,orderId=16,price=43,quantity=2195456)
13:00:19.532 [main] DEBUG c.orderbook.OrderBook - [ORDERBOOK] ASK: Adding orderMktData(price=76,quantity=145)
13:00:19.532 [main] DEBUG c.orderbook.OrderBook - [ORDERBOOK] ASK: Adding orderMktData(price=91,quantity=300)
13:00:19.532 [main] DEBUG c.orderbook.OrderBook - [ORDERBOOK] ASK: Adding orderMktData(price=93,quantity=200)
13:00:19.532 [main] DEBUG c.orderbook.OrderBook - [ORDERBOOK] ASK: Adding orderMktData(price=95,quantity=100)
13:00:19.532 [main] DEBUG c.orderbook.OrderBook - [ORDERBOOK] ASK: Adding orderMktData(price=98,quantity=154)
13:00:19.532 [main] INFO  c.o.v.MutatingMatchOneMarketDataOrderVisitor - [ORDERBOOK] visiting LevelOrderBookLevel(price=43,quantity=4265890)
13:00:19.532 [main] INFO  c.o.v.MutatingMatchOneMarketDataOrderVisitor - [ORDERBOOK] Can't match order:Limit(side=BUY,orderId=3,price=43,quantity=268)(MktData(price=98,quantity=154))
13:00:19.532 [main] INFO  c.o.v.MutatingMatchOneMarketDataOrderVisitor - [ORDERBOOK] Can't match order:Limit(side=BUY,orderId=5,price=43,quantity=1072)(MktData(price=98,quantity=154))
13:00:19.532 [main] INFO  c.o.v.MutatingMatchOneMarketDataOrderVisitor - [ORDERBOOK] Can't match order:Limit(side=BUY,orderId=7,price=43,quantity=4288)(MktData(price=98,quantity=154))
13:00:19.532 [main] INFO  c.o.v.MutatingMatchOneMarketDataOrderVisitor - [ORDERBOOK] Can't match order:Limit(side=BUY,orderId=9,price=43,quantity=17152)(MktData(price=98,quantity=154))
13:00:19.532 [main] INFO  c.o.v.MutatingMatchOneMarketDataOrderVisitor - [ORDERBOOK] Can't match order:Limit(side=BUY,orderId=11,price=43,quantity=68608)(MktData(price=98,quantity=154))
13:00:19.532 [main] INFO  c.o.v.MutatingMatchOneMarketDataOrderVisitor - [ORDERBOOK] Can't match order:Limit(side=BUY,orderId=12,price=43,quantity=137216)(MktData(price=98,quantity=154))
13:00:19.532 [main] INFO  c.o.v.MutatingMatchOneMarketDataOrderVisitor - [ORDERBOOK] Can't match order:Limit(side=BUY,orderId=13,price=43,quantity=274432)(MktData(price=98,quantity=154))
13:00:19.532 [main] INFO  c.o.v.MutatingMatchOneMarketDataOrderVisitor - [ORDERBOOK] Can't match order:Limit(side=BUY,orderId=14,price=43,quantity=548864)(MktData(price=98,quantity=154))
13:00:19.532 [main] INFO  c.o.v.MutatingMatchOneMarketDataOrderVisitor - [ORDERBOOK] Can't match order:Limit(side=BUY,orderId=15,price=43,quantity=1097728)(MktData(price=98,quantity=154))
13:00:19.532 [main] INFO  c.o.v.MutatingMatchOneMarketDataOrderVisitor - [ORDERBOOK] Can't match order:Limit(side=BUY,orderId=16,price=43,quantity=2195456)(MktData(price=98,quantity=154))
13:00:19.532 [main] INFO  c.o.v.MutatingMatchOneMarketDataOrderVisitor - [ORDERBOOK] Can't match order:MktData(price=43,quantity=134)(MktData(price=98,quantity=154))
13:00:19.532 [main] INFO  c.o.v.MutatingRemoveAllMarketDataOrdersVisitor - [ORDERBOOK] Removing market data order:MktData(price=98,quantity=501)
13:00:19.532 [main] INFO  c.o.v.MutatingRemoveAllMarketDataOrdersVisitor - [ORDERBOOK] Removing market data order:MktData(price=110,quantity=5000)
13:00:19.532 [main] INFO  c.o.v.MutatingRemoveAllMarketDataOrdersVisitor - [ORDERBOOK] Removing market data order:MktData(price=123,quantity=453)
13:00:19.532 [main] INFO  c.o.v.MutatingRemoveAllMarketDataOrdersVisitor - [ORDERBOOK] Removing market data order:MktData(price=167,quantity=665)
13:00:19.532 [main] DEBUG c.orderbook.OrderBook - [ORDERBOOK] ASK: Adding orderMktData(price=98,quantity=501)
13:00:19.532 [main] INFO  c.o.visitor.MutatingAddOrderVisitor - [ORDERBOOK] + Limit(side=SELL,orderId=17,price=98,quantity=501)
13:00:19.532 [main] DEBUG c.orderbook.OrderBook - [ORDERBOOK] ASK: Adding orderMktData(price=101,quantity=200)
13:00:19.532 [main] DEBUG c.orderbook.OrderBook - [ORDERBOOK] ASK: Adding orderMktData(price=110,quantity=5000)
13:00:19.532 [main] DEBUG c.orderbook.OrderBook - [ORDERBOOK] ASK: Adding orderMktData(price=119,quantity=5600)
13:00:19.532 [main] DEBUG c.orderbook.OrderBook - [ORDERBOOK] ASK: Adding orderMktData(price=123,quantity=453)
13:00:19.532 [main] DEBUG c.orderbook.OrderBook - [ORDERBOOK] ASK: Adding orderMktData(price=144,quantity=645)
13:00:19.532 [main] DEBUG c.orderbook.OrderBook - [ORDERBOOK] ASK: Adding orderMktData(price=167,quantity=665)
13:00:19.532 [main] DEBUG c.service.MarketDataService - [ALGO] BID: price:43 quantity:134
13:00:19.532 [main] DEBUG c.service.MarketDataService - [ALGO] BID: price:76 quantity:145
13:00:19.532 [main] DEBUG c.service.MarketDataService - [ALGO] BID: price:91 quantity:300
13:00:19.532 [main] DEBUG c.service.MarketDataService - [ALGO] BID: price:93 quantity:200
13:00:19.532 [main] DEBUG c.service.MarketDataService - [ALGO] BID: price:95 quantity:100
13:00:19.532 [main] DEBUG c.service.MarketDataService - [ALGO] BID: price:98 quantity:154
13:00:19.532 [main] DEBUG c.service.MarketDataService - [ALGO] ASK: price:98 quantity:501
13:00:19.532 [main] DEBUG c.service.MarketDataService - [ALGO] ASK: price:101 quantity:200
13:00:19.532 [main] DEBUG c.service.MarketDataService - [ALGO] ASK: price:110 quantity:5000
13:00:19.532 [main] DEBUG c.service.MarketDataService - [ALGO] ASK: price:119 quantity:5600
13:00:19.532 [main] DEBUG c.service.MarketDataService - [ALGO] ASK: price:123 quantity:453
13:00:19.532 [main] DEBUG c.service.MarketDataService - [ALGO] ASK: price:144 quantity:645
13:00:19.532 [main] DEBUG c.service.MarketDataService - [ALGO] ASK: price:167 quantity:665
13:00:19.532 [main] INFO  c.gettingstarted.MyAlgoLogic - [MYALGO] The state of the order book is:
|----BID-----||----ASK----|
    134 @ 43    501 @ 98
    145 @ 76   200 @ 101
    300 @ 91  5000 @ 110
    200 @ 93  5600 @ 119
    100 @ 95   453 @ 123
    154 @ 98   645 @ 144
          -    665 @ 167
|------------||-----------|

13:00:19.532 [main] INFO  c.gettingstarted.MyAlgoLogic - [MYALGO] Algo Sees Book as: 
|----BID-----||----ASK----|
    134 @ 43    501 @ 98
    145 @ 76   200 @ 101
    300 @ 91  5000 @ 110
    200 @ 93  5600 @ 119
    100 @ 95   453 @ 123
    154 @ 98   645 @ 144
          -    665 @ 167
|------------||-----------|

13:00:19.532 [main] INFO  c.gettingstarted.TimedLogic - [TIMEDLOGIC] Market is open
13:00:19.532 [main] INFO  c.sequencer.consumer.LoggingConsumer - [144] 
|----BID-----|
    134 @ 43
    145 @ 76
    300 @ 91
    200 @ 93
    100 @ 95
    154 @ 98
|----ASK-----|
    501 @ 98
   200 @ 101
  5000 @ 110
  5600 @ 119
   453 @ 123
   645 @ 144
   665 @ 167

13:00:19.532 [main] INFO  c.orderbook.OrderBook - [ORDERBOOK] Processing Mkt Data Update
13:00:19.532 [main] INFO  c.o.v.MutatingRemoveAllMarketDataOrdersVisitor - [ORDERBOOK] Removing market data order:MktData(price=43,quantity=134)
13:00:19.532 [main] DEBUG c.orderbook.OrderBook - [ORDERBOOK] ASK: Adding orderMktData(price=43,quantity=134)
13:00:19.532 [main] INFO  c.o.visitor.MutatingAddOrderVisitor - [ORDERBOOK] + Limit(side=BUY,orderId=16,price=43,quantity=2195456)
13:00:19.532 [main] DEBUG c.orderbook.OrderBook - [ORDERBOOK] ASK: Adding orderMktData(price=76,quantity=145)
13:00:19.532 [main] DEBUG c.orderbook.OrderBook - [ORDERBOOK] ASK: Adding orderMktData(price=91,quantity=300)
13:00:19.532 [main] DEBUG c.orderbook.OrderBook - [ORDERBOOK] ASK: Adding orderMktData(price=93,quantity=200)
13:00:19.532 [main] DEBUG c.orderbook.OrderBook - [ORDERBOOK] ASK: Adding orderMktData(price=95,quantity=100)
13:00:19.532 [main] DEBUG c.orderbook.OrderBook - [ORDERBOOK] ASK: Adding orderMktData(price=98,quantity=154)
13:00:19.532 [main] INFO  c.o.v.MutatingMatchOneMarketDataOrderVisitor - [ORDERBOOK] visiting LevelOrderBookLevel(price=43,quantity=4266024)
13:00:19.532 [main] INFO  c.o.v.MutatingMatchOneMarketDataOrderVisitor - [ORDERBOOK] Can't match order:Limit(side=BUY,orderId=3,price=43,quantity=268)(MktData(price=98,quantity=154))
13:00:19.532 [main] INFO  c.o.v.MutatingMatchOneMarketDataOrderVisitor - [ORDERBOOK] Can't match order:Limit(side=BUY,orderId=5,price=43,quantity=1072)(MktData(price=98,quantity=154))
13:00:19.532 [main] INFO  c.o.v.MutatingMatchOneMarketDataOrderVisitor - [ORDERBOOK] Can't match order:Limit(side=BUY,orderId=7,price=43,quantity=4288)(MktData(price=98,quantity=154))
13:00:19.532 [main] INFO  c.o.v.MutatingMatchOneMarketDataOrderVisitor - [ORDERBOOK] Can't match order:Limit(side=BUY,orderId=9,price=43,quantity=17152)(MktData(price=98,quantity=154))
13:00:19.532 [main] INFO  c.o.v.MutatingMatchOneMarketDataOrderVisitor - [ORDERBOOK] Can't match order:Limit(side=BUY,orderId=11,price=43,quantity=68608)(MktData(price=98,quantity=154))
13:00:19.532 [main] INFO  c.o.v.MutatingMatchOneMarketDataOrderVisitor - [ORDERBOOK] Can't match order:Limit(side=BUY,orderId=12,price=43,quantity=137216)(MktData(price=98,quantity=154))
13:00:19.532 [main] INFO  c.o.v.MutatingMatchOneMarketDataOrderVisitor - [ORDERBOOK] Can't match order:Limit(side=BUY,orderId=13,price=43,quantity=274432)(MktData(price=98,quantity=154))
13:00:19.532 [main] INFO  c.o.v.MutatingMatchOneMarketDataOrderVisitor - [ORDERBOOK] Can't match order:Limit(side=BUY,orderId=14,price=43,quantity=548864)(MktData(price=98,quantity=154))
13:00:19.532 [main] INFO  c.o.v.MutatingMatchOneMarketDataOrderVisitor - [ORDERBOOK] Can't match order:Limit(side=BUY,orderId=15,price=43,quantity=1097728)(MktData(price=98,quantity=154))
13:00:19.532 [main] INFO  c.o.v.MutatingMatchOneMarketDataOrderVisitor - [ORDERBOOK] Can't match order:Limit(side=BUY,orderId=16,price=43,quantity=2195456)(MktData(price=98,quantity=154))
13:00:19.532 [main] INFO  c.o.v.MutatingMatchOneMarketDataOrderVisitor - [ORDERBOOK] Can't match order:MktData(price=43,quantity=134)(MktData(price=98,quantity=154))
13:00:19.532 [main] INFO  c.o.v.MutatingRemoveAllMarketDataOrdersVisitor - [ORDERBOOK] Removing market data order:MktData(price=98,quantity=501)
13:00:19.532 [main] INFO  c.o.v.MutatingRemoveAllMarketDataOrdersVisitor - [ORDERBOOK] Removing market data order:MktData(price=110,quantity=5000)
13:00:19.532 [main] INFO  c.o.v.MutatingRemoveAllMarketDataOrdersVisitor - [ORDERBOOK] Removing market data order:MktData(price=123,quantity=453)
13:00:19.532 [main] INFO  c.o.v.MutatingRemoveAllMarketDataOrdersVisitor - [ORDERBOOK] Removing market data order:MktData(price=167,quantity=665)
13:00:19.532 [main] DEBUG c.orderbook.OrderBook - [ORDERBOOK] ASK: Adding orderMktData(price=98,quantity=501)
13:00:19.532 [main] INFO  c.o.visitor.MutatingAddOrderVisitor - [ORDERBOOK] + Limit(side=SELL,orderId=17,price=98,quantity=501)
13:00:19.532 [main] DEBUG c.orderbook.OrderBook - [ORDERBOOK] ASK: Adding orderMktData(price=101,quantity=200)
13:00:19.532 [main] DEBUG c.orderbook.OrderBook - [ORDERBOOK] ASK: Adding orderMktData(price=110,quantity=5000)
13:00:19.532 [main] DEBUG c.orderbook.OrderBook - [ORDERBOOK] ASK: Adding orderMktData(price=119,quantity=5600)
13:00:19.532 [main] DEBUG c.orderbook.OrderBook - [ORDERBOOK] ASK: Adding orderMktData(price=123,quantity=453)
13:00:19.532 [main] DEBUG c.orderbook.OrderBook - [ORDERBOOK] ASK: Adding orderMktData(price=144,quantity=645)
13:00:19.532 [main] DEBUG c.orderbook.OrderBook - [ORDERBOOK] ASK: Adding orderMktData(price=167,quantity=665)
13:00:19.532 [main] DEBUG c.service.MarketDataService - [ALGO] BID: price:43 quantity:134
13:00:19.532 [main] DEBUG c.service.MarketDataService - [ALGO] BID: price:76 quantity:145
13:00:19.532 [main] DEBUG c.service.MarketDataService - [ALGO] BID: price:91 quantity:300
13:00:19.532 [main] DEBUG c.service.MarketDataService - [ALGO] BID: price:93 quantity:200
13:00:19.532 [main] DEBUG c.service.MarketDataService - [ALGO] BID: price:95 quantity:100
13:00:19.532 [main] DEBUG c.service.MarketDataService - [ALGO] BID: price:98 quantity:154
13:00:19.532 [main] DEBUG c.service.MarketDataService - [ALGO] ASK: price:98 quantity:501
13:00:19.532 [main] DEBUG c.service.MarketDataService - [ALGO] ASK: price:101 quantity:200
13:00:19.532 [main] DEBUG c.service.MarketDataService - [ALGO] ASK: price:110 quantity:5000
13:00:19.532 [main] DEBUG c.service.MarketDataService - [ALGO] ASK: price:119 quantity:5600
13:00:19.532 [main] DEBUG c.service.MarketDataService - [ALGO] ASK: price:123 quantity:453
13:00:19.532 [main] DEBUG c.service.MarketDataService - [ALGO] ASK: price:144 quantity:645
13:00:19.532 [main] DEBUG c.service.MarketDataService - [ALGO] ASK: price:167 quantity:665
13:00:19.532 [main] INFO  c.gettingstarted.MyAlgoLogic - [MYALGO] The state of the order book is:
|----BID-----||----ASK----|
    134 @ 43    501 @ 98
    145 @ 76   200 @ 101
    300 @ 91  5000 @ 110
    200 @ 93  5600 @ 119
    100 @ 95   453 @ 123
    154 @ 98   645 @ 144
          -    665 @ 167
|------------||-----------|

13:00:19.532 [main] INFO  c.gettingstarted.MyAlgoLogic - [MYALGO] Algo Sees Book as: 
|----BID-----||----ASK----|
    134 @ 43    501 @ 98
    145 @ 76   200 @ 101
    300 @ 91  5000 @ 110
    200 @ 93  5600 @ 119
    100 @ 95   453 @ 123
    154 @ 98   645 @ 144
          -    665 @ 167
|------------||-----------|

13:00:19.532 [main] INFO  c.gettingstarted.TimedLogic - [TIMEDLOGIC] Market is open
13:00:19.532 [main] INFO  c.sequencer.consumer.LoggingConsumer - [145] 
|----BID-----|
    134 @ 43
    145 @ 76
    300 @ 91
    200 @ 93
    100 @ 95
    154 @ 98
|----ASK-----|
    501 @ 98
   200 @ 101
  5000 @ 110
  5600 @ 119
   453 @ 123
   645 @ 144
   665 @ 167

13:00:19.532 [main] INFO  c.orderbook.OrderBook - [ORDERBOOK] Processing Mkt Data Update
13:00:19.532 [main] INFO  c.o.v.MutatingRemoveAllMarketDataOrdersVisitor - [ORDERBOOK] Removing market data order:MktData(price=43,quantity=134)
13:00:19.532 [main] DEBUG c.orderbook.OrderBook - [ORDERBOOK] ASK: Adding orderMktData(price=43,quantity=134)
13:00:19.532 [main] INFO  c.o.visitor.MutatingAddOrderVisitor - [ORDERBOOK] + Limit(side=BUY,orderId=16,price=43,quantity=2195456)
13:00:19.532 [main] DEBUG c.orderbook.OrderBook - [ORDERBOOK] ASK: Adding orderMktData(price=76,quantity=145)
13:00:19.532 [main] DEBUG c.orderbook.OrderBook - [ORDERBOOK] ASK: Adding orderMktData(price=91,quantity=300)
13:00:19.532 [main] DEBUG c.orderbook.OrderBook - [ORDERBOOK] ASK: Adding orderMktData(price=93,quantity=200)
13:00:19.532 [main] DEBUG c.orderbook.OrderBook - [ORDERBOOK] ASK: Adding orderMktData(price=95,quantity=100)
13:00:19.532 [main] DEBUG c.orderbook.OrderBook - [ORDERBOOK] ASK: Adding orderMktData(price=98,quantity=154)
13:00:19.532 [main] INFO  c.o.v.MutatingMatchOneMarketDataOrderVisitor - [ORDERBOOK] visiting LevelOrderBookLevel(price=43,quantity=4266158)
13:00:19.532 [main] INFO  c.o.v.MutatingMatchOneMarketDataOrderVisitor - [ORDERBOOK] Can't match order:Limit(side=BUY,orderId=3,price=43,quantity=268)(MktData(price=98,quantity=154))
13:00:19.532 [main] INFO  c.o.v.MutatingMatchOneMarketDataOrderVisitor - [ORDERBOOK] Can't match order:Limit(side=BUY,orderId=5,price=43,quantity=1072)(MktData(price=98,quantity=154))
13:00:19.532 [main] INFO  c.o.v.MutatingMatchOneMarketDataOrderVisitor - [ORDERBOOK] Can't match order:Limit(side=BUY,orderId=7,price=43,quantity=4288)(MktData(price=98,quantity=154))
13:00:19.532 [main] INFO  c.o.v.MutatingMatchOneMarketDataOrderVisitor - [ORDERBOOK] Can't match order:Limit(side=BUY,orderId=9,price=43,quantity=17152)(MktData(price=98,quantity=154))
13:00:19.532 [main] INFO  c.o.v.MutatingMatchOneMarketDataOrderVisitor - [ORDERBOOK] Can't match order:Limit(side=BUY,orderId=11,price=43,quantity=68608)(MktData(price=98,quantity=154))
13:00:19.532 [main] INFO  c.o.v.MutatingMatchOneMarketDataOrderVisitor - [ORDERBOOK] Can't match order:Limit(side=BUY,orderId=12,price=43,quantity=137216)(MktData(price=98,quantity=154))
13:00:19.532 [main] INFO  c.o.v.MutatingMatchOneMarketDataOrderVisitor - [ORDERBOOK] Can't match order:Limit(side=BUY,orderId=13,price=43,quantity=274432)(MktData(price=98,quantity=154))
13:00:19.532 [main] INFO  c.o.v.MutatingMatchOneMarketDataOrderVisitor - [ORDERBOOK] Can't match order:Limit(side=BUY,orderId=14,price=43,quantity=548864)(MktData(price=98,quantity=154))
13:00:19.532 [main] INFO  c.o.v.MutatingMatchOneMarketDataOrderVisitor - [ORDERBOOK] Can't match order:Limit(side=BUY,orderId=15,price=43,quantity=1097728)(MktData(price=98,quantity=154))
13:00:19.532 [main] INFO  c.o.v.MutatingMatchOneMarketDataOrderVisitor - [ORDERBOOK] Can't match order:Limit(side=BUY,orderId=16,price=43,quantity=2195456)(MktData(price=98,quantity=154))
13:00:19.532 [main] INFO  c.o.v.MutatingMatchOneMarketDataOrderVisitor - [ORDERBOOK] Can't match order:MktData(price=43,quantity=134)(MktData(price=98,quantity=154))
13:00:19.532 [main] INFO  c.o.v.MutatingRemoveAllMarketDataOrdersVisitor - [ORDERBOOK] Removing market data order:MktData(price=98,quantity=501)
13:00:19.532 [main] INFO  c.o.v.MutatingRemoveAllMarketDataOrdersVisitor - [ORDERBOOK] Removing market data order:MktData(price=110,quantity=5000)
13:00:19.532 [main] INFO  c.o.v.MutatingRemoveAllMarketDataOrdersVisitor - [ORDERBOOK] Removing market data order:MktData(price=123,quantity=453)
13:00:19.532 [main] INFO  c.o.v.MutatingRemoveAllMarketDataOrdersVisitor - [ORDERBOOK] Removing market data order:MktData(price=167,quantity=665)
13:00:19.532 [main] DEBUG c.orderbook.OrderBook - [ORDERBOOK] ASK: Adding orderMktData(price=98,quantity=501)
13:00:19.532 [main] INFO  c.o.visitor.MutatingAddOrderVisitor - [ORDERBOOK] + Limit(side=SELL,orderId=17,price=98,quantity=501)
13:00:19.532 [main] DEBUG c.orderbook.OrderBook - [ORDERBOOK] ASK: Adding orderMktData(price=101,quantity=200)
13:00:19.532 [main] DEBUG c.orderbook.OrderBook - [ORDERBOOK] ASK: Adding orderMktData(price=110,quantity=5000)
13:00:19.532 [main] DEBUG c.orderbook.OrderBook - [ORDERBOOK] ASK: Adding orderMktData(price=119,quantity=5600)
13:00:19.532 [main] DEBUG c.orderbook.OrderBook - [ORDERBOOK] ASK: Adding orderMktData(price=123,quantity=453)
13:00:19.532 [main] DEBUG c.orderbook.OrderBook - [ORDERBOOK] ASK: Adding orderMktData(price=144,quantity=645)
13:00:19.532 [main] DEBUG c.orderbook.OrderBook - [ORDERBOOK] ASK: Adding orderMktData(price=167,quantity=665)
13:00:19.532 [main] DEBUG c.service.MarketDataService - [ALGO] BID: price:43 quantity:134
13:00:19.532 [main] DEBUG c.service.MarketDataService - [ALGO] BID: price:76 quantity:145
13:00:19.532 [main] DEBUG c.service.MarketDataService - [ALGO] BID: price:91 quantity:300
13:00:19.532 [main] DEBUG c.service.MarketDataService - [ALGO] BID: price:93 quantity:200
13:00:19.532 [main] DEBUG c.service.MarketDataService - [ALGO] BID: price:95 quantity:100
13:00:19.532 [main] DEBUG c.service.MarketDataService - [ALGO] BID: price:98 quantity:154
13:00:19.532 [main] DEBUG c.service.MarketDataService - [ALGO] ASK: price:98 quantity:501
13:00:19.532 [main] DEBUG c.service.MarketDataService - [ALGO] ASK: price:101 quantity:200
13:00:19.532 [main] DEBUG c.service.MarketDataService - [ALGO] ASK: price:110 quantity:5000
13:00:19.532 [main] DEBUG c.service.MarketDataService - [ALGO] ASK: price:119 quantity:5600
13:00:19.532 [main] DEBUG c.service.MarketDataService - [ALGO] ASK: price:123 quantity:453
13:00:19.532 [main] DEBUG c.service.MarketDataService - [ALGO] ASK: price:144 quantity:645
13:00:19.532 [main] DEBUG c.service.MarketDataService - [ALGO] ASK: price:167 quantity:665
13:00:19.532 [main] INFO  c.gettingstarted.MyAlgoLogic - [MYALGO] The state of the order book is:
|----BID-----||----ASK----|
    134 @ 43    501 @ 98
    145 @ 76   200 @ 101
    300 @ 91  5000 @ 110
    200 @ 93  5600 @ 119
    100 @ 95   453 @ 123
    154 @ 98   645 @ 144
          -    665 @ 167
|------------||-----------|

13:00:19.532 [main] INFO  c.gettingstarted.MyAlgoLogic - [MYALGO] Algo Sees Book as: 
|----BID-----||----ASK----|
    134 @ 43    501 @ 98
    145 @ 76   200 @ 101
    300 @ 91  5000 @ 110
    200 @ 93  5600 @ 119
    100 @ 95   453 @ 123
    154 @ 98   645 @ 144
          -    665 @ 167
|------------||-----------|

13:00:19.532 [main] INFO  c.gettingstarted.TimedLogic - [TIMEDLOGIC] Market is open
13:00:19.532 [main] INFO  c.sequencer.consumer.LoggingConsumer - [146] 
|----BID-----|
    134 @ 43
    145 @ 76
    300 @ 91
    200 @ 93
    100 @ 95
    154 @ 98
|----ASK-----|
    501 @ 98
   200 @ 101
  5000 @ 110
  5600 @ 119
   453 @ 123
   645 @ 144
   665 @ 167

13:00:19.532 [main] INFO  c.orderbook.OrderBook - [ORDERBOOK] Processing Mkt Data Update
13:00:19.532 [main] INFO  c.o.v.MutatingRemoveAllMarketDataOrdersVisitor - [ORDERBOOK] Removing market data order:MktData(price=43,quantity=134)
13:00:19.532 [main] DEBUG c.orderbook.OrderBook - [ORDERBOOK] ASK: Adding orderMktData(price=43,quantity=134)
13:00:19.532 [main] INFO  c.o.visitor.MutatingAddOrderVisitor - [ORDERBOOK] + Limit(side=BUY,orderId=16,price=43,quantity=2195456)
13:00:19.532 [main] DEBUG c.orderbook.OrderBook - [ORDERBOOK] ASK: Adding orderMktData(price=76,quantity=145)
13:00:19.532 [main] DEBUG c.orderbook.OrderBook - [ORDERBOOK] ASK: Adding orderMktData(price=91,quantity=300)
13:00:19.532 [main] DEBUG c.orderbook.OrderBook - [ORDERBOOK] ASK: Adding orderMktData(price=93,quantity=200)
13:00:19.532 [main] DEBUG c.orderbook.OrderBook - [ORDERBOOK] ASK: Adding orderMktData(price=95,quantity=100)
13:00:19.532 [main] DEBUG c.orderbook.OrderBook - [ORDERBOOK] ASK: Adding orderMktData(price=98,quantity=154)
13:00:19.532 [main] INFO  c.o.v.MutatingMatchOneMarketDataOrderVisitor - [ORDERBOOK] visiting LevelOrderBookLevel(price=43,quantity=4266292)
13:00:19.532 [main] INFO  c.o.v.MutatingMatchOneMarketDataOrderVisitor - [ORDERBOOK] Can't match order:Limit(side=BUY,orderId=3,price=43,quantity=268)(MktData(price=98,quantity=154))
13:00:19.532 [main] INFO  c.o.v.MutatingMatchOneMarketDataOrderVisitor - [ORDERBOOK] Can't match order:Limit(side=BUY,orderId=5,price=43,quantity=1072)(MktData(price=98,quantity=154))
13:00:19.532 [main] INFO  c.o.v.MutatingMatchOneMarketDataOrderVisitor - [ORDERBOOK] Can't match order:Limit(side=BUY,orderId=7,price=43,quantity=4288)(MktData(price=98,quantity=154))
13:00:19.532 [main] INFO  c.o.v.MutatingMatchOneMarketDataOrderVisitor - [ORDERBOOK] Can't match order:Limit(side=BUY,orderId=9,price=43,quantity=17152)(MktData(price=98,quantity=154))
13:00:19.532 [main] INFO  c.o.v.MutatingMatchOneMarketDataOrderVisitor - [ORDERBOOK] Can't match order:Limit(side=BUY,orderId=11,price=43,quantity=68608)(MktData(price=98,quantity=154))
13:00:19.532 [main] INFO  c.o.v.MutatingMatchOneMarketDataOrderVisitor - [ORDERBOOK] Can't match order:Limit(side=BUY,orderId=12,price=43,quantity=137216)(MktData(price=98,quantity=154))
13:00:19.532 [main] INFO  c.o.v.MutatingMatchOneMarketDataOrderVisitor - [ORDERBOOK] Can't match order:Limit(side=BUY,orderId=13,price=43,quantity=274432)(MktData(price=98,quantity=154))
13:00:19.532 [main] INFO  c.o.v.MutatingMatchOneMarketDataOrderVisitor - [ORDERBOOK] Can't match order:Limit(side=BUY,orderId=14,price=43,quantity=548864)(MktData(price=98,quantity=154))
13:00:19.532 [main] INFO  c.o.v.MutatingMatchOneMarketDataOrderVisitor - [ORDERBOOK] Can't match order:Limit(side=BUY,orderId=15,price=43,quantity=1097728)(MktData(price=98,quantity=154))
13:00:19.532 [main] INFO  c.o.v.MutatingMatchOneMarketDataOrderVisitor - [ORDERBOOK] Can't match order:Limit(side=BUY,orderId=16,price=43,quantity=2195456)(MktData(price=98,quantity=154))
13:00:19.532 [main] INFO  c.o.v.MutatingMatchOneMarketDataOrderVisitor - [ORDERBOOK] Can't match order:MktData(price=43,quantity=134)(MktData(price=98,quantity=154))
13:00:19.532 [main] INFO  c.o.v.MutatingRemoveAllMarketDataOrdersVisitor - [ORDERBOOK] Removing market data order:MktData(price=98,quantity=501)
13:00:19.532 [main] INFO  c.o.v.MutatingRemoveAllMarketDataOrdersVisitor - [ORDERBOOK] Removing market data order:MktData(price=110,quantity=5000)
13:00:19.532 [main] INFO  c.o.v.MutatingRemoveAllMarketDataOrdersVisitor - [ORDERBOOK] Removing market data order:MktData(price=123,quantity=453)
13:00:19.532 [main] INFO  c.o.v.MutatingRemoveAllMarketDataOrdersVisitor - [ORDERBOOK] Removing market data order:MktData(price=167,quantity=665)
13:00:19.532 [main] DEBUG c.orderbook.OrderBook - [ORDERBOOK] ASK: Adding orderMktData(price=98,quantity=501)
13:00:19.532 [main] INFO  c.o.visitor.MutatingAddOrderVisitor - [ORDERBOOK] + Limit(side=SELL,orderId=17,price=98,quantity=501)
13:00:19.532 [main] DEBUG c.orderbook.OrderBook - [ORDERBOOK] ASK: Adding orderMktData(price=101,quantity=200)
13:00:19.532 [main] DEBUG c.orderbook.OrderBook - [ORDERBOOK] ASK: Adding orderMktData(price=110,quantity=5000)
13:00:19.532 [main] DEBUG c.orderbook.OrderBook - [ORDERBOOK] ASK: Adding orderMktData(price=119,quantity=5600)
13:00:19.532 [main] DEBUG c.orderbook.OrderBook - [ORDERBOOK] ASK: Adding orderMktData(price=123,quantity=453)
13:00:19.532 [main] DEBUG c.orderbook.OrderBook - [ORDERBOOK] ASK: Adding orderMktData(price=144,quantity=645)
13:00:19.532 [main] DEBUG c.orderbook.OrderBook - [ORDERBOOK] ASK: Adding orderMktData(price=167,quantity=665)
13:00:19.532 [main] DEBUG c.service.MarketDataService - [ALGO] BID: price:43 quantity:134
13:00:19.532 [main] DEBUG c.service.MarketDataService - [ALGO] BID: price:76 quantity:145
13:00:19.532 [main] DEBUG c.service.MarketDataService - [ALGO] BID: price:91 quantity:300
13:00:19.532 [main] DEBUG c.service.MarketDataService - [ALGO] BID: price:93 quantity:200
13:00:19.532 [main] DEBUG c.service.MarketDataService - [ALGO] BID: price:95 quantity:100
13:00:19.532 [main] DEBUG c.service.MarketDataService - [ALGO] BID: price:98 quantity:154
13:00:19.532 [main] DEBUG c.service.MarketDataService - [ALGO] ASK: price:98 quantity:501
13:00:19.532 [main] DEBUG c.service.MarketDataService - [ALGO] ASK: price:101 quantity:200
13:00:19.532 [main] DEBUG c.service.MarketDataService - [ALGO] ASK: price:110 quantity:5000
13:00:19.532 [main] DEBUG c.service.MarketDataService - [ALGO] ASK: price:119 quantity:5600
13:00:19.532 [main] DEBUG c.service.MarketDataService - [ALGO] ASK: price:123 quantity:453
13:00:19.532 [main] DEBUG c.service.MarketDataService - [ALGO] ASK: price:144 quantity:645
13:00:19.532 [main] DEBUG c.service.MarketDataService - [ALGO] ASK: price:167 quantity:665
13:00:19.532 [main] INFO  c.gettingstarted.MyAlgoLogic - [MYALGO] The state of the order book is:
|----BID-----||----ASK----|
    134 @ 43    501 @ 98
    145 @ 76   200 @ 101
    300 @ 91  5000 @ 110
    200 @ 93  5600 @ 119
    100 @ 95   453 @ 123
    154 @ 98   645 @ 144
          -    665 @ 167
|------------||-----------|

13:00:19.532 [main] INFO  c.gettingstarted.MyAlgoLogic - [MYALGO] Algo Sees Book as: 
|----BID-----||----ASK----|
    134 @ 43    501 @ 98
    145 @ 76   200 @ 101
    300 @ 91  5000 @ 110
    200 @ 93  5600 @ 119
    100 @ 95   453 @ 123
    154 @ 98   645 @ 144
          -    665 @ 167
|------------||-----------|

13:00:19.532 [main] INFO  c.gettingstarted.TimedLogic - [TIMEDLOGIC] Market is open
13:00:19.532 [main] INFO  c.sequencer.consumer.LoggingConsumer - [147] 
|----BID-----|
    134 @ 43
    145 @ 76
    300 @ 91
    200 @ 93
    100 @ 95
    154 @ 98
|----ASK-----|
    501 @ 98
   200 @ 101
  5000 @ 110
  5600 @ 119
   453 @ 123
   645 @ 144
   665 @ 167

13:00:19.532 [main] INFO  c.orderbook.OrderBook - [ORDERBOOK] Processing Mkt Data Update
13:00:19.532 [main] INFO  c.o.v.MutatingRemoveAllMarketDataOrdersVisitor - [ORDERBOOK] Removing market data order:MktData(price=43,quantity=134)
13:00:19.532 [main] DEBUG c.orderbook.OrderBook - [ORDERBOOK] ASK: Adding orderMktData(price=43,quantity=134)
13:00:19.532 [main] INFO  c.o.visitor.MutatingAddOrderVisitor - [ORDERBOOK] + Limit(side=BUY,orderId=16,price=43,quantity=2195456)
13:00:19.532 [main] DEBUG c.orderbook.OrderBook - [ORDERBOOK] ASK: Adding orderMktData(price=76,quantity=145)
13:00:19.532 [main] DEBUG c.orderbook.OrderBook - [ORDERBOOK] ASK: Adding orderMktData(price=91,quantity=300)
13:00:19.532 [main] DEBUG c.orderbook.OrderBook - [ORDERBOOK] ASK: Adding orderMktData(price=93,quantity=200)
13:00:19.532 [main] DEBUG c.orderbook.OrderBook - [ORDERBOOK] ASK: Adding orderMktData(price=95,quantity=100)
13:00:19.532 [main] DEBUG c.orderbook.OrderBook - [ORDERBOOK] ASK: Adding orderMktData(price=98,quantity=154)
13:00:19.532 [main] INFO  c.o.v.MutatingMatchOneMarketDataOrderVisitor - [ORDERBOOK] visiting LevelOrderBookLevel(price=43,quantity=4266426)
13:00:19.532 [main] INFO  c.o.v.MutatingMatchOneMarketDataOrderVisitor - [ORDERBOOK] Can't match order:Limit(side=BUY,orderId=3,price=43,quantity=268)(MktData(price=98,quantity=154))
13:00:19.532 [main] INFO  c.o.v.MutatingMatchOneMarketDataOrderVisitor - [ORDERBOOK] Can't match order:Limit(side=BUY,orderId=5,price=43,quantity=1072)(MktData(price=98,quantity=154))
13:00:19.532 [main] INFO  c.o.v.MutatingMatchOneMarketDataOrderVisitor - [ORDERBOOK] Can't match order:Limit(side=BUY,orderId=7,price=43,quantity=4288)(MktData(price=98,quantity=154))
13:00:19.532 [main] INFO  c.o.v.MutatingMatchOneMarketDataOrderVisitor - [ORDERBOOK] Can't match order:Limit(side=BUY,orderId=9,price=43,quantity=17152)(MktData(price=98,quantity=154))
13:00:19.532 [main] INFO  c.o.v.MutatingMatchOneMarketDataOrderVisitor - [ORDERBOOK] Can't match order:Limit(side=BUY,orderId=11,price=43,quantity=68608)(MktData(price=98,quantity=154))
13:00:19.532 [main] INFO  c.o.v.MutatingMatchOneMarketDataOrderVisitor - [ORDERBOOK] Can't match order:Limit(side=BUY,orderId=12,price=43,quantity=137216)(MktData(price=98,quantity=154))
13:00:19.532 [main] INFO  c.o.v.MutatingMatchOneMarketDataOrderVisitor - [ORDERBOOK] Can't match order:Limit(side=BUY,orderId=13,price=43,quantity=274432)(MktData(price=98,quantity=154))
13:00:19.532 [main] INFO  c.o.v.MutatingMatchOneMarketDataOrderVisitor - [ORDERBOOK] Can't match order:Limit(side=BUY,orderId=14,price=43,quantity=548864)(MktData(price=98,quantity=154))
13:00:19.532 [main] INFO  c.o.v.MutatingMatchOneMarketDataOrderVisitor - [ORDERBOOK] Can't match order:Limit(side=BUY,orderId=15,price=43,quantity=1097728)(MktData(price=98,quantity=154))
13:00:19.532 [main] INFO  c.o.v.MutatingMatchOneMarketDataOrderVisitor - [ORDERBOOK] Can't match order:Limit(side=BUY,orderId=16,price=43,quantity=2195456)(MktData(price=98,quantity=154))
13:00:19.532 [main] INFO  c.o.v.MutatingMatchOneMarketDataOrderVisitor - [ORDERBOOK] Can't match order:MktData(price=43,quantity=134)(MktData(price=98,quantity=154))
13:00:19.532 [main] INFO  c.o.v.MutatingRemoveAllMarketDataOrdersVisitor - [ORDERBOOK] Removing market data order:MktData(price=98,quantity=501)
13:00:19.532 [main] INFO  c.o.v.MutatingRemoveAllMarketDataOrdersVisitor - [ORDERBOOK] Removing market data order:MktData(price=110,quantity=5000)
13:00:19.532 [main] INFO  c.o.v.MutatingRemoveAllMarketDataOrdersVisitor - [ORDERBOOK] Removing market data order:MktData(price=123,quantity=453)
13:00:19.532 [main] INFO  c.o.v.MutatingRemoveAllMarketDataOrdersVisitor - [ORDERBOOK] Removing market data order:MktData(price=167,quantity=665)
13:00:19.532 [main] DEBUG c.orderbook.OrderBook - [ORDERBOOK] ASK: Adding orderMktData(price=98,quantity=501)
13:00:19.532 [main] INFO  c.o.visitor.MutatingAddOrderVisitor - [ORDERBOOK] + Limit(side=SELL,orderId=17,price=98,quantity=501)
13:00:19.532 [main] DEBUG c.orderbook.OrderBook - [ORDERBOOK] ASK: Adding orderMktData(price=101,quantity=200)
13:00:19.532 [main] DEBUG c.orderbook.OrderBook - [ORDERBOOK] ASK: Adding orderMktData(price=110,quantity=5000)
13:00:19.532 [main] DEBUG c.orderbook.OrderBook - [ORDERBOOK] ASK: Adding orderMktData(price=119,quantity=5600)
13:00:19.532 [main] DEBUG c.orderbook.OrderBook - [ORDERBOOK] ASK: Adding orderMktData(price=123,quantity=453)
13:00:19.532 [main] DEBUG c.orderbook.OrderBook - [ORDERBOOK] ASK: Adding orderMktData(price=144,quantity=645)
13:00:19.532 [main] DEBUG c.orderbook.OrderBook - [ORDERBOOK] ASK: Adding orderMktData(price=167,quantity=665)
13:00:19.532 [main] DEBUG c.service.MarketDataService - [ALGO] BID: price:43 quantity:134
13:00:19.532 [main] DEBUG c.service.MarketDataService - [ALGO] BID: price:76 quantity:145
13:00:19.532 [main] DEBUG c.service.MarketDataService - [ALGO] BID: price:91 quantity:300
13:00:19.532 [main] DEBUG c.service.MarketDataService - [ALGO] BID: price:93 quantity:200
13:00:19.532 [main] DEBUG c.service.MarketDataService - [ALGO] BID: price:95 quantity:100
13:00:19.532 [main] DEBUG c.service.MarketDataService - [ALGO] BID: price:98 quantity:154
13:00:19.532 [main] DEBUG c.service.MarketDataService - [ALGO] ASK: price:98 quantity:501
13:00:19.532 [main] DEBUG c.service.MarketDataService - [ALGO] ASK: price:101 quantity:200
13:00:19.532 [main] DEBUG c.service.MarketDataService - [ALGO] ASK: price:110 quantity:5000
13:00:19.532 [main] DEBUG c.service.MarketDataService - [ALGO] ASK: price:119 quantity:5600
13:00:19.532 [main] DEBUG c.service.MarketDataService - [ALGO] ASK: price:123 quantity:453
13:00:19.532 [main] DEBUG c.service.MarketDataService - [ALGO] ASK: price:144 quantity:645
13:00:19.532 [main] DEBUG c.service.MarketDataService - [ALGO] ASK: price:167 quantity:665
13:00:19.532 [main] INFO  c.gettingstarted.MyAlgoLogic - [MYALGO] The state of the order book is:
|----BID-----||----ASK----|
    134 @ 43    501 @ 98
    145 @ 76   200 @ 101
    300 @ 91  5000 @ 110
    200 @ 93  5600 @ 119
    100 @ 95   453 @ 123
    154 @ 98   645 @ 144
          -    665 @ 167
|------------||-----------|

13:00:19.532 [main] INFO  c.gettingstarted.MyAlgoLogic - [MYALGO] Algo Sees Book as: 
|----BID-----||----ASK----|
    134 @ 43    501 @ 98
    145 @ 76   200 @ 101
    300 @ 91  5000 @ 110
    200 @ 93  5600 @ 119
    100 @ 95   453 @ 123
    154 @ 98   645 @ 144
          -    665 @ 167
|------------||-----------|

13:00:19.532 [main] INFO  c.gettingstarted.TimedLogic - [TIMEDLOGIC] Market is open
13:00:19.532 [main] INFO  c.sequencer.consumer.LoggingConsumer - [148] 
|----BID-----|
    134 @ 43
    145 @ 76
    300 @ 91
    200 @ 93
    100 @ 95
    154 @ 98
|----ASK-----|
    501 @ 98
   200 @ 101
  5000 @ 110
  5600 @ 119
   453 @ 123
   645 @ 144
   665 @ 167

13:00:19.532 [main] INFO  c.orderbook.OrderBook - [ORDERBOOK] Processing Mkt Data Update
13:00:19.532 [main] INFO  c.o.v.MutatingRemoveAllMarketDataOrdersVisitor - [ORDERBOOK] Removing market data order:MktData(price=43,quantity=134)
13:00:19.532 [main] DEBUG c.orderbook.OrderBook - [ORDERBOOK] ASK: Adding orderMktData(price=43,quantity=134)
13:00:19.532 [main] INFO  c.o.visitor.MutatingAddOrderVisitor - [ORDERBOOK] + Limit(side=BUY,orderId=16,price=43,quantity=2195456)
13:00:19.532 [main] DEBUG c.orderbook.OrderBook - [ORDERBOOK] ASK: Adding orderMktData(price=76,quantity=145)
13:00:19.532 [main] DEBUG c.orderbook.OrderBook - [ORDERBOOK] ASK: Adding orderMktData(price=91,quantity=300)
13:00:19.532 [main] DEBUG c.orderbook.OrderBook - [ORDERBOOK] ASK: Adding orderMktData(price=93,quantity=200)
13:00:19.532 [main] DEBUG c.orderbook.OrderBook - [ORDERBOOK] ASK: Adding orderMktData(price=95,quantity=100)
13:00:19.532 [main] DEBUG c.orderbook.OrderBook - [ORDERBOOK] ASK: Adding orderMktData(price=98,quantity=154)
13:00:19.532 [main] INFO  c.o.v.MutatingMatchOneMarketDataOrderVisitor - [ORDERBOOK] visiting LevelOrderBookLevel(price=43,quantity=4266560)
13:00:19.532 [main] INFO  c.o.v.MutatingMatchOneMarketDataOrderVisitor - [ORDERBOOK] Can't match order:Limit(side=BUY,orderId=3,price=43,quantity=268)(MktData(price=98,quantity=154))
13:00:19.532 [main] INFO  c.o.v.MutatingMatchOneMarketDataOrderVisitor - [ORDERBOOK] Can't match order:Limit(side=BUY,orderId=5,price=43,quantity=1072)(MktData(price=98,quantity=154))
13:00:19.532 [main] INFO  c.o.v.MutatingMatchOneMarketDataOrderVisitor - [ORDERBOOK] Can't match order:Limit(side=BUY,orderId=7,price=43,quantity=4288)(MktData(price=98,quantity=154))
13:00:19.532 [main] INFO  c.o.v.MutatingMatchOneMarketDataOrderVisitor - [ORDERBOOK] Can't match order:Limit(side=BUY,orderId=9,price=43,quantity=17152)(MktData(price=98,quantity=154))
13:00:19.532 [main] INFO  c.o.v.MutatingMatchOneMarketDataOrderVisitor - [ORDERBOOK] Can't match order:Limit(side=BUY,orderId=11,price=43,quantity=68608)(MktData(price=98,quantity=154))
13:00:19.532 [main] INFO  c.o.v.MutatingMatchOneMarketDataOrderVisitor - [ORDERBOOK] Can't match order:Limit(side=BUY,orderId=12,price=43,quantity=137216)(MktData(price=98,quantity=154))
13:00:19.532 [main] INFO  c.o.v.MutatingMatchOneMarketDataOrderVisitor - [ORDERBOOK] Can't match order:Limit(side=BUY,orderId=13,price=43,quantity=274432)(MktData(price=98,quantity=154))
13:00:19.532 [main] INFO  c.o.v.MutatingMatchOneMarketDataOrderVisitor - [ORDERBOOK] Can't match order:Limit(side=BUY,orderId=14,price=43,quantity=548864)(MktData(price=98,quantity=154))
13:00:19.532 [main] INFO  c.o.v.MutatingMatchOneMarketDataOrderVisitor - [ORDERBOOK] Can't match order:Limit(side=BUY,orderId=15,price=43,quantity=1097728)(MktData(price=98,quantity=154))
13:00:19.532 [main] INFO  c.o.v.MutatingMatchOneMarketDataOrderVisitor - [ORDERBOOK] Can't match order:Limit(side=BUY,orderId=16,price=43,quantity=2195456)(MktData(price=98,quantity=154))
13:00:19.532 [main] INFO  c.o.v.MutatingMatchOneMarketDataOrderVisitor - [ORDERBOOK] Can't match order:MktData(price=43,quantity=134)(MktData(price=98,quantity=154))
13:00:19.532 [main] INFO  c.o.v.MutatingRemoveAllMarketDataOrdersVisitor - [ORDERBOOK] Removing market data order:MktData(price=98,quantity=501)
13:00:19.532 [main] INFO  c.o.v.MutatingRemoveAllMarketDataOrdersVisitor - [ORDERBOOK] Removing market data order:MktData(price=110,quantity=5000)
13:00:19.532 [main] INFO  c.o.v.MutatingRemoveAllMarketDataOrdersVisitor - [ORDERBOOK] Removing market data order:MktData(price=123,quantity=453)
13:00:19.532 [main] INFO  c.o.v.MutatingRemoveAllMarketDataOrdersVisitor - [ORDERBOOK] Removing market data order:MktData(price=167,quantity=665)
13:00:19.532 [main] DEBUG c.orderbook.OrderBook - [ORDERBOOK] ASK: Adding orderMktData(price=98,quantity=501)
13:00:19.532 [main] INFO  c.o.visitor.MutatingAddOrderVisitor - [ORDERBOOK] + Limit(side=SELL,orderId=17,price=98,quantity=501)
13:00:19.532 [main] DEBUG c.orderbook.OrderBook - [ORDERBOOK] ASK: Adding orderMktData(price=101,quantity=200)
13:00:19.532 [main] DEBUG c.orderbook.OrderBook - [ORDERBOOK] ASK: Adding orderMktData(price=110,quantity=5000)
13:00:19.532 [main] DEBUG c.orderbook.OrderBook - [ORDERBOOK] ASK: Adding orderMktData(price=119,quantity=5600)
13:00:19.532 [main] DEBUG c.orderbook.OrderBook - [ORDERBOOK] ASK: Adding orderMktData(price=123,quantity=453)
13:00:19.532 [main] DEBUG c.orderbook.OrderBook - [ORDERBOOK] ASK: Adding orderMktData(price=144,quantity=645)
13:00:19.532 [main] DEBUG c.orderbook.OrderBook - [ORDERBOOK] ASK: Adding orderMktData(price=167,quantity=665)
13:00:19.532 [main] DEBUG c.service.MarketDataService - [ALGO] BID: price:43 quantity:134
13:00:19.532 [main] DEBUG c.service.MarketDataService - [ALGO] BID: price:76 quantity:145
13:00:19.532 [main] DEBUG c.service.MarketDataService - [ALGO] BID: price:91 quantity:300
13:00:19.532 [main] DEBUG c.service.MarketDataService - [ALGO] BID: price:93 quantity:200
13:00:19.532 [main] DEBUG c.service.MarketDataService - [ALGO] BID: price:95 quantity:100
13:00:19.532 [main] DEBUG c.service.MarketDataService - [ALGO] BID: price:98 quantity:154
13:00:19.532 [main] DEBUG c.service.MarketDataService - [ALGO] ASK: price:98 quantity:501
13:00:19.532 [main] DEBUG c.service.MarketDataService - [ALGO] ASK: price:101 quantity:200
13:00:19.532 [main] DEBUG c.service.MarketDataService - [ALGO] ASK: price:110 quantity:5000
13:00:19.532 [main] DEBUG c.service.MarketDataService - [ALGO] ASK: price:119 quantity:5600
13:00:19.532 [main] DEBUG c.service.MarketDataService - [ALGO] ASK: price:123 quantity:453
13:00:19.532 [main] DEBUG c.service.MarketDataService - [ALGO] ASK: price:144 quantity:645
13:00:19.532 [main] DEBUG c.service.MarketDataService - [ALGO] ASK: price:167 quantity:665
13:00:19.532 [main] INFO  c.gettingstarted.MyAlgoLogic - [MYALGO] The state of the order book is:
|----BID-----||----ASK----|
    134 @ 43    501 @ 98
    145 @ 76   200 @ 101
    300 @ 91  5000 @ 110
    200 @ 93  5600 @ 119
    100 @ 95   453 @ 123
    154 @ 98   645 @ 144
          -    665 @ 167
|------------||-----------|

13:00:19.532 [main] INFO  c.gettingstarted.MyAlgoLogic - [MYALGO] Algo Sees Book as: 
|----BID-----||----ASK----|
    134 @ 43    501 @ 98
    145 @ 76   200 @ 101
    300 @ 91  5000 @ 110
    200 @ 93  5600 @ 119
    100 @ 95   453 @ 123
    154 @ 98   645 @ 144
          -    665 @ 167
|------------||-----------|

13:00:19.532 [main] INFO  c.gettingstarted.TimedLogic - [TIMEDLOGIC] Market is open
13:00:19.532 [main] INFO  c.sequencer.consumer.LoggingConsumer - [149] 
|----BID-----|
    134 @ 43
    145 @ 76
    300 @ 91
    200 @ 93
    100 @ 95
    154 @ 98
|----ASK-----|
    501 @ 98
   200 @ 101
  5000 @ 110
  5600 @ 119
   453 @ 123
   645 @ 144
   665 @ 167

13:00:19.532 [main] INFO  c.orderbook.OrderBook - [ORDERBOOK] Processing Mkt Data Update
13:00:19.532 [main] INFO  c.o.v.MutatingRemoveAllMarketDataOrdersVisitor - [ORDERBOOK] Removing market data order:MktData(price=43,quantity=134)
13:00:19.532 [main] DEBUG c.orderbook.OrderBook - [ORDERBOOK] ASK: Adding orderMktData(price=43,quantity=134)
13:00:19.532 [main] INFO  c.o.visitor.MutatingAddOrderVisitor - [ORDERBOOK] + Limit(side=BUY,orderId=16,price=43,quantity=2195456)
13:00:19.532 [main] DEBUG c.orderbook.OrderBook - [ORDERBOOK] ASK: Adding orderMktData(price=76,quantity=145)
13:00:19.532 [main] DEBUG c.orderbook.OrderBook - [ORDERBOOK] ASK: Adding orderMktData(price=91,quantity=300)
13:00:19.532 [main] DEBUG c.orderbook.OrderBook - [ORDERBOOK] ASK: Adding orderMktData(price=93,quantity=200)
13:00:19.532 [main] DEBUG c.orderbook.OrderBook - [ORDERBOOK] ASK: Adding orderMktData(price=95,quantity=100)
13:00:19.532 [main] DEBUG c.orderbook.OrderBook - [ORDERBOOK] ASK: Adding orderMktData(price=98,quantity=154)
13:00:19.532 [main] INFO  c.o.v.MutatingMatchOneMarketDataOrderVisitor - [ORDERBOOK] visiting LevelOrderBookLevel(price=43,quantity=4266694)
13:00:19.532 [main] INFO  c.o.v.MutatingMatchOneMarketDataOrderVisitor - [ORDERBOOK] Can't match order:Limit(side=BUY,orderId=3,price=43,quantity=268)(MktData(price=98,quantity=154))
13:00:19.532 [main] INFO  c.o.v.MutatingMatchOneMarketDataOrderVisitor - [ORDERBOOK] Can't match order:Limit(side=BUY,orderId=5,price=43,quantity=1072)(MktData(price=98,quantity=154))
13:00:19.532 [main] INFO  c.o.v.MutatingMatchOneMarketDataOrderVisitor - [ORDERBOOK] Can't match order:Limit(side=BUY,orderId=7,price=43,quantity=4288)(MktData(price=98,quantity=154))
13:00:19.532 [main] INFO  c.o.v.MutatingMatchOneMarketDataOrderVisitor - [ORDERBOOK] Can't match order:Limit(side=BUY,orderId=9,price=43,quantity=17152)(MktData(price=98,quantity=154))
13:00:19.532 [main] INFO  c.o.v.MutatingMatchOneMarketDataOrderVisitor - [ORDERBOOK] Can't match order:Limit(side=BUY,orderId=11,price=43,quantity=68608)(MktData(price=98,quantity=154))
13:00:19.532 [main] INFO  c.o.v.MutatingMatchOneMarketDataOrderVisitor - [ORDERBOOK] Can't match order:Limit(side=BUY,orderId=12,price=43,quantity=137216)(MktData(price=98,quantity=154))
13:00:19.532 [main] INFO  c.o.v.MutatingMatchOneMarketDataOrderVisitor - [ORDERBOOK] Can't match order:Limit(side=BUY,orderId=13,price=43,quantity=274432)(MktData(price=98,quantity=154))
13:00:19.532 [main] INFO  c.o.v.MutatingMatchOneMarketDataOrderVisitor - [ORDERBOOK] Can't match order:Limit(side=BUY,orderId=14,price=43,quantity=548864)(MktData(price=98,quantity=154))
13:00:19.532 [main] INFO  c.o.v.MutatingMatchOneMarketDataOrderVisitor - [ORDERBOOK] Can't match order:Limit(side=BUY,orderId=15,price=43,quantity=1097728)(MktData(price=98,quantity=154))
13:00:19.532 [main] INFO  c.o.v.MutatingMatchOneMarketDataOrderVisitor - [ORDERBOOK] Can't match order:Limit(side=BUY,orderId=16,price=43,quantity=2195456)(MktData(price=98,quantity=154))
13:00:19.532 [main] INFO  c.o.v.MutatingMatchOneMarketDataOrderVisitor - [ORDERBOOK] Can't match order:MktData(price=43,quantity=134)(MktData(price=98,quantity=154))
13:00:19.532 [main] INFO  c.o.v.MutatingRemoveAllMarketDataOrdersVisitor - [ORDERBOOK] Removing market data order:MktData(price=98,quantity=501)
13:00:19.532 [main] INFO  c.o.v.MutatingRemoveAllMarketDataOrdersVisitor - [ORDERBOOK] Removing market data order:MktData(price=110,quantity=5000)
13:00:19.532 [main] INFO  c.o.v.MutatingRemoveAllMarketDataOrdersVisitor - [ORDERBOOK] Removing market data order:MktData(price=123,quantity=453)
13:00:19.532 [main] INFO  c.o.v.MutatingRemoveAllMarketDataOrdersVisitor - [ORDERBOOK] Removing market data order:MktData(price=167,quantity=665)
13:00:19.532 [main] DEBUG c.orderbook.OrderBook - [ORDERBOOK] ASK: Adding orderMktData(price=98,quantity=501)
13:00:19.532 [main] INFO  c.o.visitor.MutatingAddOrderVisitor - [ORDERBOOK] + Limit(side=SELL,orderId=17,price=98,quantity=501)
13:00:19.532 [main] DEBUG c.orderbook.OrderBook - [ORDERBOOK] ASK: Adding orderMktData(price=101,quantity=200)
13:00:19.532 [main] DEBUG c.orderbook.OrderBook - [ORDERBOOK] ASK: Adding orderMktData(price=110,quantity=5000)
13:00:19.532 [main] DEBUG c.orderbook.OrderBook - [ORDERBOOK] ASK: Adding orderMktData(price=119,quantity=5600)
13:00:19.532 [main] DEBUG c.orderbook.OrderBook - [ORDERBOOK] ASK: Adding orderMktData(price=123,quantity=453)
13:00:19.532 [main] DEBUG c.orderbook.OrderBook - [ORDERBOOK] ASK: Adding orderMktData(price=144,quantity=645)
13:00:19.532 [main] DEBUG c.orderbook.OrderBook - [ORDERBOOK] ASK: Adding orderMktData(price=167,quantity=665)
13:00:19.532 [main] DEBUG c.service.MarketDataService - [ALGO] BID: price:43 quantity:134
13:00:19.532 [main] DEBUG c.service.MarketDataService - [ALGO] BID: price:76 quantity:145
13:00:19.532 [main] DEBUG c.service.MarketDataService - [ALGO] BID: price:91 quantity:300
13:00:19.532 [main] DEBUG c.service.MarketDataService - [ALGO] BID: price:93 quantity:200
13:00:19.532 [main] DEBUG c.service.MarketDataService - [ALGO] BID: price:95 quantity:100
13:00:19.532 [main] DEBUG c.service.MarketDataService - [ALGO] BID: price:98 quantity:154
13:00:19.532 [main] DEBUG c.service.MarketDataService - [ALGO] ASK: price:98 quantity:501
13:00:19.532 [main] DEBUG c.service.MarketDataService - [ALGO] ASK: price:101 quantity:200
13:00:19.532 [main] DEBUG c.service.MarketDataService - [ALGO] ASK: price:110 quantity:5000
13:00:19.532 [main] DEBUG c.service.MarketDataService - [ALGO] ASK: price:119 quantity:5600
13:00:19.532 [main] DEBUG c.service.MarketDataService - [ALGO] ASK: price:123 quantity:453
13:00:19.532 [main] DEBUG c.service.MarketDataService - [ALGO] ASK: price:144 quantity:645
13:00:19.532 [main] DEBUG c.service.MarketDataService - [ALGO] ASK: price:167 quantity:665
13:00:19.532 [main] INFO  c.gettingstarted.MyAlgoLogic - [MYALGO] The state of the order book is:
|----BID-----||----ASK----|
    134 @ 43    501 @ 98
    145 @ 76   200 @ 101
    300 @ 91  5000 @ 110
    200 @ 93  5600 @ 119
    100 @ 95   453 @ 123
    154 @ 98   645 @ 144
          -    665 @ 167
|------------||-----------|

13:00:19.532 [main] INFO  c.gettingstarted.MyAlgoLogic - [MYALGO] Algo Sees Book as: 
|----BID-----||----ASK----|
    134 @ 43    501 @ 98
    145 @ 76   200 @ 101
    300 @ 91  5000 @ 110
    200 @ 93  5600 @ 119
    100 @ 95   453 @ 123
    154 @ 98   645 @ 144
          -    665 @ 167
|------------||-----------|

13:00:19.532 [main] INFO  c.gettingstarted.TimedLogic - [TIMEDLOGIC] Market is open
13:00:19.532 [main] INFO  c.sequencer.consumer.LoggingConsumer - [150] 
|----BID-----|
    134 @ 43
    145 @ 76
    300 @ 91
    200 @ 93
    100 @ 95
    154 @ 98
|----ASK-----|
    501 @ 98
   200 @ 101
  5000 @ 110
  5600 @ 119
   453 @ 123
   645 @ 144
   665 @ 167

13:00:19.532 [main] INFO  c.orderbook.OrderBook - [ORDERBOOK] Processing Mkt Data Update
13:00:19.532 [main] INFO  c.o.v.MutatingRemoveAllMarketDataOrdersVisitor - [ORDERBOOK] Removing market data order:MktData(price=43,quantity=134)
13:00:19.532 [main] DEBUG c.orderbook.OrderBook - [ORDERBOOK] ASK: Adding orderMktData(price=43,quantity=134)
13:00:19.532 [main] INFO  c.o.visitor.MutatingAddOrderVisitor - [ORDERBOOK] + Limit(side=BUY,orderId=16,price=43,quantity=2195456)
13:00:19.532 [main] DEBUG c.orderbook.OrderBook - [ORDERBOOK] ASK: Adding orderMktData(price=76,quantity=145)
13:00:19.532 [main] DEBUG c.orderbook.OrderBook - [ORDERBOOK] ASK: Adding orderMktData(price=91,quantity=300)
13:00:19.532 [main] DEBUG c.orderbook.OrderBook - [ORDERBOOK] ASK: Adding orderMktData(price=93,quantity=200)
13:00:19.532 [main] DEBUG c.orderbook.OrderBook - [ORDERBOOK] ASK: Adding orderMktData(price=95,quantity=100)
13:00:19.532 [main] DEBUG c.orderbook.OrderBook - [ORDERBOOK] ASK: Adding orderMktData(price=98,quantity=154)
13:00:19.532 [main] INFO  c.o.v.MutatingMatchOneMarketDataOrderVisitor - [ORDERBOOK] visiting LevelOrderBookLevel(price=43,quantity=4266828)
13:00:19.532 [main] INFO  c.o.v.MutatingMatchOneMarketDataOrderVisitor - [ORDERBOOK] Can't match order:Limit(side=BUY,orderId=3,price=43,quantity=268)(MktData(price=98,quantity=154))
13:00:19.532 [main] INFO  c.o.v.MutatingMatchOneMarketDataOrderVisitor - [ORDERBOOK] Can't match order:Limit(side=BUY,orderId=5,price=43,quantity=1072)(MktData(price=98,quantity=154))
13:00:19.532 [main] INFO  c.o.v.MutatingMatchOneMarketDataOrderVisitor - [ORDERBOOK] Can't match order:Limit(side=BUY,orderId=7,price=43,quantity=4288)(MktData(price=98,quantity=154))
13:00:19.532 [main] INFO  c.o.v.MutatingMatchOneMarketDataOrderVisitor - [ORDERBOOK] Can't match order:Limit(side=BUY,orderId=9,price=43,quantity=17152)(MktData(price=98,quantity=154))
13:00:19.532 [main] INFO  c.o.v.MutatingMatchOneMarketDataOrderVisitor - [ORDERBOOK] Can't match order:Limit(side=BUY,orderId=11,price=43,quantity=68608)(MktData(price=98,quantity=154))
13:00:19.532 [main] INFO  c.o.v.MutatingMatchOneMarketDataOrderVisitor - [ORDERBOOK] Can't match order:Limit(side=BUY,orderId=12,price=43,quantity=137216)(MktData(price=98,quantity=154))
13:00:19.532 [main] INFO  c.o.v.MutatingMatchOneMarketDataOrderVisitor - [ORDERBOOK] Can't match order:Limit(side=BUY,orderId=13,price=43,quantity=274432)(MktData(price=98,quantity=154))
13:00:19.532 [main] INFO  c.o.v.MutatingMatchOneMarketDataOrderVisitor - [ORDERBOOK] Can't match order:Limit(side=BUY,orderId=14,price=43,quantity=548864)(MktData(price=98,quantity=154))
13:00:19.532 [main] INFO  c.o.v.MutatingMatchOneMarketDataOrderVisitor - [ORDERBOOK] Can't match order:Limit(side=BUY,orderId=15,price=43,quantity=1097728)(MktData(price=98,quantity=154))
13:00:19.532 [main] INFO  c.o.v.MutatingMatchOneMarketDataOrderVisitor - [ORDERBOOK] Can't match order:Limit(side=BUY,orderId=16,price=43,quantity=2195456)(MktData(price=98,quantity=154))
13:00:19.532 [main] INFO  c.o.v.MutatingMatchOneMarketDataOrderVisitor - [ORDERBOOK] Can't match order:MktData(price=43,quantity=134)(MktData(price=98,quantity=154))
13:00:19.547 [main] INFO  c.o.v.MutatingRemoveAllMarketDataOrdersVisitor - [ORDERBOOK] Removing market data order:MktData(price=98,quantity=501)
13:00:19.547 [main] INFO  c.o.v.MutatingRemoveAllMarketDataOrdersVisitor - [ORDERBOOK] Removing market data order:MktData(price=110,quantity=5000)
13:00:19.547 [main] INFO  c.o.v.MutatingRemoveAllMarketDataOrdersVisitor - [ORDERBOOK] Removing market data order:MktData(price=123,quantity=453)
13:00:19.547 [main] INFO  c.o.v.MutatingRemoveAllMarketDataOrdersVisitor - [ORDERBOOK] Removing market data order:MktData(price=167,quantity=665)
13:00:19.547 [main] DEBUG c.orderbook.OrderBook - [ORDERBOOK] ASK: Adding orderMktData(price=98,quantity=501)
13:00:19.547 [main] INFO  c.o.visitor.MutatingAddOrderVisitor - [ORDERBOOK] + Limit(side=SELL,orderId=17,price=98,quantity=501)
13:00:19.547 [main] DEBUG c.orderbook.OrderBook - [ORDERBOOK] ASK: Adding orderMktData(price=101,quantity=200)
13:00:19.547 [main] DEBUG c.orderbook.OrderBook - [ORDERBOOK] ASK: Adding orderMktData(price=110,quantity=5000)
13:00:19.547 [main] DEBUG c.orderbook.OrderBook - [ORDERBOOK] ASK: Adding orderMktData(price=119,quantity=5600)
13:00:19.547 [main] DEBUG c.orderbook.OrderBook - [ORDERBOOK] ASK: Adding orderMktData(price=123,quantity=453)
13:00:19.547 [main] DEBUG c.orderbook.OrderBook - [ORDERBOOK] ASK: Adding orderMktData(price=144,quantity=645)
13:00:19.547 [main] DEBUG c.orderbook.OrderBook - [ORDERBOOK] ASK: Adding orderMktData(price=167,quantity=665)
13:00:19.547 [main] DEBUG c.service.MarketDataService - [ALGO] BID: price:43 quantity:134
13:00:19.547 [main] DEBUG c.service.MarketDataService - [ALGO] BID: price:76 quantity:145
13:00:19.547 [main] DEBUG c.service.MarketDataService - [ALGO] BID: price:91 quantity:300
13:00:19.547 [main] DEBUG c.service.MarketDataService - [ALGO] BID: price:93 quantity:200
13:00:19.547 [main] DEBUG c.service.MarketDataService - [ALGO] BID: price:95 quantity:100
13:00:19.547 [main] DEBUG c.service.MarketDataService - [ALGO] BID: price:98 quantity:154
13:00:19.547 [main] DEBUG c.service.MarketDataService - [ALGO] ASK: price:98 quantity:501
13:00:19.547 [main] DEBUG c.service.MarketDataService - [ALGO] ASK: price:101 quantity:200
13:00:19.547 [main] DEBUG c.service.MarketDataService - [ALGO] ASK: price:110 quantity:5000
13:00:19.547 [main] DEBUG c.service.MarketDataService - [ALGO] ASK: price:119 quantity:5600
13:00:19.547 [main] DEBUG c.service.MarketDataService - [ALGO] ASK: price:123 quantity:453
13:00:19.547 [main] DEBUG c.service.MarketDataService - [ALGO] ASK: price:144 quantity:645
13:00:19.547 [main] DEBUG c.service.MarketDataService - [ALGO] ASK: price:167 quantity:665
13:00:19.547 [main] INFO  c.gettingstarted.MyAlgoLogic - [MYALGO] The state of the order book is:
|----BID-----||----ASK----|
    134 @ 43    501 @ 98
    145 @ 76   200 @ 101
    300 @ 91  5000 @ 110
    200 @ 93  5600 @ 119
    100 @ 95   453 @ 123
    154 @ 98   645 @ 144
          -    665 @ 167
|------------||-----------|

13:00:19.547 [main] INFO  c.gettingstarted.MyAlgoLogic - [MYALGO] Algo Sees Book as: 
|----BID-----||----ASK----|
    134 @ 43    501 @ 98
    145 @ 76   200 @ 101
    300 @ 91  5000 @ 110
    200 @ 93  5600 @ 119
    100 @ 95   453 @ 123
    154 @ 98   645 @ 144
          -    665 @ 167
|------------||-----------|

13:00:19.547 [main] INFO  c.gettingstarted.TimedLogic - [TIMEDLOGIC] Market is open
13:00:19.547 [main] INFO  c.sequencer.consumer.LoggingConsumer - [151] 
|----BID-----|
    134 @ 43
    145 @ 76
    300 @ 91
    200 @ 93
    100 @ 95
    154 @ 98
|----ASK-----|
    501 @ 98
   200 @ 101
  5000 @ 110
  5600 @ 119
   453 @ 123
   645 @ 144
   665 @ 167

13:00:19.547 [main] INFO  c.orderbook.OrderBook - [ORDERBOOK] Processing Mkt Data Update
13:00:19.547 [main] INFO  c.o.v.MutatingRemoveAllMarketDataOrdersVisitor - [ORDERBOOK] Removing market data order:MktData(price=43,quantity=134)
13:00:19.547 [main] DEBUG c.orderbook.OrderBook - [ORDERBOOK] ASK: Adding orderMktData(price=43,quantity=134)
13:00:19.547 [main] INFO  c.o.visitor.MutatingAddOrderVisitor - [ORDERBOOK] + Limit(side=BUY,orderId=16,price=43,quantity=2195456)
13:00:19.547 [main] DEBUG c.orderbook.OrderBook - [ORDERBOOK] ASK: Adding orderMktData(price=76,quantity=145)
13:00:19.547 [main] DEBUG c.orderbook.OrderBook - [ORDERBOOK] ASK: Adding orderMktData(price=91,quantity=300)
13:00:19.547 [main] DEBUG c.orderbook.OrderBook - [ORDERBOOK] ASK: Adding orderMktData(price=93,quantity=200)
13:00:19.547 [main] DEBUG c.orderbook.OrderBook - [ORDERBOOK] ASK: Adding orderMktData(price=95,quantity=100)
13:00:19.547 [main] DEBUG c.orderbook.OrderBook - [ORDERBOOK] ASK: Adding orderMktData(price=98,quantity=154)
13:00:19.547 [main] INFO  c.o.v.MutatingMatchOneMarketDataOrderVisitor - [ORDERBOOK] visiting LevelOrderBookLevel(price=43,quantity=4266962)
13:00:19.547 [main] INFO  c.o.v.MutatingMatchOneMarketDataOrderVisitor - [ORDERBOOK] Can't match order:Limit(side=BUY,orderId=3,price=43,quantity=268)(MktData(price=98,quantity=154))
13:00:19.547 [main] INFO  c.o.v.MutatingMatchOneMarketDataOrderVisitor - [ORDERBOOK] Can't match order:Limit(side=BUY,orderId=5,price=43,quantity=1072)(MktData(price=98,quantity=154))
13:00:19.547 [main] INFO  c.o.v.MutatingMatchOneMarketDataOrderVisitor - [ORDERBOOK] Can't match order:Limit(side=BUY,orderId=7,price=43,quantity=4288)(MktData(price=98,quantity=154))
13:00:19.547 [main] INFO  c.o.v.MutatingMatchOneMarketDataOrderVisitor - [ORDERBOOK] Can't match order:Limit(side=BUY,orderId=9,price=43,quantity=17152)(MktData(price=98,quantity=154))
13:00:19.547 [main] INFO  c.o.v.MutatingMatchOneMarketDataOrderVisitor - [ORDERBOOK] Can't match order:Limit(side=BUY,orderId=11,price=43,quantity=68608)(MktData(price=98,quantity=154))
13:00:19.547 [main] INFO  c.o.v.MutatingMatchOneMarketDataOrderVisitor - [ORDERBOOK] Can't match order:Limit(side=BUY,orderId=12,price=43,quantity=137216)(MktData(price=98,quantity=154))
13:00:19.547 [main] INFO  c.o.v.MutatingMatchOneMarketDataOrderVisitor - [ORDERBOOK] Can't match order:Limit(side=BUY,orderId=13,price=43,quantity=274432)(MktData(price=98,quantity=154))
13:00:19.547 [main] INFO  c.o.v.MutatingMatchOneMarketDataOrderVisitor - [ORDERBOOK] Can't match order:Limit(side=BUY,orderId=14,price=43,quantity=548864)(MktData(price=98,quantity=154))
13:00:19.547 [main] INFO  c.o.v.MutatingMatchOneMarketDataOrderVisitor - [ORDERBOOK] Can't match order:Limit(side=BUY,orderId=15,price=43,quantity=1097728)(MktData(price=98,quantity=154))
13:00:19.547 [main] INFO  c.o.v.MutatingMatchOneMarketDataOrderVisitor - [ORDERBOOK] Can't match order:Limit(side=BUY,orderId=16,price=43,quantity=2195456)(MktData(price=98,quantity=154))
13:00:19.547 [main] INFO  c.o.v.MutatingMatchOneMarketDataOrderVisitor - [ORDERBOOK] Can't match order:MktData(price=43,quantity=134)(MktData(price=98,quantity=154))
13:00:19.547 [main] INFO  c.o.v.MutatingRemoveAllMarketDataOrdersVisitor - [ORDERBOOK] Removing market data order:MktData(price=98,quantity=501)
13:00:19.547 [main] INFO  c.o.v.MutatingRemoveAllMarketDataOrdersVisitor - [ORDERBOOK] Removing market data order:MktData(price=110,quantity=5000)
13:00:19.547 [main] INFO  c.o.v.MutatingRemoveAllMarketDataOrdersVisitor - [ORDERBOOK] Removing market data order:MktData(price=123,quantity=453)
13:00:19.547 [main] INFO  c.o.v.MutatingRemoveAllMarketDataOrdersVisitor - [ORDERBOOK] Removing market data order:MktData(price=167,quantity=665)
13:00:19.547 [main] DEBUG c.orderbook.OrderBook - [ORDERBOOK] ASK: Adding orderMktData(price=98,quantity=501)
13:00:19.547 [main] INFO  c.o.visitor.MutatingAddOrderVisitor - [ORDERBOOK] + Limit(side=SELL,orderId=17,price=98,quantity=501)
13:00:19.547 [main] DEBUG c.orderbook.OrderBook - [ORDERBOOK] ASK: Adding orderMktData(price=101,quantity=200)
13:00:19.547 [main] DEBUG c.orderbook.OrderBook - [ORDERBOOK] ASK: Adding orderMktData(price=110,quantity=5000)
13:00:19.547 [main] DEBUG c.orderbook.OrderBook - [ORDERBOOK] ASK: Adding orderMktData(price=119,quantity=5600)
13:00:19.547 [main] DEBUG c.orderbook.OrderBook - [ORDERBOOK] ASK: Adding orderMktData(price=123,quantity=453)
13:00:19.547 [main] DEBUG c.orderbook.OrderBook - [ORDERBOOK] ASK: Adding orderMktData(price=144,quantity=645)
13:00:19.547 [main] DEBUG c.orderbook.OrderBook - [ORDERBOOK] ASK: Adding orderMktData(price=167,quantity=665)
13:00:19.547 [main] DEBUG c.service.MarketDataService - [ALGO] BID: price:43 quantity:134
13:00:19.547 [main] DEBUG c.service.MarketDataService - [ALGO] BID: price:76 quantity:145
13:00:19.547 [main] DEBUG c.service.MarketDataService - [ALGO] BID: price:91 quantity:300
13:00:19.547 [main] DEBUG c.service.MarketDataService - [ALGO] BID: price:93 quantity:200
13:00:19.547 [main] DEBUG c.service.MarketDataService - [ALGO] BID: price:95 quantity:100
13:00:19.547 [main] DEBUG c.service.MarketDataService - [ALGO] BID: price:98 quantity:154
13:00:19.547 [main] DEBUG c.service.MarketDataService - [ALGO] ASK: price:98 quantity:501
13:00:19.547 [main] DEBUG c.service.MarketDataService - [ALGO] ASK: price:101 quantity:200
13:00:19.547 [main] DEBUG c.service.MarketDataService - [ALGO] ASK: price:110 quantity:5000
13:00:19.547 [main] DEBUG c.service.MarketDataService - [ALGO] ASK: price:119 quantity:5600
13:00:19.547 [main] DEBUG c.service.MarketDataService - [ALGO] ASK: price:123 quantity:453
13:00:19.547 [main] DEBUG c.service.MarketDataService - [ALGO] ASK: price:144 quantity:645
13:00:19.547 [main] DEBUG c.service.MarketDataService - [ALGO] ASK: price:167 quantity:665
13:00:19.547 [main] INFO  c.gettingstarted.MyAlgoLogic - [MYALGO] The state of the order book is:
|----BID-----||----ASK----|
    134 @ 43    501 @ 98
    145 @ 76   200 @ 101
    300 @ 91  5000 @ 110
    200 @ 93  5600 @ 119
    100 @ 95   453 @ 123
    154 @ 98   645 @ 144
          -    665 @ 167
|------------||-----------|

13:00:19.547 [main] INFO  c.gettingstarted.MyAlgoLogic - [MYALGO] Algo Sees Book as: 
|----BID-----||----ASK----|
    134 @ 43    501 @ 98
    145 @ 76   200 @ 101
    300 @ 91  5000 @ 110
    200 @ 93  5600 @ 119
    100 @ 95   453 @ 123
    154 @ 98   645 @ 144
          -    665 @ 167
|------------||-----------|

13:00:19.547 [main] INFO  c.gettingstarted.TimedLogic - [TIMEDLOGIC] Market is open
13:00:19.547 [main] INFO  c.sequencer.consumer.LoggingConsumer - [152] 
|----BID-----|
    134 @ 43
    145 @ 76
    300 @ 91
    200 @ 93
    100 @ 95
    154 @ 98
|----ASK-----|
    501 @ 98
   200 @ 101
  5000 @ 110
  5600 @ 119
   453 @ 123
   645 @ 144
   665 @ 167

13:00:19.547 [main] INFO  c.orderbook.OrderBook - [ORDERBOOK] Processing Mkt Data Update
13:00:19.547 [main] INFO  c.o.v.MutatingRemoveAllMarketDataOrdersVisitor - [ORDERBOOK] Removing market data order:MktData(price=43,quantity=134)
13:00:19.547 [main] DEBUG c.orderbook.OrderBook - [ORDERBOOK] ASK: Adding orderMktData(price=43,quantity=134)
13:00:19.547 [main] INFO  c.o.visitor.MutatingAddOrderVisitor - [ORDERBOOK] + Limit(side=BUY,orderId=16,price=43,quantity=2195456)
13:00:19.547 [main] DEBUG c.orderbook.OrderBook - [ORDERBOOK] ASK: Adding orderMktData(price=76,quantity=145)
13:00:19.547 [main] DEBUG c.orderbook.OrderBook - [ORDERBOOK] ASK: Adding orderMktData(price=91,quantity=300)
13:00:19.547 [main] DEBUG c.orderbook.OrderBook - [ORDERBOOK] ASK: Adding orderMktData(price=93,quantity=200)
13:00:19.547 [main] DEBUG c.orderbook.OrderBook - [ORDERBOOK] ASK: Adding orderMktData(price=95,quantity=100)
13:00:19.547 [main] DEBUG c.orderbook.OrderBook - [ORDERBOOK] ASK: Adding orderMktData(price=98,quantity=154)
13:00:19.547 [main] INFO  c.o.v.MutatingMatchOneMarketDataOrderVisitor - [ORDERBOOK] visiting LevelOrderBookLevel(price=43,quantity=4267096)
13:00:19.547 [main] INFO  c.o.v.MutatingMatchOneMarketDataOrderVisitor - [ORDERBOOK] Can't match order:Limit(side=BUY,orderId=3,price=43,quantity=268)(MktData(price=98,quantity=154))
13:00:19.547 [main] INFO  c.o.v.MutatingMatchOneMarketDataOrderVisitor - [ORDERBOOK] Can't match order:Limit(side=BUY,orderId=5,price=43,quantity=1072)(MktData(price=98,quantity=154))
13:00:19.547 [main] INFO  c.o.v.MutatingMatchOneMarketDataOrderVisitor - [ORDERBOOK] Can't match order:Limit(side=BUY,orderId=7,price=43,quantity=4288)(MktData(price=98,quantity=154))
13:00:19.547 [main] INFO  c.o.v.MutatingMatchOneMarketDataOrderVisitor - [ORDERBOOK] Can't match order:Limit(side=BUY,orderId=9,price=43,quantity=17152)(MktData(price=98,quantity=154))
13:00:19.547 [main] INFO  c.o.v.MutatingMatchOneMarketDataOrderVisitor - [ORDERBOOK] Can't match order:Limit(side=BUY,orderId=11,price=43,quantity=68608)(MktData(price=98,quantity=154))
13:00:19.547 [main] INFO  c.o.v.MutatingMatchOneMarketDataOrderVisitor - [ORDERBOOK] Can't match order:Limit(side=BUY,orderId=12,price=43,quantity=137216)(MktData(price=98,quantity=154))
13:00:19.547 [main] INFO  c.o.v.MutatingMatchOneMarketDataOrderVisitor - [ORDERBOOK] Can't match order:Limit(side=BUY,orderId=13,price=43,quantity=274432)(MktData(price=98,quantity=154))
13:00:19.547 [main] INFO  c.o.v.MutatingMatchOneMarketDataOrderVisitor - [ORDERBOOK] Can't match order:Limit(side=BUY,orderId=14,price=43,quantity=548864)(MktData(price=98,quantity=154))
13:00:19.547 [main] INFO  c.o.v.MutatingMatchOneMarketDataOrderVisitor - [ORDERBOOK] Can't match order:Limit(side=BUY,orderId=15,price=43,quantity=1097728)(MktData(price=98,quantity=154))
13:00:19.547 [main] INFO  c.o.v.MutatingMatchOneMarketDataOrderVisitor - [ORDERBOOK] Can't match order:Limit(side=BUY,orderId=16,price=43,quantity=2195456)(MktData(price=98,quantity=154))
13:00:19.547 [main] INFO  c.o.v.MutatingMatchOneMarketDataOrderVisitor - [ORDERBOOK] Can't match order:MktData(price=43,quantity=134)(MktData(price=98,quantity=154))
13:00:19.547 [main] INFO  c.o.v.MutatingRemoveAllMarketDataOrdersVisitor - [ORDERBOOK] Removing market data order:MktData(price=98,quantity=501)
13:00:19.547 [main] INFO  c.o.v.MutatingRemoveAllMarketDataOrdersVisitor - [ORDERBOOK] Removing market data order:MktData(price=110,quantity=5000)
13:00:19.547 [main] INFO  c.o.v.MutatingRemoveAllMarketDataOrdersVisitor - [ORDERBOOK] Removing market data order:MktData(price=123,quantity=453)
13:00:19.547 [main] INFO  c.o.v.MutatingRemoveAllMarketDataOrdersVisitor - [ORDERBOOK] Removing market data order:MktData(price=167,quantity=665)
13:00:19.547 [main] DEBUG c.orderbook.OrderBook - [ORDERBOOK] ASK: Adding orderMktData(price=98,quantity=501)
13:00:19.547 [main] INFO  c.o.visitor.MutatingAddOrderVisitor - [ORDERBOOK] + Limit(side=SELL,orderId=17,price=98,quantity=501)
13:00:19.547 [main] DEBUG c.orderbook.OrderBook - [ORDERBOOK] ASK: Adding orderMktData(price=101,quantity=200)
13:00:19.547 [main] DEBUG c.orderbook.OrderBook - [ORDERBOOK] ASK: Adding orderMktData(price=110,quantity=5000)
13:00:19.547 [main] DEBUG c.orderbook.OrderBook - [ORDERBOOK] ASK: Adding orderMktData(price=119,quantity=5600)
13:00:19.547 [main] DEBUG c.orderbook.OrderBook - [ORDERBOOK] ASK: Adding orderMktData(price=123,quantity=453)
13:00:19.547 [main] DEBUG c.orderbook.OrderBook - [ORDERBOOK] ASK: Adding orderMktData(price=144,quantity=645)
13:00:19.547 [main] DEBUG c.orderbook.OrderBook - [ORDERBOOK] ASK: Adding orderMktData(price=167,quantity=665)
13:00:19.547 [main] DEBUG c.service.MarketDataService - [ALGO] BID: price:43 quantity:134
13:00:19.547 [main] DEBUG c.service.MarketDataService - [ALGO] BID: price:76 quantity:145
13:00:19.547 [main] DEBUG c.service.MarketDataService - [ALGO] BID: price:91 quantity:300
13:00:19.547 [main] DEBUG c.service.MarketDataService - [ALGO] BID: price:93 quantity:200
13:00:19.547 [main] DEBUG c.service.MarketDataService - [ALGO] BID: price:95 quantity:100
13:00:19.547 [main] DEBUG c.service.MarketDataService - [ALGO] BID: price:98 quantity:154
13:00:19.547 [main] DEBUG c.service.MarketDataService - [ALGO] ASK: price:98 quantity:501
13:00:19.547 [main] DEBUG c.service.MarketDataService - [ALGO] ASK: price:101 quantity:200
13:00:19.547 [main] DEBUG c.service.MarketDataService - [ALGO] ASK: price:110 quantity:5000
13:00:19.547 [main] DEBUG c.service.MarketDataService - [ALGO] ASK: price:119 quantity:5600
13:00:19.547 [main] DEBUG c.service.MarketDataService - [ALGO] ASK: price:123 quantity:453
13:00:19.547 [main] DEBUG c.service.MarketDataService - [ALGO] ASK: price:144 quantity:645
13:00:19.547 [main] DEBUG c.service.MarketDataService - [ALGO] ASK: price:167 quantity:665
13:00:19.547 [main] INFO  c.gettingstarted.MyAlgoLogic - [MYALGO] The state of the order book is:
|----BID-----||----ASK----|
    134 @ 43    501 @ 98
    145 @ 76   200 @ 101
    300 @ 91  5000 @ 110
    200 @ 93  5600 @ 119
    100 @ 95   453 @ 123
    154 @ 98   645 @ 144
          -    665 @ 167
|------------||-----------|

13:00:19.547 [main] INFO  c.gettingstarted.MyAlgoLogic - [MYALGO] Algo Sees Book as: 
|----BID-----||----ASK----|
    134 @ 43    501 @ 98
    145 @ 76   200 @ 101
    300 @ 91  5000 @ 110
    200 @ 93  5600 @ 119
    100 @ 95   453 @ 123
    154 @ 98   645 @ 144
          -    665 @ 167
|------------||-----------|

13:00:19.547 [main] INFO  c.gettingstarted.TimedLogic - [TIMEDLOGIC] Market is open
13:00:19.547 [main] INFO  c.sequencer.consumer.LoggingConsumer - [153] 
|----BID-----|
    134 @ 43
    145 @ 76
    300 @ 91
    200 @ 93
    100 @ 95
    154 @ 98
|----ASK-----|
    501 @ 98
   200 @ 101
  5000 @ 110
  5600 @ 119
   453 @ 123
   645 @ 144
   665 @ 167

13:00:19.547 [main] INFO  c.orderbook.OrderBook - [ORDERBOOK] Processing Mkt Data Update
13:00:19.547 [main] INFO  c.o.v.MutatingRemoveAllMarketDataOrdersVisitor - [ORDERBOOK] Removing market data order:MktData(price=43,quantity=134)
13:00:19.547 [main] DEBUG c.orderbook.OrderBook - [ORDERBOOK] ASK: Adding orderMktData(price=43,quantity=134)
13:00:19.547 [main] INFO  c.o.visitor.MutatingAddOrderVisitor - [ORDERBOOK] + Limit(side=BUY,orderId=16,price=43,quantity=2195456)
13:00:19.547 [main] DEBUG c.orderbook.OrderBook - [ORDERBOOK] ASK: Adding orderMktData(price=76,quantity=145)
13:00:19.547 [main] DEBUG c.orderbook.OrderBook - [ORDERBOOK] ASK: Adding orderMktData(price=91,quantity=300)
13:00:19.547 [main] DEBUG c.orderbook.OrderBook - [ORDERBOOK] ASK: Adding orderMktData(price=93,quantity=200)
13:00:19.547 [main] DEBUG c.orderbook.OrderBook - [ORDERBOOK] ASK: Adding orderMktData(price=95,quantity=100)
13:00:19.547 [main] DEBUG c.orderbook.OrderBook - [ORDERBOOK] ASK: Adding orderMktData(price=98,quantity=154)
13:00:19.547 [main] INFO  c.o.v.MutatingMatchOneMarketDataOrderVisitor - [ORDERBOOK] visiting LevelOrderBookLevel(price=43,quantity=4267230)
13:00:19.547 [main] INFO  c.o.v.MutatingMatchOneMarketDataOrderVisitor - [ORDERBOOK] Can't match order:Limit(side=BUY,orderId=3,price=43,quantity=268)(MktData(price=98,quantity=154))
13:00:19.547 [main] INFO  c.o.v.MutatingMatchOneMarketDataOrderVisitor - [ORDERBOOK] Can't match order:Limit(side=BUY,orderId=5,price=43,quantity=1072)(MktData(price=98,quantity=154))
13:00:19.547 [main] INFO  c.o.v.MutatingMatchOneMarketDataOrderVisitor - [ORDERBOOK] Can't match order:Limit(side=BUY,orderId=7,price=43,quantity=4288)(MktData(price=98,quantity=154))
13:00:19.547 [main] INFO  c.o.v.MutatingMatchOneMarketDataOrderVisitor - [ORDERBOOK] Can't match order:Limit(side=BUY,orderId=9,price=43,quantity=17152)(MktData(price=98,quantity=154))
13:00:19.547 [main] INFO  c.o.v.MutatingMatchOneMarketDataOrderVisitor - [ORDERBOOK] Can't match order:Limit(side=BUY,orderId=11,price=43,quantity=68608)(MktData(price=98,quantity=154))
13:00:19.547 [main] INFO  c.o.v.MutatingMatchOneMarketDataOrderVisitor - [ORDERBOOK] Can't match order:Limit(side=BUY,orderId=12,price=43,quantity=137216)(MktData(price=98,quantity=154))
13:00:19.547 [main] INFO  c.o.v.MutatingMatchOneMarketDataOrderVisitor - [ORDERBOOK] Can't match order:Limit(side=BUY,orderId=13,price=43,quantity=274432)(MktData(price=98,quantity=154))
13:00:19.547 [main] INFO  c.o.v.MutatingMatchOneMarketDataOrderVisitor - [ORDERBOOK] Can't match order:Limit(side=BUY,orderId=14,price=43,quantity=548864)(MktData(price=98,quantity=154))
13:00:19.547 [main] INFO  c.o.v.MutatingMatchOneMarketDataOrderVisitor - [ORDERBOOK] Can't match order:Limit(side=BUY,orderId=15,price=43,quantity=1097728)(MktData(price=98,quantity=154))
13:00:19.547 [main] INFO  c.o.v.MutatingMatchOneMarketDataOrderVisitor - [ORDERBOOK] Can't match order:Limit(side=BUY,orderId=16,price=43,quantity=2195456)(MktData(price=98,quantity=154))
13:00:19.547 [main] INFO  c.o.v.MutatingMatchOneMarketDataOrderVisitor - [ORDERBOOK] Can't match order:MktData(price=43,quantity=134)(MktData(price=98,quantity=154))
13:00:19.547 [main] INFO  c.o.v.MutatingRemoveAllMarketDataOrdersVisitor - [ORDERBOOK] Removing market data order:MktData(price=98,quantity=501)
13:00:19.547 [main] INFO  c.o.v.MutatingRemoveAllMarketDataOrdersVisitor - [ORDERBOOK] Removing market data order:MktData(price=110,quantity=5000)
13:00:19.547 [main] INFO  c.o.v.MutatingRemoveAllMarketDataOrdersVisitor - [ORDERBOOK] Removing market data order:MktData(price=123,quantity=453)
13:00:19.547 [main] INFO  c.o.v.MutatingRemoveAllMarketDataOrdersVisitor - [ORDERBOOK] Removing market data order:MktData(price=167,quantity=665)
13:00:19.547 [main] DEBUG c.orderbook.OrderBook - [ORDERBOOK] ASK: Adding orderMktData(price=98,quantity=501)
13:00:19.547 [main] INFO  c.o.visitor.MutatingAddOrderVisitor - [ORDERBOOK] + Limit(side=SELL,orderId=17,price=98,quantity=501)
13:00:19.547 [main] DEBUG c.orderbook.OrderBook - [ORDERBOOK] ASK: Adding orderMktData(price=101,quantity=200)
13:00:19.547 [main] DEBUG c.orderbook.OrderBook - [ORDERBOOK] ASK: Adding orderMktData(price=110,quantity=5000)
13:00:19.547 [main] DEBUG c.orderbook.OrderBook - [ORDERBOOK] ASK: Adding orderMktData(price=119,quantity=5600)
13:00:19.547 [main] DEBUG c.orderbook.OrderBook - [ORDERBOOK] ASK: Adding orderMktData(price=123,quantity=453)
13:00:19.547 [main] DEBUG c.orderbook.OrderBook - [ORDERBOOK] ASK: Adding orderMktData(price=144,quantity=645)
13:00:19.547 [main] DEBUG c.orderbook.OrderBook - [ORDERBOOK] ASK: Adding orderMktData(price=167,quantity=665)
13:00:19.547 [main] DEBUG c.service.MarketDataService - [ALGO] BID: price:43 quantity:134
13:00:19.547 [main] DEBUG c.service.MarketDataService - [ALGO] BID: price:76 quantity:145
13:00:19.547 [main] DEBUG c.service.MarketDataService - [ALGO] BID: price:91 quantity:300
13:00:19.547 [main] DEBUG c.service.MarketDataService - [ALGO] BID: price:93 quantity:200
13:00:19.547 [main] DEBUG c.service.MarketDataService - [ALGO] BID: price:95 quantity:100
13:00:19.547 [main] DEBUG c.service.MarketDataService - [ALGO] BID: price:98 quantity:154
13:00:19.547 [main] DEBUG c.service.MarketDataService - [ALGO] ASK: price:98 quantity:501
13:00:19.547 [main] DEBUG c.service.MarketDataService - [ALGO] ASK: price:101 quantity:200
13:00:19.547 [main] DEBUG c.service.MarketDataService - [ALGO] ASK: price:110 quantity:5000
13:00:19.547 [main] DEBUG c.service.MarketDataService - [ALGO] ASK: price:119 quantity:5600
13:00:19.547 [main] DEBUG c.service.MarketDataService - [ALGO] ASK: price:123 quantity:453
13:00:19.547 [main] DEBUG c.service.MarketDataService - [ALGO] ASK: price:144 quantity:645
13:00:19.547 [main] DEBUG c.service.MarketDataService - [ALGO] ASK: price:167 quantity:665
13:00:19.547 [main] INFO  c.gettingstarted.MyAlgoLogic - [MYALGO] The state of the order book is:
|----BID-----||----ASK----|
    134 @ 43    501 @ 98
    145 @ 76   200 @ 101
    300 @ 91  5000 @ 110
    200 @ 93  5600 @ 119
    100 @ 95   453 @ 123
    154 @ 98   645 @ 144
          -    665 @ 167
|------------||-----------|

13:00:19.547 [main] INFO  c.gettingstarted.MyAlgoLogic - [MYALGO] Algo Sees Book as: 
|----BID-----||----ASK----|
    134 @ 43    501 @ 98
    145 @ 76   200 @ 101
    300 @ 91  5000 @ 110
    200 @ 93  5600 @ 119
    100 @ 95   453 @ 123
    154 @ 98   645 @ 144
          -    665 @ 167
|------------||-----------|

13:00:19.547 [main] INFO  c.gettingstarted.TimedLogic - [TIMEDLOGIC] Market is open
13:00:19.547 [main] INFO  c.sequencer.consumer.LoggingConsumer - [154] 
|----BID-----|
    134 @ 43
    145 @ 76
    300 @ 91
    200 @ 93
    100 @ 95
    154 @ 98
|----ASK-----|
    501 @ 98
   200 @ 101
  5000 @ 110
  5600 @ 119
   453 @ 123
   645 @ 144
   665 @ 167

13:00:19.547 [main] INFO  c.orderbook.OrderBook - [ORDERBOOK] Processing Mkt Data Update
13:00:19.547 [main] INFO  c.o.v.MutatingRemoveAllMarketDataOrdersVisitor - [ORDERBOOK] Removing market data order:MktData(price=43,quantity=134)
13:00:19.547 [main] DEBUG c.orderbook.OrderBook - [ORDERBOOK] ASK: Adding orderMktData(price=43,quantity=134)
13:00:19.547 [main] INFO  c.o.visitor.MutatingAddOrderVisitor - [ORDERBOOK] + Limit(side=BUY,orderId=16,price=43,quantity=2195456)
13:00:19.547 [main] DEBUG c.orderbook.OrderBook - [ORDERBOOK] ASK: Adding orderMktData(price=76,quantity=145)
13:00:19.547 [main] DEBUG c.orderbook.OrderBook - [ORDERBOOK] ASK: Adding orderMktData(price=91,quantity=300)
13:00:19.547 [main] DEBUG c.orderbook.OrderBook - [ORDERBOOK] ASK: Adding orderMktData(price=93,quantity=200)
13:00:19.547 [main] DEBUG c.orderbook.OrderBook - [ORDERBOOK] ASK: Adding orderMktData(price=95,quantity=100)
13:00:19.547 [main] DEBUG c.orderbook.OrderBook - [ORDERBOOK] ASK: Adding orderMktData(price=98,quantity=154)
13:00:19.547 [main] INFO  c.o.v.MutatingMatchOneMarketDataOrderVisitor - [ORDERBOOK] visiting LevelOrderBookLevel(price=43,quantity=4267364)
13:00:19.547 [main] INFO  c.o.v.MutatingMatchOneMarketDataOrderVisitor - [ORDERBOOK] Can't match order:Limit(side=BUY,orderId=3,price=43,quantity=268)(MktData(price=98,quantity=154))
13:00:19.547 [main] INFO  c.o.v.MutatingMatchOneMarketDataOrderVisitor - [ORDERBOOK] Can't match order:Limit(side=BUY,orderId=5,price=43,quantity=1072)(MktData(price=98,quantity=154))
13:00:19.547 [main] INFO  c.o.v.MutatingMatchOneMarketDataOrderVisitor - [ORDERBOOK] Can't match order:Limit(side=BUY,orderId=7,price=43,quantity=4288)(MktData(price=98,quantity=154))
13:00:19.547 [main] INFO  c.o.v.MutatingMatchOneMarketDataOrderVisitor - [ORDERBOOK] Can't match order:Limit(side=BUY,orderId=9,price=43,quantity=17152)(MktData(price=98,quantity=154))
13:00:19.547 [main] INFO  c.o.v.MutatingMatchOneMarketDataOrderVisitor - [ORDERBOOK] Can't match order:Limit(side=BUY,orderId=11,price=43,quantity=68608)(MktData(price=98,quantity=154))
13:00:19.547 [main] INFO  c.o.v.MutatingMatchOneMarketDataOrderVisitor - [ORDERBOOK] Can't match order:Limit(side=BUY,orderId=12,price=43,quantity=137216)(MktData(price=98,quantity=154))
13:00:19.547 [main] INFO  c.o.v.MutatingMatchOneMarketDataOrderVisitor - [ORDERBOOK] Can't match order:Limit(side=BUY,orderId=13,price=43,quantity=274432)(MktData(price=98,quantity=154))
13:00:19.547 [main] INFO  c.o.v.MutatingMatchOneMarketDataOrderVisitor - [ORDERBOOK] Can't match order:Limit(side=BUY,orderId=14,price=43,quantity=548864)(MktData(price=98,quantity=154))
13:00:19.547 [main] INFO  c.o.v.MutatingMatchOneMarketDataOrderVisitor - [ORDERBOOK] Can't match order:Limit(side=BUY,orderId=15,price=43,quantity=1097728)(MktData(price=98,quantity=154))
13:00:19.547 [main] INFO  c.o.v.MutatingMatchOneMarketDataOrderVisitor - [ORDERBOOK] Can't match order:Limit(side=BUY,orderId=16,price=43,quantity=2195456)(MktData(price=98,quantity=154))
13:00:19.547 [main] INFO  c.o.v.MutatingMatchOneMarketDataOrderVisitor - [ORDERBOOK] Can't match order:MktData(price=43,quantity=134)(MktData(price=98,quantity=154))
13:00:19.547 [main] INFO  c.o.v.MutatingRemoveAllMarketDataOrdersVisitor - [ORDERBOOK] Removing market data order:MktData(price=98,quantity=501)
13:00:19.547 [main] INFO  c.o.v.MutatingRemoveAllMarketDataOrdersVisitor - [ORDERBOOK] Removing market data order:MktData(price=110,quantity=5000)
13:00:19.547 [main] INFO  c.o.v.MutatingRemoveAllMarketDataOrdersVisitor - [ORDERBOOK] Removing market data order:MktData(price=123,quantity=453)
13:00:19.547 [main] INFO  c.o.v.MutatingRemoveAllMarketDataOrdersVisitor - [ORDERBOOK] Removing market data order:MktData(price=167,quantity=665)
13:00:19.547 [main] DEBUG c.orderbook.OrderBook - [ORDERBOOK] ASK: Adding orderMktData(price=98,quantity=501)
13:00:19.547 [main] INFO  c.o.visitor.MutatingAddOrderVisitor - [ORDERBOOK] + Limit(side=SELL,orderId=17,price=98,quantity=501)
13:00:19.547 [main] DEBUG c.orderbook.OrderBook - [ORDERBOOK] ASK: Adding orderMktData(price=101,quantity=200)
13:00:19.547 [main] DEBUG c.orderbook.OrderBook - [ORDERBOOK] ASK: Adding orderMktData(price=110,quantity=5000)
13:00:19.547 [main] DEBUG c.orderbook.OrderBook - [ORDERBOOK] ASK: Adding orderMktData(price=119,quantity=5600)
13:00:19.547 [main] DEBUG c.orderbook.OrderBook - [ORDERBOOK] ASK: Adding orderMktData(price=123,quantity=453)
13:00:19.547 [main] DEBUG c.orderbook.OrderBook - [ORDERBOOK] ASK: Adding orderMktData(price=144,quantity=645)
13:00:19.547 [main] DEBUG c.orderbook.OrderBook - [ORDERBOOK] ASK: Adding orderMktData(price=167,quantity=665)
13:00:19.547 [main] DEBUG c.service.MarketDataService - [ALGO] BID: price:43 quantity:134
13:00:19.547 [main] DEBUG c.service.MarketDataService - [ALGO] BID: price:76 quantity:145
13:00:19.547 [main] DEBUG c.service.MarketDataService - [ALGO] BID: price:91 quantity:300
13:00:19.547 [main] DEBUG c.service.MarketDataService - [ALGO] BID: price:93 quantity:200
13:00:19.547 [main] DEBUG c.service.MarketDataService - [ALGO] BID: price:95 quantity:100
13:00:19.547 [main] DEBUG c.service.MarketDataService - [ALGO] BID: price:98 quantity:154
13:00:19.547 [main] DEBUG c.service.MarketDataService - [ALGO] ASK: price:98 quantity:501
13:00:19.547 [main] DEBUG c.service.MarketDataService - [ALGO] ASK: price:101 quantity:200
13:00:19.547 [main] DEBUG c.service.MarketDataService - [ALGO] ASK: price:110 quantity:5000
13:00:19.547 [main] DEBUG c.service.MarketDataService - [ALGO] ASK: price:119 quantity:5600
13:00:19.547 [main] DEBUG c.service.MarketDataService - [ALGO] ASK: price:123 quantity:453
13:00:19.547 [main] DEBUG c.service.MarketDataService - [ALGO] ASK: price:144 quantity:645
13:00:19.547 [main] DEBUG c.service.MarketDataService - [ALGO] ASK: price:167 quantity:665
13:00:19.547 [main] INFO  c.gettingstarted.MyAlgoLogic - [MYALGO] The state of the order book is:
|----BID-----||----ASK----|
    134 @ 43    501 @ 98
    145 @ 76   200 @ 101
    300 @ 91  5000 @ 110
    200 @ 93  5600 @ 119
    100 @ 95   453 @ 123
    154 @ 98   645 @ 144
          -    665 @ 167
|------------||-----------|

13:00:19.547 [main] INFO  c.gettingstarted.MyAlgoLogic - [MYALGO] Algo Sees Book as: 
|----BID-----||----ASK----|
    134 @ 43    501 @ 98
    145 @ 76   200 @ 101
    300 @ 91  5000 @ 110
    200 @ 93  5600 @ 119
    100 @ 95   453 @ 123
    154 @ 98   645 @ 144
          -    665 @ 167
|------------||-----------|

13:00:19.547 [main] INFO  c.gettingstarted.TimedLogic - [TIMEDLOGIC] Market is open
13:00:19.547 [main] INFO  c.sequencer.consumer.LoggingConsumer - [155] 
|----BID-----|
    134 @ 43
    145 @ 76
    300 @ 91
    200 @ 93
    100 @ 95
    154 @ 98
|----ASK-----|
    501 @ 98
   200 @ 101
  5000 @ 110
  5600 @ 119
   453 @ 123
   645 @ 144
   665 @ 167

13:00:19.547 [main] INFO  c.orderbook.OrderBook - [ORDERBOOK] Processing Mkt Data Update
13:00:19.547 [main] INFO  c.o.v.MutatingRemoveAllMarketDataOrdersVisitor - [ORDERBOOK] Removing market data order:MktData(price=43,quantity=134)
13:00:19.547 [main] DEBUG c.orderbook.OrderBook - [ORDERBOOK] ASK: Adding orderMktData(price=43,quantity=134)
13:00:19.547 [main] INFO  c.o.visitor.MutatingAddOrderVisitor - [ORDERBOOK] + Limit(side=BUY,orderId=16,price=43,quantity=2195456)
13:00:19.547 [main] DEBUG c.orderbook.OrderBook - [ORDERBOOK] ASK: Adding orderMktData(price=76,quantity=145)
13:00:19.547 [main] DEBUG c.orderbook.OrderBook - [ORDERBOOK] ASK: Adding orderMktData(price=91,quantity=300)
13:00:19.547 [main] DEBUG c.orderbook.OrderBook - [ORDERBOOK] ASK: Adding orderMktData(price=93,quantity=200)
13:00:19.547 [main] DEBUG c.orderbook.OrderBook - [ORDERBOOK] ASK: Adding orderMktData(price=95,quantity=100)
13:00:19.547 [main] DEBUG c.orderbook.OrderBook - [ORDERBOOK] ASK: Adding orderMktData(price=98,quantity=154)
13:00:19.547 [main] INFO  c.o.v.MutatingMatchOneMarketDataOrderVisitor - [ORDERBOOK] visiting LevelOrderBookLevel(price=43,quantity=4267498)
13:00:19.547 [main] INFO  c.o.v.MutatingMatchOneMarketDataOrderVisitor - [ORDERBOOK] Can't match order:Limit(side=BUY,orderId=3,price=43,quantity=268)(MktData(price=98,quantity=154))
13:00:19.547 [main] INFO  c.o.v.MutatingMatchOneMarketDataOrderVisitor - [ORDERBOOK] Can't match order:Limit(side=BUY,orderId=5,price=43,quantity=1072)(MktData(price=98,quantity=154))
13:00:19.547 [main] INFO  c.o.v.MutatingMatchOneMarketDataOrderVisitor - [ORDERBOOK] Can't match order:Limit(side=BUY,orderId=7,price=43,quantity=4288)(MktData(price=98,quantity=154))
13:00:19.547 [main] INFO  c.o.v.MutatingMatchOneMarketDataOrderVisitor - [ORDERBOOK] Can't match order:Limit(side=BUY,orderId=9,price=43,quantity=17152)(MktData(price=98,quantity=154))
13:00:19.547 [main] INFO  c.o.v.MutatingMatchOneMarketDataOrderVisitor - [ORDERBOOK] Can't match order:Limit(side=BUY,orderId=11,price=43,quantity=68608)(MktData(price=98,quantity=154))
13:00:19.547 [main] INFO  c.o.v.MutatingMatchOneMarketDataOrderVisitor - [ORDERBOOK] Can't match order:Limit(side=BUY,orderId=12,price=43,quantity=137216)(MktData(price=98,quantity=154))
13:00:19.547 [main] INFO  c.o.v.MutatingMatchOneMarketDataOrderVisitor - [ORDERBOOK] Can't match order:Limit(side=BUY,orderId=13,price=43,quantity=274432)(MktData(price=98,quantity=154))
13:00:19.547 [main] INFO  c.o.v.MutatingMatchOneMarketDataOrderVisitor - [ORDERBOOK] Can't match order:Limit(side=BUY,orderId=14,price=43,quantity=548864)(MktData(price=98,quantity=154))
13:00:19.547 [main] INFO  c.o.v.MutatingMatchOneMarketDataOrderVisitor - [ORDERBOOK] Can't match order:Limit(side=BUY,orderId=15,price=43,quantity=1097728)(MktData(price=98,quantity=154))
13:00:19.547 [main] INFO  c.o.v.MutatingMatchOneMarketDataOrderVisitor - [ORDERBOOK] Can't match order:Limit(side=BUY,orderId=16,price=43,quantity=2195456)(MktData(price=98,quantity=154))
13:00:19.547 [main] INFO  c.o.v.MutatingMatchOneMarketDataOrderVisitor - [ORDERBOOK] Can't match order:MktData(price=43,quantity=134)(MktData(price=98,quantity=154))
13:00:19.547 [main] INFO  c.o.v.MutatingRemoveAllMarketDataOrdersVisitor - [ORDERBOOK] Removing market data order:MktData(price=98,quantity=501)
13:00:19.547 [main] INFO  c.o.v.MutatingRemoveAllMarketDataOrdersVisitor - [ORDERBOOK] Removing market data order:MktData(price=110,quantity=5000)
13:00:19.547 [main] INFO  c.o.v.MutatingRemoveAllMarketDataOrdersVisitor - [ORDERBOOK] Removing market data order:MktData(price=123,quantity=453)
13:00:19.547 [main] INFO  c.o.v.MutatingRemoveAllMarketDataOrdersVisitor - [ORDERBOOK] Removing market data order:MktData(price=167,quantity=665)
13:00:19.547 [main] DEBUG c.orderbook.OrderBook - [ORDERBOOK] ASK: Adding orderMktData(price=98,quantity=501)
13:00:19.547 [main] INFO  c.o.visitor.MutatingAddOrderVisitor - [ORDERBOOK] + Limit(side=SELL,orderId=17,price=98,quantity=501)
13:00:19.547 [main] DEBUG c.orderbook.OrderBook - [ORDERBOOK] ASK: Adding orderMktData(price=101,quantity=200)
13:00:19.547 [main] DEBUG c.orderbook.OrderBook - [ORDERBOOK] ASK: Adding orderMktData(price=110,quantity=5000)
13:00:19.547 [main] DEBUG c.orderbook.OrderBook - [ORDERBOOK] ASK: Adding orderMktData(price=119,quantity=5600)
13:00:19.547 [main] DEBUG c.orderbook.OrderBook - [ORDERBOOK] ASK: Adding orderMktData(price=123,quantity=453)
13:00:19.547 [main] DEBUG c.orderbook.OrderBook - [ORDERBOOK] ASK: Adding orderMktData(price=144,quantity=645)
13:00:19.547 [main] DEBUG c.orderbook.OrderBook - [ORDERBOOK] ASK: Adding orderMktData(price=167,quantity=665)
13:00:19.547 [main] DEBUG c.service.MarketDataService - [ALGO] BID: price:43 quantity:134
13:00:19.547 [main] DEBUG c.service.MarketDataService - [ALGO] BID: price:76 quantity:145
13:00:19.547 [main] DEBUG c.service.MarketDataService - [ALGO] BID: price:91 quantity:300
13:00:19.547 [main] DEBUG c.service.MarketDataService - [ALGO] BID: price:93 quantity:200
13:00:19.547 [main] DEBUG c.service.MarketDataService - [ALGO] BID: price:95 quantity:100
13:00:19.547 [main] DEBUG c.service.MarketDataService - [ALGO] BID: price:98 quantity:154
13:00:19.547 [main] DEBUG c.service.MarketDataService - [ALGO] ASK: price:98 quantity:501
13:00:19.547 [main] DEBUG c.service.MarketDataService - [ALGO] ASK: price:101 quantity:200
13:00:19.547 [main] DEBUG c.service.MarketDataService - [ALGO] ASK: price:110 quantity:5000
13:00:19.547 [main] DEBUG c.service.MarketDataService - [ALGO] ASK: price:119 quantity:5600
13:00:19.547 [main] DEBUG c.service.MarketDataService - [ALGO] ASK: price:123 quantity:453
13:00:19.547 [main] DEBUG c.service.MarketDataService - [ALGO] ASK: price:144 quantity:645
13:00:19.547 [main] DEBUG c.service.MarketDataService - [ALGO] ASK: price:167 quantity:665
13:00:19.547 [main] INFO  c.gettingstarted.MyAlgoLogic - [MYALGO] The state of the order book is:
|----BID-----||----ASK----|
    134 @ 43    501 @ 98
    145 @ 76   200 @ 101
    300 @ 91  5000 @ 110
    200 @ 93  5600 @ 119
    100 @ 95   453 @ 123
    154 @ 98   645 @ 144
          -    665 @ 167
|------------||-----------|

13:00:19.547 [main] INFO  c.gettingstarted.MyAlgoLogic - [MYALGO] Algo Sees Book as: 
|----BID-----||----ASK----|
    134 @ 43    501 @ 98
    145 @ 76   200 @ 101
    300 @ 91  5000 @ 110
    200 @ 93  5600 @ 119
    100 @ 95   453 @ 123
    154 @ 98   645 @ 144
          -    665 @ 167
|------------||-----------|

13:00:19.547 [main] INFO  c.gettingstarted.TimedLogic - [TIMEDLOGIC] Market is open
13:00:19.547 [main] INFO  c.sequencer.consumer.LoggingConsumer - [156] 
|----BID-----|
    134 @ 43
    145 @ 76
    300 @ 91
    200 @ 93
    100 @ 95
    154 @ 98
|----ASK-----|
    501 @ 98
   200 @ 101
  5000 @ 110
  5600 @ 119
   453 @ 123
   645 @ 144
   665 @ 167

13:00:19.547 [main] INFO  c.orderbook.OrderBook - [ORDERBOOK] Processing Mkt Data Update
13:00:19.547 [main] INFO  c.o.v.MutatingRemoveAllMarketDataOrdersVisitor - [ORDERBOOK] Removing market data order:MktData(price=43,quantity=134)
13:00:19.547 [main] DEBUG c.orderbook.OrderBook - [ORDERBOOK] ASK: Adding orderMktData(price=43,quantity=134)
13:00:19.547 [main] INFO  c.o.visitor.MutatingAddOrderVisitor - [ORDERBOOK] + Limit(side=BUY,orderId=16,price=43,quantity=2195456)
13:00:19.547 [main] DEBUG c.orderbook.OrderBook - [ORDERBOOK] ASK: Adding orderMktData(price=76,quantity=145)
13:00:19.547 [main] DEBUG c.orderbook.OrderBook - [ORDERBOOK] ASK: Adding orderMktData(price=91,quantity=300)
13:00:19.547 [main] DEBUG c.orderbook.OrderBook - [ORDERBOOK] ASK: Adding orderMktData(price=93,quantity=200)
13:00:19.547 [main] DEBUG c.orderbook.OrderBook - [ORDERBOOK] ASK: Adding orderMktData(price=95,quantity=100)
13:00:19.547 [main] DEBUG c.orderbook.OrderBook - [ORDERBOOK] ASK: Adding orderMktData(price=98,quantity=154)
13:00:19.547 [main] INFO  c.o.v.MutatingMatchOneMarketDataOrderVisitor - [ORDERBOOK] visiting LevelOrderBookLevel(price=43,quantity=4267632)
13:00:19.547 [main] INFO  c.o.v.MutatingMatchOneMarketDataOrderVisitor - [ORDERBOOK] Can't match order:Limit(side=BUY,orderId=3,price=43,quantity=268)(MktData(price=98,quantity=154))
13:00:19.547 [main] INFO  c.o.v.MutatingMatchOneMarketDataOrderVisitor - [ORDERBOOK] Can't match order:Limit(side=BUY,orderId=5,price=43,quantity=1072)(MktData(price=98,quantity=154))
13:00:19.547 [main] INFO  c.o.v.MutatingMatchOneMarketDataOrderVisitor - [ORDERBOOK] Can't match order:Limit(side=BUY,orderId=7,price=43,quantity=4288)(MktData(price=98,quantity=154))
13:00:19.547 [main] INFO  c.o.v.MutatingMatchOneMarketDataOrderVisitor - [ORDERBOOK] Can't match order:Limit(side=BUY,orderId=9,price=43,quantity=17152)(MktData(price=98,quantity=154))
13:00:19.547 [main] INFO  c.o.v.MutatingMatchOneMarketDataOrderVisitor - [ORDERBOOK] Can't match order:Limit(side=BUY,orderId=11,price=43,quantity=68608)(MktData(price=98,quantity=154))
13:00:19.547 [main] INFO  c.o.v.MutatingMatchOneMarketDataOrderVisitor - [ORDERBOOK] Can't match order:Limit(side=BUY,orderId=12,price=43,quantity=137216)(MktData(price=98,quantity=154))
13:00:19.547 [main] INFO  c.o.v.MutatingMatchOneMarketDataOrderVisitor - [ORDERBOOK] Can't match order:Limit(side=BUY,orderId=13,price=43,quantity=274432)(MktData(price=98,quantity=154))
13:00:19.547 [main] INFO  c.o.v.MutatingMatchOneMarketDataOrderVisitor - [ORDERBOOK] Can't match order:Limit(side=BUY,orderId=14,price=43,quantity=548864)(MktData(price=98,quantity=154))
13:00:19.547 [main] INFO  c.o.v.MutatingMatchOneMarketDataOrderVisitor - [ORDERBOOK] Can't match order:Limit(side=BUY,orderId=15,price=43,quantity=1097728)(MktData(price=98,quantity=154))
13:00:19.547 [main] INFO  c.o.v.MutatingMatchOneMarketDataOrderVisitor - [ORDERBOOK] Can't match order:Limit(side=BUY,orderId=16,price=43,quantity=2195456)(MktData(price=98,quantity=154))
13:00:19.547 [main] INFO  c.o.v.MutatingMatchOneMarketDataOrderVisitor - [ORDERBOOK] Can't match order:MktData(price=43,quantity=134)(MktData(price=98,quantity=154))
13:00:19.547 [main] INFO  c.o.v.MutatingRemoveAllMarketDataOrdersVisitor - [ORDERBOOK] Removing market data order:MktData(price=98,quantity=501)
13:00:19.547 [main] INFO  c.o.v.MutatingRemoveAllMarketDataOrdersVisitor - [ORDERBOOK] Removing market data order:MktData(price=110,quantity=5000)
13:00:19.547 [main] INFO  c.o.v.MutatingRemoveAllMarketDataOrdersVisitor - [ORDERBOOK] Removing market data order:MktData(price=123,quantity=453)
13:00:19.547 [main] INFO  c.o.v.MutatingRemoveAllMarketDataOrdersVisitor - [ORDERBOOK] Removing market data order:MktData(price=167,quantity=665)
13:00:19.547 [main] DEBUG c.orderbook.OrderBook - [ORDERBOOK] ASK: Adding orderMktData(price=98,quantity=501)
13:00:19.547 [main] INFO  c.o.visitor.MutatingAddOrderVisitor - [ORDERBOOK] + Limit(side=SELL,orderId=17,price=98,quantity=501)
13:00:19.547 [main] DEBUG c.orderbook.OrderBook - [ORDERBOOK] ASK: Adding orderMktData(price=101,quantity=200)
13:00:19.547 [main] DEBUG c.orderbook.OrderBook - [ORDERBOOK] ASK: Adding orderMktData(price=110,quantity=5000)
13:00:19.547 [main] DEBUG c.orderbook.OrderBook - [ORDERBOOK] ASK: Adding orderMktData(price=119,quantity=5600)
13:00:19.547 [main] DEBUG c.orderbook.OrderBook - [ORDERBOOK] ASK: Adding orderMktData(price=123,quantity=453)
13:00:19.547 [main] DEBUG c.orderbook.OrderBook - [ORDERBOOK] ASK: Adding orderMktData(price=144,quantity=645)
13:00:19.547 [main] DEBUG c.orderbook.OrderBook - [ORDERBOOK] ASK: Adding orderMktData(price=167,quantity=665)
13:00:19.547 [main] DEBUG c.service.MarketDataService - [ALGO] BID: price:43 quantity:134
13:00:19.547 [main] DEBUG c.service.MarketDataService - [ALGO] BID: price:76 quantity:145
13:00:19.547 [main] DEBUG c.service.MarketDataService - [ALGO] BID: price:91 quantity:300
13:00:19.547 [main] DEBUG c.service.MarketDataService - [ALGO] BID: price:93 quantity:200
13:00:19.547 [main] DEBUG c.service.MarketDataService - [ALGO] BID: price:95 quantity:100
13:00:19.547 [main] DEBUG c.service.MarketDataService - [ALGO] BID: price:98 quantity:154
13:00:19.547 [main] DEBUG c.service.MarketDataService - [ALGO] ASK: price:98 quantity:501
13:00:19.547 [main] DEBUG c.service.MarketDataService - [ALGO] ASK: price:101 quantity:200
13:00:19.547 [main] DEBUG c.service.MarketDataService - [ALGO] ASK: price:110 quantity:5000
13:00:19.547 [main] DEBUG c.service.MarketDataService - [ALGO] ASK: price:119 quantity:5600
13:00:19.547 [main] DEBUG c.service.MarketDataService - [ALGO] ASK: price:123 quantity:453
13:00:19.547 [main] DEBUG c.service.MarketDataService - [ALGO] ASK: price:144 quantity:645
13:00:19.547 [main] DEBUG c.service.MarketDataService - [ALGO] ASK: price:167 quantity:665
13:00:19.547 [main] INFO  c.gettingstarted.MyAlgoLogic - [MYALGO] The state of the order book is:
|----BID-----||----ASK----|
    134 @ 43    501 @ 98
    145 @ 76   200 @ 101
    300 @ 91  5000 @ 110
    200 @ 93  5600 @ 119
    100 @ 95   453 @ 123
    154 @ 98   645 @ 144
          -    665 @ 167
|------------||-----------|

13:00:19.547 [main] INFO  c.gettingstarted.MyAlgoLogic - [MYALGO] Algo Sees Book as: 
|----BID-----||----ASK----|
    134 @ 43    501 @ 98
    145 @ 76   200 @ 101
    300 @ 91  5000 @ 110
    200 @ 93  5600 @ 119
    100 @ 95   453 @ 123
    154 @ 98   645 @ 144
          -    665 @ 167
|------------||-----------|

13:00:19.547 [main] INFO  c.gettingstarted.TimedLogic - [TIMEDLOGIC] Market is open
13:00:19.547 [main] INFO  c.sequencer.consumer.LoggingConsumer - [157] 
|----BID-----|
    134 @ 43
    145 @ 76
    300 @ 91
    200 @ 93
    100 @ 95
    154 @ 98
|----ASK-----|
    501 @ 98
   200 @ 101
  5000 @ 110
  5600 @ 119
   453 @ 123
   645 @ 144
   665 @ 167

13:00:19.547 [main] INFO  c.orderbook.OrderBook - [ORDERBOOK] Processing Mkt Data Update
13:00:19.547 [main] INFO  c.o.v.MutatingRemoveAllMarketDataOrdersVisitor - [ORDERBOOK] Removing market data order:MktData(price=43,quantity=134)
13:00:19.547 [main] DEBUG c.orderbook.OrderBook - [ORDERBOOK] ASK: Adding orderMktData(price=43,quantity=134)
13:00:19.547 [main] INFO  c.o.visitor.MutatingAddOrderVisitor - [ORDERBOOK] + Limit(side=BUY,orderId=16,price=43,quantity=2195456)
13:00:19.547 [main] DEBUG c.orderbook.OrderBook - [ORDERBOOK] ASK: Adding orderMktData(price=76,quantity=145)
13:00:19.547 [main] DEBUG c.orderbook.OrderBook - [ORDERBOOK] ASK: Adding orderMktData(price=91,quantity=300)
13:00:19.547 [main] DEBUG c.orderbook.OrderBook - [ORDERBOOK] ASK: Adding orderMktData(price=93,quantity=200)
13:00:19.547 [main] DEBUG c.orderbook.OrderBook - [ORDERBOOK] ASK: Adding orderMktData(price=95,quantity=100)
13:00:19.547 [main] DEBUG c.orderbook.OrderBook - [ORDERBOOK] ASK: Adding orderMktData(price=98,quantity=154)
13:00:19.547 [main] INFO  c.o.v.MutatingMatchOneMarketDataOrderVisitor - [ORDERBOOK] visiting LevelOrderBookLevel(price=43,quantity=4267766)
13:00:19.547 [main] INFO  c.o.v.MutatingMatchOneMarketDataOrderVisitor - [ORDERBOOK] Can't match order:Limit(side=BUY,orderId=3,price=43,quantity=268)(MktData(price=98,quantity=154))
13:00:19.547 [main] INFO  c.o.v.MutatingMatchOneMarketDataOrderVisitor - [ORDERBOOK] Can't match order:Limit(side=BUY,orderId=5,price=43,quantity=1072)(MktData(price=98,quantity=154))
13:00:19.547 [main] INFO  c.o.v.MutatingMatchOneMarketDataOrderVisitor - [ORDERBOOK] Can't match order:Limit(side=BUY,orderId=7,price=43,quantity=4288)(MktData(price=98,quantity=154))
13:00:19.547 [main] INFO  c.o.v.MutatingMatchOneMarketDataOrderVisitor - [ORDERBOOK] Can't match order:Limit(side=BUY,orderId=9,price=43,quantity=17152)(MktData(price=98,quantity=154))
13:00:19.547 [main] INFO  c.o.v.MutatingMatchOneMarketDataOrderVisitor - [ORDERBOOK] Can't match order:Limit(side=BUY,orderId=11,price=43,quantity=68608)(MktData(price=98,quantity=154))
13:00:19.547 [main] INFO  c.o.v.MutatingMatchOneMarketDataOrderVisitor - [ORDERBOOK] Can't match order:Limit(side=BUY,orderId=12,price=43,quantity=137216)(MktData(price=98,quantity=154))
13:00:19.547 [main] INFO  c.o.v.MutatingMatchOneMarketDataOrderVisitor - [ORDERBOOK] Can't match order:Limit(side=BUY,orderId=13,price=43,quantity=274432)(MktData(price=98,quantity=154))
13:00:19.547 [main] INFO  c.o.v.MutatingMatchOneMarketDataOrderVisitor - [ORDERBOOK] Can't match order:Limit(side=BUY,orderId=14,price=43,quantity=548864)(MktData(price=98,quantity=154))
13:00:19.547 [main] INFO  c.o.v.MutatingMatchOneMarketDataOrderVisitor - [ORDERBOOK] Can't match order:Limit(side=BUY,orderId=15,price=43,quantity=1097728)(MktData(price=98,quantity=154))
13:00:19.547 [main] INFO  c.o.v.MutatingMatchOneMarketDataOrderVisitor - [ORDERBOOK] Can't match order:Limit(side=BUY,orderId=16,price=43,quantity=2195456)(MktData(price=98,quantity=154))
13:00:19.547 [main] INFO  c.o.v.MutatingMatchOneMarketDataOrderVisitor - [ORDERBOOK] Can't match order:MktData(price=43,quantity=134)(MktData(price=98,quantity=154))
13:00:19.547 [main] INFO  c.o.v.MutatingRemoveAllMarketDataOrdersVisitor - [ORDERBOOK] Removing market data order:MktData(price=98,quantity=501)
13:00:19.547 [main] INFO  c.o.v.MutatingRemoveAllMarketDataOrdersVisitor - [ORDERBOOK] Removing market data order:MktData(price=110,quantity=5000)
13:00:19.547 [main] INFO  c.o.v.MutatingRemoveAllMarketDataOrdersVisitor - [ORDERBOOK] Removing market data order:MktData(price=123,quantity=453)
13:00:19.547 [main] INFO  c.o.v.MutatingRemoveAllMarketDataOrdersVisitor - [ORDERBOOK] Removing market data order:MktData(price=167,quantity=665)
13:00:19.547 [main] DEBUG c.orderbook.OrderBook - [ORDERBOOK] ASK: Adding orderMktData(price=98,quantity=501)
13:00:19.547 [main] INFO  c.o.visitor.MutatingAddOrderVisitor - [ORDERBOOK] + Limit(side=SELL,orderId=17,price=98,quantity=501)
13:00:19.547 [main] DEBUG c.orderbook.OrderBook - [ORDERBOOK] ASK: Adding orderMktData(price=101,quantity=200)
13:00:19.547 [main] DEBUG c.orderbook.OrderBook - [ORDERBOOK] ASK: Adding orderMktData(price=110,quantity=5000)
13:00:19.547 [main] DEBUG c.orderbook.OrderBook - [ORDERBOOK] ASK: Adding orderMktData(price=119,quantity=5600)
13:00:19.547 [main] DEBUG c.orderbook.OrderBook - [ORDERBOOK] ASK: Adding orderMktData(price=123,quantity=453)
13:00:19.547 [main] DEBUG c.orderbook.OrderBook - [ORDERBOOK] ASK: Adding orderMktData(price=144,quantity=645)
13:00:19.547 [main] DEBUG c.orderbook.OrderBook - [ORDERBOOK] ASK: Adding orderMktData(price=167,quantity=665)
13:00:19.547 [main] DEBUG c.service.MarketDataService - [ALGO] BID: price:43 quantity:134
13:00:19.547 [main] DEBUG c.service.MarketDataService - [ALGO] BID: price:76 quantity:145
13:00:19.547 [main] DEBUG c.service.MarketDataService - [ALGO] BID: price:91 quantity:300
13:00:19.547 [main] DEBUG c.service.MarketDataService - [ALGO] BID: price:93 quantity:200
13:00:19.547 [main] DEBUG c.service.MarketDataService - [ALGO] BID: price:95 quantity:100
13:00:19.547 [main] DEBUG c.service.MarketDataService - [ALGO] BID: price:98 quantity:154
13:00:19.547 [main] DEBUG c.service.MarketDataService - [ALGO] ASK: price:98 quantity:501
13:00:19.547 [main] DEBUG c.service.MarketDataService - [ALGO] ASK: price:101 quantity:200
13:00:19.547 [main] DEBUG c.service.MarketDataService - [ALGO] ASK: price:110 quantity:5000
13:00:19.547 [main] DEBUG c.service.MarketDataService - [ALGO] ASK: price:119 quantity:5600
13:00:19.547 [main] DEBUG c.service.MarketDataService - [ALGO] ASK: price:123 quantity:453
13:00:19.547 [main] DEBUG c.service.MarketDataService - [ALGO] ASK: price:144 quantity:645
13:00:19.547 [main] DEBUG c.service.MarketDataService - [ALGO] ASK: price:167 quantity:665
13:00:19.547 [main] INFO  c.gettingstarted.MyAlgoLogic - [MYALGO] The state of the order book is:
|----BID-----||----ASK----|
    134 @ 43    501 @ 98
    145 @ 76   200 @ 101
    300 @ 91  5000 @ 110
    200 @ 93  5600 @ 119
    100 @ 95   453 @ 123
    154 @ 98   645 @ 144
          -    665 @ 167
|------------||-----------|

13:00:19.547 [main] INFO  c.gettingstarted.MyAlgoLogic - [MYALGO] Algo Sees Book as: 
|----BID-----||----ASK----|
    134 @ 43    501 @ 98
    145 @ 76   200 @ 101
    300 @ 91  5000 @ 110
    200 @ 93  5600 @ 119
    100 @ 95   453 @ 123
    154 @ 98   645 @ 144
          -    665 @ 167
|------------||-----------|

13:00:19.547 [main] INFO  c.gettingstarted.TimedLogic - [TIMEDLOGIC] Market is open
13:00:19.547 [main] INFO  c.sequencer.consumer.LoggingConsumer - [158] 
|----BID-----|
    134 @ 43
    145 @ 76
    300 @ 91
    200 @ 93
    100 @ 95
    154 @ 98
|----ASK-----|
    501 @ 98
   200 @ 101
  5000 @ 110
  5600 @ 119
   453 @ 123
   645 @ 144
   665 @ 167

13:00:19.547 [main] INFO  c.orderbook.OrderBook - [ORDERBOOK] Processing Mkt Data Update
13:00:19.547 [main] INFO  c.o.v.MutatingRemoveAllMarketDataOrdersVisitor - [ORDERBOOK] Removing market data order:MktData(price=43,quantity=134)
13:00:19.547 [main] DEBUG c.orderbook.OrderBook - [ORDERBOOK] ASK: Adding orderMktData(price=43,quantity=134)
13:00:19.547 [main] INFO  c.o.visitor.MutatingAddOrderVisitor - [ORDERBOOK] + Limit(side=BUY,orderId=16,price=43,quantity=2195456)
13:00:19.547 [main] DEBUG c.orderbook.OrderBook - [ORDERBOOK] ASK: Adding orderMktData(price=76,quantity=145)
13:00:19.547 [main] DEBUG c.orderbook.OrderBook - [ORDERBOOK] ASK: Adding orderMktData(price=91,quantity=300)
13:00:19.547 [main] DEBUG c.orderbook.OrderBook - [ORDERBOOK] ASK: Adding orderMktData(price=93,quantity=200)
13:00:19.547 [main] DEBUG c.orderbook.OrderBook - [ORDERBOOK] ASK: Adding orderMktData(price=95,quantity=100)
13:00:19.547 [main] DEBUG c.orderbook.OrderBook - [ORDERBOOK] ASK: Adding orderMktData(price=98,quantity=154)
13:00:19.547 [main] INFO  c.o.v.MutatingMatchOneMarketDataOrderVisitor - [ORDERBOOK] visiting LevelOrderBookLevel(price=43,quantity=4267900)
13:00:19.547 [main] INFO  c.o.v.MutatingMatchOneMarketDataOrderVisitor - [ORDERBOOK] Can't match order:Limit(side=BUY,orderId=3,price=43,quantity=268)(MktData(price=98,quantity=154))
13:00:19.547 [main] INFO  c.o.v.MutatingMatchOneMarketDataOrderVisitor - [ORDERBOOK] Can't match order:Limit(side=BUY,orderId=5,price=43,quantity=1072)(MktData(price=98,quantity=154))
13:00:19.547 [main] INFO  c.o.v.MutatingMatchOneMarketDataOrderVisitor - [ORDERBOOK] Can't match order:Limit(side=BUY,orderId=7,price=43,quantity=4288)(MktData(price=98,quantity=154))
13:00:19.547 [main] INFO  c.o.v.MutatingMatchOneMarketDataOrderVisitor - [ORDERBOOK] Can't match order:Limit(side=BUY,orderId=9,price=43,quantity=17152)(MktData(price=98,quantity=154))
13:00:19.547 [main] INFO  c.o.v.MutatingMatchOneMarketDataOrderVisitor - [ORDERBOOK] Can't match order:Limit(side=BUY,orderId=11,price=43,quantity=68608)(MktData(price=98,quantity=154))
13:00:19.547 [main] INFO  c.o.v.MutatingMatchOneMarketDataOrderVisitor - [ORDERBOOK] Can't match order:Limit(side=BUY,orderId=12,price=43,quantity=137216)(MktData(price=98,quantity=154))
13:00:19.547 [main] INFO  c.o.v.MutatingMatchOneMarketDataOrderVisitor - [ORDERBOOK] Can't match order:Limit(side=BUY,orderId=13,price=43,quantity=274432)(MktData(price=98,quantity=154))
13:00:19.547 [main] INFO  c.o.v.MutatingMatchOneMarketDataOrderVisitor - [ORDERBOOK] Can't match order:Limit(side=BUY,orderId=14,price=43,quantity=548864)(MktData(price=98,quantity=154))
13:00:19.547 [main] INFO  c.o.v.MutatingMatchOneMarketDataOrderVisitor - [ORDERBOOK] Can't match order:Limit(side=BUY,orderId=15,price=43,quantity=1097728)(MktData(price=98,quantity=154))
13:00:19.547 [main] INFO  c.o.v.MutatingMatchOneMarketDataOrderVisitor - [ORDERBOOK] Can't match order:Limit(side=BUY,orderId=16,price=43,quantity=2195456)(MktData(price=98,quantity=154))
13:00:19.547 [main] INFO  c.o.v.MutatingMatchOneMarketDataOrderVisitor - [ORDERBOOK] Can't match order:MktData(price=43,quantity=134)(MktData(price=98,quantity=154))
13:00:19.547 [main] INFO  c.o.v.MutatingRemoveAllMarketDataOrdersVisitor - [ORDERBOOK] Removing market data order:MktData(price=98,quantity=501)
13:00:19.547 [main] INFO  c.o.v.MutatingRemoveAllMarketDataOrdersVisitor - [ORDERBOOK] Removing market data order:MktData(price=110,quantity=5000)
13:00:19.547 [main] INFO  c.o.v.MutatingRemoveAllMarketDataOrdersVisitor - [ORDERBOOK] Removing market data order:MktData(price=123,quantity=453)
13:00:19.547 [main] INFO  c.o.v.MutatingRemoveAllMarketDataOrdersVisitor - [ORDERBOOK] Removing market data order:MktData(price=167,quantity=665)
13:00:19.547 [main] DEBUG c.orderbook.OrderBook - [ORDERBOOK] ASK: Adding orderMktData(price=98,quantity=501)
13:00:19.547 [main] INFO  c.o.visitor.MutatingAddOrderVisitor - [ORDERBOOK] + Limit(side=SELL,orderId=17,price=98,quantity=501)
13:00:19.547 [main] DEBUG c.orderbook.OrderBook - [ORDERBOOK] ASK: Adding orderMktData(price=101,quantity=200)
13:00:19.547 [main] DEBUG c.orderbook.OrderBook - [ORDERBOOK] ASK: Adding orderMktData(price=110,quantity=5000)
13:00:19.547 [main] DEBUG c.orderbook.OrderBook - [ORDERBOOK] ASK: Adding orderMktData(price=119,quantity=5600)
13:00:19.547 [main] DEBUG c.orderbook.OrderBook - [ORDERBOOK] ASK: Adding orderMktData(price=123,quantity=453)
13:00:19.547 [main] DEBUG c.orderbook.OrderBook - [ORDERBOOK] ASK: Adding orderMktData(price=144,quantity=645)
13:00:19.547 [main] DEBUG c.orderbook.OrderBook - [ORDERBOOK] ASK: Adding orderMktData(price=167,quantity=665)
13:00:19.547 [main] DEBUG c.service.MarketDataService - [ALGO] BID: price:43 quantity:134
13:00:19.547 [main] DEBUG c.service.MarketDataService - [ALGO] BID: price:76 quantity:145
13:00:19.547 [main] DEBUG c.service.MarketDataService - [ALGO] BID: price:91 quantity:300
13:00:19.547 [main] DEBUG c.service.MarketDataService - [ALGO] BID: price:93 quantity:200
13:00:19.547 [main] DEBUG c.service.MarketDataService - [ALGO] BID: price:95 quantity:100
13:00:19.547 [main] DEBUG c.service.MarketDataService - [ALGO] BID: price:98 quantity:154
13:00:19.547 [main] DEBUG c.service.MarketDataService - [ALGO] ASK: price:98 quantity:501
13:00:19.547 [main] DEBUG c.service.MarketDataService - [ALGO] ASK: price:101 quantity:200
13:00:19.547 [main] DEBUG c.service.MarketDataService - [ALGO] ASK: price:110 quantity:5000
13:00:19.547 [main] DEBUG c.service.MarketDataService - [ALGO] ASK: price:119 quantity:5600
13:00:19.547 [main] DEBUG c.service.MarketDataService - [ALGO] ASK: price:123 quantity:453
13:00:19.547 [main] DEBUG c.service.MarketDataService - [ALGO] ASK: price:144 quantity:645
13:00:19.547 [main] DEBUG c.service.MarketDataService - [ALGO] ASK: price:167 quantity:665
13:00:19.547 [main] INFO  c.gettingstarted.MyAlgoLogic - [MYALGO] The state of the order book is:
|----BID-----||----ASK----|
    134 @ 43    501 @ 98
    145 @ 76   200 @ 101
    300 @ 91  5000 @ 110
    200 @ 93  5600 @ 119
    100 @ 95   453 @ 123
    154 @ 98   645 @ 144
          -    665 @ 167
|------------||-----------|

13:00:19.547 [main] INFO  c.gettingstarted.MyAlgoLogic - [MYALGO] Algo Sees Book as: 
|----BID-----||----ASK----|
    134 @ 43    501 @ 98
    145 @ 76   200 @ 101
    300 @ 91  5000 @ 110
    200 @ 93  5600 @ 119
    100 @ 95   453 @ 123
    154 @ 98   645 @ 144
          -    665 @ 167
|------------||-----------|

13:00:19.547 [main] INFO  c.gettingstarted.TimedLogic - [TIMEDLOGIC] Market is open
13:00:19.547 [main] INFO  c.sequencer.consumer.LoggingConsumer - [159] 
|----BID-----|
    134 @ 43
    145 @ 76
    300 @ 91
    200 @ 93
    100 @ 95
    154 @ 98
|----ASK-----|
    501 @ 98
   200 @ 101
  5000 @ 110
  5600 @ 119
   453 @ 123
   645 @ 144
   665 @ 167

13:00:19.547 [main] INFO  c.orderbook.OrderBook - [ORDERBOOK] Processing Mkt Data Update
13:00:19.547 [main] INFO  c.o.v.MutatingRemoveAllMarketDataOrdersVisitor - [ORDERBOOK] Removing market data order:MktData(price=43,quantity=134)
13:00:19.547 [main] DEBUG c.orderbook.OrderBook - [ORDERBOOK] ASK: Adding orderMktData(price=43,quantity=134)
13:00:19.547 [main] INFO  c.o.visitor.MutatingAddOrderVisitor - [ORDERBOOK] + Limit(side=BUY,orderId=16,price=43,quantity=2195456)
13:00:19.547 [main] DEBUG c.orderbook.OrderBook - [ORDERBOOK] ASK: Adding orderMktData(price=76,quantity=145)
13:00:19.547 [main] DEBUG c.orderbook.OrderBook - [ORDERBOOK] ASK: Adding orderMktData(price=91,quantity=300)
13:00:19.547 [main] DEBUG c.orderbook.OrderBook - [ORDERBOOK] ASK: Adding orderMktData(price=93,quantity=200)
13:00:19.547 [main] DEBUG c.orderbook.OrderBook - [ORDERBOOK] ASK: Adding orderMktData(price=95,quantity=100)
13:00:19.547 [main] DEBUG c.orderbook.OrderBook - [ORDERBOOK] ASK: Adding orderMktData(price=98,quantity=154)
13:00:19.547 [main] INFO  c.o.v.MutatingMatchOneMarketDataOrderVisitor - [ORDERBOOK] visiting LevelOrderBookLevel(price=43,quantity=4268034)
13:00:19.547 [main] INFO  c.o.v.MutatingMatchOneMarketDataOrderVisitor - [ORDERBOOK] Can't match order:Limit(side=BUY,orderId=3,price=43,quantity=268)(MktData(price=98,quantity=154))
13:00:19.547 [main] INFO  c.o.v.MutatingMatchOneMarketDataOrderVisitor - [ORDERBOOK] Can't match order:Limit(side=BUY,orderId=5,price=43,quantity=1072)(MktData(price=98,quantity=154))
13:00:19.547 [main] INFO  c.o.v.MutatingMatchOneMarketDataOrderVisitor - [ORDERBOOK] Can't match order:Limit(side=BUY,orderId=7,price=43,quantity=4288)(MktData(price=98,quantity=154))
13:00:19.547 [main] INFO  c.o.v.MutatingMatchOneMarketDataOrderVisitor - [ORDERBOOK] Can't match order:Limit(side=BUY,orderId=9,price=43,quantity=17152)(MktData(price=98,quantity=154))
13:00:19.547 [main] INFO  c.o.v.MutatingMatchOneMarketDataOrderVisitor - [ORDERBOOK] Can't match order:Limit(side=BUY,orderId=11,price=43,quantity=68608)(MktData(price=98,quantity=154))
13:00:19.547 [main] INFO  c.o.v.MutatingMatchOneMarketDataOrderVisitor - [ORDERBOOK] Can't match order:Limit(side=BUY,orderId=12,price=43,quantity=137216)(MktData(price=98,quantity=154))
13:00:19.547 [main] INFO  c.o.v.MutatingMatchOneMarketDataOrderVisitor - [ORDERBOOK] Can't match order:Limit(side=BUY,orderId=13,price=43,quantity=274432)(MktData(price=98,quantity=154))
13:00:19.547 [main] INFO  c.o.v.MutatingMatchOneMarketDataOrderVisitor - [ORDERBOOK] Can't match order:Limit(side=BUY,orderId=14,price=43,quantity=548864)(MktData(price=98,quantity=154))
13:00:19.547 [main] INFO  c.o.v.MutatingMatchOneMarketDataOrderVisitor - [ORDERBOOK] Can't match order:Limit(side=BUY,orderId=15,price=43,quantity=1097728)(MktData(price=98,quantity=154))
13:00:19.547 [main] INFO  c.o.v.MutatingMatchOneMarketDataOrderVisitor - [ORDERBOOK] Can't match order:Limit(side=BUY,orderId=16,price=43,quantity=2195456)(MktData(price=98,quantity=154))
13:00:19.547 [main] INFO  c.o.v.MutatingMatchOneMarketDataOrderVisitor - [ORDERBOOK] Can't match order:MktData(price=43,quantity=134)(MktData(price=98,quantity=154))
13:00:19.547 [main] INFO  c.o.v.MutatingRemoveAllMarketDataOrdersVisitor - [ORDERBOOK] Removing market data order:MktData(price=98,quantity=501)
13:00:19.547 [main] INFO  c.o.v.MutatingRemoveAllMarketDataOrdersVisitor - [ORDERBOOK] Removing market data order:MktData(price=110,quantity=5000)
13:00:19.547 [main] INFO  c.o.v.MutatingRemoveAllMarketDataOrdersVisitor - [ORDERBOOK] Removing market data order:MktData(price=123,quantity=453)
13:00:19.547 [main] INFO  c.o.v.MutatingRemoveAllMarketDataOrdersVisitor - [ORDERBOOK] Removing market data order:MktData(price=167,quantity=665)
13:00:19.547 [main] DEBUG c.orderbook.OrderBook - [ORDERBOOK] ASK: Adding orderMktData(price=98,quantity=501)
13:00:19.547 [main] INFO  c.o.visitor.MutatingAddOrderVisitor - [ORDERBOOK] + Limit(side=SELL,orderId=17,price=98,quantity=501)
13:00:19.547 [main] DEBUG c.orderbook.OrderBook - [ORDERBOOK] ASK: Adding orderMktData(price=101,quantity=200)
13:00:19.547 [main] DEBUG c.orderbook.OrderBook - [ORDERBOOK] ASK: Adding orderMktData(price=110,quantity=5000)
13:00:19.547 [main] DEBUG c.orderbook.OrderBook - [ORDERBOOK] ASK: Adding orderMktData(price=119,quantity=5600)
13:00:19.547 [main] DEBUG c.orderbook.OrderBook - [ORDERBOOK] ASK: Adding orderMktData(price=123,quantity=453)
13:00:19.547 [main] DEBUG c.orderbook.OrderBook - [ORDERBOOK] ASK: Adding orderMktData(price=144,quantity=645)
13:00:19.547 [main] DEBUG c.orderbook.OrderBook - [ORDERBOOK] ASK: Adding orderMktData(price=167,quantity=665)
13:00:19.547 [main] DEBUG c.service.MarketDataService - [ALGO] BID: price:43 quantity:134
13:00:19.547 [main] DEBUG c.service.MarketDataService - [ALGO] BID: price:76 quantity:145
13:00:19.547 [main] DEBUG c.service.MarketDataService - [ALGO] BID: price:91 quantity:300
13:00:19.547 [main] DEBUG c.service.MarketDataService - [ALGO] BID: price:93 quantity:200
13:00:19.547 [main] DEBUG c.service.MarketDataService - [ALGO] BID: price:95 quantity:100
13:00:19.547 [main] DEBUG c.service.MarketDataService - [ALGO] BID: price:98 quantity:154
13:00:19.547 [main] DEBUG c.service.MarketDataService - [ALGO] ASK: price:98 quantity:501
13:00:19.547 [main] DEBUG c.service.MarketDataService - [ALGO] ASK: price:101 quantity:200
13:00:19.547 [main] DEBUG c.service.MarketDataService - [ALGO] ASK: price:110 quantity:5000
13:00:19.547 [main] DEBUG c.service.MarketDataService - [ALGO] ASK: price:119 quantity:5600
13:00:19.547 [main] DEBUG c.service.MarketDataService - [ALGO] ASK: price:123 quantity:453
13:00:19.547 [main] DEBUG c.service.MarketDataService - [ALGO] ASK: price:144 quantity:645
13:00:19.547 [main] DEBUG c.service.MarketDataService - [ALGO] ASK: price:167 quantity:665
13:00:19.547 [main] INFO  c.gettingstarted.MyAlgoLogic - [MYALGO] The state of the order book is:
|----BID-----||----ASK----|
    134 @ 43    501 @ 98
    145 @ 76   200 @ 101
    300 @ 91  5000 @ 110
    200 @ 93  5600 @ 119
    100 @ 95   453 @ 123
    154 @ 98   645 @ 144
          -    665 @ 167
|------------||-----------|

13:00:19.547 [main] INFO  c.gettingstarted.MyAlgoLogic - [MYALGO] Algo Sees Book as: 
|----BID-----||----ASK----|
    134 @ 43    501 @ 98
    145 @ 76   200 @ 101
    300 @ 91  5000 @ 110
    200 @ 93  5600 @ 119
    100 @ 95   453 @ 123
    154 @ 98   645 @ 144
          -    665 @ 167
|------------||-----------|

13:00:19.547 [main] INFO  c.gettingstarted.TimedLogic - [TIMEDLOGIC] Market is open
13:00:19.547 [main] INFO  c.sequencer.consumer.LoggingConsumer - [160] 
|----BID-----|
    134 @ 43
    145 @ 76
    300 @ 91
    200 @ 93
    100 @ 95
    154 @ 98
|----ASK-----|
    501 @ 98
   200 @ 101
  5000 @ 110
  5600 @ 119
   453 @ 123
   645 @ 144
   665 @ 167

13:00:19.547 [main] INFO  c.orderbook.OrderBook - [ORDERBOOK] Processing Mkt Data Update
13:00:19.547 [main] INFO  c.o.v.MutatingRemoveAllMarketDataOrdersVisitor - [ORDERBOOK] Removing market data order:MktData(price=43,quantity=134)
13:00:19.547 [main] DEBUG c.orderbook.OrderBook - [ORDERBOOK] ASK: Adding orderMktData(price=43,quantity=134)
13:00:19.547 [main] INFO  c.o.visitor.MutatingAddOrderVisitor - [ORDERBOOK] + Limit(side=BUY,orderId=16,price=43,quantity=2195456)
13:00:19.547 [main] DEBUG c.orderbook.OrderBook - [ORDERBOOK] ASK: Adding orderMktData(price=76,quantity=145)
13:00:19.547 [main] DEBUG c.orderbook.OrderBook - [ORDERBOOK] ASK: Adding orderMktData(price=91,quantity=300)
13:00:19.547 [main] DEBUG c.orderbook.OrderBook - [ORDERBOOK] ASK: Adding orderMktData(price=93,quantity=200)
13:00:19.547 [main] DEBUG c.orderbook.OrderBook - [ORDERBOOK] ASK: Adding orderMktData(price=95,quantity=100)
13:00:19.547 [main] DEBUG c.orderbook.OrderBook - [ORDERBOOK] ASK: Adding orderMktData(price=98,quantity=154)
13:00:19.547 [main] INFO  c.o.v.MutatingMatchOneMarketDataOrderVisitor - [ORDERBOOK] visiting LevelOrderBookLevel(price=43,quantity=4268168)
13:00:19.547 [main] INFO  c.o.v.MutatingMatchOneMarketDataOrderVisitor - [ORDERBOOK] Can't match order:Limit(side=BUY,orderId=3,price=43,quantity=268)(MktData(price=98,quantity=154))
13:00:19.547 [main] INFO  c.o.v.MutatingMatchOneMarketDataOrderVisitor - [ORDERBOOK] Can't match order:Limit(side=BUY,orderId=5,price=43,quantity=1072)(MktData(price=98,quantity=154))
13:00:19.547 [main] INFO  c.o.v.MutatingMatchOneMarketDataOrderVisitor - [ORDERBOOK] Can't match order:Limit(side=BUY,orderId=7,price=43,quantity=4288)(MktData(price=98,quantity=154))
13:00:19.547 [main] INFO  c.o.v.MutatingMatchOneMarketDataOrderVisitor - [ORDERBOOK] Can't match order:Limit(side=BUY,orderId=9,price=43,quantity=17152)(MktData(price=98,quantity=154))
13:00:19.547 [main] INFO  c.o.v.MutatingMatchOneMarketDataOrderVisitor - [ORDERBOOK] Can't match order:Limit(side=BUY,orderId=11,price=43,quantity=68608)(MktData(price=98,quantity=154))
13:00:19.547 [main] INFO  c.o.v.MutatingMatchOneMarketDataOrderVisitor - [ORDERBOOK] Can't match order:Limit(side=BUY,orderId=12,price=43,quantity=137216)(MktData(price=98,quantity=154))
13:00:19.547 [main] INFO  c.o.v.MutatingMatchOneMarketDataOrderVisitor - [ORDERBOOK] Can't match order:Limit(side=BUY,orderId=13,price=43,quantity=274432)(MktData(price=98,quantity=154))
13:00:19.547 [main] INFO  c.o.v.MutatingMatchOneMarketDataOrderVisitor - [ORDERBOOK] Can't match order:Limit(side=BUY,orderId=14,price=43,quantity=548864)(MktData(price=98,quantity=154))
13:00:19.547 [main] INFO  c.o.v.MutatingMatchOneMarketDataOrderVisitor - [ORDERBOOK] Can't match order:Limit(side=BUY,orderId=15,price=43,quantity=1097728)(MktData(price=98,quantity=154))
13:00:19.547 [main] INFO  c.o.v.MutatingMatchOneMarketDataOrderVisitor - [ORDERBOOK] Can't match order:Limit(side=BUY,orderId=16,price=43,quantity=2195456)(MktData(price=98,quantity=154))
13:00:19.547 [main] INFO  c.o.v.MutatingMatchOneMarketDataOrderVisitor - [ORDERBOOK] Can't match order:MktData(price=43,quantity=134)(MktData(price=98,quantity=154))
13:00:19.547 [main] INFO  c.o.v.MutatingRemoveAllMarketDataOrdersVisitor - [ORDERBOOK] Removing market data order:MktData(price=98,quantity=501)
13:00:19.547 [main] INFO  c.o.v.MutatingRemoveAllMarketDataOrdersVisitor - [ORDERBOOK] Removing market data order:MktData(price=110,quantity=5000)
13:00:19.547 [main] INFO  c.o.v.MutatingRemoveAllMarketDataOrdersVisitor - [ORDERBOOK] Removing market data order:MktData(price=123,quantity=453)
13:00:19.547 [main] INFO  c.o.v.MutatingRemoveAllMarketDataOrdersVisitor - [ORDERBOOK] Removing market data order:MktData(price=167,quantity=665)
13:00:19.547 [main] DEBUG c.orderbook.OrderBook - [ORDERBOOK] ASK: Adding orderMktData(price=98,quantity=501)
13:00:19.547 [main] INFO  c.o.visitor.MutatingAddOrderVisitor - [ORDERBOOK] + Limit(side=SELL,orderId=17,price=98,quantity=501)
13:00:19.547 [main] DEBUG c.orderbook.OrderBook - [ORDERBOOK] ASK: Adding orderMktData(price=101,quantity=200)
13:00:19.547 [main] DEBUG c.orderbook.OrderBook - [ORDERBOOK] ASK: Adding orderMktData(price=110,quantity=5000)
13:00:19.547 [main] DEBUG c.orderbook.OrderBook - [ORDERBOOK] ASK: Adding orderMktData(price=119,quantity=5600)
13:00:19.547 [main] DEBUG c.orderbook.OrderBook - [ORDERBOOK] ASK: Adding orderMktData(price=123,quantity=453)
13:00:19.547 [main] DEBUG c.orderbook.OrderBook - [ORDERBOOK] ASK: Adding orderMktData(price=144,quantity=645)
13:00:19.547 [main] DEBUG c.orderbook.OrderBook - [ORDERBOOK] ASK: Adding orderMktData(price=167,quantity=665)
13:00:19.547 [main] DEBUG c.service.MarketDataService - [ALGO] BID: price:43 quantity:134
13:00:19.547 [main] DEBUG c.service.MarketDataService - [ALGO] BID: price:76 quantity:145
13:00:19.547 [main] DEBUG c.service.MarketDataService - [ALGO] BID: price:91 quantity:300
13:00:19.547 [main] DEBUG c.service.MarketDataService - [ALGO] BID: price:93 quantity:200
13:00:19.547 [main] DEBUG c.service.MarketDataService - [ALGO] BID: price:95 quantity:100
13:00:19.547 [main] DEBUG c.service.MarketDataService - [ALGO] BID: price:98 quantity:154
13:00:19.547 [main] DEBUG c.service.MarketDataService - [ALGO] ASK: price:98 quantity:501
13:00:19.547 [main] DEBUG c.service.MarketDataService - [ALGO] ASK: price:101 quantity:200
13:00:19.547 [main] DEBUG c.service.MarketDataService - [ALGO] ASK: price:110 quantity:5000
13:00:19.547 [main] DEBUG c.service.MarketDataService - [ALGO] ASK: price:119 quantity:5600
13:00:19.547 [main] DEBUG c.service.MarketDataService - [ALGO] ASK: price:123 quantity:453
13:00:19.547 [main] DEBUG c.service.MarketDataService - [ALGO] ASK: price:144 quantity:645
13:00:19.547 [main] DEBUG c.service.MarketDataService - [ALGO] ASK: price:167 quantity:665
13:00:19.547 [main] INFO  c.gettingstarted.MyAlgoLogic - [MYALGO] The state of the order book is:
|----BID-----||----ASK----|
    134 @ 43    501 @ 98
    145 @ 76   200 @ 101
    300 @ 91  5000 @ 110
    200 @ 93  5600 @ 119
    100 @ 95   453 @ 123
    154 @ 98   645 @ 144
          -    665 @ 167
|------------||-----------|

13:00:19.547 [main] INFO  c.gettingstarted.MyAlgoLogic - [MYALGO] Algo Sees Book as: 
|----BID-----||----ASK----|
    134 @ 43    501 @ 98
    145 @ 76   200 @ 101
    300 @ 91  5000 @ 110
    200 @ 93  5600 @ 119
    100 @ 95   453 @ 123
    154 @ 98   645 @ 144
          -    665 @ 167
|------------||-----------|

13:00:19.547 [main] INFO  c.gettingstarted.TimedLogic - [TIMEDLOGIC] Market is open
13:00:19.563 [main] INFO  c.sequencer.consumer.LoggingConsumer - [161] 
|----BID-----|
    134 @ 43
    145 @ 76
    300 @ 91
    200 @ 93
    100 @ 95
    154 @ 98
|----ASK-----|
    501 @ 98
   200 @ 101
  5000 @ 110
  5600 @ 119
   453 @ 123
   645 @ 144
   665 @ 167

13:00:19.563 [main] INFO  c.orderbook.OrderBook - [ORDERBOOK] Processing Mkt Data Update
13:00:19.563 [main] INFO  c.o.v.MutatingRemoveAllMarketDataOrdersVisitor - [ORDERBOOK] Removing market data order:MktData(price=43,quantity=134)
13:00:19.563 [main] DEBUG c.orderbook.OrderBook - [ORDERBOOK] ASK: Adding orderMktData(price=43,quantity=134)
13:00:19.563 [main] INFO  c.o.visitor.MutatingAddOrderVisitor - [ORDERBOOK] + Limit(side=BUY,orderId=16,price=43,quantity=2195456)
13:00:19.563 [main] DEBUG c.orderbook.OrderBook - [ORDERBOOK] ASK: Adding orderMktData(price=76,quantity=145)
13:00:19.563 [main] DEBUG c.orderbook.OrderBook - [ORDERBOOK] ASK: Adding orderMktData(price=91,quantity=300)
13:00:19.563 [main] DEBUG c.orderbook.OrderBook - [ORDERBOOK] ASK: Adding orderMktData(price=93,quantity=200)
13:00:19.563 [main] DEBUG c.orderbook.OrderBook - [ORDERBOOK] ASK: Adding orderMktData(price=95,quantity=100)
13:00:19.563 [main] DEBUG c.orderbook.OrderBook - [ORDERBOOK] ASK: Adding orderMktData(price=98,quantity=154)
13:00:19.563 [main] INFO  c.o.v.MutatingMatchOneMarketDataOrderVisitor - [ORDERBOOK] visiting LevelOrderBookLevel(price=43,quantity=4268302)
13:00:19.563 [main] INFO  c.o.v.MutatingMatchOneMarketDataOrderVisitor - [ORDERBOOK] Can't match order:Limit(side=BUY,orderId=3,price=43,quantity=268)(MktData(price=98,quantity=154))
13:00:19.563 [main] INFO  c.o.v.MutatingMatchOneMarketDataOrderVisitor - [ORDERBOOK] Can't match order:Limit(side=BUY,orderId=5,price=43,quantity=1072)(MktData(price=98,quantity=154))
13:00:19.563 [main] INFO  c.o.v.MutatingMatchOneMarketDataOrderVisitor - [ORDERBOOK] Can't match order:Limit(side=BUY,orderId=7,price=43,quantity=4288)(MktData(price=98,quantity=154))
13:00:19.563 [main] INFO  c.o.v.MutatingMatchOneMarketDataOrderVisitor - [ORDERBOOK] Can't match order:Limit(side=BUY,orderId=9,price=43,quantity=17152)(MktData(price=98,quantity=154))
13:00:19.563 [main] INFO  c.o.v.MutatingMatchOneMarketDataOrderVisitor - [ORDERBOOK] Can't match order:Limit(side=BUY,orderId=11,price=43,quantity=68608)(MktData(price=98,quantity=154))
13:00:19.563 [main] INFO  c.o.v.MutatingMatchOneMarketDataOrderVisitor - [ORDERBOOK] Can't match order:Limit(side=BUY,orderId=12,price=43,quantity=137216)(MktData(price=98,quantity=154))
13:00:19.563 [main] INFO  c.o.v.MutatingMatchOneMarketDataOrderVisitor - [ORDERBOOK] Can't match order:Limit(side=BUY,orderId=13,price=43,quantity=274432)(MktData(price=98,quantity=154))
13:00:19.563 [main] INFO  c.o.v.MutatingMatchOneMarketDataOrderVisitor - [ORDERBOOK] Can't match order:Limit(side=BUY,orderId=14,price=43,quantity=548864)(MktData(price=98,quantity=154))
13:00:19.563 [main] INFO  c.o.v.MutatingMatchOneMarketDataOrderVisitor - [ORDERBOOK] Can't match order:Limit(side=BUY,orderId=15,price=43,quantity=1097728)(MktData(price=98,quantity=154))
13:00:19.563 [main] INFO  c.o.v.MutatingMatchOneMarketDataOrderVisitor - [ORDERBOOK] Can't match order:Limit(side=BUY,orderId=16,price=43,quantity=2195456)(MktData(price=98,quantity=154))
13:00:19.563 [main] INFO  c.o.v.MutatingMatchOneMarketDataOrderVisitor - [ORDERBOOK] Can't match order:MktData(price=43,quantity=134)(MktData(price=98,quantity=154))
13:00:19.563 [main] INFO  c.o.v.MutatingRemoveAllMarketDataOrdersVisitor - [ORDERBOOK] Removing market data order:MktData(price=98,quantity=501)
13:00:19.563 [main] INFO  c.o.v.MutatingRemoveAllMarketDataOrdersVisitor - [ORDERBOOK] Removing market data order:MktData(price=110,quantity=5000)
13:00:19.563 [main] INFO  c.o.v.MutatingRemoveAllMarketDataOrdersVisitor - [ORDERBOOK] Removing market data order:MktData(price=123,quantity=453)
13:00:19.563 [main] INFO  c.o.v.MutatingRemoveAllMarketDataOrdersVisitor - [ORDERBOOK] Removing market data order:MktData(price=167,quantity=665)
13:00:19.563 [main] DEBUG c.orderbook.OrderBook - [ORDERBOOK] ASK: Adding orderMktData(price=98,quantity=501)
13:00:19.563 [main] INFO  c.o.visitor.MutatingAddOrderVisitor - [ORDERBOOK] + Limit(side=SELL,orderId=17,price=98,quantity=501)
13:00:19.563 [main] DEBUG c.orderbook.OrderBook - [ORDERBOOK] ASK: Adding orderMktData(price=101,quantity=200)
13:00:19.563 [main] DEBUG c.orderbook.OrderBook - [ORDERBOOK] ASK: Adding orderMktData(price=110,quantity=5000)
13:00:19.563 [main] DEBUG c.orderbook.OrderBook - [ORDERBOOK] ASK: Adding orderMktData(price=119,quantity=5600)
13:00:19.563 [main] DEBUG c.orderbook.OrderBook - [ORDERBOOK] ASK: Adding orderMktData(price=123,quantity=453)
13:00:19.563 [main] DEBUG c.orderbook.OrderBook - [ORDERBOOK] ASK: Adding orderMktData(price=144,quantity=645)
13:00:19.563 [main] DEBUG c.orderbook.OrderBook - [ORDERBOOK] ASK: Adding orderMktData(price=167,quantity=665)
13:00:19.563 [main] DEBUG c.service.MarketDataService - [ALGO] BID: price:43 quantity:134
13:00:19.563 [main] DEBUG c.service.MarketDataService - [ALGO] BID: price:76 quantity:145
13:00:19.563 [main] DEBUG c.service.MarketDataService - [ALGO] BID: price:91 quantity:300
13:00:19.563 [main] DEBUG c.service.MarketDataService - [ALGO] BID: price:93 quantity:200
13:00:19.563 [main] DEBUG c.service.MarketDataService - [ALGO] BID: price:95 quantity:100
13:00:19.563 [main] DEBUG c.service.MarketDataService - [ALGO] BID: price:98 quantity:154
13:00:19.563 [main] DEBUG c.service.MarketDataService - [ALGO] ASK: price:98 quantity:501
13:00:19.563 [main] DEBUG c.service.MarketDataService - [ALGO] ASK: price:101 quantity:200
13:00:19.563 [main] DEBUG c.service.MarketDataService - [ALGO] ASK: price:110 quantity:5000
13:00:19.563 [main] DEBUG c.service.MarketDataService - [ALGO] ASK: price:119 quantity:5600
13:00:19.563 [main] DEBUG c.service.MarketDataService - [ALGO] ASK: price:123 quantity:453
13:00:19.563 [main] DEBUG c.service.MarketDataService - [ALGO] ASK: price:144 quantity:645
13:00:19.563 [main] DEBUG c.service.MarketDataService - [ALGO] ASK: price:167 quantity:665
13:00:19.563 [main] INFO  c.gettingstarted.MyAlgoLogic - [MYALGO] The state of the order book is:
|----BID-----||----ASK----|
    134 @ 43    501 @ 98
    145 @ 76   200 @ 101
    300 @ 91  5000 @ 110
    200 @ 93  5600 @ 119
    100 @ 95   453 @ 123
    154 @ 98   645 @ 144
          -    665 @ 167
|------------||-----------|

13:00:19.563 [main] INFO  c.gettingstarted.MyAlgoLogic - [MYALGO] Algo Sees Book as: 
|----BID-----||----ASK----|
    134 @ 43    501 @ 98
    145 @ 76   200 @ 101
    300 @ 91  5000 @ 110
    200 @ 93  5600 @ 119
    100 @ 95   453 @ 123
    154 @ 98   645 @ 144
          -    665 @ 167
|------------||-----------|

13:00:19.563 [main] INFO  c.gettingstarted.TimedLogic - [TIMEDLOGIC] Market is open
13:00:19.563 [main] INFO  c.sequencer.consumer.LoggingConsumer - [162] 
|----BID-----|
    134 @ 43
    145 @ 76
    300 @ 91
    200 @ 93
    100 @ 95
    154 @ 98
|----ASK-----|
    501 @ 98
   200 @ 101
  5000 @ 110
  5600 @ 119
   453 @ 123
   645 @ 144
   665 @ 167

13:00:19.563 [main] INFO  c.orderbook.OrderBook - [ORDERBOOK] Processing Mkt Data Update
13:00:19.563 [main] INFO  c.o.v.MutatingRemoveAllMarketDataOrdersVisitor - [ORDERBOOK] Removing market data order:MktData(price=43,quantity=134)
13:00:19.563 [main] DEBUG c.orderbook.OrderBook - [ORDERBOOK] ASK: Adding orderMktData(price=43,quantity=134)
13:00:19.563 [main] INFO  c.o.visitor.MutatingAddOrderVisitor - [ORDERBOOK] + Limit(side=BUY,orderId=16,price=43,quantity=2195456)
13:00:19.563 [main] DEBUG c.orderbook.OrderBook - [ORDERBOOK] ASK: Adding orderMktData(price=76,quantity=145)
13:00:19.563 [main] DEBUG c.orderbook.OrderBook - [ORDERBOOK] ASK: Adding orderMktData(price=91,quantity=300)
13:00:19.563 [main] DEBUG c.orderbook.OrderBook - [ORDERBOOK] ASK: Adding orderMktData(price=93,quantity=200)
13:00:19.563 [main] DEBUG c.orderbook.OrderBook - [ORDERBOOK] ASK: Adding orderMktData(price=95,quantity=100)
13:00:19.563 [main] DEBUG c.orderbook.OrderBook - [ORDERBOOK] ASK: Adding orderMktData(price=98,quantity=154)
13:00:19.563 [main] INFO  c.o.v.MutatingMatchOneMarketDataOrderVisitor - [ORDERBOOK] visiting LevelOrderBookLevel(price=43,quantity=4268436)
13:00:19.563 [main] INFO  c.o.v.MutatingMatchOneMarketDataOrderVisitor - [ORDERBOOK] Can't match order:Limit(side=BUY,orderId=3,price=43,quantity=268)(MktData(price=98,quantity=154))
13:00:19.563 [main] INFO  c.o.v.MutatingMatchOneMarketDataOrderVisitor - [ORDERBOOK] Can't match order:Limit(side=BUY,orderId=5,price=43,quantity=1072)(MktData(price=98,quantity=154))
13:00:19.563 [main] INFO  c.o.v.MutatingMatchOneMarketDataOrderVisitor - [ORDERBOOK] Can't match order:Limit(side=BUY,orderId=7,price=43,quantity=4288)(MktData(price=98,quantity=154))
13:00:19.563 [main] INFO  c.o.v.MutatingMatchOneMarketDataOrderVisitor - [ORDERBOOK] Can't match order:Limit(side=BUY,orderId=9,price=43,quantity=17152)(MktData(price=98,quantity=154))
13:00:19.563 [main] INFO  c.o.v.MutatingMatchOneMarketDataOrderVisitor - [ORDERBOOK] Can't match order:Limit(side=BUY,orderId=11,price=43,quantity=68608)(MktData(price=98,quantity=154))
13:00:19.563 [main] INFO  c.o.v.MutatingMatchOneMarketDataOrderVisitor - [ORDERBOOK] Can't match order:Limit(side=BUY,orderId=12,price=43,quantity=137216)(MktData(price=98,quantity=154))
13:00:19.563 [main] INFO  c.o.v.MutatingMatchOneMarketDataOrderVisitor - [ORDERBOOK] Can't match order:Limit(side=BUY,orderId=13,price=43,quantity=274432)(MktData(price=98,quantity=154))
13:00:19.563 [main] INFO  c.o.v.MutatingMatchOneMarketDataOrderVisitor - [ORDERBOOK] Can't match order:Limit(side=BUY,orderId=14,price=43,quantity=548864)(MktData(price=98,quantity=154))
13:00:19.563 [main] INFO  c.o.v.MutatingMatchOneMarketDataOrderVisitor - [ORDERBOOK] Can't match order:Limit(side=BUY,orderId=15,price=43,quantity=1097728)(MktData(price=98,quantity=154))
13:00:19.563 [main] INFO  c.o.v.MutatingMatchOneMarketDataOrderVisitor - [ORDERBOOK] Can't match order:Limit(side=BUY,orderId=16,price=43,quantity=2195456)(MktData(price=98,quantity=154))
13:00:19.563 [main] INFO  c.o.v.MutatingMatchOneMarketDataOrderVisitor - [ORDERBOOK] Can't match order:MktData(price=43,quantity=134)(MktData(price=98,quantity=154))
13:00:19.563 [main] INFO  c.o.v.MutatingRemoveAllMarketDataOrdersVisitor - [ORDERBOOK] Removing market data order:MktData(price=98,quantity=501)
13:00:19.563 [main] INFO  c.o.v.MutatingRemoveAllMarketDataOrdersVisitor - [ORDERBOOK] Removing market data order:MktData(price=110,quantity=5000)
13:00:19.563 [main] INFO  c.o.v.MutatingRemoveAllMarketDataOrdersVisitor - [ORDERBOOK] Removing market data order:MktData(price=123,quantity=453)
13:00:19.563 [main] INFO  c.o.v.MutatingRemoveAllMarketDataOrdersVisitor - [ORDERBOOK] Removing market data order:MktData(price=167,quantity=665)
13:00:19.563 [main] DEBUG c.orderbook.OrderBook - [ORDERBOOK] ASK: Adding orderMktData(price=98,quantity=501)
13:00:19.563 [main] INFO  c.o.visitor.MutatingAddOrderVisitor - [ORDERBOOK] + Limit(side=SELL,orderId=17,price=98,quantity=501)
13:00:19.563 [main] DEBUG c.orderbook.OrderBook - [ORDERBOOK] ASK: Adding orderMktData(price=101,quantity=200)
13:00:19.563 [main] DEBUG c.orderbook.OrderBook - [ORDERBOOK] ASK: Adding orderMktData(price=110,quantity=5000)
13:00:19.563 [main] DEBUG c.orderbook.OrderBook - [ORDERBOOK] ASK: Adding orderMktData(price=119,quantity=5600)
13:00:19.563 [main] DEBUG c.orderbook.OrderBook - [ORDERBOOK] ASK: Adding orderMktData(price=123,quantity=453)
13:00:19.563 [main] DEBUG c.orderbook.OrderBook - [ORDERBOOK] ASK: Adding orderMktData(price=144,quantity=645)
13:00:19.563 [main] DEBUG c.orderbook.OrderBook - [ORDERBOOK] ASK: Adding orderMktData(price=167,quantity=665)
13:00:19.563 [main] DEBUG c.service.MarketDataService - [ALGO] BID: price:43 quantity:134
13:00:19.563 [main] DEBUG c.service.MarketDataService - [ALGO] BID: price:76 quantity:145
13:00:19.563 [main] DEBUG c.service.MarketDataService - [ALGO] BID: price:91 quantity:300
13:00:19.563 [main] DEBUG c.service.MarketDataService - [ALGO] BID: price:93 quantity:200
13:00:19.563 [main] DEBUG c.service.MarketDataService - [ALGO] BID: price:95 quantity:100
13:00:19.563 [main] DEBUG c.service.MarketDataService - [ALGO] BID: price:98 quantity:154
13:00:19.563 [main] DEBUG c.service.MarketDataService - [ALGO] ASK: price:98 quantity:501
13:00:19.563 [main] DEBUG c.service.MarketDataService - [ALGO] ASK: price:101 quantity:200
13:00:19.563 [main] DEBUG c.service.MarketDataService - [ALGO] ASK: price:110 quantity:5000
13:00:19.563 [main] DEBUG c.service.MarketDataService - [ALGO] ASK: price:119 quantity:5600
13:00:19.563 [main] DEBUG c.service.MarketDataService - [ALGO] ASK: price:123 quantity:453
13:00:19.563 [main] DEBUG c.service.MarketDataService - [ALGO] ASK: price:144 quantity:645
13:00:19.563 [main] DEBUG c.service.MarketDataService - [ALGO] ASK: price:167 quantity:665
13:00:19.563 [main] INFO  c.gettingstarted.MyAlgoLogic - [MYALGO] The state of the order book is:
|----BID-----||----ASK----|
    134 @ 43    501 @ 98
    145 @ 76   200 @ 101
    300 @ 91  5000 @ 110
    200 @ 93  5600 @ 119
    100 @ 95   453 @ 123
    154 @ 98   645 @ 144
          -    665 @ 167
|------------||-----------|

13:00:19.563 [main] INFO  c.gettingstarted.MyAlgoLogic - [MYALGO] Algo Sees Book as: 
|----BID-----||----ASK----|
    134 @ 43    501 @ 98
    145 @ 76   200 @ 101
    300 @ 91  5000 @ 110
    200 @ 93  5600 @ 119
    100 @ 95   453 @ 123
    154 @ 98   645 @ 144
          -    665 @ 167
|------------||-----------|

13:00:19.563 [main] INFO  c.gettingstarted.TimedLogic - [TIMEDLOGIC] Market is open
13:00:19.563 [main] INFO  c.sequencer.consumer.LoggingConsumer - [163] 
|----BID-----|
    134 @ 43
    145 @ 76
    300 @ 91
    200 @ 93
    100 @ 95
    154 @ 98
|----ASK-----|
    501 @ 98
   200 @ 101
  5000 @ 110
  5600 @ 119
   453 @ 123
   645 @ 144
   665 @ 167

13:00:19.563 [main] INFO  c.orderbook.OrderBook - [ORDERBOOK] Processing Mkt Data Update
13:00:19.563 [main] INFO  c.o.v.MutatingRemoveAllMarketDataOrdersVisitor - [ORDERBOOK] Removing market data order:MktData(price=43,quantity=134)
13:00:19.563 [main] DEBUG c.orderbook.OrderBook - [ORDERBOOK] ASK: Adding orderMktData(price=43,quantity=134)
13:00:19.563 [main] INFO  c.o.visitor.MutatingAddOrderVisitor - [ORDERBOOK] + Limit(side=BUY,orderId=16,price=43,quantity=2195456)
13:00:19.563 [main] DEBUG c.orderbook.OrderBook - [ORDERBOOK] ASK: Adding orderMktData(price=76,quantity=145)
13:00:19.563 [main] DEBUG c.orderbook.OrderBook - [ORDERBOOK] ASK: Adding orderMktData(price=91,quantity=300)
13:00:19.563 [main] DEBUG c.orderbook.OrderBook - [ORDERBOOK] ASK: Adding orderMktData(price=93,quantity=200)
13:00:19.563 [main] DEBUG c.orderbook.OrderBook - [ORDERBOOK] ASK: Adding orderMktData(price=95,quantity=100)
13:00:19.563 [main] DEBUG c.orderbook.OrderBook - [ORDERBOOK] ASK: Adding orderMktData(price=98,quantity=154)
13:00:19.563 [main] INFO  c.o.v.MutatingMatchOneMarketDataOrderVisitor - [ORDERBOOK] visiting LevelOrderBookLevel(price=43,quantity=4268570)
13:00:19.563 [main] INFO  c.o.v.MutatingMatchOneMarketDataOrderVisitor - [ORDERBOOK] Can't match order:Limit(side=BUY,orderId=3,price=43,quantity=268)(MktData(price=98,quantity=154))
13:00:19.563 [main] INFO  c.o.v.MutatingMatchOneMarketDataOrderVisitor - [ORDERBOOK] Can't match order:Limit(side=BUY,orderId=5,price=43,quantity=1072)(MktData(price=98,quantity=154))
13:00:19.563 [main] INFO  c.o.v.MutatingMatchOneMarketDataOrderVisitor - [ORDERBOOK] Can't match order:Limit(side=BUY,orderId=7,price=43,quantity=4288)(MktData(price=98,quantity=154))
13:00:19.563 [main] INFO  c.o.v.MutatingMatchOneMarketDataOrderVisitor - [ORDERBOOK] Can't match order:Limit(side=BUY,orderId=9,price=43,quantity=17152)(MktData(price=98,quantity=154))
13:00:19.563 [main] INFO  c.o.v.MutatingMatchOneMarketDataOrderVisitor - [ORDERBOOK] Can't match order:Limit(side=BUY,orderId=11,price=43,quantity=68608)(MktData(price=98,quantity=154))
13:00:19.563 [main] INFO  c.o.v.MutatingMatchOneMarketDataOrderVisitor - [ORDERBOOK] Can't match order:Limit(side=BUY,orderId=12,price=43,quantity=137216)(MktData(price=98,quantity=154))
13:00:19.563 [main] INFO  c.o.v.MutatingMatchOneMarketDataOrderVisitor - [ORDERBOOK] Can't match order:Limit(side=BUY,orderId=13,price=43,quantity=274432)(MktData(price=98,quantity=154))
13:00:19.563 [main] INFO  c.o.v.MutatingMatchOneMarketDataOrderVisitor - [ORDERBOOK] Can't match order:Limit(side=BUY,orderId=14,price=43,quantity=548864)(MktData(price=98,quantity=154))
13:00:19.563 [main] INFO  c.o.v.MutatingMatchOneMarketDataOrderVisitor - [ORDERBOOK] Can't match order:Limit(side=BUY,orderId=15,price=43,quantity=1097728)(MktData(price=98,quantity=154))
13:00:19.563 [main] INFO  c.o.v.MutatingMatchOneMarketDataOrderVisitor - [ORDERBOOK] Can't match order:Limit(side=BUY,orderId=16,price=43,quantity=2195456)(MktData(price=98,quantity=154))
13:00:19.563 [main] INFO  c.o.v.MutatingMatchOneMarketDataOrderVisitor - [ORDERBOOK] Can't match order:MktData(price=43,quantity=134)(MktData(price=98,quantity=154))
13:00:19.563 [main] INFO  c.o.v.MutatingRemoveAllMarketDataOrdersVisitor - [ORDERBOOK] Removing market data order:MktData(price=98,quantity=501)
13:00:19.563 [main] INFO  c.o.v.MutatingRemoveAllMarketDataOrdersVisitor - [ORDERBOOK] Removing market data order:MktData(price=110,quantity=5000)
13:00:19.563 [main] INFO  c.o.v.MutatingRemoveAllMarketDataOrdersVisitor - [ORDERBOOK] Removing market data order:MktData(price=123,quantity=453)
13:00:19.563 [main] INFO  c.o.v.MutatingRemoveAllMarketDataOrdersVisitor - [ORDERBOOK] Removing market data order:MktData(price=167,quantity=665)
13:00:19.563 [main] DEBUG c.orderbook.OrderBook - [ORDERBOOK] ASK: Adding orderMktData(price=98,quantity=501)
13:00:19.563 [main] INFO  c.o.visitor.MutatingAddOrderVisitor - [ORDERBOOK] + Limit(side=SELL,orderId=17,price=98,quantity=501)
13:00:19.563 [main] DEBUG c.orderbook.OrderBook - [ORDERBOOK] ASK: Adding orderMktData(price=101,quantity=200)
13:00:19.563 [main] DEBUG c.orderbook.OrderBook - [ORDERBOOK] ASK: Adding orderMktData(price=110,quantity=5000)
13:00:19.563 [main] DEBUG c.orderbook.OrderBook - [ORDERBOOK] ASK: Adding orderMktData(price=119,quantity=5600)
13:00:19.563 [main] DEBUG c.orderbook.OrderBook - [ORDERBOOK] ASK: Adding orderMktData(price=123,quantity=453)
13:00:19.563 [main] DEBUG c.orderbook.OrderBook - [ORDERBOOK] ASK: Adding orderMktData(price=144,quantity=645)
13:00:19.563 [main] DEBUG c.orderbook.OrderBook - [ORDERBOOK] ASK: Adding orderMktData(price=167,quantity=665)
13:00:19.563 [main] DEBUG c.service.MarketDataService - [ALGO] BID: price:43 quantity:134
13:00:19.563 [main] DEBUG c.service.MarketDataService - [ALGO] BID: price:76 quantity:145
13:00:19.563 [main] DEBUG c.service.MarketDataService - [ALGO] BID: price:91 quantity:300
13:00:19.563 [main] DEBUG c.service.MarketDataService - [ALGO] BID: price:93 quantity:200
13:00:19.563 [main] DEBUG c.service.MarketDataService - [ALGO] BID: price:95 quantity:100
13:00:19.563 [main] DEBUG c.service.MarketDataService - [ALGO] BID: price:98 quantity:154
13:00:19.563 [main] DEBUG c.service.MarketDataService - [ALGO] ASK: price:98 quantity:501
13:00:19.563 [main] DEBUG c.service.MarketDataService - [ALGO] ASK: price:101 quantity:200
13:00:19.563 [main] DEBUG c.service.MarketDataService - [ALGO] ASK: price:110 quantity:5000
13:00:19.563 [main] DEBUG c.service.MarketDataService - [ALGO] ASK: price:119 quantity:5600
13:00:19.563 [main] DEBUG c.service.MarketDataService - [ALGO] ASK: price:123 quantity:453
13:00:19.563 [main] DEBUG c.service.MarketDataService - [ALGO] ASK: price:144 quantity:645
13:00:19.563 [main] DEBUG c.service.MarketDataService - [ALGO] ASK: price:167 quantity:665
13:00:19.563 [main] INFO  c.gettingstarted.MyAlgoLogic - [MYALGO] The state of the order book is:
|----BID-----||----ASK----|
    134 @ 43    501 @ 98
    145 @ 76   200 @ 101
    300 @ 91  5000 @ 110
    200 @ 93  5600 @ 119
    100 @ 95   453 @ 123
    154 @ 98   645 @ 144
          -    665 @ 167
|------------||-----------|

13:00:19.563 [main] INFO  c.gettingstarted.MyAlgoLogic - [MYALGO] Algo Sees Book as: 
|----BID-----||----ASK----|
    134 @ 43    501 @ 98
    145 @ 76   200 @ 101
    300 @ 91  5000 @ 110
    200 @ 93  5600 @ 119
    100 @ 95   453 @ 123
    154 @ 98   645 @ 144
          -    665 @ 167
|------------||-----------|

13:00:19.563 [main] INFO  c.gettingstarted.TimedLogic - [TIMEDLOGIC] Market is open
13:00:19.563 [main] INFO  c.sequencer.consumer.LoggingConsumer - [164] 
|----BID-----|
    134 @ 43
    145 @ 76
    300 @ 91
    200 @ 93
    100 @ 95
    154 @ 98
|----ASK-----|
    501 @ 98
   200 @ 101
  5000 @ 110
  5600 @ 119
   453 @ 123
   645 @ 144
   665 @ 167

13:00:19.563 [main] INFO  c.orderbook.OrderBook - [ORDERBOOK] Processing Mkt Data Update
13:00:19.563 [main] INFO  c.o.v.MutatingRemoveAllMarketDataOrdersVisitor - [ORDERBOOK] Removing market data order:MktData(price=43,quantity=134)
13:00:19.563 [main] DEBUG c.orderbook.OrderBook - [ORDERBOOK] ASK: Adding orderMktData(price=43,quantity=134)
13:00:19.563 [main] INFO  c.o.visitor.MutatingAddOrderVisitor - [ORDERBOOK] + Limit(side=BUY,orderId=16,price=43,quantity=2195456)
13:00:19.563 [main] DEBUG c.orderbook.OrderBook - [ORDERBOOK] ASK: Adding orderMktData(price=76,quantity=145)
13:00:19.563 [main] DEBUG c.orderbook.OrderBook - [ORDERBOOK] ASK: Adding orderMktData(price=91,quantity=300)
13:00:19.563 [main] DEBUG c.orderbook.OrderBook - [ORDERBOOK] ASK: Adding orderMktData(price=93,quantity=200)
13:00:19.563 [main] DEBUG c.orderbook.OrderBook - [ORDERBOOK] ASK: Adding orderMktData(price=95,quantity=100)
13:00:19.563 [main] DEBUG c.orderbook.OrderBook - [ORDERBOOK] ASK: Adding orderMktData(price=98,quantity=154)
13:00:19.563 [main] INFO  c.o.v.MutatingMatchOneMarketDataOrderVisitor - [ORDERBOOK] visiting LevelOrderBookLevel(price=43,quantity=4268704)
13:00:19.563 [main] INFO  c.o.v.MutatingMatchOneMarketDataOrderVisitor - [ORDERBOOK] Can't match order:Limit(side=BUY,orderId=3,price=43,quantity=268)(MktData(price=98,quantity=154))
13:00:19.563 [main] INFO  c.o.v.MutatingMatchOneMarketDataOrderVisitor - [ORDERBOOK] Can't match order:Limit(side=BUY,orderId=5,price=43,quantity=1072)(MktData(price=98,quantity=154))
13:00:19.563 [main] INFO  c.o.v.MutatingMatchOneMarketDataOrderVisitor - [ORDERBOOK] Can't match order:Limit(side=BUY,orderId=7,price=43,quantity=4288)(MktData(price=98,quantity=154))
13:00:19.563 [main] INFO  c.o.v.MutatingMatchOneMarketDataOrderVisitor - [ORDERBOOK] Can't match order:Limit(side=BUY,orderId=9,price=43,quantity=17152)(MktData(price=98,quantity=154))
13:00:19.563 [main] INFO  c.o.v.MutatingMatchOneMarketDataOrderVisitor - [ORDERBOOK] Can't match order:Limit(side=BUY,orderId=11,price=43,quantity=68608)(MktData(price=98,quantity=154))
13:00:19.563 [main] INFO  c.o.v.MutatingMatchOneMarketDataOrderVisitor - [ORDERBOOK] Can't match order:Limit(side=BUY,orderId=12,price=43,quantity=137216)(MktData(price=98,quantity=154))
13:00:19.563 [main] INFO  c.o.v.MutatingMatchOneMarketDataOrderVisitor - [ORDERBOOK] Can't match order:Limit(side=BUY,orderId=13,price=43,quantity=274432)(MktData(price=98,quantity=154))
13:00:19.563 [main] INFO  c.o.v.MutatingMatchOneMarketDataOrderVisitor - [ORDERBOOK] Can't match order:Limit(side=BUY,orderId=14,price=43,quantity=548864)(MktData(price=98,quantity=154))
13:00:19.563 [main] INFO  c.o.v.MutatingMatchOneMarketDataOrderVisitor - [ORDERBOOK] Can't match order:Limit(side=BUY,orderId=15,price=43,quantity=1097728)(MktData(price=98,quantity=154))
13:00:19.563 [main] INFO  c.o.v.MutatingMatchOneMarketDataOrderVisitor - [ORDERBOOK] Can't match order:Limit(side=BUY,orderId=16,price=43,quantity=2195456)(MktData(price=98,quantity=154))
13:00:19.563 [main] INFO  c.o.v.MutatingMatchOneMarketDataOrderVisitor - [ORDERBOOK] Can't match order:MktData(price=43,quantity=134)(MktData(price=98,quantity=154))
13:00:19.563 [main] INFO  c.o.v.MutatingRemoveAllMarketDataOrdersVisitor - [ORDERBOOK] Removing market data order:MktData(price=98,quantity=501)
13:00:19.563 [main] INFO  c.o.v.MutatingRemoveAllMarketDataOrdersVisitor - [ORDERBOOK] Removing market data order:MktData(price=110,quantity=5000)
13:00:19.563 [main] INFO  c.o.v.MutatingRemoveAllMarketDataOrdersVisitor - [ORDERBOOK] Removing market data order:MktData(price=123,quantity=453)
13:00:19.563 [main] INFO  c.o.v.MutatingRemoveAllMarketDataOrdersVisitor - [ORDERBOOK] Removing market data order:MktData(price=167,quantity=665)
13:00:19.563 [main] DEBUG c.orderbook.OrderBook - [ORDERBOOK] ASK: Adding orderMktData(price=98,quantity=501)
13:00:19.563 [main] INFO  c.o.visitor.MutatingAddOrderVisitor - [ORDERBOOK] + Limit(side=SELL,orderId=17,price=98,quantity=501)
13:00:19.563 [main] DEBUG c.orderbook.OrderBook - [ORDERBOOK] ASK: Adding orderMktData(price=101,quantity=200)
13:00:19.563 [main] DEBUG c.orderbook.OrderBook - [ORDERBOOK] ASK: Adding orderMktData(price=110,quantity=5000)
13:00:19.563 [main] DEBUG c.orderbook.OrderBook - [ORDERBOOK] ASK: Adding orderMktData(price=119,quantity=5600)
13:00:19.563 [main] DEBUG c.orderbook.OrderBook - [ORDERBOOK] ASK: Adding orderMktData(price=123,quantity=453)
13:00:19.563 [main] DEBUG c.orderbook.OrderBook - [ORDERBOOK] ASK: Adding orderMktData(price=144,quantity=645)
13:00:19.563 [main] DEBUG c.orderbook.OrderBook - [ORDERBOOK] ASK: Adding orderMktData(price=167,quantity=665)
13:00:19.563 [main] DEBUG c.service.MarketDataService - [ALGO] BID: price:43 quantity:134
13:00:19.563 [main] DEBUG c.service.MarketDataService - [ALGO] BID: price:76 quantity:145
13:00:19.563 [main] DEBUG c.service.MarketDataService - [ALGO] BID: price:91 quantity:300
13:00:19.563 [main] DEBUG c.service.MarketDataService - [ALGO] BID: price:93 quantity:200
13:00:19.563 [main] DEBUG c.service.MarketDataService - [ALGO] BID: price:95 quantity:100
13:00:19.563 [main] DEBUG c.service.MarketDataService - [ALGO] BID: price:98 quantity:154
13:00:19.563 [main] DEBUG c.service.MarketDataService - [ALGO] ASK: price:98 quantity:501
13:00:19.563 [main] DEBUG c.service.MarketDataService - [ALGO] ASK: price:101 quantity:200
13:00:19.563 [main] DEBUG c.service.MarketDataService - [ALGO] ASK: price:110 quantity:5000
13:00:19.563 [main] DEBUG c.service.MarketDataService - [ALGO] ASK: price:119 quantity:5600
13:00:19.563 [main] DEBUG c.service.MarketDataService - [ALGO] ASK: price:123 quantity:453
13:00:19.563 [main] DEBUG c.service.MarketDataService - [ALGO] ASK: price:144 quantity:645
13:00:19.563 [main] DEBUG c.service.MarketDataService - [ALGO] ASK: price:167 quantity:665
13:00:19.563 [main] INFO  c.gettingstarted.MyAlgoLogic - [MYALGO] The state of the order book is:
|----BID-----||----ASK----|
    134 @ 43    501 @ 98
    145 @ 76   200 @ 101
    300 @ 91  5000 @ 110
    200 @ 93  5600 @ 119
    100 @ 95   453 @ 123
    154 @ 98   645 @ 144
          -    665 @ 167
|------------||-----------|

13:00:19.563 [main] INFO  c.gettingstarted.MyAlgoLogic - [MYALGO] Algo Sees Book as: 
|----BID-----||----ASK----|
    134 @ 43    501 @ 98
    145 @ 76   200 @ 101
    300 @ 91  5000 @ 110
    200 @ 93  5600 @ 119
    100 @ 95   453 @ 123
    154 @ 98   645 @ 144
          -    665 @ 167
|------------||-----------|

13:00:19.563 [main] INFO  c.gettingstarted.TimedLogic - [TIMEDLOGIC] Market is open
13:00:19.563 [main] INFO  c.sequencer.consumer.LoggingConsumer - [165] 
|----BID-----|
    134 @ 43
    145 @ 76
    300 @ 91
    200 @ 93
    100 @ 95
    154 @ 98
|----ASK-----|
    501 @ 98
   200 @ 101
  5000 @ 110
  5600 @ 119
   453 @ 123
   645 @ 144
   665 @ 167

13:00:19.563 [main] INFO  c.orderbook.OrderBook - [ORDERBOOK] Processing Mkt Data Update
13:00:19.563 [main] INFO  c.o.v.MutatingRemoveAllMarketDataOrdersVisitor - [ORDERBOOK] Removing market data order:MktData(price=43,quantity=134)
13:00:19.563 [main] DEBUG c.orderbook.OrderBook - [ORDERBOOK] ASK: Adding orderMktData(price=43,quantity=134)
13:00:19.563 [main] INFO  c.o.visitor.MutatingAddOrderVisitor - [ORDERBOOK] + Limit(side=BUY,orderId=16,price=43,quantity=2195456)
13:00:19.563 [main] DEBUG c.orderbook.OrderBook - [ORDERBOOK] ASK: Adding orderMktData(price=76,quantity=145)
13:00:19.563 [main] DEBUG c.orderbook.OrderBook - [ORDERBOOK] ASK: Adding orderMktData(price=91,quantity=300)
13:00:19.563 [main] DEBUG c.orderbook.OrderBook - [ORDERBOOK] ASK: Adding orderMktData(price=93,quantity=200)
13:00:19.563 [main] DEBUG c.orderbook.OrderBook - [ORDERBOOK] ASK: Adding orderMktData(price=95,quantity=100)
13:00:19.563 [main] DEBUG c.orderbook.OrderBook - [ORDERBOOK] ASK: Adding orderMktData(price=98,quantity=154)
13:00:19.563 [main] INFO  c.o.v.MutatingMatchOneMarketDataOrderVisitor - [ORDERBOOK] visiting LevelOrderBookLevel(price=43,quantity=4268838)
13:00:19.563 [main] INFO  c.o.v.MutatingMatchOneMarketDataOrderVisitor - [ORDERBOOK] Can't match order:Limit(side=BUY,orderId=3,price=43,quantity=268)(MktData(price=98,quantity=154))
13:00:19.563 [main] INFO  c.o.v.MutatingMatchOneMarketDataOrderVisitor - [ORDERBOOK] Can't match order:Limit(side=BUY,orderId=5,price=43,quantity=1072)(MktData(price=98,quantity=154))
13:00:19.563 [main] INFO  c.o.v.MutatingMatchOneMarketDataOrderVisitor - [ORDERBOOK] Can't match order:Limit(side=BUY,orderId=7,price=43,quantity=4288)(MktData(price=98,quantity=154))
13:00:19.563 [main] INFO  c.o.v.MutatingMatchOneMarketDataOrderVisitor - [ORDERBOOK] Can't match order:Limit(side=BUY,orderId=9,price=43,quantity=17152)(MktData(price=98,quantity=154))
13:00:19.563 [main] INFO  c.o.v.MutatingMatchOneMarketDataOrderVisitor - [ORDERBOOK] Can't match order:Limit(side=BUY,orderId=11,price=43,quantity=68608)(MktData(price=98,quantity=154))
13:00:19.563 [main] INFO  c.o.v.MutatingMatchOneMarketDataOrderVisitor - [ORDERBOOK] Can't match order:Limit(side=BUY,orderId=12,price=43,quantity=137216)(MktData(price=98,quantity=154))
13:00:19.563 [main] INFO  c.o.v.MutatingMatchOneMarketDataOrderVisitor - [ORDERBOOK] Can't match order:Limit(side=BUY,orderId=13,price=43,quantity=274432)(MktData(price=98,quantity=154))
13:00:19.563 [main] INFO  c.o.v.MutatingMatchOneMarketDataOrderVisitor - [ORDERBOOK] Can't match order:Limit(side=BUY,orderId=14,price=43,quantity=548864)(MktData(price=98,quantity=154))
13:00:19.563 [main] INFO  c.o.v.MutatingMatchOneMarketDataOrderVisitor - [ORDERBOOK] Can't match order:Limit(side=BUY,orderId=15,price=43,quantity=1097728)(MktData(price=98,quantity=154))
13:00:19.563 [main] INFO  c.o.v.MutatingMatchOneMarketDataOrderVisitor - [ORDERBOOK] Can't match order:Limit(side=BUY,orderId=16,price=43,quantity=2195456)(MktData(price=98,quantity=154))
13:00:19.563 [main] INFO  c.o.v.MutatingMatchOneMarketDataOrderVisitor - [ORDERBOOK] Can't match order:MktData(price=43,quantity=134)(MktData(price=98,quantity=154))
13:00:19.563 [main] INFO  c.o.v.MutatingRemoveAllMarketDataOrdersVisitor - [ORDERBOOK] Removing market data order:MktData(price=98,quantity=501)
13:00:19.563 [main] INFO  c.o.v.MutatingRemoveAllMarketDataOrdersVisitor - [ORDERBOOK] Removing market data order:MktData(price=110,quantity=5000)
13:00:19.563 [main] INFO  c.o.v.MutatingRemoveAllMarketDataOrdersVisitor - [ORDERBOOK] Removing market data order:MktData(price=123,quantity=453)
13:00:19.563 [main] INFO  c.o.v.MutatingRemoveAllMarketDataOrdersVisitor - [ORDERBOOK] Removing market data order:MktData(price=167,quantity=665)
13:00:19.563 [main] DEBUG c.orderbook.OrderBook - [ORDERBOOK] ASK: Adding orderMktData(price=98,quantity=501)
13:00:19.563 [main] INFO  c.o.visitor.MutatingAddOrderVisitor - [ORDERBOOK] + Limit(side=SELL,orderId=17,price=98,quantity=501)
13:00:19.563 [main] DEBUG c.orderbook.OrderBook - [ORDERBOOK] ASK: Adding orderMktData(price=101,quantity=200)
13:00:19.563 [main] DEBUG c.orderbook.OrderBook - [ORDERBOOK] ASK: Adding orderMktData(price=110,quantity=5000)
13:00:19.563 [main] DEBUG c.orderbook.OrderBook - [ORDERBOOK] ASK: Adding orderMktData(price=119,quantity=5600)
13:00:19.563 [main] DEBUG c.orderbook.OrderBook - [ORDERBOOK] ASK: Adding orderMktData(price=123,quantity=453)
13:00:19.563 [main] DEBUG c.orderbook.OrderBook - [ORDERBOOK] ASK: Adding orderMktData(price=144,quantity=645)
13:00:19.563 [main] DEBUG c.orderbook.OrderBook - [ORDERBOOK] ASK: Adding orderMktData(price=167,quantity=665)
13:00:19.563 [main] DEBUG c.service.MarketDataService - [ALGO] BID: price:43 quantity:134
13:00:19.563 [main] DEBUG c.service.MarketDataService - [ALGO] BID: price:76 quantity:145
13:00:19.563 [main] DEBUG c.service.MarketDataService - [ALGO] BID: price:91 quantity:300
13:00:19.563 [main] DEBUG c.service.MarketDataService - [ALGO] BID: price:93 quantity:200
13:00:19.563 [main] DEBUG c.service.MarketDataService - [ALGO] BID: price:95 quantity:100
13:00:19.563 [main] DEBUG c.service.MarketDataService - [ALGO] BID: price:98 quantity:154
13:00:19.563 [main] DEBUG c.service.MarketDataService - [ALGO] ASK: price:98 quantity:501
13:00:19.563 [main] DEBUG c.service.MarketDataService - [ALGO] ASK: price:101 quantity:200
13:00:19.563 [main] DEBUG c.service.MarketDataService - [ALGO] ASK: price:110 quantity:5000
13:00:19.563 [main] DEBUG c.service.MarketDataService - [ALGO] ASK: price:119 quantity:5600
13:00:19.563 [main] DEBUG c.service.MarketDataService - [ALGO] ASK: price:123 quantity:453
13:00:19.563 [main] DEBUG c.service.MarketDataService - [ALGO] ASK: price:144 quantity:645
13:00:19.563 [main] DEBUG c.service.MarketDataService - [ALGO] ASK: price:167 quantity:665
13:00:19.563 [main] INFO  c.gettingstarted.MyAlgoLogic - [MYALGO] The state of the order book is:
|----BID-----||----ASK----|
    134 @ 43    501 @ 98
    145 @ 76   200 @ 101
    300 @ 91  5000 @ 110
    200 @ 93  5600 @ 119
    100 @ 95   453 @ 123
    154 @ 98   645 @ 144
          -    665 @ 167
|------------||-----------|

13:00:19.563 [main] INFO  c.gettingstarted.MyAlgoLogic - [MYALGO] Algo Sees Book as: 
|----BID-----||----ASK----|
    134 @ 43    501 @ 98
    145 @ 76   200 @ 101
    300 @ 91  5000 @ 110
    200 @ 93  5600 @ 119
    100 @ 95   453 @ 123
    154 @ 98   645 @ 144
          -    665 @ 167
|------------||-----------|

13:00:19.563 [main] INFO  c.gettingstarted.TimedLogic - [TIMEDLOGIC] Market is open
13:00:19.563 [main] INFO  c.sequencer.consumer.LoggingConsumer - [166] 
|----BID-----|
    134 @ 43
    145 @ 76
    300 @ 91
    200 @ 93
    100 @ 95
    154 @ 98
|----ASK-----|
    501 @ 98
   200 @ 101
  5000 @ 110
  5600 @ 119
   453 @ 123
   645 @ 144
   665 @ 167

13:00:19.563 [main] INFO  c.orderbook.OrderBook - [ORDERBOOK] Processing Mkt Data Update
13:00:19.563 [main] INFO  c.o.v.MutatingRemoveAllMarketDataOrdersVisitor - [ORDERBOOK] Removing market data order:MktData(price=43,quantity=134)
13:00:19.563 [main] DEBUG c.orderbook.OrderBook - [ORDERBOOK] ASK: Adding orderMktData(price=43,quantity=134)
13:00:19.563 [main] INFO  c.o.visitor.MutatingAddOrderVisitor - [ORDERBOOK] + Limit(side=BUY,orderId=16,price=43,quantity=2195456)
13:00:19.563 [main] DEBUG c.orderbook.OrderBook - [ORDERBOOK] ASK: Adding orderMktData(price=76,quantity=145)
13:00:19.563 [main] DEBUG c.orderbook.OrderBook - [ORDERBOOK] ASK: Adding orderMktData(price=91,quantity=300)
13:00:19.563 [main] DEBUG c.orderbook.OrderBook - [ORDERBOOK] ASK: Adding orderMktData(price=93,quantity=200)
13:00:19.563 [main] DEBUG c.orderbook.OrderBook - [ORDERBOOK] ASK: Adding orderMktData(price=95,quantity=100)
13:00:19.563 [main] DEBUG c.orderbook.OrderBook - [ORDERBOOK] ASK: Adding orderMktData(price=98,quantity=154)
13:00:19.563 [main] INFO  c.o.v.MutatingMatchOneMarketDataOrderVisitor - [ORDERBOOK] visiting LevelOrderBookLevel(price=43,quantity=4268972)
13:00:19.563 [main] INFO  c.o.v.MutatingMatchOneMarketDataOrderVisitor - [ORDERBOOK] Can't match order:Limit(side=BUY,orderId=3,price=43,quantity=268)(MktData(price=98,quantity=154))
13:00:19.563 [main] INFO  c.o.v.MutatingMatchOneMarketDataOrderVisitor - [ORDERBOOK] Can't match order:Limit(side=BUY,orderId=5,price=43,quantity=1072)(MktData(price=98,quantity=154))
13:00:19.563 [main] INFO  c.o.v.MutatingMatchOneMarketDataOrderVisitor - [ORDERBOOK] Can't match order:Limit(side=BUY,orderId=7,price=43,quantity=4288)(MktData(price=98,quantity=154))
13:00:19.563 [main] INFO  c.o.v.MutatingMatchOneMarketDataOrderVisitor - [ORDERBOOK] Can't match order:Limit(side=BUY,orderId=9,price=43,quantity=17152)(MktData(price=98,quantity=154))
13:00:19.563 [main] INFO  c.o.v.MutatingMatchOneMarketDataOrderVisitor - [ORDERBOOK] Can't match order:Limit(side=BUY,orderId=11,price=43,quantity=68608)(MktData(price=98,quantity=154))
13:00:19.563 [main] INFO  c.o.v.MutatingMatchOneMarketDataOrderVisitor - [ORDERBOOK] Can't match order:Limit(side=BUY,orderId=12,price=43,quantity=137216)(MktData(price=98,quantity=154))
13:00:19.563 [main] INFO  c.o.v.MutatingMatchOneMarketDataOrderVisitor - [ORDERBOOK] Can't match order:Limit(side=BUY,orderId=13,price=43,quantity=274432)(MktData(price=98,quantity=154))
13:00:19.563 [main] INFO  c.o.v.MutatingMatchOneMarketDataOrderVisitor - [ORDERBOOK] Can't match order:Limit(side=BUY,orderId=14,price=43,quantity=548864)(MktData(price=98,quantity=154))
13:00:19.563 [main] INFO  c.o.v.MutatingMatchOneMarketDataOrderVisitor - [ORDERBOOK] Can't match order:Limit(side=BUY,orderId=15,price=43,quantity=1097728)(MktData(price=98,quantity=154))
13:00:19.563 [main] INFO  c.o.v.MutatingMatchOneMarketDataOrderVisitor - [ORDERBOOK] Can't match order:Limit(side=BUY,orderId=16,price=43,quantity=2195456)(MktData(price=98,quantity=154))
13:00:19.563 [main] INFO  c.o.v.MutatingMatchOneMarketDataOrderVisitor - [ORDERBOOK] Can't match order:MktData(price=43,quantity=134)(MktData(price=98,quantity=154))
13:00:19.563 [main] INFO  c.o.v.MutatingRemoveAllMarketDataOrdersVisitor - [ORDERBOOK] Removing market data order:MktData(price=98,quantity=501)
13:00:19.563 [main] INFO  c.o.v.MutatingRemoveAllMarketDataOrdersVisitor - [ORDERBOOK] Removing market data order:MktData(price=110,quantity=5000)
13:00:19.563 [main] INFO  c.o.v.MutatingRemoveAllMarketDataOrdersVisitor - [ORDERBOOK] Removing market data order:MktData(price=123,quantity=453)
13:00:19.563 [main] INFO  c.o.v.MutatingRemoveAllMarketDataOrdersVisitor - [ORDERBOOK] Removing market data order:MktData(price=167,quantity=665)
13:00:19.563 [main] DEBUG c.orderbook.OrderBook - [ORDERBOOK] ASK: Adding orderMktData(price=98,quantity=501)
13:00:19.563 [main] INFO  c.o.visitor.MutatingAddOrderVisitor - [ORDERBOOK] + Limit(side=SELL,orderId=17,price=98,quantity=501)
13:00:19.563 [main] DEBUG c.orderbook.OrderBook - [ORDERBOOK] ASK: Adding orderMktData(price=101,quantity=200)
13:00:19.563 [main] DEBUG c.orderbook.OrderBook - [ORDERBOOK] ASK: Adding orderMktData(price=110,quantity=5000)
13:00:19.563 [main] DEBUG c.orderbook.OrderBook - [ORDERBOOK] ASK: Adding orderMktData(price=119,quantity=5600)
13:00:19.563 [main] DEBUG c.orderbook.OrderBook - [ORDERBOOK] ASK: Adding orderMktData(price=123,quantity=453)
13:00:19.563 [main] DEBUG c.orderbook.OrderBook - [ORDERBOOK] ASK: Adding orderMktData(price=144,quantity=645)
13:00:19.563 [main] DEBUG c.orderbook.OrderBook - [ORDERBOOK] ASK: Adding orderMktData(price=167,quantity=665)
13:00:19.563 [main] DEBUG c.service.MarketDataService - [ALGO] BID: price:43 quantity:134
13:00:19.563 [main] DEBUG c.service.MarketDataService - [ALGO] BID: price:76 quantity:145
13:00:19.563 [main] DEBUG c.service.MarketDataService - [ALGO] BID: price:91 quantity:300
13:00:19.563 [main] DEBUG c.service.MarketDataService - [ALGO] BID: price:93 quantity:200
13:00:19.563 [main] DEBUG c.service.MarketDataService - [ALGO] BID: price:95 quantity:100
13:00:19.563 [main] DEBUG c.service.MarketDataService - [ALGO] BID: price:98 quantity:154
13:00:19.563 [main] DEBUG c.service.MarketDataService - [ALGO] ASK: price:98 quantity:501
13:00:19.563 [main] DEBUG c.service.MarketDataService - [ALGO] ASK: price:101 quantity:200
13:00:19.563 [main] DEBUG c.service.MarketDataService - [ALGO] ASK: price:110 quantity:5000
13:00:19.563 [main] DEBUG c.service.MarketDataService - [ALGO] ASK: price:119 quantity:5600
13:00:19.563 [main] DEBUG c.service.MarketDataService - [ALGO] ASK: price:123 quantity:453
13:00:19.563 [main] DEBUG c.service.MarketDataService - [ALGO] ASK: price:144 quantity:645
13:00:19.563 [main] DEBUG c.service.MarketDataService - [ALGO] ASK: price:167 quantity:665
13:00:19.563 [main] INFO  c.gettingstarted.MyAlgoLogic - [MYALGO] The state of the order book is:
|----BID-----||----ASK----|
    134 @ 43    501 @ 98
    145 @ 76   200 @ 101
    300 @ 91  5000 @ 110
    200 @ 93  5600 @ 119
    100 @ 95   453 @ 123
    154 @ 98   645 @ 144
          -    665 @ 167
|------------||-----------|

13:00:19.563 [main] INFO  c.gettingstarted.MyAlgoLogic - [MYALGO] Algo Sees Book as: 
|----BID-----||----ASK----|
    134 @ 43    501 @ 98
    145 @ 76   200 @ 101
    300 @ 91  5000 @ 110
    200 @ 93  5600 @ 119
    100 @ 95   453 @ 123
    154 @ 98   645 @ 144
          -    665 @ 167
|------------||-----------|

13:00:19.563 [main] INFO  c.gettingstarted.TimedLogic - [TIMEDLOGIC] Market is open
13:00:19.563 [main] INFO  c.sequencer.consumer.LoggingConsumer - [167] 
|----BID-----|
    134 @ 43
    145 @ 76
    300 @ 91
    200 @ 93
    100 @ 95
    154 @ 98
|----ASK-----|
    501 @ 98
   200 @ 101
  5000 @ 110
  5600 @ 119
   453 @ 123
   645 @ 144
   665 @ 167

13:00:19.563 [main] INFO  c.orderbook.OrderBook - [ORDERBOOK] Processing Mkt Data Update
13:00:19.563 [main] INFO  c.o.v.MutatingRemoveAllMarketDataOrdersVisitor - [ORDERBOOK] Removing market data order:MktData(price=43,quantity=134)
13:00:19.563 [main] DEBUG c.orderbook.OrderBook - [ORDERBOOK] ASK: Adding orderMktData(price=43,quantity=134)
13:00:19.563 [main] INFO  c.o.visitor.MutatingAddOrderVisitor - [ORDERBOOK] + Limit(side=BUY,orderId=16,price=43,quantity=2195456)
13:00:19.563 [main] DEBUG c.orderbook.OrderBook - [ORDERBOOK] ASK: Adding orderMktData(price=76,quantity=145)
13:00:19.563 [main] DEBUG c.orderbook.OrderBook - [ORDERBOOK] ASK: Adding orderMktData(price=91,quantity=300)
13:00:19.563 [main] DEBUG c.orderbook.OrderBook - [ORDERBOOK] ASK: Adding orderMktData(price=93,quantity=200)
13:00:19.563 [main] DEBUG c.orderbook.OrderBook - [ORDERBOOK] ASK: Adding orderMktData(price=95,quantity=100)
13:00:19.563 [main] DEBUG c.orderbook.OrderBook - [ORDERBOOK] ASK: Adding orderMktData(price=98,quantity=154)
13:00:19.563 [main] INFO  c.o.v.MutatingMatchOneMarketDataOrderVisitor - [ORDERBOOK] visiting LevelOrderBookLevel(price=43,quantity=4269106)
13:00:19.563 [main] INFO  c.o.v.MutatingMatchOneMarketDataOrderVisitor - [ORDERBOOK] Can't match order:Limit(side=BUY,orderId=3,price=43,quantity=268)(MktData(price=98,quantity=154))
13:00:19.563 [main] INFO  c.o.v.MutatingMatchOneMarketDataOrderVisitor - [ORDERBOOK] Can't match order:Limit(side=BUY,orderId=5,price=43,quantity=1072)(MktData(price=98,quantity=154))
13:00:19.563 [main] INFO  c.o.v.MutatingMatchOneMarketDataOrderVisitor - [ORDERBOOK] Can't match order:Limit(side=BUY,orderId=7,price=43,quantity=4288)(MktData(price=98,quantity=154))
13:00:19.563 [main] INFO  c.o.v.MutatingMatchOneMarketDataOrderVisitor - [ORDERBOOK] Can't match order:Limit(side=BUY,orderId=9,price=43,quantity=17152)(MktData(price=98,quantity=154))
13:00:19.563 [main] INFO  c.o.v.MutatingMatchOneMarketDataOrderVisitor - [ORDERBOOK] Can't match order:Limit(side=BUY,orderId=11,price=43,quantity=68608)(MktData(price=98,quantity=154))
13:00:19.563 [main] INFO  c.o.v.MutatingMatchOneMarketDataOrderVisitor - [ORDERBOOK] Can't match order:Limit(side=BUY,orderId=12,price=43,quantity=137216)(MktData(price=98,quantity=154))
13:00:19.563 [main] INFO  c.o.v.MutatingMatchOneMarketDataOrderVisitor - [ORDERBOOK] Can't match order:Limit(side=BUY,orderId=13,price=43,quantity=274432)(MktData(price=98,quantity=154))
13:00:19.563 [main] INFO  c.o.v.MutatingMatchOneMarketDataOrderVisitor - [ORDERBOOK] Can't match order:Limit(side=BUY,orderId=14,price=43,quantity=548864)(MktData(price=98,quantity=154))
13:00:19.563 [main] INFO  c.o.v.MutatingMatchOneMarketDataOrderVisitor - [ORDERBOOK] Can't match order:Limit(side=BUY,orderId=15,price=43,quantity=1097728)(MktData(price=98,quantity=154))
13:00:19.563 [main] INFO  c.o.v.MutatingMatchOneMarketDataOrderVisitor - [ORDERBOOK] Can't match order:Limit(side=BUY,orderId=16,price=43,quantity=2195456)(MktData(price=98,quantity=154))
13:00:19.563 [main] INFO  c.o.v.MutatingMatchOneMarketDataOrderVisitor - [ORDERBOOK] Can't match order:MktData(price=43,quantity=134)(MktData(price=98,quantity=154))
13:00:19.563 [main] INFO  c.o.v.MutatingRemoveAllMarketDataOrdersVisitor - [ORDERBOOK] Removing market data order:MktData(price=98,quantity=501)
13:00:19.563 [main] INFO  c.o.v.MutatingRemoveAllMarketDataOrdersVisitor - [ORDERBOOK] Removing market data order:MktData(price=110,quantity=5000)
13:00:19.563 [main] INFO  c.o.v.MutatingRemoveAllMarketDataOrdersVisitor - [ORDERBOOK] Removing market data order:MktData(price=123,quantity=453)
13:00:19.563 [main] INFO  c.o.v.MutatingRemoveAllMarketDataOrdersVisitor - [ORDERBOOK] Removing market data order:MktData(price=167,quantity=665)
13:00:19.563 [main] DEBUG c.orderbook.OrderBook - [ORDERBOOK] ASK: Adding orderMktData(price=98,quantity=501)
13:00:19.563 [main] INFO  c.o.visitor.MutatingAddOrderVisitor - [ORDERBOOK] + Limit(side=SELL,orderId=17,price=98,quantity=501)
13:00:19.563 [main] DEBUG c.orderbook.OrderBook - [ORDERBOOK] ASK: Adding orderMktData(price=101,quantity=200)
13:00:19.563 [main] DEBUG c.orderbook.OrderBook - [ORDERBOOK] ASK: Adding orderMktData(price=110,quantity=5000)
13:00:19.563 [main] DEBUG c.orderbook.OrderBook - [ORDERBOOK] ASK: Adding orderMktData(price=119,quantity=5600)
13:00:19.563 [main] DEBUG c.orderbook.OrderBook - [ORDERBOOK] ASK: Adding orderMktData(price=123,quantity=453)
13:00:19.563 [main] DEBUG c.orderbook.OrderBook - [ORDERBOOK] ASK: Adding orderMktData(price=144,quantity=645)
13:00:19.563 [main] DEBUG c.orderbook.OrderBook - [ORDERBOOK] ASK: Adding orderMktData(price=167,quantity=665)
13:00:19.563 [main] DEBUG c.service.MarketDataService - [ALGO] BID: price:43 quantity:134
13:00:19.563 [main] DEBUG c.service.MarketDataService - [ALGO] BID: price:76 quantity:145
13:00:19.563 [main] DEBUG c.service.MarketDataService - [ALGO] BID: price:91 quantity:300
13:00:19.563 [main] DEBUG c.service.MarketDataService - [ALGO] BID: price:93 quantity:200
13:00:19.563 [main] DEBUG c.service.MarketDataService - [ALGO] BID: price:95 quantity:100
13:00:19.563 [main] DEBUG c.service.MarketDataService - [ALGO] BID: price:98 quantity:154
13:00:19.563 [main] DEBUG c.service.MarketDataService - [ALGO] ASK: price:98 quantity:501
13:00:19.563 [main] DEBUG c.service.MarketDataService - [ALGO] ASK: price:101 quantity:200
13:00:19.563 [main] DEBUG c.service.MarketDataService - [ALGO] ASK: price:110 quantity:5000
13:00:19.563 [main] DEBUG c.service.MarketDataService - [ALGO] ASK: price:119 quantity:5600
13:00:19.563 [main] DEBUG c.service.MarketDataService - [ALGO] ASK: price:123 quantity:453
13:00:19.563 [main] DEBUG c.service.MarketDataService - [ALGO] ASK: price:144 quantity:645
13:00:19.563 [main] DEBUG c.service.MarketDataService - [ALGO] ASK: price:167 quantity:665
13:00:19.563 [main] INFO  c.gettingstarted.MyAlgoLogic - [MYALGO] The state of the order book is:
|----BID-----||----ASK----|
    134 @ 43    501 @ 98
    145 @ 76   200 @ 101
    300 @ 91  5000 @ 110
    200 @ 93  5600 @ 119
    100 @ 95   453 @ 123
    154 @ 98   645 @ 144
          -    665 @ 167
|------------||-----------|

13:00:19.563 [main] INFO  c.gettingstarted.MyAlgoLogic - [MYALGO] Algo Sees Book as: 
|----BID-----||----ASK----|
    134 @ 43    501 @ 98
    145 @ 76   200 @ 101
    300 @ 91  5000 @ 110
    200 @ 93  5600 @ 119
    100 @ 95   453 @ 123
    154 @ 98   645 @ 144
          -    665 @ 167
|------------||-----------|

13:00:19.563 [main] INFO  c.gettingstarted.TimedLogic - [TIMEDLOGIC] Market is open
13:00:19.563 [main] INFO  c.sequencer.consumer.LoggingConsumer - [168] 
|----BID-----|
    134 @ 43
    145 @ 76
    300 @ 91
    200 @ 93
    100 @ 95
    154 @ 98
|----ASK-----|
    501 @ 98
   200 @ 101
  5000 @ 110
  5600 @ 119
   453 @ 123
   645 @ 144
   665 @ 167

13:00:19.563 [main] INFO  c.orderbook.OrderBook - [ORDERBOOK] Processing Mkt Data Update
13:00:19.563 [main] INFO  c.o.v.MutatingRemoveAllMarketDataOrdersVisitor - [ORDERBOOK] Removing market data order:MktData(price=43,quantity=134)
13:00:19.563 [main] DEBUG c.orderbook.OrderBook - [ORDERBOOK] ASK: Adding orderMktData(price=43,quantity=134)
13:00:19.563 [main] INFO  c.o.visitor.MutatingAddOrderVisitor - [ORDERBOOK] + Limit(side=BUY,orderId=16,price=43,quantity=2195456)
13:00:19.563 [main] DEBUG c.orderbook.OrderBook - [ORDERBOOK] ASK: Adding orderMktData(price=76,quantity=145)
13:00:19.563 [main] DEBUG c.orderbook.OrderBook - [ORDERBOOK] ASK: Adding orderMktData(price=91,quantity=300)
13:00:19.563 [main] DEBUG c.orderbook.OrderBook - [ORDERBOOK] ASK: Adding orderMktData(price=93,quantity=200)
13:00:19.563 [main] DEBUG c.orderbook.OrderBook - [ORDERBOOK] ASK: Adding orderMktData(price=95,quantity=100)
13:00:19.563 [main] DEBUG c.orderbook.OrderBook - [ORDERBOOK] ASK: Adding orderMktData(price=98,quantity=154)
13:00:19.563 [main] INFO  c.o.v.MutatingMatchOneMarketDataOrderVisitor - [ORDERBOOK] visiting LevelOrderBookLevel(price=43,quantity=4269240)
13:00:19.563 [main] INFO  c.o.v.MutatingMatchOneMarketDataOrderVisitor - [ORDERBOOK] Can't match order:Limit(side=BUY,orderId=3,price=43,quantity=268)(MktData(price=98,quantity=154))
13:00:19.563 [main] INFO  c.o.v.MutatingMatchOneMarketDataOrderVisitor - [ORDERBOOK] Can't match order:Limit(side=BUY,orderId=5,price=43,quantity=1072)(MktData(price=98,quantity=154))
13:00:19.563 [main] INFO  c.o.v.MutatingMatchOneMarketDataOrderVisitor - [ORDERBOOK] Can't match order:Limit(side=BUY,orderId=7,price=43,quantity=4288)(MktData(price=98,quantity=154))
13:00:19.563 [main] INFO  c.o.v.MutatingMatchOneMarketDataOrderVisitor - [ORDERBOOK] Can't match order:Limit(side=BUY,orderId=9,price=43,quantity=17152)(MktData(price=98,quantity=154))
13:00:19.563 [main] INFO  c.o.v.MutatingMatchOneMarketDataOrderVisitor - [ORDERBOOK] Can't match order:Limit(side=BUY,orderId=11,price=43,quantity=68608)(MktData(price=98,quantity=154))
13:00:19.563 [main] INFO  c.o.v.MutatingMatchOneMarketDataOrderVisitor - [ORDERBOOK] Can't match order:Limit(side=BUY,orderId=12,price=43,quantity=137216)(MktData(price=98,quantity=154))
13:00:19.563 [main] INFO  c.o.v.MutatingMatchOneMarketDataOrderVisitor - [ORDERBOOK] Can't match order:Limit(side=BUY,orderId=13,price=43,quantity=274432)(MktData(price=98,quantity=154))
13:00:19.563 [main] INFO  c.o.v.MutatingMatchOneMarketDataOrderVisitor - [ORDERBOOK] Can't match order:Limit(side=BUY,orderId=14,price=43,quantity=548864)(MktData(price=98,quantity=154))
13:00:19.563 [main] INFO  c.o.v.MutatingMatchOneMarketDataOrderVisitor - [ORDERBOOK] Can't match order:Limit(side=BUY,orderId=15,price=43,quantity=1097728)(MktData(price=98,quantity=154))
13:00:19.563 [main] INFO  c.o.v.MutatingMatchOneMarketDataOrderVisitor - [ORDERBOOK] Can't match order:Limit(side=BUY,orderId=16,price=43,quantity=2195456)(MktData(price=98,quantity=154))
13:00:19.563 [main] INFO  c.o.v.MutatingMatchOneMarketDataOrderVisitor - [ORDERBOOK] Can't match order:MktData(price=43,quantity=134)(MktData(price=98,quantity=154))
13:00:19.563 [main] INFO  c.o.v.MutatingRemoveAllMarketDataOrdersVisitor - [ORDERBOOK] Removing market data order:MktData(price=98,quantity=501)
13:00:19.563 [main] INFO  c.o.v.MutatingRemoveAllMarketDataOrdersVisitor - [ORDERBOOK] Removing market data order:MktData(price=110,quantity=5000)
13:00:19.563 [main] INFO  c.o.v.MutatingRemoveAllMarketDataOrdersVisitor - [ORDERBOOK] Removing market data order:MktData(price=123,quantity=453)
13:00:19.563 [main] INFO  c.o.v.MutatingRemoveAllMarketDataOrdersVisitor - [ORDERBOOK] Removing market data order:MktData(price=167,quantity=665)
13:00:19.563 [main] DEBUG c.orderbook.OrderBook - [ORDERBOOK] ASK: Adding orderMktData(price=98,quantity=501)
13:00:19.563 [main] INFO  c.o.visitor.MutatingAddOrderVisitor - [ORDERBOOK] + Limit(side=SELL,orderId=17,price=98,quantity=501)
13:00:19.563 [main] DEBUG c.orderbook.OrderBook - [ORDERBOOK] ASK: Adding orderMktData(price=101,quantity=200)
13:00:19.563 [main] DEBUG c.orderbook.OrderBook - [ORDERBOOK] ASK: Adding orderMktData(price=110,quantity=5000)
13:00:19.563 [main] DEBUG c.orderbook.OrderBook - [ORDERBOOK] ASK: Adding orderMktData(price=119,quantity=5600)
13:00:19.563 [main] DEBUG c.orderbook.OrderBook - [ORDERBOOK] ASK: Adding orderMktData(price=123,quantity=453)
13:00:19.563 [main] DEBUG c.orderbook.OrderBook - [ORDERBOOK] ASK: Adding orderMktData(price=144,quantity=645)
13:00:19.563 [main] DEBUG c.orderbook.OrderBook - [ORDERBOOK] ASK: Adding orderMktData(price=167,quantity=665)
13:00:19.563 [main] DEBUG c.service.MarketDataService - [ALGO] BID: price:43 quantity:134
13:00:19.563 [main] DEBUG c.service.MarketDataService - [ALGO] BID: price:76 quantity:145
13:00:19.563 [main] DEBUG c.service.MarketDataService - [ALGO] BID: price:91 quantity:300
13:00:19.563 [main] DEBUG c.service.MarketDataService - [ALGO] BID: price:93 quantity:200
13:00:19.563 [main] DEBUG c.service.MarketDataService - [ALGO] BID: price:95 quantity:100
13:00:19.563 [main] DEBUG c.service.MarketDataService - [ALGO] BID: price:98 quantity:154
13:00:19.563 [main] DEBUG c.service.MarketDataService - [ALGO] ASK: price:98 quantity:501
13:00:19.563 [main] DEBUG c.service.MarketDataService - [ALGO] ASK: price:101 quantity:200
13:00:19.563 [main] DEBUG c.service.MarketDataService - [ALGO] ASK: price:110 quantity:5000
13:00:19.563 [main] DEBUG c.service.MarketDataService - [ALGO] ASK: price:119 quantity:5600
13:00:19.563 [main] DEBUG c.service.MarketDataService - [ALGO] ASK: price:123 quantity:453
13:00:19.563 [main] DEBUG c.service.MarketDataService - [ALGO] ASK: price:144 quantity:645
13:00:19.563 [main] DEBUG c.service.MarketDataService - [ALGO] ASK: price:167 quantity:665
13:00:19.563 [main] INFO  c.gettingstarted.MyAlgoLogic - [MYALGO] The state of the order book is:
|----BID-----||----ASK----|
    134 @ 43    501 @ 98
    145 @ 76   200 @ 101
    300 @ 91  5000 @ 110
    200 @ 93  5600 @ 119
    100 @ 95   453 @ 123
    154 @ 98   645 @ 144
          -    665 @ 167
|------------||-----------|

13:00:19.563 [main] INFO  c.gettingstarted.MyAlgoLogic - [MYALGO] Algo Sees Book as: 
|----BID-----||----ASK----|
    134 @ 43    501 @ 98
    145 @ 76   200 @ 101
    300 @ 91  5000 @ 110
    200 @ 93  5600 @ 119
    100 @ 95   453 @ 123
    154 @ 98   645 @ 144
          -    665 @ 167
|------------||-----------|

13:00:19.563 [main] INFO  c.gettingstarted.TimedLogic - [TIMEDLOGIC] Market is open
13:00:19.563 [main] INFO  c.sequencer.consumer.LoggingConsumer - [169] 
|----BID-----|
    134 @ 43
    145 @ 76
    300 @ 91
    200 @ 93
    100 @ 95
    154 @ 98
|----ASK-----|
    501 @ 98
   200 @ 101
  5000 @ 110
  5600 @ 119
   453 @ 123
   645 @ 144
   665 @ 167

13:00:19.563 [main] INFO  c.orderbook.OrderBook - [ORDERBOOK] Processing Mkt Data Update
13:00:19.563 [main] INFO  c.o.v.MutatingRemoveAllMarketDataOrdersVisitor - [ORDERBOOK] Removing market data order:MktData(price=43,quantity=134)
13:00:19.563 [main] DEBUG c.orderbook.OrderBook - [ORDERBOOK] ASK: Adding orderMktData(price=43,quantity=134)
13:00:19.563 [main] INFO  c.o.visitor.MutatingAddOrderVisitor - [ORDERBOOK] + Limit(side=BUY,orderId=16,price=43,quantity=2195456)
13:00:19.563 [main] DEBUG c.orderbook.OrderBook - [ORDERBOOK] ASK: Adding orderMktData(price=76,quantity=145)
13:00:19.563 [main] DEBUG c.orderbook.OrderBook - [ORDERBOOK] ASK: Adding orderMktData(price=91,quantity=300)
13:00:19.563 [main] DEBUG c.orderbook.OrderBook - [ORDERBOOK] ASK: Adding orderMktData(price=93,quantity=200)
13:00:19.563 [main] DEBUG c.orderbook.OrderBook - [ORDERBOOK] ASK: Adding orderMktData(price=95,quantity=100)
13:00:19.563 [main] DEBUG c.orderbook.OrderBook - [ORDERBOOK] ASK: Adding orderMktData(price=98,quantity=154)
13:00:19.563 [main] INFO  c.o.v.MutatingMatchOneMarketDataOrderVisitor - [ORDERBOOK] visiting LevelOrderBookLevel(price=43,quantity=4269374)
13:00:19.563 [main] INFO  c.o.v.MutatingMatchOneMarketDataOrderVisitor - [ORDERBOOK] Can't match order:Limit(side=BUY,orderId=3,price=43,quantity=268)(MktData(price=98,quantity=154))
13:00:19.563 [main] INFO  c.o.v.MutatingMatchOneMarketDataOrderVisitor - [ORDERBOOK] Can't match order:Limit(side=BUY,orderId=5,price=43,quantity=1072)(MktData(price=98,quantity=154))
13:00:19.563 [main] INFO  c.o.v.MutatingMatchOneMarketDataOrderVisitor - [ORDERBOOK] Can't match order:Limit(side=BUY,orderId=7,price=43,quantity=4288)(MktData(price=98,quantity=154))
13:00:19.563 [main] INFO  c.o.v.MutatingMatchOneMarketDataOrderVisitor - [ORDERBOOK] Can't match order:Limit(side=BUY,orderId=9,price=43,quantity=17152)(MktData(price=98,quantity=154))
13:00:19.563 [main] INFO  c.o.v.MutatingMatchOneMarketDataOrderVisitor - [ORDERBOOK] Can't match order:Limit(side=BUY,orderId=11,price=43,quantity=68608)(MktData(price=98,quantity=154))
13:00:19.563 [main] INFO  c.o.v.MutatingMatchOneMarketDataOrderVisitor - [ORDERBOOK] Can't match order:Limit(side=BUY,orderId=12,price=43,quantity=137216)(MktData(price=98,quantity=154))
13:00:19.563 [main] INFO  c.o.v.MutatingMatchOneMarketDataOrderVisitor - [ORDERBOOK] Can't match order:Limit(side=BUY,orderId=13,price=43,quantity=274432)(MktData(price=98,quantity=154))
13:00:19.563 [main] INFO  c.o.v.MutatingMatchOneMarketDataOrderVisitor - [ORDERBOOK] Can't match order:Limit(side=BUY,orderId=14,price=43,quantity=548864)(MktData(price=98,quantity=154))
13:00:19.563 [main] INFO  c.o.v.MutatingMatchOneMarketDataOrderVisitor - [ORDERBOOK] Can't match order:Limit(side=BUY,orderId=15,price=43,quantity=1097728)(MktData(price=98,quantity=154))
13:00:19.563 [main] INFO  c.o.v.MutatingMatchOneMarketDataOrderVisitor - [ORDERBOOK] Can't match order:Limit(side=BUY,orderId=16,price=43,quantity=2195456)(MktData(price=98,quantity=154))
13:00:19.563 [main] INFO  c.o.v.MutatingMatchOneMarketDataOrderVisitor - [ORDERBOOK] Can't match order:MktData(price=43,quantity=134)(MktData(price=98,quantity=154))
13:00:19.563 [main] INFO  c.o.v.MutatingRemoveAllMarketDataOrdersVisitor - [ORDERBOOK] Removing market data order:MktData(price=98,quantity=501)
13:00:19.563 [main] INFO  c.o.v.MutatingRemoveAllMarketDataOrdersVisitor - [ORDERBOOK] Removing market data order:MktData(price=110,quantity=5000)
13:00:19.563 [main] INFO  c.o.v.MutatingRemoveAllMarketDataOrdersVisitor - [ORDERBOOK] Removing market data order:MktData(price=123,quantity=453)
13:00:19.563 [main] INFO  c.o.v.MutatingRemoveAllMarketDataOrdersVisitor - [ORDERBOOK] Removing market data order:MktData(price=167,quantity=665)
13:00:19.563 [main] DEBUG c.orderbook.OrderBook - [ORDERBOOK] ASK: Adding orderMktData(price=98,quantity=501)
13:00:19.563 [main] INFO  c.o.visitor.MutatingAddOrderVisitor - [ORDERBOOK] + Limit(side=SELL,orderId=17,price=98,quantity=501)
13:00:19.563 [main] DEBUG c.orderbook.OrderBook - [ORDERBOOK] ASK: Adding orderMktData(price=101,quantity=200)
13:00:19.563 [main] DEBUG c.orderbook.OrderBook - [ORDERBOOK] ASK: Adding orderMktData(price=110,quantity=5000)
13:00:19.563 [main] DEBUG c.orderbook.OrderBook - [ORDERBOOK] ASK: Adding orderMktData(price=119,quantity=5600)
13:00:19.563 [main] DEBUG c.orderbook.OrderBook - [ORDERBOOK] ASK: Adding orderMktData(price=123,quantity=453)
13:00:19.563 [main] DEBUG c.orderbook.OrderBook - [ORDERBOOK] ASK: Adding orderMktData(price=144,quantity=645)
13:00:19.563 [main] DEBUG c.orderbook.OrderBook - [ORDERBOOK] ASK: Adding orderMktData(price=167,quantity=665)
13:00:19.563 [main] DEBUG c.service.MarketDataService - [ALGO] BID: price:43 quantity:134
13:00:19.563 [main] DEBUG c.service.MarketDataService - [ALGO] BID: price:76 quantity:145
13:00:19.563 [main] DEBUG c.service.MarketDataService - [ALGO] BID: price:91 quantity:300
13:00:19.563 [main] DEBUG c.service.MarketDataService - [ALGO] BID: price:93 quantity:200
13:00:19.563 [main] DEBUG c.service.MarketDataService - [ALGO] BID: price:95 quantity:100
13:00:19.563 [main] DEBUG c.service.MarketDataService - [ALGO] BID: price:98 quantity:154
13:00:19.563 [main] DEBUG c.service.MarketDataService - [ALGO] ASK: price:98 quantity:501
13:00:19.563 [main] DEBUG c.service.MarketDataService - [ALGO] ASK: price:101 quantity:200
13:00:19.563 [main] DEBUG c.service.MarketDataService - [ALGO] ASK: price:110 quantity:5000
13:00:19.563 [main] DEBUG c.service.MarketDataService - [ALGO] ASK: price:119 quantity:5600
13:00:19.563 [main] DEBUG c.service.MarketDataService - [ALGO] ASK: price:123 quantity:453
13:00:19.563 [main] DEBUG c.service.MarketDataService - [ALGO] ASK: price:144 quantity:645
13:00:19.563 [main] DEBUG c.service.MarketDataService - [ALGO] ASK: price:167 quantity:665
13:00:19.563 [main] INFO  c.gettingstarted.MyAlgoLogic - [MYALGO] The state of the order book is:
|----BID-----||----ASK----|
    134 @ 43    501 @ 98
    145 @ 76   200 @ 101
    300 @ 91  5000 @ 110
    200 @ 93  5600 @ 119
    100 @ 95   453 @ 123
    154 @ 98   645 @ 144
          -    665 @ 167
|------------||-----------|

13:00:19.563 [main] INFO  c.gettingstarted.MyAlgoLogic - [MYALGO] Algo Sees Book as: 
|----BID-----||----ASK----|
    134 @ 43    501 @ 98
    145 @ 76   200 @ 101
    300 @ 91  5000 @ 110
    200 @ 93  5600 @ 119
    100 @ 95   453 @ 123
    154 @ 98   645 @ 144
          -    665 @ 167
|------------||-----------|

13:00:19.563 [main] INFO  c.gettingstarted.TimedLogic - [TIMEDLOGIC] Market is open
13:00:19.563 [main] INFO  c.sequencer.consumer.LoggingConsumer - [170] 
|----BID-----|
    134 @ 43
    145 @ 76
    300 @ 91
    200 @ 93
    100 @ 95
    154 @ 98
|----ASK-----|
    501 @ 98
   200 @ 101
  5000 @ 110
  5600 @ 119
   453 @ 123
   645 @ 144
   665 @ 167

13:00:19.563 [main] INFO  c.orderbook.OrderBook - [ORDERBOOK] Processing Mkt Data Update
13:00:19.563 [main] INFO  c.o.v.MutatingRemoveAllMarketDataOrdersVisitor - [ORDERBOOK] Removing market data order:MktData(price=43,quantity=134)
13:00:19.563 [main] DEBUG c.orderbook.OrderBook - [ORDERBOOK] ASK: Adding orderMktData(price=43,quantity=134)
13:00:19.563 [main] INFO  c.o.visitor.MutatingAddOrderVisitor - [ORDERBOOK] + Limit(side=BUY,orderId=16,price=43,quantity=2195456)
13:00:19.563 [main] DEBUG c.orderbook.OrderBook - [ORDERBOOK] ASK: Adding orderMktData(price=76,quantity=145)
13:00:19.563 [main] DEBUG c.orderbook.OrderBook - [ORDERBOOK] ASK: Adding orderMktData(price=91,quantity=300)
13:00:19.563 [main] DEBUG c.orderbook.OrderBook - [ORDERBOOK] ASK: Adding orderMktData(price=93,quantity=200)
13:00:19.563 [main] DEBUG c.orderbook.OrderBook - [ORDERBOOK] ASK: Adding orderMktData(price=95,quantity=100)
13:00:19.563 [main] DEBUG c.orderbook.OrderBook - [ORDERBOOK] ASK: Adding orderMktData(price=98,quantity=154)
13:00:19.563 [main] INFO  c.o.v.MutatingMatchOneMarketDataOrderVisitor - [ORDERBOOK] visiting LevelOrderBookLevel(price=43,quantity=4269508)
13:00:19.563 [main] INFO  c.o.v.MutatingMatchOneMarketDataOrderVisitor - [ORDERBOOK] Can't match order:Limit(side=BUY,orderId=3,price=43,quantity=268)(MktData(price=98,quantity=154))
13:00:19.563 [main] INFO  c.o.v.MutatingMatchOneMarketDataOrderVisitor - [ORDERBOOK] Can't match order:Limit(side=BUY,orderId=5,price=43,quantity=1072)(MktData(price=98,quantity=154))
13:00:19.563 [main] INFO  c.o.v.MutatingMatchOneMarketDataOrderVisitor - [ORDERBOOK] Can't match order:Limit(side=BUY,orderId=7,price=43,quantity=4288)(MktData(price=98,quantity=154))
13:00:19.563 [main] INFO  c.o.v.MutatingMatchOneMarketDataOrderVisitor - [ORDERBOOK] Can't match order:Limit(side=BUY,orderId=9,price=43,quantity=17152)(MktData(price=98,quantity=154))
13:00:19.563 [main] INFO  c.o.v.MutatingMatchOneMarketDataOrderVisitor - [ORDERBOOK] Can't match order:Limit(side=BUY,orderId=11,price=43,quantity=68608)(MktData(price=98,quantity=154))
13:00:19.563 [main] INFO  c.o.v.MutatingMatchOneMarketDataOrderVisitor - [ORDERBOOK] Can't match order:Limit(side=BUY,orderId=12,price=43,quantity=137216)(MktData(price=98,quantity=154))
13:00:19.563 [main] INFO  c.o.v.MutatingMatchOneMarketDataOrderVisitor - [ORDERBOOK] Can't match order:Limit(side=BUY,orderId=13,price=43,quantity=274432)(MktData(price=98,quantity=154))
13:00:19.563 [main] INFO  c.o.v.MutatingMatchOneMarketDataOrderVisitor - [ORDERBOOK] Can't match order:Limit(side=BUY,orderId=14,price=43,quantity=548864)(MktData(price=98,quantity=154))
13:00:19.563 [main] INFO  c.o.v.MutatingMatchOneMarketDataOrderVisitor - [ORDERBOOK] Can't match order:Limit(side=BUY,orderId=15,price=43,quantity=1097728)(MktData(price=98,quantity=154))
13:00:19.563 [main] INFO  c.o.v.MutatingMatchOneMarketDataOrderVisitor - [ORDERBOOK] Can't match order:Limit(side=BUY,orderId=16,price=43,quantity=2195456)(MktData(price=98,quantity=154))
13:00:19.563 [main] INFO  c.o.v.MutatingMatchOneMarketDataOrderVisitor - [ORDERBOOK] Can't match order:MktData(price=43,quantity=134)(MktData(price=98,quantity=154))
13:00:19.563 [main] INFO  c.o.v.MutatingRemoveAllMarketDataOrdersVisitor - [ORDERBOOK] Removing market data order:MktData(price=98,quantity=501)
13:00:19.563 [main] INFO  c.o.v.MutatingRemoveAllMarketDataOrdersVisitor - [ORDERBOOK] Removing market data order:MktData(price=110,quantity=5000)
13:00:19.563 [main] INFO  c.o.v.MutatingRemoveAllMarketDataOrdersVisitor - [ORDERBOOK] Removing market data order:MktData(price=123,quantity=453)
13:00:19.563 [main] INFO  c.o.v.MutatingRemoveAllMarketDataOrdersVisitor - [ORDERBOOK] Removing market data order:MktData(price=167,quantity=665)
13:00:19.563 [main] DEBUG c.orderbook.OrderBook - [ORDERBOOK] ASK: Adding orderMktData(price=98,quantity=501)
13:00:19.563 [main] INFO  c.o.visitor.MutatingAddOrderVisitor - [ORDERBOOK] + Limit(side=SELL,orderId=17,price=98,quantity=501)
13:00:19.563 [main] DEBUG c.orderbook.OrderBook - [ORDERBOOK] ASK: Adding orderMktData(price=101,quantity=200)
13:00:19.563 [main] DEBUG c.orderbook.OrderBook - [ORDERBOOK] ASK: Adding orderMktData(price=110,quantity=5000)
13:00:19.563 [main] DEBUG c.orderbook.OrderBook - [ORDERBOOK] ASK: Adding orderMktData(price=119,quantity=5600)
13:00:19.563 [main] DEBUG c.orderbook.OrderBook - [ORDERBOOK] ASK: Adding orderMktData(price=123,quantity=453)
13:00:19.563 [main] DEBUG c.orderbook.OrderBook - [ORDERBOOK] ASK: Adding orderMktData(price=144,quantity=645)
13:00:19.563 [main] DEBUG c.orderbook.OrderBook - [ORDERBOOK] ASK: Adding orderMktData(price=167,quantity=665)
13:00:19.563 [main] DEBUG c.service.MarketDataService - [ALGO] BID: price:43 quantity:134
13:00:19.563 [main] DEBUG c.service.MarketDataService - [ALGO] BID: price:76 quantity:145
13:00:19.563 [main] DEBUG c.service.MarketDataService - [ALGO] BID: price:91 quantity:300
13:00:19.563 [main] DEBUG c.service.MarketDataService - [ALGO] BID: price:93 quantity:200
13:00:19.563 [main] DEBUG c.service.MarketDataService - [ALGO] BID: price:95 quantity:100
13:00:19.563 [main] DEBUG c.service.MarketDataService - [ALGO] BID: price:98 quantity:154
13:00:19.563 [main] DEBUG c.service.MarketDataService - [ALGO] ASK: price:98 quantity:501
13:00:19.563 [main] DEBUG c.service.MarketDataService - [ALGO] ASK: price:101 quantity:200
13:00:19.563 [main] DEBUG c.service.MarketDataService - [ALGO] ASK: price:110 quantity:5000
13:00:19.563 [main] DEBUG c.service.MarketDataService - [ALGO] ASK: price:119 quantity:5600
13:00:19.563 [main] DEBUG c.service.MarketDataService - [ALGO] ASK: price:123 quantity:453
13:00:19.563 [main] DEBUG c.service.MarketDataService - [ALGO] ASK: price:144 quantity:645
13:00:19.563 [main] DEBUG c.service.MarketDataService - [ALGO] ASK: price:167 quantity:665
13:00:19.563 [main] INFO  c.gettingstarted.MyAlgoLogic - [MYALGO] The state of the order book is:
|----BID-----||----ASK----|
    134 @ 43    501 @ 98
    145 @ 76   200 @ 101
    300 @ 91  5000 @ 110
    200 @ 93  5600 @ 119
    100 @ 95   453 @ 123
    154 @ 98   645 @ 144
          -    665 @ 167
|------------||-----------|

13:00:19.563 [main] INFO  c.gettingstarted.MyAlgoLogic - [MYALGO] Algo Sees Book as: 
|----BID-----||----ASK----|
    134 @ 43    501 @ 98
    145 @ 76   200 @ 101
    300 @ 91  5000 @ 110
    200 @ 93  5600 @ 119
    100 @ 95   453 @ 123
    154 @ 98   645 @ 144
          -    665 @ 167
|------------||-----------|

13:00:19.563 [main] INFO  c.gettingstarted.TimedLogic - [TIMEDLOGIC] Market is open
13:00:19.563 [main] INFO  c.sequencer.consumer.LoggingConsumer - [171] 
|----BID-----|
    134 @ 43
    145 @ 76
    300 @ 91
    200 @ 93
    100 @ 95
    154 @ 98
|----ASK-----|
    501 @ 98
   200 @ 101
  5000 @ 110
  5600 @ 119
   453 @ 123
   645 @ 144
   665 @ 167

13:00:19.563 [main] INFO  c.orderbook.OrderBook - [ORDERBOOK] Processing Mkt Data Update
13:00:19.563 [main] INFO  c.o.v.MutatingRemoveAllMarketDataOrdersVisitor - [ORDERBOOK] Removing market data order:MktData(price=43,quantity=134)
13:00:19.563 [main] DEBUG c.orderbook.OrderBook - [ORDERBOOK] ASK: Adding orderMktData(price=43,quantity=134)
13:00:19.563 [main] INFO  c.o.visitor.MutatingAddOrderVisitor - [ORDERBOOK] + Limit(side=BUY,orderId=16,price=43,quantity=2195456)
13:00:19.563 [main] DEBUG c.orderbook.OrderBook - [ORDERBOOK] ASK: Adding orderMktData(price=76,quantity=145)
13:00:19.563 [main] DEBUG c.orderbook.OrderBook - [ORDERBOOK] ASK: Adding orderMktData(price=91,quantity=300)
13:00:19.563 [main] DEBUG c.orderbook.OrderBook - [ORDERBOOK] ASK: Adding orderMktData(price=93,quantity=200)
13:00:19.563 [main] DEBUG c.orderbook.OrderBook - [ORDERBOOK] ASK: Adding orderMktData(price=95,quantity=100)
13:00:19.563 [main] DEBUG c.orderbook.OrderBook - [ORDERBOOK] ASK: Adding orderMktData(price=98,quantity=154)
13:00:19.563 [main] INFO  c.o.v.MutatingMatchOneMarketDataOrderVisitor - [ORDERBOOK] visiting LevelOrderBookLevel(price=43,quantity=4269642)
13:00:19.563 [main] INFO  c.o.v.MutatingMatchOneMarketDataOrderVisitor - [ORDERBOOK] Can't match order:Limit(side=BUY,orderId=3,price=43,quantity=268)(MktData(price=98,quantity=154))
13:00:19.563 [main] INFO  c.o.v.MutatingMatchOneMarketDataOrderVisitor - [ORDERBOOK] Can't match order:Limit(side=BUY,orderId=5,price=43,quantity=1072)(MktData(price=98,quantity=154))
13:00:19.563 [main] INFO  c.o.v.MutatingMatchOneMarketDataOrderVisitor - [ORDERBOOK] Can't match order:Limit(side=BUY,orderId=7,price=43,quantity=4288)(MktData(price=98,quantity=154))
13:00:19.563 [main] INFO  c.o.v.MutatingMatchOneMarketDataOrderVisitor - [ORDERBOOK] Can't match order:Limit(side=BUY,orderId=9,price=43,quantity=17152)(MktData(price=98,quantity=154))
13:00:19.563 [main] INFO  c.o.v.MutatingMatchOneMarketDataOrderVisitor - [ORDERBOOK] Can't match order:Limit(side=BUY,orderId=11,price=43,quantity=68608)(MktData(price=98,quantity=154))
13:00:19.563 [main] INFO  c.o.v.MutatingMatchOneMarketDataOrderVisitor - [ORDERBOOK] Can't match order:Limit(side=BUY,orderId=12,price=43,quantity=137216)(MktData(price=98,quantity=154))
13:00:19.563 [main] INFO  c.o.v.MutatingMatchOneMarketDataOrderVisitor - [ORDERBOOK] Can't match order:Limit(side=BUY,orderId=13,price=43,quantity=274432)(MktData(price=98,quantity=154))
13:00:19.563 [main] INFO  c.o.v.MutatingMatchOneMarketDataOrderVisitor - [ORDERBOOK] Can't match order:Limit(side=BUY,orderId=14,price=43,quantity=548864)(MktData(price=98,quantity=154))
13:00:19.563 [main] INFO  c.o.v.MutatingMatchOneMarketDataOrderVisitor - [ORDERBOOK] Can't match order:Limit(side=BUY,orderId=15,price=43,quantity=1097728)(MktData(price=98,quantity=154))
13:00:19.563 [main] INFO  c.o.v.MutatingMatchOneMarketDataOrderVisitor - [ORDERBOOK] Can't match order:Limit(side=BUY,orderId=16,price=43,quantity=2195456)(MktData(price=98,quantity=154))
13:00:19.563 [main] INFO  c.o.v.MutatingMatchOneMarketDataOrderVisitor - [ORDERBOOK] Can't match order:MktData(price=43,quantity=134)(MktData(price=98,quantity=154))
13:00:19.563 [main] INFO  c.o.v.MutatingRemoveAllMarketDataOrdersVisitor - [ORDERBOOK] Removing market data order:MktData(price=98,quantity=501)
13:00:19.563 [main] INFO  c.o.v.MutatingRemoveAllMarketDataOrdersVisitor - [ORDERBOOK] Removing market data order:MktData(price=110,quantity=5000)
13:00:19.563 [main] INFO  c.o.v.MutatingRemoveAllMarketDataOrdersVisitor - [ORDERBOOK] Removing market data order:MktData(price=123,quantity=453)
13:00:19.563 [main] INFO  c.o.v.MutatingRemoveAllMarketDataOrdersVisitor - [ORDERBOOK] Removing market data order:MktData(price=167,quantity=665)
13:00:19.563 [main] DEBUG c.orderbook.OrderBook - [ORDERBOOK] ASK: Adding orderMktData(price=98,quantity=501)
13:00:19.563 [main] INFO  c.o.visitor.MutatingAddOrderVisitor - [ORDERBOOK] + Limit(side=SELL,orderId=17,price=98,quantity=501)
13:00:19.563 [main] DEBUG c.orderbook.OrderBook - [ORDERBOOK] ASK: Adding orderMktData(price=101,quantity=200)
13:00:19.563 [main] DEBUG c.orderbook.OrderBook - [ORDERBOOK] ASK: Adding orderMktData(price=110,quantity=5000)
13:00:19.563 [main] DEBUG c.orderbook.OrderBook - [ORDERBOOK] ASK: Adding orderMktData(price=119,quantity=5600)
13:00:19.563 [main] DEBUG c.orderbook.OrderBook - [ORDERBOOK] ASK: Adding orderMktData(price=123,quantity=453)
13:00:19.563 [main] DEBUG c.orderbook.OrderBook - [ORDERBOOK] ASK: Adding orderMktData(price=144,quantity=645)
13:00:19.563 [main] DEBUG c.orderbook.OrderBook - [ORDERBOOK] ASK: Adding orderMktData(price=167,quantity=665)
13:00:19.563 [main] DEBUG c.service.MarketDataService - [ALGO] BID: price:43 quantity:134
13:00:19.563 [main] DEBUG c.service.MarketDataService - [ALGO] BID: price:76 quantity:145
13:00:19.563 [main] DEBUG c.service.MarketDataService - [ALGO] BID: price:91 quantity:300
13:00:19.563 [main] DEBUG c.service.MarketDataService - [ALGO] BID: price:93 quantity:200
13:00:19.563 [main] DEBUG c.service.MarketDataService - [ALGO] BID: price:95 quantity:100
13:00:19.563 [main] DEBUG c.service.MarketDataService - [ALGO] BID: price:98 quantity:154
13:00:19.563 [main] DEBUG c.service.MarketDataService - [ALGO] ASK: price:98 quantity:501
13:00:19.563 [main] DEBUG c.service.MarketDataService - [ALGO] ASK: price:101 quantity:200
13:00:19.563 [main] DEBUG c.service.MarketDataService - [ALGO] ASK: price:110 quantity:5000
13:00:19.563 [main] DEBUG c.service.MarketDataService - [ALGO] ASK: price:119 quantity:5600
13:00:19.563 [main] DEBUG c.service.MarketDataService - [ALGO] ASK: price:123 quantity:453
13:00:19.563 [main] DEBUG c.service.MarketDataService - [ALGO] ASK: price:144 quantity:645
13:00:19.563 [main] DEBUG c.service.MarketDataService - [ALGO] ASK: price:167 quantity:665
13:00:19.563 [main] INFO  c.gettingstarted.MyAlgoLogic - [MYALGO] The state of the order book is:
|----BID-----||----ASK----|
    134 @ 43    501 @ 98
    145 @ 76   200 @ 101
    300 @ 91  5000 @ 110
    200 @ 93  5600 @ 119
    100 @ 95   453 @ 123
    154 @ 98   645 @ 144
          -    665 @ 167
|------------||-----------|

13:00:19.563 [main] INFO  c.gettingstarted.MyAlgoLogic - [MYALGO] Algo Sees Book as: 
|----BID-----||----ASK----|
    134 @ 43    501 @ 98
    145 @ 76   200 @ 101
    300 @ 91  5000 @ 110
    200 @ 93  5600 @ 119
    100 @ 95   453 @ 123
    154 @ 98   645 @ 144
          -    665 @ 167
|------------||-----------|

13:00:19.563 [main] INFO  c.gettingstarted.TimedLogic - [TIMEDLOGIC] Market is open
13:00:19.563 [main] INFO  c.sequencer.consumer.LoggingConsumer - [172] 
|----BID-----|
    134 @ 43
    145 @ 76
    300 @ 91
    200 @ 93
    100 @ 95
    154 @ 98
|----ASK-----|
    501 @ 98
   200 @ 101
  5000 @ 110
  5600 @ 119
   453 @ 123
   645 @ 144
   665 @ 167

13:00:19.563 [main] INFO  c.orderbook.OrderBook - [ORDERBOOK] Processing Mkt Data Update
13:00:19.563 [main] INFO  c.o.v.MutatingRemoveAllMarketDataOrdersVisitor - [ORDERBOOK] Removing market data order:MktData(price=43,quantity=134)
13:00:19.563 [main] DEBUG c.orderbook.OrderBook - [ORDERBOOK] ASK: Adding orderMktData(price=43,quantity=134)
13:00:19.563 [main] INFO  c.o.visitor.MutatingAddOrderVisitor - [ORDERBOOK] + Limit(side=BUY,orderId=16,price=43,quantity=2195456)
13:00:19.563 [main] DEBUG c.orderbook.OrderBook - [ORDERBOOK] ASK: Adding orderMktData(price=76,quantity=145)
13:00:19.563 [main] DEBUG c.orderbook.OrderBook - [ORDERBOOK] ASK: Adding orderMktData(price=91,quantity=300)
13:00:19.563 [main] DEBUG c.orderbook.OrderBook - [ORDERBOOK] ASK: Adding orderMktData(price=93,quantity=200)
13:00:19.563 [main] DEBUG c.orderbook.OrderBook - [ORDERBOOK] ASK: Adding orderMktData(price=95,quantity=100)
13:00:19.563 [main] DEBUG c.orderbook.OrderBook - [ORDERBOOK] ASK: Adding orderMktData(price=98,quantity=154)
13:00:19.563 [main] INFO  c.o.v.MutatingMatchOneMarketDataOrderVisitor - [ORDERBOOK] visiting LevelOrderBookLevel(price=43,quantity=4269776)
13:00:19.563 [main] INFO  c.o.v.MutatingMatchOneMarketDataOrderVisitor - [ORDERBOOK] Can't match order:Limit(side=BUY,orderId=3,price=43,quantity=268)(MktData(price=98,quantity=154))
13:00:19.563 [main] INFO  c.o.v.MutatingMatchOneMarketDataOrderVisitor - [ORDERBOOK] Can't match order:Limit(side=BUY,orderId=5,price=43,quantity=1072)(MktData(price=98,quantity=154))
13:00:19.563 [main] INFO  c.o.v.MutatingMatchOneMarketDataOrderVisitor - [ORDERBOOK] Can't match order:Limit(side=BUY,orderId=7,price=43,quantity=4288)(MktData(price=98,quantity=154))
13:00:19.563 [main] INFO  c.o.v.MutatingMatchOneMarketDataOrderVisitor - [ORDERBOOK] Can't match order:Limit(side=BUY,orderId=9,price=43,quantity=17152)(MktData(price=98,quantity=154))
13:00:19.563 [main] INFO  c.o.v.MutatingMatchOneMarketDataOrderVisitor - [ORDERBOOK] Can't match order:Limit(side=BUY,orderId=11,price=43,quantity=68608)(MktData(price=98,quantity=154))
13:00:19.563 [main] INFO  c.o.v.MutatingMatchOneMarketDataOrderVisitor - [ORDERBOOK] Can't match order:Limit(side=BUY,orderId=12,price=43,quantity=137216)(MktData(price=98,quantity=154))
13:00:19.563 [main] INFO  c.o.v.MutatingMatchOneMarketDataOrderVisitor - [ORDERBOOK] Can't match order:Limit(side=BUY,orderId=13,price=43,quantity=274432)(MktData(price=98,quantity=154))
13:00:19.563 [main] INFO  c.o.v.MutatingMatchOneMarketDataOrderVisitor - [ORDERBOOK] Can't match order:Limit(side=BUY,orderId=14,price=43,quantity=548864)(MktData(price=98,quantity=154))
13:00:19.563 [main] INFO  c.o.v.MutatingMatchOneMarketDataOrderVisitor - [ORDERBOOK] Can't match order:Limit(side=BUY,orderId=15,price=43,quantity=1097728)(MktData(price=98,quantity=154))
13:00:19.563 [main] INFO  c.o.v.MutatingMatchOneMarketDataOrderVisitor - [ORDERBOOK] Can't match order:Limit(side=BUY,orderId=16,price=43,quantity=2195456)(MktData(price=98,quantity=154))
13:00:19.563 [main] INFO  c.o.v.MutatingMatchOneMarketDataOrderVisitor - [ORDERBOOK] Can't match order:MktData(price=43,quantity=134)(MktData(price=98,quantity=154))
13:00:19.563 [main] INFO  c.o.v.MutatingRemoveAllMarketDataOrdersVisitor - [ORDERBOOK] Removing market data order:MktData(price=98,quantity=501)
13:00:19.563 [main] INFO  c.o.v.MutatingRemoveAllMarketDataOrdersVisitor - [ORDERBOOK] Removing market data order:MktData(price=110,quantity=5000)
13:00:19.563 [main] INFO  c.o.v.MutatingRemoveAllMarketDataOrdersVisitor - [ORDERBOOK] Removing market data order:MktData(price=123,quantity=453)
13:00:19.563 [main] INFO  c.o.v.MutatingRemoveAllMarketDataOrdersVisitor - [ORDERBOOK] Removing market data order:MktData(price=167,quantity=665)
13:00:19.563 [main] DEBUG c.orderbook.OrderBook - [ORDERBOOK] ASK: Adding orderMktData(price=98,quantity=501)
13:00:19.563 [main] INFO  c.o.visitor.MutatingAddOrderVisitor - [ORDERBOOK] + Limit(side=SELL,orderId=17,price=98,quantity=501)
13:00:19.563 [main] DEBUG c.orderbook.OrderBook - [ORDERBOOK] ASK: Adding orderMktData(price=101,quantity=200)
13:00:19.563 [main] DEBUG c.orderbook.OrderBook - [ORDERBOOK] ASK: Adding orderMktData(price=110,quantity=5000)
13:00:19.563 [main] DEBUG c.orderbook.OrderBook - [ORDERBOOK] ASK: Adding orderMktData(price=119,quantity=5600)
13:00:19.563 [main] DEBUG c.orderbook.OrderBook - [ORDERBOOK] ASK: Adding orderMktData(price=123,quantity=453)
13:00:19.563 [main] DEBUG c.orderbook.OrderBook - [ORDERBOOK] ASK: Adding orderMktData(price=144,quantity=645)
13:00:19.563 [main] DEBUG c.orderbook.OrderBook - [ORDERBOOK] ASK: Adding orderMktData(price=167,quantity=665)
13:00:19.563 [main] DEBUG c.service.MarketDataService - [ALGO] BID: price:43 quantity:134
13:00:19.563 [main] DEBUG c.service.MarketDataService - [ALGO] BID: price:76 quantity:145
13:00:19.563 [main] DEBUG c.service.MarketDataService - [ALGO] BID: price:91 quantity:300
13:00:19.563 [main] DEBUG c.service.MarketDataService - [ALGO] BID: price:93 quantity:200
13:00:19.563 [main] DEBUG c.service.MarketDataService - [ALGO] BID: price:95 quantity:100
13:00:19.563 [main] DEBUG c.service.MarketDataService - [ALGO] BID: price:98 quantity:154
13:00:19.563 [main] DEBUG c.service.MarketDataService - [ALGO] ASK: price:98 quantity:501
13:00:19.563 [main] DEBUG c.service.MarketDataService - [ALGO] ASK: price:101 quantity:200
13:00:19.563 [main] DEBUG c.service.MarketDataService - [ALGO] ASK: price:110 quantity:5000
13:00:19.563 [main] DEBUG c.service.MarketDataService - [ALGO] ASK: price:119 quantity:5600
13:00:19.563 [main] DEBUG c.service.MarketDataService - [ALGO] ASK: price:123 quantity:453
13:00:19.563 [main] DEBUG c.service.MarketDataService - [ALGO] ASK: price:144 quantity:645
13:00:19.563 [main] DEBUG c.service.MarketDataService - [ALGO] ASK: price:167 quantity:665
13:00:19.563 [main] INFO  c.gettingstarted.MyAlgoLogic - [MYALGO] The state of the order book is:
|----BID-----||----ASK----|
    134 @ 43    501 @ 98
    145 @ 76   200 @ 101
    300 @ 91  5000 @ 110
    200 @ 93  5600 @ 119
    100 @ 95   453 @ 123
    154 @ 98   645 @ 144
          -    665 @ 167
|------------||-----------|

13:00:19.563 [main] INFO  c.gettingstarted.MyAlgoLogic - [MYALGO] Algo Sees Book as: 
|----BID-----||----ASK----|
    134 @ 43    501 @ 98
    145 @ 76   200 @ 101
    300 @ 91  5000 @ 110
    200 @ 93  5600 @ 119
    100 @ 95   453 @ 123
    154 @ 98   645 @ 144
          -    665 @ 167
|------------||-----------|

13:00:19.563 [main] INFO  c.gettingstarted.TimedLogic - [TIMEDLOGIC] Market is open
13:00:19.563 [main] INFO  c.sequencer.consumer.LoggingConsumer - [173] 
|----BID-----|
    134 @ 43
    145 @ 76
    300 @ 91
    200 @ 93
    100 @ 95
    154 @ 98
|----ASK-----|
    501 @ 98
   200 @ 101
  5000 @ 110
  5600 @ 119
   453 @ 123
   645 @ 144
   665 @ 167

13:00:19.563 [main] INFO  c.orderbook.OrderBook - [ORDERBOOK] Processing Mkt Data Update
13:00:19.563 [main] INFO  c.o.v.MutatingRemoveAllMarketDataOrdersVisitor - [ORDERBOOK] Removing market data order:MktData(price=43,quantity=134)
13:00:19.563 [main] DEBUG c.orderbook.OrderBook - [ORDERBOOK] ASK: Adding orderMktData(price=43,quantity=134)
13:00:19.563 [main] INFO  c.o.visitor.MutatingAddOrderVisitor - [ORDERBOOK] + Limit(side=BUY,orderId=16,price=43,quantity=2195456)
13:00:19.563 [main] DEBUG c.orderbook.OrderBook - [ORDERBOOK] ASK: Adding orderMktData(price=76,quantity=145)
13:00:19.563 [main] DEBUG c.orderbook.OrderBook - [ORDERBOOK] ASK: Adding orderMktData(price=91,quantity=300)
13:00:19.563 [main] DEBUG c.orderbook.OrderBook - [ORDERBOOK] ASK: Adding orderMktData(price=93,quantity=200)
13:00:19.563 [main] DEBUG c.orderbook.OrderBook - [ORDERBOOK] ASK: Adding orderMktData(price=95,quantity=100)
13:00:19.563 [main] DEBUG c.orderbook.OrderBook - [ORDERBOOK] ASK: Adding orderMktData(price=98,quantity=154)
13:00:19.563 [main] INFO  c.o.v.MutatingMatchOneMarketDataOrderVisitor - [ORDERBOOK] visiting LevelOrderBookLevel(price=43,quantity=4269910)
13:00:19.563 [main] INFO  c.o.v.MutatingMatchOneMarketDataOrderVisitor - [ORDERBOOK] Can't match order:Limit(side=BUY,orderId=3,price=43,quantity=268)(MktData(price=98,quantity=154))
13:00:19.563 [main] INFO  c.o.v.MutatingMatchOneMarketDataOrderVisitor - [ORDERBOOK] Can't match order:Limit(side=BUY,orderId=5,price=43,quantity=1072)(MktData(price=98,quantity=154))
13:00:19.563 [main] INFO  c.o.v.MutatingMatchOneMarketDataOrderVisitor - [ORDERBOOK] Can't match order:Limit(side=BUY,orderId=7,price=43,quantity=4288)(MktData(price=98,quantity=154))
13:00:19.563 [main] INFO  c.o.v.MutatingMatchOneMarketDataOrderVisitor - [ORDERBOOK] Can't match order:Limit(side=BUY,orderId=9,price=43,quantity=17152)(MktData(price=98,quantity=154))
13:00:19.563 [main] INFO  c.o.v.MutatingMatchOneMarketDataOrderVisitor - [ORDERBOOK] Can't match order:Limit(side=BUY,orderId=11,price=43,quantity=68608)(MktData(price=98,quantity=154))
13:00:19.563 [main] INFO  c.o.v.MutatingMatchOneMarketDataOrderVisitor - [ORDERBOOK] Can't match order:Limit(side=BUY,orderId=12,price=43,quantity=137216)(MktData(price=98,quantity=154))
13:00:19.563 [main] INFO  c.o.v.MutatingMatchOneMarketDataOrderVisitor - [ORDERBOOK] Can't match order:Limit(side=BUY,orderId=13,price=43,quantity=274432)(MktData(price=98,quantity=154))
13:00:19.563 [main] INFO  c.o.v.MutatingMatchOneMarketDataOrderVisitor - [ORDERBOOK] Can't match order:Limit(side=BUY,orderId=14,price=43,quantity=548864)(MktData(price=98,quantity=154))
13:00:19.563 [main] INFO  c.o.v.MutatingMatchOneMarketDataOrderVisitor - [ORDERBOOK] Can't match order:Limit(side=BUY,orderId=15,price=43,quantity=1097728)(MktData(price=98,quantity=154))
13:00:19.563 [main] INFO  c.o.v.MutatingMatchOneMarketDataOrderVisitor - [ORDERBOOK] Can't match order:Limit(side=BUY,orderId=16,price=43,quantity=2195456)(MktData(price=98,quantity=154))
13:00:19.563 [main] INFO  c.o.v.MutatingMatchOneMarketDataOrderVisitor - [ORDERBOOK] Can't match order:MktData(price=43,quantity=134)(MktData(price=98,quantity=154))
13:00:19.563 [main] INFO  c.o.v.MutatingRemoveAllMarketDataOrdersVisitor - [ORDERBOOK] Removing market data order:MktData(price=98,quantity=501)
13:00:19.563 [main] INFO  c.o.v.MutatingRemoveAllMarketDataOrdersVisitor - [ORDERBOOK] Removing market data order:MktData(price=110,quantity=5000)
13:00:19.563 [main] INFO  c.o.v.MutatingRemoveAllMarketDataOrdersVisitor - [ORDERBOOK] Removing market data order:MktData(price=123,quantity=453)
13:00:19.563 [main] INFO  c.o.v.MutatingRemoveAllMarketDataOrdersVisitor - [ORDERBOOK] Removing market data order:MktData(price=167,quantity=665)
13:00:19.563 [main] DEBUG c.orderbook.OrderBook - [ORDERBOOK] ASK: Adding orderMktData(price=98,quantity=501)
13:00:19.563 [main] INFO  c.o.visitor.MutatingAddOrderVisitor - [ORDERBOOK] + Limit(side=SELL,orderId=17,price=98,quantity=501)
13:00:19.563 [main] DEBUG c.orderbook.OrderBook - [ORDERBOOK] ASK: Adding orderMktData(price=101,quantity=200)
13:00:19.563 [main] DEBUG c.orderbook.OrderBook - [ORDERBOOK] ASK: Adding orderMktData(price=110,quantity=5000)
13:00:19.563 [main] DEBUG c.orderbook.OrderBook - [ORDERBOOK] ASK: Adding orderMktData(price=119,quantity=5600)
13:00:19.563 [main] DEBUG c.orderbook.OrderBook - [ORDERBOOK] ASK: Adding orderMktData(price=123,quantity=453)
13:00:19.563 [main] DEBUG c.orderbook.OrderBook - [ORDERBOOK] ASK: Adding orderMktData(price=144,quantity=645)
13:00:19.563 [main] DEBUG c.orderbook.OrderBook - [ORDERBOOK] ASK: Adding orderMktData(price=167,quantity=665)
13:00:19.563 [main] DEBUG c.service.MarketDataService - [ALGO] BID: price:43 quantity:134
13:00:19.563 [main] DEBUG c.service.MarketDataService - [ALGO] BID: price:76 quantity:145
13:00:19.563 [main] DEBUG c.service.MarketDataService - [ALGO] BID: price:91 quantity:300
13:00:19.563 [main] DEBUG c.service.MarketDataService - [ALGO] BID: price:93 quantity:200
13:00:19.563 [main] DEBUG c.service.MarketDataService - [ALGO] BID: price:95 quantity:100
13:00:19.563 [main] DEBUG c.service.MarketDataService - [ALGO] BID: price:98 quantity:154
13:00:19.563 [main] DEBUG c.service.MarketDataService - [ALGO] ASK: price:98 quantity:501
13:00:19.563 [main] DEBUG c.service.MarketDataService - [ALGO] ASK: price:101 quantity:200
13:00:19.563 [main] DEBUG c.service.MarketDataService - [ALGO] ASK: price:110 quantity:5000
13:00:19.563 [main] DEBUG c.service.MarketDataService - [ALGO] ASK: price:119 quantity:5600
13:00:19.563 [main] DEBUG c.service.MarketDataService - [ALGO] ASK: price:123 quantity:453
13:00:19.563 [main] DEBUG c.service.MarketDataService - [ALGO] ASK: price:144 quantity:645
13:00:19.563 [main] DEBUG c.service.MarketDataService - [ALGO] ASK: price:167 quantity:665
13:00:19.563 [main] INFO  c.gettingstarted.MyAlgoLogic - [MYALGO] The state of the order book is:
|----BID-----||----ASK----|
    134 @ 43    501 @ 98
    145 @ 76   200 @ 101
    300 @ 91  5000 @ 110
    200 @ 93  5600 @ 119
    100 @ 95   453 @ 123
    154 @ 98   645 @ 144
          -    665 @ 167
|------------||-----------|

13:00:19.563 [main] INFO  c.gettingstarted.MyAlgoLogic - [MYALGO] Algo Sees Book as: 
|----BID-----||----ASK----|
    134 @ 43    501 @ 98
    145 @ 76   200 @ 101
    300 @ 91  5000 @ 110
    200 @ 93  5600 @ 119
    100 @ 95   453 @ 123
    154 @ 98   645 @ 144
          -    665 @ 167
|------------||-----------|

13:00:19.563 [main] INFO  c.gettingstarted.TimedLogic - [TIMEDLOGIC] Market is open
13:00:19.563 [main] INFO  c.sequencer.consumer.LoggingConsumer - [174] 
|----BID-----|
    134 @ 43
    145 @ 76
    300 @ 91
    200 @ 93
    100 @ 95
    154 @ 98
|----ASK-----|
    501 @ 98
   200 @ 101
  5000 @ 110
  5600 @ 119
   453 @ 123
   645 @ 144
   665 @ 167

13:00:19.563 [main] INFO  c.orderbook.OrderBook - [ORDERBOOK] Processing Mkt Data Update
13:00:19.563 [main] INFO  c.o.v.MutatingRemoveAllMarketDataOrdersVisitor - [ORDERBOOK] Removing market data order:MktData(price=43,quantity=134)
13:00:19.563 [main] DEBUG c.orderbook.OrderBook - [ORDERBOOK] ASK: Adding orderMktData(price=43,quantity=134)
13:00:19.563 [main] INFO  c.o.visitor.MutatingAddOrderVisitor - [ORDERBOOK] + Limit(side=BUY,orderId=16,price=43,quantity=2195456)
13:00:19.563 [main] DEBUG c.orderbook.OrderBook - [ORDERBOOK] ASK: Adding orderMktData(price=76,quantity=145)
13:00:19.563 [main] DEBUG c.orderbook.OrderBook - [ORDERBOOK] ASK: Adding orderMktData(price=91,quantity=300)
13:00:19.563 [main] DEBUG c.orderbook.OrderBook - [ORDERBOOK] ASK: Adding orderMktData(price=93,quantity=200)
13:00:19.563 [main] DEBUG c.orderbook.OrderBook - [ORDERBOOK] ASK: Adding orderMktData(price=95,quantity=100)
13:00:19.563 [main] DEBUG c.orderbook.OrderBook - [ORDERBOOK] ASK: Adding orderMktData(price=98,quantity=154)
13:00:19.563 [main] INFO  c.o.v.MutatingMatchOneMarketDataOrderVisitor - [ORDERBOOK] visiting LevelOrderBookLevel(price=43,quantity=4270044)
13:00:19.563 [main] INFO  c.o.v.MutatingMatchOneMarketDataOrderVisitor - [ORDERBOOK] Can't match order:Limit(side=BUY,orderId=3,price=43,quantity=268)(MktData(price=98,quantity=154))
13:00:19.563 [main] INFO  c.o.v.MutatingMatchOneMarketDataOrderVisitor - [ORDERBOOK] Can't match order:Limit(side=BUY,orderId=5,price=43,quantity=1072)(MktData(price=98,quantity=154))
13:00:19.563 [main] INFO  c.o.v.MutatingMatchOneMarketDataOrderVisitor - [ORDERBOOK] Can't match order:Limit(side=BUY,orderId=7,price=43,quantity=4288)(MktData(price=98,quantity=154))
13:00:19.563 [main] INFO  c.o.v.MutatingMatchOneMarketDataOrderVisitor - [ORDERBOOK] Can't match order:Limit(side=BUY,orderId=9,price=43,quantity=17152)(MktData(price=98,quantity=154))
13:00:19.563 [main] INFO  c.o.v.MutatingMatchOneMarketDataOrderVisitor - [ORDERBOOK] Can't match order:Limit(side=BUY,orderId=11,price=43,quantity=68608)(MktData(price=98,quantity=154))
13:00:19.563 [main] INFO  c.o.v.MutatingMatchOneMarketDataOrderVisitor - [ORDERBOOK] Can't match order:Limit(side=BUY,orderId=12,price=43,quantity=137216)(MktData(price=98,quantity=154))
13:00:19.563 [main] INFO  c.o.v.MutatingMatchOneMarketDataOrderVisitor - [ORDERBOOK] Can't match order:Limit(side=BUY,orderId=13,price=43,quantity=274432)(MktData(price=98,quantity=154))
13:00:19.563 [main] INFO  c.o.v.MutatingMatchOneMarketDataOrderVisitor - [ORDERBOOK] Can't match order:Limit(side=BUY,orderId=14,price=43,quantity=548864)(MktData(price=98,quantity=154))
13:00:19.563 [main] INFO  c.o.v.MutatingMatchOneMarketDataOrderVisitor - [ORDERBOOK] Can't match order:Limit(side=BUY,orderId=15,price=43,quantity=1097728)(MktData(price=98,quantity=154))
13:00:19.563 [main] INFO  c.o.v.MutatingMatchOneMarketDataOrderVisitor - [ORDERBOOK] Can't match order:Limit(side=BUY,orderId=16,price=43,quantity=2195456)(MktData(price=98,quantity=154))
13:00:19.563 [main] INFO  c.o.v.MutatingMatchOneMarketDataOrderVisitor - [ORDERBOOK] Can't match order:MktData(price=43,quantity=134)(MktData(price=98,quantity=154))
13:00:19.563 [main] INFO  c.o.v.MutatingRemoveAllMarketDataOrdersVisitor - [ORDERBOOK] Removing market data order:MktData(price=98,quantity=501)
13:00:19.563 [main] INFO  c.o.v.MutatingRemoveAllMarketDataOrdersVisitor - [ORDERBOOK] Removing market data order:MktData(price=110,quantity=5000)
13:00:19.563 [main] INFO  c.o.v.MutatingRemoveAllMarketDataOrdersVisitor - [ORDERBOOK] Removing market data order:MktData(price=123,quantity=453)
13:00:19.563 [main] INFO  c.o.v.MutatingRemoveAllMarketDataOrdersVisitor - [ORDERBOOK] Removing market data order:MktData(price=167,quantity=665)
13:00:19.563 [main] DEBUG c.orderbook.OrderBook - [ORDERBOOK] ASK: Adding orderMktData(price=98,quantity=501)
13:00:19.563 [main] INFO  c.o.visitor.MutatingAddOrderVisitor - [ORDERBOOK] + Limit(side=SELL,orderId=17,price=98,quantity=501)
13:00:19.563 [main] DEBUG c.orderbook.OrderBook - [ORDERBOOK] ASK: Adding orderMktData(price=101,quantity=200)
13:00:19.563 [main] DEBUG c.orderbook.OrderBook - [ORDERBOOK] ASK: Adding orderMktData(price=110,quantity=5000)
13:00:19.563 [main] DEBUG c.orderbook.OrderBook - [ORDERBOOK] ASK: Adding orderMktData(price=119,quantity=5600)
13:00:19.563 [main] DEBUG c.orderbook.OrderBook - [ORDERBOOK] ASK: Adding orderMktData(price=123,quantity=453)
13:00:19.563 [main] DEBUG c.orderbook.OrderBook - [ORDERBOOK] ASK: Adding orderMktData(price=144,quantity=645)
13:00:19.563 [main] DEBUG c.orderbook.OrderBook - [ORDERBOOK] ASK: Adding orderMktData(price=167,quantity=665)
13:00:19.563 [main] DEBUG c.service.MarketDataService - [ALGO] BID: price:43 quantity:134
13:00:19.563 [main] DEBUG c.service.MarketDataService - [ALGO] BID: price:76 quantity:145
13:00:19.563 [main] DEBUG c.service.MarketDataService - [ALGO] BID: price:91 quantity:300
13:00:19.563 [main] DEBUG c.service.MarketDataService - [ALGO] BID: price:93 quantity:200
13:00:19.563 [main] DEBUG c.service.MarketDataService - [ALGO] BID: price:95 quantity:100
13:00:19.563 [main] DEBUG c.service.MarketDataService - [ALGO] BID: price:98 quantity:154
13:00:19.563 [main] DEBUG c.service.MarketDataService - [ALGO] ASK: price:98 quantity:501
13:00:19.563 [main] DEBUG c.service.MarketDataService - [ALGO] ASK: price:101 quantity:200
13:00:19.563 [main] DEBUG c.service.MarketDataService - [ALGO] ASK: price:110 quantity:5000
13:00:19.563 [main] DEBUG c.service.MarketDataService - [ALGO] ASK: price:119 quantity:5600
13:00:19.563 [main] DEBUG c.service.MarketDataService - [ALGO] ASK: price:123 quantity:453
13:00:19.563 [main] DEBUG c.service.MarketDataService - [ALGO] ASK: price:144 quantity:645
13:00:19.563 [main] DEBUG c.service.MarketDataService - [ALGO] ASK: price:167 quantity:665
13:00:19.563 [main] INFO  c.gettingstarted.MyAlgoLogic - [MYALGO] The state of the order book is:
|----BID-----||----ASK----|
    134 @ 43    501 @ 98
    145 @ 76   200 @ 101
    300 @ 91  5000 @ 110
    200 @ 93  5600 @ 119
    100 @ 95   453 @ 123
    154 @ 98   645 @ 144
          -    665 @ 167
|------------||-----------|

13:00:19.563 [main] INFO  c.gettingstarted.MyAlgoLogic - [MYALGO] Algo Sees Book as: 
|----BID-----||----ASK----|
    134 @ 43    501 @ 98
    145 @ 76   200 @ 101
    300 @ 91  5000 @ 110
    200 @ 93  5600 @ 119
    100 @ 95   453 @ 123
    154 @ 98   645 @ 144
          -    665 @ 167
|------------||-----------|

13:00:19.563 [main] INFO  c.gettingstarted.TimedLogic - [TIMEDLOGIC] Market is open
13:00:19.563 [main] INFO  c.sequencer.consumer.LoggingConsumer - [175] 
|----BID-----|
    134 @ 43
    145 @ 76
    300 @ 91
    200 @ 93
    100 @ 95
    154 @ 98
|----ASK-----|
    501 @ 98
   200 @ 101
  5000 @ 110
  5600 @ 119
   453 @ 123
   645 @ 144
   665 @ 167

13:00:19.563 [main] INFO  c.orderbook.OrderBook - [ORDERBOOK] Processing Mkt Data Update
13:00:19.563 [main] INFO  c.o.v.MutatingRemoveAllMarketDataOrdersVisitor - [ORDERBOOK] Removing market data order:MktData(price=43,quantity=134)
13:00:19.563 [main] DEBUG c.orderbook.OrderBook - [ORDERBOOK] ASK: Adding orderMktData(price=43,quantity=134)
13:00:19.563 [main] INFO  c.o.visitor.MutatingAddOrderVisitor - [ORDERBOOK] + Limit(side=BUY,orderId=16,price=43,quantity=2195456)
13:00:19.563 [main] DEBUG c.orderbook.OrderBook - [ORDERBOOK] ASK: Adding orderMktData(price=76,quantity=145)
13:00:19.563 [main] DEBUG c.orderbook.OrderBook - [ORDERBOOK] ASK: Adding orderMktData(price=91,quantity=300)
13:00:19.563 [main] DEBUG c.orderbook.OrderBook - [ORDERBOOK] ASK: Adding orderMktData(price=93,quantity=200)
13:00:19.563 [main] DEBUG c.orderbook.OrderBook - [ORDERBOOK] ASK: Adding orderMktData(price=95,quantity=100)
13:00:19.563 [main] DEBUG c.orderbook.OrderBook - [ORDERBOOK] ASK: Adding orderMktData(price=98,quantity=154)
13:00:19.563 [main] INFO  c.o.v.MutatingMatchOneMarketDataOrderVisitor - [ORDERBOOK] visiting LevelOrderBookLevel(price=43,quantity=4270178)
13:00:19.563 [main] INFO  c.o.v.MutatingMatchOneMarketDataOrderVisitor - [ORDERBOOK] Can't match order:Limit(side=BUY,orderId=3,price=43,quantity=268)(MktData(price=98,quantity=154))
13:00:19.563 [main] INFO  c.o.v.MutatingMatchOneMarketDataOrderVisitor - [ORDERBOOK] Can't match order:Limit(side=BUY,orderId=5,price=43,quantity=1072)(MktData(price=98,quantity=154))
13:00:19.563 [main] INFO  c.o.v.MutatingMatchOneMarketDataOrderVisitor - [ORDERBOOK] Can't match order:Limit(side=BUY,orderId=7,price=43,quantity=4288)(MktData(price=98,quantity=154))
13:00:19.563 [main] INFO  c.o.v.MutatingMatchOneMarketDataOrderVisitor - [ORDERBOOK] Can't match order:Limit(side=BUY,orderId=9,price=43,quantity=17152)(MktData(price=98,quantity=154))
13:00:19.563 [main] INFO  c.o.v.MutatingMatchOneMarketDataOrderVisitor - [ORDERBOOK] Can't match order:Limit(side=BUY,orderId=11,price=43,quantity=68608)(MktData(price=98,quantity=154))
13:00:19.563 [main] INFO  c.o.v.MutatingMatchOneMarketDataOrderVisitor - [ORDERBOOK] Can't match order:Limit(side=BUY,orderId=12,price=43,quantity=137216)(MktData(price=98,quantity=154))
13:00:19.563 [main] INFO  c.o.v.MutatingMatchOneMarketDataOrderVisitor - [ORDERBOOK] Can't match order:Limit(side=BUY,orderId=13,price=43,quantity=274432)(MktData(price=98,quantity=154))
13:00:19.563 [main] INFO  c.o.v.MutatingMatchOneMarketDataOrderVisitor - [ORDERBOOK] Can't match order:Limit(side=BUY,orderId=14,price=43,quantity=548864)(MktData(price=98,quantity=154))
13:00:19.563 [main] INFO  c.o.v.MutatingMatchOneMarketDataOrderVisitor - [ORDERBOOK] Can't match order:Limit(side=BUY,orderId=15,price=43,quantity=1097728)(MktData(price=98,quantity=154))
13:00:19.563 [main] INFO  c.o.v.MutatingMatchOneMarketDataOrderVisitor - [ORDERBOOK] Can't match order:Limit(side=BUY,orderId=16,price=43,quantity=2195456)(MktData(price=98,quantity=154))
13:00:19.563 [main] INFO  c.o.v.MutatingMatchOneMarketDataOrderVisitor - [ORDERBOOK] Can't match order:MktData(price=43,quantity=134)(MktData(price=98,quantity=154))
13:00:19.563 [main] INFO  c.o.v.MutatingRemoveAllMarketDataOrdersVisitor - [ORDERBOOK] Removing market data order:MktData(price=98,quantity=501)
13:00:19.563 [main] INFO  c.o.v.MutatingRemoveAllMarketDataOrdersVisitor - [ORDERBOOK] Removing market data order:MktData(price=110,quantity=5000)
13:00:19.563 [main] INFO  c.o.v.MutatingRemoveAllMarketDataOrdersVisitor - [ORDERBOOK] Removing market data order:MktData(price=123,quantity=453)
13:00:19.563 [main] INFO  c.o.v.MutatingRemoveAllMarketDataOrdersVisitor - [ORDERBOOK] Removing market data order:MktData(price=167,quantity=665)
13:00:19.563 [main] DEBUG c.orderbook.OrderBook - [ORDERBOOK] ASK: Adding orderMktData(price=98,quantity=501)
13:00:19.563 [main] INFO  c.o.visitor.MutatingAddOrderVisitor - [ORDERBOOK] + Limit(side=SELL,orderId=17,price=98,quantity=501)
13:00:19.563 [main] DEBUG c.orderbook.OrderBook - [ORDERBOOK] ASK: Adding orderMktData(price=101,quantity=200)
13:00:19.563 [main] DEBUG c.orderbook.OrderBook - [ORDERBOOK] ASK: Adding orderMktData(price=110,quantity=5000)
13:00:19.563 [main] DEBUG c.orderbook.OrderBook - [ORDERBOOK] ASK: Adding orderMktData(price=119,quantity=5600)
13:00:19.563 [main] DEBUG c.orderbook.OrderBook - [ORDERBOOK] ASK: Adding orderMktData(price=123,quantity=453)
13:00:19.563 [main] DEBUG c.orderbook.OrderBook - [ORDERBOOK] ASK: Adding orderMktData(price=144,quantity=645)
13:00:19.563 [main] DEBUG c.orderbook.OrderBook - [ORDERBOOK] ASK: Adding orderMktData(price=167,quantity=665)
13:00:19.563 [main] DEBUG c.service.MarketDataService - [ALGO] BID: price:43 quantity:134
13:00:19.563 [main] DEBUG c.service.MarketDataService - [ALGO] BID: price:76 quantity:145
13:00:19.563 [main] DEBUG c.service.MarketDataService - [ALGO] BID: price:91 quantity:300
13:00:19.563 [main] DEBUG c.service.MarketDataService - [ALGO] BID: price:93 quantity:200
13:00:19.563 [main] DEBUG c.service.MarketDataService - [ALGO] BID: price:95 quantity:100
13:00:19.563 [main] DEBUG c.service.MarketDataService - [ALGO] BID: price:98 quantity:154
13:00:19.563 [main] DEBUG c.service.MarketDataService - [ALGO] ASK: price:98 quantity:501
13:00:19.563 [main] DEBUG c.service.MarketDataService - [ALGO] ASK: price:101 quantity:200
13:00:19.563 [main] DEBUG c.service.MarketDataService - [ALGO] ASK: price:110 quantity:5000
13:00:19.563 [main] DEBUG c.service.MarketDataService - [ALGO] ASK: price:119 quantity:5600
13:00:19.563 [main] DEBUG c.service.MarketDataService - [ALGO] ASK: price:123 quantity:453
13:00:19.563 [main] DEBUG c.service.MarketDataService - [ALGO] ASK: price:144 quantity:645
13:00:19.563 [main] DEBUG c.service.MarketDataService - [ALGO] ASK: price:167 quantity:665
13:00:19.563 [main] INFO  c.gettingstarted.MyAlgoLogic - [MYALGO] The state of the order book is:
|----BID-----||----ASK----|
    134 @ 43    501 @ 98
    145 @ 76   200 @ 101
    300 @ 91  5000 @ 110
    200 @ 93  5600 @ 119
    100 @ 95   453 @ 123
    154 @ 98   645 @ 144
          -    665 @ 167
|------------||-----------|

13:00:19.563 [main] INFO  c.gettingstarted.MyAlgoLogic - [MYALGO] Algo Sees Book as: 
|----BID-----||----ASK----|
    134 @ 43    501 @ 98
    145 @ 76   200 @ 101
    300 @ 91  5000 @ 110
    200 @ 93  5600 @ 119
    100 @ 95   453 @ 123
    154 @ 98   645 @ 144
          -    665 @ 167
|------------||-----------|

13:00:19.563 [main] INFO  c.gettingstarted.TimedLogic - [TIMEDLOGIC] Market is open
13:00:19.563 [main] INFO  c.sequencer.consumer.LoggingConsumer - [176] 
|----BID-----|
    134 @ 43
    145 @ 76
    300 @ 91
    200 @ 93
    100 @ 95
    154 @ 98
|----ASK-----|
    501 @ 98
   200 @ 101
  5000 @ 110
  5600 @ 119
   453 @ 123
   645 @ 144
   665 @ 167

13:00:19.563 [main] INFO  c.orderbook.OrderBook - [ORDERBOOK] Processing Mkt Data Update
13:00:19.563 [main] INFO  c.o.v.MutatingRemoveAllMarketDataOrdersVisitor - [ORDERBOOK] Removing market data order:MktData(price=43,quantity=134)
13:00:19.563 [main] DEBUG c.orderbook.OrderBook - [ORDERBOOK] ASK: Adding orderMktData(price=43,quantity=134)
13:00:19.563 [main] INFO  c.o.visitor.MutatingAddOrderVisitor - [ORDERBOOK] + Limit(side=BUY,orderId=16,price=43,quantity=2195456)
13:00:19.563 [main] DEBUG c.orderbook.OrderBook - [ORDERBOOK] ASK: Adding orderMktData(price=76,quantity=145)
13:00:19.563 [main] DEBUG c.orderbook.OrderBook - [ORDERBOOK] ASK: Adding orderMktData(price=91,quantity=300)
13:00:19.563 [main] DEBUG c.orderbook.OrderBook - [ORDERBOOK] ASK: Adding orderMktData(price=93,quantity=200)
13:00:19.563 [main] DEBUG c.orderbook.OrderBook - [ORDERBOOK] ASK: Adding orderMktData(price=95,quantity=100)
13:00:19.563 [main] DEBUG c.orderbook.OrderBook - [ORDERBOOK] ASK: Adding orderMktData(price=98,quantity=154)
13:00:19.563 [main] INFO  c.o.v.MutatingMatchOneMarketDataOrderVisitor - [ORDERBOOK] visiting LevelOrderBookLevel(price=43,quantity=4270312)
13:00:19.563 [main] INFO  c.o.v.MutatingMatchOneMarketDataOrderVisitor - [ORDERBOOK] Can't match order:Limit(side=BUY,orderId=3,price=43,quantity=268)(MktData(price=98,quantity=154))
13:00:19.563 [main] INFO  c.o.v.MutatingMatchOneMarketDataOrderVisitor - [ORDERBOOK] Can't match order:Limit(side=BUY,orderId=5,price=43,quantity=1072)(MktData(price=98,quantity=154))
13:00:19.563 [main] INFO  c.o.v.MutatingMatchOneMarketDataOrderVisitor - [ORDERBOOK] Can't match order:Limit(side=BUY,orderId=7,price=43,quantity=4288)(MktData(price=98,quantity=154))
13:00:19.563 [main] INFO  c.o.v.MutatingMatchOneMarketDataOrderVisitor - [ORDERBOOK] Can't match order:Limit(side=BUY,orderId=9,price=43,quantity=17152)(MktData(price=98,quantity=154))
13:00:19.563 [main] INFO  c.o.v.MutatingMatchOneMarketDataOrderVisitor - [ORDERBOOK] Can't match order:Limit(side=BUY,orderId=11,price=43,quantity=68608)(MktData(price=98,quantity=154))
13:00:19.563 [main] INFO  c.o.v.MutatingMatchOneMarketDataOrderVisitor - [ORDERBOOK] Can't match order:Limit(side=BUY,orderId=12,price=43,quantity=137216)(MktData(price=98,quantity=154))
13:00:19.563 [main] INFO  c.o.v.MutatingMatchOneMarketDataOrderVisitor - [ORDERBOOK] Can't match order:Limit(side=BUY,orderId=13,price=43,quantity=274432)(MktData(price=98,quantity=154))
13:00:19.563 [main] INFO  c.o.v.MutatingMatchOneMarketDataOrderVisitor - [ORDERBOOK] Can't match order:Limit(side=BUY,orderId=14,price=43,quantity=548864)(MktData(price=98,quantity=154))
13:00:19.563 [main] INFO  c.o.v.MutatingMatchOneMarketDataOrderVisitor - [ORDERBOOK] Can't match order:Limit(side=BUY,orderId=15,price=43,quantity=1097728)(MktData(price=98,quantity=154))
13:00:19.563 [main] INFO  c.o.v.MutatingMatchOneMarketDataOrderVisitor - [ORDERBOOK] Can't match order:Limit(side=BUY,orderId=16,price=43,quantity=2195456)(MktData(price=98,quantity=154))
13:00:19.563 [main] INFO  c.o.v.MutatingMatchOneMarketDataOrderVisitor - [ORDERBOOK] Can't match order:MktData(price=43,quantity=134)(MktData(price=98,quantity=154))
13:00:19.563 [main] INFO  c.o.v.MutatingRemoveAllMarketDataOrdersVisitor - [ORDERBOOK] Removing market data order:MktData(price=98,quantity=501)
13:00:19.563 [main] INFO  c.o.v.MutatingRemoveAllMarketDataOrdersVisitor - [ORDERBOOK] Removing market data order:MktData(price=110,quantity=5000)
13:00:19.563 [main] INFO  c.o.v.MutatingRemoveAllMarketDataOrdersVisitor - [ORDERBOOK] Removing market data order:MktData(price=123,quantity=453)
13:00:19.563 [main] INFO  c.o.v.MutatingRemoveAllMarketDataOrdersVisitor - [ORDERBOOK] Removing market data order:MktData(price=167,quantity=665)
13:00:19.563 [main] DEBUG c.orderbook.OrderBook - [ORDERBOOK] ASK: Adding orderMktData(price=98,quantity=501)
13:00:19.563 [main] INFO  c.o.visitor.MutatingAddOrderVisitor - [ORDERBOOK] + Limit(side=SELL,orderId=17,price=98,quantity=501)
13:00:19.563 [main] DEBUG c.orderbook.OrderBook - [ORDERBOOK] ASK: Adding orderMktData(price=101,quantity=200)
13:00:19.563 [main] DEBUG c.orderbook.OrderBook - [ORDERBOOK] ASK: Adding orderMktData(price=110,quantity=5000)
13:00:19.563 [main] DEBUG c.orderbook.OrderBook - [ORDERBOOK] ASK: Adding orderMktData(price=119,quantity=5600)
13:00:19.563 [main] DEBUG c.orderbook.OrderBook - [ORDERBOOK] ASK: Adding orderMktData(price=123,quantity=453)
13:00:19.563 [main] DEBUG c.orderbook.OrderBook - [ORDERBOOK] ASK: Adding orderMktData(price=144,quantity=645)
13:00:19.563 [main] DEBUG c.orderbook.OrderBook - [ORDERBOOK] ASK: Adding orderMktData(price=167,quantity=665)
13:00:19.563 [main] DEBUG c.service.MarketDataService - [ALGO] BID: price:43 quantity:134
13:00:19.563 [main] DEBUG c.service.MarketDataService - [ALGO] BID: price:76 quantity:145
13:00:19.563 [main] DEBUG c.service.MarketDataService - [ALGO] BID: price:91 quantity:300
13:00:19.563 [main] DEBUG c.service.MarketDataService - [ALGO] BID: price:93 quantity:200
13:00:19.563 [main] DEBUG c.service.MarketDataService - [ALGO] BID: price:95 quantity:100
13:00:19.563 [main] DEBUG c.service.MarketDataService - [ALGO] BID: price:98 quantity:154
13:00:19.563 [main] DEBUG c.service.MarketDataService - [ALGO] ASK: price:98 quantity:501
13:00:19.563 [main] DEBUG c.service.MarketDataService - [ALGO] ASK: price:101 quantity:200
13:00:19.563 [main] DEBUG c.service.MarketDataService - [ALGO] ASK: price:110 quantity:5000
13:00:19.563 [main] DEBUG c.service.MarketDataService - [ALGO] ASK: price:119 quantity:5600
13:00:19.563 [main] DEBUG c.service.MarketDataService - [ALGO] ASK: price:123 quantity:453
13:00:19.563 [main] DEBUG c.service.MarketDataService - [ALGO] ASK: price:144 quantity:645
13:00:19.563 [main] DEBUG c.service.MarketDataService - [ALGO] ASK: price:167 quantity:665
13:00:19.563 [main] INFO  c.gettingstarted.MyAlgoLogic - [MYALGO] The state of the order book is:
|----BID-----||----ASK----|
    134 @ 43    501 @ 98
    145 @ 76   200 @ 101
    300 @ 91  5000 @ 110
    200 @ 93  5600 @ 119
    100 @ 95   453 @ 123
    154 @ 98   645 @ 144
          -    665 @ 167
|------------||-----------|

13:00:19.563 [main] INFO  c.gettingstarted.MyAlgoLogic - [MYALGO] Algo Sees Book as: 
|----BID-----||----ASK----|
    134 @ 43    501 @ 98
    145 @ 76   200 @ 101
    300 @ 91  5000 @ 110
    200 @ 93  5600 @ 119
    100 @ 95   453 @ 123
    154 @ 98   645 @ 144
          -    665 @ 167
|------------||-----------|

13:00:19.563 [main] INFO  c.gettingstarted.TimedLogic - [TIMEDLOGIC] Market is open
13:00:19.563 [main] INFO  c.sequencer.consumer.LoggingConsumer - [177] 
|----BID-----|
    134 @ 43
    145 @ 76
    300 @ 91
    200 @ 93
    100 @ 95
    154 @ 98
|----ASK-----|
    501 @ 98
   200 @ 101
  5000 @ 110
  5600 @ 119
   453 @ 123
   645 @ 144
   665 @ 167

13:00:19.563 [main] INFO  c.orderbook.OrderBook - [ORDERBOOK] Processing Mkt Data Update
13:00:19.563 [main] INFO  c.o.v.MutatingRemoveAllMarketDataOrdersVisitor - [ORDERBOOK] Removing market data order:MktData(price=43,quantity=134)
13:00:19.563 [main] DEBUG c.orderbook.OrderBook - [ORDERBOOK] ASK: Adding orderMktData(price=43,quantity=134)
13:00:19.563 [main] INFO  c.o.visitor.MutatingAddOrderVisitor - [ORDERBOOK] + Limit(side=BUY,orderId=16,price=43,quantity=2195456)
13:00:19.563 [main] DEBUG c.orderbook.OrderBook - [ORDERBOOK] ASK: Adding orderMktData(price=76,quantity=145)
13:00:19.563 [main] DEBUG c.orderbook.OrderBook - [ORDERBOOK] ASK: Adding orderMktData(price=91,quantity=300)
13:00:19.563 [main] DEBUG c.orderbook.OrderBook - [ORDERBOOK] ASK: Adding orderMktData(price=93,quantity=200)
13:00:19.563 [main] DEBUG c.orderbook.OrderBook - [ORDERBOOK] ASK: Adding orderMktData(price=95,quantity=100)
13:00:19.563 [main] DEBUG c.orderbook.OrderBook - [ORDERBOOK] ASK: Adding orderMktData(price=98,quantity=154)
13:00:19.563 [main] INFO  c.o.v.MutatingMatchOneMarketDataOrderVisitor - [ORDERBOOK] visiting LevelOrderBookLevel(price=43,quantity=4270446)
13:00:19.563 [main] INFO  c.o.v.MutatingMatchOneMarketDataOrderVisitor - [ORDERBOOK] Can't match order:Limit(side=BUY,orderId=3,price=43,quantity=268)(MktData(price=98,quantity=154))
13:00:19.563 [main] INFO  c.o.v.MutatingMatchOneMarketDataOrderVisitor - [ORDERBOOK] Can't match order:Limit(side=BUY,orderId=5,price=43,quantity=1072)(MktData(price=98,quantity=154))
13:00:19.563 [main] INFO  c.o.v.MutatingMatchOneMarketDataOrderVisitor - [ORDERBOOK] Can't match order:Limit(side=BUY,orderId=7,price=43,quantity=4288)(MktData(price=98,quantity=154))
13:00:19.563 [main] INFO  c.o.v.MutatingMatchOneMarketDataOrderVisitor - [ORDERBOOK] Can't match order:Limit(side=BUY,orderId=9,price=43,quantity=17152)(MktData(price=98,quantity=154))
13:00:19.563 [main] INFO  c.o.v.MutatingMatchOneMarketDataOrderVisitor - [ORDERBOOK] Can't match order:Limit(side=BUY,orderId=11,price=43,quantity=68608)(MktData(price=98,quantity=154))
13:00:19.563 [main] INFO  c.o.v.MutatingMatchOneMarketDataOrderVisitor - [ORDERBOOK] Can't match order:Limit(side=BUY,orderId=12,price=43,quantity=137216)(MktData(price=98,quantity=154))
13:00:19.563 [main] INFO  c.o.v.MutatingMatchOneMarketDataOrderVisitor - [ORDERBOOK] Can't match order:Limit(side=BUY,orderId=13,price=43,quantity=274432)(MktData(price=98,quantity=154))
13:00:19.563 [main] INFO  c.o.v.MutatingMatchOneMarketDataOrderVisitor - [ORDERBOOK] Can't match order:Limit(side=BUY,orderId=14,price=43,quantity=548864)(MktData(price=98,quantity=154))
13:00:19.563 [main] INFO  c.o.v.MutatingMatchOneMarketDataOrderVisitor - [ORDERBOOK] Can't match order:Limit(side=BUY,orderId=15,price=43,quantity=1097728)(MktData(price=98,quantity=154))
13:00:19.563 [main] INFO  c.o.v.MutatingMatchOneMarketDataOrderVisitor - [ORDERBOOK] Can't match order:Limit(side=BUY,orderId=16,price=43,quantity=2195456)(MktData(price=98,quantity=154))
13:00:19.563 [main] INFO  c.o.v.MutatingMatchOneMarketDataOrderVisitor - [ORDERBOOK] Can't match order:MktData(price=43,quantity=134)(MktData(price=98,quantity=154))
13:00:19.563 [main] INFO  c.o.v.MutatingRemoveAllMarketDataOrdersVisitor - [ORDERBOOK] Removing market data order:MktData(price=98,quantity=501)
13:00:19.563 [main] INFO  c.o.v.MutatingRemoveAllMarketDataOrdersVisitor - [ORDERBOOK] Removing market data order:MktData(price=110,quantity=5000)
13:00:19.563 [main] INFO  c.o.v.MutatingRemoveAllMarketDataOrdersVisitor - [ORDERBOOK] Removing market data order:MktData(price=123,quantity=453)
13:00:19.563 [main] INFO  c.o.v.MutatingRemoveAllMarketDataOrdersVisitor - [ORDERBOOK] Removing market data order:MktData(price=167,quantity=665)
13:00:19.563 [main] DEBUG c.orderbook.OrderBook - [ORDERBOOK] ASK: Adding orderMktData(price=98,quantity=501)
13:00:19.563 [main] INFO  c.o.visitor.MutatingAddOrderVisitor - [ORDERBOOK] + Limit(side=SELL,orderId=17,price=98,quantity=501)
13:00:19.563 [main] DEBUG c.orderbook.OrderBook - [ORDERBOOK] ASK: Adding orderMktData(price=101,quantity=200)
13:00:19.563 [main] DEBUG c.orderbook.OrderBook - [ORDERBOOK] ASK: Adding orderMktData(price=110,quantity=5000)
13:00:19.563 [main] DEBUG c.orderbook.OrderBook - [ORDERBOOK] ASK: Adding orderMktData(price=119,quantity=5600)
13:00:19.563 [main] DEBUG c.orderbook.OrderBook - [ORDERBOOK] ASK: Adding orderMktData(price=123,quantity=453)
13:00:19.563 [main] DEBUG c.orderbook.OrderBook - [ORDERBOOK] ASK: Adding orderMktData(price=144,quantity=645)
13:00:19.563 [main] DEBUG c.orderbook.OrderBook - [ORDERBOOK] ASK: Adding orderMktData(price=167,quantity=665)
13:00:19.563 [main] DEBUG c.service.MarketDataService - [ALGO] BID: price:43 quantity:134
13:00:19.563 [main] DEBUG c.service.MarketDataService - [ALGO] BID: price:76 quantity:145
13:00:19.563 [main] DEBUG c.service.MarketDataService - [ALGO] BID: price:91 quantity:300
13:00:19.563 [main] DEBUG c.service.MarketDataService - [ALGO] BID: price:93 quantity:200
13:00:19.563 [main] DEBUG c.service.MarketDataService - [ALGO] BID: price:95 quantity:100
13:00:19.563 [main] DEBUG c.service.MarketDataService - [ALGO] BID: price:98 quantity:154
13:00:19.563 [main] DEBUG c.service.MarketDataService - [ALGO] ASK: price:98 quantity:501
13:00:19.563 [main] DEBUG c.service.MarketDataService - [ALGO] ASK: price:101 quantity:200
13:00:19.563 [main] DEBUG c.service.MarketDataService - [ALGO] ASK: price:110 quantity:5000
13:00:19.563 [main] DEBUG c.service.MarketDataService - [ALGO] ASK: price:119 quantity:5600
13:00:19.563 [main] DEBUG c.service.MarketDataService - [ALGO] ASK: price:123 quantity:453
13:00:19.563 [main] DEBUG c.service.MarketDataService - [ALGO] ASK: price:144 quantity:645
13:00:19.563 [main] DEBUG c.service.MarketDataService - [ALGO] ASK: price:167 quantity:665
13:00:19.563 [main] INFO  c.gettingstarted.MyAlgoLogic - [MYALGO] The state of the order book is:
|----BID-----||----ASK----|
    134 @ 43    501 @ 98
    145 @ 76   200 @ 101
    300 @ 91  5000 @ 110
    200 @ 93  5600 @ 119
    100 @ 95   453 @ 123
    154 @ 98   645 @ 144
          -    665 @ 167
|------------||-----------|

13:00:19.563 [main] INFO  c.gettingstarted.MyAlgoLogic - [MYALGO] Algo Sees Book as: 
|----BID-----||----ASK----|
    134 @ 43    501 @ 98
    145 @ 76   200 @ 101
    300 @ 91  5000 @ 110
    200 @ 93  5600 @ 119
    100 @ 95   453 @ 123
    154 @ 98   645 @ 144
          -    665 @ 167
|------------||-----------|

13:00:19.563 [main] INFO  c.gettingstarted.TimedLogic - [TIMEDLOGIC] Market is open
13:00:19.563 [main] INFO  c.sequencer.consumer.LoggingConsumer - [178] 
|----BID-----|
    134 @ 43
    145 @ 76
    300 @ 91
    200 @ 93
    100 @ 95
    154 @ 98
|----ASK-----|
    501 @ 98
   200 @ 101
  5000 @ 110
  5600 @ 119
   453 @ 123
   645 @ 144
   665 @ 167

13:00:19.563 [main] INFO  c.orderbook.OrderBook - [ORDERBOOK] Processing Mkt Data Update
13:00:19.563 [main] INFO  c.o.v.MutatingRemoveAllMarketDataOrdersVisitor - [ORDERBOOK] Removing market data order:MktData(price=43,quantity=134)
13:00:19.563 [main] DEBUG c.orderbook.OrderBook - [ORDERBOOK] ASK: Adding orderMktData(price=43,quantity=134)
13:00:19.563 [main] INFO  c.o.visitor.MutatingAddOrderVisitor - [ORDERBOOK] + Limit(side=BUY,orderId=16,price=43,quantity=2195456)
13:00:19.563 [main] DEBUG c.orderbook.OrderBook - [ORDERBOOK] ASK: Adding orderMktData(price=76,quantity=145)
13:00:19.563 [main] DEBUG c.orderbook.OrderBook - [ORDERBOOK] ASK: Adding orderMktData(price=91,quantity=300)
13:00:19.563 [main] DEBUG c.orderbook.OrderBook - [ORDERBOOK] ASK: Adding orderMktData(price=93,quantity=200)
13:00:19.563 [main] DEBUG c.orderbook.OrderBook - [ORDERBOOK] ASK: Adding orderMktData(price=95,quantity=100)
13:00:19.563 [main] DEBUG c.orderbook.OrderBook - [ORDERBOOK] ASK: Adding orderMktData(price=98,quantity=154)
13:00:19.563 [main] INFO  c.o.v.MutatingMatchOneMarketDataOrderVisitor - [ORDERBOOK] visiting LevelOrderBookLevel(price=43,quantity=4270580)
13:00:19.563 [main] INFO  c.o.v.MutatingMatchOneMarketDataOrderVisitor - [ORDERBOOK] Can't match order:Limit(side=BUY,orderId=3,price=43,quantity=268)(MktData(price=98,quantity=154))
13:00:19.563 [main] INFO  c.o.v.MutatingMatchOneMarketDataOrderVisitor - [ORDERBOOK] Can't match order:Limit(side=BUY,orderId=5,price=43,quantity=1072)(MktData(price=98,quantity=154))
13:00:19.563 [main] INFO  c.o.v.MutatingMatchOneMarketDataOrderVisitor - [ORDERBOOK] Can't match order:Limit(side=BUY,orderId=7,price=43,quantity=4288)(MktData(price=98,quantity=154))
13:00:19.563 [main] INFO  c.o.v.MutatingMatchOneMarketDataOrderVisitor - [ORDERBOOK] Can't match order:Limit(side=BUY,orderId=9,price=43,quantity=17152)(MktData(price=98,quantity=154))
13:00:19.563 [main] INFO  c.o.v.MutatingMatchOneMarketDataOrderVisitor - [ORDERBOOK] Can't match order:Limit(side=BUY,orderId=11,price=43,quantity=68608)(MktData(price=98,quantity=154))
13:00:19.563 [main] INFO  c.o.v.MutatingMatchOneMarketDataOrderVisitor - [ORDERBOOK] Can't match order:Limit(side=BUY,orderId=12,price=43,quantity=137216)(MktData(price=98,quantity=154))
13:00:19.563 [main] INFO  c.o.v.MutatingMatchOneMarketDataOrderVisitor - [ORDERBOOK] Can't match order:Limit(side=BUY,orderId=13,price=43,quantity=274432)(MktData(price=98,quantity=154))
13:00:19.563 [main] INFO  c.o.v.MutatingMatchOneMarketDataOrderVisitor - [ORDERBOOK] Can't match order:Limit(side=BUY,orderId=14,price=43,quantity=548864)(MktData(price=98,quantity=154))
13:00:19.563 [main] INFO  c.o.v.MutatingMatchOneMarketDataOrderVisitor - [ORDERBOOK] Can't match order:Limit(side=BUY,orderId=15,price=43,quantity=1097728)(MktData(price=98,quantity=154))
13:00:19.563 [main] INFO  c.o.v.MutatingMatchOneMarketDataOrderVisitor - [ORDERBOOK] Can't match order:Limit(side=BUY,orderId=16,price=43,quantity=2195456)(MktData(price=98,quantity=154))
13:00:19.563 [main] INFO  c.o.v.MutatingMatchOneMarketDataOrderVisitor - [ORDERBOOK] Can't match order:MktData(price=43,quantity=134)(MktData(price=98,quantity=154))
13:00:19.563 [main] INFO  c.o.v.MutatingRemoveAllMarketDataOrdersVisitor - [ORDERBOOK] Removing market data order:MktData(price=98,quantity=501)
13:00:19.563 [main] INFO  c.o.v.MutatingRemoveAllMarketDataOrdersVisitor - [ORDERBOOK] Removing market data order:MktData(price=110,quantity=5000)
13:00:19.563 [main] INFO  c.o.v.MutatingRemoveAllMarketDataOrdersVisitor - [ORDERBOOK] Removing market data order:MktData(price=123,quantity=453)
13:00:19.563 [main] INFO  c.o.v.MutatingRemoveAllMarketDataOrdersVisitor - [ORDERBOOK] Removing market data order:MktData(price=167,quantity=665)
13:00:19.563 [main] DEBUG c.orderbook.OrderBook - [ORDERBOOK] ASK: Adding orderMktData(price=98,quantity=501)
13:00:19.563 [main] INFO  c.o.visitor.MutatingAddOrderVisitor - [ORDERBOOK] + Limit(side=SELL,orderId=17,price=98,quantity=501)
13:00:19.563 [main] DEBUG c.orderbook.OrderBook - [ORDERBOOK] ASK: Adding orderMktData(price=101,quantity=200)
13:00:19.563 [main] DEBUG c.orderbook.OrderBook - [ORDERBOOK] ASK: Adding orderMktData(price=110,quantity=5000)
13:00:19.563 [main] DEBUG c.orderbook.OrderBook - [ORDERBOOK] ASK: Adding orderMktData(price=119,quantity=5600)
13:00:19.563 [main] DEBUG c.orderbook.OrderBook - [ORDERBOOK] ASK: Adding orderMktData(price=123,quantity=453)
13:00:19.563 [main] DEBUG c.orderbook.OrderBook - [ORDERBOOK] ASK: Adding orderMktData(price=144,quantity=645)
13:00:19.563 [main] DEBUG c.orderbook.OrderBook - [ORDERBOOK] ASK: Adding orderMktData(price=167,quantity=665)
13:00:19.563 [main] DEBUG c.service.MarketDataService - [ALGO] BID: price:43 quantity:134
13:00:19.563 [main] DEBUG c.service.MarketDataService - [ALGO] BID: price:76 quantity:145
13:00:19.563 [main] DEBUG c.service.MarketDataService - [ALGO] BID: price:91 quantity:300
13:00:19.563 [main] DEBUG c.service.MarketDataService - [ALGO] BID: price:93 quantity:200
13:00:19.563 [main] DEBUG c.service.MarketDataService - [ALGO] BID: price:95 quantity:100
13:00:19.563 [main] DEBUG c.service.MarketDataService - [ALGO] BID: price:98 quantity:154
13:00:19.563 [main] DEBUG c.service.MarketDataService - [ALGO] ASK: price:98 quantity:501
13:00:19.563 [main] DEBUG c.service.MarketDataService - [ALGO] ASK: price:101 quantity:200
13:00:19.563 [main] DEBUG c.service.MarketDataService - [ALGO] ASK: price:110 quantity:5000
13:00:19.563 [main] DEBUG c.service.MarketDataService - [ALGO] ASK: price:119 quantity:5600
13:00:19.563 [main] DEBUG c.service.MarketDataService - [ALGO] ASK: price:123 quantity:453
13:00:19.563 [main] DEBUG c.service.MarketDataService - [ALGO] ASK: price:144 quantity:645
13:00:19.563 [main] DEBUG c.service.MarketDataService - [ALGO] ASK: price:167 quantity:665
13:00:19.563 [main] INFO  c.gettingstarted.MyAlgoLogic - [MYALGO] The state of the order book is:
|----BID-----||----ASK----|
    134 @ 43    501 @ 98
    145 @ 76   200 @ 101
    300 @ 91  5000 @ 110
    200 @ 93  5600 @ 119
    100 @ 95   453 @ 123
    154 @ 98   645 @ 144
          -    665 @ 167
|------------||-----------|

13:00:19.563 [main] INFO  c.gettingstarted.MyAlgoLogic - [MYALGO] Algo Sees Book as: 
|----BID-----||----ASK----|
    134 @ 43    501 @ 98
    145 @ 76   200 @ 101
    300 @ 91  5000 @ 110
    200 @ 93  5600 @ 119
    100 @ 95   453 @ 123
    154 @ 98   645 @ 144
          -    665 @ 167
|------------||-----------|

13:00:19.563 [main] INFO  c.gettingstarted.TimedLogic - [TIMEDLOGIC] Market is open
13:00:19.563 [main] INFO  c.sequencer.consumer.LoggingConsumer - [179] 
|----BID-----|
    134 @ 43
    145 @ 76
    300 @ 91
    200 @ 93
    100 @ 95
    154 @ 98
|----ASK-----|
    501 @ 98
   200 @ 101
  5000 @ 110
  5600 @ 119
   453 @ 123
   645 @ 144
   665 @ 167

13:00:19.563 [main] INFO  c.orderbook.OrderBook - [ORDERBOOK] Processing Mkt Data Update
13:00:19.563 [main] INFO  c.o.v.MutatingRemoveAllMarketDataOrdersVisitor - [ORDERBOOK] Removing market data order:MktData(price=43,quantity=134)
13:00:19.563 [main] DEBUG c.orderbook.OrderBook - [ORDERBOOK] ASK: Adding orderMktData(price=43,quantity=134)
13:00:19.563 [main] INFO  c.o.visitor.MutatingAddOrderVisitor - [ORDERBOOK] + Limit(side=BUY,orderId=16,price=43,quantity=2195456)
13:00:19.563 [main] DEBUG c.orderbook.OrderBook - [ORDERBOOK] ASK: Adding orderMktData(price=76,quantity=145)
13:00:19.563 [main] DEBUG c.orderbook.OrderBook - [ORDERBOOK] ASK: Adding orderMktData(price=91,quantity=300)
13:00:19.563 [main] DEBUG c.orderbook.OrderBook - [ORDERBOOK] ASK: Adding orderMktData(price=93,quantity=200)
13:00:19.563 [main] DEBUG c.orderbook.OrderBook - [ORDERBOOK] ASK: Adding orderMktData(price=95,quantity=100)
13:00:19.563 [main] DEBUG c.orderbook.OrderBook - [ORDERBOOK] ASK: Adding orderMktData(price=98,quantity=154)
13:00:19.563 [main] INFO  c.o.v.MutatingMatchOneMarketDataOrderVisitor - [ORDERBOOK] visiting LevelOrderBookLevel(price=43,quantity=4270714)
13:00:19.563 [main] INFO  c.o.v.MutatingMatchOneMarketDataOrderVisitor - [ORDERBOOK] Can't match order:Limit(side=BUY,orderId=3,price=43,quantity=268)(MktData(price=98,quantity=154))
13:00:19.563 [main] INFO  c.o.v.MutatingMatchOneMarketDataOrderVisitor - [ORDERBOOK] Can't match order:Limit(side=BUY,orderId=5,price=43,quantity=1072)(MktData(price=98,quantity=154))
13:00:19.563 [main] INFO  c.o.v.MutatingMatchOneMarketDataOrderVisitor - [ORDERBOOK] Can't match order:Limit(side=BUY,orderId=7,price=43,quantity=4288)(MktData(price=98,quantity=154))
13:00:19.563 [main] INFO  c.o.v.MutatingMatchOneMarketDataOrderVisitor - [ORDERBOOK] Can't match order:Limit(side=BUY,orderId=9,price=43,quantity=17152)(MktData(price=98,quantity=154))
13:00:19.563 [main] INFO  c.o.v.MutatingMatchOneMarketDataOrderVisitor - [ORDERBOOK] Can't match order:Limit(side=BUY,orderId=11,price=43,quantity=68608)(MktData(price=98,quantity=154))
13:00:19.563 [main] INFO  c.o.v.MutatingMatchOneMarketDataOrderVisitor - [ORDERBOOK] Can't match order:Limit(side=BUY,orderId=12,price=43,quantity=137216)(MktData(price=98,quantity=154))
13:00:19.563 [main] INFO  c.o.v.MutatingMatchOneMarketDataOrderVisitor - [ORDERBOOK] Can't match order:Limit(side=BUY,orderId=13,price=43,quantity=274432)(MktData(price=98,quantity=154))
13:00:19.563 [main] INFO  c.o.v.MutatingMatchOneMarketDataOrderVisitor - [ORDERBOOK] Can't match order:Limit(side=BUY,orderId=14,price=43,quantity=548864)(MktData(price=98,quantity=154))
13:00:19.563 [main] INFO  c.o.v.MutatingMatchOneMarketDataOrderVisitor - [ORDERBOOK] Can't match order:Limit(side=BUY,orderId=15,price=43,quantity=1097728)(MktData(price=98,quantity=154))
13:00:19.563 [main] INFO  c.o.v.MutatingMatchOneMarketDataOrderVisitor - [ORDERBOOK] Can't match order:Limit(side=BUY,orderId=16,price=43,quantity=2195456)(MktData(price=98,quantity=154))
13:00:19.563 [main] INFO  c.o.v.MutatingMatchOneMarketDataOrderVisitor - [ORDERBOOK] Can't match order:MktData(price=43,quantity=134)(MktData(price=98,quantity=154))
13:00:19.563 [main] INFO  c.o.v.MutatingRemoveAllMarketDataOrdersVisitor - [ORDERBOOK] Removing market data order:MktData(price=98,quantity=501)
13:00:19.563 [main] INFO  c.o.v.MutatingRemoveAllMarketDataOrdersVisitor - [ORDERBOOK] Removing market data order:MktData(price=110,quantity=5000)
13:00:19.563 [main] INFO  c.o.v.MutatingRemoveAllMarketDataOrdersVisitor - [ORDERBOOK] Removing market data order:MktData(price=123,quantity=453)
13:00:19.563 [main] INFO  c.o.v.MutatingRemoveAllMarketDataOrdersVisitor - [ORDERBOOK] Removing market data order:MktData(price=167,quantity=665)
13:00:19.563 [main] DEBUG c.orderbook.OrderBook - [ORDERBOOK] ASK: Adding orderMktData(price=98,quantity=501)
13:00:19.563 [main] INFO  c.o.visitor.MutatingAddOrderVisitor - [ORDERBOOK] + Limit(side=SELL,orderId=17,price=98,quantity=501)
13:00:19.563 [main] DEBUG c.orderbook.OrderBook - [ORDERBOOK] ASK: Adding orderMktData(price=101,quantity=200)
13:00:19.563 [main] DEBUG c.orderbook.OrderBook - [ORDERBOOK] ASK: Adding orderMktData(price=110,quantity=5000)
13:00:19.563 [main] DEBUG c.orderbook.OrderBook - [ORDERBOOK] ASK: Adding orderMktData(price=119,quantity=5600)
13:00:19.563 [main] DEBUG c.orderbook.OrderBook - [ORDERBOOK] ASK: Adding orderMktData(price=123,quantity=453)
13:00:19.563 [main] DEBUG c.orderbook.OrderBook - [ORDERBOOK] ASK: Adding orderMktData(price=144,quantity=645)
13:00:19.563 [main] DEBUG c.orderbook.OrderBook - [ORDERBOOK] ASK: Adding orderMktData(price=167,quantity=665)
13:00:19.563 [main] DEBUG c.service.MarketDataService - [ALGO] BID: price:43 quantity:134
13:00:19.563 [main] DEBUG c.service.MarketDataService - [ALGO] BID: price:76 quantity:145
13:00:19.563 [main] DEBUG c.service.MarketDataService - [ALGO] BID: price:91 quantity:300
13:00:19.563 [main] DEBUG c.service.MarketDataService - [ALGO] BID: price:93 quantity:200
13:00:19.563 [main] DEBUG c.service.MarketDataService - [ALGO] BID: price:95 quantity:100
13:00:19.563 [main] DEBUG c.service.MarketDataService - [ALGO] BID: price:98 quantity:154
13:00:19.563 [main] DEBUG c.service.MarketDataService - [ALGO] ASK: price:98 quantity:501
13:00:19.563 [main] DEBUG c.service.MarketDataService - [ALGO] ASK: price:101 quantity:200
13:00:19.578 [main] DEBUG c.service.MarketDataService - [ALGO] ASK: price:110 quantity:5000
13:00:19.578 [main] DEBUG c.service.MarketDataService - [ALGO] ASK: price:119 quantity:5600
13:00:19.578 [main] DEBUG c.service.MarketDataService - [ALGO] ASK: price:123 quantity:453
13:00:19.578 [main] DEBUG c.service.MarketDataService - [ALGO] ASK: price:144 quantity:645
13:00:19.578 [main] DEBUG c.service.MarketDataService - [ALGO] ASK: price:167 quantity:665
13:00:19.578 [main] INFO  c.gettingstarted.MyAlgoLogic - [MYALGO] The state of the order book is:
|----BID-----||----ASK----|
    134 @ 43    501 @ 98
    145 @ 76   200 @ 101
    300 @ 91  5000 @ 110
    200 @ 93  5600 @ 119
    100 @ 95   453 @ 123
    154 @ 98   645 @ 144
          -    665 @ 167
|------------||-----------|

13:00:19.578 [main] INFO  c.gettingstarted.MyAlgoLogic - [MYALGO] Algo Sees Book as: 
|----BID-----||----ASK----|
    134 @ 43    501 @ 98
    145 @ 76   200 @ 101
    300 @ 91  5000 @ 110
    200 @ 93  5600 @ 119
    100 @ 95   453 @ 123
    154 @ 98   645 @ 144
          -    665 @ 167
|------------||-----------|

13:00:19.578 [main] INFO  c.gettingstarted.TimedLogic - [TIMEDLOGIC] Market is open
13:00:19.578 [main] INFO  c.sequencer.consumer.LoggingConsumer - [180] 
|----BID-----|
    134 @ 43
    145 @ 76
    300 @ 91
    200 @ 93
    100 @ 95
    154 @ 98
|----ASK-----|
    501 @ 98
   200 @ 101
  5000 @ 110
  5600 @ 119
   453 @ 123
   645 @ 144
   665 @ 167

13:00:19.578 [main] INFO  c.orderbook.OrderBook - [ORDERBOOK] Processing Mkt Data Update
13:00:19.578 [main] INFO  c.o.v.MutatingRemoveAllMarketDataOrdersVisitor - [ORDERBOOK] Removing market data order:MktData(price=43,quantity=134)
13:00:19.578 [main] DEBUG c.orderbook.OrderBook - [ORDERBOOK] ASK: Adding orderMktData(price=43,quantity=134)
13:00:19.578 [main] INFO  c.o.visitor.MutatingAddOrderVisitor - [ORDERBOOK] + Limit(side=BUY,orderId=16,price=43,quantity=2195456)
13:00:19.578 [main] DEBUG c.orderbook.OrderBook - [ORDERBOOK] ASK: Adding orderMktData(price=76,quantity=145)
13:00:19.578 [main] DEBUG c.orderbook.OrderBook - [ORDERBOOK] ASK: Adding orderMktData(price=91,quantity=300)
13:00:19.578 [main] DEBUG c.orderbook.OrderBook - [ORDERBOOK] ASK: Adding orderMktData(price=93,quantity=200)
13:00:19.578 [main] DEBUG c.orderbook.OrderBook - [ORDERBOOK] ASK: Adding orderMktData(price=95,quantity=100)
13:00:19.578 [main] DEBUG c.orderbook.OrderBook - [ORDERBOOK] ASK: Adding orderMktData(price=98,quantity=154)
13:00:19.578 [main] INFO  c.o.v.MutatingMatchOneMarketDataOrderVisitor - [ORDERBOOK] visiting LevelOrderBookLevel(price=43,quantity=4270848)
13:00:19.578 [main] INFO  c.o.v.MutatingMatchOneMarketDataOrderVisitor - [ORDERBOOK] Can't match order:Limit(side=BUY,orderId=3,price=43,quantity=268)(MktData(price=98,quantity=154))
13:00:19.578 [main] INFO  c.o.v.MutatingMatchOneMarketDataOrderVisitor - [ORDERBOOK] Can't match order:Limit(side=BUY,orderId=5,price=43,quantity=1072)(MktData(price=98,quantity=154))
13:00:19.578 [main] INFO  c.o.v.MutatingMatchOneMarketDataOrderVisitor - [ORDERBOOK] Can't match order:Limit(side=BUY,orderId=7,price=43,quantity=4288)(MktData(price=98,quantity=154))
13:00:19.578 [main] INFO  c.o.v.MutatingMatchOneMarketDataOrderVisitor - [ORDERBOOK] Can't match order:Limit(side=BUY,orderId=9,price=43,quantity=17152)(MktData(price=98,quantity=154))
13:00:19.578 [main] INFO  c.o.v.MutatingMatchOneMarketDataOrderVisitor - [ORDERBOOK] Can't match order:Limit(side=BUY,orderId=11,price=43,quantity=68608)(MktData(price=98,quantity=154))
13:00:19.578 [main] INFO  c.o.v.MutatingMatchOneMarketDataOrderVisitor - [ORDERBOOK] Can't match order:Limit(side=BUY,orderId=12,price=43,quantity=137216)(MktData(price=98,quantity=154))
13:00:19.578 [main] INFO  c.o.v.MutatingMatchOneMarketDataOrderVisitor - [ORDERBOOK] Can't match order:Limit(side=BUY,orderId=13,price=43,quantity=274432)(MktData(price=98,quantity=154))
13:00:19.578 [main] INFO  c.o.v.MutatingMatchOneMarketDataOrderVisitor - [ORDERBOOK] Can't match order:Limit(side=BUY,orderId=14,price=43,quantity=548864)(MktData(price=98,quantity=154))
13:00:19.578 [main] INFO  c.o.v.MutatingMatchOneMarketDataOrderVisitor - [ORDERBOOK] Can't match order:Limit(side=BUY,orderId=15,price=43,quantity=1097728)(MktData(price=98,quantity=154))
13:00:19.578 [main] INFO  c.o.v.MutatingMatchOneMarketDataOrderVisitor - [ORDERBOOK] Can't match order:Limit(side=BUY,orderId=16,price=43,quantity=2195456)(MktData(price=98,quantity=154))
13:00:19.578 [main] INFO  c.o.v.MutatingMatchOneMarketDataOrderVisitor - [ORDERBOOK] Can't match order:MktData(price=43,quantity=134)(MktData(price=98,quantity=154))
13:00:19.578 [main] INFO  c.o.v.MutatingRemoveAllMarketDataOrdersVisitor - [ORDERBOOK] Removing market data order:MktData(price=98,quantity=501)
13:00:19.578 [main] INFO  c.o.v.MutatingRemoveAllMarketDataOrdersVisitor - [ORDERBOOK] Removing market data order:MktData(price=110,quantity=5000)
13:00:19.578 [main] INFO  c.o.v.MutatingRemoveAllMarketDataOrdersVisitor - [ORDERBOOK] Removing market data order:MktData(price=123,quantity=453)
13:00:19.578 [main] INFO  c.o.v.MutatingRemoveAllMarketDataOrdersVisitor - [ORDERBOOK] Removing market data order:MktData(price=167,quantity=665)
13:00:19.578 [main] DEBUG c.orderbook.OrderBook - [ORDERBOOK] ASK: Adding orderMktData(price=98,quantity=501)
13:00:19.578 [main] INFO  c.o.visitor.MutatingAddOrderVisitor - [ORDERBOOK] + Limit(side=SELL,orderId=17,price=98,quantity=501)
13:00:19.578 [main] DEBUG c.orderbook.OrderBook - [ORDERBOOK] ASK: Adding orderMktData(price=101,quantity=200)
13:00:19.578 [main] DEBUG c.orderbook.OrderBook - [ORDERBOOK] ASK: Adding orderMktData(price=110,quantity=5000)
13:00:19.578 [main] DEBUG c.orderbook.OrderBook - [ORDERBOOK] ASK: Adding orderMktData(price=119,quantity=5600)
13:00:19.578 [main] DEBUG c.orderbook.OrderBook - [ORDERBOOK] ASK: Adding orderMktData(price=123,quantity=453)
13:00:19.578 [main] DEBUG c.orderbook.OrderBook - [ORDERBOOK] ASK: Adding orderMktData(price=144,quantity=645)
13:00:19.578 [main] DEBUG c.orderbook.OrderBook - [ORDERBOOK] ASK: Adding orderMktData(price=167,quantity=665)
13:00:19.578 [main] DEBUG c.service.MarketDataService - [ALGO] BID: price:43 quantity:134
13:00:19.578 [main] DEBUG c.service.MarketDataService - [ALGO] BID: price:76 quantity:145
13:00:19.578 [main] DEBUG c.service.MarketDataService - [ALGO] BID: price:91 quantity:300
13:00:19.578 [main] DEBUG c.service.MarketDataService - [ALGO] BID: price:93 quantity:200
13:00:19.578 [main] DEBUG c.service.MarketDataService - [ALGO] BID: price:95 quantity:100
13:00:19.578 [main] DEBUG c.service.MarketDataService - [ALGO] BID: price:98 quantity:154
13:00:19.578 [main] DEBUG c.service.MarketDataService - [ALGO] ASK: price:98 quantity:501
13:00:19.578 [main] DEBUG c.service.MarketDataService - [ALGO] ASK: price:101 quantity:200
13:00:19.578 [main] DEBUG c.service.MarketDataService - [ALGO] ASK: price:110 quantity:5000
13:00:19.578 [main] DEBUG c.service.MarketDataService - [ALGO] ASK: price:119 quantity:5600
13:00:19.578 [main] DEBUG c.service.MarketDataService - [ALGO] ASK: price:123 quantity:453
13:00:19.578 [main] DEBUG c.service.MarketDataService - [ALGO] ASK: price:144 quantity:645
13:00:19.578 [main] DEBUG c.service.MarketDataService - [ALGO] ASK: price:167 quantity:665
13:00:19.578 [main] INFO  c.gettingstarted.MyAlgoLogic - [MYALGO] The state of the order book is:
|----BID-----||----ASK----|
    134 @ 43    501 @ 98
    145 @ 76   200 @ 101
    300 @ 91  5000 @ 110
    200 @ 93  5600 @ 119
    100 @ 95   453 @ 123
    154 @ 98   645 @ 144
          -    665 @ 167
|------------||-----------|

13:00:19.578 [main] INFO  c.gettingstarted.MyAlgoLogic - [MYALGO] Algo Sees Book as: 
|----BID-----||----ASK----|
    134 @ 43    501 @ 98
    145 @ 76   200 @ 101
    300 @ 91  5000 @ 110
    200 @ 93  5600 @ 119
    100 @ 95   453 @ 123
    154 @ 98   645 @ 144
          -    665 @ 167
|------------||-----------|

13:00:19.578 [main] INFO  c.gettingstarted.TimedLogic - [TIMEDLOGIC] Market is open
13:00:19.578 [main] INFO  c.sequencer.consumer.LoggingConsumer - [181] 
|----BID-----|
    134 @ 43
    145 @ 76
    300 @ 91
    200 @ 93
    100 @ 95
    154 @ 98
|----ASK-----|
    501 @ 98
   200 @ 101
  5000 @ 110
  5600 @ 119
   453 @ 123
   645 @ 144
   665 @ 167

13:00:19.578 [main] INFO  c.orderbook.OrderBook - [ORDERBOOK] Processing Mkt Data Update
13:00:19.578 [main] INFO  c.o.v.MutatingRemoveAllMarketDataOrdersVisitor - [ORDERBOOK] Removing market data order:MktData(price=43,quantity=134)
13:00:19.578 [main] DEBUG c.orderbook.OrderBook - [ORDERBOOK] ASK: Adding orderMktData(price=43,quantity=134)
13:00:19.578 [main] INFO  c.o.visitor.MutatingAddOrderVisitor - [ORDERBOOK] + Limit(side=BUY,orderId=16,price=43,quantity=2195456)
13:00:19.578 [main] DEBUG c.orderbook.OrderBook - [ORDERBOOK] ASK: Adding orderMktData(price=76,quantity=145)
13:00:19.578 [main] DEBUG c.orderbook.OrderBook - [ORDERBOOK] ASK: Adding orderMktData(price=91,quantity=300)
13:00:19.578 [main] DEBUG c.orderbook.OrderBook - [ORDERBOOK] ASK: Adding orderMktData(price=93,quantity=200)
13:00:19.578 [main] DEBUG c.orderbook.OrderBook - [ORDERBOOK] ASK: Adding orderMktData(price=95,quantity=100)
13:00:19.578 [main] DEBUG c.orderbook.OrderBook - [ORDERBOOK] ASK: Adding orderMktData(price=98,quantity=154)
13:00:19.578 [main] INFO  c.o.v.MutatingMatchOneMarketDataOrderVisitor - [ORDERBOOK] visiting LevelOrderBookLevel(price=43,quantity=4270982)
13:00:19.578 [main] INFO  c.o.v.MutatingMatchOneMarketDataOrderVisitor - [ORDERBOOK] Can't match order:Limit(side=BUY,orderId=3,price=43,quantity=268)(MktData(price=98,quantity=154))
13:00:19.578 [main] INFO  c.o.v.MutatingMatchOneMarketDataOrderVisitor - [ORDERBOOK] Can't match order:Limit(side=BUY,orderId=5,price=43,quantity=1072)(MktData(price=98,quantity=154))
13:00:19.578 [main] INFO  c.o.v.MutatingMatchOneMarketDataOrderVisitor - [ORDERBOOK] Can't match order:Limit(side=BUY,orderId=7,price=43,quantity=4288)(MktData(price=98,quantity=154))
13:00:19.578 [main] INFO  c.o.v.MutatingMatchOneMarketDataOrderVisitor - [ORDERBOOK] Can't match order:Limit(side=BUY,orderId=9,price=43,quantity=17152)(MktData(price=98,quantity=154))
13:00:19.578 [main] INFO  c.o.v.MutatingMatchOneMarketDataOrderVisitor - [ORDERBOOK] Can't match order:Limit(side=BUY,orderId=11,price=43,quantity=68608)(MktData(price=98,quantity=154))
13:00:19.578 [main] INFO  c.o.v.MutatingMatchOneMarketDataOrderVisitor - [ORDERBOOK] Can't match order:Limit(side=BUY,orderId=12,price=43,quantity=137216)(MktData(price=98,quantity=154))
13:00:19.578 [main] INFO  c.o.v.MutatingMatchOneMarketDataOrderVisitor - [ORDERBOOK] Can't match order:Limit(side=BUY,orderId=13,price=43,quantity=274432)(MktData(price=98,quantity=154))
13:00:19.578 [main] INFO  c.o.v.MutatingMatchOneMarketDataOrderVisitor - [ORDERBOOK] Can't match order:Limit(side=BUY,orderId=14,price=43,quantity=548864)(MktData(price=98,quantity=154))
13:00:19.578 [main] INFO  c.o.v.MutatingMatchOneMarketDataOrderVisitor - [ORDERBOOK] Can't match order:Limit(side=BUY,orderId=15,price=43,quantity=1097728)(MktData(price=98,quantity=154))
13:00:19.578 [main] INFO  c.o.v.MutatingMatchOneMarketDataOrderVisitor - [ORDERBOOK] Can't match order:Limit(side=BUY,orderId=16,price=43,quantity=2195456)(MktData(price=98,quantity=154))
13:00:19.578 [main] INFO  c.o.v.MutatingMatchOneMarketDataOrderVisitor - [ORDERBOOK] Can't match order:MktData(price=43,quantity=134)(MktData(price=98,quantity=154))
13:00:19.578 [main] INFO  c.o.v.MutatingRemoveAllMarketDataOrdersVisitor - [ORDERBOOK] Removing market data order:MktData(price=98,quantity=501)
13:00:19.578 [main] INFO  c.o.v.MutatingRemoveAllMarketDataOrdersVisitor - [ORDERBOOK] Removing market data order:MktData(price=110,quantity=5000)
13:00:19.578 [main] INFO  c.o.v.MutatingRemoveAllMarketDataOrdersVisitor - [ORDERBOOK] Removing market data order:MktData(price=123,quantity=453)
13:00:19.578 [main] INFO  c.o.v.MutatingRemoveAllMarketDataOrdersVisitor - [ORDERBOOK] Removing market data order:MktData(price=167,quantity=665)
13:00:19.578 [main] DEBUG c.orderbook.OrderBook - [ORDERBOOK] ASK: Adding orderMktData(price=98,quantity=501)
13:00:19.578 [main] INFO  c.o.visitor.MutatingAddOrderVisitor - [ORDERBOOK] + Limit(side=SELL,orderId=17,price=98,quantity=501)
13:00:19.578 [main] DEBUG c.orderbook.OrderBook - [ORDERBOOK] ASK: Adding orderMktData(price=101,quantity=200)
13:00:19.578 [main] DEBUG c.orderbook.OrderBook - [ORDERBOOK] ASK: Adding orderMktData(price=110,quantity=5000)
13:00:19.578 [main] DEBUG c.orderbook.OrderBook - [ORDERBOOK] ASK: Adding orderMktData(price=119,quantity=5600)
13:00:19.578 [main] DEBUG c.orderbook.OrderBook - [ORDERBOOK] ASK: Adding orderMktData(price=123,quantity=453)
13:00:19.578 [main] DEBUG c.orderbook.OrderBook - [ORDERBOOK] ASK: Adding orderMktData(price=144,quantity=645)
13:00:19.578 [main] DEBUG c.orderbook.OrderBook - [ORDERBOOK] ASK: Adding orderMktData(price=167,quantity=665)
13:00:19.578 [main] DEBUG c.service.MarketDataService - [ALGO] BID: price:43 quantity:134
13:00:19.578 [main] DEBUG c.service.MarketDataService - [ALGO] BID: price:76 quantity:145
13:00:19.578 [main] DEBUG c.service.MarketDataService - [ALGO] BID: price:91 quantity:300
13:00:19.578 [main] DEBUG c.service.MarketDataService - [ALGO] BID: price:93 quantity:200
13:00:19.578 [main] DEBUG c.service.MarketDataService - [ALGO] BID: price:95 quantity:100
13:00:19.578 [main] DEBUG c.service.MarketDataService - [ALGO] BID: price:98 quantity:154
13:00:19.578 [main] DEBUG c.service.MarketDataService - [ALGO] ASK: price:98 quantity:501
13:00:19.578 [main] DEBUG c.service.MarketDataService - [ALGO] ASK: price:101 quantity:200
13:00:19.578 [main] DEBUG c.service.MarketDataService - [ALGO] ASK: price:110 quantity:5000
13:00:19.578 [main] DEBUG c.service.MarketDataService - [ALGO] ASK: price:119 quantity:5600
13:00:19.578 [main] DEBUG c.service.MarketDataService - [ALGO] ASK: price:123 quantity:453
13:00:19.578 [main] DEBUG c.service.MarketDataService - [ALGO] ASK: price:144 quantity:645
13:00:19.578 [main] DEBUG c.service.MarketDataService - [ALGO] ASK: price:167 quantity:665
13:00:19.578 [main] INFO  c.gettingstarted.MyAlgoLogic - [MYALGO] The state of the order book is:
|----BID-----||----ASK----|
    134 @ 43    501 @ 98
    145 @ 76   200 @ 101
    300 @ 91  5000 @ 110
    200 @ 93  5600 @ 119
    100 @ 95   453 @ 123
    154 @ 98   645 @ 144
          -    665 @ 167
|------------||-----------|

13:00:19.578 [main] INFO  c.gettingstarted.MyAlgoLogic - [MYALGO] Algo Sees Book as: 
|----BID-----||----ASK----|
    134 @ 43    501 @ 98
    145 @ 76   200 @ 101
    300 @ 91  5000 @ 110
    200 @ 93  5600 @ 119
    100 @ 95   453 @ 123
    154 @ 98   645 @ 144
          -    665 @ 167
|------------||-----------|

13:00:19.578 [main] INFO  c.gettingstarted.TimedLogic - [TIMEDLOGIC] Market is open
13:00:19.578 [main] INFO  c.sequencer.consumer.LoggingConsumer - [182] 
|----BID-----|
    134 @ 43
    145 @ 76
    300 @ 91
    200 @ 93
    100 @ 95
    154 @ 98
|----ASK-----|
    501 @ 98
   200 @ 101
  5000 @ 110
  5600 @ 119
   453 @ 123
   645 @ 144
   665 @ 167

13:00:19.578 [main] INFO  c.orderbook.OrderBook - [ORDERBOOK] Processing Mkt Data Update
13:00:19.578 [main] INFO  c.o.v.MutatingRemoveAllMarketDataOrdersVisitor - [ORDERBOOK] Removing market data order:MktData(price=43,quantity=134)
13:00:19.578 [main] DEBUG c.orderbook.OrderBook - [ORDERBOOK] ASK: Adding orderMktData(price=43,quantity=134)
13:00:19.578 [main] INFO  c.o.visitor.MutatingAddOrderVisitor - [ORDERBOOK] + Limit(side=BUY,orderId=16,price=43,quantity=2195456)
13:00:19.578 [main] DEBUG c.orderbook.OrderBook - [ORDERBOOK] ASK: Adding orderMktData(price=76,quantity=145)
13:00:19.578 [main] DEBUG c.orderbook.OrderBook - [ORDERBOOK] ASK: Adding orderMktData(price=91,quantity=300)
13:00:19.578 [main] DEBUG c.orderbook.OrderBook - [ORDERBOOK] ASK: Adding orderMktData(price=93,quantity=200)
13:00:19.578 [main] DEBUG c.orderbook.OrderBook - [ORDERBOOK] ASK: Adding orderMktData(price=95,quantity=100)
13:00:19.578 [main] DEBUG c.orderbook.OrderBook - [ORDERBOOK] ASK: Adding orderMktData(price=98,quantity=154)
13:00:19.578 [main] INFO  c.o.v.MutatingMatchOneMarketDataOrderVisitor - [ORDERBOOK] visiting LevelOrderBookLevel(price=43,quantity=4271116)
13:00:19.578 [main] INFO  c.o.v.MutatingMatchOneMarketDataOrderVisitor - [ORDERBOOK] Can't match order:Limit(side=BUY,orderId=3,price=43,quantity=268)(MktData(price=98,quantity=154))
13:00:19.578 [main] INFO  c.o.v.MutatingMatchOneMarketDataOrderVisitor - [ORDERBOOK] Can't match order:Limit(side=BUY,orderId=5,price=43,quantity=1072)(MktData(price=98,quantity=154))
13:00:19.578 [main] INFO  c.o.v.MutatingMatchOneMarketDataOrderVisitor - [ORDERBOOK] Can't match order:Limit(side=BUY,orderId=7,price=43,quantity=4288)(MktData(price=98,quantity=154))
13:00:19.578 [main] INFO  c.o.v.MutatingMatchOneMarketDataOrderVisitor - [ORDERBOOK] Can't match order:Limit(side=BUY,orderId=9,price=43,quantity=17152)(MktData(price=98,quantity=154))
13:00:19.578 [main] INFO  c.o.v.MutatingMatchOneMarketDataOrderVisitor - [ORDERBOOK] Can't match order:Limit(side=BUY,orderId=11,price=43,quantity=68608)(MktData(price=98,quantity=154))
13:00:19.578 [main] INFO  c.o.v.MutatingMatchOneMarketDataOrderVisitor - [ORDERBOOK] Can't match order:Limit(side=BUY,orderId=12,price=43,quantity=137216)(MktData(price=98,quantity=154))
13:00:19.578 [main] INFO  c.o.v.MutatingMatchOneMarketDataOrderVisitor - [ORDERBOOK] Can't match order:Limit(side=BUY,orderId=13,price=43,quantity=274432)(MktData(price=98,quantity=154))
13:00:19.578 [main] INFO  c.o.v.MutatingMatchOneMarketDataOrderVisitor - [ORDERBOOK] Can't match order:Limit(side=BUY,orderId=14,price=43,quantity=548864)(MktData(price=98,quantity=154))
13:00:19.578 [main] INFO  c.o.v.MutatingMatchOneMarketDataOrderVisitor - [ORDERBOOK] Can't match order:Limit(side=BUY,orderId=15,price=43,quantity=1097728)(MktData(price=98,quantity=154))
13:00:19.578 [main] INFO  c.o.v.MutatingMatchOneMarketDataOrderVisitor - [ORDERBOOK] Can't match order:Limit(side=BUY,orderId=16,price=43,quantity=2195456)(MktData(price=98,quantity=154))
13:00:19.578 [main] INFO  c.o.v.MutatingMatchOneMarketDataOrderVisitor - [ORDERBOOK] Can't match order:MktData(price=43,quantity=134)(MktData(price=98,quantity=154))
13:00:19.578 [main] INFO  c.o.v.MutatingRemoveAllMarketDataOrdersVisitor - [ORDERBOOK] Removing market data order:MktData(price=98,quantity=501)
13:00:19.578 [main] INFO  c.o.v.MutatingRemoveAllMarketDataOrdersVisitor - [ORDERBOOK] Removing market data order:MktData(price=110,quantity=5000)
13:00:19.578 [main] INFO  c.o.v.MutatingRemoveAllMarketDataOrdersVisitor - [ORDERBOOK] Removing market data order:MktData(price=123,quantity=453)
13:00:19.578 [main] INFO  c.o.v.MutatingRemoveAllMarketDataOrdersVisitor - [ORDERBOOK] Removing market data order:MktData(price=167,quantity=665)
13:00:19.578 [main] DEBUG c.orderbook.OrderBook - [ORDERBOOK] ASK: Adding orderMktData(price=98,quantity=501)
13:00:19.578 [main] INFO  c.o.visitor.MutatingAddOrderVisitor - [ORDERBOOK] + Limit(side=SELL,orderId=17,price=98,quantity=501)
13:00:19.578 [main] DEBUG c.orderbook.OrderBook - [ORDERBOOK] ASK: Adding orderMktData(price=101,quantity=200)
13:00:19.578 [main] DEBUG c.orderbook.OrderBook - [ORDERBOOK] ASK: Adding orderMktData(price=110,quantity=5000)
13:00:19.578 [main] DEBUG c.orderbook.OrderBook - [ORDERBOOK] ASK: Adding orderMktData(price=119,quantity=5600)
13:00:19.578 [main] DEBUG c.orderbook.OrderBook - [ORDERBOOK] ASK: Adding orderMktData(price=123,quantity=453)
13:00:19.578 [main] DEBUG c.orderbook.OrderBook - [ORDERBOOK] ASK: Adding orderMktData(price=144,quantity=645)
13:00:19.578 [main] DEBUG c.orderbook.OrderBook - [ORDERBOOK] ASK: Adding orderMktData(price=167,quantity=665)
13:00:19.578 [main] DEBUG c.service.MarketDataService - [ALGO] BID: price:43 quantity:134
13:00:19.578 [main] DEBUG c.service.MarketDataService - [ALGO] BID: price:76 quantity:145
13:00:19.578 [main] DEBUG c.service.MarketDataService - [ALGO] BID: price:91 quantity:300
13:00:19.578 [main] DEBUG c.service.MarketDataService - [ALGO] BID: price:93 quantity:200
13:00:19.578 [main] DEBUG c.service.MarketDataService - [ALGO] BID: price:95 quantity:100
13:00:19.578 [main] DEBUG c.service.MarketDataService - [ALGO] BID: price:98 quantity:154
13:00:19.578 [main] DEBUG c.service.MarketDataService - [ALGO] ASK: price:98 quantity:501
13:00:19.578 [main] DEBUG c.service.MarketDataService - [ALGO] ASK: price:101 quantity:200
13:00:19.578 [main] DEBUG c.service.MarketDataService - [ALGO] ASK: price:110 quantity:5000
13:00:19.578 [main] DEBUG c.service.MarketDataService - [ALGO] ASK: price:119 quantity:5600
13:00:19.578 [main] DEBUG c.service.MarketDataService - [ALGO] ASK: price:123 quantity:453
13:00:19.578 [main] DEBUG c.service.MarketDataService - [ALGO] ASK: price:144 quantity:645
13:00:19.578 [main] DEBUG c.service.MarketDataService - [ALGO] ASK: price:167 quantity:665
13:00:19.578 [main] INFO  c.gettingstarted.MyAlgoLogic - [MYALGO] The state of the order book is:
|----BID-----||----ASK----|
    134 @ 43    501 @ 98
    145 @ 76   200 @ 101
    300 @ 91  5000 @ 110
    200 @ 93  5600 @ 119
    100 @ 95   453 @ 123
    154 @ 98   645 @ 144
          -    665 @ 167
|------------||-----------|

13:00:19.578 [main] INFO  c.gettingstarted.MyAlgoLogic - [MYALGO] Algo Sees Book as: 
|----BID-----||----ASK----|
    134 @ 43    501 @ 98
    145 @ 76   200 @ 101
    300 @ 91  5000 @ 110
    200 @ 93  5600 @ 119
    100 @ 95   453 @ 123
    154 @ 98   645 @ 144
          -    665 @ 167
|------------||-----------|

13:00:19.578 [main] INFO  c.gettingstarted.TimedLogic - [TIMEDLOGIC] Market is open
13:00:19.578 [main] INFO  c.sequencer.consumer.LoggingConsumer - [183] 
|----BID-----|
    134 @ 43
    145 @ 76
    300 @ 91
    200 @ 93
    100 @ 95
    154 @ 98
|----ASK-----|
    501 @ 98
   200 @ 101
  5000 @ 110
  5600 @ 119
   453 @ 123
   645 @ 144
   665 @ 167

13:00:19.578 [main] INFO  c.orderbook.OrderBook - [ORDERBOOK] Processing Mkt Data Update
13:00:19.578 [main] INFO  c.o.v.MutatingRemoveAllMarketDataOrdersVisitor - [ORDERBOOK] Removing market data order:MktData(price=43,quantity=134)
13:00:19.578 [main] DEBUG c.orderbook.OrderBook - [ORDERBOOK] ASK: Adding orderMktData(price=43,quantity=134)
13:00:19.578 [main] INFO  c.o.visitor.MutatingAddOrderVisitor - [ORDERBOOK] + Limit(side=BUY,orderId=16,price=43,quantity=2195456)
13:00:19.578 [main] DEBUG c.orderbook.OrderBook - [ORDERBOOK] ASK: Adding orderMktData(price=76,quantity=145)
13:00:19.578 [main] DEBUG c.orderbook.OrderBook - [ORDERBOOK] ASK: Adding orderMktData(price=91,quantity=300)
13:00:19.578 [main] DEBUG c.orderbook.OrderBook - [ORDERBOOK] ASK: Adding orderMktData(price=93,quantity=200)
13:00:19.578 [main] DEBUG c.orderbook.OrderBook - [ORDERBOOK] ASK: Adding orderMktData(price=95,quantity=100)
13:00:19.578 [main] DEBUG c.orderbook.OrderBook - [ORDERBOOK] ASK: Adding orderMktData(price=98,quantity=154)
13:00:19.578 [main] INFO  c.o.v.MutatingMatchOneMarketDataOrderVisitor - [ORDERBOOK] visiting LevelOrderBookLevel(price=43,quantity=4271250)
13:00:19.578 [main] INFO  c.o.v.MutatingMatchOneMarketDataOrderVisitor - [ORDERBOOK] Can't match order:Limit(side=BUY,orderId=3,price=43,quantity=268)(MktData(price=98,quantity=154))
13:00:19.578 [main] INFO  c.o.v.MutatingMatchOneMarketDataOrderVisitor - [ORDERBOOK] Can't match order:Limit(side=BUY,orderId=5,price=43,quantity=1072)(MktData(price=98,quantity=154))
13:00:19.578 [main] INFO  c.o.v.MutatingMatchOneMarketDataOrderVisitor - [ORDERBOOK] Can't match order:Limit(side=BUY,orderId=7,price=43,quantity=4288)(MktData(price=98,quantity=154))
13:00:19.578 [main] INFO  c.o.v.MutatingMatchOneMarketDataOrderVisitor - [ORDERBOOK] Can't match order:Limit(side=BUY,orderId=9,price=43,quantity=17152)(MktData(price=98,quantity=154))
13:00:19.578 [main] INFO  c.o.v.MutatingMatchOneMarketDataOrderVisitor - [ORDERBOOK] Can't match order:Limit(side=BUY,orderId=11,price=43,quantity=68608)(MktData(price=98,quantity=154))
13:00:19.578 [main] INFO  c.o.v.MutatingMatchOneMarketDataOrderVisitor - [ORDERBOOK] Can't match order:Limit(side=BUY,orderId=12,price=43,quantity=137216)(MktData(price=98,quantity=154))
13:00:19.578 [main] INFO  c.o.v.MutatingMatchOneMarketDataOrderVisitor - [ORDERBOOK] Can't match order:Limit(side=BUY,orderId=13,price=43,quantity=274432)(MktData(price=98,quantity=154))
13:00:19.578 [main] INFO  c.o.v.MutatingMatchOneMarketDataOrderVisitor - [ORDERBOOK] Can't match order:Limit(side=BUY,orderId=14,price=43,quantity=548864)(MktData(price=98,quantity=154))
13:00:19.578 [main] INFO  c.o.v.MutatingMatchOneMarketDataOrderVisitor - [ORDERBOOK] Can't match order:Limit(side=BUY,orderId=15,price=43,quantity=1097728)(MktData(price=98,quantity=154))
13:00:19.578 [main] INFO  c.o.v.MutatingMatchOneMarketDataOrderVisitor - [ORDERBOOK] Can't match order:Limit(side=BUY,orderId=16,price=43,quantity=2195456)(MktData(price=98,quantity=154))
13:00:19.578 [main] INFO  c.o.v.MutatingMatchOneMarketDataOrderVisitor - [ORDERBOOK] Can't match order:MktData(price=43,quantity=134)(MktData(price=98,quantity=154))
13:00:19.578 [main] INFO  c.o.v.MutatingRemoveAllMarketDataOrdersVisitor - [ORDERBOOK] Removing market data order:MktData(price=98,quantity=501)
13:00:19.578 [main] INFO  c.o.v.MutatingRemoveAllMarketDataOrdersVisitor - [ORDERBOOK] Removing market data order:MktData(price=110,quantity=5000)
13:00:19.578 [main] INFO  c.o.v.MutatingRemoveAllMarketDataOrdersVisitor - [ORDERBOOK] Removing market data order:MktData(price=123,quantity=453)
13:00:19.578 [main] INFO  c.o.v.MutatingRemoveAllMarketDataOrdersVisitor - [ORDERBOOK] Removing market data order:MktData(price=167,quantity=665)
13:00:19.578 [main] DEBUG c.orderbook.OrderBook - [ORDERBOOK] ASK: Adding orderMktData(price=98,quantity=501)
13:00:19.578 [main] INFO  c.o.visitor.MutatingAddOrderVisitor - [ORDERBOOK] + Limit(side=SELL,orderId=17,price=98,quantity=501)
13:00:19.578 [main] DEBUG c.orderbook.OrderBook - [ORDERBOOK] ASK: Adding orderMktData(price=101,quantity=200)
13:00:19.578 [main] DEBUG c.orderbook.OrderBook - [ORDERBOOK] ASK: Adding orderMktData(price=110,quantity=5000)
13:00:19.578 [main] DEBUG c.orderbook.OrderBook - [ORDERBOOK] ASK: Adding orderMktData(price=119,quantity=5600)
13:00:19.578 [main] DEBUG c.orderbook.OrderBook - [ORDERBOOK] ASK: Adding orderMktData(price=123,quantity=453)
13:00:19.578 [main] DEBUG c.orderbook.OrderBook - [ORDERBOOK] ASK: Adding orderMktData(price=144,quantity=645)
13:00:19.578 [main] DEBUG c.orderbook.OrderBook - [ORDERBOOK] ASK: Adding orderMktData(price=167,quantity=665)
13:00:19.578 [main] DEBUG c.service.MarketDataService - [ALGO] BID: price:43 quantity:134
13:00:19.578 [main] DEBUG c.service.MarketDataService - [ALGO] BID: price:76 quantity:145
13:00:19.578 [main] DEBUG c.service.MarketDataService - [ALGO] BID: price:91 quantity:300
13:00:19.578 [main] DEBUG c.service.MarketDataService - [ALGO] BID: price:93 quantity:200
13:00:19.578 [main] DEBUG c.service.MarketDataService - [ALGO] BID: price:95 quantity:100
13:00:19.578 [main] DEBUG c.service.MarketDataService - [ALGO] BID: price:98 quantity:154
13:00:19.578 [main] DEBUG c.service.MarketDataService - [ALGO] ASK: price:98 quantity:501
13:00:19.578 [main] DEBUG c.service.MarketDataService - [ALGO] ASK: price:101 quantity:200
13:00:19.578 [main] DEBUG c.service.MarketDataService - [ALGO] ASK: price:110 quantity:5000
13:00:19.578 [main] DEBUG c.service.MarketDataService - [ALGO] ASK: price:119 quantity:5600
13:00:19.578 [main] DEBUG c.service.MarketDataService - [ALGO] ASK: price:123 quantity:453
13:00:19.578 [main] DEBUG c.service.MarketDataService - [ALGO] ASK: price:144 quantity:645
13:00:19.578 [main] DEBUG c.service.MarketDataService - [ALGO] ASK: price:167 quantity:665
13:00:19.578 [main] INFO  c.gettingstarted.MyAlgoLogic - [MYALGO] The state of the order book is:
|----BID-----||----ASK----|
    134 @ 43    501 @ 98
    145 @ 76   200 @ 101
    300 @ 91  5000 @ 110
    200 @ 93  5600 @ 119
    100 @ 95   453 @ 123
    154 @ 98   645 @ 144
          -    665 @ 167
|------------||-----------|

13:00:19.578 [main] INFO  c.gettingstarted.MyAlgoLogic - [MYALGO] Algo Sees Book as: 
|----BID-----||----ASK----|
    134 @ 43    501 @ 98
    145 @ 76   200 @ 101
    300 @ 91  5000 @ 110
    200 @ 93  5600 @ 119
    100 @ 95   453 @ 123
    154 @ 98   645 @ 144
          -    665 @ 167
|------------||-----------|

13:00:19.578 [main] INFO  c.gettingstarted.TimedLogic - [TIMEDLOGIC] Market is open
13:00:19.578 [main] INFO  c.sequencer.consumer.LoggingConsumer - [184] 
|----BID-----|
    134 @ 43
    145 @ 76
    300 @ 91
    200 @ 93
    100 @ 95
    154 @ 98
|----ASK-----|
    501 @ 98
   200 @ 101
  5000 @ 110
  5600 @ 119
   453 @ 123
   645 @ 144
   665 @ 167

13:00:19.578 [main] INFO  c.orderbook.OrderBook - [ORDERBOOK] Processing Mkt Data Update
13:00:19.578 [main] INFO  c.o.v.MutatingRemoveAllMarketDataOrdersVisitor - [ORDERBOOK] Removing market data order:MktData(price=43,quantity=134)
13:00:19.578 [main] DEBUG c.orderbook.OrderBook - [ORDERBOOK] ASK: Adding orderMktData(price=43,quantity=134)
13:00:19.578 [main] INFO  c.o.visitor.MutatingAddOrderVisitor - [ORDERBOOK] + Limit(side=BUY,orderId=16,price=43,quantity=2195456)
13:00:19.578 [main] DEBUG c.orderbook.OrderBook - [ORDERBOOK] ASK: Adding orderMktData(price=76,quantity=145)
13:00:19.578 [main] DEBUG c.orderbook.OrderBook - [ORDERBOOK] ASK: Adding orderMktData(price=91,quantity=300)
13:00:19.578 [main] DEBUG c.orderbook.OrderBook - [ORDERBOOK] ASK: Adding orderMktData(price=93,quantity=200)
13:00:19.578 [main] DEBUG c.orderbook.OrderBook - [ORDERBOOK] ASK: Adding orderMktData(price=95,quantity=100)
13:00:19.578 [main] DEBUG c.orderbook.OrderBook - [ORDERBOOK] ASK: Adding orderMktData(price=98,quantity=154)
13:00:19.578 [main] INFO  c.o.v.MutatingMatchOneMarketDataOrderVisitor - [ORDERBOOK] visiting LevelOrderBookLevel(price=43,quantity=4271384)
13:00:19.578 [main] INFO  c.o.v.MutatingMatchOneMarketDataOrderVisitor - [ORDERBOOK] Can't match order:Limit(side=BUY,orderId=3,price=43,quantity=268)(MktData(price=98,quantity=154))
13:00:19.578 [main] INFO  c.o.v.MutatingMatchOneMarketDataOrderVisitor - [ORDERBOOK] Can't match order:Limit(side=BUY,orderId=5,price=43,quantity=1072)(MktData(price=98,quantity=154))
13:00:19.578 [main] INFO  c.o.v.MutatingMatchOneMarketDataOrderVisitor - [ORDERBOOK] Can't match order:Limit(side=BUY,orderId=7,price=43,quantity=4288)(MktData(price=98,quantity=154))
13:00:19.578 [main] INFO  c.o.v.MutatingMatchOneMarketDataOrderVisitor - [ORDERBOOK] Can't match order:Limit(side=BUY,orderId=9,price=43,quantity=17152)(MktData(price=98,quantity=154))
13:00:19.578 [main] INFO  c.o.v.MutatingMatchOneMarketDataOrderVisitor - [ORDERBOOK] Can't match order:Limit(side=BUY,orderId=11,price=43,quantity=68608)(MktData(price=98,quantity=154))
13:00:19.578 [main] INFO  c.o.v.MutatingMatchOneMarketDataOrderVisitor - [ORDERBOOK] Can't match order:Limit(side=BUY,orderId=12,price=43,quantity=137216)(MktData(price=98,quantity=154))
13:00:19.578 [main] INFO  c.o.v.MutatingMatchOneMarketDataOrderVisitor - [ORDERBOOK] Can't match order:Limit(side=BUY,orderId=13,price=43,quantity=274432)(MktData(price=98,quantity=154))
13:00:19.578 [main] INFO  c.o.v.MutatingMatchOneMarketDataOrderVisitor - [ORDERBOOK] Can't match order:Limit(side=BUY,orderId=14,price=43,quantity=548864)(MktData(price=98,quantity=154))
13:00:19.578 [main] INFO  c.o.v.MutatingMatchOneMarketDataOrderVisitor - [ORDERBOOK] Can't match order:Limit(side=BUY,orderId=15,price=43,quantity=1097728)(MktData(price=98,quantity=154))
13:00:19.578 [main] INFO  c.o.v.MutatingMatchOneMarketDataOrderVisitor - [ORDERBOOK] Can't match order:Limit(side=BUY,orderId=16,price=43,quantity=2195456)(MktData(price=98,quantity=154))
13:00:19.578 [main] INFO  c.o.v.MutatingMatchOneMarketDataOrderVisitor - [ORDERBOOK] Can't match order:MktData(price=43,quantity=134)(MktData(price=98,quantity=154))
13:00:19.578 [main] INFO  c.o.v.MutatingRemoveAllMarketDataOrdersVisitor - [ORDERBOOK] Removing market data order:MktData(price=98,quantity=501)
13:00:19.578 [main] INFO  c.o.v.MutatingRemoveAllMarketDataOrdersVisitor - [ORDERBOOK] Removing market data order:MktData(price=110,quantity=5000)
13:00:19.578 [main] INFO  c.o.v.MutatingRemoveAllMarketDataOrdersVisitor - [ORDERBOOK] Removing market data order:MktData(price=123,quantity=453)
13:00:19.578 [main] INFO  c.o.v.MutatingRemoveAllMarketDataOrdersVisitor - [ORDERBOOK] Removing market data order:MktData(price=167,quantity=665)
13:00:19.578 [main] DEBUG c.orderbook.OrderBook - [ORDERBOOK] ASK: Adding orderMktData(price=98,quantity=501)
13:00:19.578 [main] INFO  c.o.visitor.MutatingAddOrderVisitor - [ORDERBOOK] + Limit(side=SELL,orderId=17,price=98,quantity=501)
13:00:19.578 [main] DEBUG c.orderbook.OrderBook - [ORDERBOOK] ASK: Adding orderMktData(price=101,quantity=200)
13:00:19.578 [main] DEBUG c.orderbook.OrderBook - [ORDERBOOK] ASK: Adding orderMktData(price=110,quantity=5000)
13:00:19.578 [main] DEBUG c.orderbook.OrderBook - [ORDERBOOK] ASK: Adding orderMktData(price=119,quantity=5600)
13:00:19.578 [main] DEBUG c.orderbook.OrderBook - [ORDERBOOK] ASK: Adding orderMktData(price=123,quantity=453)
13:00:19.578 [main] DEBUG c.orderbook.OrderBook - [ORDERBOOK] ASK: Adding orderMktData(price=144,quantity=645)
13:00:19.578 [main] DEBUG c.orderbook.OrderBook - [ORDERBOOK] ASK: Adding orderMktData(price=167,quantity=665)
13:00:19.578 [main] DEBUG c.service.MarketDataService - [ALGO] BID: price:43 quantity:134
13:00:19.578 [main] DEBUG c.service.MarketDataService - [ALGO] BID: price:76 quantity:145
13:00:19.578 [main] DEBUG c.service.MarketDataService - [ALGO] BID: price:91 quantity:300
13:00:19.578 [main] DEBUG c.service.MarketDataService - [ALGO] BID: price:93 quantity:200
13:00:19.578 [main] DEBUG c.service.MarketDataService - [ALGO] BID: price:95 quantity:100
13:00:19.578 [main] DEBUG c.service.MarketDataService - [ALGO] BID: price:98 quantity:154
13:00:19.578 [main] DEBUG c.service.MarketDataService - [ALGO] ASK: price:98 quantity:501
13:00:19.578 [main] DEBUG c.service.MarketDataService - [ALGO] ASK: price:101 quantity:200
13:00:19.578 [main] DEBUG c.service.MarketDataService - [ALGO] ASK: price:110 quantity:5000
13:00:19.578 [main] DEBUG c.service.MarketDataService - [ALGO] ASK: price:119 quantity:5600
13:00:19.578 [main] DEBUG c.service.MarketDataService - [ALGO] ASK: price:123 quantity:453
13:00:19.578 [main] DEBUG c.service.MarketDataService - [ALGO] ASK: price:144 quantity:645
13:00:19.578 [main] DEBUG c.service.MarketDataService - [ALGO] ASK: price:167 quantity:665
13:00:19.578 [main] INFO  c.gettingstarted.MyAlgoLogic - [MYALGO] The state of the order book is:
|----BID-----||----ASK----|
    134 @ 43    501 @ 98
    145 @ 76   200 @ 101
    300 @ 91  5000 @ 110
    200 @ 93  5600 @ 119
    100 @ 95   453 @ 123
    154 @ 98   645 @ 144
          -    665 @ 167
|------------||-----------|

13:00:19.578 [main] INFO  c.gettingstarted.MyAlgoLogic - [MYALGO] Algo Sees Book as: 
|----BID-----||----ASK----|
    134 @ 43    501 @ 98
    145 @ 76   200 @ 101
    300 @ 91  5000 @ 110
    200 @ 93  5600 @ 119
    100 @ 95   453 @ 123
    154 @ 98   645 @ 144
          -    665 @ 167
|------------||-----------|

13:00:19.578 [main] INFO  c.gettingstarted.TimedLogic - [TIMEDLOGIC] Market is open
13:00:19.578 [main] INFO  c.sequencer.consumer.LoggingConsumer - [185] 
|----BID-----|
    134 @ 43
    145 @ 76
    300 @ 91
    200 @ 93
    100 @ 95
    154 @ 98
|----ASK-----|
    501 @ 98
   200 @ 101
  5000 @ 110
  5600 @ 119
   453 @ 123
   645 @ 144
   665 @ 167

13:00:19.578 [main] INFO  c.orderbook.OrderBook - [ORDERBOOK] Processing Mkt Data Update
13:00:19.578 [main] INFO  c.o.v.MutatingRemoveAllMarketDataOrdersVisitor - [ORDERBOOK] Removing market data order:MktData(price=43,quantity=134)
13:00:19.578 [main] DEBUG c.orderbook.OrderBook - [ORDERBOOK] ASK: Adding orderMktData(price=43,quantity=134)
13:00:19.578 [main] INFO  c.o.visitor.MutatingAddOrderVisitor - [ORDERBOOK] + Limit(side=BUY,orderId=16,price=43,quantity=2195456)
13:00:19.578 [main] DEBUG c.orderbook.OrderBook - [ORDERBOOK] ASK: Adding orderMktData(price=76,quantity=145)
13:00:19.578 [main] DEBUG c.orderbook.OrderBook - [ORDERBOOK] ASK: Adding orderMktData(price=91,quantity=300)
13:00:19.578 [main] DEBUG c.orderbook.OrderBook - [ORDERBOOK] ASK: Adding orderMktData(price=93,quantity=200)
13:00:19.578 [main] DEBUG c.orderbook.OrderBook - [ORDERBOOK] ASK: Adding orderMktData(price=95,quantity=100)
13:00:19.578 [main] DEBUG c.orderbook.OrderBook - [ORDERBOOK] ASK: Adding orderMktData(price=98,quantity=154)
13:00:19.578 [main] INFO  c.o.v.MutatingMatchOneMarketDataOrderVisitor - [ORDERBOOK] visiting LevelOrderBookLevel(price=43,quantity=4271518)
13:00:19.578 [main] INFO  c.o.v.MutatingMatchOneMarketDataOrderVisitor - [ORDERBOOK] Can't match order:Limit(side=BUY,orderId=3,price=43,quantity=268)(MktData(price=98,quantity=154))
13:00:19.578 [main] INFO  c.o.v.MutatingMatchOneMarketDataOrderVisitor - [ORDERBOOK] Can't match order:Limit(side=BUY,orderId=5,price=43,quantity=1072)(MktData(price=98,quantity=154))
13:00:19.578 [main] INFO  c.o.v.MutatingMatchOneMarketDataOrderVisitor - [ORDERBOOK] Can't match order:Limit(side=BUY,orderId=7,price=43,quantity=4288)(MktData(price=98,quantity=154))
13:00:19.578 [main] INFO  c.o.v.MutatingMatchOneMarketDataOrderVisitor - [ORDERBOOK] Can't match order:Limit(side=BUY,orderId=9,price=43,quantity=17152)(MktData(price=98,quantity=154))
13:00:19.578 [main] INFO  c.o.v.MutatingMatchOneMarketDataOrderVisitor - [ORDERBOOK] Can't match order:Limit(side=BUY,orderId=11,price=43,quantity=68608)(MktData(price=98,quantity=154))
13:00:19.578 [main] INFO  c.o.v.MutatingMatchOneMarketDataOrderVisitor - [ORDERBOOK] Can't match order:Limit(side=BUY,orderId=12,price=43,quantity=137216)(MktData(price=98,quantity=154))
13:00:19.578 [main] INFO  c.o.v.MutatingMatchOneMarketDataOrderVisitor - [ORDERBOOK] Can't match order:Limit(side=BUY,orderId=13,price=43,quantity=274432)(MktData(price=98,quantity=154))
13:00:19.578 [main] INFO  c.o.v.MutatingMatchOneMarketDataOrderVisitor - [ORDERBOOK] Can't match order:Limit(side=BUY,orderId=14,price=43,quantity=548864)(MktData(price=98,quantity=154))
13:00:19.578 [main] INFO  c.o.v.MutatingMatchOneMarketDataOrderVisitor - [ORDERBOOK] Can't match order:Limit(side=BUY,orderId=15,price=43,quantity=1097728)(MktData(price=98,quantity=154))
13:00:19.578 [main] INFO  c.o.v.MutatingMatchOneMarketDataOrderVisitor - [ORDERBOOK] Can't match order:Limit(side=BUY,orderId=16,price=43,quantity=2195456)(MktData(price=98,quantity=154))
13:00:19.578 [main] INFO  c.o.v.MutatingMatchOneMarketDataOrderVisitor - [ORDERBOOK] Can't match order:MktData(price=43,quantity=134)(MktData(price=98,quantity=154))
13:00:19.578 [main] INFO  c.o.v.MutatingRemoveAllMarketDataOrdersVisitor - [ORDERBOOK] Removing market data order:MktData(price=98,quantity=501)
13:00:19.578 [main] INFO  c.o.v.MutatingRemoveAllMarketDataOrdersVisitor - [ORDERBOOK] Removing market data order:MktData(price=110,quantity=5000)
13:00:19.578 [main] INFO  c.o.v.MutatingRemoveAllMarketDataOrdersVisitor - [ORDERBOOK] Removing market data order:MktData(price=123,quantity=453)
13:00:19.578 [main] INFO  c.o.v.MutatingRemoveAllMarketDataOrdersVisitor - [ORDERBOOK] Removing market data order:MktData(price=167,quantity=665)
13:00:19.578 [main] DEBUG c.orderbook.OrderBook - [ORDERBOOK] ASK: Adding orderMktData(price=98,quantity=501)
13:00:19.578 [main] INFO  c.o.visitor.MutatingAddOrderVisitor - [ORDERBOOK] + Limit(side=SELL,orderId=17,price=98,quantity=501)
13:00:19.578 [main] DEBUG c.orderbook.OrderBook - [ORDERBOOK] ASK: Adding orderMktData(price=101,quantity=200)
13:00:19.578 [main] DEBUG c.orderbook.OrderBook - [ORDERBOOK] ASK: Adding orderMktData(price=110,quantity=5000)
13:00:19.578 [main] DEBUG c.orderbook.OrderBook - [ORDERBOOK] ASK: Adding orderMktData(price=119,quantity=5600)
13:00:19.578 [main] DEBUG c.orderbook.OrderBook - [ORDERBOOK] ASK: Adding orderMktData(price=123,quantity=453)
13:00:19.578 [main] DEBUG c.orderbook.OrderBook - [ORDERBOOK] ASK: Adding orderMktData(price=144,quantity=645)
13:00:19.578 [main] DEBUG c.orderbook.OrderBook - [ORDERBOOK] ASK: Adding orderMktData(price=167,quantity=665)
13:00:19.578 [main] DEBUG c.service.MarketDataService - [ALGO] BID: price:43 quantity:134
13:00:19.578 [main] DEBUG c.service.MarketDataService - [ALGO] BID: price:76 quantity:145
13:00:19.578 [main] DEBUG c.service.MarketDataService - [ALGO] BID: price:91 quantity:300
13:00:19.578 [main] DEBUG c.service.MarketDataService - [ALGO] BID: price:93 quantity:200
13:00:19.578 [main] DEBUG c.service.MarketDataService - [ALGO] BID: price:95 quantity:100
13:00:19.578 [main] DEBUG c.service.MarketDataService - [ALGO] BID: price:98 quantity:154
13:00:19.578 [main] DEBUG c.service.MarketDataService - [ALGO] ASK: price:98 quantity:501
13:00:19.578 [main] DEBUG c.service.MarketDataService - [ALGO] ASK: price:101 quantity:200
13:00:19.578 [main] DEBUG c.service.MarketDataService - [ALGO] ASK: price:110 quantity:5000
13:00:19.578 [main] DEBUG c.service.MarketDataService - [ALGO] ASK: price:119 quantity:5600
13:00:19.578 [main] DEBUG c.service.MarketDataService - [ALGO] ASK: price:123 quantity:453
13:00:19.578 [main] DEBUG c.service.MarketDataService - [ALGO] ASK: price:144 quantity:645
13:00:19.578 [main] DEBUG c.service.MarketDataService - [ALGO] ASK: price:167 quantity:665
13:00:19.578 [main] INFO  c.gettingstarted.MyAlgoLogic - [MYALGO] The state of the order book is:
|----BID-----||----ASK----|
    134 @ 43    501 @ 98
    145 @ 76   200 @ 101
    300 @ 91  5000 @ 110
    200 @ 93  5600 @ 119
    100 @ 95   453 @ 123
    154 @ 98   645 @ 144
          -    665 @ 167
|------------||-----------|

13:00:19.578 [main] INFO  c.gettingstarted.MyAlgoLogic - [MYALGO] Algo Sees Book as: 
|----BID-----||----ASK----|
    134 @ 43    501 @ 98
    145 @ 76   200 @ 101
    300 @ 91  5000 @ 110
    200 @ 93  5600 @ 119
    100 @ 95   453 @ 123
    154 @ 98   645 @ 144
          -    665 @ 167
|------------||-----------|

13:00:19.578 [main] INFO  c.gettingstarted.TimedLogic - [TIMEDLOGIC] Market is open
13:00:19.578 [main] INFO  c.sequencer.consumer.LoggingConsumer - [186] 
|----BID-----|
    134 @ 43
    145 @ 76
    300 @ 91
    200 @ 93
    100 @ 95
    154 @ 98
|----ASK-----|
    501 @ 98
   200 @ 101
  5000 @ 110
  5600 @ 119
   453 @ 123
   645 @ 144
   665 @ 167

13:00:19.578 [main] INFO  c.orderbook.OrderBook - [ORDERBOOK] Processing Mkt Data Update
13:00:19.578 [main] INFO  c.o.v.MutatingRemoveAllMarketDataOrdersVisitor - [ORDERBOOK] Removing market data order:MktData(price=43,quantity=134)
13:00:19.578 [main] DEBUG c.orderbook.OrderBook - [ORDERBOOK] ASK: Adding orderMktData(price=43,quantity=134)
13:00:19.578 [main] INFO  c.o.visitor.MutatingAddOrderVisitor - [ORDERBOOK] + Limit(side=BUY,orderId=16,price=43,quantity=2195456)
13:00:19.578 [main] DEBUG c.orderbook.OrderBook - [ORDERBOOK] ASK: Adding orderMktData(price=76,quantity=145)
13:00:19.578 [main] DEBUG c.orderbook.OrderBook - [ORDERBOOK] ASK: Adding orderMktData(price=91,quantity=300)
13:00:19.578 [main] DEBUG c.orderbook.OrderBook - [ORDERBOOK] ASK: Adding orderMktData(price=93,quantity=200)
13:00:19.578 [main] DEBUG c.orderbook.OrderBook - [ORDERBOOK] ASK: Adding orderMktData(price=95,quantity=100)
13:00:19.578 [main] DEBUG c.orderbook.OrderBook - [ORDERBOOK] ASK: Adding orderMktData(price=98,quantity=154)
13:00:19.578 [main] INFO  c.o.v.MutatingMatchOneMarketDataOrderVisitor - [ORDERBOOK] visiting LevelOrderBookLevel(price=43,quantity=4271652)
13:00:19.578 [main] INFO  c.o.v.MutatingMatchOneMarketDataOrderVisitor - [ORDERBOOK] Can't match order:Limit(side=BUY,orderId=3,price=43,quantity=268)(MktData(price=98,quantity=154))
13:00:19.578 [main] INFO  c.o.v.MutatingMatchOneMarketDataOrderVisitor - [ORDERBOOK] Can't match order:Limit(side=BUY,orderId=5,price=43,quantity=1072)(MktData(price=98,quantity=154))
13:00:19.578 [main] INFO  c.o.v.MutatingMatchOneMarketDataOrderVisitor - [ORDERBOOK] Can't match order:Limit(side=BUY,orderId=7,price=43,quantity=4288)(MktData(price=98,quantity=154))
13:00:19.578 [main] INFO  c.o.v.MutatingMatchOneMarketDataOrderVisitor - [ORDERBOOK] Can't match order:Limit(side=BUY,orderId=9,price=43,quantity=17152)(MktData(price=98,quantity=154))
13:00:19.578 [main] INFO  c.o.v.MutatingMatchOneMarketDataOrderVisitor - [ORDERBOOK] Can't match order:Limit(side=BUY,orderId=11,price=43,quantity=68608)(MktData(price=98,quantity=154))
13:00:19.578 [main] INFO  c.o.v.MutatingMatchOneMarketDataOrderVisitor - [ORDERBOOK] Can't match order:Limit(side=BUY,orderId=12,price=43,quantity=137216)(MktData(price=98,quantity=154))
13:00:19.578 [main] INFO  c.o.v.MutatingMatchOneMarketDataOrderVisitor - [ORDERBOOK] Can't match order:Limit(side=BUY,orderId=13,price=43,quantity=274432)(MktData(price=98,quantity=154))
13:00:19.578 [main] INFO  c.o.v.MutatingMatchOneMarketDataOrderVisitor - [ORDERBOOK] Can't match order:Limit(side=BUY,orderId=14,price=43,quantity=548864)(MktData(price=98,quantity=154))
13:00:19.578 [main] INFO  c.o.v.MutatingMatchOneMarketDataOrderVisitor - [ORDERBOOK] Can't match order:Limit(side=BUY,orderId=15,price=43,quantity=1097728)(MktData(price=98,quantity=154))
13:00:19.578 [main] INFO  c.o.v.MutatingMatchOneMarketDataOrderVisitor - [ORDERBOOK] Can't match order:Limit(side=BUY,orderId=16,price=43,quantity=2195456)(MktData(price=98,quantity=154))
13:00:19.578 [main] INFO  c.o.v.MutatingMatchOneMarketDataOrderVisitor - [ORDERBOOK] Can't match order:MktData(price=43,quantity=134)(MktData(price=98,quantity=154))
13:00:19.578 [main] INFO  c.o.v.MutatingRemoveAllMarketDataOrdersVisitor - [ORDERBOOK] Removing market data order:MktData(price=98,quantity=501)
13:00:19.578 [main] INFO  c.o.v.MutatingRemoveAllMarketDataOrdersVisitor - [ORDERBOOK] Removing market data order:MktData(price=110,quantity=5000)
13:00:19.578 [main] INFO  c.o.v.MutatingRemoveAllMarketDataOrdersVisitor - [ORDERBOOK] Removing market data order:MktData(price=123,quantity=453)
13:00:19.578 [main] INFO  c.o.v.MutatingRemoveAllMarketDataOrdersVisitor - [ORDERBOOK] Removing market data order:MktData(price=167,quantity=665)
13:00:19.578 [main] DEBUG c.orderbook.OrderBook - [ORDERBOOK] ASK: Adding orderMktData(price=98,quantity=501)
13:00:19.578 [main] INFO  c.o.visitor.MutatingAddOrderVisitor - [ORDERBOOK] + Limit(side=SELL,orderId=17,price=98,quantity=501)
13:00:19.578 [main] DEBUG c.orderbook.OrderBook - [ORDERBOOK] ASK: Adding orderMktData(price=101,quantity=200)
13:00:19.578 [main] DEBUG c.orderbook.OrderBook - [ORDERBOOK] ASK: Adding orderMktData(price=110,quantity=5000)
13:00:19.578 [main] DEBUG c.orderbook.OrderBook - [ORDERBOOK] ASK: Adding orderMktData(price=119,quantity=5600)
13:00:19.578 [main] DEBUG c.orderbook.OrderBook - [ORDERBOOK] ASK: Adding orderMktData(price=123,quantity=453)
13:00:19.578 [main] DEBUG c.orderbook.OrderBook - [ORDERBOOK] ASK: Adding orderMktData(price=144,quantity=645)
13:00:19.578 [main] DEBUG c.orderbook.OrderBook - [ORDERBOOK] ASK: Adding orderMktData(price=167,quantity=665)
13:00:19.578 [main] DEBUG c.service.MarketDataService - [ALGO] BID: price:43 quantity:134
13:00:19.578 [main] DEBUG c.service.MarketDataService - [ALGO] BID: price:76 quantity:145
13:00:19.578 [main] DEBUG c.service.MarketDataService - [ALGO] BID: price:91 quantity:300
13:00:19.578 [main] DEBUG c.service.MarketDataService - [ALGO] BID: price:93 quantity:200
13:00:19.578 [main] DEBUG c.service.MarketDataService - [ALGO] BID: price:95 quantity:100
13:00:19.578 [main] DEBUG c.service.MarketDataService - [ALGO] BID: price:98 quantity:154
13:00:19.578 [main] DEBUG c.service.MarketDataService - [ALGO] ASK: price:98 quantity:501
13:00:19.578 [main] DEBUG c.service.MarketDataService - [ALGO] ASK: price:101 quantity:200
13:00:19.578 [main] DEBUG c.service.MarketDataService - [ALGO] ASK: price:110 quantity:5000
13:00:19.578 [main] DEBUG c.service.MarketDataService - [ALGO] ASK: price:119 quantity:5600
13:00:19.578 [main] DEBUG c.service.MarketDataService - [ALGO] ASK: price:123 quantity:453
13:00:19.578 [main] DEBUG c.service.MarketDataService - [ALGO] ASK: price:144 quantity:645
13:00:19.578 [main] DEBUG c.service.MarketDataService - [ALGO] ASK: price:167 quantity:665
13:00:19.578 [main] INFO  c.gettingstarted.MyAlgoLogic - [MYALGO] The state of the order book is:
|----BID-----||----ASK----|
    134 @ 43    501 @ 98
    145 @ 76   200 @ 101
    300 @ 91  5000 @ 110
    200 @ 93  5600 @ 119
    100 @ 95   453 @ 123
    154 @ 98   645 @ 144
          -    665 @ 167
|------------||-----------|

13:00:19.578 [main] INFO  c.gettingstarted.MyAlgoLogic - [MYALGO] Algo Sees Book as: 
|----BID-----||----ASK----|
    134 @ 43    501 @ 98
    145 @ 76   200 @ 101
    300 @ 91  5000 @ 110
    200 @ 93  5600 @ 119
    100 @ 95   453 @ 123
    154 @ 98   645 @ 144
          -    665 @ 167
|------------||-----------|

13:00:19.578 [main] INFO  c.gettingstarted.TimedLogic - [TIMEDLOGIC] Market is open
13:00:19.578 [main] INFO  c.sequencer.consumer.LoggingConsumer - [187] 
|----BID-----|
    134 @ 43
    145 @ 76
    300 @ 91
    200 @ 93
    100 @ 95
    154 @ 98
|----ASK-----|
    501 @ 98
   200 @ 101
  5000 @ 110
  5600 @ 119
   453 @ 123
   645 @ 144
   665 @ 167

13:00:19.578 [main] INFO  c.orderbook.OrderBook - [ORDERBOOK] Processing Mkt Data Update
13:00:19.578 [main] INFO  c.o.v.MutatingRemoveAllMarketDataOrdersVisitor - [ORDERBOOK] Removing market data order:MktData(price=43,quantity=134)
13:00:19.578 [main] DEBUG c.orderbook.OrderBook - [ORDERBOOK] ASK: Adding orderMktData(price=43,quantity=134)
13:00:19.578 [main] INFO  c.o.visitor.MutatingAddOrderVisitor - [ORDERBOOK] + Limit(side=BUY,orderId=16,price=43,quantity=2195456)
13:00:19.578 [main] DEBUG c.orderbook.OrderBook - [ORDERBOOK] ASK: Adding orderMktData(price=76,quantity=145)
13:00:19.578 [main] DEBUG c.orderbook.OrderBook - [ORDERBOOK] ASK: Adding orderMktData(price=91,quantity=300)
13:00:19.578 [main] DEBUG c.orderbook.OrderBook - [ORDERBOOK] ASK: Adding orderMktData(price=93,quantity=200)
13:00:19.578 [main] DEBUG c.orderbook.OrderBook - [ORDERBOOK] ASK: Adding orderMktData(price=95,quantity=100)
13:00:19.578 [main] DEBUG c.orderbook.OrderBook - [ORDERBOOK] ASK: Adding orderMktData(price=98,quantity=154)
13:00:19.578 [main] INFO  c.o.v.MutatingMatchOneMarketDataOrderVisitor - [ORDERBOOK] visiting LevelOrderBookLevel(price=43,quantity=4271786)
13:00:19.578 [main] INFO  c.o.v.MutatingMatchOneMarketDataOrderVisitor - [ORDERBOOK] Can't match order:Limit(side=BUY,orderId=3,price=43,quantity=268)(MktData(price=98,quantity=154))
13:00:19.578 [main] INFO  c.o.v.MutatingMatchOneMarketDataOrderVisitor - [ORDERBOOK] Can't match order:Limit(side=BUY,orderId=5,price=43,quantity=1072)(MktData(price=98,quantity=154))
13:00:19.578 [main] INFO  c.o.v.MutatingMatchOneMarketDataOrderVisitor - [ORDERBOOK] Can't match order:Limit(side=BUY,orderId=7,price=43,quantity=4288)(MktData(price=98,quantity=154))
13:00:19.578 [main] INFO  c.o.v.MutatingMatchOneMarketDataOrderVisitor - [ORDERBOOK] Can't match order:Limit(side=BUY,orderId=9,price=43,quantity=17152)(MktData(price=98,quantity=154))
13:00:19.578 [main] INFO  c.o.v.MutatingMatchOneMarketDataOrderVisitor - [ORDERBOOK] Can't match order:Limit(side=BUY,orderId=11,price=43,quantity=68608)(MktData(price=98,quantity=154))
13:00:19.578 [main] INFO  c.o.v.MutatingMatchOneMarketDataOrderVisitor - [ORDERBOOK] Can't match order:Limit(side=BUY,orderId=12,price=43,quantity=137216)(MktData(price=98,quantity=154))
13:00:19.578 [main] INFO  c.o.v.MutatingMatchOneMarketDataOrderVisitor - [ORDERBOOK] Can't match order:Limit(side=BUY,orderId=13,price=43,quantity=274432)(MktData(price=98,quantity=154))
13:00:19.578 [main] INFO  c.o.v.MutatingMatchOneMarketDataOrderVisitor - [ORDERBOOK] Can't match order:Limit(side=BUY,orderId=14,price=43,quantity=548864)(MktData(price=98,quantity=154))
13:00:19.578 [main] INFO  c.o.v.MutatingMatchOneMarketDataOrderVisitor - [ORDERBOOK] Can't match order:Limit(side=BUY,orderId=15,price=43,quantity=1097728)(MktData(price=98,quantity=154))
13:00:19.578 [main] INFO  c.o.v.MutatingMatchOneMarketDataOrderVisitor - [ORDERBOOK] Can't match order:Limit(side=BUY,orderId=16,price=43,quantity=2195456)(MktData(price=98,quantity=154))
13:00:19.578 [main] INFO  c.o.v.MutatingMatchOneMarketDataOrderVisitor - [ORDERBOOK] Can't match order:MktData(price=43,quantity=134)(MktData(price=98,quantity=154))
13:00:19.578 [main] INFO  c.o.v.MutatingRemoveAllMarketDataOrdersVisitor - [ORDERBOOK] Removing market data order:MktData(price=98,quantity=501)
13:00:19.578 [main] INFO  c.o.v.MutatingRemoveAllMarketDataOrdersVisitor - [ORDERBOOK] Removing market data order:MktData(price=110,quantity=5000)
13:00:19.578 [main] INFO  c.o.v.MutatingRemoveAllMarketDataOrdersVisitor - [ORDERBOOK] Removing market data order:MktData(price=123,quantity=453)
13:00:19.578 [main] INFO  c.o.v.MutatingRemoveAllMarketDataOrdersVisitor - [ORDERBOOK] Removing market data order:MktData(price=167,quantity=665)
13:00:19.578 [main] DEBUG c.orderbook.OrderBook - [ORDERBOOK] ASK: Adding orderMktData(price=98,quantity=501)
13:00:19.578 [main] INFO  c.o.visitor.MutatingAddOrderVisitor - [ORDERBOOK] + Limit(side=SELL,orderId=17,price=98,quantity=501)
13:00:19.578 [main] DEBUG c.orderbook.OrderBook - [ORDERBOOK] ASK: Adding orderMktData(price=101,quantity=200)
13:00:19.578 [main] DEBUG c.orderbook.OrderBook - [ORDERBOOK] ASK: Adding orderMktData(price=110,quantity=5000)
13:00:19.578 [main] DEBUG c.orderbook.OrderBook - [ORDERBOOK] ASK: Adding orderMktData(price=119,quantity=5600)
13:00:19.578 [main] DEBUG c.orderbook.OrderBook - [ORDERBOOK] ASK: Adding orderMktData(price=123,quantity=453)
13:00:19.578 [main] DEBUG c.orderbook.OrderBook - [ORDERBOOK] ASK: Adding orderMktData(price=144,quantity=645)
13:00:19.578 [main] DEBUG c.orderbook.OrderBook - [ORDERBOOK] ASK: Adding orderMktData(price=167,quantity=665)
13:00:19.578 [main] DEBUG c.service.MarketDataService - [ALGO] BID: price:43 quantity:134
13:00:19.578 [main] DEBUG c.service.MarketDataService - [ALGO] BID: price:76 quantity:145
13:00:19.578 [main] DEBUG c.service.MarketDataService - [ALGO] BID: price:91 quantity:300
13:00:19.578 [main] DEBUG c.service.MarketDataService - [ALGO] BID: price:93 quantity:200
13:00:19.578 [main] DEBUG c.service.MarketDataService - [ALGO] BID: price:95 quantity:100
13:00:19.578 [main] DEBUG c.service.MarketDataService - [ALGO] BID: price:98 quantity:154
13:00:19.578 [main] DEBUG c.service.MarketDataService - [ALGO] ASK: price:98 quantity:501
13:00:19.578 [main] DEBUG c.service.MarketDataService - [ALGO] ASK: price:101 quantity:200
13:00:19.578 [main] DEBUG c.service.MarketDataService - [ALGO] ASK: price:110 quantity:5000
13:00:19.578 [main] DEBUG c.service.MarketDataService - [ALGO] ASK: price:119 quantity:5600
13:00:19.578 [main] DEBUG c.service.MarketDataService - [ALGO] ASK: price:123 quantity:453
13:00:19.578 [main] DEBUG c.service.MarketDataService - [ALGO] ASK: price:144 quantity:645
13:00:19.578 [main] DEBUG c.service.MarketDataService - [ALGO] ASK: price:167 quantity:665
13:00:19.578 [main] INFO  c.gettingstarted.MyAlgoLogic - [MYALGO] The state of the order book is:
|----BID-----||----ASK----|
    134 @ 43    501 @ 98
    145 @ 76   200 @ 101
    300 @ 91  5000 @ 110
    200 @ 93  5600 @ 119
    100 @ 95   453 @ 123
    154 @ 98   645 @ 144
          -    665 @ 167
|------------||-----------|

13:00:19.578 [main] INFO  c.gettingstarted.MyAlgoLogic - [MYALGO] Algo Sees Book as: 
|----BID-----||----ASK----|
    134 @ 43    501 @ 98
    145 @ 76   200 @ 101
    300 @ 91  5000 @ 110
    200 @ 93  5600 @ 119
    100 @ 95   453 @ 123
    154 @ 98   645 @ 144
          -    665 @ 167
|------------||-----------|

13:00:19.578 [main] INFO  c.gettingstarted.TimedLogic - [TIMEDLOGIC] Market is open
13:00:19.578 [main] INFO  c.sequencer.consumer.LoggingConsumer - [188] 
|----BID-----|
    134 @ 43
    145 @ 76
    300 @ 91
    200 @ 93
    100 @ 95
    154 @ 98
|----ASK-----|
    501 @ 98
   200 @ 101
  5000 @ 110
  5600 @ 119
   453 @ 123
   645 @ 144
   665 @ 167

13:00:19.578 [main] INFO  c.orderbook.OrderBook - [ORDERBOOK] Processing Mkt Data Update
13:00:19.578 [main] INFO  c.o.v.MutatingRemoveAllMarketDataOrdersVisitor - [ORDERBOOK] Removing market data order:MktData(price=43,quantity=134)
13:00:19.578 [main] DEBUG c.orderbook.OrderBook - [ORDERBOOK] ASK: Adding orderMktData(price=43,quantity=134)
13:00:19.578 [main] INFO  c.o.visitor.MutatingAddOrderVisitor - [ORDERBOOK] + Limit(side=BUY,orderId=16,price=43,quantity=2195456)
13:00:19.578 [main] DEBUG c.orderbook.OrderBook - [ORDERBOOK] ASK: Adding orderMktData(price=76,quantity=145)
13:00:19.578 [main] DEBUG c.orderbook.OrderBook - [ORDERBOOK] ASK: Adding orderMktData(price=91,quantity=300)
13:00:19.578 [main] DEBUG c.orderbook.OrderBook - [ORDERBOOK] ASK: Adding orderMktData(price=93,quantity=200)
13:00:19.578 [main] DEBUG c.orderbook.OrderBook - [ORDERBOOK] ASK: Adding orderMktData(price=95,quantity=100)
13:00:19.578 [main] DEBUG c.orderbook.OrderBook - [ORDERBOOK] ASK: Adding orderMktData(price=98,quantity=154)
13:00:19.578 [main] INFO  c.o.v.MutatingMatchOneMarketDataOrderVisitor - [ORDERBOOK] visiting LevelOrderBookLevel(price=43,quantity=4271920)
13:00:19.578 [main] INFO  c.o.v.MutatingMatchOneMarketDataOrderVisitor - [ORDERBOOK] Can't match order:Limit(side=BUY,orderId=3,price=43,quantity=268)(MktData(price=98,quantity=154))
13:00:19.578 [main] INFO  c.o.v.MutatingMatchOneMarketDataOrderVisitor - [ORDERBOOK] Can't match order:Limit(side=BUY,orderId=5,price=43,quantity=1072)(MktData(price=98,quantity=154))
13:00:19.578 [main] INFO  c.o.v.MutatingMatchOneMarketDataOrderVisitor - [ORDERBOOK] Can't match order:Limit(side=BUY,orderId=7,price=43,quantity=4288)(MktData(price=98,quantity=154))
13:00:19.578 [main] INFO  c.o.v.MutatingMatchOneMarketDataOrderVisitor - [ORDERBOOK] Can't match order:Limit(side=BUY,orderId=9,price=43,quantity=17152)(MktData(price=98,quantity=154))
13:00:19.578 [main] INFO  c.o.v.MutatingMatchOneMarketDataOrderVisitor - [ORDERBOOK] Can't match order:Limit(side=BUY,orderId=11,price=43,quantity=68608)(MktData(price=98,quantity=154))
13:00:19.578 [main] INFO  c.o.v.MutatingMatchOneMarketDataOrderVisitor - [ORDERBOOK] Can't match order:Limit(side=BUY,orderId=12,price=43,quantity=137216)(MktData(price=98,quantity=154))
13:00:19.578 [main] INFO  c.o.v.MutatingMatchOneMarketDataOrderVisitor - [ORDERBOOK] Can't match order:Limit(side=BUY,orderId=13,price=43,quantity=274432)(MktData(price=98,quantity=154))
13:00:19.578 [main] INFO  c.o.v.MutatingMatchOneMarketDataOrderVisitor - [ORDERBOOK] Can't match order:Limit(side=BUY,orderId=14,price=43,quantity=548864)(MktData(price=98,quantity=154))
13:00:19.578 [main] INFO  c.o.v.MutatingMatchOneMarketDataOrderVisitor - [ORDERBOOK] Can't match order:Limit(side=BUY,orderId=15,price=43,quantity=1097728)(MktData(price=98,quantity=154))
13:00:19.578 [main] INFO  c.o.v.MutatingMatchOneMarketDataOrderVisitor - [ORDERBOOK] Can't match order:Limit(side=BUY,orderId=16,price=43,quantity=2195456)(MktData(price=98,quantity=154))
13:00:19.578 [main] INFO  c.o.v.MutatingMatchOneMarketDataOrderVisitor - [ORDERBOOK] Can't match order:MktData(price=43,quantity=134)(MktData(price=98,quantity=154))
13:00:19.578 [main] INFO  c.o.v.MutatingRemoveAllMarketDataOrdersVisitor - [ORDERBOOK] Removing market data order:MktData(price=98,quantity=501)
13:00:19.578 [main] INFO  c.o.v.MutatingRemoveAllMarketDataOrdersVisitor - [ORDERBOOK] Removing market data order:MktData(price=110,quantity=5000)
13:00:19.578 [main] INFO  c.o.v.MutatingRemoveAllMarketDataOrdersVisitor - [ORDERBOOK] Removing market data order:MktData(price=123,quantity=453)
13:00:19.578 [main] INFO  c.o.v.MutatingRemoveAllMarketDataOrdersVisitor - [ORDERBOOK] Removing market data order:MktData(price=167,quantity=665)
13:00:19.578 [main] DEBUG c.orderbook.OrderBook - [ORDERBOOK] ASK: Adding orderMktData(price=98,quantity=501)
13:00:19.578 [main] INFO  c.o.visitor.MutatingAddOrderVisitor - [ORDERBOOK] + Limit(side=SELL,orderId=17,price=98,quantity=501)
13:00:19.578 [main] DEBUG c.orderbook.OrderBook - [ORDERBOOK] ASK: Adding orderMktData(price=101,quantity=200)
13:00:19.578 [main] DEBUG c.orderbook.OrderBook - [ORDERBOOK] ASK: Adding orderMktData(price=110,quantity=5000)
13:00:19.578 [main] DEBUG c.orderbook.OrderBook - [ORDERBOOK] ASK: Adding orderMktData(price=119,quantity=5600)
13:00:19.578 [main] DEBUG c.orderbook.OrderBook - [ORDERBOOK] ASK: Adding orderMktData(price=123,quantity=453)
13:00:19.578 [main] DEBUG c.orderbook.OrderBook - [ORDERBOOK] ASK: Adding orderMktData(price=144,quantity=645)
13:00:19.578 [main] DEBUG c.orderbook.OrderBook - [ORDERBOOK] ASK: Adding orderMktData(price=167,quantity=665)
13:00:19.578 [main] DEBUG c.service.MarketDataService - [ALGO] BID: price:43 quantity:134
13:00:19.578 [main] DEBUG c.service.MarketDataService - [ALGO] BID: price:76 quantity:145
13:00:19.578 [main] DEBUG c.service.MarketDataService - [ALGO] BID: price:91 quantity:300
13:00:19.578 [main] DEBUG c.service.MarketDataService - [ALGO] BID: price:93 quantity:200
13:00:19.578 [main] DEBUG c.service.MarketDataService - [ALGO] BID: price:95 quantity:100
13:00:19.578 [main] DEBUG c.service.MarketDataService - [ALGO] BID: price:98 quantity:154
13:00:19.578 [main] DEBUG c.service.MarketDataService - [ALGO] ASK: price:98 quantity:501
13:00:19.578 [main] DEBUG c.service.MarketDataService - [ALGO] ASK: price:101 quantity:200
13:00:19.578 [main] DEBUG c.service.MarketDataService - [ALGO] ASK: price:110 quantity:5000
13:00:19.578 [main] DEBUG c.service.MarketDataService - [ALGO] ASK: price:119 quantity:5600
13:00:19.578 [main] DEBUG c.service.MarketDataService - [ALGO] ASK: price:123 quantity:453
13:00:19.578 [main] DEBUG c.service.MarketDataService - [ALGO] ASK: price:144 quantity:645
13:00:19.578 [main] DEBUG c.service.MarketDataService - [ALGO] ASK: price:167 quantity:665
13:00:19.578 [main] INFO  c.gettingstarted.MyAlgoLogic - [MYALGO] The state of the order book is:
|----BID-----||----ASK----|
    134 @ 43    501 @ 98
    145 @ 76   200 @ 101
    300 @ 91  5000 @ 110
    200 @ 93  5600 @ 119
    100 @ 95   453 @ 123
    154 @ 98   645 @ 144
          -    665 @ 167
|------------||-----------|

13:00:19.578 [main] INFO  c.gettingstarted.MyAlgoLogic - [MYALGO] Algo Sees Book as: 
|----BID-----||----ASK----|
    134 @ 43    501 @ 98
    145 @ 76   200 @ 101
    300 @ 91  5000 @ 110
    200 @ 93  5600 @ 119
    100 @ 95   453 @ 123
    154 @ 98   645 @ 144
          -    665 @ 167
|------------||-----------|

13:00:19.578 [main] INFO  c.gettingstarted.TimedLogic - [TIMEDLOGIC] Market is open
13:00:19.578 [main] INFO  c.sequencer.consumer.LoggingConsumer - [189] 
|----BID-----|
    134 @ 43
    145 @ 76
    300 @ 91
    200 @ 93
    100 @ 95
    154 @ 98
|----ASK-----|
    501 @ 98
   200 @ 101
  5000 @ 110
  5600 @ 119
   453 @ 123
   645 @ 144
   665 @ 167

13:00:19.578 [main] INFO  c.orderbook.OrderBook - [ORDERBOOK] Processing Mkt Data Update
13:00:19.578 [main] INFO  c.o.v.MutatingRemoveAllMarketDataOrdersVisitor - [ORDERBOOK] Removing market data order:MktData(price=43,quantity=134)
13:00:19.578 [main] DEBUG c.orderbook.OrderBook - [ORDERBOOK] ASK: Adding orderMktData(price=43,quantity=134)
13:00:19.578 [main] INFO  c.o.visitor.MutatingAddOrderVisitor - [ORDERBOOK] + Limit(side=BUY,orderId=16,price=43,quantity=2195456)
13:00:19.578 [main] DEBUG c.orderbook.OrderBook - [ORDERBOOK] ASK: Adding orderMktData(price=76,quantity=145)
13:00:19.578 [main] DEBUG c.orderbook.OrderBook - [ORDERBOOK] ASK: Adding orderMktData(price=91,quantity=300)
13:00:19.578 [main] DEBUG c.orderbook.OrderBook - [ORDERBOOK] ASK: Adding orderMktData(price=93,quantity=200)
13:00:19.578 [main] DEBUG c.orderbook.OrderBook - [ORDERBOOK] ASK: Adding orderMktData(price=95,quantity=100)
13:00:19.578 [main] DEBUG c.orderbook.OrderBook - [ORDERBOOK] ASK: Adding orderMktData(price=98,quantity=154)
13:00:19.578 [main] INFO  c.o.v.MutatingMatchOneMarketDataOrderVisitor - [ORDERBOOK] visiting LevelOrderBookLevel(price=43,quantity=4272054)
13:00:19.578 [main] INFO  c.o.v.MutatingMatchOneMarketDataOrderVisitor - [ORDERBOOK] Can't match order:Limit(side=BUY,orderId=3,price=43,quantity=268)(MktData(price=98,quantity=154))
13:00:19.578 [main] INFO  c.o.v.MutatingMatchOneMarketDataOrderVisitor - [ORDERBOOK] Can't match order:Limit(side=BUY,orderId=5,price=43,quantity=1072)(MktData(price=98,quantity=154))
13:00:19.578 [main] INFO  c.o.v.MutatingMatchOneMarketDataOrderVisitor - [ORDERBOOK] Can't match order:Limit(side=BUY,orderId=7,price=43,quantity=4288)(MktData(price=98,quantity=154))
13:00:19.578 [main] INFO  c.o.v.MutatingMatchOneMarketDataOrderVisitor - [ORDERBOOK] Can't match order:Limit(side=BUY,orderId=9,price=43,quantity=17152)(MktData(price=98,quantity=154))
13:00:19.578 [main] INFO  c.o.v.MutatingMatchOneMarketDataOrderVisitor - [ORDERBOOK] Can't match order:Limit(side=BUY,orderId=11,price=43,quantity=68608)(MktData(price=98,quantity=154))
13:00:19.578 [main] INFO  c.o.v.MutatingMatchOneMarketDataOrderVisitor - [ORDERBOOK] Can't match order:Limit(side=BUY,orderId=12,price=43,quantity=137216)(MktData(price=98,quantity=154))
13:00:19.578 [main] INFO  c.o.v.MutatingMatchOneMarketDataOrderVisitor - [ORDERBOOK] Can't match order:Limit(side=BUY,orderId=13,price=43,quantity=274432)(MktData(price=98,quantity=154))
13:00:19.578 [main] INFO  c.o.v.MutatingMatchOneMarketDataOrderVisitor - [ORDERBOOK] Can't match order:Limit(side=BUY,orderId=14,price=43,quantity=548864)(MktData(price=98,quantity=154))
13:00:19.578 [main] INFO  c.o.v.MutatingMatchOneMarketDataOrderVisitor - [ORDERBOOK] Can't match order:Limit(side=BUY,orderId=15,price=43,quantity=1097728)(MktData(price=98,quantity=154))
13:00:19.578 [main] INFO  c.o.v.MutatingMatchOneMarketDataOrderVisitor - [ORDERBOOK] Can't match order:Limit(side=BUY,orderId=16,price=43,quantity=2195456)(MktData(price=98,quantity=154))
13:00:19.578 [main] INFO  c.o.v.MutatingMatchOneMarketDataOrderVisitor - [ORDERBOOK] Can't match order:MktData(price=43,quantity=134)(MktData(price=98,quantity=154))
13:00:19.578 [main] INFO  c.o.v.MutatingRemoveAllMarketDataOrdersVisitor - [ORDERBOOK] Removing market data order:MktData(price=98,quantity=501)
13:00:19.578 [main] INFO  c.o.v.MutatingRemoveAllMarketDataOrdersVisitor - [ORDERBOOK] Removing market data order:MktData(price=110,quantity=5000)
13:00:19.578 [main] INFO  c.o.v.MutatingRemoveAllMarketDataOrdersVisitor - [ORDERBOOK] Removing market data order:MktData(price=123,quantity=453)
13:00:19.578 [main] INFO  c.o.v.MutatingRemoveAllMarketDataOrdersVisitor - [ORDERBOOK] Removing market data order:MktData(price=167,quantity=665)
13:00:19.578 [main] DEBUG c.orderbook.OrderBook - [ORDERBOOK] ASK: Adding orderMktData(price=98,quantity=501)
13:00:19.578 [main] INFO  c.o.visitor.MutatingAddOrderVisitor - [ORDERBOOK] + Limit(side=SELL,orderId=17,price=98,quantity=501)
13:00:19.578 [main] DEBUG c.orderbook.OrderBook - [ORDERBOOK] ASK: Adding orderMktData(price=101,quantity=200)
13:00:19.578 [main] DEBUG c.orderbook.OrderBook - [ORDERBOOK] ASK: Adding orderMktData(price=110,quantity=5000)
13:00:19.578 [main] DEBUG c.orderbook.OrderBook - [ORDERBOOK] ASK: Adding orderMktData(price=119,quantity=5600)
13:00:19.578 [main] DEBUG c.orderbook.OrderBook - [ORDERBOOK] ASK: Adding orderMktData(price=123,quantity=453)
13:00:19.578 [main] DEBUG c.orderbook.OrderBook - [ORDERBOOK] ASK: Adding orderMktData(price=144,quantity=645)
13:00:19.578 [main] DEBUG c.orderbook.OrderBook - [ORDERBOOK] ASK: Adding orderMktData(price=167,quantity=665)
13:00:19.578 [main] DEBUG c.service.MarketDataService - [ALGO] BID: price:43 quantity:134
13:00:19.578 [main] DEBUG c.service.MarketDataService - [ALGO] BID: price:76 quantity:145
13:00:19.578 [main] DEBUG c.service.MarketDataService - [ALGO] BID: price:91 quantity:300
13:00:19.578 [main] DEBUG c.service.MarketDataService - [ALGO] BID: price:93 quantity:200
13:00:19.578 [main] DEBUG c.service.MarketDataService - [ALGO] BID: price:95 quantity:100
13:00:19.578 [main] DEBUG c.service.MarketDataService - [ALGO] BID: price:98 quantity:154
13:00:19.578 [main] DEBUG c.service.MarketDataService - [ALGO] ASK: price:98 quantity:501
13:00:19.578 [main] DEBUG c.service.MarketDataService - [ALGO] ASK: price:101 quantity:200
13:00:19.578 [main] DEBUG c.service.MarketDataService - [ALGO] ASK: price:110 quantity:5000
13:00:19.578 [main] DEBUG c.service.MarketDataService - [ALGO] ASK: price:119 quantity:5600
13:00:19.578 [main] DEBUG c.service.MarketDataService - [ALGO] ASK: price:123 quantity:453
13:00:19.578 [main] DEBUG c.service.MarketDataService - [ALGO] ASK: price:144 quantity:645
13:00:19.578 [main] DEBUG c.service.MarketDataService - [ALGO] ASK: price:167 quantity:665
13:00:19.578 [main] INFO  c.gettingstarted.MyAlgoLogic - [MYALGO] The state of the order book is:
|----BID-----||----ASK----|
    134 @ 43    501 @ 98
    145 @ 76   200 @ 101
    300 @ 91  5000 @ 110
    200 @ 93  5600 @ 119
    100 @ 95   453 @ 123
    154 @ 98   645 @ 144
          -    665 @ 167
|------------||-----------|

13:00:19.578 [main] INFO  c.gettingstarted.MyAlgoLogic - [MYALGO] Algo Sees Book as: 
|----BID-----||----ASK----|
    134 @ 43    501 @ 98
    145 @ 76   200 @ 101
    300 @ 91  5000 @ 110
    200 @ 93  5600 @ 119
    100 @ 95   453 @ 123
    154 @ 98   645 @ 144
          -    665 @ 167
|------------||-----------|

13:00:19.578 [main] INFO  c.gettingstarted.TimedLogic - [TIMEDLOGIC] Market is open
13:00:19.578 [main] INFO  c.sequencer.consumer.LoggingConsumer - [190] 
|----BID-----|
    134 @ 43
    145 @ 76
    300 @ 91
    200 @ 93
    100 @ 95
    154 @ 98
|----ASK-----|
    501 @ 98
   200 @ 101
  5000 @ 110
  5600 @ 119
   453 @ 123
   645 @ 144
   665 @ 167

13:00:19.578 [main] INFO  c.orderbook.OrderBook - [ORDERBOOK] Processing Mkt Data Update
13:00:19.578 [main] INFO  c.o.v.MutatingRemoveAllMarketDataOrdersVisitor - [ORDERBOOK] Removing market data order:MktData(price=43,quantity=134)
13:00:19.578 [main] DEBUG c.orderbook.OrderBook - [ORDERBOOK] ASK: Adding orderMktData(price=43,quantity=134)
13:00:19.578 [main] INFO  c.o.visitor.MutatingAddOrderVisitor - [ORDERBOOK] + Limit(side=BUY,orderId=16,price=43,quantity=2195456)
13:00:19.578 [main] DEBUG c.orderbook.OrderBook - [ORDERBOOK] ASK: Adding orderMktData(price=76,quantity=145)
13:00:19.578 [main] DEBUG c.orderbook.OrderBook - [ORDERBOOK] ASK: Adding orderMktData(price=91,quantity=300)
13:00:19.578 [main] DEBUG c.orderbook.OrderBook - [ORDERBOOK] ASK: Adding orderMktData(price=93,quantity=200)
13:00:19.578 [main] DEBUG c.orderbook.OrderBook - [ORDERBOOK] ASK: Adding orderMktData(price=95,quantity=100)
13:00:19.578 [main] DEBUG c.orderbook.OrderBook - [ORDERBOOK] ASK: Adding orderMktData(price=98,quantity=154)
13:00:19.578 [main] INFO  c.o.v.MutatingMatchOneMarketDataOrderVisitor - [ORDERBOOK] visiting LevelOrderBookLevel(price=43,quantity=4272188)
13:00:19.578 [main] INFO  c.o.v.MutatingMatchOneMarketDataOrderVisitor - [ORDERBOOK] Can't match order:Limit(side=BUY,orderId=3,price=43,quantity=268)(MktData(price=98,quantity=154))
13:00:19.578 [main] INFO  c.o.v.MutatingMatchOneMarketDataOrderVisitor - [ORDERBOOK] Can't match order:Limit(side=BUY,orderId=5,price=43,quantity=1072)(MktData(price=98,quantity=154))
13:00:19.578 [main] INFO  c.o.v.MutatingMatchOneMarketDataOrderVisitor - [ORDERBOOK] Can't match order:Limit(side=BUY,orderId=7,price=43,quantity=4288)(MktData(price=98,quantity=154))
13:00:19.578 [main] INFO  c.o.v.MutatingMatchOneMarketDataOrderVisitor - [ORDERBOOK] Can't match order:Limit(side=BUY,orderId=9,price=43,quantity=17152)(MktData(price=98,quantity=154))
13:00:19.578 [main] INFO  c.o.v.MutatingMatchOneMarketDataOrderVisitor - [ORDERBOOK] Can't match order:Limit(side=BUY,orderId=11,price=43,quantity=68608)(MktData(price=98,quantity=154))
13:00:19.578 [main] INFO  c.o.v.MutatingMatchOneMarketDataOrderVisitor - [ORDERBOOK] Can't match order:Limit(side=BUY,orderId=12,price=43,quantity=137216)(MktData(price=98,quantity=154))
13:00:19.578 [main] INFO  c.o.v.MutatingMatchOneMarketDataOrderVisitor - [ORDERBOOK] Can't match order:Limit(side=BUY,orderId=13,price=43,quantity=274432)(MktData(price=98,quantity=154))
13:00:19.578 [main] INFO  c.o.v.MutatingMatchOneMarketDataOrderVisitor - [ORDERBOOK] Can't match order:Limit(side=BUY,orderId=14,price=43,quantity=548864)(MktData(price=98,quantity=154))
13:00:19.578 [main] INFO  c.o.v.MutatingMatchOneMarketDataOrderVisitor - [ORDERBOOK] Can't match order:Limit(side=BUY,orderId=15,price=43,quantity=1097728)(MktData(price=98,quantity=154))
13:00:19.578 [main] INFO  c.o.v.MutatingMatchOneMarketDataOrderVisitor - [ORDERBOOK] Can't match order:Limit(side=BUY,orderId=16,price=43,quantity=2195456)(MktData(price=98,quantity=154))
13:00:19.578 [main] INFO  c.o.v.MutatingMatchOneMarketDataOrderVisitor - [ORDERBOOK] Can't match order:MktData(price=43,quantity=134)(MktData(price=98,quantity=154))
13:00:19.578 [main] INFO  c.o.v.MutatingRemoveAllMarketDataOrdersVisitor - [ORDERBOOK] Removing market data order:MktData(price=98,quantity=501)
13:00:19.578 [main] INFO  c.o.v.MutatingRemoveAllMarketDataOrdersVisitor - [ORDERBOOK] Removing market data order:MktData(price=110,quantity=5000)
13:00:19.578 [main] INFO  c.o.v.MutatingRemoveAllMarketDataOrdersVisitor - [ORDERBOOK] Removing market data order:MktData(price=123,quantity=453)
13:00:19.578 [main] INFO  c.o.v.MutatingRemoveAllMarketDataOrdersVisitor - [ORDERBOOK] Removing market data order:MktData(price=167,quantity=665)
13:00:19.578 [main] DEBUG c.orderbook.OrderBook - [ORDERBOOK] ASK: Adding orderMktData(price=98,quantity=501)
13:00:19.578 [main] INFO  c.o.visitor.MutatingAddOrderVisitor - [ORDERBOOK] + Limit(side=SELL,orderId=17,price=98,quantity=501)
13:00:19.578 [main] DEBUG c.orderbook.OrderBook - [ORDERBOOK] ASK: Adding orderMktData(price=101,quantity=200)
13:00:19.578 [main] DEBUG c.orderbook.OrderBook - [ORDERBOOK] ASK: Adding orderMktData(price=110,quantity=5000)
13:00:19.578 [main] DEBUG c.orderbook.OrderBook - [ORDERBOOK] ASK: Adding orderMktData(price=119,quantity=5600)
13:00:19.578 [main] DEBUG c.orderbook.OrderBook - [ORDERBOOK] ASK: Adding orderMktData(price=123,quantity=453)
13:00:19.578 [main] DEBUG c.orderbook.OrderBook - [ORDERBOOK] ASK: Adding orderMktData(price=144,quantity=645)
13:00:19.578 [main] DEBUG c.orderbook.OrderBook - [ORDERBOOK] ASK: Adding orderMktData(price=167,quantity=665)
13:00:19.578 [main] DEBUG c.service.MarketDataService - [ALGO] BID: price:43 quantity:134
13:00:19.578 [main] DEBUG c.service.MarketDataService - [ALGO] BID: price:76 quantity:145
13:00:19.578 [main] DEBUG c.service.MarketDataService - [ALGO] BID: price:91 quantity:300
13:00:19.578 [main] DEBUG c.service.MarketDataService - [ALGO] BID: price:93 quantity:200
13:00:19.578 [main] DEBUG c.service.MarketDataService - [ALGO] BID: price:95 quantity:100
13:00:19.578 [main] DEBUG c.service.MarketDataService - [ALGO] BID: price:98 quantity:154
13:00:19.578 [main] DEBUG c.service.MarketDataService - [ALGO] ASK: price:98 quantity:501
13:00:19.578 [main] DEBUG c.service.MarketDataService - [ALGO] ASK: price:101 quantity:200
13:00:19.578 [main] DEBUG c.service.MarketDataService - [ALGO] ASK: price:110 quantity:5000
13:00:19.578 [main] DEBUG c.service.MarketDataService - [ALGO] ASK: price:119 quantity:5600
13:00:19.578 [main] DEBUG c.service.MarketDataService - [ALGO] ASK: price:123 quantity:453
13:00:19.578 [main] DEBUG c.service.MarketDataService - [ALGO] ASK: price:144 quantity:645
13:00:19.578 [main] DEBUG c.service.MarketDataService - [ALGO] ASK: price:167 quantity:665
13:00:19.578 [main] INFO  c.gettingstarted.MyAlgoLogic - [MYALGO] The state of the order book is:
|----BID-----||----ASK----|
    134 @ 43    501 @ 98
    145 @ 76   200 @ 101
    300 @ 91  5000 @ 110
    200 @ 93  5600 @ 119
    100 @ 95   453 @ 123
    154 @ 98   645 @ 144
          -    665 @ 167
|------------||-----------|

13:00:19.578 [main] INFO  c.gettingstarted.MyAlgoLogic - [MYALGO] Algo Sees Book as: 
|----BID-----||----ASK----|
    134 @ 43    501 @ 98
    145 @ 76   200 @ 101
    300 @ 91  5000 @ 110
    200 @ 93  5600 @ 119
    100 @ 95   453 @ 123
    154 @ 98   645 @ 144
          -    665 @ 167
|------------||-----------|

13:00:19.578 [main] INFO  c.gettingstarted.TimedLogic - [TIMEDLOGIC] Market is open
13:00:19.578 [main] INFO  c.sequencer.consumer.LoggingConsumer - [191] 
|----BID-----|
    134 @ 43
    145 @ 76
    300 @ 91
    200 @ 93
    100 @ 95
    154 @ 98
|----ASK-----|
    501 @ 98
   200 @ 101
  5000 @ 110
  5600 @ 119
   453 @ 123
   645 @ 144
   665 @ 167

13:00:19.578 [main] INFO  c.orderbook.OrderBook - [ORDERBOOK] Processing Mkt Data Update
13:00:19.578 [main] INFO  c.o.v.MutatingRemoveAllMarketDataOrdersVisitor - [ORDERBOOK] Removing market data order:MktData(price=43,quantity=134)
13:00:19.578 [main] DEBUG c.orderbook.OrderBook - [ORDERBOOK] ASK: Adding orderMktData(price=43,quantity=134)
13:00:19.578 [main] INFO  c.o.visitor.MutatingAddOrderVisitor - [ORDERBOOK] + Limit(side=BUY,orderId=16,price=43,quantity=2195456)
13:00:19.578 [main] DEBUG c.orderbook.OrderBook - [ORDERBOOK] ASK: Adding orderMktData(price=76,quantity=145)
13:00:19.578 [main] DEBUG c.orderbook.OrderBook - [ORDERBOOK] ASK: Adding orderMktData(price=91,quantity=300)
13:00:19.578 [main] DEBUG c.orderbook.OrderBook - [ORDERBOOK] ASK: Adding orderMktData(price=93,quantity=200)
13:00:19.578 [main] DEBUG c.orderbook.OrderBook - [ORDERBOOK] ASK: Adding orderMktData(price=95,quantity=100)
13:00:19.578 [main] DEBUG c.orderbook.OrderBook - [ORDERBOOK] ASK: Adding orderMktData(price=98,quantity=154)
13:00:19.578 [main] INFO  c.o.v.MutatingMatchOneMarketDataOrderVisitor - [ORDERBOOK] visiting LevelOrderBookLevel(price=43,quantity=4272322)
13:00:19.578 [main] INFO  c.o.v.MutatingMatchOneMarketDataOrderVisitor - [ORDERBOOK] Can't match order:Limit(side=BUY,orderId=3,price=43,quantity=268)(MktData(price=98,quantity=154))
13:00:19.578 [main] INFO  c.o.v.MutatingMatchOneMarketDataOrderVisitor - [ORDERBOOK] Can't match order:Limit(side=BUY,orderId=5,price=43,quantity=1072)(MktData(price=98,quantity=154))
13:00:19.578 [main] INFO  c.o.v.MutatingMatchOneMarketDataOrderVisitor - [ORDERBOOK] Can't match order:Limit(side=BUY,orderId=7,price=43,quantity=4288)(MktData(price=98,quantity=154))
13:00:19.578 [main] INFO  c.o.v.MutatingMatchOneMarketDataOrderVisitor - [ORDERBOOK] Can't match order:Limit(side=BUY,orderId=9,price=43,quantity=17152)(MktData(price=98,quantity=154))
13:00:19.578 [main] INFO  c.o.v.MutatingMatchOneMarketDataOrderVisitor - [ORDERBOOK] Can't match order:Limit(side=BUY,orderId=11,price=43,quantity=68608)(MktData(price=98,quantity=154))
13:00:19.578 [main] INFO  c.o.v.MutatingMatchOneMarketDataOrderVisitor - [ORDERBOOK] Can't match order:Limit(side=BUY,orderId=12,price=43,quantity=137216)(MktData(price=98,quantity=154))
13:00:19.578 [main] INFO  c.o.v.MutatingMatchOneMarketDataOrderVisitor - [ORDERBOOK] Can't match order:Limit(side=BUY,orderId=13,price=43,quantity=274432)(MktData(price=98,quantity=154))
13:00:19.578 [main] INFO  c.o.v.MutatingMatchOneMarketDataOrderVisitor - [ORDERBOOK] Can't match order:Limit(side=BUY,orderId=14,price=43,quantity=548864)(MktData(price=98,quantity=154))
13:00:19.578 [main] INFO  c.o.v.MutatingMatchOneMarketDataOrderVisitor - [ORDERBOOK] Can't match order:Limit(side=BUY,orderId=15,price=43,quantity=1097728)(MktData(price=98,quantity=154))
13:00:19.578 [main] INFO  c.o.v.MutatingMatchOneMarketDataOrderVisitor - [ORDERBOOK] Can't match order:Limit(side=BUY,orderId=16,price=43,quantity=2195456)(MktData(price=98,quantity=154))
13:00:19.578 [main] INFO  c.o.v.MutatingMatchOneMarketDataOrderVisitor - [ORDERBOOK] Can't match order:MktData(price=43,quantity=134)(MktData(price=98,quantity=154))
13:00:19.578 [main] INFO  c.o.v.MutatingRemoveAllMarketDataOrdersVisitor - [ORDERBOOK] Removing market data order:MktData(price=98,quantity=501)
13:00:19.578 [main] INFO  c.o.v.MutatingRemoveAllMarketDataOrdersVisitor - [ORDERBOOK] Removing market data order:MktData(price=110,quantity=5000)
13:00:19.578 [main] INFO  c.o.v.MutatingRemoveAllMarketDataOrdersVisitor - [ORDERBOOK] Removing market data order:MktData(price=123,quantity=453)
13:00:19.578 [main] INFO  c.o.v.MutatingRemoveAllMarketDataOrdersVisitor - [ORDERBOOK] Removing market data order:MktData(price=167,quantity=665)
13:00:19.578 [main] DEBUG c.orderbook.OrderBook - [ORDERBOOK] ASK: Adding orderMktData(price=98,quantity=501)
13:00:19.578 [main] INFO  c.o.visitor.MutatingAddOrderVisitor - [ORDERBOOK] + Limit(side=SELL,orderId=17,price=98,quantity=501)
13:00:19.578 [main] DEBUG c.orderbook.OrderBook - [ORDERBOOK] ASK: Adding orderMktData(price=101,quantity=200)
13:00:19.578 [main] DEBUG c.orderbook.OrderBook - [ORDERBOOK] ASK: Adding orderMktData(price=110,quantity=5000)
13:00:19.578 [main] DEBUG c.orderbook.OrderBook - [ORDERBOOK] ASK: Adding orderMktData(price=119,quantity=5600)
13:00:19.578 [main] DEBUG c.orderbook.OrderBook - [ORDERBOOK] ASK: Adding orderMktData(price=123,quantity=453)
13:00:19.578 [main] DEBUG c.orderbook.OrderBook - [ORDERBOOK] ASK: Adding orderMktData(price=144,quantity=645)
13:00:19.578 [main] DEBUG c.orderbook.OrderBook - [ORDERBOOK] ASK: Adding orderMktData(price=167,quantity=665)
13:00:19.578 [main] DEBUG c.service.MarketDataService - [ALGO] BID: price:43 quantity:134
13:00:19.578 [main] DEBUG c.service.MarketDataService - [ALGO] BID: price:76 quantity:145
13:00:19.578 [main] DEBUG c.service.MarketDataService - [ALGO] BID: price:91 quantity:300
13:00:19.578 [main] DEBUG c.service.MarketDataService - [ALGO] BID: price:93 quantity:200
13:00:19.578 [main] DEBUG c.service.MarketDataService - [ALGO] BID: price:95 quantity:100
13:00:19.578 [main] DEBUG c.service.MarketDataService - [ALGO] BID: price:98 quantity:154
13:00:19.578 [main] DEBUG c.service.MarketDataService - [ALGO] ASK: price:98 quantity:501
13:00:19.578 [main] DEBUG c.service.MarketDataService - [ALGO] ASK: price:101 quantity:200
13:00:19.578 [main] DEBUG c.service.MarketDataService - [ALGO] ASK: price:110 quantity:5000
13:00:19.578 [main] DEBUG c.service.MarketDataService - [ALGO] ASK: price:119 quantity:5600
13:00:19.578 [main] DEBUG c.service.MarketDataService - [ALGO] ASK: price:123 quantity:453
13:00:19.578 [main] DEBUG c.service.MarketDataService - [ALGO] ASK: price:144 quantity:645
13:00:19.578 [main] DEBUG c.service.MarketDataService - [ALGO] ASK: price:167 quantity:665
13:00:19.578 [main] INFO  c.gettingstarted.MyAlgoLogic - [MYALGO] The state of the order book is:
|----BID-----||----ASK----|
    134 @ 43    501 @ 98
    145 @ 76   200 @ 101
    300 @ 91  5000 @ 110
    200 @ 93  5600 @ 119
    100 @ 95   453 @ 123
    154 @ 98   645 @ 144
          -    665 @ 167
|------------||-----------|

13:00:19.578 [main] INFO  c.gettingstarted.MyAlgoLogic - [MYALGO] Algo Sees Book as: 
|----BID-----||----ASK----|
    134 @ 43    501 @ 98
    145 @ 76   200 @ 101
    300 @ 91  5000 @ 110
    200 @ 93  5600 @ 119
    100 @ 95   453 @ 123
    154 @ 98   645 @ 144
          -    665 @ 167
|------------||-----------|

13:00:19.578 [main] INFO  c.gettingstarted.TimedLogic - [TIMEDLOGIC] Market is open
13:00:19.578 [main] INFO  c.sequencer.consumer.LoggingConsumer - [192] 
|----BID-----|
    134 @ 43
    145 @ 76
    300 @ 91
    200 @ 93
    100 @ 95
    154 @ 98
|----ASK-----|
    501 @ 98
   200 @ 101
  5000 @ 110
  5600 @ 119
   453 @ 123
   645 @ 144
   665 @ 167

13:00:19.578 [main] INFO  c.orderbook.OrderBook - [ORDERBOOK] Processing Mkt Data Update
13:00:19.578 [main] INFO  c.o.v.MutatingRemoveAllMarketDataOrdersVisitor - [ORDERBOOK] Removing market data order:MktData(price=43,quantity=134)
13:00:19.578 [main] DEBUG c.orderbook.OrderBook - [ORDERBOOK] ASK: Adding orderMktData(price=43,quantity=134)
13:00:19.578 [main] INFO  c.o.visitor.MutatingAddOrderVisitor - [ORDERBOOK] + Limit(side=BUY,orderId=16,price=43,quantity=2195456)
13:00:19.578 [main] DEBUG c.orderbook.OrderBook - [ORDERBOOK] ASK: Adding orderMktData(price=76,quantity=145)
13:00:19.578 [main] DEBUG c.orderbook.OrderBook - [ORDERBOOK] ASK: Adding orderMktData(price=91,quantity=300)
13:00:19.578 [main] DEBUG c.orderbook.OrderBook - [ORDERBOOK] ASK: Adding orderMktData(price=93,quantity=200)
13:00:19.578 [main] DEBUG c.orderbook.OrderBook - [ORDERBOOK] ASK: Adding orderMktData(price=95,quantity=100)
13:00:19.578 [main] DEBUG c.orderbook.OrderBook - [ORDERBOOK] ASK: Adding orderMktData(price=98,quantity=154)
13:00:19.578 [main] INFO  c.o.v.MutatingMatchOneMarketDataOrderVisitor - [ORDERBOOK] visiting LevelOrderBookLevel(price=43,quantity=4272456)
13:00:19.578 [main] INFO  c.o.v.MutatingMatchOneMarketDataOrderVisitor - [ORDERBOOK] Can't match order:Limit(side=BUY,orderId=3,price=43,quantity=268)(MktData(price=98,quantity=154))
13:00:19.578 [main] INFO  c.o.v.MutatingMatchOneMarketDataOrderVisitor - [ORDERBOOK] Can't match order:Limit(side=BUY,orderId=5,price=43,quantity=1072)(MktData(price=98,quantity=154))
13:00:19.578 [main] INFO  c.o.v.MutatingMatchOneMarketDataOrderVisitor - [ORDERBOOK] Can't match order:Limit(side=BUY,orderId=7,price=43,quantity=4288)(MktData(price=98,quantity=154))
13:00:19.578 [main] INFO  c.o.v.MutatingMatchOneMarketDataOrderVisitor - [ORDERBOOK] Can't match order:Limit(side=BUY,orderId=9,price=43,quantity=17152)(MktData(price=98,quantity=154))
13:00:19.578 [main] INFO  c.o.v.MutatingMatchOneMarketDataOrderVisitor - [ORDERBOOK] Can't match order:Limit(side=BUY,orderId=11,price=43,quantity=68608)(MktData(price=98,quantity=154))
13:00:19.578 [main] INFO  c.o.v.MutatingMatchOneMarketDataOrderVisitor - [ORDERBOOK] Can't match order:Limit(side=BUY,orderId=12,price=43,quantity=137216)(MktData(price=98,quantity=154))
13:00:19.578 [main] INFO  c.o.v.MutatingMatchOneMarketDataOrderVisitor - [ORDERBOOK] Can't match order:Limit(side=BUY,orderId=13,price=43,quantity=274432)(MktData(price=98,quantity=154))
13:00:19.578 [main] INFO  c.o.v.MutatingMatchOneMarketDataOrderVisitor - [ORDERBOOK] Can't match order:Limit(side=BUY,orderId=14,price=43,quantity=548864)(MktData(price=98,quantity=154))
13:00:19.578 [main] INFO  c.o.v.MutatingMatchOneMarketDataOrderVisitor - [ORDERBOOK] Can't match order:Limit(side=BUY,orderId=15,price=43,quantity=1097728)(MktData(price=98,quantity=154))
13:00:19.578 [main] INFO  c.o.v.MutatingMatchOneMarketDataOrderVisitor - [ORDERBOOK] Can't match order:Limit(side=BUY,orderId=16,price=43,quantity=2195456)(MktData(price=98,quantity=154))
13:00:19.578 [main] INFO  c.o.v.MutatingMatchOneMarketDataOrderVisitor - [ORDERBOOK] Can't match order:MktData(price=43,quantity=134)(MktData(price=98,quantity=154))
13:00:19.578 [main] INFO  c.o.v.MutatingRemoveAllMarketDataOrdersVisitor - [ORDERBOOK] Removing market data order:MktData(price=98,quantity=501)
13:00:19.578 [main] INFO  c.o.v.MutatingRemoveAllMarketDataOrdersVisitor - [ORDERBOOK] Removing market data order:MktData(price=110,quantity=5000)
13:00:19.578 [main] INFO  c.o.v.MutatingRemoveAllMarketDataOrdersVisitor - [ORDERBOOK] Removing market data order:MktData(price=123,quantity=453)
13:00:19.578 [main] INFO  c.o.v.MutatingRemoveAllMarketDataOrdersVisitor - [ORDERBOOK] Removing market data order:MktData(price=167,quantity=665)
13:00:19.578 [main] DEBUG c.orderbook.OrderBook - [ORDERBOOK] ASK: Adding orderMktData(price=98,quantity=501)
13:00:19.578 [main] INFO  c.o.visitor.MutatingAddOrderVisitor - [ORDERBOOK] + Limit(side=SELL,orderId=17,price=98,quantity=501)
13:00:19.578 [main] DEBUG c.orderbook.OrderBook - [ORDERBOOK] ASK: Adding orderMktData(price=101,quantity=200)
13:00:19.578 [main] DEBUG c.orderbook.OrderBook - [ORDERBOOK] ASK: Adding orderMktData(price=110,quantity=5000)
13:00:19.578 [main] DEBUG c.orderbook.OrderBook - [ORDERBOOK] ASK: Adding orderMktData(price=119,quantity=5600)
13:00:19.578 [main] DEBUG c.orderbook.OrderBook - [ORDERBOOK] ASK: Adding orderMktData(price=123,quantity=453)
13:00:19.578 [main] DEBUG c.orderbook.OrderBook - [ORDERBOOK] ASK: Adding orderMktData(price=144,quantity=645)
13:00:19.578 [main] DEBUG c.orderbook.OrderBook - [ORDERBOOK] ASK: Adding orderMktData(price=167,quantity=665)
13:00:19.578 [main] DEBUG c.service.MarketDataService - [ALGO] BID: price:43 quantity:134
13:00:19.578 [main] DEBUG c.service.MarketDataService - [ALGO] BID: price:76 quantity:145
13:00:19.578 [main] DEBUG c.service.MarketDataService - [ALGO] BID: price:91 quantity:300
13:00:19.578 [main] DEBUG c.service.MarketDataService - [ALGO] BID: price:93 quantity:200
13:00:19.578 [main] DEBUG c.service.MarketDataService - [ALGO] BID: price:95 quantity:100
13:00:19.578 [main] DEBUG c.service.MarketDataService - [ALGO] BID: price:98 quantity:154
13:00:19.578 [main] DEBUG c.service.MarketDataService - [ALGO] ASK: price:98 quantity:501
13:00:19.578 [main] DEBUG c.service.MarketDataService - [ALGO] ASK: price:101 quantity:200
13:00:19.578 [main] DEBUG c.service.MarketDataService - [ALGO] ASK: price:110 quantity:5000
13:00:19.578 [main] DEBUG c.service.MarketDataService - [ALGO] ASK: price:119 quantity:5600
13:00:19.578 [main] DEBUG c.service.MarketDataService - [ALGO] ASK: price:123 quantity:453
13:00:19.578 [main] DEBUG c.service.MarketDataService - [ALGO] ASK: price:144 quantity:645
13:00:19.578 [main] DEBUG c.service.MarketDataService - [ALGO] ASK: price:167 quantity:665
13:00:19.578 [main] INFO  c.gettingstarted.MyAlgoLogic - [MYALGO] The state of the order book is:
|----BID-----||----ASK----|
    134 @ 43    501 @ 98
    145 @ 76   200 @ 101
    300 @ 91  5000 @ 110
    200 @ 93  5600 @ 119
    100 @ 95   453 @ 123
    154 @ 98   645 @ 144
          -    665 @ 167
|------------||-----------|

13:00:19.578 [main] INFO  c.gettingstarted.MyAlgoLogic - [MYALGO] Algo Sees Book as: 
|----BID-----||----ASK----|
    134 @ 43    501 @ 98
    145 @ 76   200 @ 101
    300 @ 91  5000 @ 110
    200 @ 93  5600 @ 119
    100 @ 95   453 @ 123
    154 @ 98   645 @ 144
          -    665 @ 167
|------------||-----------|

13:00:19.578 [main] INFO  c.gettingstarted.TimedLogic - [TIMEDLOGIC] Market is open
13:00:19.578 [main] INFO  c.sequencer.consumer.LoggingConsumer - [193] 
|----BID-----|
    134 @ 43
    145 @ 76
    300 @ 91
    200 @ 93
    100 @ 95
    154 @ 98
|----ASK-----|
    501 @ 98
   200 @ 101
  5000 @ 110
  5600 @ 119
   453 @ 123
   645 @ 144
   665 @ 167

13:00:19.578 [main] INFO  c.orderbook.OrderBook - [ORDERBOOK] Processing Mkt Data Update
13:00:19.578 [main] INFO  c.o.v.MutatingRemoveAllMarketDataOrdersVisitor - [ORDERBOOK] Removing market data order:MktData(price=43,quantity=134)
13:00:19.578 [main] DEBUG c.orderbook.OrderBook - [ORDERBOOK] ASK: Adding orderMktData(price=43,quantity=134)
13:00:19.578 [main] INFO  c.o.visitor.MutatingAddOrderVisitor - [ORDERBOOK] + Limit(side=BUY,orderId=16,price=43,quantity=2195456)
13:00:19.578 [main] DEBUG c.orderbook.OrderBook - [ORDERBOOK] ASK: Adding orderMktData(price=76,quantity=145)
13:00:19.578 [main] DEBUG c.orderbook.OrderBook - [ORDERBOOK] ASK: Adding orderMktData(price=91,quantity=300)
13:00:19.578 [main] DEBUG c.orderbook.OrderBook - [ORDERBOOK] ASK: Adding orderMktData(price=93,quantity=200)
13:00:19.578 [main] DEBUG c.orderbook.OrderBook - [ORDERBOOK] ASK: Adding orderMktData(price=95,quantity=100)
13:00:19.578 [main] DEBUG c.orderbook.OrderBook - [ORDERBOOK] ASK: Adding orderMktData(price=98,quantity=154)
13:00:19.578 [main] INFO  c.o.v.MutatingMatchOneMarketDataOrderVisitor - [ORDERBOOK] visiting LevelOrderBookLevel(price=43,quantity=4272590)
13:00:19.578 [main] INFO  c.o.v.MutatingMatchOneMarketDataOrderVisitor - [ORDERBOOK] Can't match order:Limit(side=BUY,orderId=3,price=43,quantity=268)(MktData(price=98,quantity=154))
13:00:19.578 [main] INFO  c.o.v.MutatingMatchOneMarketDataOrderVisitor - [ORDERBOOK] Can't match order:Limit(side=BUY,orderId=5,price=43,quantity=1072)(MktData(price=98,quantity=154))
13:00:19.578 [main] INFO  c.o.v.MutatingMatchOneMarketDataOrderVisitor - [ORDERBOOK] Can't match order:Limit(side=BUY,orderId=7,price=43,quantity=4288)(MktData(price=98,quantity=154))
13:00:19.578 [main] INFO  c.o.v.MutatingMatchOneMarketDataOrderVisitor - [ORDERBOOK] Can't match order:Limit(side=BUY,orderId=9,price=43,quantity=17152)(MktData(price=98,quantity=154))
13:00:19.578 [main] INFO  c.o.v.MutatingMatchOneMarketDataOrderVisitor - [ORDERBOOK] Can't match order:Limit(side=BUY,orderId=11,price=43,quantity=68608)(MktData(price=98,quantity=154))
13:00:19.578 [main] INFO  c.o.v.MutatingMatchOneMarketDataOrderVisitor - [ORDERBOOK] Can't match order:Limit(side=BUY,orderId=12,price=43,quantity=137216)(MktData(price=98,quantity=154))
13:00:19.578 [main] INFO  c.o.v.MutatingMatchOneMarketDataOrderVisitor - [ORDERBOOK] Can't match order:Limit(side=BUY,orderId=13,price=43,quantity=274432)(MktData(price=98,quantity=154))
13:00:19.578 [main] INFO  c.o.v.MutatingMatchOneMarketDataOrderVisitor - [ORDERBOOK] Can't match order:Limit(side=BUY,orderId=14,price=43,quantity=548864)(MktData(price=98,quantity=154))
13:00:19.578 [main] INFO  c.o.v.MutatingMatchOneMarketDataOrderVisitor - [ORDERBOOK] Can't match order:Limit(side=BUY,orderId=15,price=43,quantity=1097728)(MktData(price=98,quantity=154))
13:00:19.578 [main] INFO  c.o.v.MutatingMatchOneMarketDataOrderVisitor - [ORDERBOOK] Can't match order:Limit(side=BUY,orderId=16,price=43,quantity=2195456)(MktData(price=98,quantity=154))
13:00:19.578 [main] INFO  c.o.v.MutatingMatchOneMarketDataOrderVisitor - [ORDERBOOK] Can't match order:MktData(price=43,quantity=134)(MktData(price=98,quantity=154))
13:00:19.578 [main] INFO  c.o.v.MutatingRemoveAllMarketDataOrdersVisitor - [ORDERBOOK] Removing market data order:MktData(price=98,quantity=501)
13:00:19.578 [main] INFO  c.o.v.MutatingRemoveAllMarketDataOrdersVisitor - [ORDERBOOK] Removing market data order:MktData(price=110,quantity=5000)
13:00:19.578 [main] INFO  c.o.v.MutatingRemoveAllMarketDataOrdersVisitor - [ORDERBOOK] Removing market data order:MktData(price=123,quantity=453)
13:00:19.578 [main] INFO  c.o.v.MutatingRemoveAllMarketDataOrdersVisitor - [ORDERBOOK] Removing market data order:MktData(price=167,quantity=665)
13:00:19.578 [main] DEBUG c.orderbook.OrderBook - [ORDERBOOK] ASK: Adding orderMktData(price=98,quantity=501)
13:00:19.578 [main] INFO  c.o.visitor.MutatingAddOrderVisitor - [ORDERBOOK] + Limit(side=SELL,orderId=17,price=98,quantity=501)
13:00:19.578 [main] DEBUG c.orderbook.OrderBook - [ORDERBOOK] ASK: Adding orderMktData(price=101,quantity=200)
13:00:19.578 [main] DEBUG c.orderbook.OrderBook - [ORDERBOOK] ASK: Adding orderMktData(price=110,quantity=5000)
13:00:19.578 [main] DEBUG c.orderbook.OrderBook - [ORDERBOOK] ASK: Adding orderMktData(price=119,quantity=5600)
13:00:19.578 [main] DEBUG c.orderbook.OrderBook - [ORDERBOOK] ASK: Adding orderMktData(price=123,quantity=453)
13:00:19.578 [main] DEBUG c.orderbook.OrderBook - [ORDERBOOK] ASK: Adding orderMktData(price=144,quantity=645)
13:00:19.578 [main] DEBUG c.orderbook.OrderBook - [ORDERBOOK] ASK: Adding orderMktData(price=167,quantity=665)
13:00:19.578 [main] DEBUG c.service.MarketDataService - [ALGO] BID: price:43 quantity:134
13:00:19.578 [main] DEBUG c.service.MarketDataService - [ALGO] BID: price:76 quantity:145
13:00:19.578 [main] DEBUG c.service.MarketDataService - [ALGO] BID: price:91 quantity:300
13:00:19.578 [main] DEBUG c.service.MarketDataService - [ALGO] BID: price:93 quantity:200
13:00:19.578 [main] DEBUG c.service.MarketDataService - [ALGO] BID: price:95 quantity:100
13:00:19.578 [main] DEBUG c.service.MarketDataService - [ALGO] BID: price:98 quantity:154
13:00:19.578 [main] DEBUG c.service.MarketDataService - [ALGO] ASK: price:98 quantity:501
13:00:19.578 [main] DEBUG c.service.MarketDataService - [ALGO] ASK: price:101 quantity:200
13:00:19.578 [main] DEBUG c.service.MarketDataService - [ALGO] ASK: price:110 quantity:5000
13:00:19.578 [main] DEBUG c.service.MarketDataService - [ALGO] ASK: price:119 quantity:5600
13:00:19.578 [main] DEBUG c.service.MarketDataService - [ALGO] ASK: price:123 quantity:453
13:00:19.578 [main] DEBUG c.service.MarketDataService - [ALGO] ASK: price:144 quantity:645
13:00:19.578 [main] DEBUG c.service.MarketDataService - [ALGO] ASK: price:167 quantity:665
13:00:19.578 [main] INFO  c.gettingstarted.MyAlgoLogic - [MYALGO] The state of the order book is:
|----BID-----||----ASK----|
    134 @ 43    501 @ 98
    145 @ 76   200 @ 101
    300 @ 91  5000 @ 110
    200 @ 93  5600 @ 119
    100 @ 95   453 @ 123
    154 @ 98   645 @ 144
          -    665 @ 167
|------------||-----------|

13:00:19.578 [main] INFO  c.gettingstarted.MyAlgoLogic - [MYALGO] Algo Sees Book as: 
|----BID-----||----ASK----|
    134 @ 43    501 @ 98
    145 @ 76   200 @ 101
    300 @ 91  5000 @ 110
    200 @ 93  5600 @ 119
    100 @ 95   453 @ 123
    154 @ 98   645 @ 144
          -    665 @ 167
|------------||-----------|

13:00:19.578 [main] INFO  c.gettingstarted.TimedLogic - [TIMEDLOGIC] Market is open
13:00:19.578 [main] INFO  c.sequencer.consumer.LoggingConsumer - [194] 
|----BID-----|
    134 @ 43
    145 @ 76
    300 @ 91
    200 @ 93
    100 @ 95
    154 @ 98
|----ASK-----|
    501 @ 98
   200 @ 101
  5000 @ 110
  5600 @ 119
   453 @ 123
   645 @ 144
   665 @ 167

13:00:19.578 [main] INFO  c.orderbook.OrderBook - [ORDERBOOK] Processing Mkt Data Update
13:00:19.578 [main] INFO  c.o.v.MutatingRemoveAllMarketDataOrdersVisitor - [ORDERBOOK] Removing market data order:MktData(price=43,quantity=134)
13:00:19.578 [main] DEBUG c.orderbook.OrderBook - [ORDERBOOK] ASK: Adding orderMktData(price=43,quantity=134)
13:00:19.578 [main] INFO  c.o.visitor.MutatingAddOrderVisitor - [ORDERBOOK] + Limit(side=BUY,orderId=16,price=43,quantity=2195456)
13:00:19.578 [main] DEBUG c.orderbook.OrderBook - [ORDERBOOK] ASK: Adding orderMktData(price=76,quantity=145)
13:00:19.578 [main] DEBUG c.orderbook.OrderBook - [ORDERBOOK] ASK: Adding orderMktData(price=91,quantity=300)
13:00:19.578 [main] DEBUG c.orderbook.OrderBook - [ORDERBOOK] ASK: Adding orderMktData(price=93,quantity=200)
13:00:19.578 [main] DEBUG c.orderbook.OrderBook - [ORDERBOOK] ASK: Adding orderMktData(price=95,quantity=100)
13:00:19.578 [main] DEBUG c.orderbook.OrderBook - [ORDERBOOK] ASK: Adding orderMktData(price=98,quantity=154)
13:00:19.578 [main] INFO  c.o.v.MutatingMatchOneMarketDataOrderVisitor - [ORDERBOOK] visiting LevelOrderBookLevel(price=43,quantity=4272724)
13:00:19.578 [main] INFO  c.o.v.MutatingMatchOneMarketDataOrderVisitor - [ORDERBOOK] Can't match order:Limit(side=BUY,orderId=3,price=43,quantity=268)(MktData(price=98,quantity=154))
13:00:19.578 [main] INFO  c.o.v.MutatingMatchOneMarketDataOrderVisitor - [ORDERBOOK] Can't match order:Limit(side=BUY,orderId=5,price=43,quantity=1072)(MktData(price=98,quantity=154))
13:00:19.578 [main] INFO  c.o.v.MutatingMatchOneMarketDataOrderVisitor - [ORDERBOOK] Can't match order:Limit(side=BUY,orderId=7,price=43,quantity=4288)(MktData(price=98,quantity=154))
13:00:19.578 [main] INFO  c.o.v.MutatingMatchOneMarketDataOrderVisitor - [ORDERBOOK] Can't match order:Limit(side=BUY,orderId=9,price=43,quantity=17152)(MktData(price=98,quantity=154))
13:00:19.578 [main] INFO  c.o.v.MutatingMatchOneMarketDataOrderVisitor - [ORDERBOOK] Can't match order:Limit(side=BUY,orderId=11,price=43,quantity=68608)(MktData(price=98,quantity=154))
13:00:19.578 [main] INFO  c.o.v.MutatingMatchOneMarketDataOrderVisitor - [ORDERBOOK] Can't match order:Limit(side=BUY,orderId=12,price=43,quantity=137216)(MktData(price=98,quantity=154))
13:00:19.578 [main] INFO  c.o.v.MutatingMatchOneMarketDataOrderVisitor - [ORDERBOOK] Can't match order:Limit(side=BUY,orderId=13,price=43,quantity=274432)(MktData(price=98,quantity=154))
13:00:19.578 [main] INFO  c.o.v.MutatingMatchOneMarketDataOrderVisitor - [ORDERBOOK] Can't match order:Limit(side=BUY,orderId=14,price=43,quantity=548864)(MktData(price=98,quantity=154))
13:00:19.578 [main] INFO  c.o.v.MutatingMatchOneMarketDataOrderVisitor - [ORDERBOOK] Can't match order:Limit(side=BUY,orderId=15,price=43,quantity=1097728)(MktData(price=98,quantity=154))
13:00:19.578 [main] INFO  c.o.v.MutatingMatchOneMarketDataOrderVisitor - [ORDERBOOK] Can't match order:Limit(side=BUY,orderId=16,price=43,quantity=2195456)(MktData(price=98,quantity=154))
13:00:19.578 [main] INFO  c.o.v.MutatingMatchOneMarketDataOrderVisitor - [ORDERBOOK] Can't match order:MktData(price=43,quantity=134)(MktData(price=98,quantity=154))
13:00:19.578 [main] INFO  c.o.v.MutatingRemoveAllMarketDataOrdersVisitor - [ORDERBOOK] Removing market data order:MktData(price=98,quantity=501)
13:00:19.578 [main] INFO  c.o.v.MutatingRemoveAllMarketDataOrdersVisitor - [ORDERBOOK] Removing market data order:MktData(price=110,quantity=5000)
13:00:19.578 [main] INFO  c.o.v.MutatingRemoveAllMarketDataOrdersVisitor - [ORDERBOOK] Removing market data order:MktData(price=123,quantity=453)
13:00:19.578 [main] INFO  c.o.v.MutatingRemoveAllMarketDataOrdersVisitor - [ORDERBOOK] Removing market data order:MktData(price=167,quantity=665)
13:00:19.578 [main] DEBUG c.orderbook.OrderBook - [ORDERBOOK] ASK: Adding orderMktData(price=98,quantity=501)
13:00:19.578 [main] INFO  c.o.visitor.MutatingAddOrderVisitor - [ORDERBOOK] + Limit(side=SELL,orderId=17,price=98,quantity=501)
13:00:19.578 [main] DEBUG c.orderbook.OrderBook - [ORDERBOOK] ASK: Adding orderMktData(price=101,quantity=200)
13:00:19.578 [main] DEBUG c.orderbook.OrderBook - [ORDERBOOK] ASK: Adding orderMktData(price=110,quantity=5000)
13:00:19.578 [main] DEBUG c.orderbook.OrderBook - [ORDERBOOK] ASK: Adding orderMktData(price=119,quantity=5600)
13:00:19.578 [main] DEBUG c.orderbook.OrderBook - [ORDERBOOK] ASK: Adding orderMktData(price=123,quantity=453)
13:00:19.578 [main] DEBUG c.orderbook.OrderBook - [ORDERBOOK] ASK: Adding orderMktData(price=144,quantity=645)
13:00:19.578 [main] DEBUG c.orderbook.OrderBook - [ORDERBOOK] ASK: Adding orderMktData(price=167,quantity=665)
13:00:19.578 [main] DEBUG c.service.MarketDataService - [ALGO] BID: price:43 quantity:134
13:00:19.578 [main] DEBUG c.service.MarketDataService - [ALGO] BID: price:76 quantity:145
13:00:19.578 [main] DEBUG c.service.MarketDataService - [ALGO] BID: price:91 quantity:300
13:00:19.578 [main] DEBUG c.service.MarketDataService - [ALGO] BID: price:93 quantity:200
13:00:19.578 [main] DEBUG c.service.MarketDataService - [ALGO] BID: price:95 quantity:100
13:00:19.578 [main] DEBUG c.service.MarketDataService - [ALGO] BID: price:98 quantity:154
13:00:19.578 [main] DEBUG c.service.MarketDataService - [ALGO] ASK: price:98 quantity:501
13:00:19.578 [main] DEBUG c.service.MarketDataService - [ALGO] ASK: price:101 quantity:200
13:00:19.578 [main] DEBUG c.service.MarketDataService - [ALGO] ASK: price:110 quantity:5000
13:00:19.578 [main] DEBUG c.service.MarketDataService - [ALGO] ASK: price:119 quantity:5600
13:00:19.578 [main] DEBUG c.service.MarketDataService - [ALGO] ASK: price:123 quantity:453
13:00:19.578 [main] DEBUG c.service.MarketDataService - [ALGO] ASK: price:144 quantity:645
13:00:19.578 [main] DEBUG c.service.MarketDataService - [ALGO] ASK: price:167 quantity:665
13:00:19.578 [main] INFO  c.gettingstarted.MyAlgoLogic - [MYALGO] The state of the order book is:
|----BID-----||----ASK----|
    134 @ 43    501 @ 98
    145 @ 76   200 @ 101
    300 @ 91  5000 @ 110
    200 @ 93  5600 @ 119
    100 @ 95   453 @ 123
    154 @ 98   645 @ 144
          -    665 @ 167
|------------||-----------|

13:00:19.578 [main] INFO  c.gettingstarted.MyAlgoLogic - [MYALGO] Algo Sees Book as: 
|----BID-----||----ASK----|
    134 @ 43    501 @ 98
    145 @ 76   200 @ 101
    300 @ 91  5000 @ 110
    200 @ 93  5600 @ 119
    100 @ 95   453 @ 123
    154 @ 98   645 @ 144
          -    665 @ 167
|------------||-----------|

13:00:19.578 [main] INFO  c.gettingstarted.TimedLogic - [TIMEDLOGIC] Market is open
13:00:19.578 [main] INFO  c.sequencer.consumer.LoggingConsumer - [195] 
|----BID-----|
    134 @ 43
    145 @ 76
    300 @ 91
    200 @ 93
    100 @ 95
    154 @ 98
|----ASK-----|
    501 @ 98
   200 @ 101
  5000 @ 110
  5600 @ 119
   453 @ 123
   645 @ 144
   665 @ 167

13:00:19.578 [main] INFO  c.orderbook.OrderBook - [ORDERBOOK] Processing Mkt Data Update
13:00:19.578 [main] INFO  c.o.v.MutatingRemoveAllMarketDataOrdersVisitor - [ORDERBOOK] Removing market data order:MktData(price=43,quantity=134)
13:00:19.578 [main] DEBUG c.orderbook.OrderBook - [ORDERBOOK] ASK: Adding orderMktData(price=43,quantity=134)
13:00:19.578 [main] INFO  c.o.visitor.MutatingAddOrderVisitor - [ORDERBOOK] + Limit(side=BUY,orderId=16,price=43,quantity=2195456)
13:00:19.578 [main] DEBUG c.orderbook.OrderBook - [ORDERBOOK] ASK: Adding orderMktData(price=76,quantity=145)
13:00:19.578 [main] DEBUG c.orderbook.OrderBook - [ORDERBOOK] ASK: Adding orderMktData(price=91,quantity=300)
13:00:19.578 [main] DEBUG c.orderbook.OrderBook - [ORDERBOOK] ASK: Adding orderMktData(price=93,quantity=200)
13:00:19.578 [main] DEBUG c.orderbook.OrderBook - [ORDERBOOK] ASK: Adding orderMktData(price=95,quantity=100)
13:00:19.578 [main] DEBUG c.orderbook.OrderBook - [ORDERBOOK] ASK: Adding orderMktData(price=98,quantity=154)
13:00:19.578 [main] INFO  c.o.v.MutatingMatchOneMarketDataOrderVisitor - [ORDERBOOK] visiting LevelOrderBookLevel(price=43,quantity=4272858)
13:00:19.578 [main] INFO  c.o.v.MutatingMatchOneMarketDataOrderVisitor - [ORDERBOOK] Can't match order:Limit(side=BUY,orderId=3,price=43,quantity=268)(MktData(price=98,quantity=154))
13:00:19.578 [main] INFO  c.o.v.MutatingMatchOneMarketDataOrderVisitor - [ORDERBOOK] Can't match order:Limit(side=BUY,orderId=5,price=43,quantity=1072)(MktData(price=98,quantity=154))
13:00:19.578 [main] INFO  c.o.v.MutatingMatchOneMarketDataOrderVisitor - [ORDERBOOK] Can't match order:Limit(side=BUY,orderId=7,price=43,quantity=4288)(MktData(price=98,quantity=154))
13:00:19.578 [main] INFO  c.o.v.MutatingMatchOneMarketDataOrderVisitor - [ORDERBOOK] Can't match order:Limit(side=BUY,orderId=9,price=43,quantity=17152)(MktData(price=98,quantity=154))
13:00:19.578 [main] INFO  c.o.v.MutatingMatchOneMarketDataOrderVisitor - [ORDERBOOK] Can't match order:Limit(side=BUY,orderId=11,price=43,quantity=68608)(MktData(price=98,quantity=154))
13:00:19.578 [main] INFO  c.o.v.MutatingMatchOneMarketDataOrderVisitor - [ORDERBOOK] Can't match order:Limit(side=BUY,orderId=12,price=43,quantity=137216)(MktData(price=98,quantity=154))
13:00:19.578 [main] INFO  c.o.v.MutatingMatchOneMarketDataOrderVisitor - [ORDERBOOK] Can't match order:Limit(side=BUY,orderId=13,price=43,quantity=274432)(MktData(price=98,quantity=154))
13:00:19.578 [main] INFO  c.o.v.MutatingMatchOneMarketDataOrderVisitor - [ORDERBOOK] Can't match order:Limit(side=BUY,orderId=14,price=43,quantity=548864)(MktData(price=98,quantity=154))
13:00:19.578 [main] INFO  c.o.v.MutatingMatchOneMarketDataOrderVisitor - [ORDERBOOK] Can't match order:Limit(side=BUY,orderId=15,price=43,quantity=1097728)(MktData(price=98,quantity=154))
13:00:19.578 [main] INFO  c.o.v.MutatingMatchOneMarketDataOrderVisitor - [ORDERBOOK] Can't match order:Limit(side=BUY,orderId=16,price=43,quantity=2195456)(MktData(price=98,quantity=154))
13:00:19.578 [main] INFO  c.o.v.MutatingMatchOneMarketDataOrderVisitor - [ORDERBOOK] Can't match order:MktData(price=43,quantity=134)(MktData(price=98,quantity=154))
13:00:19.578 [main] INFO  c.o.v.MutatingRemoveAllMarketDataOrdersVisitor - [ORDERBOOK] Removing market data order:MktData(price=98,quantity=501)
13:00:19.578 [main] INFO  c.o.v.MutatingRemoveAllMarketDataOrdersVisitor - [ORDERBOOK] Removing market data order:MktData(price=110,quantity=5000)
13:00:19.578 [main] INFO  c.o.v.MutatingRemoveAllMarketDataOrdersVisitor - [ORDERBOOK] Removing market data order:MktData(price=123,quantity=453)
13:00:19.578 [main] INFO  c.o.v.MutatingRemoveAllMarketDataOrdersVisitor - [ORDERBOOK] Removing market data order:MktData(price=167,quantity=665)
13:00:19.578 [main] DEBUG c.orderbook.OrderBook - [ORDERBOOK] ASK: Adding orderMktData(price=98,quantity=501)
13:00:19.578 [main] INFO  c.o.visitor.MutatingAddOrderVisitor - [ORDERBOOK] + Limit(side=SELL,orderId=17,price=98,quantity=501)
13:00:19.578 [main] DEBUG c.orderbook.OrderBook - [ORDERBOOK] ASK: Adding orderMktData(price=101,quantity=200)
13:00:19.578 [main] DEBUG c.orderbook.OrderBook - [ORDERBOOK] ASK: Adding orderMktData(price=110,quantity=5000)
13:00:19.578 [main] DEBUG c.orderbook.OrderBook - [ORDERBOOK] ASK: Adding orderMktData(price=119,quantity=5600)
13:00:19.578 [main] DEBUG c.orderbook.OrderBook - [ORDERBOOK] ASK: Adding orderMktData(price=123,quantity=453)
13:00:19.578 [main] DEBUG c.orderbook.OrderBook - [ORDERBOOK] ASK: Adding orderMktData(price=144,quantity=645)
13:00:19.578 [main] DEBUG c.orderbook.OrderBook - [ORDERBOOK] ASK: Adding orderMktData(price=167,quantity=665)
13:00:19.578 [main] DEBUG c.service.MarketDataService - [ALGO] BID: price:43 quantity:134
13:00:19.578 [main] DEBUG c.service.MarketDataService - [ALGO] BID: price:76 quantity:145
13:00:19.578 [main] DEBUG c.service.MarketDataService - [ALGO] BID: price:91 quantity:300
13:00:19.578 [main] DEBUG c.service.MarketDataService - [ALGO] BID: price:93 quantity:200
13:00:19.578 [main] DEBUG c.service.MarketDataService - [ALGO] BID: price:95 quantity:100
13:00:19.578 [main] DEBUG c.service.MarketDataService - [ALGO] BID: price:98 quantity:154
13:00:19.578 [main] DEBUG c.service.MarketDataService - [ALGO] ASK: price:98 quantity:501
13:00:19.578 [main] DEBUG c.service.MarketDataService - [ALGO] ASK: price:101 quantity:200
13:00:19.578 [main] DEBUG c.service.MarketDataService - [ALGO] ASK: price:110 quantity:5000
13:00:19.578 [main] DEBUG c.service.MarketDataService - [ALGO] ASK: price:119 quantity:5600
13:00:19.578 [main] DEBUG c.service.MarketDataService - [ALGO] ASK: price:123 quantity:453
13:00:19.578 [main] DEBUG c.service.MarketDataService - [ALGO] ASK: price:144 quantity:645
13:00:19.578 [main] DEBUG c.service.MarketDataService - [ALGO] ASK: price:167 quantity:665
13:00:19.578 [main] INFO  c.gettingstarted.MyAlgoLogic - [MYALGO] The state of the order book is:
|----BID-----||----ASK----|
    134 @ 43    501 @ 98
    145 @ 76   200 @ 101
    300 @ 91  5000 @ 110
    200 @ 93  5600 @ 119
    100 @ 95   453 @ 123
    154 @ 98   645 @ 144
          -    665 @ 167
|------------||-----------|

13:00:19.578 [main] INFO  c.gettingstarted.MyAlgoLogic - [MYALGO] Algo Sees Book as: 
|----BID-----||----ASK----|
    134 @ 43    501 @ 98
    145 @ 76   200 @ 101
    300 @ 91  5000 @ 110
    200 @ 93  5600 @ 119
    100 @ 95   453 @ 123
    154 @ 98   645 @ 144
          -    665 @ 167
|------------||-----------|

13:00:19.578 [main] INFO  c.gettingstarted.TimedLogic - [TIMEDLOGIC] Market is open
13:00:19.578 [main] INFO  c.sequencer.consumer.LoggingConsumer - [196] 
|----BID-----|
    134 @ 43
    145 @ 76
    300 @ 91
    200 @ 93
    100 @ 95
    154 @ 98
|----ASK-----|
    501 @ 98
   200 @ 101
  5000 @ 110
  5600 @ 119
   453 @ 123
   645 @ 144
   665 @ 167

13:00:19.578 [main] INFO  c.orderbook.OrderBook - [ORDERBOOK] Processing Mkt Data Update
13:00:19.578 [main] INFO  c.o.v.MutatingRemoveAllMarketDataOrdersVisitor - [ORDERBOOK] Removing market data order:MktData(price=43,quantity=134)
13:00:19.578 [main] DEBUG c.orderbook.OrderBook - [ORDERBOOK] ASK: Adding orderMktData(price=43,quantity=134)
13:00:19.578 [main] INFO  c.o.visitor.MutatingAddOrderVisitor - [ORDERBOOK] + Limit(side=BUY,orderId=16,price=43,quantity=2195456)
13:00:19.578 [main] DEBUG c.orderbook.OrderBook - [ORDERBOOK] ASK: Adding orderMktData(price=76,quantity=145)
13:00:19.578 [main] DEBUG c.orderbook.OrderBook - [ORDERBOOK] ASK: Adding orderMktData(price=91,quantity=300)
13:00:19.578 [main] DEBUG c.orderbook.OrderBook - [ORDERBOOK] ASK: Adding orderMktData(price=93,quantity=200)
13:00:19.578 [main] DEBUG c.orderbook.OrderBook - [ORDERBOOK] ASK: Adding orderMktData(price=95,quantity=100)
13:00:19.578 [main] DEBUG c.orderbook.OrderBook - [ORDERBOOK] ASK: Adding orderMktData(price=98,quantity=154)
13:00:19.578 [main] INFO  c.o.v.MutatingMatchOneMarketDataOrderVisitor - [ORDERBOOK] visiting LevelOrderBookLevel(price=43,quantity=4272992)
13:00:19.578 [main] INFO  c.o.v.MutatingMatchOneMarketDataOrderVisitor - [ORDERBOOK] Can't match order:Limit(side=BUY,orderId=3,price=43,quantity=268)(MktData(price=98,quantity=154))
13:00:19.578 [main] INFO  c.o.v.MutatingMatchOneMarketDataOrderVisitor - [ORDERBOOK] Can't match order:Limit(side=BUY,orderId=5,price=43,quantity=1072)(MktData(price=98,quantity=154))
13:00:19.578 [main] INFO  c.o.v.MutatingMatchOneMarketDataOrderVisitor - [ORDERBOOK] Can't match order:Limit(side=BUY,orderId=7,price=43,quantity=4288)(MktData(price=98,quantity=154))
13:00:19.578 [main] INFO  c.o.v.MutatingMatchOneMarketDataOrderVisitor - [ORDERBOOK] Can't match order:Limit(side=BUY,orderId=9,price=43,quantity=17152)(MktData(price=98,quantity=154))
13:00:19.578 [main] INFO  c.o.v.MutatingMatchOneMarketDataOrderVisitor - [ORDERBOOK] Can't match order:Limit(side=BUY,orderId=11,price=43,quantity=68608)(MktData(price=98,quantity=154))
13:00:19.578 [main] INFO  c.o.v.MutatingMatchOneMarketDataOrderVisitor - [ORDERBOOK] Can't match order:Limit(side=BUY,orderId=12,price=43,quantity=137216)(MktData(price=98,quantity=154))
13:00:19.578 [main] INFO  c.o.v.MutatingMatchOneMarketDataOrderVisitor - [ORDERBOOK] Can't match order:Limit(side=BUY,orderId=13,price=43,quantity=274432)(MktData(price=98,quantity=154))
13:00:19.578 [main] INFO  c.o.v.MutatingMatchOneMarketDataOrderVisitor - [ORDERBOOK] Can't match order:Limit(side=BUY,orderId=14,price=43,quantity=548864)(MktData(price=98,quantity=154))
13:00:19.578 [main] INFO  c.o.v.MutatingMatchOneMarketDataOrderVisitor - [ORDERBOOK] Can't match order:Limit(side=BUY,orderId=15,price=43,quantity=1097728)(MktData(price=98,quantity=154))
13:00:19.578 [main] INFO  c.o.v.MutatingMatchOneMarketDataOrderVisitor - [ORDERBOOK] Can't match order:Limit(side=BUY,orderId=16,price=43,quantity=2195456)(MktData(price=98,quantity=154))
13:00:19.578 [main] INFO  c.o.v.MutatingMatchOneMarketDataOrderVisitor - [ORDERBOOK] Can't match order:MktData(price=43,quantity=134)(MktData(price=98,quantity=154))
13:00:19.578 [main] INFO  c.o.v.MutatingRemoveAllMarketDataOrdersVisitor - [ORDERBOOK] Removing market data order:MktData(price=98,quantity=501)
13:00:19.578 [main] INFO  c.o.v.MutatingRemoveAllMarketDataOrdersVisitor - [ORDERBOOK] Removing market data order:MktData(price=110,quantity=5000)
13:00:19.578 [main] INFO  c.o.v.MutatingRemoveAllMarketDataOrdersVisitor - [ORDERBOOK] Removing market data order:MktData(price=123,quantity=453)
13:00:19.578 [main] INFO  c.o.v.MutatingRemoveAllMarketDataOrdersVisitor - [ORDERBOOK] Removing market data order:MktData(price=167,quantity=665)
13:00:19.578 [main] DEBUG c.orderbook.OrderBook - [ORDERBOOK] ASK: Adding orderMktData(price=98,quantity=501)
13:00:19.578 [main] INFO  c.o.visitor.MutatingAddOrderVisitor - [ORDERBOOK] + Limit(side=SELL,orderId=17,price=98,quantity=501)
13:00:19.578 [main] DEBUG c.orderbook.OrderBook - [ORDERBOOK] ASK: Adding orderMktData(price=101,quantity=200)
13:00:19.578 [main] DEBUG c.orderbook.OrderBook - [ORDERBOOK] ASK: Adding orderMktData(price=110,quantity=5000)
13:00:19.578 [main] DEBUG c.orderbook.OrderBook - [ORDERBOOK] ASK: Adding orderMktData(price=119,quantity=5600)
13:00:19.578 [main] DEBUG c.orderbook.OrderBook - [ORDERBOOK] ASK: Adding orderMktData(price=123,quantity=453)
13:00:19.578 [main] DEBUG c.orderbook.OrderBook - [ORDERBOOK] ASK: Adding orderMktData(price=144,quantity=645)
13:00:19.578 [main] DEBUG c.orderbook.OrderBook - [ORDERBOOK] ASK: Adding orderMktData(price=167,quantity=665)
13:00:19.578 [main] DEBUG c.service.MarketDataService - [ALGO] BID: price:43 quantity:134
13:00:19.578 [main] DEBUG c.service.MarketDataService - [ALGO] BID: price:76 quantity:145
13:00:19.578 [main] DEBUG c.service.MarketDataService - [ALGO] BID: price:91 quantity:300
13:00:19.578 [main] DEBUG c.service.MarketDataService - [ALGO] BID: price:93 quantity:200
13:00:19.578 [main] DEBUG c.service.MarketDataService - [ALGO] BID: price:95 quantity:100
13:00:19.578 [main] DEBUG c.service.MarketDataService - [ALGO] BID: price:98 quantity:154
13:00:19.578 [main] DEBUG c.service.MarketDataService - [ALGO] ASK: price:98 quantity:501
13:00:19.578 [main] DEBUG c.service.MarketDataService - [ALGO] ASK: price:101 quantity:200
13:00:19.578 [main] DEBUG c.service.MarketDataService - [ALGO] ASK: price:110 quantity:5000
13:00:19.578 [main] DEBUG c.service.MarketDataService - [ALGO] ASK: price:119 quantity:5600
13:00:19.578 [main] DEBUG c.service.MarketDataService - [ALGO] ASK: price:123 quantity:453
13:00:19.578 [main] DEBUG c.service.MarketDataService - [ALGO] ASK: price:144 quantity:645
13:00:19.578 [main] DEBUG c.service.MarketDataService - [ALGO] ASK: price:167 quantity:665
13:00:19.578 [main] INFO  c.gettingstarted.MyAlgoLogic - [MYALGO] The state of the order book is:
|----BID-----||----ASK----|
    134 @ 43    501 @ 98
    145 @ 76   200 @ 101
    300 @ 91  5000 @ 110
    200 @ 93  5600 @ 119
    100 @ 95   453 @ 123
    154 @ 98   645 @ 144
          -    665 @ 167
|------------||-----------|

13:00:19.594 [main] INFO  c.gettingstarted.MyAlgoLogic - [MYALGO] Algo Sees Book as: 
|----BID-----||----ASK----|
    134 @ 43    501 @ 98
    145 @ 76   200 @ 101
    300 @ 91  5000 @ 110
    200 @ 93  5600 @ 119
    100 @ 95   453 @ 123
    154 @ 98   645 @ 144
          -    665 @ 167
|------------||-----------|

13:00:19.594 [main] INFO  c.gettingstarted.TimedLogic - [TIMEDLOGIC] Market is open
13:00:19.594 [main] INFO  c.sequencer.consumer.LoggingConsumer - [197] 
|----BID-----|
    134 @ 43
    145 @ 76
    300 @ 91
    200 @ 93
    100 @ 95
    154 @ 98
|----ASK-----|
    501 @ 98
   200 @ 101
  5000 @ 110
  5600 @ 119
   453 @ 123
   645 @ 144
   665 @ 167

13:00:19.594 [main] INFO  c.orderbook.OrderBook - [ORDERBOOK] Processing Mkt Data Update
13:00:19.594 [main] INFO  c.o.v.MutatingRemoveAllMarketDataOrdersVisitor - [ORDERBOOK] Removing market data order:MktData(price=43,quantity=134)
13:00:19.594 [main] DEBUG c.orderbook.OrderBook - [ORDERBOOK] ASK: Adding orderMktData(price=43,quantity=134)
13:00:19.594 [main] INFO  c.o.visitor.MutatingAddOrderVisitor - [ORDERBOOK] + Limit(side=BUY,orderId=16,price=43,quantity=2195456)
13:00:19.594 [main] DEBUG c.orderbook.OrderBook - [ORDERBOOK] ASK: Adding orderMktData(price=76,quantity=145)
13:00:19.594 [main] DEBUG c.orderbook.OrderBook - [ORDERBOOK] ASK: Adding orderMktData(price=91,quantity=300)
13:00:19.594 [main] DEBUG c.orderbook.OrderBook - [ORDERBOOK] ASK: Adding orderMktData(price=93,quantity=200)
13:00:19.594 [main] DEBUG c.orderbook.OrderBook - [ORDERBOOK] ASK: Adding orderMktData(price=95,quantity=100)
13:00:19.594 [main] DEBUG c.orderbook.OrderBook - [ORDERBOOK] ASK: Adding orderMktData(price=98,quantity=154)
13:00:19.594 [main] INFO  c.o.v.MutatingMatchOneMarketDataOrderVisitor - [ORDERBOOK] visiting LevelOrderBookLevel(price=43,quantity=4273126)
13:00:19.594 [main] INFO  c.o.v.MutatingMatchOneMarketDataOrderVisitor - [ORDERBOOK] Can't match order:Limit(side=BUY,orderId=3,price=43,quantity=268)(MktData(price=98,quantity=154))
13:00:19.594 [main] INFO  c.o.v.MutatingMatchOneMarketDataOrderVisitor - [ORDERBOOK] Can't match order:Limit(side=BUY,orderId=5,price=43,quantity=1072)(MktData(price=98,quantity=154))
13:00:19.594 [main] INFO  c.o.v.MutatingMatchOneMarketDataOrderVisitor - [ORDERBOOK] Can't match order:Limit(side=BUY,orderId=7,price=43,quantity=4288)(MktData(price=98,quantity=154))
13:00:19.594 [main] INFO  c.o.v.MutatingMatchOneMarketDataOrderVisitor - [ORDERBOOK] Can't match order:Limit(side=BUY,orderId=9,price=43,quantity=17152)(MktData(price=98,quantity=154))
13:00:19.594 [main] INFO  c.o.v.MutatingMatchOneMarketDataOrderVisitor - [ORDERBOOK] Can't match order:Limit(side=BUY,orderId=11,price=43,quantity=68608)(MktData(price=98,quantity=154))
13:00:19.594 [main] INFO  c.o.v.MutatingMatchOneMarketDataOrderVisitor - [ORDERBOOK] Can't match order:Limit(side=BUY,orderId=12,price=43,quantity=137216)(MktData(price=98,quantity=154))
13:00:19.594 [main] INFO  c.o.v.MutatingMatchOneMarketDataOrderVisitor - [ORDERBOOK] Can't match order:Limit(side=BUY,orderId=13,price=43,quantity=274432)(MktData(price=98,quantity=154))
13:00:19.594 [main] INFO  c.o.v.MutatingMatchOneMarketDataOrderVisitor - [ORDERBOOK] Can't match order:Limit(side=BUY,orderId=14,price=43,quantity=548864)(MktData(price=98,quantity=154))
13:00:19.594 [main] INFO  c.o.v.MutatingMatchOneMarketDataOrderVisitor - [ORDERBOOK] Can't match order:Limit(side=BUY,orderId=15,price=43,quantity=1097728)(MktData(price=98,quantity=154))
13:00:19.594 [main] INFO  c.o.v.MutatingMatchOneMarketDataOrderVisitor - [ORDERBOOK] Can't match order:Limit(side=BUY,orderId=16,price=43,quantity=2195456)(MktData(price=98,quantity=154))
13:00:19.594 [main] INFO  c.o.v.MutatingMatchOneMarketDataOrderVisitor - [ORDERBOOK] Can't match order:MktData(price=43,quantity=134)(MktData(price=98,quantity=154))
13:00:19.594 [main] INFO  c.o.v.MutatingRemoveAllMarketDataOrdersVisitor - [ORDERBOOK] Removing market data order:MktData(price=98,quantity=501)
13:00:19.594 [main] INFO  c.o.v.MutatingRemoveAllMarketDataOrdersVisitor - [ORDERBOOK] Removing market data order:MktData(price=110,quantity=5000)
13:00:19.594 [main] INFO  c.o.v.MutatingRemoveAllMarketDataOrdersVisitor - [ORDERBOOK] Removing market data order:MktData(price=123,quantity=453)
13:00:19.594 [main] INFO  c.o.v.MutatingRemoveAllMarketDataOrdersVisitor - [ORDERBOOK] Removing market data order:MktData(price=167,quantity=665)
13:00:19.594 [main] DEBUG c.orderbook.OrderBook - [ORDERBOOK] ASK: Adding orderMktData(price=98,quantity=501)
13:00:19.594 [main] INFO  c.o.visitor.MutatingAddOrderVisitor - [ORDERBOOK] + Limit(side=SELL,orderId=17,price=98,quantity=501)
13:00:19.594 [main] DEBUG c.orderbook.OrderBook - [ORDERBOOK] ASK: Adding orderMktData(price=101,quantity=200)
13:00:19.594 [main] DEBUG c.orderbook.OrderBook - [ORDERBOOK] ASK: Adding orderMktData(price=110,quantity=5000)
13:00:19.594 [main] DEBUG c.orderbook.OrderBook - [ORDERBOOK] ASK: Adding orderMktData(price=119,quantity=5600)
13:00:19.594 [main] DEBUG c.orderbook.OrderBook - [ORDERBOOK] ASK: Adding orderMktData(price=123,quantity=453)
13:00:19.594 [main] DEBUG c.orderbook.OrderBook - [ORDERBOOK] ASK: Adding orderMktData(price=144,quantity=645)
13:00:19.594 [main] DEBUG c.orderbook.OrderBook - [ORDERBOOK] ASK: Adding orderMktData(price=167,quantity=665)
13:00:19.594 [main] DEBUG c.service.MarketDataService - [ALGO] BID: price:43 quantity:134
13:00:19.594 [main] DEBUG c.service.MarketDataService - [ALGO] BID: price:76 quantity:145
13:00:19.594 [main] DEBUG c.service.MarketDataService - [ALGO] BID: price:91 quantity:300
13:00:19.594 [main] DEBUG c.service.MarketDataService - [ALGO] BID: price:93 quantity:200
13:00:19.594 [main] DEBUG c.service.MarketDataService - [ALGO] BID: price:95 quantity:100
13:00:19.594 [main] DEBUG c.service.MarketDataService - [ALGO] BID: price:98 quantity:154
13:00:19.594 [main] DEBUG c.service.MarketDataService - [ALGO] ASK: price:98 quantity:501
13:00:19.594 [main] DEBUG c.service.MarketDataService - [ALGO] ASK: price:101 quantity:200
13:00:19.594 [main] DEBUG c.service.MarketDataService - [ALGO] ASK: price:110 quantity:5000
13:00:19.594 [main] DEBUG c.service.MarketDataService - [ALGO] ASK: price:119 quantity:5600
13:00:19.594 [main] DEBUG c.service.MarketDataService - [ALGO] ASK: price:123 quantity:453
13:00:19.594 [main] DEBUG c.service.MarketDataService - [ALGO] ASK: price:144 quantity:645
13:00:19.594 [main] DEBUG c.service.MarketDataService - [ALGO] ASK: price:167 quantity:665
13:00:19.594 [main] INFO  c.gettingstarted.MyAlgoLogic - [MYALGO] The state of the order book is:
|----BID-----||----ASK----|
    134 @ 43    501 @ 98
    145 @ 76   200 @ 101
    300 @ 91  5000 @ 110
    200 @ 93  5600 @ 119
    100 @ 95   453 @ 123
    154 @ 98   645 @ 144
          -    665 @ 167
|------------||-----------|

13:00:19.594 [main] INFO  c.gettingstarted.MyAlgoLogic - [MYALGO] Algo Sees Book as: 
|----BID-----||----ASK----|
    134 @ 43    501 @ 98
    145 @ 76   200 @ 101
    300 @ 91  5000 @ 110
    200 @ 93  5600 @ 119
    100 @ 95   453 @ 123
    154 @ 98   645 @ 144
          -    665 @ 167
|------------||-----------|

13:00:19.594 [main] INFO  c.gettingstarted.TimedLogic - [TIMEDLOGIC] Market is open
13:00:19.594 [main] INFO  c.sequencer.consumer.LoggingConsumer - [198] 
|----BID-----|
    134 @ 43
    145 @ 76
    300 @ 91
    200 @ 93
    100 @ 95
    154 @ 98
|----ASK-----|
    501 @ 98
   200 @ 101
  5000 @ 110
  5600 @ 119
   453 @ 123
   645 @ 144
   665 @ 167

13:00:19.594 [main] INFO  c.orderbook.OrderBook - [ORDERBOOK] Processing Mkt Data Update
13:00:19.594 [main] INFO  c.o.v.MutatingRemoveAllMarketDataOrdersVisitor - [ORDERBOOK] Removing market data order:MktData(price=43,quantity=134)
13:00:19.594 [main] DEBUG c.orderbook.OrderBook - [ORDERBOOK] ASK: Adding orderMktData(price=43,quantity=134)
13:00:19.594 [main] INFO  c.o.visitor.MutatingAddOrderVisitor - [ORDERBOOK] + Limit(side=BUY,orderId=16,price=43,quantity=2195456)
13:00:19.594 [main] DEBUG c.orderbook.OrderBook - [ORDERBOOK] ASK: Adding orderMktData(price=76,quantity=145)
13:00:19.594 [main] DEBUG c.orderbook.OrderBook - [ORDERBOOK] ASK: Adding orderMktData(price=91,quantity=300)
13:00:19.594 [main] DEBUG c.orderbook.OrderBook - [ORDERBOOK] ASK: Adding orderMktData(price=93,quantity=200)
13:00:19.594 [main] DEBUG c.orderbook.OrderBook - [ORDERBOOK] ASK: Adding orderMktData(price=95,quantity=100)
13:00:19.594 [main] DEBUG c.orderbook.OrderBook - [ORDERBOOK] ASK: Adding orderMktData(price=98,quantity=154)
13:00:19.594 [main] INFO  c.o.v.MutatingMatchOneMarketDataOrderVisitor - [ORDERBOOK] visiting LevelOrderBookLevel(price=43,quantity=4273260)
13:00:19.594 [main] INFO  c.o.v.MutatingMatchOneMarketDataOrderVisitor - [ORDERBOOK] Can't match order:Limit(side=BUY,orderId=3,price=43,quantity=268)(MktData(price=98,quantity=154))
13:00:19.594 [main] INFO  c.o.v.MutatingMatchOneMarketDataOrderVisitor - [ORDERBOOK] Can't match order:Limit(side=BUY,orderId=5,price=43,quantity=1072)(MktData(price=98,quantity=154))
13:00:19.594 [main] INFO  c.o.v.MutatingMatchOneMarketDataOrderVisitor - [ORDERBOOK] Can't match order:Limit(side=BUY,orderId=7,price=43,quantity=4288)(MktData(price=98,quantity=154))
13:00:19.594 [main] INFO  c.o.v.MutatingMatchOneMarketDataOrderVisitor - [ORDERBOOK] Can't match order:Limit(side=BUY,orderId=9,price=43,quantity=17152)(MktData(price=98,quantity=154))
13:00:19.594 [main] INFO  c.o.v.MutatingMatchOneMarketDataOrderVisitor - [ORDERBOOK] Can't match order:Limit(side=BUY,orderId=11,price=43,quantity=68608)(MktData(price=98,quantity=154))
13:00:19.594 [main] INFO  c.o.v.MutatingMatchOneMarketDataOrderVisitor - [ORDERBOOK] Can't match order:Limit(side=BUY,orderId=12,price=43,quantity=137216)(MktData(price=98,quantity=154))
13:00:19.594 [main] INFO  c.o.v.MutatingMatchOneMarketDataOrderVisitor - [ORDERBOOK] Can't match order:Limit(side=BUY,orderId=13,price=43,quantity=274432)(MktData(price=98,quantity=154))
13:00:19.594 [main] INFO  c.o.v.MutatingMatchOneMarketDataOrderVisitor - [ORDERBOOK] Can't match order:Limit(side=BUY,orderId=14,price=43,quantity=548864)(MktData(price=98,quantity=154))
13:00:19.594 [main] INFO  c.o.v.MutatingMatchOneMarketDataOrderVisitor - [ORDERBOOK] Can't match order:Limit(side=BUY,orderId=15,price=43,quantity=1097728)(MktData(price=98,quantity=154))
13:00:19.594 [main] INFO  c.o.v.MutatingMatchOneMarketDataOrderVisitor - [ORDERBOOK] Can't match order:Limit(side=BUY,orderId=16,price=43,quantity=2195456)(MktData(price=98,quantity=154))
13:00:19.594 [main] INFO  c.o.v.MutatingMatchOneMarketDataOrderVisitor - [ORDERBOOK] Can't match order:MktData(price=43,quantity=134)(MktData(price=98,quantity=154))
13:00:19.594 [main] INFO  c.o.v.MutatingRemoveAllMarketDataOrdersVisitor - [ORDERBOOK] Removing market data order:MktData(price=98,quantity=501)
13:00:19.594 [main] INFO  c.o.v.MutatingRemoveAllMarketDataOrdersVisitor - [ORDERBOOK] Removing market data order:MktData(price=110,quantity=5000)
13:00:19.594 [main] INFO  c.o.v.MutatingRemoveAllMarketDataOrdersVisitor - [ORDERBOOK] Removing market data order:MktData(price=123,quantity=453)
13:00:19.594 [main] INFO  c.o.v.MutatingRemoveAllMarketDataOrdersVisitor - [ORDERBOOK] Removing market data order:MktData(price=167,quantity=665)
13:00:19.594 [main] DEBUG c.orderbook.OrderBook - [ORDERBOOK] ASK: Adding orderMktData(price=98,quantity=501)
13:00:19.594 [main] INFO  c.o.visitor.MutatingAddOrderVisitor - [ORDERBOOK] + Limit(side=SELL,orderId=17,price=98,quantity=501)
13:00:19.594 [main] DEBUG c.orderbook.OrderBook - [ORDERBOOK] ASK: Adding orderMktData(price=101,quantity=200)
13:00:19.594 [main] DEBUG c.orderbook.OrderBook - [ORDERBOOK] ASK: Adding orderMktData(price=110,quantity=5000)
13:00:19.594 [main] DEBUG c.orderbook.OrderBook - [ORDERBOOK] ASK: Adding orderMktData(price=119,quantity=5600)
13:00:19.594 [main] DEBUG c.orderbook.OrderBook - [ORDERBOOK] ASK: Adding orderMktData(price=123,quantity=453)
13:00:19.594 [main] DEBUG c.orderbook.OrderBook - [ORDERBOOK] ASK: Adding orderMktData(price=144,quantity=645)
13:00:19.594 [main] DEBUG c.orderbook.OrderBook - [ORDERBOOK] ASK: Adding orderMktData(price=167,quantity=665)
13:00:19.594 [main] DEBUG c.service.MarketDataService - [ALGO] BID: price:43 quantity:134
13:00:19.594 [main] DEBUG c.service.MarketDataService - [ALGO] BID: price:76 quantity:145
13:00:19.594 [main] DEBUG c.service.MarketDataService - [ALGO] BID: price:91 quantity:300
13:00:19.594 [main] DEBUG c.service.MarketDataService - [ALGO] BID: price:93 quantity:200
13:00:19.594 [main] DEBUG c.service.MarketDataService - [ALGO] BID: price:95 quantity:100
13:00:19.594 [main] DEBUG c.service.MarketDataService - [ALGO] BID: price:98 quantity:154
13:00:19.594 [main] DEBUG c.service.MarketDataService - [ALGO] ASK: price:98 quantity:501
13:00:19.594 [main] DEBUG c.service.MarketDataService - [ALGO] ASK: price:101 quantity:200
13:00:19.594 [main] DEBUG c.service.MarketDataService - [ALGO] ASK: price:110 quantity:5000
13:00:19.594 [main] DEBUG c.service.MarketDataService - [ALGO] ASK: price:119 quantity:5600
13:00:19.594 [main] DEBUG c.service.MarketDataService - [ALGO] ASK: price:123 quantity:453
13:00:19.594 [main] DEBUG c.service.MarketDataService - [ALGO] ASK: price:144 quantity:645
13:00:19.594 [main] DEBUG c.service.MarketDataService - [ALGO] ASK: price:167 quantity:665
13:00:19.594 [main] INFO  c.gettingstarted.MyAlgoLogic - [MYALGO] The state of the order book is:
|----BID-----||----ASK----|
    134 @ 43    501 @ 98
    145 @ 76   200 @ 101
    300 @ 91  5000 @ 110
    200 @ 93  5600 @ 119
    100 @ 95   453 @ 123
    154 @ 98   645 @ 144
          -    665 @ 167
|------------||-----------|

13:00:19.594 [main] INFO  c.gettingstarted.MyAlgoLogic - [MYALGO] Algo Sees Book as: 
|----BID-----||----ASK----|
    134 @ 43    501 @ 98
    145 @ 76   200 @ 101
    300 @ 91  5000 @ 110
    200 @ 93  5600 @ 119
    100 @ 95   453 @ 123
    154 @ 98   645 @ 144
          -    665 @ 167
|------------||-----------|

13:00:19.601 [main] INFO  c.gettingstarted.TimedLogic - [TIMEDLOGIC] Market is open
13:00:19.601 [main] INFO  c.sequencer.consumer.LoggingConsumer - [199] 
|----BID-----|
    134 @ 43
    145 @ 76
    300 @ 91
    200 @ 93
    100 @ 95
    154 @ 98
|----ASK-----|
    501 @ 98
   200 @ 101
  5000 @ 110
  5600 @ 119
   453 @ 123
   645 @ 144
   665 @ 167

13:00:19.601 [main] INFO  c.orderbook.OrderBook - [ORDERBOOK] Processing Mkt Data Update
13:00:19.601 [main] INFO  c.o.v.MutatingRemoveAllMarketDataOrdersVisitor - [ORDERBOOK] Removing market data order:MktData(price=43,quantity=134)
13:00:19.601 [main] DEBUG c.orderbook.OrderBook - [ORDERBOOK] ASK: Adding orderMktData(price=43,quantity=134)
13:00:19.601 [main] INFO  c.o.visitor.MutatingAddOrderVisitor - [ORDERBOOK] + Limit(side=BUY,orderId=16,price=43,quantity=2195456)
13:00:19.601 [main] DEBUG c.orderbook.OrderBook - [ORDERBOOK] ASK: Adding orderMktData(price=76,quantity=145)
13:00:19.601 [main] DEBUG c.orderbook.OrderBook - [ORDERBOOK] ASK: Adding orderMktData(price=91,quantity=300)
13:00:19.601 [main] DEBUG c.orderbook.OrderBook - [ORDERBOOK] ASK: Adding orderMktData(price=93,quantity=200)
13:00:19.601 [main] DEBUG c.orderbook.OrderBook - [ORDERBOOK] ASK: Adding orderMktData(price=95,quantity=100)
13:00:19.601 [main] DEBUG c.orderbook.OrderBook - [ORDERBOOK] ASK: Adding orderMktData(price=98,quantity=154)
13:00:19.601 [main] INFO  c.o.v.MutatingMatchOneMarketDataOrderVisitor - [ORDERBOOK] visiting LevelOrderBookLevel(price=43,quantity=4273394)
13:00:19.601 [main] INFO  c.o.v.MutatingMatchOneMarketDataOrderVisitor - [ORDERBOOK] Can't match order:Limit(side=BUY,orderId=3,price=43,quantity=268)(MktData(price=98,quantity=154))
13:00:19.601 [main] INFO  c.o.v.MutatingMatchOneMarketDataOrderVisitor - [ORDERBOOK] Can't match order:Limit(side=BUY,orderId=5,price=43,quantity=1072)(MktData(price=98,quantity=154))
13:00:19.601 [main] INFO  c.o.v.MutatingMatchOneMarketDataOrderVisitor - [ORDERBOOK] Can't match order:Limit(side=BUY,orderId=7,price=43,quantity=4288)(MktData(price=98,quantity=154))
13:00:19.601 [main] INFO  c.o.v.MutatingMatchOneMarketDataOrderVisitor - [ORDERBOOK] Can't match order:Limit(side=BUY,orderId=9,price=43,quantity=17152)(MktData(price=98,quantity=154))
13:00:19.601 [main] INFO  c.o.v.MutatingMatchOneMarketDataOrderVisitor - [ORDERBOOK] Can't match order:Limit(side=BUY,orderId=11,price=43,quantity=68608)(MktData(price=98,quantity=154))
13:00:19.601 [main] INFO  c.o.v.MutatingMatchOneMarketDataOrderVisitor - [ORDERBOOK] Can't match order:Limit(side=BUY,orderId=12,price=43,quantity=137216)(MktData(price=98,quantity=154))
13:00:19.601 [main] INFO  c.o.v.MutatingMatchOneMarketDataOrderVisitor - [ORDERBOOK] Can't match order:Limit(side=BUY,orderId=13,price=43,quantity=274432)(MktData(price=98,quantity=154))
13:00:19.601 [main] INFO  c.o.v.MutatingMatchOneMarketDataOrderVisitor - [ORDERBOOK] Can't match order:Limit(side=BUY,orderId=14,price=43,quantity=548864)(MktData(price=98,quantity=154))
13:00:19.601 [main] INFO  c.o.v.MutatingMatchOneMarketDataOrderVisitor - [ORDERBOOK] Can't match order:Limit(side=BUY,orderId=15,price=43,quantity=1097728)(MktData(price=98,quantity=154))
13:00:19.601 [main] INFO  c.o.v.MutatingMatchOneMarketDataOrderVisitor - [ORDERBOOK] Can't match order:Limit(side=BUY,orderId=16,price=43,quantity=2195456)(MktData(price=98,quantity=154))
13:00:19.601 [main] INFO  c.o.v.MutatingMatchOneMarketDataOrderVisitor - [ORDERBOOK] Can't match order:MktData(price=43,quantity=134)(MktData(price=98,quantity=154))
13:00:19.601 [main] INFO  c.o.v.MutatingRemoveAllMarketDataOrdersVisitor - [ORDERBOOK] Removing market data order:MktData(price=98,quantity=501)
13:00:19.601 [main] INFO  c.o.v.MutatingRemoveAllMarketDataOrdersVisitor - [ORDERBOOK] Removing market data order:MktData(price=110,quantity=5000)
13:00:19.601 [main] INFO  c.o.v.MutatingRemoveAllMarketDataOrdersVisitor - [ORDERBOOK] Removing market data order:MktData(price=123,quantity=453)
13:00:19.601 [main] INFO  c.o.v.MutatingRemoveAllMarketDataOrdersVisitor - [ORDERBOOK] Removing market data order:MktData(price=167,quantity=665)
13:00:19.601 [main] DEBUG c.orderbook.OrderBook - [ORDERBOOK] ASK: Adding orderMktData(price=98,quantity=501)
13:00:19.601 [main] INFO  c.o.visitor.MutatingAddOrderVisitor - [ORDERBOOK] + Limit(side=SELL,orderId=17,price=98,quantity=501)
13:00:19.601 [main] DEBUG c.orderbook.OrderBook - [ORDERBOOK] ASK: Adding orderMktData(price=101,quantity=200)
13:00:19.601 [main] DEBUG c.orderbook.OrderBook - [ORDERBOOK] ASK: Adding orderMktData(price=110,quantity=5000)
13:00:19.601 [main] DEBUG c.orderbook.OrderBook - [ORDERBOOK] ASK: Adding orderMktData(price=119,quantity=5600)
13:00:19.601 [main] DEBUG c.orderbook.OrderBook - [ORDERBOOK] ASK: Adding orderMktData(price=123,quantity=453)
13:00:19.601 [main] DEBUG c.orderbook.OrderBook - [ORDERBOOK] ASK: Adding orderMktData(price=144,quantity=645)
13:00:19.601 [main] DEBUG c.orderbook.OrderBook - [ORDERBOOK] ASK: Adding orderMktData(price=167,quantity=665)
13:00:19.601 [main] DEBUG c.service.MarketDataService - [ALGO] BID: price:43 quantity:134
13:00:19.601 [main] DEBUG c.service.MarketDataService - [ALGO] BID: price:76 quantity:145
13:00:19.601 [main] DEBUG c.service.MarketDataService - [ALGO] BID: price:91 quantity:300
13:00:19.601 [main] DEBUG c.service.MarketDataService - [ALGO] BID: price:93 quantity:200
13:00:19.601 [main] DEBUG c.service.MarketDataService - [ALGO] BID: price:95 quantity:100
13:00:19.601 [main] DEBUG c.service.MarketDataService - [ALGO] BID: price:98 quantity:154
13:00:19.601 [main] DEBUG c.service.MarketDataService - [ALGO] ASK: price:98 quantity:501
13:00:19.601 [main] DEBUG c.service.MarketDataService - [ALGO] ASK: price:101 quantity:200
13:00:19.601 [main] DEBUG c.service.MarketDataService - [ALGO] ASK: price:110 quantity:5000
13:00:19.601 [main] DEBUG c.service.MarketDataService - [ALGO] ASK: price:119 quantity:5600
13:00:19.601 [main] DEBUG c.service.MarketDataService - [ALGO] ASK: price:123 quantity:453
13:00:19.601 [main] DEBUG c.service.MarketDataService - [ALGO] ASK: price:144 quantity:645
13:00:19.601 [main] DEBUG c.service.MarketDataService - [ALGO] ASK: price:167 quantity:665
13:00:19.601 [main] INFO  c.gettingstarted.MyAlgoLogic - [MYALGO] The state of the order book is:
|----BID-----||----ASK----|
    134 @ 43    501 @ 98
    145 @ 76   200 @ 101
    300 @ 91  5000 @ 110
    200 @ 93  5600 @ 119
    100 @ 95   453 @ 123
    154 @ 98   645 @ 144
          -    665 @ 167
|------------||-----------|

13:00:19.601 [main] INFO  c.gettingstarted.MyAlgoLogic - [MYALGO] Algo Sees Book as: 
|----BID-----||----ASK----|
    134 @ 43    501 @ 98
    145 @ 76   200 @ 101
    300 @ 91  5000 @ 110
    200 @ 93  5600 @ 119
    100 @ 95   453 @ 123
    154 @ 98   645 @ 144
          -    665 @ 167
|------------||-----------|

13:00:19.601 [main] INFO  c.gettingstarted.TimedLogic - [TIMEDLOGIC] Market is open
13:00:19.601 [main] INFO  c.sequencer.consumer.LoggingConsumer - [200] 
|----BID-----|
    134 @ 43
    145 @ 76
    300 @ 91
    200 @ 93
    100 @ 95
    154 @ 98
|----ASK-----|
    501 @ 98
   200 @ 101
  5000 @ 110
  5600 @ 119
   453 @ 123
   645 @ 144
   665 @ 167

13:00:19.601 [main] INFO  c.orderbook.OrderBook - [ORDERBOOK] Processing Mkt Data Update
13:00:19.601 [main] INFO  c.o.v.MutatingRemoveAllMarketDataOrdersVisitor - [ORDERBOOK] Removing market data order:MktData(price=43,quantity=134)
13:00:19.601 [main] DEBUG c.orderbook.OrderBook - [ORDERBOOK] ASK: Adding orderMktData(price=43,quantity=134)
13:00:19.601 [main] INFO  c.o.visitor.MutatingAddOrderVisitor - [ORDERBOOK] + Limit(side=BUY,orderId=16,price=43,quantity=2195456)
13:00:19.601 [main] DEBUG c.orderbook.OrderBook - [ORDERBOOK] ASK: Adding orderMktData(price=76,quantity=145)
13:00:19.601 [main] DEBUG c.orderbook.OrderBook - [ORDERBOOK] ASK: Adding orderMktData(price=91,quantity=300)
13:00:19.601 [main] DEBUG c.orderbook.OrderBook - [ORDERBOOK] ASK: Adding orderMktData(price=93,quantity=200)
13:00:19.601 [main] DEBUG c.orderbook.OrderBook - [ORDERBOOK] ASK: Adding orderMktData(price=95,quantity=100)
13:00:19.601 [main] DEBUG c.orderbook.OrderBook - [ORDERBOOK] ASK: Adding orderMktData(price=98,quantity=154)
13:00:19.601 [main] INFO  c.o.v.MutatingMatchOneMarketDataOrderVisitor - [ORDERBOOK] visiting LevelOrderBookLevel(price=43,quantity=4273528)
13:00:19.601 [main] INFO  c.o.v.MutatingMatchOneMarketDataOrderVisitor - [ORDERBOOK] Can't match order:Limit(side=BUY,orderId=3,price=43,quantity=268)(MktData(price=98,quantity=154))
13:00:19.601 [main] INFO  c.o.v.MutatingMatchOneMarketDataOrderVisitor - [ORDERBOOK] Can't match order:Limit(side=BUY,orderId=5,price=43,quantity=1072)(MktData(price=98,quantity=154))
13:00:19.601 [main] INFO  c.o.v.MutatingMatchOneMarketDataOrderVisitor - [ORDERBOOK] Can't match order:Limit(side=BUY,orderId=7,price=43,quantity=4288)(MktData(price=98,quantity=154))
13:00:19.601 [main] INFO  c.o.v.MutatingMatchOneMarketDataOrderVisitor - [ORDERBOOK] Can't match order:Limit(side=BUY,orderId=9,price=43,quantity=17152)(MktData(price=98,quantity=154))
13:00:19.601 [main] INFO  c.o.v.MutatingMatchOneMarketDataOrderVisitor - [ORDERBOOK] Can't match order:Limit(side=BUY,orderId=11,price=43,quantity=68608)(MktData(price=98,quantity=154))
13:00:19.601 [main] INFO  c.o.v.MutatingMatchOneMarketDataOrderVisitor - [ORDERBOOK] Can't match order:Limit(side=BUY,orderId=12,price=43,quantity=137216)(MktData(price=98,quantity=154))
13:00:19.601 [main] INFO  c.o.v.MutatingMatchOneMarketDataOrderVisitor - [ORDERBOOK] Can't match order:Limit(side=BUY,orderId=13,price=43,quantity=274432)(MktData(price=98,quantity=154))
13:00:19.601 [main] INFO  c.o.v.MutatingMatchOneMarketDataOrderVisitor - [ORDERBOOK] Can't match order:Limit(side=BUY,orderId=14,price=43,quantity=548864)(MktData(price=98,quantity=154))
13:00:19.601 [main] INFO  c.o.v.MutatingMatchOneMarketDataOrderVisitor - [ORDERBOOK] Can't match order:Limit(side=BUY,orderId=15,price=43,quantity=1097728)(MktData(price=98,quantity=154))
13:00:19.601 [main] INFO  c.o.v.MutatingMatchOneMarketDataOrderVisitor - [ORDERBOOK] Can't match order:Limit(side=BUY,orderId=16,price=43,quantity=2195456)(MktData(price=98,quantity=154))
13:00:19.601 [main] INFO  c.o.v.MutatingMatchOneMarketDataOrderVisitor - [ORDERBOOK] Can't match order:MktData(price=43,quantity=134)(MktData(price=98,quantity=154))
13:00:19.601 [main] INFO  c.o.v.MutatingRemoveAllMarketDataOrdersVisitor - [ORDERBOOK] Removing market data order:MktData(price=98,quantity=501)
13:00:19.601 [main] INFO  c.o.v.MutatingRemoveAllMarketDataOrdersVisitor - [ORDERBOOK] Removing market data order:MktData(price=110,quantity=5000)
13:00:19.601 [main] INFO  c.o.v.MutatingRemoveAllMarketDataOrdersVisitor - [ORDERBOOK] Removing market data order:MktData(price=123,quantity=453)
13:00:19.601 [main] INFO  c.o.v.MutatingRemoveAllMarketDataOrdersVisitor - [ORDERBOOK] Removing market data order:MktData(price=167,quantity=665)
13:00:19.601 [main] DEBUG c.orderbook.OrderBook - [ORDERBOOK] ASK: Adding orderMktData(price=98,quantity=501)
13:00:19.601 [main] INFO  c.o.visitor.MutatingAddOrderVisitor - [ORDERBOOK] + Limit(side=SELL,orderId=17,price=98,quantity=501)
13:00:19.601 [main] DEBUG c.orderbook.OrderBook - [ORDERBOOK] ASK: Adding orderMktData(price=101,quantity=200)
13:00:19.601 [main] DEBUG c.orderbook.OrderBook - [ORDERBOOK] ASK: Adding orderMktData(price=110,quantity=5000)
13:00:19.601 [main] DEBUG c.orderbook.OrderBook - [ORDERBOOK] ASK: Adding orderMktData(price=119,quantity=5600)
13:00:19.601 [main] DEBUG c.orderbook.OrderBook - [ORDERBOOK] ASK: Adding orderMktData(price=123,quantity=453)
13:00:19.601 [main] DEBUG c.orderbook.OrderBook - [ORDERBOOK] ASK: Adding orderMktData(price=144,quantity=645)
13:00:19.601 [main] DEBUG c.orderbook.OrderBook - [ORDERBOOK] ASK: Adding orderMktData(price=167,quantity=665)
13:00:19.601 [main] DEBUG c.service.MarketDataService - [ALGO] BID: price:43 quantity:134
13:00:19.601 [main] DEBUG c.service.MarketDataService - [ALGO] BID: price:76 quantity:145
13:00:19.601 [main] DEBUG c.service.MarketDataService - [ALGO] BID: price:91 quantity:300
13:00:19.601 [main] DEBUG c.service.MarketDataService - [ALGO] BID: price:93 quantity:200
13:00:19.601 [main] DEBUG c.service.MarketDataService - [ALGO] BID: price:95 quantity:100
13:00:19.601 [main] DEBUG c.service.MarketDataService - [ALGO] BID: price:98 quantity:154
13:00:19.601 [main] DEBUG c.service.MarketDataService - [ALGO] ASK: price:98 quantity:501
13:00:19.601 [main] DEBUG c.service.MarketDataService - [ALGO] ASK: price:101 quantity:200
13:00:19.601 [main] DEBUG c.service.MarketDataService - [ALGO] ASK: price:110 quantity:5000
13:00:19.601 [main] DEBUG c.service.MarketDataService - [ALGO] ASK: price:119 quantity:5600
13:00:19.601 [main] DEBUG c.service.MarketDataService - [ALGO] ASK: price:123 quantity:453
13:00:19.601 [main] DEBUG c.service.MarketDataService - [ALGO] ASK: price:144 quantity:645
13:00:19.601 [main] DEBUG c.service.MarketDataService - [ALGO] ASK: price:167 quantity:665
13:00:19.601 [main] INFO  c.gettingstarted.MyAlgoLogic - [MYALGO] The state of the order book is:
|----BID-----||----ASK----|
    134 @ 43    501 @ 98
    145 @ 76   200 @ 101
    300 @ 91  5000 @ 110
    200 @ 93  5600 @ 119
    100 @ 95   453 @ 123
    154 @ 98   645 @ 144
          -    665 @ 167
|------------||-----------|

13:00:19.601 [main] INFO  c.gettingstarted.MyAlgoLogic - [MYALGO] Algo Sees Book as: 
|----BID-----||----ASK----|
    134 @ 43    501 @ 98
    145 @ 76   200 @ 101
    300 @ 91  5000 @ 110
    200 @ 93  5600 @ 119
    100 @ 95   453 @ 123
    154 @ 98   645 @ 144
          -    665 @ 167
|------------||-----------|

13:00:19.601 [main] INFO  c.gettingstarted.TimedLogic - [TIMEDLOGIC] Market is open
13:00:19.601 [main] INFO  c.sequencer.consumer.LoggingConsumer - [201] 
|----BID-----|
    134 @ 43
    145 @ 76
    300 @ 91
    200 @ 93
    100 @ 95
    154 @ 98
|----ASK-----|
    501 @ 98
   200 @ 101
  5000 @ 110
  5600 @ 119
   453 @ 123
   645 @ 144
   665 @ 167

13:00:19.601 [main] INFO  c.orderbook.OrderBook - [ORDERBOOK] Processing Mkt Data Update
13:00:19.601 [main] INFO  c.o.v.MutatingRemoveAllMarketDataOrdersVisitor - [ORDERBOOK] Removing market data order:MktData(price=43,quantity=134)
13:00:19.601 [main] DEBUG c.orderbook.OrderBook - [ORDERBOOK] ASK: Adding orderMktData(price=43,quantity=134)
13:00:19.601 [main] INFO  c.o.visitor.MutatingAddOrderVisitor - [ORDERBOOK] + Limit(side=BUY,orderId=16,price=43,quantity=2195456)
13:00:19.601 [main] DEBUG c.orderbook.OrderBook - [ORDERBOOK] ASK: Adding orderMktData(price=76,quantity=145)
13:00:19.601 [main] DEBUG c.orderbook.OrderBook - [ORDERBOOK] ASK: Adding orderMktData(price=91,quantity=300)
13:00:19.601 [main] DEBUG c.orderbook.OrderBook - [ORDERBOOK] ASK: Adding orderMktData(price=93,quantity=200)
13:00:19.601 [main] DEBUG c.orderbook.OrderBook - [ORDERBOOK] ASK: Adding orderMktData(price=95,quantity=100)
13:00:19.601 [main] DEBUG c.orderbook.OrderBook - [ORDERBOOK] ASK: Adding orderMktData(price=98,quantity=154)
13:00:19.601 [main] INFO  c.o.v.MutatingMatchOneMarketDataOrderVisitor - [ORDERBOOK] visiting LevelOrderBookLevel(price=43,quantity=4273662)
13:00:19.601 [main] INFO  c.o.v.MutatingMatchOneMarketDataOrderVisitor - [ORDERBOOK] Can't match order:Limit(side=BUY,orderId=3,price=43,quantity=268)(MktData(price=98,quantity=154))
13:00:19.601 [main] INFO  c.o.v.MutatingMatchOneMarketDataOrderVisitor - [ORDERBOOK] Can't match order:Limit(side=BUY,orderId=5,price=43,quantity=1072)(MktData(price=98,quantity=154))
13:00:19.601 [main] INFO  c.o.v.MutatingMatchOneMarketDataOrderVisitor - [ORDERBOOK] Can't match order:Limit(side=BUY,orderId=7,price=43,quantity=4288)(MktData(price=98,quantity=154))
13:00:19.601 [main] INFO  c.o.v.MutatingMatchOneMarketDataOrderVisitor - [ORDERBOOK] Can't match order:Limit(side=BUY,orderId=9,price=43,quantity=17152)(MktData(price=98,quantity=154))
13:00:19.601 [main] INFO  c.o.v.MutatingMatchOneMarketDataOrderVisitor - [ORDERBOOK] Can't match order:Limit(side=BUY,orderId=11,price=43,quantity=68608)(MktData(price=98,quantity=154))
13:00:19.601 [main] INFO  c.o.v.MutatingMatchOneMarketDataOrderVisitor - [ORDERBOOK] Can't match order:Limit(side=BUY,orderId=12,price=43,quantity=137216)(MktData(price=98,quantity=154))
13:00:19.601 [main] INFO  c.o.v.MutatingMatchOneMarketDataOrderVisitor - [ORDERBOOK] Can't match order:Limit(side=BUY,orderId=13,price=43,quantity=274432)(MktData(price=98,quantity=154))
13:00:19.601 [main] INFO  c.o.v.MutatingMatchOneMarketDataOrderVisitor - [ORDERBOOK] Can't match order:Limit(side=BUY,orderId=14,price=43,quantity=548864)(MktData(price=98,quantity=154))
13:00:19.601 [main] INFO  c.o.v.MutatingMatchOneMarketDataOrderVisitor - [ORDERBOOK] Can't match order:Limit(side=BUY,orderId=15,price=43,quantity=1097728)(MktData(price=98,quantity=154))
13:00:19.601 [main] INFO  c.o.v.MutatingMatchOneMarketDataOrderVisitor - [ORDERBOOK] Can't match order:Limit(side=BUY,orderId=16,price=43,quantity=2195456)(MktData(price=98,quantity=154))
13:00:19.601 [main] INFO  c.o.v.MutatingMatchOneMarketDataOrderVisitor - [ORDERBOOK] Can't match order:MktData(price=43,quantity=134)(MktData(price=98,quantity=154))
13:00:19.601 [main] INFO  c.o.v.MutatingRemoveAllMarketDataOrdersVisitor - [ORDERBOOK] Removing market data order:MktData(price=98,quantity=501)
13:00:19.601 [main] INFO  c.o.v.MutatingRemoveAllMarketDataOrdersVisitor - [ORDERBOOK] Removing market data order:MktData(price=110,quantity=5000)
13:00:19.601 [main] INFO  c.o.v.MutatingRemoveAllMarketDataOrdersVisitor - [ORDERBOOK] Removing market data order:MktData(price=123,quantity=453)
13:00:19.601 [main] INFO  c.o.v.MutatingRemoveAllMarketDataOrdersVisitor - [ORDERBOOK] Removing market data order:MktData(price=167,quantity=665)
13:00:19.601 [main] DEBUG c.orderbook.OrderBook - [ORDERBOOK] ASK: Adding orderMktData(price=98,quantity=501)
13:00:19.601 [main] INFO  c.o.visitor.MutatingAddOrderVisitor - [ORDERBOOK] + Limit(side=SELL,orderId=17,price=98,quantity=501)
13:00:19.601 [main] DEBUG c.orderbook.OrderBook - [ORDERBOOK] ASK: Adding orderMktData(price=101,quantity=200)
13:00:19.601 [main] DEBUG c.orderbook.OrderBook - [ORDERBOOK] ASK: Adding orderMktData(price=110,quantity=5000)
13:00:19.601 [main] DEBUG c.orderbook.OrderBook - [ORDERBOOK] ASK: Adding orderMktData(price=119,quantity=5600)
13:00:19.601 [main] DEBUG c.orderbook.OrderBook - [ORDERBOOK] ASK: Adding orderMktData(price=123,quantity=453)
13:00:19.601 [main] DEBUG c.orderbook.OrderBook - [ORDERBOOK] ASK: Adding orderMktData(price=144,quantity=645)
13:00:19.601 [main] DEBUG c.orderbook.OrderBook - [ORDERBOOK] ASK: Adding orderMktData(price=167,quantity=665)
13:00:19.601 [main] DEBUG c.service.MarketDataService - [ALGO] BID: price:43 quantity:134
13:00:19.601 [main] DEBUG c.service.MarketDataService - [ALGO] BID: price:76 quantity:145
13:00:19.601 [main] DEBUG c.service.MarketDataService - [ALGO] BID: price:91 quantity:300
13:00:19.601 [main] DEBUG c.service.MarketDataService - [ALGO] BID: price:93 quantity:200
13:00:19.601 [main] DEBUG c.service.MarketDataService - [ALGO] BID: price:95 quantity:100
13:00:19.601 [main] DEBUG c.service.MarketDataService - [ALGO] BID: price:98 quantity:154
13:00:19.601 [main] DEBUG c.service.MarketDataService - [ALGO] ASK: price:98 quantity:501
13:00:19.601 [main] DEBUG c.service.MarketDataService - [ALGO] ASK: price:101 quantity:200
13:00:19.601 [main] DEBUG c.service.MarketDataService - [ALGO] ASK: price:110 quantity:5000
13:00:19.601 [main] DEBUG c.service.MarketDataService - [ALGO] ASK: price:119 quantity:5600
13:00:19.601 [main] DEBUG c.service.MarketDataService - [ALGO] ASK: price:123 quantity:453
13:00:19.601 [main] DEBUG c.service.MarketDataService - [ALGO] ASK: price:144 quantity:645
13:00:19.601 [main] DEBUG c.service.MarketDataService - [ALGO] ASK: price:167 quantity:665
13:00:19.601 [main] INFO  c.gettingstarted.MyAlgoLogic - [MYALGO] The state of the order book is:
|----BID-----||----ASK----|
    134 @ 43    501 @ 98
    145 @ 76   200 @ 101
    300 @ 91  5000 @ 110
    200 @ 93  5600 @ 119
    100 @ 95   453 @ 123
    154 @ 98   645 @ 144
          -    665 @ 167
|------------||-----------|

13:00:19.601 [main] INFO  c.gettingstarted.MyAlgoLogic - [MYALGO] Algo Sees Book as: 
|----BID-----||----ASK----|
    134 @ 43    501 @ 98
    145 @ 76   200 @ 101
    300 @ 91  5000 @ 110
    200 @ 93  5600 @ 119
    100 @ 95   453 @ 123
    154 @ 98   645 @ 144
          -    665 @ 167
|------------||-----------|

13:00:19.601 [main] INFO  c.gettingstarted.TimedLogic - [TIMEDLOGIC] Market is open
13:00:19.603 [main] INFO  c.sequencer.consumer.LoggingConsumer - [202] 
|----BID-----|
    134 @ 43
    145 @ 76
    300 @ 91
    200 @ 93
    100 @ 95
    154 @ 98
|----ASK-----|
    501 @ 98
   200 @ 101
  5000 @ 110
  5600 @ 119
   453 @ 123
   645 @ 144
   665 @ 167

13:00:19.603 [main] INFO  c.orderbook.OrderBook - [ORDERBOOK] Processing Mkt Data Update
13:00:19.603 [main] INFO  c.o.v.MutatingRemoveAllMarketDataOrdersVisitor - [ORDERBOOK] Removing market data order:MktData(price=43,quantity=134)
13:00:19.603 [main] DEBUG c.orderbook.OrderBook - [ORDERBOOK] ASK: Adding orderMktData(price=43,quantity=134)
13:00:19.603 [main] INFO  c.o.visitor.MutatingAddOrderVisitor - [ORDERBOOK] + Limit(side=BUY,orderId=16,price=43,quantity=2195456)
13:00:19.603 [main] DEBUG c.orderbook.OrderBook - [ORDERBOOK] ASK: Adding orderMktData(price=76,quantity=145)
13:00:19.603 [main] DEBUG c.orderbook.OrderBook - [ORDERBOOK] ASK: Adding orderMktData(price=91,quantity=300)
13:00:19.603 [main] DEBUG c.orderbook.OrderBook - [ORDERBOOK] ASK: Adding orderMktData(price=93,quantity=200)
13:00:19.603 [main] DEBUG c.orderbook.OrderBook - [ORDERBOOK] ASK: Adding orderMktData(price=95,quantity=100)
13:00:19.603 [main] DEBUG c.orderbook.OrderBook - [ORDERBOOK] ASK: Adding orderMktData(price=98,quantity=154)
13:00:19.603 [main] INFO  c.o.v.MutatingMatchOneMarketDataOrderVisitor - [ORDERBOOK] visiting LevelOrderBookLevel(price=43,quantity=4273796)
13:00:19.603 [main] INFO  c.o.v.MutatingMatchOneMarketDataOrderVisitor - [ORDERBOOK] Can't match order:Limit(side=BUY,orderId=3,price=43,quantity=268)(MktData(price=98,quantity=154))
13:00:19.603 [main] INFO  c.o.v.MutatingMatchOneMarketDataOrderVisitor - [ORDERBOOK] Can't match order:Limit(side=BUY,orderId=5,price=43,quantity=1072)(MktData(price=98,quantity=154))
13:00:19.603 [main] INFO  c.o.v.MutatingMatchOneMarketDataOrderVisitor - [ORDERBOOK] Can't match order:Limit(side=BUY,orderId=7,price=43,quantity=4288)(MktData(price=98,quantity=154))
13:00:19.603 [main] INFO  c.o.v.MutatingMatchOneMarketDataOrderVisitor - [ORDERBOOK] Can't match order:Limit(side=BUY,orderId=9,price=43,quantity=17152)(MktData(price=98,quantity=154))
13:00:19.603 [main] INFO  c.o.v.MutatingMatchOneMarketDataOrderVisitor - [ORDERBOOK] Can't match order:Limit(side=BUY,orderId=11,price=43,quantity=68608)(MktData(price=98,quantity=154))
13:00:19.603 [main] INFO  c.o.v.MutatingMatchOneMarketDataOrderVisitor - [ORDERBOOK] Can't match order:Limit(side=BUY,orderId=12,price=43,quantity=137216)(MktData(price=98,quantity=154))
13:00:19.603 [main] INFO  c.o.v.MutatingMatchOneMarketDataOrderVisitor - [ORDERBOOK] Can't match order:Limit(side=BUY,orderId=13,price=43,quantity=274432)(MktData(price=98,quantity=154))
13:00:19.603 [main] INFO  c.o.v.MutatingMatchOneMarketDataOrderVisitor - [ORDERBOOK] Can't match order:Limit(side=BUY,orderId=14,price=43,quantity=548864)(MktData(price=98,quantity=154))
13:00:19.603 [main] INFO  c.o.v.MutatingMatchOneMarketDataOrderVisitor - [ORDERBOOK] Can't match order:Limit(side=BUY,orderId=15,price=43,quantity=1097728)(MktData(price=98,quantity=154))
13:00:19.603 [main] INFO  c.o.v.MutatingMatchOneMarketDataOrderVisitor - [ORDERBOOK] Can't match order:Limit(side=BUY,orderId=16,price=43,quantity=2195456)(MktData(price=98,quantity=154))
13:00:19.603 [main] INFO  c.o.v.MutatingMatchOneMarketDataOrderVisitor - [ORDERBOOK] Can't match order:MktData(price=43,quantity=134)(MktData(price=98,quantity=154))
13:00:19.603 [main] INFO  c.o.v.MutatingRemoveAllMarketDataOrdersVisitor - [ORDERBOOK] Removing market data order:MktData(price=98,quantity=501)
13:00:19.603 [main] INFO  c.o.v.MutatingRemoveAllMarketDataOrdersVisitor - [ORDERBOOK] Removing market data order:MktData(price=110,quantity=5000)
13:00:19.603 [main] INFO  c.o.v.MutatingRemoveAllMarketDataOrdersVisitor - [ORDERBOOK] Removing market data order:MktData(price=123,quantity=453)
13:00:19.603 [main] INFO  c.o.v.MutatingRemoveAllMarketDataOrdersVisitor - [ORDERBOOK] Removing market data order:MktData(price=167,quantity=665)
13:00:19.603 [main] DEBUG c.orderbook.OrderBook - [ORDERBOOK] ASK: Adding orderMktData(price=98,quantity=501)
13:00:19.603 [main] INFO  c.o.visitor.MutatingAddOrderVisitor - [ORDERBOOK] + Limit(side=SELL,orderId=17,price=98,quantity=501)
13:00:19.603 [main] DEBUG c.orderbook.OrderBook - [ORDERBOOK] ASK: Adding orderMktData(price=101,quantity=200)
13:00:19.603 [main] DEBUG c.orderbook.OrderBook - [ORDERBOOK] ASK: Adding orderMktData(price=110,quantity=5000)
13:00:19.603 [main] DEBUG c.orderbook.OrderBook - [ORDERBOOK] ASK: Adding orderMktData(price=119,quantity=5600)
13:00:19.603 [main] DEBUG c.orderbook.OrderBook - [ORDERBOOK] ASK: Adding orderMktData(price=123,quantity=453)
13:00:19.603 [main] DEBUG c.orderbook.OrderBook - [ORDERBOOK] ASK: Adding orderMktData(price=144,quantity=645)
13:00:19.603 [main] DEBUG c.orderbook.OrderBook - [ORDERBOOK] ASK: Adding orderMktData(price=167,quantity=665)
13:00:19.603 [main] DEBUG c.service.MarketDataService - [ALGO] BID: price:43 quantity:134
13:00:19.603 [main] DEBUG c.service.MarketDataService - [ALGO] BID: price:76 quantity:145
13:00:19.603 [main] DEBUG c.service.MarketDataService - [ALGO] BID: price:91 quantity:300
13:00:19.603 [main] DEBUG c.service.MarketDataService - [ALGO] BID: price:93 quantity:200
13:00:19.603 [main] DEBUG c.service.MarketDataService - [ALGO] BID: price:95 quantity:100
13:00:19.603 [main] DEBUG c.service.MarketDataService - [ALGO] BID: price:98 quantity:154
13:00:19.603 [main] DEBUG c.service.MarketDataService - [ALGO] ASK: price:98 quantity:501
13:00:19.603 [main] DEBUG c.service.MarketDataService - [ALGO] ASK: price:101 quantity:200
13:00:19.603 [main] DEBUG c.service.MarketDataService - [ALGO] ASK: price:110 quantity:5000
13:00:19.603 [main] DEBUG c.service.MarketDataService - [ALGO] ASK: price:119 quantity:5600
13:00:19.603 [main] DEBUG c.service.MarketDataService - [ALGO] ASK: price:123 quantity:453
13:00:19.603 [main] DEBUG c.service.MarketDataService - [ALGO] ASK: price:144 quantity:645
13:00:19.603 [main] DEBUG c.service.MarketDataService - [ALGO] ASK: price:167 quantity:665
13:00:19.603 [main] INFO  c.gettingstarted.MyAlgoLogic - [MYALGO] The state of the order book is:
|----BID-----||----ASK----|
    134 @ 43    501 @ 98
    145 @ 76   200 @ 101
    300 @ 91  5000 @ 110
    200 @ 93  5600 @ 119
    100 @ 95   453 @ 123
    154 @ 98   645 @ 144
          -    665 @ 167
|------------||-----------|

13:00:19.603 [main] INFO  c.gettingstarted.MyAlgoLogic - [MYALGO] Algo Sees Book as: 
|----BID-----||----ASK----|
    134 @ 43    501 @ 98
    145 @ 76   200 @ 101
    300 @ 91  5000 @ 110
    200 @ 93  5600 @ 119
    100 @ 95   453 @ 123
    154 @ 98   645 @ 144
          -    665 @ 167
|------------||-----------|

13:00:19.603 [main] INFO  c.gettingstarted.TimedLogic - [TIMEDLOGIC] Market is open
13:00:19.603 [main] INFO  c.sequencer.consumer.LoggingConsumer - [203] 
|----BID-----|
    134 @ 43
    145 @ 76
    300 @ 91
    200 @ 93
    100 @ 95
    154 @ 98
|----ASK-----|
    501 @ 98
   200 @ 101
  5000 @ 110
  5600 @ 119
   453 @ 123
   645 @ 144
   665 @ 167

13:00:19.603 [main] INFO  c.orderbook.OrderBook - [ORDERBOOK] Processing Mkt Data Update
13:00:19.603 [main] INFO  c.o.v.MutatingRemoveAllMarketDataOrdersVisitor - [ORDERBOOK] Removing market data order:MktData(price=43,quantity=134)
13:00:19.603 [main] DEBUG c.orderbook.OrderBook - [ORDERBOOK] ASK: Adding orderMktData(price=43,quantity=134)
13:00:19.603 [main] INFO  c.o.visitor.MutatingAddOrderVisitor - [ORDERBOOK] + Limit(side=BUY,orderId=16,price=43,quantity=2195456)
13:00:19.603 [main] DEBUG c.orderbook.OrderBook - [ORDERBOOK] ASK: Adding orderMktData(price=76,quantity=145)
13:00:19.603 [main] DEBUG c.orderbook.OrderBook - [ORDERBOOK] ASK: Adding orderMktData(price=91,quantity=300)
13:00:19.603 [main] DEBUG c.orderbook.OrderBook - [ORDERBOOK] ASK: Adding orderMktData(price=93,quantity=200)
13:00:19.603 [main] DEBUG c.orderbook.OrderBook - [ORDERBOOK] ASK: Adding orderMktData(price=95,quantity=100)
13:00:19.603 [main] DEBUG c.orderbook.OrderBook - [ORDERBOOK] ASK: Adding orderMktData(price=98,quantity=154)
13:00:19.603 [main] INFO  c.o.v.MutatingMatchOneMarketDataOrderVisitor - [ORDERBOOK] visiting LevelOrderBookLevel(price=43,quantity=4273930)
13:00:19.603 [main] INFO  c.o.v.MutatingMatchOneMarketDataOrderVisitor - [ORDERBOOK] Can't match order:Limit(side=BUY,orderId=3,price=43,quantity=268)(MktData(price=98,quantity=154))
13:00:19.603 [main] INFO  c.o.v.MutatingMatchOneMarketDataOrderVisitor - [ORDERBOOK] Can't match order:Limit(side=BUY,orderId=5,price=43,quantity=1072)(MktData(price=98,quantity=154))
13:00:19.603 [main] INFO  c.o.v.MutatingMatchOneMarketDataOrderVisitor - [ORDERBOOK] Can't match order:Limit(side=BUY,orderId=7,price=43,quantity=4288)(MktData(price=98,quantity=154))
13:00:19.603 [main] INFO  c.o.v.MutatingMatchOneMarketDataOrderVisitor - [ORDERBOOK] Can't match order:Limit(side=BUY,orderId=9,price=43,quantity=17152)(MktData(price=98,quantity=154))
13:00:19.603 [main] INFO  c.o.v.MutatingMatchOneMarketDataOrderVisitor - [ORDERBOOK] Can't match order:Limit(side=BUY,orderId=11,price=43,quantity=68608)(MktData(price=98,quantity=154))
13:00:19.603 [main] INFO  c.o.v.MutatingMatchOneMarketDataOrderVisitor - [ORDERBOOK] Can't match order:Limit(side=BUY,orderId=12,price=43,quantity=137216)(MktData(price=98,quantity=154))
13:00:19.603 [main] INFO  c.o.v.MutatingMatchOneMarketDataOrderVisitor - [ORDERBOOK] Can't match order:Limit(side=BUY,orderId=13,price=43,quantity=274432)(MktData(price=98,quantity=154))
13:00:19.603 [main] INFO  c.o.v.MutatingMatchOneMarketDataOrderVisitor - [ORDERBOOK] Can't match order:Limit(side=BUY,orderId=14,price=43,quantity=548864)(MktData(price=98,quantity=154))
13:00:19.603 [main] INFO  c.o.v.MutatingMatchOneMarketDataOrderVisitor - [ORDERBOOK] Can't match order:Limit(side=BUY,orderId=15,price=43,quantity=1097728)(MktData(price=98,quantity=154))
13:00:19.603 [main] INFO  c.o.v.MutatingMatchOneMarketDataOrderVisitor - [ORDERBOOK] Can't match order:Limit(side=BUY,orderId=16,price=43,quantity=2195456)(MktData(price=98,quantity=154))
13:00:19.603 [main] INFO  c.o.v.MutatingMatchOneMarketDataOrderVisitor - [ORDERBOOK] Can't match order:MktData(price=43,quantity=134)(MktData(price=98,quantity=154))
13:00:19.603 [main] INFO  c.o.v.MutatingRemoveAllMarketDataOrdersVisitor - [ORDERBOOK] Removing market data order:MktData(price=98,quantity=501)
13:00:19.603 [main] INFO  c.o.v.MutatingRemoveAllMarketDataOrdersVisitor - [ORDERBOOK] Removing market data order:MktData(price=110,quantity=5000)
13:00:19.603 [main] INFO  c.o.v.MutatingRemoveAllMarketDataOrdersVisitor - [ORDERBOOK] Removing market data order:MktData(price=123,quantity=453)
13:00:19.603 [main] INFO  c.o.v.MutatingRemoveAllMarketDataOrdersVisitor - [ORDERBOOK] Removing market data order:MktData(price=167,quantity=665)
13:00:19.603 [main] DEBUG c.orderbook.OrderBook - [ORDERBOOK] ASK: Adding orderMktData(price=98,quantity=501)
13:00:19.603 [main] INFO  c.o.visitor.MutatingAddOrderVisitor - [ORDERBOOK] + Limit(side=SELL,orderId=17,price=98,quantity=501)
13:00:19.603 [main] DEBUG c.orderbook.OrderBook - [ORDERBOOK] ASK: Adding orderMktData(price=101,quantity=200)
13:00:19.603 [main] DEBUG c.orderbook.OrderBook - [ORDERBOOK] ASK: Adding orderMktData(price=110,quantity=5000)
13:00:19.603 [main] DEBUG c.orderbook.OrderBook - [ORDERBOOK] ASK: Adding orderMktData(price=119,quantity=5600)
13:00:19.603 [main] DEBUG c.orderbook.OrderBook - [ORDERBOOK] ASK: Adding orderMktData(price=123,quantity=453)
13:00:19.603 [main] DEBUG c.orderbook.OrderBook - [ORDERBOOK] ASK: Adding orderMktData(price=144,quantity=645)
13:00:19.603 [main] DEBUG c.orderbook.OrderBook - [ORDERBOOK] ASK: Adding orderMktData(price=167,quantity=665)
13:00:19.603 [main] DEBUG c.service.MarketDataService - [ALGO] BID: price:43 quantity:134
13:00:19.603 [main] DEBUG c.service.MarketDataService - [ALGO] BID: price:76 quantity:145
13:00:19.603 [main] DEBUG c.service.MarketDataService - [ALGO] BID: price:91 quantity:300
13:00:19.603 [main] DEBUG c.service.MarketDataService - [ALGO] BID: price:93 quantity:200
13:00:19.603 [main] DEBUG c.service.MarketDataService - [ALGO] BID: price:95 quantity:100
13:00:19.603 [main] DEBUG c.service.MarketDataService - [ALGO] BID: price:98 quantity:154
13:00:19.603 [main] DEBUG c.service.MarketDataService - [ALGO] ASK: price:98 quantity:501
13:00:19.603 [main] DEBUG c.service.MarketDataService - [ALGO] ASK: price:101 quantity:200
13:00:19.603 [main] DEBUG c.service.MarketDataService - [ALGO] ASK: price:110 quantity:5000
13:00:19.603 [main] DEBUG c.service.MarketDataService - [ALGO] ASK: price:119 quantity:5600
13:00:19.603 [main] DEBUG c.service.MarketDataService - [ALGO] ASK: price:123 quantity:453
13:00:19.603 [main] DEBUG c.service.MarketDataService - [ALGO] ASK: price:144 quantity:645
13:00:19.603 [main] DEBUG c.service.MarketDataService - [ALGO] ASK: price:167 quantity:665
13:00:19.603 [main] INFO  c.gettingstarted.MyAlgoLogic - [MYALGO] The state of the order book is:
|----BID-----||----ASK----|
    134 @ 43    501 @ 98
    145 @ 76   200 @ 101
    300 @ 91  5000 @ 110
    200 @ 93  5600 @ 119
    100 @ 95   453 @ 123
    154 @ 98   645 @ 144
          -    665 @ 167
|------------||-----------|

13:00:19.603 [main] INFO  c.gettingstarted.MyAlgoLogic - [MYALGO] Algo Sees Book as: 
|----BID-----||----ASK----|
    134 @ 43    501 @ 98
    145 @ 76   200 @ 101
    300 @ 91  5000 @ 110
    200 @ 93  5600 @ 119
    100 @ 95   453 @ 123
    154 @ 98   645 @ 144
          -    665 @ 167
|------------||-----------|

13:00:19.603 [main] INFO  c.gettingstarted.TimedLogic - [TIMEDLOGIC] Market is open
13:00:19.603 [main] INFO  c.sequencer.consumer.LoggingConsumer - [204] 
|----BID-----|
    134 @ 43
    145 @ 76
    300 @ 91
    200 @ 93
    100 @ 95
    154 @ 98
|----ASK-----|
    501 @ 98
   200 @ 101
  5000 @ 110
  5600 @ 119
   453 @ 123
   645 @ 144
   665 @ 167

13:00:19.603 [main] INFO  c.orderbook.OrderBook - [ORDERBOOK] Processing Mkt Data Update
13:00:19.603 [main] INFO  c.o.v.MutatingRemoveAllMarketDataOrdersVisitor - [ORDERBOOK] Removing market data order:MktData(price=43,quantity=134)
13:00:19.603 [main] DEBUG c.orderbook.OrderBook - [ORDERBOOK] ASK: Adding orderMktData(price=43,quantity=134)
13:00:19.603 [main] INFO  c.o.visitor.MutatingAddOrderVisitor - [ORDERBOOK] + Limit(side=BUY,orderId=16,price=43,quantity=2195456)
13:00:19.603 [main] DEBUG c.orderbook.OrderBook - [ORDERBOOK] ASK: Adding orderMktData(price=76,quantity=145)
13:00:19.603 [main] DEBUG c.orderbook.OrderBook - [ORDERBOOK] ASK: Adding orderMktData(price=91,quantity=300)
13:00:19.603 [main] DEBUG c.orderbook.OrderBook - [ORDERBOOK] ASK: Adding orderMktData(price=93,quantity=200)
13:00:19.603 [main] DEBUG c.orderbook.OrderBook - [ORDERBOOK] ASK: Adding orderMktData(price=95,quantity=100)
13:00:19.603 [main] DEBUG c.orderbook.OrderBook - [ORDERBOOK] ASK: Adding orderMktData(price=98,quantity=154)
13:00:19.603 [main] INFO  c.o.v.MutatingMatchOneMarketDataOrderVisitor - [ORDERBOOK] visiting LevelOrderBookLevel(price=43,quantity=4274064)
13:00:19.603 [main] INFO  c.o.v.MutatingMatchOneMarketDataOrderVisitor - [ORDERBOOK] Can't match order:Limit(side=BUY,orderId=3,price=43,quantity=268)(MktData(price=98,quantity=154))
13:00:19.603 [main] INFO  c.o.v.MutatingMatchOneMarketDataOrderVisitor - [ORDERBOOK] Can't match order:Limit(side=BUY,orderId=5,price=43,quantity=1072)(MktData(price=98,quantity=154))
13:00:19.603 [main] INFO  c.o.v.MutatingMatchOneMarketDataOrderVisitor - [ORDERBOOK] Can't match order:Limit(side=BUY,orderId=7,price=43,quantity=4288)(MktData(price=98,quantity=154))
13:00:19.603 [main] INFO  c.o.v.MutatingMatchOneMarketDataOrderVisitor - [ORDERBOOK] Can't match order:Limit(side=BUY,orderId=9,price=43,quantity=17152)(MktData(price=98,quantity=154))
13:00:19.603 [main] INFO  c.o.v.MutatingMatchOneMarketDataOrderVisitor - [ORDERBOOK] Can't match order:Limit(side=BUY,orderId=11,price=43,quantity=68608)(MktData(price=98,quantity=154))
13:00:19.603 [main] INFO  c.o.v.MutatingMatchOneMarketDataOrderVisitor - [ORDERBOOK] Can't match order:Limit(side=BUY,orderId=12,price=43,quantity=137216)(MktData(price=98,quantity=154))
13:00:19.603 [main] INFO  c.o.v.MutatingMatchOneMarketDataOrderVisitor - [ORDERBOOK] Can't match order:Limit(side=BUY,orderId=13,price=43,quantity=274432)(MktData(price=98,quantity=154))
13:00:19.603 [main] INFO  c.o.v.MutatingMatchOneMarketDataOrderVisitor - [ORDERBOOK] Can't match order:Limit(side=BUY,orderId=14,price=43,quantity=548864)(MktData(price=98,quantity=154))
13:00:19.603 [main] INFO  c.o.v.MutatingMatchOneMarketDataOrderVisitor - [ORDERBOOK] Can't match order:Limit(side=BUY,orderId=15,price=43,quantity=1097728)(MktData(price=98,quantity=154))
13:00:19.603 [main] INFO  c.o.v.MutatingMatchOneMarketDataOrderVisitor - [ORDERBOOK] Can't match order:Limit(side=BUY,orderId=16,price=43,quantity=2195456)(MktData(price=98,quantity=154))
13:00:19.603 [main] INFO  c.o.v.MutatingMatchOneMarketDataOrderVisitor - [ORDERBOOK] Can't match order:MktData(price=43,quantity=134)(MktData(price=98,quantity=154))
13:00:19.603 [main] INFO  c.o.v.MutatingRemoveAllMarketDataOrdersVisitor - [ORDERBOOK] Removing market data order:MktData(price=98,quantity=501)
13:00:19.603 [main] INFO  c.o.v.MutatingRemoveAllMarketDataOrdersVisitor - [ORDERBOOK] Removing market data order:MktData(price=110,quantity=5000)
13:00:19.603 [main] INFO  c.o.v.MutatingRemoveAllMarketDataOrdersVisitor - [ORDERBOOK] Removing market data order:MktData(price=123,quantity=453)
13:00:19.603 [main] INFO  c.o.v.MutatingRemoveAllMarketDataOrdersVisitor - [ORDERBOOK] Removing market data order:MktData(price=167,quantity=665)
13:00:19.603 [main] DEBUG c.orderbook.OrderBook - [ORDERBOOK] ASK: Adding orderMktData(price=98,quantity=501)
13:00:19.603 [main] INFO  c.o.visitor.MutatingAddOrderVisitor - [ORDERBOOK] + Limit(side=SELL,orderId=17,price=98,quantity=501)
13:00:19.603 [main] DEBUG c.orderbook.OrderBook - [ORDERBOOK] ASK: Adding orderMktData(price=101,quantity=200)
13:00:19.603 [main] DEBUG c.orderbook.OrderBook - [ORDERBOOK] ASK: Adding orderMktData(price=110,quantity=5000)
13:00:19.603 [main] DEBUG c.orderbook.OrderBook - [ORDERBOOK] ASK: Adding orderMktData(price=119,quantity=5600)
13:00:19.603 [main] DEBUG c.orderbook.OrderBook - [ORDERBOOK] ASK: Adding orderMktData(price=123,quantity=453)
13:00:19.603 [main] DEBUG c.orderbook.OrderBook - [ORDERBOOK] ASK: Adding orderMktData(price=144,quantity=645)
13:00:19.603 [main] DEBUG c.orderbook.OrderBook - [ORDERBOOK] ASK: Adding orderMktData(price=167,quantity=665)
13:00:19.603 [main] DEBUG c.service.MarketDataService - [ALGO] BID: price:43 quantity:134
13:00:19.603 [main] DEBUG c.service.MarketDataService - [ALGO] BID: price:76 quantity:145
13:00:19.603 [main] DEBUG c.service.MarketDataService - [ALGO] BID: price:91 quantity:300
13:00:19.603 [main] DEBUG c.service.MarketDataService - [ALGO] BID: price:93 quantity:200
13:00:19.603 [main] DEBUG c.service.MarketDataService - [ALGO] BID: price:95 quantity:100
13:00:19.603 [main] DEBUG c.service.MarketDataService - [ALGO] BID: price:98 quantity:154
13:00:19.603 [main] DEBUG c.service.MarketDataService - [ALGO] ASK: price:98 quantity:501
13:00:19.603 [main] DEBUG c.service.MarketDataService - [ALGO] ASK: price:101 quantity:200
13:00:19.603 [main] DEBUG c.service.MarketDataService - [ALGO] ASK: price:110 quantity:5000
13:00:19.603 [main] DEBUG c.service.MarketDataService - [ALGO] ASK: price:119 quantity:5600
13:00:19.603 [main] DEBUG c.service.MarketDataService - [ALGO] ASK: price:123 quantity:453
13:00:19.603 [main] DEBUG c.service.MarketDataService - [ALGO] ASK: price:144 quantity:645
13:00:19.603 [main] DEBUG c.service.MarketDataService - [ALGO] ASK: price:167 quantity:665
13:00:19.603 [main] INFO  c.gettingstarted.MyAlgoLogic - [MYALGO] The state of the order book is:
|----BID-----||----ASK----|
    134 @ 43    501 @ 98
    145 @ 76   200 @ 101
    300 @ 91  5000 @ 110
    200 @ 93  5600 @ 119
    100 @ 95   453 @ 123
    154 @ 98   645 @ 144
          -    665 @ 167
|------------||-----------|

13:00:19.603 [main] INFO  c.gettingstarted.MyAlgoLogic - [MYALGO] Algo Sees Book as: 
|----BID-----||----ASK----|
    134 @ 43    501 @ 98
    145 @ 76   200 @ 101
    300 @ 91  5000 @ 110
    200 @ 93  5600 @ 119
    100 @ 95   453 @ 123
    154 @ 98   645 @ 144
          -    665 @ 167
|------------||-----------|

13:00:19.603 [main] INFO  c.gettingstarted.TimedLogic - [TIMEDLOGIC] Market is open
13:00:19.603 [main] INFO  c.sequencer.consumer.LoggingConsumer - [205] 
|----BID-----|
    134 @ 43
    145 @ 76
    300 @ 91
    200 @ 93
    100 @ 95
    154 @ 98
|----ASK-----|
    501 @ 98
   200 @ 101
  5000 @ 110
  5600 @ 119
   453 @ 123
   645 @ 144
   665 @ 167

13:00:19.603 [main] INFO  c.orderbook.OrderBook - [ORDERBOOK] Processing Mkt Data Update
13:00:19.603 [main] INFO  c.o.v.MutatingRemoveAllMarketDataOrdersVisitor - [ORDERBOOK] Removing market data order:MktData(price=43,quantity=134)
13:00:19.603 [main] DEBUG c.orderbook.OrderBook - [ORDERBOOK] ASK: Adding orderMktData(price=43,quantity=134)
13:00:19.603 [main] INFO  c.o.visitor.MutatingAddOrderVisitor - [ORDERBOOK] + Limit(side=BUY,orderId=16,price=43,quantity=2195456)
13:00:19.603 [main] DEBUG c.orderbook.OrderBook - [ORDERBOOK] ASK: Adding orderMktData(price=76,quantity=145)
13:00:19.603 [main] DEBUG c.orderbook.OrderBook - [ORDERBOOK] ASK: Adding orderMktData(price=91,quantity=300)
13:00:19.603 [main] DEBUG c.orderbook.OrderBook - [ORDERBOOK] ASK: Adding orderMktData(price=93,quantity=200)
13:00:19.603 [main] DEBUG c.orderbook.OrderBook - [ORDERBOOK] ASK: Adding orderMktData(price=95,quantity=100)
13:00:19.603 [main] DEBUG c.orderbook.OrderBook - [ORDERBOOK] ASK: Adding orderMktData(price=98,quantity=154)
13:00:19.603 [main] INFO  c.o.v.MutatingMatchOneMarketDataOrderVisitor - [ORDERBOOK] visiting LevelOrderBookLevel(price=43,quantity=4274198)
13:00:19.603 [main] INFO  c.o.v.MutatingMatchOneMarketDataOrderVisitor - [ORDERBOOK] Can't match order:Limit(side=BUY,orderId=3,price=43,quantity=268)(MktData(price=98,quantity=154))
13:00:19.603 [main] INFO  c.o.v.MutatingMatchOneMarketDataOrderVisitor - [ORDERBOOK] Can't match order:Limit(side=BUY,orderId=5,price=43,quantity=1072)(MktData(price=98,quantity=154))
13:00:19.603 [main] INFO  c.o.v.MutatingMatchOneMarketDataOrderVisitor - [ORDERBOOK] Can't match order:Limit(side=BUY,orderId=7,price=43,quantity=4288)(MktData(price=98,quantity=154))
13:00:19.603 [main] INFO  c.o.v.MutatingMatchOneMarketDataOrderVisitor - [ORDERBOOK] Can't match order:Limit(side=BUY,orderId=9,price=43,quantity=17152)(MktData(price=98,quantity=154))
13:00:19.603 [main] INFO  c.o.v.MutatingMatchOneMarketDataOrderVisitor - [ORDERBOOK] Can't match order:Limit(side=BUY,orderId=11,price=43,quantity=68608)(MktData(price=98,quantity=154))
13:00:19.603 [main] INFO  c.o.v.MutatingMatchOneMarketDataOrderVisitor - [ORDERBOOK] Can't match order:Limit(side=BUY,orderId=12,price=43,quantity=137216)(MktData(price=98,quantity=154))
13:00:19.603 [main] INFO  c.o.v.MutatingMatchOneMarketDataOrderVisitor - [ORDERBOOK] Can't match order:Limit(side=BUY,orderId=13,price=43,quantity=274432)(MktData(price=98,quantity=154))
13:00:19.603 [main] INFO  c.o.v.MutatingMatchOneMarketDataOrderVisitor - [ORDERBOOK] Can't match order:Limit(side=BUY,orderId=14,price=43,quantity=548864)(MktData(price=98,quantity=154))
13:00:19.603 [main] INFO  c.o.v.MutatingMatchOneMarketDataOrderVisitor - [ORDERBOOK] Can't match order:Limit(side=BUY,orderId=15,price=43,quantity=1097728)(MktData(price=98,quantity=154))
13:00:19.603 [main] INFO  c.o.v.MutatingMatchOneMarketDataOrderVisitor - [ORDERBOOK] Can't match order:Limit(side=BUY,orderId=16,price=43,quantity=2195456)(MktData(price=98,quantity=154))
13:00:19.603 [main] INFO  c.o.v.MutatingMatchOneMarketDataOrderVisitor - [ORDERBOOK] Can't match order:MktData(price=43,quantity=134)(MktData(price=98,quantity=154))
13:00:19.603 [main] INFO  c.o.v.MutatingRemoveAllMarketDataOrdersVisitor - [ORDERBOOK] Removing market data order:MktData(price=98,quantity=501)
13:00:19.603 [main] INFO  c.o.v.MutatingRemoveAllMarketDataOrdersVisitor - [ORDERBOOK] Removing market data order:MktData(price=110,quantity=5000)
13:00:19.603 [main] INFO  c.o.v.MutatingRemoveAllMarketDataOrdersVisitor - [ORDERBOOK] Removing market data order:MktData(price=123,quantity=453)
13:00:19.603 [main] INFO  c.o.v.MutatingRemoveAllMarketDataOrdersVisitor - [ORDERBOOK] Removing market data order:MktData(price=167,quantity=665)
13:00:19.603 [main] DEBUG c.orderbook.OrderBook - [ORDERBOOK] ASK: Adding orderMktData(price=98,quantity=501)
13:00:19.603 [main] INFO  c.o.visitor.MutatingAddOrderVisitor - [ORDERBOOK] + Limit(side=SELL,orderId=17,price=98,quantity=501)
13:00:19.603 [main] DEBUG c.orderbook.OrderBook - [ORDERBOOK] ASK: Adding orderMktData(price=101,quantity=200)
13:00:19.603 [main] DEBUG c.orderbook.OrderBook - [ORDERBOOK] ASK: Adding orderMktData(price=110,quantity=5000)
13:00:19.603 [main] DEBUG c.orderbook.OrderBook - [ORDERBOOK] ASK: Adding orderMktData(price=119,quantity=5600)
13:00:19.603 [main] DEBUG c.orderbook.OrderBook - [ORDERBOOK] ASK: Adding orderMktData(price=123,quantity=453)
13:00:19.603 [main] DEBUG c.orderbook.OrderBook - [ORDERBOOK] ASK: Adding orderMktData(price=144,quantity=645)
13:00:19.603 [main] DEBUG c.orderbook.OrderBook - [ORDERBOOK] ASK: Adding orderMktData(price=167,quantity=665)
13:00:19.603 [main] DEBUG c.service.MarketDataService - [ALGO] BID: price:43 quantity:134
13:00:19.603 [main] DEBUG c.service.MarketDataService - [ALGO] BID: price:76 quantity:145
13:00:19.603 [main] DEBUG c.service.MarketDataService - [ALGO] BID: price:91 quantity:300
13:00:19.603 [main] DEBUG c.service.MarketDataService - [ALGO] BID: price:93 quantity:200
13:00:19.603 [main] DEBUG c.service.MarketDataService - [ALGO] BID: price:95 quantity:100
13:00:19.603 [main] DEBUG c.service.MarketDataService - [ALGO] BID: price:98 quantity:154
13:00:19.603 [main] DEBUG c.service.MarketDataService - [ALGO] ASK: price:98 quantity:501
13:00:19.603 [main] DEBUG c.service.MarketDataService - [ALGO] ASK: price:101 quantity:200
13:00:19.603 [main] DEBUG c.service.MarketDataService - [ALGO] ASK: price:110 quantity:5000
13:00:19.603 [main] DEBUG c.service.MarketDataService - [ALGO] ASK: price:119 quantity:5600
13:00:19.603 [main] DEBUG c.service.MarketDataService - [ALGO] ASK: price:123 quantity:453
13:00:19.603 [main] DEBUG c.service.MarketDataService - [ALGO] ASK: price:144 quantity:645
13:00:19.603 [main] DEBUG c.service.MarketDataService - [ALGO] ASK: price:167 quantity:665
13:00:19.603 [main] INFO  c.gettingstarted.MyAlgoLogic - [MYALGO] The state of the order book is:
|----BID-----||----ASK----|
    134 @ 43    501 @ 98
    145 @ 76   200 @ 101
    300 @ 91  5000 @ 110
    200 @ 93  5600 @ 119
    100 @ 95   453 @ 123
    154 @ 98   645 @ 144
          -    665 @ 167
|------------||-----------|

13:00:19.603 [main] INFO  c.gettingstarted.MyAlgoLogic - [MYALGO] Algo Sees Book as: 
|----BID-----||----ASK----|
    134 @ 43    501 @ 98
    145 @ 76   200 @ 101
    300 @ 91  5000 @ 110
    200 @ 93  5600 @ 119
    100 @ 95   453 @ 123
    154 @ 98   645 @ 144
          -    665 @ 167
|------------||-----------|

13:00:19.603 [main] INFO  c.gettingstarted.TimedLogic - [TIMEDLOGIC] Market is open
13:00:19.603 [main] INFO  c.sequencer.consumer.LoggingConsumer - [206] 
|----BID-----|
    134 @ 43
    145 @ 76
    300 @ 91
    200 @ 93
    100 @ 95
    154 @ 98
|----ASK-----|
    501 @ 98
   200 @ 101
  5000 @ 110
  5600 @ 119
   453 @ 123
   645 @ 144
   665 @ 167

13:00:19.603 [main] INFO  c.orderbook.OrderBook - [ORDERBOOK] Processing Mkt Data Update
13:00:19.603 [main] INFO  c.o.v.MutatingRemoveAllMarketDataOrdersVisitor - [ORDERBOOK] Removing market data order:MktData(price=43,quantity=134)
13:00:19.603 [main] DEBUG c.orderbook.OrderBook - [ORDERBOOK] ASK: Adding orderMktData(price=43,quantity=134)
13:00:19.603 [main] INFO  c.o.visitor.MutatingAddOrderVisitor - [ORDERBOOK] + Limit(side=BUY,orderId=16,price=43,quantity=2195456)
13:00:19.603 [main] DEBUG c.orderbook.OrderBook - [ORDERBOOK] ASK: Adding orderMktData(price=76,quantity=145)
13:00:19.603 [main] DEBUG c.orderbook.OrderBook - [ORDERBOOK] ASK: Adding orderMktData(price=91,quantity=300)
13:00:19.603 [main] DEBUG c.orderbook.OrderBook - [ORDERBOOK] ASK: Adding orderMktData(price=93,quantity=200)
13:00:19.603 [main] DEBUG c.orderbook.OrderBook - [ORDERBOOK] ASK: Adding orderMktData(price=95,quantity=100)
13:00:19.603 [main] DEBUG c.orderbook.OrderBook - [ORDERBOOK] ASK: Adding orderMktData(price=98,quantity=154)
13:00:19.603 [main] INFO  c.o.v.MutatingMatchOneMarketDataOrderVisitor - [ORDERBOOK] visiting LevelOrderBookLevel(price=43,quantity=4274332)
13:00:19.603 [main] INFO  c.o.v.MutatingMatchOneMarketDataOrderVisitor - [ORDERBOOK] Can't match order:Limit(side=BUY,orderId=3,price=43,quantity=268)(MktData(price=98,quantity=154))
13:00:19.603 [main] INFO  c.o.v.MutatingMatchOneMarketDataOrderVisitor - [ORDERBOOK] Can't match order:Limit(side=BUY,orderId=5,price=43,quantity=1072)(MktData(price=98,quantity=154))
13:00:19.603 [main] INFO  c.o.v.MutatingMatchOneMarketDataOrderVisitor - [ORDERBOOK] Can't match order:Limit(side=BUY,orderId=7,price=43,quantity=4288)(MktData(price=98,quantity=154))
13:00:19.603 [main] INFO  c.o.v.MutatingMatchOneMarketDataOrderVisitor - [ORDERBOOK] Can't match order:Limit(side=BUY,orderId=9,price=43,quantity=17152)(MktData(price=98,quantity=154))
13:00:19.603 [main] INFO  c.o.v.MutatingMatchOneMarketDataOrderVisitor - [ORDERBOOK] Can't match order:Limit(side=BUY,orderId=11,price=43,quantity=68608)(MktData(price=98,quantity=154))
13:00:19.603 [main] INFO  c.o.v.MutatingMatchOneMarketDataOrderVisitor - [ORDERBOOK] Can't match order:Limit(side=BUY,orderId=12,price=43,quantity=137216)(MktData(price=98,quantity=154))
13:00:19.603 [main] INFO  c.o.v.MutatingMatchOneMarketDataOrderVisitor - [ORDERBOOK] Can't match order:Limit(side=BUY,orderId=13,price=43,quantity=274432)(MktData(price=98,quantity=154))
13:00:19.603 [main] INFO  c.o.v.MutatingMatchOneMarketDataOrderVisitor - [ORDERBOOK] Can't match order:Limit(side=BUY,orderId=14,price=43,quantity=548864)(MktData(price=98,quantity=154))
13:00:19.603 [main] INFO  c.o.v.MutatingMatchOneMarketDataOrderVisitor - [ORDERBOOK] Can't match order:Limit(side=BUY,orderId=15,price=43,quantity=1097728)(MktData(price=98,quantity=154))
13:00:19.603 [main] INFO  c.o.v.MutatingMatchOneMarketDataOrderVisitor - [ORDERBOOK] Can't match order:Limit(side=BUY,orderId=16,price=43,quantity=2195456)(MktData(price=98,quantity=154))
13:00:19.603 [main] INFO  c.o.v.MutatingMatchOneMarketDataOrderVisitor - [ORDERBOOK] Can't match order:MktData(price=43,quantity=134)(MktData(price=98,quantity=154))
13:00:19.603 [main] INFO  c.o.v.MutatingRemoveAllMarketDataOrdersVisitor - [ORDERBOOK] Removing market data order:MktData(price=98,quantity=501)
13:00:19.603 [main] INFO  c.o.v.MutatingRemoveAllMarketDataOrdersVisitor - [ORDERBOOK] Removing market data order:MktData(price=110,quantity=5000)
13:00:19.603 [main] INFO  c.o.v.MutatingRemoveAllMarketDataOrdersVisitor - [ORDERBOOK] Removing market data order:MktData(price=123,quantity=453)
13:00:19.603 [main] INFO  c.o.v.MutatingRemoveAllMarketDataOrdersVisitor - [ORDERBOOK] Removing market data order:MktData(price=167,quantity=665)
13:00:19.603 [main] DEBUG c.orderbook.OrderBook - [ORDERBOOK] ASK: Adding orderMktData(price=98,quantity=501)
13:00:19.603 [main] INFO  c.o.visitor.MutatingAddOrderVisitor - [ORDERBOOK] + Limit(side=SELL,orderId=17,price=98,quantity=501)
13:00:19.603 [main] DEBUG c.orderbook.OrderBook - [ORDERBOOK] ASK: Adding orderMktData(price=101,quantity=200)
13:00:19.603 [main] DEBUG c.orderbook.OrderBook - [ORDERBOOK] ASK: Adding orderMktData(price=110,quantity=5000)
13:00:19.603 [main] DEBUG c.orderbook.OrderBook - [ORDERBOOK] ASK: Adding orderMktData(price=119,quantity=5600)
13:00:19.603 [main] DEBUG c.orderbook.OrderBook - [ORDERBOOK] ASK: Adding orderMktData(price=123,quantity=453)
13:00:19.603 [main] DEBUG c.orderbook.OrderBook - [ORDERBOOK] ASK: Adding orderMktData(price=144,quantity=645)
13:00:19.603 [main] DEBUG c.orderbook.OrderBook - [ORDERBOOK] ASK: Adding orderMktData(price=167,quantity=665)
13:00:19.603 [main] DEBUG c.service.MarketDataService - [ALGO] BID: price:43 quantity:134
13:00:19.603 [main] DEBUG c.service.MarketDataService - [ALGO] BID: price:76 quantity:145
13:00:19.603 [main] DEBUG c.service.MarketDataService - [ALGO] BID: price:91 quantity:300
13:00:19.603 [main] DEBUG c.service.MarketDataService - [ALGO] BID: price:93 quantity:200
13:00:19.603 [main] DEBUG c.service.MarketDataService - [ALGO] BID: price:95 quantity:100
13:00:19.603 [main] DEBUG c.service.MarketDataService - [ALGO] BID: price:98 quantity:154
13:00:19.603 [main] DEBUG c.service.MarketDataService - [ALGO] ASK: price:98 quantity:501
13:00:19.603 [main] DEBUG c.service.MarketDataService - [ALGO] ASK: price:101 quantity:200
13:00:19.603 [main] DEBUG c.service.MarketDataService - [ALGO] ASK: price:110 quantity:5000
13:00:19.603 [main] DEBUG c.service.MarketDataService - [ALGO] ASK: price:119 quantity:5600
13:00:19.603 [main] DEBUG c.service.MarketDataService - [ALGO] ASK: price:123 quantity:453
13:00:19.603 [main] DEBUG c.service.MarketDataService - [ALGO] ASK: price:144 quantity:645
13:00:19.603 [main] DEBUG c.service.MarketDataService - [ALGO] ASK: price:167 quantity:665
13:00:19.603 [main] INFO  c.gettingstarted.MyAlgoLogic - [MYALGO] The state of the order book is:
|----BID-----||----ASK----|
    134 @ 43    501 @ 98
    145 @ 76   200 @ 101
    300 @ 91  5000 @ 110
    200 @ 93  5600 @ 119
    100 @ 95   453 @ 123
    154 @ 98   645 @ 144
          -    665 @ 167
|------------||-----------|

13:00:19.603 [main] INFO  c.gettingstarted.MyAlgoLogic - [MYALGO] Algo Sees Book as: 
|----BID-----||----ASK----|
    134 @ 43    501 @ 98
    145 @ 76   200 @ 101
    300 @ 91  5000 @ 110
    200 @ 93  5600 @ 119
    100 @ 95   453 @ 123
    154 @ 98   645 @ 144
          -    665 @ 167
|------------||-----------|

13:00:19.603 [main] INFO  c.gettingstarted.TimedLogic - [TIMEDLOGIC] Market is open
13:00:19.603 [main] INFO  c.sequencer.consumer.LoggingConsumer - [207] 
|----BID-----|
    134 @ 43
    145 @ 76
    300 @ 91
    200 @ 93
    100 @ 95
    154 @ 98
|----ASK-----|
    501 @ 98
   200 @ 101
  5000 @ 110
  5600 @ 119
   453 @ 123
   645 @ 144
   665 @ 167

13:00:19.603 [main] INFO  c.orderbook.OrderBook - [ORDERBOOK] Processing Mkt Data Update
13:00:19.603 [main] INFO  c.o.v.MutatingRemoveAllMarketDataOrdersVisitor - [ORDERBOOK] Removing market data order:MktData(price=43,quantity=134)
13:00:19.603 [main] DEBUG c.orderbook.OrderBook - [ORDERBOOK] ASK: Adding orderMktData(price=43,quantity=134)
13:00:19.603 [main] INFO  c.o.visitor.MutatingAddOrderVisitor - [ORDERBOOK] + Limit(side=BUY,orderId=16,price=43,quantity=2195456)
13:00:19.603 [main] DEBUG c.orderbook.OrderBook - [ORDERBOOK] ASK: Adding orderMktData(price=76,quantity=145)
13:00:19.603 [main] DEBUG c.orderbook.OrderBook - [ORDERBOOK] ASK: Adding orderMktData(price=91,quantity=300)
13:00:19.603 [main] DEBUG c.orderbook.OrderBook - [ORDERBOOK] ASK: Adding orderMktData(price=93,quantity=200)
13:00:19.603 [main] DEBUG c.orderbook.OrderBook - [ORDERBOOK] ASK: Adding orderMktData(price=95,quantity=100)
13:00:19.603 [main] DEBUG c.orderbook.OrderBook - [ORDERBOOK] ASK: Adding orderMktData(price=98,quantity=154)
13:00:19.603 [main] INFO  c.o.v.MutatingMatchOneMarketDataOrderVisitor - [ORDERBOOK] visiting LevelOrderBookLevel(price=43,quantity=4274466)
13:00:19.603 [main] INFO  c.o.v.MutatingMatchOneMarketDataOrderVisitor - [ORDERBOOK] Can't match order:Limit(side=BUY,orderId=3,price=43,quantity=268)(MktData(price=98,quantity=154))
13:00:19.603 [main] INFO  c.o.v.MutatingMatchOneMarketDataOrderVisitor - [ORDERBOOK] Can't match order:Limit(side=BUY,orderId=5,price=43,quantity=1072)(MktData(price=98,quantity=154))
13:00:19.603 [main] INFO  c.o.v.MutatingMatchOneMarketDataOrderVisitor - [ORDERBOOK] Can't match order:Limit(side=BUY,orderId=7,price=43,quantity=4288)(MktData(price=98,quantity=154))
13:00:19.603 [main] INFO  c.o.v.MutatingMatchOneMarketDataOrderVisitor - [ORDERBOOK] Can't match order:Limit(side=BUY,orderId=9,price=43,quantity=17152)(MktData(price=98,quantity=154))
13:00:19.603 [main] INFO  c.o.v.MutatingMatchOneMarketDataOrderVisitor - [ORDERBOOK] Can't match order:Limit(side=BUY,orderId=11,price=43,quantity=68608)(MktData(price=98,quantity=154))
13:00:19.603 [main] INFO  c.o.v.MutatingMatchOneMarketDataOrderVisitor - [ORDERBOOK] Can't match order:Limit(side=BUY,orderId=12,price=43,quantity=137216)(MktData(price=98,quantity=154))
13:00:19.603 [main] INFO  c.o.v.MutatingMatchOneMarketDataOrderVisitor - [ORDERBOOK] Can't match order:Limit(side=BUY,orderId=13,price=43,quantity=274432)(MktData(price=98,quantity=154))
13:00:19.603 [main] INFO  c.o.v.MutatingMatchOneMarketDataOrderVisitor - [ORDERBOOK] Can't match order:Limit(side=BUY,orderId=14,price=43,quantity=548864)(MktData(price=98,quantity=154))
13:00:19.603 [main] INFO  c.o.v.MutatingMatchOneMarketDataOrderVisitor - [ORDERBOOK] Can't match order:Limit(side=BUY,orderId=15,price=43,quantity=1097728)(MktData(price=98,quantity=154))
13:00:19.603 [main] INFO  c.o.v.MutatingMatchOneMarketDataOrderVisitor - [ORDERBOOK] Can't match order:Limit(side=BUY,orderId=16,price=43,quantity=2195456)(MktData(price=98,quantity=154))
13:00:19.603 [main] INFO  c.o.v.MutatingMatchOneMarketDataOrderVisitor - [ORDERBOOK] Can't match order:MktData(price=43,quantity=134)(MktData(price=98,quantity=154))
13:00:19.603 [main] INFO  c.o.v.MutatingRemoveAllMarketDataOrdersVisitor - [ORDERBOOK] Removing market data order:MktData(price=98,quantity=501)
13:00:19.603 [main] INFO  c.o.v.MutatingRemoveAllMarketDataOrdersVisitor - [ORDERBOOK] Removing market data order:MktData(price=110,quantity=5000)
13:00:19.603 [main] INFO  c.o.v.MutatingRemoveAllMarketDataOrdersVisitor - [ORDERBOOK] Removing market data order:MktData(price=123,quantity=453)
13:00:19.603 [main] INFO  c.o.v.MutatingRemoveAllMarketDataOrdersVisitor - [ORDERBOOK] Removing market data order:MktData(price=167,quantity=665)
13:00:19.603 [main] DEBUG c.orderbook.OrderBook - [ORDERBOOK] ASK: Adding orderMktData(price=98,quantity=501)
13:00:19.603 [main] INFO  c.o.visitor.MutatingAddOrderVisitor - [ORDERBOOK] + Limit(side=SELL,orderId=17,price=98,quantity=501)
13:00:19.603 [main] DEBUG c.orderbook.OrderBook - [ORDERBOOK] ASK: Adding orderMktData(price=101,quantity=200)
13:00:19.603 [main] DEBUG c.orderbook.OrderBook - [ORDERBOOK] ASK: Adding orderMktData(price=110,quantity=5000)
13:00:19.603 [main] DEBUG c.orderbook.OrderBook - [ORDERBOOK] ASK: Adding orderMktData(price=119,quantity=5600)
13:00:19.603 [main] DEBUG c.orderbook.OrderBook - [ORDERBOOK] ASK: Adding orderMktData(price=123,quantity=453)
13:00:19.603 [main] DEBUG c.orderbook.OrderBook - [ORDERBOOK] ASK: Adding orderMktData(price=144,quantity=645)
13:00:19.603 [main] DEBUG c.orderbook.OrderBook - [ORDERBOOK] ASK: Adding orderMktData(price=167,quantity=665)
13:00:19.603 [main] DEBUG c.service.MarketDataService - [ALGO] BID: price:43 quantity:134
13:00:19.603 [main] DEBUG c.service.MarketDataService - [ALGO] BID: price:76 quantity:145
13:00:19.603 [main] DEBUG c.service.MarketDataService - [ALGO] BID: price:91 quantity:300
13:00:19.603 [main] DEBUG c.service.MarketDataService - [ALGO] BID: price:93 quantity:200
13:00:19.603 [main] DEBUG c.service.MarketDataService - [ALGO] BID: price:95 quantity:100
13:00:19.603 [main] DEBUG c.service.MarketDataService - [ALGO] BID: price:98 quantity:154
13:00:19.603 [main] DEBUG c.service.MarketDataService - [ALGO] ASK: price:98 quantity:501
13:00:19.603 [main] DEBUG c.service.MarketDataService - [ALGO] ASK: price:101 quantity:200
13:00:19.603 [main] DEBUG c.service.MarketDataService - [ALGO] ASK: price:110 quantity:5000
13:00:19.603 [main] DEBUG c.service.MarketDataService - [ALGO] ASK: price:119 quantity:5600
13:00:19.603 [main] DEBUG c.service.MarketDataService - [ALGO] ASK: price:123 quantity:453
13:00:19.603 [main] DEBUG c.service.MarketDataService - [ALGO] ASK: price:144 quantity:645
13:00:19.603 [main] DEBUG c.service.MarketDataService - [ALGO] ASK: price:167 quantity:665
13:00:19.603 [main] INFO  c.gettingstarted.MyAlgoLogic - [MYALGO] The state of the order book is:
|----BID-----||----ASK----|
    134 @ 43    501 @ 98
    145 @ 76   200 @ 101
    300 @ 91  5000 @ 110
    200 @ 93  5600 @ 119
    100 @ 95   453 @ 123
    154 @ 98   645 @ 144
          -    665 @ 167
|------------||-----------|

13:00:19.603 [main] INFO  c.gettingstarted.MyAlgoLogic - [MYALGO] Algo Sees Book as: 
|----BID-----||----ASK----|
    134 @ 43    501 @ 98
    145 @ 76   200 @ 101
    300 @ 91  5000 @ 110
    200 @ 93  5600 @ 119
    100 @ 95   453 @ 123
    154 @ 98   645 @ 144
          -    665 @ 167
|------------||-----------|

13:00:19.603 [main] INFO  c.gettingstarted.TimedLogic - [TIMEDLOGIC] Market is open
13:00:19.603 [main] INFO  c.sequencer.consumer.LoggingConsumer - [208] 
|----BID-----|
    134 @ 43
    145 @ 76
    300 @ 91
    200 @ 93
    100 @ 95
    154 @ 98
|----ASK-----|
    501 @ 98
   200 @ 101
  5000 @ 110
  5600 @ 119
   453 @ 123
   645 @ 144
   665 @ 167

13:00:19.603 [main] INFO  c.orderbook.OrderBook - [ORDERBOOK] Processing Mkt Data Update
13:00:19.603 [main] INFO  c.o.v.MutatingRemoveAllMarketDataOrdersVisitor - [ORDERBOOK] Removing market data order:MktData(price=43,quantity=134)
13:00:19.603 [main] DEBUG c.orderbook.OrderBook - [ORDERBOOK] ASK: Adding orderMktData(price=43,quantity=134)
13:00:19.603 [main] INFO  c.o.visitor.MutatingAddOrderVisitor - [ORDERBOOK] + Limit(side=BUY,orderId=16,price=43,quantity=2195456)
13:00:19.603 [main] DEBUG c.orderbook.OrderBook - [ORDERBOOK] ASK: Adding orderMktData(price=76,quantity=145)
13:00:19.603 [main] DEBUG c.orderbook.OrderBook - [ORDERBOOK] ASK: Adding orderMktData(price=91,quantity=300)
13:00:19.603 [main] DEBUG c.orderbook.OrderBook - [ORDERBOOK] ASK: Adding orderMktData(price=93,quantity=200)
13:00:19.603 [main] DEBUG c.orderbook.OrderBook - [ORDERBOOK] ASK: Adding orderMktData(price=95,quantity=100)
13:00:19.603 [main] DEBUG c.orderbook.OrderBook - [ORDERBOOK] ASK: Adding orderMktData(price=98,quantity=154)
13:00:19.603 [main] INFO  c.o.v.MutatingMatchOneMarketDataOrderVisitor - [ORDERBOOK] visiting LevelOrderBookLevel(price=43,quantity=4274600)
13:00:19.603 [main] INFO  c.o.v.MutatingMatchOneMarketDataOrderVisitor - [ORDERBOOK] Can't match order:Limit(side=BUY,orderId=3,price=43,quantity=268)(MktData(price=98,quantity=154))
13:00:19.603 [main] INFO  c.o.v.MutatingMatchOneMarketDataOrderVisitor - [ORDERBOOK] Can't match order:Limit(side=BUY,orderId=5,price=43,quantity=1072)(MktData(price=98,quantity=154))
13:00:19.603 [main] INFO  c.o.v.MutatingMatchOneMarketDataOrderVisitor - [ORDERBOOK] Can't match order:Limit(side=BUY,orderId=7,price=43,quantity=4288)(MktData(price=98,quantity=154))
13:00:19.603 [main] INFO  c.o.v.MutatingMatchOneMarketDataOrderVisitor - [ORDERBOOK] Can't match order:Limit(side=BUY,orderId=9,price=43,quantity=17152)(MktData(price=98,quantity=154))
13:00:19.603 [main] INFO  c.o.v.MutatingMatchOneMarketDataOrderVisitor - [ORDERBOOK] Can't match order:Limit(side=BUY,orderId=11,price=43,quantity=68608)(MktData(price=98,quantity=154))
13:00:19.603 [main] INFO  c.o.v.MutatingMatchOneMarketDataOrderVisitor - [ORDERBOOK] Can't match order:Limit(side=BUY,orderId=12,price=43,quantity=137216)(MktData(price=98,quantity=154))
13:00:19.603 [main] INFO  c.o.v.MutatingMatchOneMarketDataOrderVisitor - [ORDERBOOK] Can't match order:Limit(side=BUY,orderId=13,price=43,quantity=274432)(MktData(price=98,quantity=154))
13:00:19.603 [main] INFO  c.o.v.MutatingMatchOneMarketDataOrderVisitor - [ORDERBOOK] Can't match order:Limit(side=BUY,orderId=14,price=43,quantity=548864)(MktData(price=98,quantity=154))
13:00:19.603 [main] INFO  c.o.v.MutatingMatchOneMarketDataOrderVisitor - [ORDERBOOK] Can't match order:Limit(side=BUY,orderId=15,price=43,quantity=1097728)(MktData(price=98,quantity=154))
13:00:19.603 [main] INFO  c.o.v.MutatingMatchOneMarketDataOrderVisitor - [ORDERBOOK] Can't match order:Limit(side=BUY,orderId=16,price=43,quantity=2195456)(MktData(price=98,quantity=154))
13:00:19.603 [main] INFO  c.o.v.MutatingMatchOneMarketDataOrderVisitor - [ORDERBOOK] Can't match order:MktData(price=43,quantity=134)(MktData(price=98,quantity=154))
13:00:19.603 [main] INFO  c.o.v.MutatingRemoveAllMarketDataOrdersVisitor - [ORDERBOOK] Removing market data order:MktData(price=98,quantity=501)
13:00:19.603 [main] INFO  c.o.v.MutatingRemoveAllMarketDataOrdersVisitor - [ORDERBOOK] Removing market data order:MktData(price=110,quantity=5000)
13:00:19.603 [main] INFO  c.o.v.MutatingRemoveAllMarketDataOrdersVisitor - [ORDERBOOK] Removing market data order:MktData(price=123,quantity=453)
13:00:19.603 [main] INFO  c.o.v.MutatingRemoveAllMarketDataOrdersVisitor - [ORDERBOOK] Removing market data order:MktData(price=167,quantity=665)
13:00:19.603 [main] DEBUG c.orderbook.OrderBook - [ORDERBOOK] ASK: Adding orderMktData(price=98,quantity=501)
13:00:19.603 [main] INFO  c.o.visitor.MutatingAddOrderVisitor - [ORDERBOOK] + Limit(side=SELL,orderId=17,price=98,quantity=501)
13:00:19.603 [main] DEBUG c.orderbook.OrderBook - [ORDERBOOK] ASK: Adding orderMktData(price=101,quantity=200)
13:00:19.603 [main] DEBUG c.orderbook.OrderBook - [ORDERBOOK] ASK: Adding orderMktData(price=110,quantity=5000)
13:00:19.603 [main] DEBUG c.orderbook.OrderBook - [ORDERBOOK] ASK: Adding orderMktData(price=119,quantity=5600)
13:00:19.603 [main] DEBUG c.orderbook.OrderBook - [ORDERBOOK] ASK: Adding orderMktData(price=123,quantity=453)
13:00:19.603 [main] DEBUG c.orderbook.OrderBook - [ORDERBOOK] ASK: Adding orderMktData(price=144,quantity=645)
13:00:19.603 [main] DEBUG c.orderbook.OrderBook - [ORDERBOOK] ASK: Adding orderMktData(price=167,quantity=665)
13:00:19.603 [main] DEBUG c.service.MarketDataService - [ALGO] BID: price:43 quantity:134
13:00:19.603 [main] DEBUG c.service.MarketDataService - [ALGO] BID: price:76 quantity:145
13:00:19.603 [main] DEBUG c.service.MarketDataService - [ALGO] BID: price:91 quantity:300
13:00:19.603 [main] DEBUG c.service.MarketDataService - [ALGO] BID: price:93 quantity:200
13:00:19.603 [main] DEBUG c.service.MarketDataService - [ALGO] BID: price:95 quantity:100
13:00:19.603 [main] DEBUG c.service.MarketDataService - [ALGO] BID: price:98 quantity:154
13:00:19.603 [main] DEBUG c.service.MarketDataService - [ALGO] ASK: price:98 quantity:501
13:00:19.603 [main] DEBUG c.service.MarketDataService - [ALGO] ASK: price:101 quantity:200
13:00:19.603 [main] DEBUG c.service.MarketDataService - [ALGO] ASK: price:110 quantity:5000
13:00:19.603 [main] DEBUG c.service.MarketDataService - [ALGO] ASK: price:119 quantity:5600
13:00:19.603 [main] DEBUG c.service.MarketDataService - [ALGO] ASK: price:123 quantity:453
13:00:19.603 [main] DEBUG c.service.MarketDataService - [ALGO] ASK: price:144 quantity:645
13:00:19.603 [main] DEBUG c.service.MarketDataService - [ALGO] ASK: price:167 quantity:665
13:00:19.603 [main] INFO  c.gettingstarted.MyAlgoLogic - [MYALGO] The state of the order book is:
|----BID-----||----ASK----|
    134 @ 43    501 @ 98
    145 @ 76   200 @ 101
    300 @ 91  5000 @ 110
    200 @ 93  5600 @ 119
    100 @ 95   453 @ 123
    154 @ 98   645 @ 144
          -    665 @ 167
|------------||-----------|

13:00:19.603 [main] INFO  c.gettingstarted.MyAlgoLogic - [MYALGO] Algo Sees Book as: 
|----BID-----||----ASK----|
    134 @ 43    501 @ 98
    145 @ 76   200 @ 101
    300 @ 91  5000 @ 110
    200 @ 93  5600 @ 119
    100 @ 95   453 @ 123
    154 @ 98   645 @ 144
          -    665 @ 167
|------------||-----------|

13:00:19.603 [main] INFO  c.gettingstarted.TimedLogic - [TIMEDLOGIC] Market is open
13:00:19.603 [main] INFO  c.sequencer.consumer.LoggingConsumer - [209] 
|----BID-----|
    134 @ 43
    145 @ 76
    300 @ 91
    200 @ 93
    100 @ 95
    154 @ 98
|----ASK-----|
    501 @ 98
   200 @ 101
  5000 @ 110
  5600 @ 119
   453 @ 123
   645 @ 144
   665 @ 167

13:00:19.603 [main] INFO  c.orderbook.OrderBook - [ORDERBOOK] Processing Mkt Data Update
13:00:19.603 [main] INFO  c.o.v.MutatingRemoveAllMarketDataOrdersVisitor - [ORDERBOOK] Removing market data order:MktData(price=43,quantity=134)
13:00:19.603 [main] DEBUG c.orderbook.OrderBook - [ORDERBOOK] ASK: Adding orderMktData(price=43,quantity=134)
13:00:19.603 [main] INFO  c.o.visitor.MutatingAddOrderVisitor - [ORDERBOOK] + Limit(side=BUY,orderId=16,price=43,quantity=2195456)
13:00:19.603 [main] DEBUG c.orderbook.OrderBook - [ORDERBOOK] ASK: Adding orderMktData(price=76,quantity=145)
13:00:19.603 [main] DEBUG c.orderbook.OrderBook - [ORDERBOOK] ASK: Adding orderMktData(price=91,quantity=300)
13:00:19.603 [main] DEBUG c.orderbook.OrderBook - [ORDERBOOK] ASK: Adding orderMktData(price=93,quantity=200)
13:00:19.603 [main] DEBUG c.orderbook.OrderBook - [ORDERBOOK] ASK: Adding orderMktData(price=95,quantity=100)
13:00:19.603 [main] DEBUG c.orderbook.OrderBook - [ORDERBOOK] ASK: Adding orderMktData(price=98,quantity=154)
13:00:19.603 [main] INFO  c.o.v.MutatingMatchOneMarketDataOrderVisitor - [ORDERBOOK] visiting LevelOrderBookLevel(price=43,quantity=4274734)
13:00:19.603 [main] INFO  c.o.v.MutatingMatchOneMarketDataOrderVisitor - [ORDERBOOK] Can't match order:Limit(side=BUY,orderId=3,price=43,quantity=268)(MktData(price=98,quantity=154))
13:00:19.603 [main] INFO  c.o.v.MutatingMatchOneMarketDataOrderVisitor - [ORDERBOOK] Can't match order:Limit(side=BUY,orderId=5,price=43,quantity=1072)(MktData(price=98,quantity=154))
13:00:19.603 [main] INFO  c.o.v.MutatingMatchOneMarketDataOrderVisitor - [ORDERBOOK] Can't match order:Limit(side=BUY,orderId=7,price=43,quantity=4288)(MktData(price=98,quantity=154))
13:00:19.603 [main] INFO  c.o.v.MutatingMatchOneMarketDataOrderVisitor - [ORDERBOOK] Can't match order:Limit(side=BUY,orderId=9,price=43,quantity=17152)(MktData(price=98,quantity=154))
13:00:19.603 [main] INFO  c.o.v.MutatingMatchOneMarketDataOrderVisitor - [ORDERBOOK] Can't match order:Limit(side=BUY,orderId=11,price=43,quantity=68608)(MktData(price=98,quantity=154))
13:00:19.603 [main] INFO  c.o.v.MutatingMatchOneMarketDataOrderVisitor - [ORDERBOOK] Can't match order:Limit(side=BUY,orderId=12,price=43,quantity=137216)(MktData(price=98,quantity=154))
13:00:19.603 [main] INFO  c.o.v.MutatingMatchOneMarketDataOrderVisitor - [ORDERBOOK] Can't match order:Limit(side=BUY,orderId=13,price=43,quantity=274432)(MktData(price=98,quantity=154))
13:00:19.603 [main] INFO  c.o.v.MutatingMatchOneMarketDataOrderVisitor - [ORDERBOOK] Can't match order:Limit(side=BUY,orderId=14,price=43,quantity=548864)(MktData(price=98,quantity=154))
13:00:19.603 [main] INFO  c.o.v.MutatingMatchOneMarketDataOrderVisitor - [ORDERBOOK] Can't match order:Limit(side=BUY,orderId=15,price=43,quantity=1097728)(MktData(price=98,quantity=154))
13:00:19.603 [main] INFO  c.o.v.MutatingMatchOneMarketDataOrderVisitor - [ORDERBOOK] Can't match order:Limit(side=BUY,orderId=16,price=43,quantity=2195456)(MktData(price=98,quantity=154))
13:00:19.603 [main] INFO  c.o.v.MutatingMatchOneMarketDataOrderVisitor - [ORDERBOOK] Can't match order:MktData(price=43,quantity=134)(MktData(price=98,quantity=154))
13:00:19.603 [main] INFO  c.o.v.MutatingRemoveAllMarketDataOrdersVisitor - [ORDERBOOK] Removing market data order:MktData(price=98,quantity=501)
13:00:19.603 [main] INFO  c.o.v.MutatingRemoveAllMarketDataOrdersVisitor - [ORDERBOOK] Removing market data order:MktData(price=110,quantity=5000)
13:00:19.603 [main] INFO  c.o.v.MutatingRemoveAllMarketDataOrdersVisitor - [ORDERBOOK] Removing market data order:MktData(price=123,quantity=453)
13:00:19.603 [main] INFO  c.o.v.MutatingRemoveAllMarketDataOrdersVisitor - [ORDERBOOK] Removing market data order:MktData(price=167,quantity=665)
13:00:19.603 [main] DEBUG c.orderbook.OrderBook - [ORDERBOOK] ASK: Adding orderMktData(price=98,quantity=501)
13:00:19.603 [main] INFO  c.o.visitor.MutatingAddOrderVisitor - [ORDERBOOK] + Limit(side=SELL,orderId=17,price=98,quantity=501)
13:00:19.603 [main] DEBUG c.orderbook.OrderBook - [ORDERBOOK] ASK: Adding orderMktData(price=101,quantity=200)
13:00:19.603 [main] DEBUG c.orderbook.OrderBook - [ORDERBOOK] ASK: Adding orderMktData(price=110,quantity=5000)
13:00:19.603 [main] DEBUG c.orderbook.OrderBook - [ORDERBOOK] ASK: Adding orderMktData(price=119,quantity=5600)
13:00:19.603 [main] DEBUG c.orderbook.OrderBook - [ORDERBOOK] ASK: Adding orderMktData(price=123,quantity=453)
13:00:19.603 [main] DEBUG c.orderbook.OrderBook - [ORDERBOOK] ASK: Adding orderMktData(price=144,quantity=645)
13:00:19.603 [main] DEBUG c.orderbook.OrderBook - [ORDERBOOK] ASK: Adding orderMktData(price=167,quantity=665)
13:00:19.603 [main] DEBUG c.service.MarketDataService - [ALGO] BID: price:43 quantity:134
13:00:19.603 [main] DEBUG c.service.MarketDataService - [ALGO] BID: price:76 quantity:145
13:00:19.603 [main] DEBUG c.service.MarketDataService - [ALGO] BID: price:91 quantity:300
13:00:19.603 [main] DEBUG c.service.MarketDataService - [ALGO] BID: price:93 quantity:200
13:00:19.603 [main] DEBUG c.service.MarketDataService - [ALGO] BID: price:95 quantity:100
13:00:19.603 [main] DEBUG c.service.MarketDataService - [ALGO] BID: price:98 quantity:154
13:00:19.603 [main] DEBUG c.service.MarketDataService - [ALGO] ASK: price:98 quantity:501
13:00:19.603 [main] DEBUG c.service.MarketDataService - [ALGO] ASK: price:101 quantity:200
13:00:19.603 [main] DEBUG c.service.MarketDataService - [ALGO] ASK: price:110 quantity:5000
13:00:19.603 [main] DEBUG c.service.MarketDataService - [ALGO] ASK: price:119 quantity:5600
13:00:19.603 [main] DEBUG c.service.MarketDataService - [ALGO] ASK: price:123 quantity:453
13:00:19.603 [main] DEBUG c.service.MarketDataService - [ALGO] ASK: price:144 quantity:645
13:00:19.603 [main] DEBUG c.service.MarketDataService - [ALGO] ASK: price:167 quantity:665
13:00:19.603 [main] INFO  c.gettingstarted.MyAlgoLogic - [MYALGO] The state of the order book is:
|----BID-----||----ASK----|
    134 @ 43    501 @ 98
    145 @ 76   200 @ 101
    300 @ 91  5000 @ 110
    200 @ 93  5600 @ 119
    100 @ 95   453 @ 123
    154 @ 98   645 @ 144
          -    665 @ 167
|------------||-----------|

13:00:19.603 [main] INFO  c.gettingstarted.MyAlgoLogic - [MYALGO] Algo Sees Book as: 
|----BID-----||----ASK----|
    134 @ 43    501 @ 98
    145 @ 76   200 @ 101
    300 @ 91  5000 @ 110
    200 @ 93  5600 @ 119
    100 @ 95   453 @ 123
    154 @ 98   645 @ 144
          -    665 @ 167
|------------||-----------|

13:00:19.603 [main] INFO  c.gettingstarted.TimedLogic - [TIMEDLOGIC] Market is open
13:00:19.603 [main] INFO  c.sequencer.consumer.LoggingConsumer - [210] 
|----BID-----|
    134 @ 43
    145 @ 76
    300 @ 91
    200 @ 93
    100 @ 95
    154 @ 98
|----ASK-----|
    501 @ 98
   200 @ 101
  5000 @ 110
  5600 @ 119
   453 @ 123
   645 @ 144
   665 @ 167

13:00:19.603 [main] INFO  c.orderbook.OrderBook - [ORDERBOOK] Processing Mkt Data Update
13:00:19.603 [main] INFO  c.o.v.MutatingRemoveAllMarketDataOrdersVisitor - [ORDERBOOK] Removing market data order:MktData(price=43,quantity=134)
13:00:19.603 [main] DEBUG c.orderbook.OrderBook - [ORDERBOOK] ASK: Adding orderMktData(price=43,quantity=134)
13:00:19.603 [main] INFO  c.o.visitor.MutatingAddOrderVisitor - [ORDERBOOK] + Limit(side=BUY,orderId=16,price=43,quantity=2195456)
13:00:19.603 [main] DEBUG c.orderbook.OrderBook - [ORDERBOOK] ASK: Adding orderMktData(price=76,quantity=145)
13:00:19.603 [main] DEBUG c.orderbook.OrderBook - [ORDERBOOK] ASK: Adding orderMktData(price=91,quantity=300)
13:00:19.603 [main] DEBUG c.orderbook.OrderBook - [ORDERBOOK] ASK: Adding orderMktData(price=93,quantity=200)
13:00:19.603 [main] DEBUG c.orderbook.OrderBook - [ORDERBOOK] ASK: Adding orderMktData(price=95,quantity=100)
13:00:19.603 [main] DEBUG c.orderbook.OrderBook - [ORDERBOOK] ASK: Adding orderMktData(price=98,quantity=154)
13:00:19.603 [main] INFO  c.o.v.MutatingMatchOneMarketDataOrderVisitor - [ORDERBOOK] visiting LevelOrderBookLevel(price=43,quantity=4274868)
13:00:19.603 [main] INFO  c.o.v.MutatingMatchOneMarketDataOrderVisitor - [ORDERBOOK] Can't match order:Limit(side=BUY,orderId=3,price=43,quantity=268)(MktData(price=98,quantity=154))
13:00:19.603 [main] INFO  c.o.v.MutatingMatchOneMarketDataOrderVisitor - [ORDERBOOK] Can't match order:Limit(side=BUY,orderId=5,price=43,quantity=1072)(MktData(price=98,quantity=154))
13:00:19.603 [main] INFO  c.o.v.MutatingMatchOneMarketDataOrderVisitor - [ORDERBOOK] Can't match order:Limit(side=BUY,orderId=7,price=43,quantity=4288)(MktData(price=98,quantity=154))
13:00:19.603 [main] INFO  c.o.v.MutatingMatchOneMarketDataOrderVisitor - [ORDERBOOK] Can't match order:Limit(side=BUY,orderId=9,price=43,quantity=17152)(MktData(price=98,quantity=154))
13:00:19.603 [main] INFO  c.o.v.MutatingMatchOneMarketDataOrderVisitor - [ORDERBOOK] Can't match order:Limit(side=BUY,orderId=11,price=43,quantity=68608)(MktData(price=98,quantity=154))
13:00:19.603 [main] INFO  c.o.v.MutatingMatchOneMarketDataOrderVisitor - [ORDERBOOK] Can't match order:Limit(side=BUY,orderId=12,price=43,quantity=137216)(MktData(price=98,quantity=154))
13:00:19.603 [main] INFO  c.o.v.MutatingMatchOneMarketDataOrderVisitor - [ORDERBOOK] Can't match order:Limit(side=BUY,orderId=13,price=43,quantity=274432)(MktData(price=98,quantity=154))
13:00:19.603 [main] INFO  c.o.v.MutatingMatchOneMarketDataOrderVisitor - [ORDERBOOK] Can't match order:Limit(side=BUY,orderId=14,price=43,quantity=548864)(MktData(price=98,quantity=154))
13:00:19.603 [main] INFO  c.o.v.MutatingMatchOneMarketDataOrderVisitor - [ORDERBOOK] Can't match order:Limit(side=BUY,orderId=15,price=43,quantity=1097728)(MktData(price=98,quantity=154))
13:00:19.603 [main] INFO  c.o.v.MutatingMatchOneMarketDataOrderVisitor - [ORDERBOOK] Can't match order:Limit(side=BUY,orderId=16,price=43,quantity=2195456)(MktData(price=98,quantity=154))
13:00:19.603 [main] INFO  c.o.v.MutatingMatchOneMarketDataOrderVisitor - [ORDERBOOK] Can't match order:MktData(price=43,quantity=134)(MktData(price=98,quantity=154))
13:00:19.603 [main] INFO  c.o.v.MutatingRemoveAllMarketDataOrdersVisitor - [ORDERBOOK] Removing market data order:MktData(price=98,quantity=501)
13:00:19.603 [main] INFO  c.o.v.MutatingRemoveAllMarketDataOrdersVisitor - [ORDERBOOK] Removing market data order:MktData(price=110,quantity=5000)
13:00:19.603 [main] INFO  c.o.v.MutatingRemoveAllMarketDataOrdersVisitor - [ORDERBOOK] Removing market data order:MktData(price=123,quantity=453)
13:00:19.603 [main] INFO  c.o.v.MutatingRemoveAllMarketDataOrdersVisitor - [ORDERBOOK] Removing market data order:MktData(price=167,quantity=665)
13:00:19.603 [main] DEBUG c.orderbook.OrderBook - [ORDERBOOK] ASK: Adding orderMktData(price=98,quantity=501)
13:00:19.603 [main] INFO  c.o.visitor.MutatingAddOrderVisitor - [ORDERBOOK] + Limit(side=SELL,orderId=17,price=98,quantity=501)
13:00:19.603 [main] DEBUG c.orderbook.OrderBook - [ORDERBOOK] ASK: Adding orderMktData(price=101,quantity=200)
13:00:19.603 [main] DEBUG c.orderbook.OrderBook - [ORDERBOOK] ASK: Adding orderMktData(price=110,quantity=5000)
13:00:19.603 [main] DEBUG c.orderbook.OrderBook - [ORDERBOOK] ASK: Adding orderMktData(price=119,quantity=5600)
13:00:19.603 [main] DEBUG c.orderbook.OrderBook - [ORDERBOOK] ASK: Adding orderMktData(price=123,quantity=453)
13:00:19.603 [main] DEBUG c.orderbook.OrderBook - [ORDERBOOK] ASK: Adding orderMktData(price=144,quantity=645)
13:00:19.603 [main] DEBUG c.orderbook.OrderBook - [ORDERBOOK] ASK: Adding orderMktData(price=167,quantity=665)
13:00:19.603 [main] DEBUG c.service.MarketDataService - [ALGO] BID: price:43 quantity:134
13:00:19.603 [main] DEBUG c.service.MarketDataService - [ALGO] BID: price:76 quantity:145
13:00:19.603 [main] DEBUG c.service.MarketDataService - [ALGO] BID: price:91 quantity:300
13:00:19.603 [main] DEBUG c.service.MarketDataService - [ALGO] BID: price:93 quantity:200
13:00:19.603 [main] DEBUG c.service.MarketDataService - [ALGO] BID: price:95 quantity:100
13:00:19.603 [main] DEBUG c.service.MarketDataService - [ALGO] BID: price:98 quantity:154
13:00:19.603 [main] DEBUG c.service.MarketDataService - [ALGO] ASK: price:98 quantity:501
13:00:19.603 [main] DEBUG c.service.MarketDataService - [ALGO] ASK: price:101 quantity:200
13:00:19.603 [main] DEBUG c.service.MarketDataService - [ALGO] ASK: price:110 quantity:5000
13:00:19.603 [main] DEBUG c.service.MarketDataService - [ALGO] ASK: price:119 quantity:5600
13:00:19.603 [main] DEBUG c.service.MarketDataService - [ALGO] ASK: price:123 quantity:453
13:00:19.603 [main] DEBUG c.service.MarketDataService - [ALGO] ASK: price:144 quantity:645
13:00:19.603 [main] DEBUG c.service.MarketDataService - [ALGO] ASK: price:167 quantity:665
13:00:19.603 [main] INFO  c.gettingstarted.MyAlgoLogic - [MYALGO] The state of the order book is:
|----BID-----||----ASK----|
    134 @ 43    501 @ 98
    145 @ 76   200 @ 101
    300 @ 91  5000 @ 110
    200 @ 93  5600 @ 119
    100 @ 95   453 @ 123
    154 @ 98   645 @ 144
          -    665 @ 167
|------------||-----------|

13:00:19.603 [main] INFO  c.gettingstarted.MyAlgoLogic - [MYALGO] Algo Sees Book as: 
|----BID-----||----ASK----|
    134 @ 43    501 @ 98
    145 @ 76   200 @ 101
    300 @ 91  5000 @ 110
    200 @ 93  5600 @ 119
    100 @ 95   453 @ 123
    154 @ 98   645 @ 144
          -    665 @ 167
|------------||-----------|

13:00:19.603 [main] INFO  c.gettingstarted.TimedLogic - [TIMEDLOGIC] Market is open
13:00:19.603 [main] INFO  c.sequencer.consumer.LoggingConsumer - [211] 
|----BID-----|
    134 @ 43
    145 @ 76
    300 @ 91
    200 @ 93
    100 @ 95
    154 @ 98
|----ASK-----|
    501 @ 98
   200 @ 101
  5000 @ 110
  5600 @ 119
   453 @ 123
   645 @ 144
   665 @ 167

13:00:19.603 [main] INFO  c.orderbook.OrderBook - [ORDERBOOK] Processing Mkt Data Update
13:00:19.603 [main] INFO  c.o.v.MutatingRemoveAllMarketDataOrdersVisitor - [ORDERBOOK] Removing market data order:MktData(price=43,quantity=134)
13:00:19.603 [main] DEBUG c.orderbook.OrderBook - [ORDERBOOK] ASK: Adding orderMktData(price=43,quantity=134)
13:00:19.603 [main] INFO  c.o.visitor.MutatingAddOrderVisitor - [ORDERBOOK] + Limit(side=BUY,orderId=16,price=43,quantity=2195456)
13:00:19.603 [main] DEBUG c.orderbook.OrderBook - [ORDERBOOK] ASK: Adding orderMktData(price=76,quantity=145)
13:00:19.603 [main] DEBUG c.orderbook.OrderBook - [ORDERBOOK] ASK: Adding orderMktData(price=91,quantity=300)
13:00:19.603 [main] DEBUG c.orderbook.OrderBook - [ORDERBOOK] ASK: Adding orderMktData(price=93,quantity=200)
13:00:19.603 [main] DEBUG c.orderbook.OrderBook - [ORDERBOOK] ASK: Adding orderMktData(price=95,quantity=100)
13:00:19.603 [main] DEBUG c.orderbook.OrderBook - [ORDERBOOK] ASK: Adding orderMktData(price=98,quantity=154)
13:00:19.603 [main] INFO  c.o.v.MutatingMatchOneMarketDataOrderVisitor - [ORDERBOOK] visiting LevelOrderBookLevel(price=43,quantity=4275002)
13:00:19.603 [main] INFO  c.o.v.MutatingMatchOneMarketDataOrderVisitor - [ORDERBOOK] Can't match order:Limit(side=BUY,orderId=3,price=43,quantity=268)(MktData(price=98,quantity=154))
13:00:19.603 [main] INFO  c.o.v.MutatingMatchOneMarketDataOrderVisitor - [ORDERBOOK] Can't match order:Limit(side=BUY,orderId=5,price=43,quantity=1072)(MktData(price=98,quantity=154))
13:00:19.603 [main] INFO  c.o.v.MutatingMatchOneMarketDataOrderVisitor - [ORDERBOOK] Can't match order:Limit(side=BUY,orderId=7,price=43,quantity=4288)(MktData(price=98,quantity=154))
13:00:19.603 [main] INFO  c.o.v.MutatingMatchOneMarketDataOrderVisitor - [ORDERBOOK] Can't match order:Limit(side=BUY,orderId=9,price=43,quantity=17152)(MktData(price=98,quantity=154))
13:00:19.603 [main] INFO  c.o.v.MutatingMatchOneMarketDataOrderVisitor - [ORDERBOOK] Can't match order:Limit(side=BUY,orderId=11,price=43,quantity=68608)(MktData(price=98,quantity=154))
13:00:19.603 [main] INFO  c.o.v.MutatingMatchOneMarketDataOrderVisitor - [ORDERBOOK] Can't match order:Limit(side=BUY,orderId=12,price=43,quantity=137216)(MktData(price=98,quantity=154))
13:00:19.603 [main] INFO  c.o.v.MutatingMatchOneMarketDataOrderVisitor - [ORDERBOOK] Can't match order:Limit(side=BUY,orderId=13,price=43,quantity=274432)(MktData(price=98,quantity=154))
13:00:19.603 [main] INFO  c.o.v.MutatingMatchOneMarketDataOrderVisitor - [ORDERBOOK] Can't match order:Limit(side=BUY,orderId=14,price=43,quantity=548864)(MktData(price=98,quantity=154))
13:00:19.603 [main] INFO  c.o.v.MutatingMatchOneMarketDataOrderVisitor - [ORDERBOOK] Can't match order:Limit(side=BUY,orderId=15,price=43,quantity=1097728)(MktData(price=98,quantity=154))
13:00:19.603 [main] INFO  c.o.v.MutatingMatchOneMarketDataOrderVisitor - [ORDERBOOK] Can't match order:Limit(side=BUY,orderId=16,price=43,quantity=2195456)(MktData(price=98,quantity=154))
13:00:19.603 [main] INFO  c.o.v.MutatingMatchOneMarketDataOrderVisitor - [ORDERBOOK] Can't match order:MktData(price=43,quantity=134)(MktData(price=98,quantity=154))
13:00:19.603 [main] INFO  c.o.v.MutatingRemoveAllMarketDataOrdersVisitor - [ORDERBOOK] Removing market data order:MktData(price=98,quantity=501)
13:00:19.603 [main] INFO  c.o.v.MutatingRemoveAllMarketDataOrdersVisitor - [ORDERBOOK] Removing market data order:MktData(price=110,quantity=5000)
13:00:19.603 [main] INFO  c.o.v.MutatingRemoveAllMarketDataOrdersVisitor - [ORDERBOOK] Removing market data order:MktData(price=123,quantity=453)
13:00:19.603 [main] INFO  c.o.v.MutatingRemoveAllMarketDataOrdersVisitor - [ORDERBOOK] Removing market data order:MktData(price=167,quantity=665)
13:00:19.603 [main] DEBUG c.orderbook.OrderBook - [ORDERBOOK] ASK: Adding orderMktData(price=98,quantity=501)
13:00:19.603 [main] INFO  c.o.visitor.MutatingAddOrderVisitor - [ORDERBOOK] + Limit(side=SELL,orderId=17,price=98,quantity=501)
13:00:19.603 [main] DEBUG c.orderbook.OrderBook - [ORDERBOOK] ASK: Adding orderMktData(price=101,quantity=200)
13:00:19.603 [main] DEBUG c.orderbook.OrderBook - [ORDERBOOK] ASK: Adding orderMktData(price=110,quantity=5000)
13:00:19.603 [main] DEBUG c.orderbook.OrderBook - [ORDERBOOK] ASK: Adding orderMktData(price=119,quantity=5600)
13:00:19.603 [main] DEBUG c.orderbook.OrderBook - [ORDERBOOK] ASK: Adding orderMktData(price=123,quantity=453)
13:00:19.603 [main] DEBUG c.orderbook.OrderBook - [ORDERBOOK] ASK: Adding orderMktData(price=144,quantity=645)
13:00:19.603 [main] DEBUG c.orderbook.OrderBook - [ORDERBOOK] ASK: Adding orderMktData(price=167,quantity=665)
13:00:19.603 [main] DEBUG c.service.MarketDataService - [ALGO] BID: price:43 quantity:134
13:00:19.603 [main] DEBUG c.service.MarketDataService - [ALGO] BID: price:76 quantity:145
13:00:19.603 [main] DEBUG c.service.MarketDataService - [ALGO] BID: price:91 quantity:300
13:00:19.603 [main] DEBUG c.service.MarketDataService - [ALGO] BID: price:93 quantity:200
13:00:19.603 [main] DEBUG c.service.MarketDataService - [ALGO] BID: price:95 quantity:100
13:00:19.603 [main] DEBUG c.service.MarketDataService - [ALGO] BID: price:98 quantity:154
13:00:19.603 [main] DEBUG c.service.MarketDataService - [ALGO] ASK: price:98 quantity:501
13:00:19.603 [main] DEBUG c.service.MarketDataService - [ALGO] ASK: price:101 quantity:200
13:00:19.603 [main] DEBUG c.service.MarketDataService - [ALGO] ASK: price:110 quantity:5000
13:00:19.603 [main] DEBUG c.service.MarketDataService - [ALGO] ASK: price:119 quantity:5600
13:00:19.603 [main] DEBUG c.service.MarketDataService - [ALGO] ASK: price:123 quantity:453
13:00:19.603 [main] DEBUG c.service.MarketDataService - [ALGO] ASK: price:144 quantity:645
13:00:19.603 [main] DEBUG c.service.MarketDataService - [ALGO] ASK: price:167 quantity:665
13:00:19.603 [main] INFO  c.gettingstarted.MyAlgoLogic - [MYALGO] The state of the order book is:
|----BID-----||----ASK----|
    134 @ 43    501 @ 98
    145 @ 76   200 @ 101
    300 @ 91  5000 @ 110
    200 @ 93  5600 @ 119
    100 @ 95   453 @ 123
    154 @ 98   645 @ 144
          -    665 @ 167
|------------||-----------|

13:00:19.603 [main] INFO  c.gettingstarted.MyAlgoLogic - [MYALGO] Algo Sees Book as: 
|----BID-----||----ASK----|
    134 @ 43    501 @ 98
    145 @ 76   200 @ 101
    300 @ 91  5000 @ 110
    200 @ 93  5600 @ 119
    100 @ 95   453 @ 123
    154 @ 98   645 @ 144
          -    665 @ 167
|------------||-----------|

13:00:19.603 [main] INFO  c.gettingstarted.TimedLogic - [TIMEDLOGIC] Market is open
13:00:19.603 [main] INFO  c.sequencer.consumer.LoggingConsumer - [212] 
|----BID-----|
    134 @ 43
    145 @ 76
    300 @ 91
    200 @ 93
    100 @ 95
    154 @ 98
|----ASK-----|
    501 @ 98
   200 @ 101
  5000 @ 110
  5600 @ 119
   453 @ 123
   645 @ 144
   665 @ 167

13:00:19.603 [main] INFO  c.orderbook.OrderBook - [ORDERBOOK] Processing Mkt Data Update
13:00:19.603 [main] INFO  c.o.v.MutatingRemoveAllMarketDataOrdersVisitor - [ORDERBOOK] Removing market data order:MktData(price=43,quantity=134)
13:00:19.603 [main] DEBUG c.orderbook.OrderBook - [ORDERBOOK] ASK: Adding orderMktData(price=43,quantity=134)
13:00:19.603 [main] INFO  c.o.visitor.MutatingAddOrderVisitor - [ORDERBOOK] + Limit(side=BUY,orderId=16,price=43,quantity=2195456)
13:00:19.603 [main] DEBUG c.orderbook.OrderBook - [ORDERBOOK] ASK: Adding orderMktData(price=76,quantity=145)
13:00:19.603 [main] DEBUG c.orderbook.OrderBook - [ORDERBOOK] ASK: Adding orderMktData(price=91,quantity=300)
13:00:19.603 [main] DEBUG c.orderbook.OrderBook - [ORDERBOOK] ASK: Adding orderMktData(price=93,quantity=200)
13:00:19.603 [main] DEBUG c.orderbook.OrderBook - [ORDERBOOK] ASK: Adding orderMktData(price=95,quantity=100)
13:00:19.603 [main] DEBUG c.orderbook.OrderBook - [ORDERBOOK] ASK: Adding orderMktData(price=98,quantity=154)
13:00:19.603 [main] INFO  c.o.v.MutatingMatchOneMarketDataOrderVisitor - [ORDERBOOK] visiting LevelOrderBookLevel(price=43,quantity=4275136)
13:00:19.603 [main] INFO  c.o.v.MutatingMatchOneMarketDataOrderVisitor - [ORDERBOOK] Can't match order:Limit(side=BUY,orderId=3,price=43,quantity=268)(MktData(price=98,quantity=154))
13:00:19.603 [main] INFO  c.o.v.MutatingMatchOneMarketDataOrderVisitor - [ORDERBOOK] Can't match order:Limit(side=BUY,orderId=5,price=43,quantity=1072)(MktData(price=98,quantity=154))
13:00:19.603 [main] INFO  c.o.v.MutatingMatchOneMarketDataOrderVisitor - [ORDERBOOK] Can't match order:Limit(side=BUY,orderId=7,price=43,quantity=4288)(MktData(price=98,quantity=154))
13:00:19.603 [main] INFO  c.o.v.MutatingMatchOneMarketDataOrderVisitor - [ORDERBOOK] Can't match order:Limit(side=BUY,orderId=9,price=43,quantity=17152)(MktData(price=98,quantity=154))
13:00:19.603 [main] INFO  c.o.v.MutatingMatchOneMarketDataOrderVisitor - [ORDERBOOK] Can't match order:Limit(side=BUY,orderId=11,price=43,quantity=68608)(MktData(price=98,quantity=154))
13:00:19.603 [main] INFO  c.o.v.MutatingMatchOneMarketDataOrderVisitor - [ORDERBOOK] Can't match order:Limit(side=BUY,orderId=12,price=43,quantity=137216)(MktData(price=98,quantity=154))
13:00:19.603 [main] INFO  c.o.v.MutatingMatchOneMarketDataOrderVisitor - [ORDERBOOK] Can't match order:Limit(side=BUY,orderId=13,price=43,quantity=274432)(MktData(price=98,quantity=154))
13:00:19.603 [main] INFO  c.o.v.MutatingMatchOneMarketDataOrderVisitor - [ORDERBOOK] Can't match order:Limit(side=BUY,orderId=14,price=43,quantity=548864)(MktData(price=98,quantity=154))
13:00:19.603 [main] INFO  c.o.v.MutatingMatchOneMarketDataOrderVisitor - [ORDERBOOK] Can't match order:Limit(side=BUY,orderId=15,price=43,quantity=1097728)(MktData(price=98,quantity=154))
13:00:19.603 [main] INFO  c.o.v.MutatingMatchOneMarketDataOrderVisitor - [ORDERBOOK] Can't match order:Limit(side=BUY,orderId=16,price=43,quantity=2195456)(MktData(price=98,quantity=154))
13:00:19.603 [main] INFO  c.o.v.MutatingMatchOneMarketDataOrderVisitor - [ORDERBOOK] Can't match order:MktData(price=43,quantity=134)(MktData(price=98,quantity=154))
13:00:19.603 [main] INFO  c.o.v.MutatingRemoveAllMarketDataOrdersVisitor - [ORDERBOOK] Removing market data order:MktData(price=98,quantity=501)
13:00:19.603 [main] INFO  c.o.v.MutatingRemoveAllMarketDataOrdersVisitor - [ORDERBOOK] Removing market data order:MktData(price=110,quantity=5000)
13:00:19.603 [main] INFO  c.o.v.MutatingRemoveAllMarketDataOrdersVisitor - [ORDERBOOK] Removing market data order:MktData(price=123,quantity=453)
13:00:19.603 [main] INFO  c.o.v.MutatingRemoveAllMarketDataOrdersVisitor - [ORDERBOOK] Removing market data order:MktData(price=167,quantity=665)
13:00:19.603 [main] DEBUG c.orderbook.OrderBook - [ORDERBOOK] ASK: Adding orderMktData(price=98,quantity=501)
13:00:19.603 [main] INFO  c.o.visitor.MutatingAddOrderVisitor - [ORDERBOOK] + Limit(side=SELL,orderId=17,price=98,quantity=501)
13:00:19.603 [main] DEBUG c.orderbook.OrderBook - [ORDERBOOK] ASK: Adding orderMktData(price=101,quantity=200)
13:00:19.603 [main] DEBUG c.orderbook.OrderBook - [ORDERBOOK] ASK: Adding orderMktData(price=110,quantity=5000)
13:00:19.603 [main] DEBUG c.orderbook.OrderBook - [ORDERBOOK] ASK: Adding orderMktData(price=119,quantity=5600)
13:00:19.603 [main] DEBUG c.orderbook.OrderBook - [ORDERBOOK] ASK: Adding orderMktData(price=123,quantity=453)
13:00:19.603 [main] DEBUG c.orderbook.OrderBook - [ORDERBOOK] ASK: Adding orderMktData(price=144,quantity=645)
13:00:19.603 [main] DEBUG c.orderbook.OrderBook - [ORDERBOOK] ASK: Adding orderMktData(price=167,quantity=665)
13:00:19.603 [main] DEBUG c.service.MarketDataService - [ALGO] BID: price:43 quantity:134
13:00:19.603 [main] DEBUG c.service.MarketDataService - [ALGO] BID: price:76 quantity:145
13:00:19.603 [main] DEBUG c.service.MarketDataService - [ALGO] BID: price:91 quantity:300
13:00:19.603 [main] DEBUG c.service.MarketDataService - [ALGO] BID: price:93 quantity:200
13:00:19.603 [main] DEBUG c.service.MarketDataService - [ALGO] BID: price:95 quantity:100
13:00:19.603 [main] DEBUG c.service.MarketDataService - [ALGO] BID: price:98 quantity:154
13:00:19.603 [main] DEBUG c.service.MarketDataService - [ALGO] ASK: price:98 quantity:501
13:00:19.603 [main] DEBUG c.service.MarketDataService - [ALGO] ASK: price:101 quantity:200
13:00:19.603 [main] DEBUG c.service.MarketDataService - [ALGO] ASK: price:110 quantity:5000
13:00:19.603 [main] DEBUG c.service.MarketDataService - [ALGO] ASK: price:119 quantity:5600
13:00:19.603 [main] DEBUG c.service.MarketDataService - [ALGO] ASK: price:123 quantity:453
13:00:19.603 [main] DEBUG c.service.MarketDataService - [ALGO] ASK: price:144 quantity:645
13:00:19.603 [main] DEBUG c.service.MarketDataService - [ALGO] ASK: price:167 quantity:665
13:00:19.603 [main] INFO  c.gettingstarted.MyAlgoLogic - [MYALGO] The state of the order book is:
|----BID-----||----ASK----|
    134 @ 43    501 @ 98
    145 @ 76   200 @ 101
    300 @ 91  5000 @ 110
    200 @ 93  5600 @ 119
    100 @ 95   453 @ 123
    154 @ 98   645 @ 144
          -    665 @ 167
|------------||-----------|

13:00:19.603 [main] INFO  c.gettingstarted.MyAlgoLogic - [MYALGO] Algo Sees Book as: 
|----BID-----||----ASK----|
    134 @ 43    501 @ 98
    145 @ 76   200 @ 101
    300 @ 91  5000 @ 110
    200 @ 93  5600 @ 119
    100 @ 95   453 @ 123
    154 @ 98   645 @ 144
          -    665 @ 167
|------------||-----------|

13:00:19.603 [main] INFO  c.gettingstarted.TimedLogic - [TIMEDLOGIC] Market is open
13:00:19.603 [main] INFO  c.sequencer.consumer.LoggingConsumer - [213] 
|----BID-----|
    134 @ 43
    145 @ 76
    300 @ 91
    200 @ 93
    100 @ 95
    154 @ 98
|----ASK-----|
    501 @ 98
   200 @ 101
  5000 @ 110
  5600 @ 119
   453 @ 123
   645 @ 144
   665 @ 167

13:00:19.603 [main] INFO  c.orderbook.OrderBook - [ORDERBOOK] Processing Mkt Data Update
13:00:19.603 [main] INFO  c.o.v.MutatingRemoveAllMarketDataOrdersVisitor - [ORDERBOOK] Removing market data order:MktData(price=43,quantity=134)
13:00:19.603 [main] DEBUG c.orderbook.OrderBook - [ORDERBOOK] ASK: Adding orderMktData(price=43,quantity=134)
13:00:19.603 [main] INFO  c.o.visitor.MutatingAddOrderVisitor - [ORDERBOOK] + Limit(side=BUY,orderId=16,price=43,quantity=2195456)
13:00:19.603 [main] DEBUG c.orderbook.OrderBook - [ORDERBOOK] ASK: Adding orderMktData(price=76,quantity=145)
13:00:19.603 [main] DEBUG c.orderbook.OrderBook - [ORDERBOOK] ASK: Adding orderMktData(price=91,quantity=300)
13:00:19.603 [main] DEBUG c.orderbook.OrderBook - [ORDERBOOK] ASK: Adding orderMktData(price=93,quantity=200)
13:00:19.603 [main] DEBUG c.orderbook.OrderBook - [ORDERBOOK] ASK: Adding orderMktData(price=95,quantity=100)
13:00:19.603 [main] DEBUG c.orderbook.OrderBook - [ORDERBOOK] ASK: Adding orderMktData(price=98,quantity=154)
13:00:19.603 [main] INFO  c.o.v.MutatingMatchOneMarketDataOrderVisitor - [ORDERBOOK] visiting LevelOrderBookLevel(price=43,quantity=4275270)
13:00:19.603 [main] INFO  c.o.v.MutatingMatchOneMarketDataOrderVisitor - [ORDERBOOK] Can't match order:Limit(side=BUY,orderId=3,price=43,quantity=268)(MktData(price=98,quantity=154))
13:00:19.603 [main] INFO  c.o.v.MutatingMatchOneMarketDataOrderVisitor - [ORDERBOOK] Can't match order:Limit(side=BUY,orderId=5,price=43,quantity=1072)(MktData(price=98,quantity=154))
13:00:19.603 [main] INFO  c.o.v.MutatingMatchOneMarketDataOrderVisitor - [ORDERBOOK] Can't match order:Limit(side=BUY,orderId=7,price=43,quantity=4288)(MktData(price=98,quantity=154))
13:00:19.603 [main] INFO  c.o.v.MutatingMatchOneMarketDataOrderVisitor - [ORDERBOOK] Can't match order:Limit(side=BUY,orderId=9,price=43,quantity=17152)(MktData(price=98,quantity=154))
13:00:19.603 [main] INFO  c.o.v.MutatingMatchOneMarketDataOrderVisitor - [ORDERBOOK] Can't match order:Limit(side=BUY,orderId=11,price=43,quantity=68608)(MktData(price=98,quantity=154))
13:00:19.603 [main] INFO  c.o.v.MutatingMatchOneMarketDataOrderVisitor - [ORDERBOOK] Can't match order:Limit(side=BUY,orderId=12,price=43,quantity=137216)(MktData(price=98,quantity=154))
13:00:19.603 [main] INFO  c.o.v.MutatingMatchOneMarketDataOrderVisitor - [ORDERBOOK] Can't match order:Limit(side=BUY,orderId=13,price=43,quantity=274432)(MktData(price=98,quantity=154))
13:00:19.603 [main] INFO  c.o.v.MutatingMatchOneMarketDataOrderVisitor - [ORDERBOOK] Can't match order:Limit(side=BUY,orderId=14,price=43,quantity=548864)(MktData(price=98,quantity=154))
13:00:19.603 [main] INFO  c.o.v.MutatingMatchOneMarketDataOrderVisitor - [ORDERBOOK] Can't match order:Limit(side=BUY,orderId=15,price=43,quantity=1097728)(MktData(price=98,quantity=154))
13:00:19.603 [main] INFO  c.o.v.MutatingMatchOneMarketDataOrderVisitor - [ORDERBOOK] Can't match order:Limit(side=BUY,orderId=16,price=43,quantity=2195456)(MktData(price=98,quantity=154))
13:00:19.603 [main] INFO  c.o.v.MutatingMatchOneMarketDataOrderVisitor - [ORDERBOOK] Can't match order:MktData(price=43,quantity=134)(MktData(price=98,quantity=154))
13:00:19.603 [main] INFO  c.o.v.MutatingRemoveAllMarketDataOrdersVisitor - [ORDERBOOK] Removing market data order:MktData(price=98,quantity=501)
13:00:19.603 [main] INFO  c.o.v.MutatingRemoveAllMarketDataOrdersVisitor - [ORDERBOOK] Removing market data order:MktData(price=110,quantity=5000)
13:00:19.603 [main] INFO  c.o.v.MutatingRemoveAllMarketDataOrdersVisitor - [ORDERBOOK] Removing market data order:MktData(price=123,quantity=453)
13:00:19.603 [main] INFO  c.o.v.MutatingRemoveAllMarketDataOrdersVisitor - [ORDERBOOK] Removing market data order:MktData(price=167,quantity=665)
13:00:19.603 [main] DEBUG c.orderbook.OrderBook - [ORDERBOOK] ASK: Adding orderMktData(price=98,quantity=501)
13:00:19.603 [main] INFO  c.o.visitor.MutatingAddOrderVisitor - [ORDERBOOK] + Limit(side=SELL,orderId=17,price=98,quantity=501)
13:00:19.603 [main] DEBUG c.orderbook.OrderBook - [ORDERBOOK] ASK: Adding orderMktData(price=101,quantity=200)
13:00:19.603 [main] DEBUG c.orderbook.OrderBook - [ORDERBOOK] ASK: Adding orderMktData(price=110,quantity=5000)
13:00:19.603 [main] DEBUG c.orderbook.OrderBook - [ORDERBOOK] ASK: Adding orderMktData(price=119,quantity=5600)
13:00:19.603 [main] DEBUG c.orderbook.OrderBook - [ORDERBOOK] ASK: Adding orderMktData(price=123,quantity=453)
13:00:19.603 [main] DEBUG c.orderbook.OrderBook - [ORDERBOOK] ASK: Adding orderMktData(price=144,quantity=645)
13:00:19.603 [main] DEBUG c.orderbook.OrderBook - [ORDERBOOK] ASK: Adding orderMktData(price=167,quantity=665)
13:00:19.603 [main] DEBUG c.service.MarketDataService - [ALGO] BID: price:43 quantity:134
13:00:19.603 [main] DEBUG c.service.MarketDataService - [ALGO] BID: price:76 quantity:145
13:00:19.603 [main] DEBUG c.service.MarketDataService - [ALGO] BID: price:91 quantity:300
13:00:19.603 [main] DEBUG c.service.MarketDataService - [ALGO] BID: price:93 quantity:200
13:00:19.603 [main] DEBUG c.service.MarketDataService - [ALGO] BID: price:95 quantity:100
13:00:19.603 [main] DEBUG c.service.MarketDataService - [ALGO] BID: price:98 quantity:154
13:00:19.603 [main] DEBUG c.service.MarketDataService - [ALGO] ASK: price:98 quantity:501
13:00:19.603 [main] DEBUG c.service.MarketDataService - [ALGO] ASK: price:101 quantity:200
13:00:19.603 [main] DEBUG c.service.MarketDataService - [ALGO] ASK: price:110 quantity:5000
13:00:19.603 [main] DEBUG c.service.MarketDataService - [ALGO] ASK: price:119 quantity:5600
13:00:19.603 [main] DEBUG c.service.MarketDataService - [ALGO] ASK: price:123 quantity:453
13:00:19.603 [main] DEBUG c.service.MarketDataService - [ALGO] ASK: price:144 quantity:645
13:00:19.603 [main] DEBUG c.service.MarketDataService - [ALGO] ASK: price:167 quantity:665
13:00:19.603 [main] INFO  c.gettingstarted.MyAlgoLogic - [MYALGO] The state of the order book is:
|----BID-----||----ASK----|
    134 @ 43    501 @ 98
    145 @ 76   200 @ 101
    300 @ 91  5000 @ 110
    200 @ 93  5600 @ 119
    100 @ 95   453 @ 123
    154 @ 98   645 @ 144
          -    665 @ 167
|------------||-----------|

13:00:19.603 [main] INFO  c.gettingstarted.MyAlgoLogic - [MYALGO] Algo Sees Book as: 
|----BID-----||----ASK----|
    134 @ 43    501 @ 98
    145 @ 76   200 @ 101
    300 @ 91  5000 @ 110
    200 @ 93  5600 @ 119
    100 @ 95   453 @ 123
    154 @ 98   645 @ 144
          -    665 @ 167
|------------||-----------|

13:00:19.603 [main] INFO  c.gettingstarted.TimedLogic - [TIMEDLOGIC] Market is open
13:00:19.603 [main] INFO  c.sequencer.consumer.LoggingConsumer - [214] 
|----BID-----|
    134 @ 43
    145 @ 76
    300 @ 91
    200 @ 93
    100 @ 95
    154 @ 98
|----ASK-----|
    501 @ 98
   200 @ 101
  5000 @ 110
  5600 @ 119
   453 @ 123
   645 @ 144
   665 @ 167

13:00:19.603 [main] INFO  c.orderbook.OrderBook - [ORDERBOOK] Processing Mkt Data Update
13:00:19.603 [main] INFO  c.o.v.MutatingRemoveAllMarketDataOrdersVisitor - [ORDERBOOK] Removing market data order:MktData(price=43,quantity=134)
13:00:19.603 [main] DEBUG c.orderbook.OrderBook - [ORDERBOOK] ASK: Adding orderMktData(price=43,quantity=134)
13:00:19.603 [main] INFO  c.o.visitor.MutatingAddOrderVisitor - [ORDERBOOK] + Limit(side=BUY,orderId=16,price=43,quantity=2195456)
13:00:19.603 [main] DEBUG c.orderbook.OrderBook - [ORDERBOOK] ASK: Adding orderMktData(price=76,quantity=145)
13:00:19.603 [main] DEBUG c.orderbook.OrderBook - [ORDERBOOK] ASK: Adding orderMktData(price=91,quantity=300)
13:00:19.603 [main] DEBUG c.orderbook.OrderBook - [ORDERBOOK] ASK: Adding orderMktData(price=93,quantity=200)
13:00:19.603 [main] DEBUG c.orderbook.OrderBook - [ORDERBOOK] ASK: Adding orderMktData(price=95,quantity=100)
13:00:19.603 [main] DEBUG c.orderbook.OrderBook - [ORDERBOOK] ASK: Adding orderMktData(price=98,quantity=154)
13:00:19.603 [main] INFO  c.o.v.MutatingMatchOneMarketDataOrderVisitor - [ORDERBOOK] visiting LevelOrderBookLevel(price=43,quantity=4275404)
13:00:19.603 [main] INFO  c.o.v.MutatingMatchOneMarketDataOrderVisitor - [ORDERBOOK] Can't match order:Limit(side=BUY,orderId=3,price=43,quantity=268)(MktData(price=98,quantity=154))
13:00:19.603 [main] INFO  c.o.v.MutatingMatchOneMarketDataOrderVisitor - [ORDERBOOK] Can't match order:Limit(side=BUY,orderId=5,price=43,quantity=1072)(MktData(price=98,quantity=154))
13:00:19.603 [main] INFO  c.o.v.MutatingMatchOneMarketDataOrderVisitor - [ORDERBOOK] Can't match order:Limit(side=BUY,orderId=7,price=43,quantity=4288)(MktData(price=98,quantity=154))
13:00:19.603 [main] INFO  c.o.v.MutatingMatchOneMarketDataOrderVisitor - [ORDERBOOK] Can't match order:Limit(side=BUY,orderId=9,price=43,quantity=17152)(MktData(price=98,quantity=154))
13:00:19.611 [main] INFO  c.o.v.MutatingMatchOneMarketDataOrderVisitor - [ORDERBOOK] Can't match order:Limit(side=BUY,orderId=11,price=43,quantity=68608)(MktData(price=98,quantity=154))
13:00:19.611 [main] INFO  c.o.v.MutatingMatchOneMarketDataOrderVisitor - [ORDERBOOK] Can't match order:Limit(side=BUY,orderId=12,price=43,quantity=137216)(MktData(price=98,quantity=154))
13:00:19.611 [main] INFO  c.o.v.MutatingMatchOneMarketDataOrderVisitor - [ORDERBOOK] Can't match order:Limit(side=BUY,orderId=13,price=43,quantity=274432)(MktData(price=98,quantity=154))
13:00:19.611 [main] INFO  c.o.v.MutatingMatchOneMarketDataOrderVisitor - [ORDERBOOK] Can't match order:Limit(side=BUY,orderId=14,price=43,quantity=548864)(MktData(price=98,quantity=154))
13:00:19.611 [main] INFO  c.o.v.MutatingMatchOneMarketDataOrderVisitor - [ORDERBOOK] Can't match order:Limit(side=BUY,orderId=15,price=43,quantity=1097728)(MktData(price=98,quantity=154))
13:00:19.611 [main] INFO  c.o.v.MutatingMatchOneMarketDataOrderVisitor - [ORDERBOOK] Can't match order:Limit(side=BUY,orderId=16,price=43,quantity=2195456)(MktData(price=98,quantity=154))
13:00:19.611 [main] INFO  c.o.v.MutatingMatchOneMarketDataOrderVisitor - [ORDERBOOK] Can't match order:MktData(price=43,quantity=134)(MktData(price=98,quantity=154))
13:00:19.611 [main] INFO  c.o.v.MutatingRemoveAllMarketDataOrdersVisitor - [ORDERBOOK] Removing market data order:MktData(price=98,quantity=501)
13:00:19.611 [main] INFO  c.o.v.MutatingRemoveAllMarketDataOrdersVisitor - [ORDERBOOK] Removing market data order:MktData(price=110,quantity=5000)
13:00:19.611 [main] INFO  c.o.v.MutatingRemoveAllMarketDataOrdersVisitor - [ORDERBOOK] Removing market data order:MktData(price=123,quantity=453)
13:00:19.611 [main] INFO  c.o.v.MutatingRemoveAllMarketDataOrdersVisitor - [ORDERBOOK] Removing market data order:MktData(price=167,quantity=665)
13:00:19.611 [main] DEBUG c.orderbook.OrderBook - [ORDERBOOK] ASK: Adding orderMktData(price=98,quantity=501)
13:00:19.611 [main] INFO  c.o.visitor.MutatingAddOrderVisitor - [ORDERBOOK] + Limit(side=SELL,orderId=17,price=98,quantity=501)
13:00:19.611 [main] DEBUG c.orderbook.OrderBook - [ORDERBOOK] ASK: Adding orderMktData(price=101,quantity=200)
13:00:19.611 [main] DEBUG c.orderbook.OrderBook - [ORDERBOOK] ASK: Adding orderMktData(price=110,quantity=5000)
13:00:19.611 [main] DEBUG c.orderbook.OrderBook - [ORDERBOOK] ASK: Adding orderMktData(price=119,quantity=5600)
13:00:19.611 [main] DEBUG c.orderbook.OrderBook - [ORDERBOOK] ASK: Adding orderMktData(price=123,quantity=453)
13:00:19.611 [main] DEBUG c.orderbook.OrderBook - [ORDERBOOK] ASK: Adding orderMktData(price=144,quantity=645)
13:00:19.611 [main] DEBUG c.orderbook.OrderBook - [ORDERBOOK] ASK: Adding orderMktData(price=167,quantity=665)
13:00:19.611 [main] DEBUG c.service.MarketDataService - [ALGO] BID: price:43 quantity:134
13:00:19.611 [main] DEBUG c.service.MarketDataService - [ALGO] BID: price:76 quantity:145
13:00:19.611 [main] DEBUG c.service.MarketDataService - [ALGO] BID: price:91 quantity:300
13:00:19.611 [main] DEBUG c.service.MarketDataService - [ALGO] BID: price:93 quantity:200
13:00:19.611 [main] DEBUG c.service.MarketDataService - [ALGO] BID: price:95 quantity:100
13:00:19.611 [main] DEBUG c.service.MarketDataService - [ALGO] BID: price:98 quantity:154
13:00:19.611 [main] DEBUG c.service.MarketDataService - [ALGO] ASK: price:98 quantity:501
13:00:19.611 [main] DEBUG c.service.MarketDataService - [ALGO] ASK: price:101 quantity:200
13:00:19.611 [main] DEBUG c.service.MarketDataService - [ALGO] ASK: price:110 quantity:5000
13:00:19.611 [main] DEBUG c.service.MarketDataService - [ALGO] ASK: price:119 quantity:5600
13:00:19.611 [main] DEBUG c.service.MarketDataService - [ALGO] ASK: price:123 quantity:453
13:00:19.611 [main] DEBUG c.service.MarketDataService - [ALGO] ASK: price:144 quantity:645
13:00:19.611 [main] DEBUG c.service.MarketDataService - [ALGO] ASK: price:167 quantity:665
13:00:19.611 [main] INFO  c.gettingstarted.MyAlgoLogic - [MYALGO] The state of the order book is:
|----BID-----||----ASK----|
    134 @ 43    501 @ 98
    145 @ 76   200 @ 101
    300 @ 91  5000 @ 110
    200 @ 93  5600 @ 119
    100 @ 95   453 @ 123
    154 @ 98   645 @ 144
          -    665 @ 167
|------------||-----------|

13:00:19.611 [main] INFO  c.gettingstarted.MyAlgoLogic - [MYALGO] Algo Sees Book as: 
|----BID-----||----ASK----|
    134 @ 43    501 @ 98
    145 @ 76   200 @ 101
    300 @ 91  5000 @ 110
    200 @ 93  5600 @ 119
    100 @ 95   453 @ 123
    154 @ 98   645 @ 144
          -    665 @ 167
|------------||-----------|

13:00:19.611 [main] INFO  c.gettingstarted.TimedLogic - [TIMEDLOGIC] Market is open
13:00:19.611 [main] INFO  c.sequencer.consumer.LoggingConsumer - [215] 
|----BID-----|
    134 @ 43
    145 @ 76
    300 @ 91
    200 @ 93
    100 @ 95
    154 @ 98
|----ASK-----|
    501 @ 98
   200 @ 101
  5000 @ 110
  5600 @ 119
   453 @ 123
   645 @ 144
   665 @ 167

13:00:19.611 [main] INFO  c.orderbook.OrderBook - [ORDERBOOK] Processing Mkt Data Update
13:00:19.611 [main] INFO  c.o.v.MutatingRemoveAllMarketDataOrdersVisitor - [ORDERBOOK] Removing market data order:MktData(price=43,quantity=134)
13:00:19.611 [main] DEBUG c.orderbook.OrderBook - [ORDERBOOK] ASK: Adding orderMktData(price=43,quantity=134)
13:00:19.611 [main] INFO  c.o.visitor.MutatingAddOrderVisitor - [ORDERBOOK] + Limit(side=BUY,orderId=16,price=43,quantity=2195456)
13:00:19.611 [main] DEBUG c.orderbook.OrderBook - [ORDERBOOK] ASK: Adding orderMktData(price=76,quantity=145)
13:00:19.611 [main] DEBUG c.orderbook.OrderBook - [ORDERBOOK] ASK: Adding orderMktData(price=91,quantity=300)
13:00:19.611 [main] DEBUG c.orderbook.OrderBook - [ORDERBOOK] ASK: Adding orderMktData(price=93,quantity=200)
13:00:19.611 [main] DEBUG c.orderbook.OrderBook - [ORDERBOOK] ASK: Adding orderMktData(price=95,quantity=100)
13:00:19.611 [main] DEBUG c.orderbook.OrderBook - [ORDERBOOK] ASK: Adding orderMktData(price=98,quantity=154)
13:00:19.611 [main] INFO  c.o.v.MutatingMatchOneMarketDataOrderVisitor - [ORDERBOOK] visiting LevelOrderBookLevel(price=43,quantity=4275538)
13:00:19.611 [main] INFO  c.o.v.MutatingMatchOneMarketDataOrderVisitor - [ORDERBOOK] Can't match order:Limit(side=BUY,orderId=3,price=43,quantity=268)(MktData(price=98,quantity=154))
13:00:19.611 [main] INFO  c.o.v.MutatingMatchOneMarketDataOrderVisitor - [ORDERBOOK] Can't match order:Limit(side=BUY,orderId=5,price=43,quantity=1072)(MktData(price=98,quantity=154))
13:00:19.611 [main] INFO  c.o.v.MutatingMatchOneMarketDataOrderVisitor - [ORDERBOOK] Can't match order:Limit(side=BUY,orderId=7,price=43,quantity=4288)(MktData(price=98,quantity=154))
13:00:19.611 [main] INFO  c.o.v.MutatingMatchOneMarketDataOrderVisitor - [ORDERBOOK] Can't match order:Limit(side=BUY,orderId=9,price=43,quantity=17152)(MktData(price=98,quantity=154))
13:00:19.611 [main] INFO  c.o.v.MutatingMatchOneMarketDataOrderVisitor - [ORDERBOOK] Can't match order:Limit(side=BUY,orderId=11,price=43,quantity=68608)(MktData(price=98,quantity=154))
13:00:19.611 [main] INFO  c.o.v.MutatingMatchOneMarketDataOrderVisitor - [ORDERBOOK] Can't match order:Limit(side=BUY,orderId=12,price=43,quantity=137216)(MktData(price=98,quantity=154))
13:00:19.611 [main] INFO  c.o.v.MutatingMatchOneMarketDataOrderVisitor - [ORDERBOOK] Can't match order:Limit(side=BUY,orderId=13,price=43,quantity=274432)(MktData(price=98,quantity=154))
13:00:19.611 [main] INFO  c.o.v.MutatingMatchOneMarketDataOrderVisitor - [ORDERBOOK] Can't match order:Limit(side=BUY,orderId=14,price=43,quantity=548864)(MktData(price=98,quantity=154))
13:00:19.611 [main] INFO  c.o.v.MutatingMatchOneMarketDataOrderVisitor - [ORDERBOOK] Can't match order:Limit(side=BUY,orderId=15,price=43,quantity=1097728)(MktData(price=98,quantity=154))
13:00:19.611 [main] INFO  c.o.v.MutatingMatchOneMarketDataOrderVisitor - [ORDERBOOK] Can't match order:Limit(side=BUY,orderId=16,price=43,quantity=2195456)(MktData(price=98,quantity=154))
13:00:19.611 [main] INFO  c.o.v.MutatingMatchOneMarketDataOrderVisitor - [ORDERBOOK] Can't match order:MktData(price=43,quantity=134)(MktData(price=98,quantity=154))
13:00:19.611 [main] INFO  c.o.v.MutatingRemoveAllMarketDataOrdersVisitor - [ORDERBOOK] Removing market data order:MktData(price=98,quantity=501)
13:00:19.611 [main] INFO  c.o.v.MutatingRemoveAllMarketDataOrdersVisitor - [ORDERBOOK] Removing market data order:MktData(price=110,quantity=5000)
13:00:19.611 [main] INFO  c.o.v.MutatingRemoveAllMarketDataOrdersVisitor - [ORDERBOOK] Removing market data order:MktData(price=123,quantity=453)
13:00:19.611 [main] INFO  c.o.v.MutatingRemoveAllMarketDataOrdersVisitor - [ORDERBOOK] Removing market data order:MktData(price=167,quantity=665)
13:00:19.611 [main] DEBUG c.orderbook.OrderBook - [ORDERBOOK] ASK: Adding orderMktData(price=98,quantity=501)
13:00:19.611 [main] INFO  c.o.visitor.MutatingAddOrderVisitor - [ORDERBOOK] + Limit(side=SELL,orderId=17,price=98,quantity=501)
13:00:19.611 [main] DEBUG c.orderbook.OrderBook - [ORDERBOOK] ASK: Adding orderMktData(price=101,quantity=200)
13:00:19.611 [main] DEBUG c.orderbook.OrderBook - [ORDERBOOK] ASK: Adding orderMktData(price=110,quantity=5000)
13:00:19.611 [main] DEBUG c.orderbook.OrderBook - [ORDERBOOK] ASK: Adding orderMktData(price=119,quantity=5600)
13:00:19.611 [main] DEBUG c.orderbook.OrderBook - [ORDERBOOK] ASK: Adding orderMktData(price=123,quantity=453)
13:00:19.611 [main] DEBUG c.orderbook.OrderBook - [ORDERBOOK] ASK: Adding orderMktData(price=144,quantity=645)
13:00:19.611 [main] DEBUG c.orderbook.OrderBook - [ORDERBOOK] ASK: Adding orderMktData(price=167,quantity=665)
13:00:19.611 [main] DEBUG c.service.MarketDataService - [ALGO] BID: price:43 quantity:134
13:00:19.611 [main] DEBUG c.service.MarketDataService - [ALGO] BID: price:76 quantity:145
13:00:19.611 [main] DEBUG c.service.MarketDataService - [ALGO] BID: price:91 quantity:300
13:00:19.611 [main] DEBUG c.service.MarketDataService - [ALGO] BID: price:93 quantity:200
13:00:19.611 [main] DEBUG c.service.MarketDataService - [ALGO] BID: price:95 quantity:100
13:00:19.611 [main] DEBUG c.service.MarketDataService - [ALGO] BID: price:98 quantity:154
13:00:19.611 [main] DEBUG c.service.MarketDataService - [ALGO] ASK: price:98 quantity:501
13:00:19.611 [main] DEBUG c.service.MarketDataService - [ALGO] ASK: price:101 quantity:200
13:00:19.611 [main] DEBUG c.service.MarketDataService - [ALGO] ASK: price:110 quantity:5000
13:00:19.611 [main] DEBUG c.service.MarketDataService - [ALGO] ASK: price:119 quantity:5600
13:00:19.611 [main] DEBUG c.service.MarketDataService - [ALGO] ASK: price:123 quantity:453
13:00:19.611 [main] DEBUG c.service.MarketDataService - [ALGO] ASK: price:144 quantity:645
13:00:19.611 [main] DEBUG c.service.MarketDataService - [ALGO] ASK: price:167 quantity:665
13:00:19.611 [main] INFO  c.gettingstarted.MyAlgoLogic - [MYALGO] The state of the order book is:
|----BID-----||----ASK----|
    134 @ 43    501 @ 98
    145 @ 76   200 @ 101
    300 @ 91  5000 @ 110
    200 @ 93  5600 @ 119
    100 @ 95   453 @ 123
    154 @ 98   645 @ 144
          -    665 @ 167
|------------||-----------|

13:00:19.611 [main] INFO  c.gettingstarted.MyAlgoLogic - [MYALGO] Algo Sees Book as: 
|----BID-----||----ASK----|
    134 @ 43    501 @ 98
    145 @ 76   200 @ 101
    300 @ 91  5000 @ 110
    200 @ 93  5600 @ 119
    100 @ 95   453 @ 123
    154 @ 98   645 @ 144
          -    665 @ 167
|------------||-----------|

13:00:19.611 [main] INFO  c.gettingstarted.TimedLogic - [TIMEDLOGIC] Market is open
13:00:19.611 [main] INFO  c.sequencer.consumer.LoggingConsumer - [216] 
|----BID-----|
    134 @ 43
    145 @ 76
    300 @ 91
    200 @ 93
    100 @ 95
    154 @ 98
|----ASK-----|
    501 @ 98
   200 @ 101
  5000 @ 110
  5600 @ 119
   453 @ 123
   645 @ 144
   665 @ 167

13:00:19.611 [main] INFO  c.orderbook.OrderBook - [ORDERBOOK] Processing Mkt Data Update
13:00:19.611 [main] INFO  c.o.v.MutatingRemoveAllMarketDataOrdersVisitor - [ORDERBOOK] Removing market data order:MktData(price=43,quantity=134)
13:00:19.611 [main] DEBUG c.orderbook.OrderBook - [ORDERBOOK] ASK: Adding orderMktData(price=43,quantity=134)
13:00:19.611 [main] INFO  c.o.visitor.MutatingAddOrderVisitor - [ORDERBOOK] + Limit(side=BUY,orderId=16,price=43,quantity=2195456)
13:00:19.611 [main] DEBUG c.orderbook.OrderBook - [ORDERBOOK] ASK: Adding orderMktData(price=76,quantity=145)
13:00:19.611 [main] DEBUG c.orderbook.OrderBook - [ORDERBOOK] ASK: Adding orderMktData(price=91,quantity=300)
13:00:19.611 [main] DEBUG c.orderbook.OrderBook - [ORDERBOOK] ASK: Adding orderMktData(price=93,quantity=200)
13:00:19.611 [main] DEBUG c.orderbook.OrderBook - [ORDERBOOK] ASK: Adding orderMktData(price=95,quantity=100)
13:00:19.611 [main] DEBUG c.orderbook.OrderBook - [ORDERBOOK] ASK: Adding orderMktData(price=98,quantity=154)
13:00:19.611 [main] INFO  c.o.v.MutatingMatchOneMarketDataOrderVisitor - [ORDERBOOK] visiting LevelOrderBookLevel(price=43,quantity=4275672)
13:00:19.611 [main] INFO  c.o.v.MutatingMatchOneMarketDataOrderVisitor - [ORDERBOOK] Can't match order:Limit(side=BUY,orderId=3,price=43,quantity=268)(MktData(price=98,quantity=154))
13:00:19.611 [main] INFO  c.o.v.MutatingMatchOneMarketDataOrderVisitor - [ORDERBOOK] Can't match order:Limit(side=BUY,orderId=5,price=43,quantity=1072)(MktData(price=98,quantity=154))
13:00:19.611 [main] INFO  c.o.v.MutatingMatchOneMarketDataOrderVisitor - [ORDERBOOK] Can't match order:Limit(side=BUY,orderId=7,price=43,quantity=4288)(MktData(price=98,quantity=154))
13:00:19.611 [main] INFO  c.o.v.MutatingMatchOneMarketDataOrderVisitor - [ORDERBOOK] Can't match order:Limit(side=BUY,orderId=9,price=43,quantity=17152)(MktData(price=98,quantity=154))
13:00:19.611 [main] INFO  c.o.v.MutatingMatchOneMarketDataOrderVisitor - [ORDERBOOK] Can't match order:Limit(side=BUY,orderId=11,price=43,quantity=68608)(MktData(price=98,quantity=154))
13:00:19.611 [main] INFO  c.o.v.MutatingMatchOneMarketDataOrderVisitor - [ORDERBOOK] Can't match order:Limit(side=BUY,orderId=12,price=43,quantity=137216)(MktData(price=98,quantity=154))
13:00:19.611 [main] INFO  c.o.v.MutatingMatchOneMarketDataOrderVisitor - [ORDERBOOK] Can't match order:Limit(side=BUY,orderId=13,price=43,quantity=274432)(MktData(price=98,quantity=154))
13:00:19.611 [main] INFO  c.o.v.MutatingMatchOneMarketDataOrderVisitor - [ORDERBOOK] Can't match order:Limit(side=BUY,orderId=14,price=43,quantity=548864)(MktData(price=98,quantity=154))
13:00:19.611 [main] INFO  c.o.v.MutatingMatchOneMarketDataOrderVisitor - [ORDERBOOK] Can't match order:Limit(side=BUY,orderId=15,price=43,quantity=1097728)(MktData(price=98,quantity=154))
13:00:19.611 [main] INFO  c.o.v.MutatingMatchOneMarketDataOrderVisitor - [ORDERBOOK] Can't match order:Limit(side=BUY,orderId=16,price=43,quantity=2195456)(MktData(price=98,quantity=154))
13:00:19.611 [main] INFO  c.o.v.MutatingMatchOneMarketDataOrderVisitor - [ORDERBOOK] Can't match order:MktData(price=43,quantity=134)(MktData(price=98,quantity=154))
13:00:19.611 [main] INFO  c.o.v.MutatingRemoveAllMarketDataOrdersVisitor - [ORDERBOOK] Removing market data order:MktData(price=98,quantity=501)
13:00:19.611 [main] INFO  c.o.v.MutatingRemoveAllMarketDataOrdersVisitor - [ORDERBOOK] Removing market data order:MktData(price=110,quantity=5000)
13:00:19.611 [main] INFO  c.o.v.MutatingRemoveAllMarketDataOrdersVisitor - [ORDERBOOK] Removing market data order:MktData(price=123,quantity=453)
13:00:19.611 [main] INFO  c.o.v.MutatingRemoveAllMarketDataOrdersVisitor - [ORDERBOOK] Removing market data order:MktData(price=167,quantity=665)
13:00:19.611 [main] DEBUG c.orderbook.OrderBook - [ORDERBOOK] ASK: Adding orderMktData(price=98,quantity=501)
13:00:19.611 [main] INFO  c.o.visitor.MutatingAddOrderVisitor - [ORDERBOOK] + Limit(side=SELL,orderId=17,price=98,quantity=501)
13:00:19.611 [main] DEBUG c.orderbook.OrderBook - [ORDERBOOK] ASK: Adding orderMktData(price=101,quantity=200)
13:00:19.611 [main] DEBUG c.orderbook.OrderBook - [ORDERBOOK] ASK: Adding orderMktData(price=110,quantity=5000)
13:00:19.611 [main] DEBUG c.orderbook.OrderBook - [ORDERBOOK] ASK: Adding orderMktData(price=119,quantity=5600)
13:00:19.611 [main] DEBUG c.orderbook.OrderBook - [ORDERBOOK] ASK: Adding orderMktData(price=123,quantity=453)
13:00:19.611 [main] DEBUG c.orderbook.OrderBook - [ORDERBOOK] ASK: Adding orderMktData(price=144,quantity=645)
13:00:19.611 [main] DEBUG c.orderbook.OrderBook - [ORDERBOOK] ASK: Adding orderMktData(price=167,quantity=665)
13:00:19.611 [main] DEBUG c.service.MarketDataService - [ALGO] BID: price:43 quantity:134
13:00:19.611 [main] DEBUG c.service.MarketDataService - [ALGO] BID: price:76 quantity:145
13:00:19.611 [main] DEBUG c.service.MarketDataService - [ALGO] BID: price:91 quantity:300
13:00:19.611 [main] DEBUG c.service.MarketDataService - [ALGO] BID: price:93 quantity:200
13:00:19.611 [main] DEBUG c.service.MarketDataService - [ALGO] BID: price:95 quantity:100
13:00:19.611 [main] DEBUG c.service.MarketDataService - [ALGO] BID: price:98 quantity:154
13:00:19.611 [main] DEBUG c.service.MarketDataService - [ALGO] ASK: price:98 quantity:501
13:00:19.611 [main] DEBUG c.service.MarketDataService - [ALGO] ASK: price:101 quantity:200
13:00:19.611 [main] DEBUG c.service.MarketDataService - [ALGO] ASK: price:110 quantity:5000
13:00:19.611 [main] DEBUG c.service.MarketDataService - [ALGO] ASK: price:119 quantity:5600
13:00:19.611 [main] DEBUG c.service.MarketDataService - [ALGO] ASK: price:123 quantity:453
13:00:19.611 [main] DEBUG c.service.MarketDataService - [ALGO] ASK: price:144 quantity:645
13:00:19.611 [main] DEBUG c.service.MarketDataService - [ALGO] ASK: price:167 quantity:665
13:00:19.611 [main] INFO  c.gettingstarted.MyAlgoLogic - [MYALGO] The state of the order book is:
|----BID-----||----ASK----|
    134 @ 43    501 @ 98
    145 @ 76   200 @ 101
    300 @ 91  5000 @ 110
    200 @ 93  5600 @ 119
    100 @ 95   453 @ 123
    154 @ 98   645 @ 144
          -    665 @ 167
|------------||-----------|

13:00:19.611 [main] INFO  c.gettingstarted.MyAlgoLogic - [MYALGO] Algo Sees Book as: 
|----BID-----||----ASK----|
    134 @ 43    501 @ 98
    145 @ 76   200 @ 101
    300 @ 91  5000 @ 110
    200 @ 93  5600 @ 119
    100 @ 95   453 @ 123
    154 @ 98   645 @ 144
          -    665 @ 167
|------------||-----------|

13:00:19.611 [main] INFO  c.gettingstarted.TimedLogic - [TIMEDLOGIC] Market is open
13:00:19.611 [main] INFO  c.sequencer.consumer.LoggingConsumer - [217] 
|----BID-----|
    134 @ 43
    145 @ 76
    300 @ 91
    200 @ 93
    100 @ 95
    154 @ 98
|----ASK-----|
    501 @ 98
   200 @ 101
  5000 @ 110
  5600 @ 119
   453 @ 123
   645 @ 144
   665 @ 167

13:00:19.611 [main] INFO  c.orderbook.OrderBook - [ORDERBOOK] Processing Mkt Data Update
13:00:19.611 [main] INFO  c.o.v.MutatingRemoveAllMarketDataOrdersVisitor - [ORDERBOOK] Removing market data order:MktData(price=43,quantity=134)
13:00:19.611 [main] DEBUG c.orderbook.OrderBook - [ORDERBOOK] ASK: Adding orderMktData(price=43,quantity=134)
13:00:19.611 [main] INFO  c.o.visitor.MutatingAddOrderVisitor - [ORDERBOOK] + Limit(side=BUY,orderId=16,price=43,quantity=2195456)
13:00:19.611 [main] DEBUG c.orderbook.OrderBook - [ORDERBOOK] ASK: Adding orderMktData(price=76,quantity=145)
13:00:19.611 [main] DEBUG c.orderbook.OrderBook - [ORDERBOOK] ASK: Adding orderMktData(price=91,quantity=300)
13:00:19.611 [main] DEBUG c.orderbook.OrderBook - [ORDERBOOK] ASK: Adding orderMktData(price=93,quantity=200)
13:00:19.611 [main] DEBUG c.orderbook.OrderBook - [ORDERBOOK] ASK: Adding orderMktData(price=95,quantity=100)
13:00:19.611 [main] DEBUG c.orderbook.OrderBook - [ORDERBOOK] ASK: Adding orderMktData(price=98,quantity=154)
13:00:19.611 [main] INFO  c.o.v.MutatingMatchOneMarketDataOrderVisitor - [ORDERBOOK] visiting LevelOrderBookLevel(price=43,quantity=4275806)
13:00:19.611 [main] INFO  c.o.v.MutatingMatchOneMarketDataOrderVisitor - [ORDERBOOK] Can't match order:Limit(side=BUY,orderId=3,price=43,quantity=268)(MktData(price=98,quantity=154))
13:00:19.611 [main] INFO  c.o.v.MutatingMatchOneMarketDataOrderVisitor - [ORDERBOOK] Can't match order:Limit(side=BUY,orderId=5,price=43,quantity=1072)(MktData(price=98,quantity=154))
13:00:19.611 [main] INFO  c.o.v.MutatingMatchOneMarketDataOrderVisitor - [ORDERBOOK] Can't match order:Limit(side=BUY,orderId=7,price=43,quantity=4288)(MktData(price=98,quantity=154))
13:00:19.611 [main] INFO  c.o.v.MutatingMatchOneMarketDataOrderVisitor - [ORDERBOOK] Can't match order:Limit(side=BUY,orderId=9,price=43,quantity=17152)(MktData(price=98,quantity=154))
13:00:19.611 [main] INFO  c.o.v.MutatingMatchOneMarketDataOrderVisitor - [ORDERBOOK] Can't match order:Limit(side=BUY,orderId=11,price=43,quantity=68608)(MktData(price=98,quantity=154))
13:00:19.611 [main] INFO  c.o.v.MutatingMatchOneMarketDataOrderVisitor - [ORDERBOOK] Can't match order:Limit(side=BUY,orderId=12,price=43,quantity=137216)(MktData(price=98,quantity=154))
13:00:19.611 [main] INFO  c.o.v.MutatingMatchOneMarketDataOrderVisitor - [ORDERBOOK] Can't match order:Limit(side=BUY,orderId=13,price=43,quantity=274432)(MktData(price=98,quantity=154))
13:00:19.611 [main] INFO  c.o.v.MutatingMatchOneMarketDataOrderVisitor - [ORDERBOOK] Can't match order:Limit(side=BUY,orderId=14,price=43,quantity=548864)(MktData(price=98,quantity=154))
13:00:19.611 [main] INFO  c.o.v.MutatingMatchOneMarketDataOrderVisitor - [ORDERBOOK] Can't match order:Limit(side=BUY,orderId=15,price=43,quantity=1097728)(MktData(price=98,quantity=154))
13:00:19.611 [main] INFO  c.o.v.MutatingMatchOneMarketDataOrderVisitor - [ORDERBOOK] Can't match order:Limit(side=BUY,orderId=16,price=43,quantity=2195456)(MktData(price=98,quantity=154))
13:00:19.611 [main] INFO  c.o.v.MutatingMatchOneMarketDataOrderVisitor - [ORDERBOOK] Can't match order:MktData(price=43,quantity=134)(MktData(price=98,quantity=154))
13:00:19.611 [main] INFO  c.o.v.MutatingRemoveAllMarketDataOrdersVisitor - [ORDERBOOK] Removing market data order:MktData(price=98,quantity=501)
13:00:19.611 [main] INFO  c.o.v.MutatingRemoveAllMarketDataOrdersVisitor - [ORDERBOOK] Removing market data order:MktData(price=110,quantity=5000)
13:00:19.611 [main] INFO  c.o.v.MutatingRemoveAllMarketDataOrdersVisitor - [ORDERBOOK] Removing market data order:MktData(price=123,quantity=453)
13:00:19.611 [main] INFO  c.o.v.MutatingRemoveAllMarketDataOrdersVisitor - [ORDERBOOK] Removing market data order:MktData(price=167,quantity=665)
13:00:19.611 [main] DEBUG c.orderbook.OrderBook - [ORDERBOOK] ASK: Adding orderMktData(price=98,quantity=501)
13:00:19.611 [main] INFO  c.o.visitor.MutatingAddOrderVisitor - [ORDERBOOK] + Limit(side=SELL,orderId=17,price=98,quantity=501)
13:00:19.611 [main] DEBUG c.orderbook.OrderBook - [ORDERBOOK] ASK: Adding orderMktData(price=101,quantity=200)
13:00:19.611 [main] DEBUG c.orderbook.OrderBook - [ORDERBOOK] ASK: Adding orderMktData(price=110,quantity=5000)
13:00:19.611 [main] DEBUG c.orderbook.OrderBook - [ORDERBOOK] ASK: Adding orderMktData(price=119,quantity=5600)
13:00:19.611 [main] DEBUG c.orderbook.OrderBook - [ORDERBOOK] ASK: Adding orderMktData(price=123,quantity=453)
13:00:19.613 [main] DEBUG c.orderbook.OrderBook - [ORDERBOOK] ASK: Adding orderMktData(price=144,quantity=645)
13:00:19.613 [main] DEBUG c.orderbook.OrderBook - [ORDERBOOK] ASK: Adding orderMktData(price=167,quantity=665)
13:00:19.613 [main] DEBUG c.service.MarketDataService - [ALGO] BID: price:43 quantity:134
13:00:19.613 [main] DEBUG c.service.MarketDataService - [ALGO] BID: price:76 quantity:145
13:00:19.613 [main] DEBUG c.service.MarketDataService - [ALGO] BID: price:91 quantity:300
13:00:19.613 [main] DEBUG c.service.MarketDataService - [ALGO] BID: price:93 quantity:200
13:00:19.613 [main] DEBUG c.service.MarketDataService - [ALGO] BID: price:95 quantity:100
13:00:19.613 [main] DEBUG c.service.MarketDataService - [ALGO] BID: price:98 quantity:154
13:00:19.613 [main] DEBUG c.service.MarketDataService - [ALGO] ASK: price:98 quantity:501
13:00:19.613 [main] DEBUG c.service.MarketDataService - [ALGO] ASK: price:101 quantity:200
13:00:19.613 [main] DEBUG c.service.MarketDataService - [ALGO] ASK: price:110 quantity:5000
13:00:19.613 [main] DEBUG c.service.MarketDataService - [ALGO] ASK: price:119 quantity:5600
13:00:19.613 [main] DEBUG c.service.MarketDataService - [ALGO] ASK: price:123 quantity:453
13:00:19.613 [main] DEBUG c.service.MarketDataService - [ALGO] ASK: price:144 quantity:645
13:00:19.613 [main] DEBUG c.service.MarketDataService - [ALGO] ASK: price:167 quantity:665
13:00:19.613 [main] INFO  c.gettingstarted.MyAlgoLogic - [MYALGO] The state of the order book is:
|----BID-----||----ASK----|
    134 @ 43    501 @ 98
    145 @ 76   200 @ 101
    300 @ 91  5000 @ 110
    200 @ 93  5600 @ 119
    100 @ 95   453 @ 123
    154 @ 98   645 @ 144
          -    665 @ 167
|------------||-----------|

13:00:19.613 [main] INFO  c.gettingstarted.MyAlgoLogic - [MYALGO] Algo Sees Book as: 
|----BID-----||----ASK----|
    134 @ 43    501 @ 98
    145 @ 76   200 @ 101
    300 @ 91  5000 @ 110
    200 @ 93  5600 @ 119
    100 @ 95   453 @ 123
    154 @ 98   645 @ 144
          -    665 @ 167
|------------||-----------|

13:00:19.613 [main] INFO  c.gettingstarted.TimedLogic - [TIMEDLOGIC] Market is open
13:00:19.613 [main] INFO  c.sequencer.consumer.LoggingConsumer - [218] 
|----BID-----|
    134 @ 43
    145 @ 76
    300 @ 91
    200 @ 93
    100 @ 95
    154 @ 98
|----ASK-----|
    501 @ 98
   200 @ 101
  5000 @ 110
  5600 @ 119
   453 @ 123
   645 @ 144
   665 @ 167

13:00:19.613 [main] INFO  c.orderbook.OrderBook - [ORDERBOOK] Processing Mkt Data Update
13:00:19.613 [main] INFO  c.o.v.MutatingRemoveAllMarketDataOrdersVisitor - [ORDERBOOK] Removing market data order:MktData(price=43,quantity=134)
13:00:19.613 [main] DEBUG c.orderbook.OrderBook - [ORDERBOOK] ASK: Adding orderMktData(price=43,quantity=134)
13:00:19.613 [main] INFO  c.o.visitor.MutatingAddOrderVisitor - [ORDERBOOK] + Limit(side=BUY,orderId=16,price=43,quantity=2195456)
13:00:19.613 [main] DEBUG c.orderbook.OrderBook - [ORDERBOOK] ASK: Adding orderMktData(price=76,quantity=145)
13:00:19.613 [main] DEBUG c.orderbook.OrderBook - [ORDERBOOK] ASK: Adding orderMktData(price=91,quantity=300)
13:00:19.613 [main] DEBUG c.orderbook.OrderBook - [ORDERBOOK] ASK: Adding orderMktData(price=93,quantity=200)
13:00:19.613 [main] DEBUG c.orderbook.OrderBook - [ORDERBOOK] ASK: Adding orderMktData(price=95,quantity=100)
13:00:19.613 [main] DEBUG c.orderbook.OrderBook - [ORDERBOOK] ASK: Adding orderMktData(price=98,quantity=154)
13:00:19.613 [main] INFO  c.o.v.MutatingMatchOneMarketDataOrderVisitor - [ORDERBOOK] visiting LevelOrderBookLevel(price=43,quantity=4275940)
13:00:19.613 [main] INFO  c.o.v.MutatingMatchOneMarketDataOrderVisitor - [ORDERBOOK] Can't match order:Limit(side=BUY,orderId=3,price=43,quantity=268)(MktData(price=98,quantity=154))
13:00:19.613 [main] INFO  c.o.v.MutatingMatchOneMarketDataOrderVisitor - [ORDERBOOK] Can't match order:Limit(side=BUY,orderId=5,price=43,quantity=1072)(MktData(price=98,quantity=154))
13:00:19.613 [main] INFO  c.o.v.MutatingMatchOneMarketDataOrderVisitor - [ORDERBOOK] Can't match order:Limit(side=BUY,orderId=7,price=43,quantity=4288)(MktData(price=98,quantity=154))
13:00:19.613 [main] INFO  c.o.v.MutatingMatchOneMarketDataOrderVisitor - [ORDERBOOK] Can't match order:Limit(side=BUY,orderId=9,price=43,quantity=17152)(MktData(price=98,quantity=154))
13:00:19.613 [main] INFO  c.o.v.MutatingMatchOneMarketDataOrderVisitor - [ORDERBOOK] Can't match order:Limit(side=BUY,orderId=11,price=43,quantity=68608)(MktData(price=98,quantity=154))
13:00:19.613 [main] INFO  c.o.v.MutatingMatchOneMarketDataOrderVisitor - [ORDERBOOK] Can't match order:Limit(side=BUY,orderId=12,price=43,quantity=137216)(MktData(price=98,quantity=154))
13:00:19.613 [main] INFO  c.o.v.MutatingMatchOneMarketDataOrderVisitor - [ORDERBOOK] Can't match order:Limit(side=BUY,orderId=13,price=43,quantity=274432)(MktData(price=98,quantity=154))
13:00:19.613 [main] INFO  c.o.v.MutatingMatchOneMarketDataOrderVisitor - [ORDERBOOK] Can't match order:Limit(side=BUY,orderId=14,price=43,quantity=548864)(MktData(price=98,quantity=154))
13:00:19.613 [main] INFO  c.o.v.MutatingMatchOneMarketDataOrderVisitor - [ORDERBOOK] Can't match order:Limit(side=BUY,orderId=15,price=43,quantity=1097728)(MktData(price=98,quantity=154))
13:00:19.613 [main] INFO  c.o.v.MutatingMatchOneMarketDataOrderVisitor - [ORDERBOOK] Can't match order:Limit(side=BUY,orderId=16,price=43,quantity=2195456)(MktData(price=98,quantity=154))
13:00:19.613 [main] INFO  c.o.v.MutatingMatchOneMarketDataOrderVisitor - [ORDERBOOK] Can't match order:MktData(price=43,quantity=134)(MktData(price=98,quantity=154))
13:00:19.613 [main] INFO  c.o.v.MutatingRemoveAllMarketDataOrdersVisitor - [ORDERBOOK] Removing market data order:MktData(price=98,quantity=501)
13:00:19.613 [main] INFO  c.o.v.MutatingRemoveAllMarketDataOrdersVisitor - [ORDERBOOK] Removing market data order:MktData(price=110,quantity=5000)
13:00:19.613 [main] INFO  c.o.v.MutatingRemoveAllMarketDataOrdersVisitor - [ORDERBOOK] Removing market data order:MktData(price=123,quantity=453)
13:00:19.613 [main] INFO  c.o.v.MutatingRemoveAllMarketDataOrdersVisitor - [ORDERBOOK] Removing market data order:MktData(price=167,quantity=665)
13:00:19.613 [main] DEBUG c.orderbook.OrderBook - [ORDERBOOK] ASK: Adding orderMktData(price=98,quantity=501)
13:00:19.613 [main] INFO  c.o.visitor.MutatingAddOrderVisitor - [ORDERBOOK] + Limit(side=SELL,orderId=17,price=98,quantity=501)
13:00:19.613 [main] DEBUG c.orderbook.OrderBook - [ORDERBOOK] ASK: Adding orderMktData(price=101,quantity=200)
13:00:19.613 [main] DEBUG c.orderbook.OrderBook - [ORDERBOOK] ASK: Adding orderMktData(price=110,quantity=5000)
13:00:19.613 [main] DEBUG c.orderbook.OrderBook - [ORDERBOOK] ASK: Adding orderMktData(price=119,quantity=5600)
13:00:19.613 [main] DEBUG c.orderbook.OrderBook - [ORDERBOOK] ASK: Adding orderMktData(price=123,quantity=453)
13:00:19.613 [main] DEBUG c.orderbook.OrderBook - [ORDERBOOK] ASK: Adding orderMktData(price=144,quantity=645)
13:00:19.613 [main] DEBUG c.orderbook.OrderBook - [ORDERBOOK] ASK: Adding orderMktData(price=167,quantity=665)
13:00:19.613 [main] DEBUG c.service.MarketDataService - [ALGO] BID: price:43 quantity:134
13:00:19.613 [main] DEBUG c.service.MarketDataService - [ALGO] BID: price:76 quantity:145
13:00:19.613 [main] DEBUG c.service.MarketDataService - [ALGO] BID: price:91 quantity:300
13:00:19.613 [main] DEBUG c.service.MarketDataService - [ALGO] BID: price:93 quantity:200
13:00:19.613 [main] DEBUG c.service.MarketDataService - [ALGO] BID: price:95 quantity:100
13:00:19.613 [main] DEBUG c.service.MarketDataService - [ALGO] BID: price:98 quantity:154
13:00:19.613 [main] DEBUG c.service.MarketDataService - [ALGO] ASK: price:98 quantity:501
13:00:19.613 [main] DEBUG c.service.MarketDataService - [ALGO] ASK: price:101 quantity:200
13:00:19.613 [main] DEBUG c.service.MarketDataService - [ALGO] ASK: price:110 quantity:5000
13:00:19.613 [main] DEBUG c.service.MarketDataService - [ALGO] ASK: price:119 quantity:5600
13:00:19.613 [main] DEBUG c.service.MarketDataService - [ALGO] ASK: price:123 quantity:453
13:00:19.613 [main] DEBUG c.service.MarketDataService - [ALGO] ASK: price:144 quantity:645
13:00:19.613 [main] DEBUG c.service.MarketDataService - [ALGO] ASK: price:167 quantity:665
13:00:19.613 [main] INFO  c.gettingstarted.MyAlgoLogic - [MYALGO] The state of the order book is:
|----BID-----||----ASK----|
    134 @ 43    501 @ 98
    145 @ 76   200 @ 101
    300 @ 91  5000 @ 110
    200 @ 93  5600 @ 119
    100 @ 95   453 @ 123
    154 @ 98   645 @ 144
          -    665 @ 167
|------------||-----------|

13:00:19.613 [main] INFO  c.gettingstarted.MyAlgoLogic - [MYALGO] Algo Sees Book as: 
|----BID-----||----ASK----|
    134 @ 43    501 @ 98
    145 @ 76   200 @ 101
    300 @ 91  5000 @ 110
    200 @ 93  5600 @ 119
    100 @ 95   453 @ 123
    154 @ 98   645 @ 144
          -    665 @ 167
|------------||-----------|

13:00:19.613 [main] INFO  c.gettingstarted.TimedLogic - [TIMEDLOGIC] Market is open
13:00:19.613 [main] INFO  c.sequencer.consumer.LoggingConsumer - [219] 
|----BID-----|
    134 @ 43
    145 @ 76
    300 @ 91
    200 @ 93
    100 @ 95
    154 @ 98
|----ASK-----|
    501 @ 98
   200 @ 101
  5000 @ 110
  5600 @ 119
   453 @ 123
   645 @ 144
   665 @ 167

13:00:19.613 [main] INFO  c.orderbook.OrderBook - [ORDERBOOK] Processing Mkt Data Update
13:00:19.613 [main] INFO  c.o.v.MutatingRemoveAllMarketDataOrdersVisitor - [ORDERBOOK] Removing market data order:MktData(price=43,quantity=134)
13:00:19.613 [main] DEBUG c.orderbook.OrderBook - [ORDERBOOK] ASK: Adding orderMktData(price=43,quantity=134)
13:00:19.613 [main] INFO  c.o.visitor.MutatingAddOrderVisitor - [ORDERBOOK] + Limit(side=BUY,orderId=16,price=43,quantity=2195456)
13:00:19.613 [main] DEBUG c.orderbook.OrderBook - [ORDERBOOK] ASK: Adding orderMktData(price=76,quantity=145)
13:00:19.613 [main] DEBUG c.orderbook.OrderBook - [ORDERBOOK] ASK: Adding orderMktData(price=91,quantity=300)
13:00:19.613 [main] DEBUG c.orderbook.OrderBook - [ORDERBOOK] ASK: Adding orderMktData(price=93,quantity=200)
13:00:19.613 [main] DEBUG c.orderbook.OrderBook - [ORDERBOOK] ASK: Adding orderMktData(price=95,quantity=100)
13:00:19.613 [main] DEBUG c.orderbook.OrderBook - [ORDERBOOK] ASK: Adding orderMktData(price=98,quantity=154)
13:00:19.613 [main] INFO  c.o.v.MutatingMatchOneMarketDataOrderVisitor - [ORDERBOOK] visiting LevelOrderBookLevel(price=43,quantity=4276074)
13:00:19.613 [main] INFO  c.o.v.MutatingMatchOneMarketDataOrderVisitor - [ORDERBOOK] Can't match order:Limit(side=BUY,orderId=3,price=43,quantity=268)(MktData(price=98,quantity=154))
13:00:19.613 [main] INFO  c.o.v.MutatingMatchOneMarketDataOrderVisitor - [ORDERBOOK] Can't match order:Limit(side=BUY,orderId=5,price=43,quantity=1072)(MktData(price=98,quantity=154))
13:00:19.613 [main] INFO  c.o.v.MutatingMatchOneMarketDataOrderVisitor - [ORDERBOOK] Can't match order:Limit(side=BUY,orderId=7,price=43,quantity=4288)(MktData(price=98,quantity=154))
13:00:19.613 [main] INFO  c.o.v.MutatingMatchOneMarketDataOrderVisitor - [ORDERBOOK] Can't match order:Limit(side=BUY,orderId=9,price=43,quantity=17152)(MktData(price=98,quantity=154))
13:00:19.613 [main] INFO  c.o.v.MutatingMatchOneMarketDataOrderVisitor - [ORDERBOOK] Can't match order:Limit(side=BUY,orderId=11,price=43,quantity=68608)(MktData(price=98,quantity=154))
13:00:19.613 [main] INFO  c.o.v.MutatingMatchOneMarketDataOrderVisitor - [ORDERBOOK] Can't match order:Limit(side=BUY,orderId=12,price=43,quantity=137216)(MktData(price=98,quantity=154))
13:00:19.613 [main] INFO  c.o.v.MutatingMatchOneMarketDataOrderVisitor - [ORDERBOOK] Can't match order:Limit(side=BUY,orderId=13,price=43,quantity=274432)(MktData(price=98,quantity=154))
13:00:19.613 [main] INFO  c.o.v.MutatingMatchOneMarketDataOrderVisitor - [ORDERBOOK] Can't match order:Limit(side=BUY,orderId=14,price=43,quantity=548864)(MktData(price=98,quantity=154))
13:00:19.613 [main] INFO  c.o.v.MutatingMatchOneMarketDataOrderVisitor - [ORDERBOOK] Can't match order:Limit(side=BUY,orderId=15,price=43,quantity=1097728)(MktData(price=98,quantity=154))
13:00:19.613 [main] INFO  c.o.v.MutatingMatchOneMarketDataOrderVisitor - [ORDERBOOK] Can't match order:Limit(side=BUY,orderId=16,price=43,quantity=2195456)(MktData(price=98,quantity=154))
13:00:19.613 [main] INFO  c.o.v.MutatingMatchOneMarketDataOrderVisitor - [ORDERBOOK] Can't match order:MktData(price=43,quantity=134)(MktData(price=98,quantity=154))
13:00:19.613 [main] INFO  c.o.v.MutatingRemoveAllMarketDataOrdersVisitor - [ORDERBOOK] Removing market data order:MktData(price=98,quantity=501)
13:00:19.613 [main] INFO  c.o.v.MutatingRemoveAllMarketDataOrdersVisitor - [ORDERBOOK] Removing market data order:MktData(price=110,quantity=5000)
13:00:19.613 [main] INFO  c.o.v.MutatingRemoveAllMarketDataOrdersVisitor - [ORDERBOOK] Removing market data order:MktData(price=123,quantity=453)
13:00:19.613 [main] INFO  c.o.v.MutatingRemoveAllMarketDataOrdersVisitor - [ORDERBOOK] Removing market data order:MktData(price=167,quantity=665)
13:00:19.613 [main] DEBUG c.orderbook.OrderBook - [ORDERBOOK] ASK: Adding orderMktData(price=98,quantity=501)
13:00:19.613 [main] INFO  c.o.visitor.MutatingAddOrderVisitor - [ORDERBOOK] + Limit(side=SELL,orderId=17,price=98,quantity=501)
13:00:19.613 [main] DEBUG c.orderbook.OrderBook - [ORDERBOOK] ASK: Adding orderMktData(price=101,quantity=200)
13:00:19.613 [main] DEBUG c.orderbook.OrderBook - [ORDERBOOK] ASK: Adding orderMktData(price=110,quantity=5000)
13:00:19.613 [main] DEBUG c.orderbook.OrderBook - [ORDERBOOK] ASK: Adding orderMktData(price=119,quantity=5600)
13:00:19.613 [main] DEBUG c.orderbook.OrderBook - [ORDERBOOK] ASK: Adding orderMktData(price=123,quantity=453)
13:00:19.613 [main] DEBUG c.orderbook.OrderBook - [ORDERBOOK] ASK: Adding orderMktData(price=144,quantity=645)
13:00:19.613 [main] DEBUG c.orderbook.OrderBook - [ORDERBOOK] ASK: Adding orderMktData(price=167,quantity=665)
13:00:19.613 [main] DEBUG c.service.MarketDataService - [ALGO] BID: price:43 quantity:134
13:00:19.613 [main] DEBUG c.service.MarketDataService - [ALGO] BID: price:76 quantity:145
13:00:19.613 [main] DEBUG c.service.MarketDataService - [ALGO] BID: price:91 quantity:300
13:00:19.613 [main] DEBUG c.service.MarketDataService - [ALGO] BID: price:93 quantity:200
13:00:19.613 [main] DEBUG c.service.MarketDataService - [ALGO] BID: price:95 quantity:100
13:00:19.613 [main] DEBUG c.service.MarketDataService - [ALGO] BID: price:98 quantity:154
13:00:19.613 [main] DEBUG c.service.MarketDataService - [ALGO] ASK: price:98 quantity:501
13:00:19.613 [main] DEBUG c.service.MarketDataService - [ALGO] ASK: price:101 quantity:200
13:00:19.613 [main] DEBUG c.service.MarketDataService - [ALGO] ASK: price:110 quantity:5000
13:00:19.613 [main] DEBUG c.service.MarketDataService - [ALGO] ASK: price:119 quantity:5600
13:00:19.613 [main] DEBUG c.service.MarketDataService - [ALGO] ASK: price:123 quantity:453
13:00:19.613 [main] DEBUG c.service.MarketDataService - [ALGO] ASK: price:144 quantity:645
13:00:19.613 [main] DEBUG c.service.MarketDataService - [ALGO] ASK: price:167 quantity:665
13:00:19.613 [main] INFO  c.gettingstarted.MyAlgoLogic - [MYALGO] The state of the order book is:
|----BID-----||----ASK----|
    134 @ 43    501 @ 98
    145 @ 76   200 @ 101
    300 @ 91  5000 @ 110
    200 @ 93  5600 @ 119
    100 @ 95   453 @ 123
    154 @ 98   645 @ 144
          -    665 @ 167
|------------||-----------|

13:00:19.613 [main] INFO  c.gettingstarted.MyAlgoLogic - [MYALGO] Algo Sees Book as: 
|----BID-----||----ASK----|
    134 @ 43    501 @ 98
    145 @ 76   200 @ 101
    300 @ 91  5000 @ 110
    200 @ 93  5600 @ 119
    100 @ 95   453 @ 123
    154 @ 98   645 @ 144
          -    665 @ 167
|------------||-----------|

13:00:19.613 [main] INFO  c.gettingstarted.TimedLogic - [TIMEDLOGIC] Market is open
13:00:19.613 [main] INFO  c.sequencer.consumer.LoggingConsumer - [220] 
|----BID-----|
    134 @ 43
    145 @ 76
    300 @ 91
    200 @ 93
    100 @ 95
    154 @ 98
|----ASK-----|
    501 @ 98
   200 @ 101
  5000 @ 110
  5600 @ 119
   453 @ 123
   645 @ 144
   665 @ 167

13:00:19.613 [main] INFO  c.orderbook.OrderBook - [ORDERBOOK] Processing Mkt Data Update
13:00:19.613 [main] INFO  c.o.v.MutatingRemoveAllMarketDataOrdersVisitor - [ORDERBOOK] Removing market data order:MktData(price=43,quantity=134)
13:00:19.613 [main] DEBUG c.orderbook.OrderBook - [ORDERBOOK] ASK: Adding orderMktData(price=43,quantity=134)
13:00:19.613 [main] INFO  c.o.visitor.MutatingAddOrderVisitor - [ORDERBOOK] + Limit(side=BUY,orderId=16,price=43,quantity=2195456)
13:00:19.613 [main] DEBUG c.orderbook.OrderBook - [ORDERBOOK] ASK: Adding orderMktData(price=76,quantity=145)
13:00:19.613 [main] DEBUG c.orderbook.OrderBook - [ORDERBOOK] ASK: Adding orderMktData(price=91,quantity=300)
13:00:19.613 [main] DEBUG c.orderbook.OrderBook - [ORDERBOOK] ASK: Adding orderMktData(price=93,quantity=200)
13:00:19.613 [main] DEBUG c.orderbook.OrderBook - [ORDERBOOK] ASK: Adding orderMktData(price=95,quantity=100)
13:00:19.613 [main] DEBUG c.orderbook.OrderBook - [ORDERBOOK] ASK: Adding orderMktData(price=98,quantity=154)
13:00:19.613 [main] INFO  c.o.v.MutatingMatchOneMarketDataOrderVisitor - [ORDERBOOK] visiting LevelOrderBookLevel(price=43,quantity=4276208)
13:00:19.613 [main] INFO  c.o.v.MutatingMatchOneMarketDataOrderVisitor - [ORDERBOOK] Can't match order:Limit(side=BUY,orderId=3,price=43,quantity=268)(MktData(price=98,quantity=154))
13:00:19.613 [main] INFO  c.o.v.MutatingMatchOneMarketDataOrderVisitor - [ORDERBOOK] Can't match order:Limit(side=BUY,orderId=5,price=43,quantity=1072)(MktData(price=98,quantity=154))
13:00:19.613 [main] INFO  c.o.v.MutatingMatchOneMarketDataOrderVisitor - [ORDERBOOK] Can't match order:Limit(side=BUY,orderId=7,price=43,quantity=4288)(MktData(price=98,quantity=154))
13:00:19.613 [main] INFO  c.o.v.MutatingMatchOneMarketDataOrderVisitor - [ORDERBOOK] Can't match order:Limit(side=BUY,orderId=9,price=43,quantity=17152)(MktData(price=98,quantity=154))
13:00:19.613 [main] INFO  c.o.v.MutatingMatchOneMarketDataOrderVisitor - [ORDERBOOK] Can't match order:Limit(side=BUY,orderId=11,price=43,quantity=68608)(MktData(price=98,quantity=154))
13:00:19.613 [main] INFO  c.o.v.MutatingMatchOneMarketDataOrderVisitor - [ORDERBOOK] Can't match order:Limit(side=BUY,orderId=12,price=43,quantity=137216)(MktData(price=98,quantity=154))
13:00:19.613 [main] INFO  c.o.v.MutatingMatchOneMarketDataOrderVisitor - [ORDERBOOK] Can't match order:Limit(side=BUY,orderId=13,price=43,quantity=274432)(MktData(price=98,quantity=154))
13:00:19.613 [main] INFO  c.o.v.MutatingMatchOneMarketDataOrderVisitor - [ORDERBOOK] Can't match order:Limit(side=BUY,orderId=14,price=43,quantity=548864)(MktData(price=98,quantity=154))
13:00:19.613 [main] INFO  c.o.v.MutatingMatchOneMarketDataOrderVisitor - [ORDERBOOK] Can't match order:Limit(side=BUY,orderId=15,price=43,quantity=1097728)(MktData(price=98,quantity=154))
13:00:19.613 [main] INFO  c.o.v.MutatingMatchOneMarketDataOrderVisitor - [ORDERBOOK] Can't match order:Limit(side=BUY,orderId=16,price=43,quantity=2195456)(MktData(price=98,quantity=154))
13:00:19.613 [main] INFO  c.o.v.MutatingMatchOneMarketDataOrderVisitor - [ORDERBOOK] Can't match order:MktData(price=43,quantity=134)(MktData(price=98,quantity=154))
13:00:19.613 [main] INFO  c.o.v.MutatingRemoveAllMarketDataOrdersVisitor - [ORDERBOOK] Removing market data order:MktData(price=98,quantity=501)
13:00:19.613 [main] INFO  c.o.v.MutatingRemoveAllMarketDataOrdersVisitor - [ORDERBOOK] Removing market data order:MktData(price=110,quantity=5000)
13:00:19.613 [main] INFO  c.o.v.MutatingRemoveAllMarketDataOrdersVisitor - [ORDERBOOK] Removing market data order:MktData(price=123,quantity=453)
13:00:19.613 [main] INFO  c.o.v.MutatingRemoveAllMarketDataOrdersVisitor - [ORDERBOOK] Removing market data order:MktData(price=167,quantity=665)
13:00:19.613 [main] DEBUG c.orderbook.OrderBook - [ORDERBOOK] ASK: Adding orderMktData(price=98,quantity=501)
13:00:19.613 [main] INFO  c.o.visitor.MutatingAddOrderVisitor - [ORDERBOOK] + Limit(side=SELL,orderId=17,price=98,quantity=501)
13:00:19.613 [main] DEBUG c.orderbook.OrderBook - [ORDERBOOK] ASK: Adding orderMktData(price=101,quantity=200)
13:00:19.613 [main] DEBUG c.orderbook.OrderBook - [ORDERBOOK] ASK: Adding orderMktData(price=110,quantity=5000)
13:00:19.613 [main] DEBUG c.orderbook.OrderBook - [ORDERBOOK] ASK: Adding orderMktData(price=119,quantity=5600)
13:00:19.613 [main] DEBUG c.orderbook.OrderBook - [ORDERBOOK] ASK: Adding orderMktData(price=123,quantity=453)
13:00:19.613 [main] DEBUG c.orderbook.OrderBook - [ORDERBOOK] ASK: Adding orderMktData(price=144,quantity=645)
13:00:19.613 [main] DEBUG c.orderbook.OrderBook - [ORDERBOOK] ASK: Adding orderMktData(price=167,quantity=665)
13:00:19.613 [main] DEBUG c.service.MarketDataService - [ALGO] BID: price:43 quantity:134
13:00:19.613 [main] DEBUG c.service.MarketDataService - [ALGO] BID: price:76 quantity:145
13:00:19.613 [main] DEBUG c.service.MarketDataService - [ALGO] BID: price:91 quantity:300
13:00:19.613 [main] DEBUG c.service.MarketDataService - [ALGO] BID: price:93 quantity:200
13:00:19.613 [main] DEBUG c.service.MarketDataService - [ALGO] BID: price:95 quantity:100
13:00:19.613 [main] DEBUG c.service.MarketDataService - [ALGO] BID: price:98 quantity:154
13:00:19.613 [main] DEBUG c.service.MarketDataService - [ALGO] ASK: price:98 quantity:501
13:00:19.613 [main] DEBUG c.service.MarketDataService - [ALGO] ASK: price:101 quantity:200
13:00:19.613 [main] DEBUG c.service.MarketDataService - [ALGO] ASK: price:110 quantity:5000
13:00:19.613 [main] DEBUG c.service.MarketDataService - [ALGO] ASK: price:119 quantity:5600
13:00:19.613 [main] DEBUG c.service.MarketDataService - [ALGO] ASK: price:123 quantity:453
13:00:19.613 [main] DEBUG c.service.MarketDataService - [ALGO] ASK: price:144 quantity:645
13:00:19.613 [main] DEBUG c.service.MarketDataService - [ALGO] ASK: price:167 quantity:665
13:00:19.613 [main] INFO  c.gettingstarted.MyAlgoLogic - [MYALGO] The state of the order book is:
|----BID-----||----ASK----|
    134 @ 43    501 @ 98
    145 @ 76   200 @ 101
    300 @ 91  5000 @ 110
    200 @ 93  5600 @ 119
    100 @ 95   453 @ 123
    154 @ 98   645 @ 144
          -    665 @ 167
|------------||-----------|

13:00:19.613 [main] INFO  c.gettingstarted.MyAlgoLogic - [MYALGO] Algo Sees Book as: 
|----BID-----||----ASK----|
    134 @ 43    501 @ 98
    145 @ 76   200 @ 101
    300 @ 91  5000 @ 110
    200 @ 93  5600 @ 119
    100 @ 95   453 @ 123
    154 @ 98   645 @ 144
          -    665 @ 167
|------------||-----------|

13:00:19.613 [main] INFO  c.gettingstarted.TimedLogic - [TIMEDLOGIC] Market is open
13:00:19.613 [main] INFO  c.sequencer.consumer.LoggingConsumer - [221] 
|----BID-----|
    134 @ 43
    145 @ 76
    300 @ 91
    200 @ 93
    100 @ 95
    154 @ 98
|----ASK-----|
    501 @ 98
   200 @ 101
  5000 @ 110
  5600 @ 119
   453 @ 123
   645 @ 144
   665 @ 167

13:00:19.613 [main] INFO  c.orderbook.OrderBook - [ORDERBOOK] Processing Mkt Data Update
13:00:19.613 [main] INFO  c.o.v.MutatingRemoveAllMarketDataOrdersVisitor - [ORDERBOOK] Removing market data order:MktData(price=43,quantity=134)
13:00:19.613 [main] DEBUG c.orderbook.OrderBook - [ORDERBOOK] ASK: Adding orderMktData(price=43,quantity=134)
13:00:19.613 [main] INFO  c.o.visitor.MutatingAddOrderVisitor - [ORDERBOOK] + Limit(side=BUY,orderId=16,price=43,quantity=2195456)
13:00:19.613 [main] DEBUG c.orderbook.OrderBook - [ORDERBOOK] ASK: Adding orderMktData(price=76,quantity=145)
13:00:19.613 [main] DEBUG c.orderbook.OrderBook - [ORDERBOOK] ASK: Adding orderMktData(price=91,quantity=300)
13:00:19.613 [main] DEBUG c.orderbook.OrderBook - [ORDERBOOK] ASK: Adding orderMktData(price=93,quantity=200)
13:00:19.613 [main] DEBUG c.orderbook.OrderBook - [ORDERBOOK] ASK: Adding orderMktData(price=95,quantity=100)
13:00:19.613 [main] DEBUG c.orderbook.OrderBook - [ORDERBOOK] ASK: Adding orderMktData(price=98,quantity=154)
13:00:19.613 [main] INFO  c.o.v.MutatingMatchOneMarketDataOrderVisitor - [ORDERBOOK] visiting LevelOrderBookLevel(price=43,quantity=4276342)
13:00:19.613 [main] INFO  c.o.v.MutatingMatchOneMarketDataOrderVisitor - [ORDERBOOK] Can't match order:Limit(side=BUY,orderId=3,price=43,quantity=268)(MktData(price=98,quantity=154))
13:00:19.613 [main] INFO  c.o.v.MutatingMatchOneMarketDataOrderVisitor - [ORDERBOOK] Can't match order:Limit(side=BUY,orderId=5,price=43,quantity=1072)(MktData(price=98,quantity=154))
13:00:19.613 [main] INFO  c.o.v.MutatingMatchOneMarketDataOrderVisitor - [ORDERBOOK] Can't match order:Limit(side=BUY,orderId=7,price=43,quantity=4288)(MktData(price=98,quantity=154))
13:00:19.613 [main] INFO  c.o.v.MutatingMatchOneMarketDataOrderVisitor - [ORDERBOOK] Can't match order:Limit(side=BUY,orderId=9,price=43,quantity=17152)(MktData(price=98,quantity=154))
13:00:19.613 [main] INFO  c.o.v.MutatingMatchOneMarketDataOrderVisitor - [ORDERBOOK] Can't match order:Limit(side=BUY,orderId=11,price=43,quantity=68608)(MktData(price=98,quantity=154))
13:00:19.613 [main] INFO  c.o.v.MutatingMatchOneMarketDataOrderVisitor - [ORDERBOOK] Can't match order:Limit(side=BUY,orderId=12,price=43,quantity=137216)(MktData(price=98,quantity=154))
13:00:19.613 [main] INFO  c.o.v.MutatingMatchOneMarketDataOrderVisitor - [ORDERBOOK] Can't match order:Limit(side=BUY,orderId=13,price=43,quantity=274432)(MktData(price=98,quantity=154))
13:00:19.613 [main] INFO  c.o.v.MutatingMatchOneMarketDataOrderVisitor - [ORDERBOOK] Can't match order:Limit(side=BUY,orderId=14,price=43,quantity=548864)(MktData(price=98,quantity=154))
13:00:19.613 [main] INFO  c.o.v.MutatingMatchOneMarketDataOrderVisitor - [ORDERBOOK] Can't match order:Limit(side=BUY,orderId=15,price=43,quantity=1097728)(MktData(price=98,quantity=154))
13:00:19.613 [main] INFO  c.o.v.MutatingMatchOneMarketDataOrderVisitor - [ORDERBOOK] Can't match order:Limit(side=BUY,orderId=16,price=43,quantity=2195456)(MktData(price=98,quantity=154))
13:00:19.613 [main] INFO  c.o.v.MutatingMatchOneMarketDataOrderVisitor - [ORDERBOOK] Can't match order:MktData(price=43,quantity=134)(MktData(price=98,quantity=154))
13:00:19.613 [main] INFO  c.o.v.MutatingRemoveAllMarketDataOrdersVisitor - [ORDERBOOK] Removing market data order:MktData(price=98,quantity=501)
13:00:19.613 [main] INFO  c.o.v.MutatingRemoveAllMarketDataOrdersVisitor - [ORDERBOOK] Removing market data order:MktData(price=110,quantity=5000)
13:00:19.613 [main] INFO  c.o.v.MutatingRemoveAllMarketDataOrdersVisitor - [ORDERBOOK] Removing market data order:MktData(price=123,quantity=453)
13:00:19.613 [main] INFO  c.o.v.MutatingRemoveAllMarketDataOrdersVisitor - [ORDERBOOK] Removing market data order:MktData(price=167,quantity=665)
13:00:19.613 [main] DEBUG c.orderbook.OrderBook - [ORDERBOOK] ASK: Adding orderMktData(price=98,quantity=501)
13:00:19.613 [main] INFO  c.o.visitor.MutatingAddOrderVisitor - [ORDERBOOK] + Limit(side=SELL,orderId=17,price=98,quantity=501)
13:00:19.613 [main] DEBUG c.orderbook.OrderBook - [ORDERBOOK] ASK: Adding orderMktData(price=101,quantity=200)
13:00:19.613 [main] DEBUG c.orderbook.OrderBook - [ORDERBOOK] ASK: Adding orderMktData(price=110,quantity=5000)
13:00:19.613 [main] DEBUG c.orderbook.OrderBook - [ORDERBOOK] ASK: Adding orderMktData(price=119,quantity=5600)
13:00:19.613 [main] DEBUG c.orderbook.OrderBook - [ORDERBOOK] ASK: Adding orderMktData(price=123,quantity=453)
13:00:19.613 [main] DEBUG c.orderbook.OrderBook - [ORDERBOOK] ASK: Adding orderMktData(price=144,quantity=645)
13:00:19.613 [main] DEBUG c.orderbook.OrderBook - [ORDERBOOK] ASK: Adding orderMktData(price=167,quantity=665)
13:00:19.613 [main] DEBUG c.service.MarketDataService - [ALGO] BID: price:43 quantity:134
13:00:19.613 [main] DEBUG c.service.MarketDataService - [ALGO] BID: price:76 quantity:145
13:00:19.613 [main] DEBUG c.service.MarketDataService - [ALGO] BID: price:91 quantity:300
13:00:19.613 [main] DEBUG c.service.MarketDataService - [ALGO] BID: price:93 quantity:200
13:00:19.613 [main] DEBUG c.service.MarketDataService - [ALGO] BID: price:95 quantity:100
13:00:19.613 [main] DEBUG c.service.MarketDataService - [ALGO] BID: price:98 quantity:154
13:00:19.613 [main] DEBUG c.service.MarketDataService - [ALGO] ASK: price:98 quantity:501
13:00:19.613 [main] DEBUG c.service.MarketDataService - [ALGO] ASK: price:101 quantity:200
13:00:19.613 [main] DEBUG c.service.MarketDataService - [ALGO] ASK: price:110 quantity:5000
13:00:19.613 [main] DEBUG c.service.MarketDataService - [ALGO] ASK: price:119 quantity:5600
13:00:19.613 [main] DEBUG c.service.MarketDataService - [ALGO] ASK: price:123 quantity:453
13:00:19.613 [main] DEBUG c.service.MarketDataService - [ALGO] ASK: price:144 quantity:645
13:00:19.613 [main] DEBUG c.service.MarketDataService - [ALGO] ASK: price:167 quantity:665
13:00:19.613 [main] INFO  c.gettingstarted.MyAlgoLogic - [MYALGO] The state of the order book is:
|----BID-----||----ASK----|
    134 @ 43    501 @ 98
    145 @ 76   200 @ 101
    300 @ 91  5000 @ 110
    200 @ 93  5600 @ 119
    100 @ 95   453 @ 123
    154 @ 98   645 @ 144
          -    665 @ 167
|------------||-----------|

13:00:19.613 [main] INFO  c.gettingstarted.MyAlgoLogic - [MYALGO] Algo Sees Book as: 
|----BID-----||----ASK----|
    134 @ 43    501 @ 98
    145 @ 76   200 @ 101
    300 @ 91  5000 @ 110
    200 @ 93  5600 @ 119
    100 @ 95   453 @ 123
    154 @ 98   645 @ 144
          -    665 @ 167
|------------||-----------|

13:00:19.613 [main] INFO  c.gettingstarted.TimedLogic - [TIMEDLOGIC] Market is open
13:00:19.613 [main] INFO  c.sequencer.consumer.LoggingConsumer - [222] 
|----BID-----|
    134 @ 43
    145 @ 76
    300 @ 91
    200 @ 93
    100 @ 95
    154 @ 98
|----ASK-----|
    501 @ 98
   200 @ 101
  5000 @ 110
  5600 @ 119
   453 @ 123
   645 @ 144
   665 @ 167

13:00:19.613 [main] INFO  c.orderbook.OrderBook - [ORDERBOOK] Processing Mkt Data Update
13:00:19.613 [main] INFO  c.o.v.MutatingRemoveAllMarketDataOrdersVisitor - [ORDERBOOK] Removing market data order:MktData(price=43,quantity=134)
13:00:19.613 [main] DEBUG c.orderbook.OrderBook - [ORDERBOOK] ASK: Adding orderMktData(price=43,quantity=134)
13:00:19.613 [main] INFO  c.o.visitor.MutatingAddOrderVisitor - [ORDERBOOK] + Limit(side=BUY,orderId=16,price=43,quantity=2195456)
13:00:19.613 [main] DEBUG c.orderbook.OrderBook - [ORDERBOOK] ASK: Adding orderMktData(price=76,quantity=145)
13:00:19.613 [main] DEBUG c.orderbook.OrderBook - [ORDERBOOK] ASK: Adding orderMktData(price=91,quantity=300)
13:00:19.613 [main] DEBUG c.orderbook.OrderBook - [ORDERBOOK] ASK: Adding orderMktData(price=93,quantity=200)
13:00:19.613 [main] DEBUG c.orderbook.OrderBook - [ORDERBOOK] ASK: Adding orderMktData(price=95,quantity=100)
13:00:19.613 [main] DEBUG c.orderbook.OrderBook - [ORDERBOOK] ASK: Adding orderMktData(price=98,quantity=154)
13:00:19.613 [main] INFO  c.o.v.MutatingMatchOneMarketDataOrderVisitor - [ORDERBOOK] visiting LevelOrderBookLevel(price=43,quantity=4276476)
13:00:19.613 [main] INFO  c.o.v.MutatingMatchOneMarketDataOrderVisitor - [ORDERBOOK] Can't match order:Limit(side=BUY,orderId=3,price=43,quantity=268)(MktData(price=98,quantity=154))
13:00:19.613 [main] INFO  c.o.v.MutatingMatchOneMarketDataOrderVisitor - [ORDERBOOK] Can't match order:Limit(side=BUY,orderId=5,price=43,quantity=1072)(MktData(price=98,quantity=154))
13:00:19.613 [main] INFO  c.o.v.MutatingMatchOneMarketDataOrderVisitor - [ORDERBOOK] Can't match order:Limit(side=BUY,orderId=7,price=43,quantity=4288)(MktData(price=98,quantity=154))
13:00:19.613 [main] INFO  c.o.v.MutatingMatchOneMarketDataOrderVisitor - [ORDERBOOK] Can't match order:Limit(side=BUY,orderId=9,price=43,quantity=17152)(MktData(price=98,quantity=154))
13:00:19.613 [main] INFO  c.o.v.MutatingMatchOneMarketDataOrderVisitor - [ORDERBOOK] Can't match order:Limit(side=BUY,orderId=11,price=43,quantity=68608)(MktData(price=98,quantity=154))
13:00:19.613 [main] INFO  c.o.v.MutatingMatchOneMarketDataOrderVisitor - [ORDERBOOK] Can't match order:Limit(side=BUY,orderId=12,price=43,quantity=137216)(MktData(price=98,quantity=154))
13:00:19.613 [main] INFO  c.o.v.MutatingMatchOneMarketDataOrderVisitor - [ORDERBOOK] Can't match order:Limit(side=BUY,orderId=13,price=43,quantity=274432)(MktData(price=98,quantity=154))
13:00:19.613 [main] INFO  c.o.v.MutatingMatchOneMarketDataOrderVisitor - [ORDERBOOK] Can't match order:Limit(side=BUY,orderId=14,price=43,quantity=548864)(MktData(price=98,quantity=154))
13:00:19.613 [main] INFO  c.o.v.MutatingMatchOneMarketDataOrderVisitor - [ORDERBOOK] Can't match order:Limit(side=BUY,orderId=15,price=43,quantity=1097728)(MktData(price=98,quantity=154))
13:00:19.613 [main] INFO  c.o.v.MutatingMatchOneMarketDataOrderVisitor - [ORDERBOOK] Can't match order:Limit(side=BUY,orderId=16,price=43,quantity=2195456)(MktData(price=98,quantity=154))
13:00:19.613 [main] INFO  c.o.v.MutatingMatchOneMarketDataOrderVisitor - [ORDERBOOK] Can't match order:MktData(price=43,quantity=134)(MktData(price=98,quantity=154))
13:00:19.613 [main] INFO  c.o.v.MutatingRemoveAllMarketDataOrdersVisitor - [ORDERBOOK] Removing market data order:MktData(price=98,quantity=501)
13:00:19.613 [main] INFO  c.o.v.MutatingRemoveAllMarketDataOrdersVisitor - [ORDERBOOK] Removing market data order:MktData(price=110,quantity=5000)
13:00:19.613 [main] INFO  c.o.v.MutatingRemoveAllMarketDataOrdersVisitor - [ORDERBOOK] Removing market data order:MktData(price=123,quantity=453)
13:00:19.613 [main] INFO  c.o.v.MutatingRemoveAllMarketDataOrdersVisitor - [ORDERBOOK] Removing market data order:MktData(price=167,quantity=665)
13:00:19.613 [main] DEBUG c.orderbook.OrderBook - [ORDERBOOK] ASK: Adding orderMktData(price=98,quantity=501)
13:00:19.613 [main] INFO  c.o.visitor.MutatingAddOrderVisitor - [ORDERBOOK] + Limit(side=SELL,orderId=17,price=98,quantity=501)
13:00:19.613 [main] DEBUG c.orderbook.OrderBook - [ORDERBOOK] ASK: Adding orderMktData(price=101,quantity=200)
13:00:19.613 [main] DEBUG c.orderbook.OrderBook - [ORDERBOOK] ASK: Adding orderMktData(price=110,quantity=5000)
13:00:19.613 [main] DEBUG c.orderbook.OrderBook - [ORDERBOOK] ASK: Adding orderMktData(price=119,quantity=5600)
13:00:19.613 [main] DEBUG c.orderbook.OrderBook - [ORDERBOOK] ASK: Adding orderMktData(price=123,quantity=453)
13:00:19.613 [main] DEBUG c.orderbook.OrderBook - [ORDERBOOK] ASK: Adding orderMktData(price=144,quantity=645)
13:00:19.613 [main] DEBUG c.orderbook.OrderBook - [ORDERBOOK] ASK: Adding orderMktData(price=167,quantity=665)
13:00:19.613 [main] DEBUG c.service.MarketDataService - [ALGO] BID: price:43 quantity:134
13:00:19.613 [main] DEBUG c.service.MarketDataService - [ALGO] BID: price:76 quantity:145
13:00:19.613 [main] DEBUG c.service.MarketDataService - [ALGO] BID: price:91 quantity:300
13:00:19.613 [main] DEBUG c.service.MarketDataService - [ALGO] BID: price:93 quantity:200
13:00:19.613 [main] DEBUG c.service.MarketDataService - [ALGO] BID: price:95 quantity:100
13:00:19.613 [main] DEBUG c.service.MarketDataService - [ALGO] BID: price:98 quantity:154
13:00:19.613 [main] DEBUG c.service.MarketDataService - [ALGO] ASK: price:98 quantity:501
13:00:19.613 [main] DEBUG c.service.MarketDataService - [ALGO] ASK: price:101 quantity:200
13:00:19.613 [main] DEBUG c.service.MarketDataService - [ALGO] ASK: price:110 quantity:5000
13:00:19.613 [main] DEBUG c.service.MarketDataService - [ALGO] ASK: price:119 quantity:5600
13:00:19.613 [main] DEBUG c.service.MarketDataService - [ALGO] ASK: price:123 quantity:453
13:00:19.613 [main] DEBUG c.service.MarketDataService - [ALGO] ASK: price:144 quantity:645
13:00:19.613 [main] DEBUG c.service.MarketDataService - [ALGO] ASK: price:167 quantity:665
13:00:19.613 [main] INFO  c.gettingstarted.MyAlgoLogic - [MYALGO] The state of the order book is:
|----BID-----||----ASK----|
    134 @ 43    501 @ 98
    145 @ 76   200 @ 101
    300 @ 91  5000 @ 110
    200 @ 93  5600 @ 119
    100 @ 95   453 @ 123
    154 @ 98   645 @ 144
          -    665 @ 167
|------------||-----------|

13:00:19.613 [main] INFO  c.gettingstarted.MyAlgoLogic - [MYALGO] Algo Sees Book as: 
|----BID-----||----ASK----|
    134 @ 43    501 @ 98
    145 @ 76   200 @ 101
    300 @ 91  5000 @ 110
    200 @ 93  5600 @ 119
    100 @ 95   453 @ 123
    154 @ 98   645 @ 144
          -    665 @ 167
|------------||-----------|

13:00:19.613 [main] INFO  c.gettingstarted.TimedLogic - [TIMEDLOGIC] Market is open
13:00:19.613 [main] INFO  c.sequencer.consumer.LoggingConsumer - [223] 
|----BID-----|
    134 @ 43
    145 @ 76
    300 @ 91
    200 @ 93
    100 @ 95
    154 @ 98
|----ASK-----|
    501 @ 98
   200 @ 101
  5000 @ 110
  5600 @ 119
   453 @ 123
   645 @ 144
   665 @ 167

13:00:19.613 [main] INFO  c.orderbook.OrderBook - [ORDERBOOK] Processing Mkt Data Update
13:00:19.613 [main] INFO  c.o.v.MutatingRemoveAllMarketDataOrdersVisitor - [ORDERBOOK] Removing market data order:MktData(price=43,quantity=134)
13:00:19.613 [main] DEBUG c.orderbook.OrderBook - [ORDERBOOK] ASK: Adding orderMktData(price=43,quantity=134)
13:00:19.613 [main] INFO  c.o.visitor.MutatingAddOrderVisitor - [ORDERBOOK] + Limit(side=BUY,orderId=16,price=43,quantity=2195456)
13:00:19.613 [main] DEBUG c.orderbook.OrderBook - [ORDERBOOK] ASK: Adding orderMktData(price=76,quantity=145)
13:00:19.613 [main] DEBUG c.orderbook.OrderBook - [ORDERBOOK] ASK: Adding orderMktData(price=91,quantity=300)
13:00:19.613 [main] DEBUG c.orderbook.OrderBook - [ORDERBOOK] ASK: Adding orderMktData(price=93,quantity=200)
13:00:19.613 [main] DEBUG c.orderbook.OrderBook - [ORDERBOOK] ASK: Adding orderMktData(price=95,quantity=100)
13:00:19.613 [main] DEBUG c.orderbook.OrderBook - [ORDERBOOK] ASK: Adding orderMktData(price=98,quantity=154)
13:00:19.613 [main] INFO  c.o.v.MutatingMatchOneMarketDataOrderVisitor - [ORDERBOOK] visiting LevelOrderBookLevel(price=43,quantity=4276610)
13:00:19.613 [main] INFO  c.o.v.MutatingMatchOneMarketDataOrderVisitor - [ORDERBOOK] Can't match order:Limit(side=BUY,orderId=3,price=43,quantity=268)(MktData(price=98,quantity=154))
13:00:19.613 [main] INFO  c.o.v.MutatingMatchOneMarketDataOrderVisitor - [ORDERBOOK] Can't match order:Limit(side=BUY,orderId=5,price=43,quantity=1072)(MktData(price=98,quantity=154))
13:00:19.613 [main] INFO  c.o.v.MutatingMatchOneMarketDataOrderVisitor - [ORDERBOOK] Can't match order:Limit(side=BUY,orderId=7,price=43,quantity=4288)(MktData(price=98,quantity=154))
13:00:19.613 [main] INFO  c.o.v.MutatingMatchOneMarketDataOrderVisitor - [ORDERBOOK] Can't match order:Limit(side=BUY,orderId=9,price=43,quantity=17152)(MktData(price=98,quantity=154))
13:00:19.613 [main] INFO  c.o.v.MutatingMatchOneMarketDataOrderVisitor - [ORDERBOOK] Can't match order:Limit(side=BUY,orderId=11,price=43,quantity=68608)(MktData(price=98,quantity=154))
13:00:19.613 [main] INFO  c.o.v.MutatingMatchOneMarketDataOrderVisitor - [ORDERBOOK] Can't match order:Limit(side=BUY,orderId=12,price=43,quantity=137216)(MktData(price=98,quantity=154))
13:00:19.613 [main] INFO  c.o.v.MutatingMatchOneMarketDataOrderVisitor - [ORDERBOOK] Can't match order:Limit(side=BUY,orderId=13,price=43,quantity=274432)(MktData(price=98,quantity=154))
13:00:19.613 [main] INFO  c.o.v.MutatingMatchOneMarketDataOrderVisitor - [ORDERBOOK] Can't match order:Limit(side=BUY,orderId=14,price=43,quantity=548864)(MktData(price=98,quantity=154))
13:00:19.613 [main] INFO  c.o.v.MutatingMatchOneMarketDataOrderVisitor - [ORDERBOOK] Can't match order:Limit(side=BUY,orderId=15,price=43,quantity=1097728)(MktData(price=98,quantity=154))
13:00:19.613 [main] INFO  c.o.v.MutatingMatchOneMarketDataOrderVisitor - [ORDERBOOK] Can't match order:Limit(side=BUY,orderId=16,price=43,quantity=2195456)(MktData(price=98,quantity=154))
13:00:19.613 [main] INFO  c.o.v.MutatingMatchOneMarketDataOrderVisitor - [ORDERBOOK] Can't match order:MktData(price=43,quantity=134)(MktData(price=98,quantity=154))
13:00:19.613 [main] INFO  c.o.v.MutatingRemoveAllMarketDataOrdersVisitor - [ORDERBOOK] Removing market data order:MktData(price=98,quantity=501)
13:00:19.613 [main] INFO  c.o.v.MutatingRemoveAllMarketDataOrdersVisitor - [ORDERBOOK] Removing market data order:MktData(price=110,quantity=5000)
13:00:19.613 [main] INFO  c.o.v.MutatingRemoveAllMarketDataOrdersVisitor - [ORDERBOOK] Removing market data order:MktData(price=123,quantity=453)
13:00:19.613 [main] INFO  c.o.v.MutatingRemoveAllMarketDataOrdersVisitor - [ORDERBOOK] Removing market data order:MktData(price=167,quantity=665)
13:00:19.613 [main] DEBUG c.orderbook.OrderBook - [ORDERBOOK] ASK: Adding orderMktData(price=98,quantity=501)
13:00:19.613 [main] INFO  c.o.visitor.MutatingAddOrderVisitor - [ORDERBOOK] + Limit(side=SELL,orderId=17,price=98,quantity=501)
13:00:19.613 [main] DEBUG c.orderbook.OrderBook - [ORDERBOOK] ASK: Adding orderMktData(price=101,quantity=200)
13:00:19.613 [main] DEBUG c.orderbook.OrderBook - [ORDERBOOK] ASK: Adding orderMktData(price=110,quantity=5000)
13:00:19.613 [main] DEBUG c.orderbook.OrderBook - [ORDERBOOK] ASK: Adding orderMktData(price=119,quantity=5600)
13:00:19.613 [main] DEBUG c.orderbook.OrderBook - [ORDERBOOK] ASK: Adding orderMktData(price=123,quantity=453)
13:00:19.613 [main] DEBUG c.orderbook.OrderBook - [ORDERBOOK] ASK: Adding orderMktData(price=144,quantity=645)
13:00:19.613 [main] DEBUG c.orderbook.OrderBook - [ORDERBOOK] ASK: Adding orderMktData(price=167,quantity=665)
13:00:19.613 [main] DEBUG c.service.MarketDataService - [ALGO] BID: price:43 quantity:134
13:00:19.613 [main] DEBUG c.service.MarketDataService - [ALGO] BID: price:76 quantity:145
13:00:19.613 [main] DEBUG c.service.MarketDataService - [ALGO] BID: price:91 quantity:300
13:00:19.613 [main] DEBUG c.service.MarketDataService - [ALGO] BID: price:93 quantity:200
13:00:19.613 [main] DEBUG c.service.MarketDataService - [ALGO] BID: price:95 quantity:100
13:00:19.613 [main] DEBUG c.service.MarketDataService - [ALGO] BID: price:98 quantity:154
13:00:19.613 [main] DEBUG c.service.MarketDataService - [ALGO] ASK: price:98 quantity:501
13:00:19.613 [main] DEBUG c.service.MarketDataService - [ALGO] ASK: price:101 quantity:200
13:00:19.613 [main] DEBUG c.service.MarketDataService - [ALGO] ASK: price:110 quantity:5000
13:00:19.613 [main] DEBUG c.service.MarketDataService - [ALGO] ASK: price:119 quantity:5600
13:00:19.613 [main] DEBUG c.service.MarketDataService - [ALGO] ASK: price:123 quantity:453
13:00:19.613 [main] DEBUG c.service.MarketDataService - [ALGO] ASK: price:144 quantity:645
13:00:19.613 [main] DEBUG c.service.MarketDataService - [ALGO] ASK: price:167 quantity:665
13:00:19.613 [main] INFO  c.gettingstarted.MyAlgoLogic - [MYALGO] The state of the order book is:
|----BID-----||----ASK----|
    134 @ 43    501 @ 98
    145 @ 76   200 @ 101
    300 @ 91  5000 @ 110
    200 @ 93  5600 @ 119
    100 @ 95   453 @ 123
    154 @ 98   645 @ 144
          -    665 @ 167
|------------||-----------|

13:00:19.613 [main] INFO  c.gettingstarted.MyAlgoLogic - [MYALGO] Algo Sees Book as: 
|----BID-----||----ASK----|
    134 @ 43    501 @ 98
    145 @ 76   200 @ 101
    300 @ 91  5000 @ 110
    200 @ 93  5600 @ 119
    100 @ 95   453 @ 123
    154 @ 98   645 @ 144
          -    665 @ 167
|------------||-----------|

13:00:19.613 [main] INFO  c.gettingstarted.TimedLogic - [TIMEDLOGIC] Market is open
13:00:19.613 [main] INFO  c.sequencer.consumer.LoggingConsumer - [224] 
|----BID-----|
    134 @ 43
    145 @ 76
    300 @ 91
    200 @ 93
    100 @ 95
    154 @ 98
|----ASK-----|
    501 @ 98
   200 @ 101
  5000 @ 110
  5600 @ 119
   453 @ 123
   645 @ 144
   665 @ 167

13:00:19.613 [main] INFO  c.orderbook.OrderBook - [ORDERBOOK] Processing Mkt Data Update
13:00:19.613 [main] INFO  c.o.v.MutatingRemoveAllMarketDataOrdersVisitor - [ORDERBOOK] Removing market data order:MktData(price=43,quantity=134)
13:00:19.613 [main] DEBUG c.orderbook.OrderBook - [ORDERBOOK] ASK: Adding orderMktData(price=43,quantity=134)
13:00:19.613 [main] INFO  c.o.visitor.MutatingAddOrderVisitor - [ORDERBOOK] + Limit(side=BUY,orderId=16,price=43,quantity=2195456)
13:00:19.613 [main] DEBUG c.orderbook.OrderBook - [ORDERBOOK] ASK: Adding orderMktData(price=76,quantity=145)
13:00:19.613 [main] DEBUG c.orderbook.OrderBook - [ORDERBOOK] ASK: Adding orderMktData(price=91,quantity=300)
13:00:19.613 [main] DEBUG c.orderbook.OrderBook - [ORDERBOOK] ASK: Adding orderMktData(price=93,quantity=200)
13:00:19.613 [main] DEBUG c.orderbook.OrderBook - [ORDERBOOK] ASK: Adding orderMktData(price=95,quantity=100)
13:00:19.613 [main] DEBUG c.orderbook.OrderBook - [ORDERBOOK] ASK: Adding orderMktData(price=98,quantity=154)
13:00:19.613 [main] INFO  c.o.v.MutatingMatchOneMarketDataOrderVisitor - [ORDERBOOK] visiting LevelOrderBookLevel(price=43,quantity=4276744)
13:00:19.613 [main] INFO  c.o.v.MutatingMatchOneMarketDataOrderVisitor - [ORDERBOOK] Can't match order:Limit(side=BUY,orderId=3,price=43,quantity=268)(MktData(price=98,quantity=154))
13:00:19.613 [main] INFO  c.o.v.MutatingMatchOneMarketDataOrderVisitor - [ORDERBOOK] Can't match order:Limit(side=BUY,orderId=5,price=43,quantity=1072)(MktData(price=98,quantity=154))
13:00:19.613 [main] INFO  c.o.v.MutatingMatchOneMarketDataOrderVisitor - [ORDERBOOK] Can't match order:Limit(side=BUY,orderId=7,price=43,quantity=4288)(MktData(price=98,quantity=154))
13:00:19.613 [main] INFO  c.o.v.MutatingMatchOneMarketDataOrderVisitor - [ORDERBOOK] Can't match order:Limit(side=BUY,orderId=9,price=43,quantity=17152)(MktData(price=98,quantity=154))
13:00:19.613 [main] INFO  c.o.v.MutatingMatchOneMarketDataOrderVisitor - [ORDERBOOK] Can't match order:Limit(side=BUY,orderId=11,price=43,quantity=68608)(MktData(price=98,quantity=154))
13:00:19.613 [main] INFO  c.o.v.MutatingMatchOneMarketDataOrderVisitor - [ORDERBOOK] Can't match order:Limit(side=BUY,orderId=12,price=43,quantity=137216)(MktData(price=98,quantity=154))
13:00:19.613 [main] INFO  c.o.v.MutatingMatchOneMarketDataOrderVisitor - [ORDERBOOK] Can't match order:Limit(side=BUY,orderId=13,price=43,quantity=274432)(MktData(price=98,quantity=154))
13:00:19.613 [main] INFO  c.o.v.MutatingMatchOneMarketDataOrderVisitor - [ORDERBOOK] Can't match order:Limit(side=BUY,orderId=14,price=43,quantity=548864)(MktData(price=98,quantity=154))
13:00:19.613 [main] INFO  c.o.v.MutatingMatchOneMarketDataOrderVisitor - [ORDERBOOK] Can't match order:Limit(side=BUY,orderId=15,price=43,quantity=1097728)(MktData(price=98,quantity=154))
13:00:19.613 [main] INFO  c.o.v.MutatingMatchOneMarketDataOrderVisitor - [ORDERBOOK] Can't match order:Limit(side=BUY,orderId=16,price=43,quantity=2195456)(MktData(price=98,quantity=154))
13:00:19.613 [main] INFO  c.o.v.MutatingMatchOneMarketDataOrderVisitor - [ORDERBOOK] Can't match order:MktData(price=43,quantity=134)(MktData(price=98,quantity=154))
13:00:19.613 [main] INFO  c.o.v.MutatingRemoveAllMarketDataOrdersVisitor - [ORDERBOOK] Removing market data order:MktData(price=98,quantity=501)
13:00:19.613 [main] INFO  c.o.v.MutatingRemoveAllMarketDataOrdersVisitor - [ORDERBOOK] Removing market data order:MktData(price=110,quantity=5000)
13:00:19.613 [main] INFO  c.o.v.MutatingRemoveAllMarketDataOrdersVisitor - [ORDERBOOK] Removing market data order:MktData(price=123,quantity=453)
13:00:19.613 [main] INFO  c.o.v.MutatingRemoveAllMarketDataOrdersVisitor - [ORDERBOOK] Removing market data order:MktData(price=167,quantity=665)
13:00:19.613 [main] DEBUG c.orderbook.OrderBook - [ORDERBOOK] ASK: Adding orderMktData(price=98,quantity=501)
13:00:19.613 [main] INFO  c.o.visitor.MutatingAddOrderVisitor - [ORDERBOOK] + Limit(side=SELL,orderId=17,price=98,quantity=501)
13:00:19.613 [main] DEBUG c.orderbook.OrderBook - [ORDERBOOK] ASK: Adding orderMktData(price=101,quantity=200)
13:00:19.613 [main] DEBUG c.orderbook.OrderBook - [ORDERBOOK] ASK: Adding orderMktData(price=110,quantity=5000)
13:00:19.613 [main] DEBUG c.orderbook.OrderBook - [ORDERBOOK] ASK: Adding orderMktData(price=119,quantity=5600)
13:00:19.613 [main] DEBUG c.orderbook.OrderBook - [ORDERBOOK] ASK: Adding orderMktData(price=123,quantity=453)
13:00:19.613 [main] DEBUG c.orderbook.OrderBook - [ORDERBOOK] ASK: Adding orderMktData(price=144,quantity=645)
13:00:19.613 [main] DEBUG c.orderbook.OrderBook - [ORDERBOOK] ASK: Adding orderMktData(price=167,quantity=665)
13:00:19.613 [main] DEBUG c.service.MarketDataService - [ALGO] BID: price:43 quantity:134
13:00:19.613 [main] DEBUG c.service.MarketDataService - [ALGO] BID: price:76 quantity:145
13:00:19.613 [main] DEBUG c.service.MarketDataService - [ALGO] BID: price:91 quantity:300
13:00:19.613 [main] DEBUG c.service.MarketDataService - [ALGO] BID: price:93 quantity:200
13:00:19.613 [main] DEBUG c.service.MarketDataService - [ALGO] BID: price:95 quantity:100
13:00:19.613 [main] DEBUG c.service.MarketDataService - [ALGO] BID: price:98 quantity:154
13:00:19.613 [main] DEBUG c.service.MarketDataService - [ALGO] ASK: price:98 quantity:501
13:00:19.613 [main] DEBUG c.service.MarketDataService - [ALGO] ASK: price:101 quantity:200
13:00:19.613 [main] DEBUG c.service.MarketDataService - [ALGO] ASK: price:110 quantity:5000
13:00:19.613 [main] DEBUG c.service.MarketDataService - [ALGO] ASK: price:119 quantity:5600
13:00:19.613 [main] DEBUG c.service.MarketDataService - [ALGO] ASK: price:123 quantity:453
13:00:19.613 [main] DEBUG c.service.MarketDataService - [ALGO] ASK: price:144 quantity:645
13:00:19.613 [main] DEBUG c.service.MarketDataService - [ALGO] ASK: price:167 quantity:665
13:00:19.613 [main] INFO  c.gettingstarted.MyAlgoLogic - [MYALGO] The state of the order book is:
|----BID-----||----ASK----|
    134 @ 43    501 @ 98
    145 @ 76   200 @ 101
    300 @ 91  5000 @ 110
    200 @ 93  5600 @ 119
    100 @ 95   453 @ 123
    154 @ 98   645 @ 144
          -    665 @ 167
|------------||-----------|

13:00:19.613 [main] INFO  c.gettingstarted.MyAlgoLogic - [MYALGO] Algo Sees Book as: 
|----BID-----||----ASK----|
    134 @ 43    501 @ 98
    145 @ 76   200 @ 101
    300 @ 91  5000 @ 110
    200 @ 93  5600 @ 119
    100 @ 95   453 @ 123
    154 @ 98   645 @ 144
          -    665 @ 167
|------------||-----------|

13:00:19.613 [main] INFO  c.gettingstarted.TimedLogic - [TIMEDLOGIC] Market is open
13:00:19.613 [main] INFO  c.sequencer.consumer.LoggingConsumer - [225] 
|----BID-----|
    134 @ 43
    145 @ 76
    300 @ 91
    200 @ 93
    100 @ 95
    154 @ 98
|----ASK-----|
    501 @ 98
   200 @ 101
  5000 @ 110
  5600 @ 119
   453 @ 123
   645 @ 144
   665 @ 167

13:00:19.613 [main] INFO  c.orderbook.OrderBook - [ORDERBOOK] Processing Mkt Data Update
13:00:19.613 [main] INFO  c.o.v.MutatingRemoveAllMarketDataOrdersVisitor - [ORDERBOOK] Removing market data order:MktData(price=43,quantity=134)
13:00:19.613 [main] DEBUG c.orderbook.OrderBook - [ORDERBOOK] ASK: Adding orderMktData(price=43,quantity=134)
13:00:19.613 [main] INFO  c.o.visitor.MutatingAddOrderVisitor - [ORDERBOOK] + Limit(side=BUY,orderId=16,price=43,quantity=2195456)
13:00:19.613 [main] DEBUG c.orderbook.OrderBook - [ORDERBOOK] ASK: Adding orderMktData(price=76,quantity=145)
13:00:19.613 [main] DEBUG c.orderbook.OrderBook - [ORDERBOOK] ASK: Adding orderMktData(price=91,quantity=300)
13:00:19.613 [main] DEBUG c.orderbook.OrderBook - [ORDERBOOK] ASK: Adding orderMktData(price=93,quantity=200)
13:00:19.613 [main] DEBUG c.orderbook.OrderBook - [ORDERBOOK] ASK: Adding orderMktData(price=95,quantity=100)
13:00:19.613 [main] DEBUG c.orderbook.OrderBook - [ORDERBOOK] ASK: Adding orderMktData(price=98,quantity=154)
13:00:19.613 [main] INFO  c.o.v.MutatingMatchOneMarketDataOrderVisitor - [ORDERBOOK] visiting LevelOrderBookLevel(price=43,quantity=4276878)
13:00:19.613 [main] INFO  c.o.v.MutatingMatchOneMarketDataOrderVisitor - [ORDERBOOK] Can't match order:Limit(side=BUY,orderId=3,price=43,quantity=268)(MktData(price=98,quantity=154))
13:00:19.613 [main] INFO  c.o.v.MutatingMatchOneMarketDataOrderVisitor - [ORDERBOOK] Can't match order:Limit(side=BUY,orderId=5,price=43,quantity=1072)(MktData(price=98,quantity=154))
13:00:19.613 [main] INFO  c.o.v.MutatingMatchOneMarketDataOrderVisitor - [ORDERBOOK] Can't match order:Limit(side=BUY,orderId=7,price=43,quantity=4288)(MktData(price=98,quantity=154))
13:00:19.613 [main] INFO  c.o.v.MutatingMatchOneMarketDataOrderVisitor - [ORDERBOOK] Can't match order:Limit(side=BUY,orderId=9,price=43,quantity=17152)(MktData(price=98,quantity=154))
13:00:19.613 [main] INFO  c.o.v.MutatingMatchOneMarketDataOrderVisitor - [ORDERBOOK] Can't match order:Limit(side=BUY,orderId=11,price=43,quantity=68608)(MktData(price=98,quantity=154))
13:00:19.613 [main] INFO  c.o.v.MutatingMatchOneMarketDataOrderVisitor - [ORDERBOOK] Can't match order:Limit(side=BUY,orderId=12,price=43,quantity=137216)(MktData(price=98,quantity=154))
13:00:19.613 [main] INFO  c.o.v.MutatingMatchOneMarketDataOrderVisitor - [ORDERBOOK] Can't match order:Limit(side=BUY,orderId=13,price=43,quantity=274432)(MktData(price=98,quantity=154))
13:00:19.613 [main] INFO  c.o.v.MutatingMatchOneMarketDataOrderVisitor - [ORDERBOOK] Can't match order:Limit(side=BUY,orderId=14,price=43,quantity=548864)(MktData(price=98,quantity=154))
13:00:19.613 [main] INFO  c.o.v.MutatingMatchOneMarketDataOrderVisitor - [ORDERBOOK] Can't match order:Limit(side=BUY,orderId=15,price=43,quantity=1097728)(MktData(price=98,quantity=154))
13:00:19.613 [main] INFO  c.o.v.MutatingMatchOneMarketDataOrderVisitor - [ORDERBOOK] Can't match order:Limit(side=BUY,orderId=16,price=43,quantity=2195456)(MktData(price=98,quantity=154))
13:00:19.613 [main] INFO  c.o.v.MutatingMatchOneMarketDataOrderVisitor - [ORDERBOOK] Can't match order:MktData(price=43,quantity=134)(MktData(price=98,quantity=154))
13:00:19.613 [main] INFO  c.o.v.MutatingRemoveAllMarketDataOrdersVisitor - [ORDERBOOK] Removing market data order:MktData(price=98,quantity=501)
13:00:19.613 [main] INFO  c.o.v.MutatingRemoveAllMarketDataOrdersVisitor - [ORDERBOOK] Removing market data order:MktData(price=110,quantity=5000)
13:00:19.613 [main] INFO  c.o.v.MutatingRemoveAllMarketDataOrdersVisitor - [ORDERBOOK] Removing market data order:MktData(price=123,quantity=453)
13:00:19.613 [main] INFO  c.o.v.MutatingRemoveAllMarketDataOrdersVisitor - [ORDERBOOK] Removing market data order:MktData(price=167,quantity=665)
13:00:19.613 [main] DEBUG c.orderbook.OrderBook - [ORDERBOOK] ASK: Adding orderMktData(price=98,quantity=501)
13:00:19.613 [main] INFO  c.o.visitor.MutatingAddOrderVisitor - [ORDERBOOK] + Limit(side=SELL,orderId=17,price=98,quantity=501)
13:00:19.613 [main] DEBUG c.orderbook.OrderBook - [ORDERBOOK] ASK: Adding orderMktData(price=101,quantity=200)
13:00:19.613 [main] DEBUG c.orderbook.OrderBook - [ORDERBOOK] ASK: Adding orderMktData(price=110,quantity=5000)
13:00:19.613 [main] DEBUG c.orderbook.OrderBook - [ORDERBOOK] ASK: Adding orderMktData(price=119,quantity=5600)
13:00:19.613 [main] DEBUG c.orderbook.OrderBook - [ORDERBOOK] ASK: Adding orderMktData(price=123,quantity=453)
13:00:19.613 [main] DEBUG c.orderbook.OrderBook - [ORDERBOOK] ASK: Adding orderMktData(price=144,quantity=645)
13:00:19.613 [main] DEBUG c.orderbook.OrderBook - [ORDERBOOK] ASK: Adding orderMktData(price=167,quantity=665)
13:00:19.613 [main] DEBUG c.service.MarketDataService - [ALGO] BID: price:43 quantity:134
13:00:19.613 [main] DEBUG c.service.MarketDataService - [ALGO] BID: price:76 quantity:145
13:00:19.613 [main] DEBUG c.service.MarketDataService - [ALGO] BID: price:91 quantity:300
13:00:19.613 [main] DEBUG c.service.MarketDataService - [ALGO] BID: price:93 quantity:200
13:00:19.613 [main] DEBUG c.service.MarketDataService - [ALGO] BID: price:95 quantity:100
13:00:19.613 [main] DEBUG c.service.MarketDataService - [ALGO] BID: price:98 quantity:154
13:00:19.613 [main] DEBUG c.service.MarketDataService - [ALGO] ASK: price:98 quantity:501
13:00:19.613 [main] DEBUG c.service.MarketDataService - [ALGO] ASK: price:101 quantity:200
13:00:19.613 [main] DEBUG c.service.MarketDataService - [ALGO] ASK: price:110 quantity:5000
13:00:19.613 [main] DEBUG c.service.MarketDataService - [ALGO] ASK: price:119 quantity:5600
13:00:19.613 [main] DEBUG c.service.MarketDataService - [ALGO] ASK: price:123 quantity:453
13:00:19.613 [main] DEBUG c.service.MarketDataService - [ALGO] ASK: price:144 quantity:645
13:00:19.613 [main] DEBUG c.service.MarketDataService - [ALGO] ASK: price:167 quantity:665
13:00:19.613 [main] INFO  c.gettingstarted.MyAlgoLogic - [MYALGO] The state of the order book is:
|----BID-----||----ASK----|
    134 @ 43    501 @ 98
    145 @ 76   200 @ 101
    300 @ 91  5000 @ 110
    200 @ 93  5600 @ 119
    100 @ 95   453 @ 123
    154 @ 98   645 @ 144
          -    665 @ 167
|------------||-----------|

13:00:19.613 [main] INFO  c.gettingstarted.MyAlgoLogic - [MYALGO] Algo Sees Book as: 
|----BID-----||----ASK----|
    134 @ 43    501 @ 98
    145 @ 76   200 @ 101
    300 @ 91  5000 @ 110
    200 @ 93  5600 @ 119
    100 @ 95   453 @ 123
    154 @ 98   645 @ 144
          -    665 @ 167
|------------||-----------|

13:00:19.613 [main] INFO  c.gettingstarted.TimedLogic - [TIMEDLOGIC] Market is open
13:00:19.613 [main] INFO  c.sequencer.consumer.LoggingConsumer - [226] 
|----BID-----|
    134 @ 43
    145 @ 76
    300 @ 91
    200 @ 93
    100 @ 95
    154 @ 98
|----ASK-----|
    501 @ 98
   200 @ 101
  5000 @ 110
  5600 @ 119
   453 @ 123
   645 @ 144
   665 @ 167

13:00:19.613 [main] INFO  c.orderbook.OrderBook - [ORDERBOOK] Processing Mkt Data Update
13:00:19.613 [main] INFO  c.o.v.MutatingRemoveAllMarketDataOrdersVisitor - [ORDERBOOK] Removing market data order:MktData(price=43,quantity=134)
13:00:19.613 [main] DEBUG c.orderbook.OrderBook - [ORDERBOOK] ASK: Adding orderMktData(price=43,quantity=134)
13:00:19.613 [main] INFO  c.o.visitor.MutatingAddOrderVisitor - [ORDERBOOK] + Limit(side=BUY,orderId=16,price=43,quantity=2195456)
13:00:19.613 [main] DEBUG c.orderbook.OrderBook - [ORDERBOOK] ASK: Adding orderMktData(price=76,quantity=145)
13:00:19.613 [main] DEBUG c.orderbook.OrderBook - [ORDERBOOK] ASK: Adding orderMktData(price=91,quantity=300)
13:00:19.613 [main] DEBUG c.orderbook.OrderBook - [ORDERBOOK] ASK: Adding orderMktData(price=93,quantity=200)
13:00:19.613 [main] DEBUG c.orderbook.OrderBook - [ORDERBOOK] ASK: Adding orderMktData(price=95,quantity=100)
13:00:19.613 [main] DEBUG c.orderbook.OrderBook - [ORDERBOOK] ASK: Adding orderMktData(price=98,quantity=154)
13:00:19.613 [main] INFO  c.o.v.MutatingMatchOneMarketDataOrderVisitor - [ORDERBOOK] visiting LevelOrderBookLevel(price=43,quantity=4277012)
13:00:19.613 [main] INFO  c.o.v.MutatingMatchOneMarketDataOrderVisitor - [ORDERBOOK] Can't match order:Limit(side=BUY,orderId=3,price=43,quantity=268)(MktData(price=98,quantity=154))
13:00:19.613 [main] INFO  c.o.v.MutatingMatchOneMarketDataOrderVisitor - [ORDERBOOK] Can't match order:Limit(side=BUY,orderId=5,price=43,quantity=1072)(MktData(price=98,quantity=154))
13:00:19.613 [main] INFO  c.o.v.MutatingMatchOneMarketDataOrderVisitor - [ORDERBOOK] Can't match order:Limit(side=BUY,orderId=7,price=43,quantity=4288)(MktData(price=98,quantity=154))
13:00:19.613 [main] INFO  c.o.v.MutatingMatchOneMarketDataOrderVisitor - [ORDERBOOK] Can't match order:Limit(side=BUY,orderId=9,price=43,quantity=17152)(MktData(price=98,quantity=154))
13:00:19.613 [main] INFO  c.o.v.MutatingMatchOneMarketDataOrderVisitor - [ORDERBOOK] Can't match order:Limit(side=BUY,orderId=11,price=43,quantity=68608)(MktData(price=98,quantity=154))
13:00:19.613 [main] INFO  c.o.v.MutatingMatchOneMarketDataOrderVisitor - [ORDERBOOK] Can't match order:Limit(side=BUY,orderId=12,price=43,quantity=137216)(MktData(price=98,quantity=154))
13:00:19.613 [main] INFO  c.o.v.MutatingMatchOneMarketDataOrderVisitor - [ORDERBOOK] Can't match order:Limit(side=BUY,orderId=13,price=43,quantity=274432)(MktData(price=98,quantity=154))
13:00:19.613 [main] INFO  c.o.v.MutatingMatchOneMarketDataOrderVisitor - [ORDERBOOK] Can't match order:Limit(side=BUY,orderId=14,price=43,quantity=548864)(MktData(price=98,quantity=154))
13:00:19.613 [main] INFO  c.o.v.MutatingMatchOneMarketDataOrderVisitor - [ORDERBOOK] Can't match order:Limit(side=BUY,orderId=15,price=43,quantity=1097728)(MktData(price=98,quantity=154))
13:00:19.613 [main] INFO  c.o.v.MutatingMatchOneMarketDataOrderVisitor - [ORDERBOOK] Can't match order:Limit(side=BUY,orderId=16,price=43,quantity=2195456)(MktData(price=98,quantity=154))
13:00:19.613 [main] INFO  c.o.v.MutatingMatchOneMarketDataOrderVisitor - [ORDERBOOK] Can't match order:MktData(price=43,quantity=134)(MktData(price=98,quantity=154))
13:00:19.613 [main] INFO  c.o.v.MutatingRemoveAllMarketDataOrdersVisitor - [ORDERBOOK] Removing market data order:MktData(price=98,quantity=501)
13:00:19.613 [main] INFO  c.o.v.MutatingRemoveAllMarketDataOrdersVisitor - [ORDERBOOK] Removing market data order:MktData(price=110,quantity=5000)
13:00:19.613 [main] INFO  c.o.v.MutatingRemoveAllMarketDataOrdersVisitor - [ORDERBOOK] Removing market data order:MktData(price=123,quantity=453)
13:00:19.613 [main] INFO  c.o.v.MutatingRemoveAllMarketDataOrdersVisitor - [ORDERBOOK] Removing market data order:MktData(price=167,quantity=665)
13:00:19.613 [main] DEBUG c.orderbook.OrderBook - [ORDERBOOK] ASK: Adding orderMktData(price=98,quantity=501)
13:00:19.613 [main] INFO  c.o.visitor.MutatingAddOrderVisitor - [ORDERBOOK] + Limit(side=SELL,orderId=17,price=98,quantity=501)
13:00:19.613 [main] DEBUG c.orderbook.OrderBook - [ORDERBOOK] ASK: Adding orderMktData(price=101,quantity=200)
13:00:19.613 [main] DEBUG c.orderbook.OrderBook - [ORDERBOOK] ASK: Adding orderMktData(price=110,quantity=5000)
13:00:19.613 [main] DEBUG c.orderbook.OrderBook - [ORDERBOOK] ASK: Adding orderMktData(price=119,quantity=5600)
13:00:19.613 [main] DEBUG c.orderbook.OrderBook - [ORDERBOOK] ASK: Adding orderMktData(price=123,quantity=453)
13:00:19.613 [main] DEBUG c.orderbook.OrderBook - [ORDERBOOK] ASK: Adding orderMktData(price=144,quantity=645)
13:00:19.613 [main] DEBUG c.orderbook.OrderBook - [ORDERBOOK] ASK: Adding orderMktData(price=167,quantity=665)
13:00:19.613 [main] DEBUG c.service.MarketDataService - [ALGO] BID: price:43 quantity:134
13:00:19.613 [main] DEBUG c.service.MarketDataService - [ALGO] BID: price:76 quantity:145
13:00:19.613 [main] DEBUG c.service.MarketDataService - [ALGO] BID: price:91 quantity:300
13:00:19.613 [main] DEBUG c.service.MarketDataService - [ALGO] BID: price:93 quantity:200
13:00:19.613 [main] DEBUG c.service.MarketDataService - [ALGO] BID: price:95 quantity:100
13:00:19.613 [main] DEBUG c.service.MarketDataService - [ALGO] BID: price:98 quantity:154
13:00:19.613 [main] DEBUG c.service.MarketDataService - [ALGO] ASK: price:98 quantity:501
13:00:19.613 [main] DEBUG c.service.MarketDataService - [ALGO] ASK: price:101 quantity:200
13:00:19.613 [main] DEBUG c.service.MarketDataService - [ALGO] ASK: price:110 quantity:5000
13:00:19.613 [main] DEBUG c.service.MarketDataService - [ALGO] ASK: price:119 quantity:5600
13:00:19.613 [main] DEBUG c.service.MarketDataService - [ALGO] ASK: price:123 quantity:453
13:00:19.613 [main] DEBUG c.service.MarketDataService - [ALGO] ASK: price:144 quantity:645
13:00:19.613 [main] DEBUG c.service.MarketDataService - [ALGO] ASK: price:167 quantity:665
13:00:19.613 [main] INFO  c.gettingstarted.MyAlgoLogic - [MYALGO] The state of the order book is:
|----BID-----||----ASK----|
    134 @ 43    501 @ 98
    145 @ 76   200 @ 101
    300 @ 91  5000 @ 110
    200 @ 93  5600 @ 119
    100 @ 95   453 @ 123
    154 @ 98   645 @ 144
          -    665 @ 167
|------------||-----------|

13:00:19.613 [main] INFO  c.gettingstarted.MyAlgoLogic - [MYALGO] Algo Sees Book as: 
|----BID-----||----ASK----|
    134 @ 43    501 @ 98
    145 @ 76   200 @ 101
    300 @ 91  5000 @ 110
    200 @ 93  5600 @ 119
    100 @ 95   453 @ 123
    154 @ 98   645 @ 144
          -    665 @ 167
|------------||-----------|

13:00:19.613 [main] INFO  c.gettingstarted.TimedLogic - [TIMEDLOGIC] Market is open
13:00:19.613 [main] INFO  c.sequencer.consumer.LoggingConsumer - [227] 
|----BID-----|
    134 @ 43
    145 @ 76
    300 @ 91
    200 @ 93
    100 @ 95
    154 @ 98
|----ASK-----|
    501 @ 98
   200 @ 101
  5000 @ 110
  5600 @ 119
   453 @ 123
   645 @ 144
   665 @ 167

13:00:19.613 [main] INFO  c.orderbook.OrderBook - [ORDERBOOK] Processing Mkt Data Update
13:00:19.613 [main] INFO  c.o.v.MutatingRemoveAllMarketDataOrdersVisitor - [ORDERBOOK] Removing market data order:MktData(price=43,quantity=134)
13:00:19.613 [main] DEBUG c.orderbook.OrderBook - [ORDERBOOK] ASK: Adding orderMktData(price=43,quantity=134)
13:00:19.613 [main] INFO  c.o.visitor.MutatingAddOrderVisitor - [ORDERBOOK] + Limit(side=BUY,orderId=16,price=43,quantity=2195456)
13:00:19.613 [main] DEBUG c.orderbook.OrderBook - [ORDERBOOK] ASK: Adding orderMktData(price=76,quantity=145)
13:00:19.613 [main] DEBUG c.orderbook.OrderBook - [ORDERBOOK] ASK: Adding orderMktData(price=91,quantity=300)
13:00:19.613 [main] DEBUG c.orderbook.OrderBook - [ORDERBOOK] ASK: Adding orderMktData(price=93,quantity=200)
13:00:19.613 [main] DEBUG c.orderbook.OrderBook - [ORDERBOOK] ASK: Adding orderMktData(price=95,quantity=100)
13:00:19.613 [main] DEBUG c.orderbook.OrderBook - [ORDERBOOK] ASK: Adding orderMktData(price=98,quantity=154)
13:00:19.613 [main] INFO  c.o.v.MutatingMatchOneMarketDataOrderVisitor - [ORDERBOOK] visiting LevelOrderBookLevel(price=43,quantity=4277146)
13:00:19.613 [main] INFO  c.o.v.MutatingMatchOneMarketDataOrderVisitor - [ORDERBOOK] Can't match order:Limit(side=BUY,orderId=3,price=43,quantity=268)(MktData(price=98,quantity=154))
13:00:19.613 [main] INFO  c.o.v.MutatingMatchOneMarketDataOrderVisitor - [ORDERBOOK] Can't match order:Limit(side=BUY,orderId=5,price=43,quantity=1072)(MktData(price=98,quantity=154))
13:00:19.613 [main] INFO  c.o.v.MutatingMatchOneMarketDataOrderVisitor - [ORDERBOOK] Can't match order:Limit(side=BUY,orderId=7,price=43,quantity=4288)(MktData(price=98,quantity=154))
13:00:19.613 [main] INFO  c.o.v.MutatingMatchOneMarketDataOrderVisitor - [ORDERBOOK] Can't match order:Limit(side=BUY,orderId=9,price=43,quantity=17152)(MktData(price=98,quantity=154))
13:00:19.613 [main] INFO  c.o.v.MutatingMatchOneMarketDataOrderVisitor - [ORDERBOOK] Can't match order:Limit(side=BUY,orderId=11,price=43,quantity=68608)(MktData(price=98,quantity=154))
13:00:19.613 [main] INFO  c.o.v.MutatingMatchOneMarketDataOrderVisitor - [ORDERBOOK] Can't match order:Limit(side=BUY,orderId=12,price=43,quantity=137216)(MktData(price=98,quantity=154))
13:00:19.613 [main] INFO  c.o.v.MutatingMatchOneMarketDataOrderVisitor - [ORDERBOOK] Can't match order:Limit(side=BUY,orderId=13,price=43,quantity=274432)(MktData(price=98,quantity=154))
13:00:19.613 [main] INFO  c.o.v.MutatingMatchOneMarketDataOrderVisitor - [ORDERBOOK] Can't match order:Limit(side=BUY,orderId=14,price=43,quantity=548864)(MktData(price=98,quantity=154))
13:00:19.621 [main] INFO  c.o.v.MutatingMatchOneMarketDataOrderVisitor - [ORDERBOOK] Can't match order:Limit(side=BUY,orderId=15,price=43,quantity=1097728)(MktData(price=98,quantity=154))
13:00:19.621 [main] INFO  c.o.v.MutatingMatchOneMarketDataOrderVisitor - [ORDERBOOK] Can't match order:Limit(side=BUY,orderId=16,price=43,quantity=2195456)(MktData(price=98,quantity=154))
13:00:19.621 [main] INFO  c.o.v.MutatingMatchOneMarketDataOrderVisitor - [ORDERBOOK] Can't match order:MktData(price=43,quantity=134)(MktData(price=98,quantity=154))
13:00:19.621 [main] INFO  c.o.v.MutatingRemoveAllMarketDataOrdersVisitor - [ORDERBOOK] Removing market data order:MktData(price=98,quantity=501)
13:00:19.621 [main] INFO  c.o.v.MutatingRemoveAllMarketDataOrdersVisitor - [ORDERBOOK] Removing market data order:MktData(price=110,quantity=5000)
13:00:19.621 [main] INFO  c.o.v.MutatingRemoveAllMarketDataOrdersVisitor - [ORDERBOOK] Removing market data order:MktData(price=123,quantity=453)
13:00:19.621 [main] INFO  c.o.v.MutatingRemoveAllMarketDataOrdersVisitor - [ORDERBOOK] Removing market data order:MktData(price=167,quantity=665)
13:00:19.621 [main] DEBUG c.orderbook.OrderBook - [ORDERBOOK] ASK: Adding orderMktData(price=98,quantity=501)
13:00:19.621 [main] INFO  c.o.visitor.MutatingAddOrderVisitor - [ORDERBOOK] + Limit(side=SELL,orderId=17,price=98,quantity=501)
13:00:19.621 [main] DEBUG c.orderbook.OrderBook - [ORDERBOOK] ASK: Adding orderMktData(price=101,quantity=200)
13:00:19.621 [main] DEBUG c.orderbook.OrderBook - [ORDERBOOK] ASK: Adding orderMktData(price=110,quantity=5000)
13:00:19.621 [main] DEBUG c.orderbook.OrderBook - [ORDERBOOK] ASK: Adding orderMktData(price=119,quantity=5600)
13:00:19.621 [main] DEBUG c.orderbook.OrderBook - [ORDERBOOK] ASK: Adding orderMktData(price=123,quantity=453)
13:00:19.621 [main] DEBUG c.orderbook.OrderBook - [ORDERBOOK] ASK: Adding orderMktData(price=144,quantity=645)
13:00:19.621 [main] DEBUG c.orderbook.OrderBook - [ORDERBOOK] ASK: Adding orderMktData(price=167,quantity=665)
13:00:19.621 [main] DEBUG c.service.MarketDataService - [ALGO] BID: price:43 quantity:134
13:00:19.621 [main] DEBUG c.service.MarketDataService - [ALGO] BID: price:76 quantity:145
13:00:19.621 [main] DEBUG c.service.MarketDataService - [ALGO] BID: price:91 quantity:300
13:00:19.621 [main] DEBUG c.service.MarketDataService - [ALGO] BID: price:93 quantity:200
13:00:19.621 [main] DEBUG c.service.MarketDataService - [ALGO] BID: price:95 quantity:100
13:00:19.621 [main] DEBUG c.service.MarketDataService - [ALGO] BID: price:98 quantity:154
13:00:19.621 [main] DEBUG c.service.MarketDataService - [ALGO] ASK: price:98 quantity:501
13:00:19.621 [main] DEBUG c.service.MarketDataService - [ALGO] ASK: price:101 quantity:200
13:00:19.621 [main] DEBUG c.service.MarketDataService - [ALGO] ASK: price:110 quantity:5000
13:00:19.621 [main] DEBUG c.service.MarketDataService - [ALGO] ASK: price:119 quantity:5600
13:00:19.621 [main] DEBUG c.service.MarketDataService - [ALGO] ASK: price:123 quantity:453
13:00:19.621 [main] DEBUG c.service.MarketDataService - [ALGO] ASK: price:144 quantity:645
13:00:19.621 [main] DEBUG c.service.MarketDataService - [ALGO] ASK: price:167 quantity:665
13:00:19.621 [main] INFO  c.gettingstarted.MyAlgoLogic - [MYALGO] The state of the order book is:
|----BID-----||----ASK----|
    134 @ 43    501 @ 98
    145 @ 76   200 @ 101
    300 @ 91  5000 @ 110
    200 @ 93  5600 @ 119
    100 @ 95   453 @ 123
    154 @ 98   645 @ 144
          -    665 @ 167
|------------||-----------|

13:00:19.621 [main] INFO  c.gettingstarted.MyAlgoLogic - [MYALGO] Algo Sees Book as: 
|----BID-----||----ASK----|
    134 @ 43    501 @ 98
    145 @ 76   200 @ 101
    300 @ 91  5000 @ 110
    200 @ 93  5600 @ 119
    100 @ 95   453 @ 123
    154 @ 98   645 @ 144
          -    665 @ 167
|------------||-----------|

13:00:19.621 [main] INFO  c.gettingstarted.TimedLogic - [TIMEDLOGIC] Market is open
13:00:19.621 [main] INFO  c.sequencer.consumer.LoggingConsumer - [228] 
|----BID-----|
    134 @ 43
    145 @ 76
    300 @ 91
    200 @ 93
    100 @ 95
    154 @ 98
|----ASK-----|
    501 @ 98
   200 @ 101
  5000 @ 110
  5600 @ 119
   453 @ 123
   645 @ 144
   665 @ 167

13:00:19.621 [main] INFO  c.orderbook.OrderBook - [ORDERBOOK] Processing Mkt Data Update
13:00:19.621 [main] INFO  c.o.v.MutatingRemoveAllMarketDataOrdersVisitor - [ORDERBOOK] Removing market data order:MktData(price=43,quantity=134)
13:00:19.621 [main] DEBUG c.orderbook.OrderBook - [ORDERBOOK] ASK: Adding orderMktData(price=43,quantity=134)
13:00:19.621 [main] INFO  c.o.visitor.MutatingAddOrderVisitor - [ORDERBOOK] + Limit(side=BUY,orderId=16,price=43,quantity=2195456)
13:00:19.621 [main] DEBUG c.orderbook.OrderBook - [ORDERBOOK] ASK: Adding orderMktData(price=76,quantity=145)
13:00:19.621 [main] DEBUG c.orderbook.OrderBook - [ORDERBOOK] ASK: Adding orderMktData(price=91,quantity=300)
13:00:19.621 [main] DEBUG c.orderbook.OrderBook - [ORDERBOOK] ASK: Adding orderMktData(price=93,quantity=200)
13:00:19.621 [main] DEBUG c.orderbook.OrderBook - [ORDERBOOK] ASK: Adding orderMktData(price=95,quantity=100)
13:00:19.621 [main] DEBUG c.orderbook.OrderBook - [ORDERBOOK] ASK: Adding orderMktData(price=98,quantity=154)
13:00:19.621 [main] INFO  c.o.v.MutatingMatchOneMarketDataOrderVisitor - [ORDERBOOK] visiting LevelOrderBookLevel(price=43,quantity=4277280)
13:00:19.621 [main] INFO  c.o.v.MutatingMatchOneMarketDataOrderVisitor - [ORDERBOOK] Can't match order:Limit(side=BUY,orderId=3,price=43,quantity=268)(MktData(price=98,quantity=154))
13:00:19.621 [main] INFO  c.o.v.MutatingMatchOneMarketDataOrderVisitor - [ORDERBOOK] Can't match order:Limit(side=BUY,orderId=5,price=43,quantity=1072)(MktData(price=98,quantity=154))
13:00:19.621 [main] INFO  c.o.v.MutatingMatchOneMarketDataOrderVisitor - [ORDERBOOK] Can't match order:Limit(side=BUY,orderId=7,price=43,quantity=4288)(MktData(price=98,quantity=154))
13:00:19.621 [main] INFO  c.o.v.MutatingMatchOneMarketDataOrderVisitor - [ORDERBOOK] Can't match order:Limit(side=BUY,orderId=9,price=43,quantity=17152)(MktData(price=98,quantity=154))
13:00:19.621 [main] INFO  c.o.v.MutatingMatchOneMarketDataOrderVisitor - [ORDERBOOK] Can't match order:Limit(side=BUY,orderId=11,price=43,quantity=68608)(MktData(price=98,quantity=154))
13:00:19.621 [main] INFO  c.o.v.MutatingMatchOneMarketDataOrderVisitor - [ORDERBOOK] Can't match order:Limit(side=BUY,orderId=12,price=43,quantity=137216)(MktData(price=98,quantity=154))
13:00:19.621 [main] INFO  c.o.v.MutatingMatchOneMarketDataOrderVisitor - [ORDERBOOK] Can't match order:Limit(side=BUY,orderId=13,price=43,quantity=274432)(MktData(price=98,quantity=154))
13:00:19.621 [main] INFO  c.o.v.MutatingMatchOneMarketDataOrderVisitor - [ORDERBOOK] Can't match order:Limit(side=BUY,orderId=14,price=43,quantity=548864)(MktData(price=98,quantity=154))
13:00:19.621 [main] INFO  c.o.v.MutatingMatchOneMarketDataOrderVisitor - [ORDERBOOK] Can't match order:Limit(side=BUY,orderId=15,price=43,quantity=1097728)(MktData(price=98,quantity=154))
13:00:19.621 [main] INFO  c.o.v.MutatingMatchOneMarketDataOrderVisitor - [ORDERBOOK] Can't match order:Limit(side=BUY,orderId=16,price=43,quantity=2195456)(MktData(price=98,quantity=154))
13:00:19.621 [main] INFO  c.o.v.MutatingMatchOneMarketDataOrderVisitor - [ORDERBOOK] Can't match order:MktData(price=43,quantity=134)(MktData(price=98,quantity=154))
13:00:19.621 [main] INFO  c.o.v.MutatingRemoveAllMarketDataOrdersVisitor - [ORDERBOOK] Removing market data order:MktData(price=98,quantity=501)
13:00:19.621 [main] INFO  c.o.v.MutatingRemoveAllMarketDataOrdersVisitor - [ORDERBOOK] Removing market data order:MktData(price=110,quantity=5000)
13:00:19.621 [main] INFO  c.o.v.MutatingRemoveAllMarketDataOrdersVisitor - [ORDERBOOK] Removing market data order:MktData(price=123,quantity=453)
13:00:19.621 [main] INFO  c.o.v.MutatingRemoveAllMarketDataOrdersVisitor - [ORDERBOOK] Removing market data order:MktData(price=167,quantity=665)
13:00:19.621 [main] DEBUG c.orderbook.OrderBook - [ORDERBOOK] ASK: Adding orderMktData(price=98,quantity=501)
13:00:19.621 [main] INFO  c.o.visitor.MutatingAddOrderVisitor - [ORDERBOOK] + Limit(side=SELL,orderId=17,price=98,quantity=501)
13:00:19.621 [main] DEBUG c.orderbook.OrderBook - [ORDERBOOK] ASK: Adding orderMktData(price=101,quantity=200)
13:00:19.621 [main] DEBUG c.orderbook.OrderBook - [ORDERBOOK] ASK: Adding orderMktData(price=110,quantity=5000)
13:00:19.621 [main] DEBUG c.orderbook.OrderBook - [ORDERBOOK] ASK: Adding orderMktData(price=119,quantity=5600)
13:00:19.621 [main] DEBUG c.orderbook.OrderBook - [ORDERBOOK] ASK: Adding orderMktData(price=123,quantity=453)
13:00:19.621 [main] DEBUG c.orderbook.OrderBook - [ORDERBOOK] ASK: Adding orderMktData(price=144,quantity=645)
13:00:19.621 [main] DEBUG c.orderbook.OrderBook - [ORDERBOOK] ASK: Adding orderMktData(price=167,quantity=665)
13:00:19.621 [main] DEBUG c.service.MarketDataService - [ALGO] BID: price:43 quantity:134
13:00:19.621 [main] DEBUG c.service.MarketDataService - [ALGO] BID: price:76 quantity:145
13:00:19.621 [main] DEBUG c.service.MarketDataService - [ALGO] BID: price:91 quantity:300
13:00:19.621 [main] DEBUG c.service.MarketDataService - [ALGO] BID: price:93 quantity:200
13:00:19.621 [main] DEBUG c.service.MarketDataService - [ALGO] BID: price:95 quantity:100
13:00:19.621 [main] DEBUG c.service.MarketDataService - [ALGO] BID: price:98 quantity:154
13:00:19.621 [main] DEBUG c.service.MarketDataService - [ALGO] ASK: price:98 quantity:501
13:00:19.621 [main] DEBUG c.service.MarketDataService - [ALGO] ASK: price:101 quantity:200
13:00:19.621 [main] DEBUG c.service.MarketDataService - [ALGO] ASK: price:110 quantity:5000
13:00:19.621 [main] DEBUG c.service.MarketDataService - [ALGO] ASK: price:119 quantity:5600
13:00:19.621 [main] DEBUG c.service.MarketDataService - [ALGO] ASK: price:123 quantity:453
13:00:19.621 [main] DEBUG c.service.MarketDataService - [ALGO] ASK: price:144 quantity:645
13:00:19.621 [main] DEBUG c.service.MarketDataService - [ALGO] ASK: price:167 quantity:665
13:00:19.621 [main] INFO  c.gettingstarted.MyAlgoLogic - [MYALGO] The state of the order book is:
|----BID-----||----ASK----|
    134 @ 43    501 @ 98
    145 @ 76   200 @ 101
    300 @ 91  5000 @ 110
    200 @ 93  5600 @ 119
    100 @ 95   453 @ 123
    154 @ 98   645 @ 144
          -    665 @ 167
|------------||-----------|

13:00:19.621 [main] INFO  c.gettingstarted.MyAlgoLogic - [MYALGO] Algo Sees Book as: 
|----BID-----||----ASK----|
    134 @ 43    501 @ 98
    145 @ 76   200 @ 101
    300 @ 91  5000 @ 110
    200 @ 93  5600 @ 119
    100 @ 95   453 @ 123
    154 @ 98   645 @ 144
          -    665 @ 167
|------------||-----------|

13:00:19.621 [main] INFO  c.gettingstarted.TimedLogic - [TIMEDLOGIC] Market is open
13:00:19.621 [main] INFO  c.sequencer.consumer.LoggingConsumer - [229] 
|----BID-----|
    134 @ 43
    145 @ 76
    300 @ 91
    200 @ 93
    100 @ 95
    154 @ 98
|----ASK-----|
    501 @ 98
   200 @ 101
  5000 @ 110
  5600 @ 119
   453 @ 123
   645 @ 144
   665 @ 167

13:00:19.621 [main] INFO  c.orderbook.OrderBook - [ORDERBOOK] Processing Mkt Data Update
13:00:19.621 [main] INFO  c.o.v.MutatingRemoveAllMarketDataOrdersVisitor - [ORDERBOOK] Removing market data order:MktData(price=43,quantity=134)
13:00:19.621 [main] DEBUG c.orderbook.OrderBook - [ORDERBOOK] ASK: Adding orderMktData(price=43,quantity=134)
13:00:19.621 [main] INFO  c.o.visitor.MutatingAddOrderVisitor - [ORDERBOOK] + Limit(side=BUY,orderId=16,price=43,quantity=2195456)
13:00:19.621 [main] DEBUG c.orderbook.OrderBook - [ORDERBOOK] ASK: Adding orderMktData(price=76,quantity=145)
13:00:19.621 [main] DEBUG c.orderbook.OrderBook - [ORDERBOOK] ASK: Adding orderMktData(price=91,quantity=300)
13:00:19.621 [main] DEBUG c.orderbook.OrderBook - [ORDERBOOK] ASK: Adding orderMktData(price=93,quantity=200)
13:00:19.621 [main] DEBUG c.orderbook.OrderBook - [ORDERBOOK] ASK: Adding orderMktData(price=95,quantity=100)
13:00:19.621 [main] DEBUG c.orderbook.OrderBook - [ORDERBOOK] ASK: Adding orderMktData(price=98,quantity=154)
13:00:19.621 [main] INFO  c.o.v.MutatingMatchOneMarketDataOrderVisitor - [ORDERBOOK] visiting LevelOrderBookLevel(price=43,quantity=4277414)
13:00:19.621 [main] INFO  c.o.v.MutatingMatchOneMarketDataOrderVisitor - [ORDERBOOK] Can't match order:Limit(side=BUY,orderId=3,price=43,quantity=268)(MktData(price=98,quantity=154))
13:00:19.621 [main] INFO  c.o.v.MutatingMatchOneMarketDataOrderVisitor - [ORDERBOOK] Can't match order:Limit(side=BUY,orderId=5,price=43,quantity=1072)(MktData(price=98,quantity=154))
13:00:19.621 [main] INFO  c.o.v.MutatingMatchOneMarketDataOrderVisitor - [ORDERBOOK] Can't match order:Limit(side=BUY,orderId=7,price=43,quantity=4288)(MktData(price=98,quantity=154))
13:00:19.621 [main] INFO  c.o.v.MutatingMatchOneMarketDataOrderVisitor - [ORDERBOOK] Can't match order:Limit(side=BUY,orderId=9,price=43,quantity=17152)(MktData(price=98,quantity=154))
13:00:19.621 [main] INFO  c.o.v.MutatingMatchOneMarketDataOrderVisitor - [ORDERBOOK] Can't match order:Limit(side=BUY,orderId=11,price=43,quantity=68608)(MktData(price=98,quantity=154))
13:00:19.621 [main] INFO  c.o.v.MutatingMatchOneMarketDataOrderVisitor - [ORDERBOOK] Can't match order:Limit(side=BUY,orderId=12,price=43,quantity=137216)(MktData(price=98,quantity=154))
13:00:19.621 [main] INFO  c.o.v.MutatingMatchOneMarketDataOrderVisitor - [ORDERBOOK] Can't match order:Limit(side=BUY,orderId=13,price=43,quantity=274432)(MktData(price=98,quantity=154))
13:00:19.621 [main] INFO  c.o.v.MutatingMatchOneMarketDataOrderVisitor - [ORDERBOOK] Can't match order:Limit(side=BUY,orderId=14,price=43,quantity=548864)(MktData(price=98,quantity=154))
13:00:19.621 [main] INFO  c.o.v.MutatingMatchOneMarketDataOrderVisitor - [ORDERBOOK] Can't match order:Limit(side=BUY,orderId=15,price=43,quantity=1097728)(MktData(price=98,quantity=154))
13:00:19.621 [main] INFO  c.o.v.MutatingMatchOneMarketDataOrderVisitor - [ORDERBOOK] Can't match order:Limit(side=BUY,orderId=16,price=43,quantity=2195456)(MktData(price=98,quantity=154))
13:00:19.621 [main] INFO  c.o.v.MutatingMatchOneMarketDataOrderVisitor - [ORDERBOOK] Can't match order:MktData(price=43,quantity=134)(MktData(price=98,quantity=154))
13:00:19.621 [main] INFO  c.o.v.MutatingRemoveAllMarketDataOrdersVisitor - [ORDERBOOK] Removing market data order:MktData(price=98,quantity=501)
13:00:19.621 [main] INFO  c.o.v.MutatingRemoveAllMarketDataOrdersVisitor - [ORDERBOOK] Removing market data order:MktData(price=110,quantity=5000)
13:00:19.621 [main] INFO  c.o.v.MutatingRemoveAllMarketDataOrdersVisitor - [ORDERBOOK] Removing market data order:MktData(price=123,quantity=453)
13:00:19.621 [main] INFO  c.o.v.MutatingRemoveAllMarketDataOrdersVisitor - [ORDERBOOK] Removing market data order:MktData(price=167,quantity=665)
13:00:19.621 [main] DEBUG c.orderbook.OrderBook - [ORDERBOOK] ASK: Adding orderMktData(price=98,quantity=501)
13:00:19.621 [main] INFO  c.o.visitor.MutatingAddOrderVisitor - [ORDERBOOK] + Limit(side=SELL,orderId=17,price=98,quantity=501)
13:00:19.621 [main] DEBUG c.orderbook.OrderBook - [ORDERBOOK] ASK: Adding orderMktData(price=101,quantity=200)
13:00:19.621 [main] DEBUG c.orderbook.OrderBook - [ORDERBOOK] ASK: Adding orderMktData(price=110,quantity=5000)
13:00:19.621 [main] DEBUG c.orderbook.OrderBook - [ORDERBOOK] ASK: Adding orderMktData(price=119,quantity=5600)
13:00:19.621 [main] DEBUG c.orderbook.OrderBook - [ORDERBOOK] ASK: Adding orderMktData(price=123,quantity=453)
13:00:19.621 [main] DEBUG c.orderbook.OrderBook - [ORDERBOOK] ASK: Adding orderMktData(price=144,quantity=645)
13:00:19.621 [main] DEBUG c.orderbook.OrderBook - [ORDERBOOK] ASK: Adding orderMktData(price=167,quantity=665)
13:00:19.621 [main] DEBUG c.service.MarketDataService - [ALGO] BID: price:43 quantity:134
13:00:19.621 [main] DEBUG c.service.MarketDataService - [ALGO] BID: price:76 quantity:145
13:00:19.621 [main] DEBUG c.service.MarketDataService - [ALGO] BID: price:91 quantity:300
13:00:19.621 [main] DEBUG c.service.MarketDataService - [ALGO] BID: price:93 quantity:200
13:00:19.621 [main] DEBUG c.service.MarketDataService - [ALGO] BID: price:95 quantity:100
13:00:19.621 [main] DEBUG c.service.MarketDataService - [ALGO] BID: price:98 quantity:154
13:00:19.621 [main] DEBUG c.service.MarketDataService - [ALGO] ASK: price:98 quantity:501
13:00:19.621 [main] DEBUG c.service.MarketDataService - [ALGO] ASK: price:101 quantity:200
13:00:19.621 [main] DEBUG c.service.MarketDataService - [ALGO] ASK: price:110 quantity:5000
13:00:19.621 [main] DEBUG c.service.MarketDataService - [ALGO] ASK: price:119 quantity:5600
13:00:19.621 [main] DEBUG c.service.MarketDataService - [ALGO] ASK: price:123 quantity:453
13:00:19.621 [main] DEBUG c.service.MarketDataService - [ALGO] ASK: price:144 quantity:645
13:00:19.621 [main] DEBUG c.service.MarketDataService - [ALGO] ASK: price:167 quantity:665
13:00:19.621 [main] INFO  c.gettingstarted.MyAlgoLogic - [MYALGO] The state of the order book is:
|----BID-----||----ASK----|
    134 @ 43    501 @ 98
    145 @ 76   200 @ 101
    300 @ 91  5000 @ 110
    200 @ 93  5600 @ 119
    100 @ 95   453 @ 123
    154 @ 98   645 @ 144
          -    665 @ 167
|------------||-----------|

13:00:19.621 [main] INFO  c.gettingstarted.MyAlgoLogic - [MYALGO] Algo Sees Book as: 
|----BID-----||----ASK----|
    134 @ 43    501 @ 98
    145 @ 76   200 @ 101
    300 @ 91  5000 @ 110
    200 @ 93  5600 @ 119
    100 @ 95   453 @ 123
    154 @ 98   645 @ 144
          -    665 @ 167
|------------||-----------|

13:00:19.621 [main] INFO  c.gettingstarted.TimedLogic - [TIMEDLOGIC] Market is open
13:00:19.621 [main] INFO  c.sequencer.consumer.LoggingConsumer - [230] 
|----BID-----|
    134 @ 43
    145 @ 76
    300 @ 91
    200 @ 93
    100 @ 95
    154 @ 98
|----ASK-----|
    501 @ 98
   200 @ 101
  5000 @ 110
  5600 @ 119
   453 @ 123
   645 @ 144
   665 @ 167

13:00:19.621 [main] INFO  c.orderbook.OrderBook - [ORDERBOOK] Processing Mkt Data Update
13:00:19.621 [main] INFO  c.o.v.MutatingRemoveAllMarketDataOrdersVisitor - [ORDERBOOK] Removing market data order:MktData(price=43,quantity=134)
13:00:19.621 [main] DEBUG c.orderbook.OrderBook - [ORDERBOOK] ASK: Adding orderMktData(price=43,quantity=134)
13:00:19.621 [main] INFO  c.o.visitor.MutatingAddOrderVisitor - [ORDERBOOK] + Limit(side=BUY,orderId=16,price=43,quantity=2195456)
13:00:19.621 [main] DEBUG c.orderbook.OrderBook - [ORDERBOOK] ASK: Adding orderMktData(price=76,quantity=145)
13:00:19.621 [main] DEBUG c.orderbook.OrderBook - [ORDERBOOK] ASK: Adding orderMktData(price=91,quantity=300)
13:00:19.621 [main] DEBUG c.orderbook.OrderBook - [ORDERBOOK] ASK: Adding orderMktData(price=93,quantity=200)
13:00:19.621 [main] DEBUG c.orderbook.OrderBook - [ORDERBOOK] ASK: Adding orderMktData(price=95,quantity=100)
13:00:19.621 [main] DEBUG c.orderbook.OrderBook - [ORDERBOOK] ASK: Adding orderMktData(price=98,quantity=154)
13:00:19.621 [main] INFO  c.o.v.MutatingMatchOneMarketDataOrderVisitor - [ORDERBOOK] visiting LevelOrderBookLevel(price=43,quantity=4277548)
13:00:19.621 [main] INFO  c.o.v.MutatingMatchOneMarketDataOrderVisitor - [ORDERBOOK] Can't match order:Limit(side=BUY,orderId=3,price=43,quantity=268)(MktData(price=98,quantity=154))
13:00:19.621 [main] INFO  c.o.v.MutatingMatchOneMarketDataOrderVisitor - [ORDERBOOK] Can't match order:Limit(side=BUY,orderId=5,price=43,quantity=1072)(MktData(price=98,quantity=154))
13:00:19.621 [main] INFO  c.o.v.MutatingMatchOneMarketDataOrderVisitor - [ORDERBOOK] Can't match order:Limit(side=BUY,orderId=7,price=43,quantity=4288)(MktData(price=98,quantity=154))
13:00:19.621 [main] INFO  c.o.v.MutatingMatchOneMarketDataOrderVisitor - [ORDERBOOK] Can't match order:Limit(side=BUY,orderId=9,price=43,quantity=17152)(MktData(price=98,quantity=154))
13:00:19.621 [main] INFO  c.o.v.MutatingMatchOneMarketDataOrderVisitor - [ORDERBOOK] Can't match order:Limit(side=BUY,orderId=11,price=43,quantity=68608)(MktData(price=98,quantity=154))
13:00:19.621 [main] INFO  c.o.v.MutatingMatchOneMarketDataOrderVisitor - [ORDERBOOK] Can't match order:Limit(side=BUY,orderId=12,price=43,quantity=137216)(MktData(price=98,quantity=154))
13:00:19.621 [main] INFO  c.o.v.MutatingMatchOneMarketDataOrderVisitor - [ORDERBOOK] Can't match order:Limit(side=BUY,orderId=13,price=43,quantity=274432)(MktData(price=98,quantity=154))
13:00:19.621 [main] INFO  c.o.v.MutatingMatchOneMarketDataOrderVisitor - [ORDERBOOK] Can't match order:Limit(side=BUY,orderId=14,price=43,quantity=548864)(MktData(price=98,quantity=154))
13:00:19.621 [main] INFO  c.o.v.MutatingMatchOneMarketDataOrderVisitor - [ORDERBOOK] Can't match order:Limit(side=BUY,orderId=15,price=43,quantity=1097728)(MktData(price=98,quantity=154))
13:00:19.621 [main] INFO  c.o.v.MutatingMatchOneMarketDataOrderVisitor - [ORDERBOOK] Can't match order:Limit(side=BUY,orderId=16,price=43,quantity=2195456)(MktData(price=98,quantity=154))
13:00:19.621 [main] INFO  c.o.v.MutatingMatchOneMarketDataOrderVisitor - [ORDERBOOK] Can't match order:MktData(price=43,quantity=134)(MktData(price=98,quantity=154))
13:00:19.621 [main] INFO  c.o.v.MutatingRemoveAllMarketDataOrdersVisitor - [ORDERBOOK] Removing market data order:MktData(price=98,quantity=501)
13:00:19.623 [main] INFO  c.o.v.MutatingRemoveAllMarketDataOrdersVisitor - [ORDERBOOK] Removing market data order:MktData(price=110,quantity=5000)
13:00:19.623 [main] INFO  c.o.v.MutatingRemoveAllMarketDataOrdersVisitor - [ORDERBOOK] Removing market data order:MktData(price=123,quantity=453)
13:00:19.623 [main] INFO  c.o.v.MutatingRemoveAllMarketDataOrdersVisitor - [ORDERBOOK] Removing market data order:MktData(price=167,quantity=665)
13:00:19.623 [main] DEBUG c.orderbook.OrderBook - [ORDERBOOK] ASK: Adding orderMktData(price=98,quantity=501)
13:00:19.623 [main] INFO  c.o.visitor.MutatingAddOrderVisitor - [ORDERBOOK] + Limit(side=SELL,orderId=17,price=98,quantity=501)
13:00:19.623 [main] DEBUG c.orderbook.OrderBook - [ORDERBOOK] ASK: Adding orderMktData(price=101,quantity=200)
13:00:19.623 [main] DEBUG c.orderbook.OrderBook - [ORDERBOOK] ASK: Adding orderMktData(price=110,quantity=5000)
13:00:19.623 [main] DEBUG c.orderbook.OrderBook - [ORDERBOOK] ASK: Adding orderMktData(price=119,quantity=5600)
13:00:19.623 [main] DEBUG c.orderbook.OrderBook - [ORDERBOOK] ASK: Adding orderMktData(price=123,quantity=453)
13:00:19.623 [main] DEBUG c.orderbook.OrderBook - [ORDERBOOK] ASK: Adding orderMktData(price=144,quantity=645)
13:00:19.623 [main] DEBUG c.orderbook.OrderBook - [ORDERBOOK] ASK: Adding orderMktData(price=167,quantity=665)
13:00:19.623 [main] DEBUG c.service.MarketDataService - [ALGO] BID: price:43 quantity:134
13:00:19.623 [main] DEBUG c.service.MarketDataService - [ALGO] BID: price:76 quantity:145
13:00:19.623 [main] DEBUG c.service.MarketDataService - [ALGO] BID: price:91 quantity:300
13:00:19.623 [main] DEBUG c.service.MarketDataService - [ALGO] BID: price:93 quantity:200
13:00:19.623 [main] DEBUG c.service.MarketDataService - [ALGO] BID: price:95 quantity:100
13:00:19.623 [main] DEBUG c.service.MarketDataService - [ALGO] BID: price:98 quantity:154
13:00:19.623 [main] DEBUG c.service.MarketDataService - [ALGO] ASK: price:98 quantity:501
13:00:19.623 [main] DEBUG c.service.MarketDataService - [ALGO] ASK: price:101 quantity:200
13:00:19.623 [main] DEBUG c.service.MarketDataService - [ALGO] ASK: price:110 quantity:5000
13:00:19.623 [main] DEBUG c.service.MarketDataService - [ALGO] ASK: price:119 quantity:5600
13:00:19.623 [main] DEBUG c.service.MarketDataService - [ALGO] ASK: price:123 quantity:453
13:00:19.623 [main] DEBUG c.service.MarketDataService - [ALGO] ASK: price:144 quantity:645
13:00:19.623 [main] DEBUG c.service.MarketDataService - [ALGO] ASK: price:167 quantity:665
13:00:19.623 [main] INFO  c.gettingstarted.MyAlgoLogic - [MYALGO] The state of the order book is:
|----BID-----||----ASK----|
    134 @ 43    501 @ 98
    145 @ 76   200 @ 101
    300 @ 91  5000 @ 110
    200 @ 93  5600 @ 119
    100 @ 95   453 @ 123
    154 @ 98   645 @ 144
          -    665 @ 167
|------------||-----------|

13:00:19.623 [main] INFO  c.gettingstarted.MyAlgoLogic - [MYALGO] Algo Sees Book as: 
|----BID-----||----ASK----|
    134 @ 43    501 @ 98
    145 @ 76   200 @ 101
    300 @ 91  5000 @ 110
    200 @ 93  5600 @ 119
    100 @ 95   453 @ 123
    154 @ 98   645 @ 144
          -    665 @ 167
|------------||-----------|

13:00:19.623 [main] INFO  c.gettingstarted.TimedLogic - [TIMEDLOGIC] Market is open
13:00:19.623 [main] INFO  c.sequencer.consumer.LoggingConsumer - [231] 
|----BID-----|
    134 @ 43
    145 @ 76
    300 @ 91
    200 @ 93
    100 @ 95
    154 @ 98
|----ASK-----|
    501 @ 98
   200 @ 101
  5000 @ 110
  5600 @ 119
   453 @ 123
   645 @ 144
   665 @ 167

13:00:19.623 [main] INFO  c.orderbook.OrderBook - [ORDERBOOK] Processing Mkt Data Update
13:00:19.623 [main] INFO  c.o.v.MutatingRemoveAllMarketDataOrdersVisitor - [ORDERBOOK] Removing market data order:MktData(price=43,quantity=134)
13:00:19.623 [main] DEBUG c.orderbook.OrderBook - [ORDERBOOK] ASK: Adding orderMktData(price=43,quantity=134)
13:00:19.623 [main] INFO  c.o.visitor.MutatingAddOrderVisitor - [ORDERBOOK] + Limit(side=BUY,orderId=16,price=43,quantity=2195456)
13:00:19.623 [main] DEBUG c.orderbook.OrderBook - [ORDERBOOK] ASK: Adding orderMktData(price=76,quantity=145)
13:00:19.623 [main] DEBUG c.orderbook.OrderBook - [ORDERBOOK] ASK: Adding orderMktData(price=91,quantity=300)
13:00:19.623 [main] DEBUG c.orderbook.OrderBook - [ORDERBOOK] ASK: Adding orderMktData(price=93,quantity=200)
13:00:19.623 [main] DEBUG c.orderbook.OrderBook - [ORDERBOOK] ASK: Adding orderMktData(price=95,quantity=100)
13:00:19.623 [main] DEBUG c.orderbook.OrderBook - [ORDERBOOK] ASK: Adding orderMktData(price=98,quantity=154)
13:00:19.623 [main] INFO  c.o.v.MutatingMatchOneMarketDataOrderVisitor - [ORDERBOOK] visiting LevelOrderBookLevel(price=43,quantity=4277682)
13:00:19.623 [main] INFO  c.o.v.MutatingMatchOneMarketDataOrderVisitor - [ORDERBOOK] Can't match order:Limit(side=BUY,orderId=3,price=43,quantity=268)(MktData(price=98,quantity=154))
13:00:19.623 [main] INFO  c.o.v.MutatingMatchOneMarketDataOrderVisitor - [ORDERBOOK] Can't match order:Limit(side=BUY,orderId=5,price=43,quantity=1072)(MktData(price=98,quantity=154))
13:00:19.623 [main] INFO  c.o.v.MutatingMatchOneMarketDataOrderVisitor - [ORDERBOOK] Can't match order:Limit(side=BUY,orderId=7,price=43,quantity=4288)(MktData(price=98,quantity=154))
13:00:19.623 [main] INFO  c.o.v.MutatingMatchOneMarketDataOrderVisitor - [ORDERBOOK] Can't match order:Limit(side=BUY,orderId=9,price=43,quantity=17152)(MktData(price=98,quantity=154))
13:00:19.623 [main] INFO  c.o.v.MutatingMatchOneMarketDataOrderVisitor - [ORDERBOOK] Can't match order:Limit(side=BUY,orderId=11,price=43,quantity=68608)(MktData(price=98,quantity=154))
13:00:19.623 [main] INFO  c.o.v.MutatingMatchOneMarketDataOrderVisitor - [ORDERBOOK] Can't match order:Limit(side=BUY,orderId=12,price=43,quantity=137216)(MktData(price=98,quantity=154))
13:00:19.623 [main] INFO  c.o.v.MutatingMatchOneMarketDataOrderVisitor - [ORDERBOOK] Can't match order:Limit(side=BUY,orderId=13,price=43,quantity=274432)(MktData(price=98,quantity=154))
13:00:19.623 [main] INFO  c.o.v.MutatingMatchOneMarketDataOrderVisitor - [ORDERBOOK] Can't match order:Limit(side=BUY,orderId=14,price=43,quantity=548864)(MktData(price=98,quantity=154))
13:00:19.623 [main] INFO  c.o.v.MutatingMatchOneMarketDataOrderVisitor - [ORDERBOOK] Can't match order:Limit(side=BUY,orderId=15,price=43,quantity=1097728)(MktData(price=98,quantity=154))
13:00:19.623 [main] INFO  c.o.v.MutatingMatchOneMarketDataOrderVisitor - [ORDERBOOK] Can't match order:Limit(side=BUY,orderId=16,price=43,quantity=2195456)(MktData(price=98,quantity=154))
13:00:19.623 [main] INFO  c.o.v.MutatingMatchOneMarketDataOrderVisitor - [ORDERBOOK] Can't match order:MktData(price=43,quantity=134)(MktData(price=98,quantity=154))
13:00:19.623 [main] INFO  c.o.v.MutatingRemoveAllMarketDataOrdersVisitor - [ORDERBOOK] Removing market data order:MktData(price=98,quantity=501)
13:00:19.623 [main] INFO  c.o.v.MutatingRemoveAllMarketDataOrdersVisitor - [ORDERBOOK] Removing market data order:MktData(price=110,quantity=5000)
13:00:19.623 [main] INFO  c.o.v.MutatingRemoveAllMarketDataOrdersVisitor - [ORDERBOOK] Removing market data order:MktData(price=123,quantity=453)
13:00:19.623 [main] INFO  c.o.v.MutatingRemoveAllMarketDataOrdersVisitor - [ORDERBOOK] Removing market data order:MktData(price=167,quantity=665)
13:00:19.623 [main] DEBUG c.orderbook.OrderBook - [ORDERBOOK] ASK: Adding orderMktData(price=98,quantity=501)
13:00:19.623 [main] INFO  c.o.visitor.MutatingAddOrderVisitor - [ORDERBOOK] + Limit(side=SELL,orderId=17,price=98,quantity=501)
13:00:19.623 [main] DEBUG c.orderbook.OrderBook - [ORDERBOOK] ASK: Adding orderMktData(price=101,quantity=200)
13:00:19.623 [main] DEBUG c.orderbook.OrderBook - [ORDERBOOK] ASK: Adding orderMktData(price=110,quantity=5000)
13:00:19.623 [main] DEBUG c.orderbook.OrderBook - [ORDERBOOK] ASK: Adding orderMktData(price=119,quantity=5600)
13:00:19.623 [main] DEBUG c.orderbook.OrderBook - [ORDERBOOK] ASK: Adding orderMktData(price=123,quantity=453)
13:00:19.623 [main] DEBUG c.orderbook.OrderBook - [ORDERBOOK] ASK: Adding orderMktData(price=144,quantity=645)
13:00:19.623 [main] DEBUG c.orderbook.OrderBook - [ORDERBOOK] ASK: Adding orderMktData(price=167,quantity=665)
13:00:19.623 [main] DEBUG c.service.MarketDataService - [ALGO] BID: price:43 quantity:134
13:00:19.623 [main] DEBUG c.service.MarketDataService - [ALGO] BID: price:76 quantity:145
13:00:19.623 [main] DEBUG c.service.MarketDataService - [ALGO] BID: price:91 quantity:300
13:00:19.623 [main] DEBUG c.service.MarketDataService - [ALGO] BID: price:93 quantity:200
13:00:19.623 [main] DEBUG c.service.MarketDataService - [ALGO] BID: price:95 quantity:100
13:00:19.623 [main] DEBUG c.service.MarketDataService - [ALGO] BID: price:98 quantity:154
13:00:19.623 [main] DEBUG c.service.MarketDataService - [ALGO] ASK: price:98 quantity:501
13:00:19.623 [main] DEBUG c.service.MarketDataService - [ALGO] ASK: price:101 quantity:200
13:00:19.623 [main] DEBUG c.service.MarketDataService - [ALGO] ASK: price:110 quantity:5000
13:00:19.623 [main] DEBUG c.service.MarketDataService - [ALGO] ASK: price:119 quantity:5600
13:00:19.623 [main] DEBUG c.service.MarketDataService - [ALGO] ASK: price:123 quantity:453
13:00:19.623 [main] DEBUG c.service.MarketDataService - [ALGO] ASK: price:144 quantity:645
13:00:19.623 [main] DEBUG c.service.MarketDataService - [ALGO] ASK: price:167 quantity:665
13:00:19.623 [main] INFO  c.gettingstarted.MyAlgoLogic - [MYALGO] The state of the order book is:
|----BID-----||----ASK----|
    134 @ 43    501 @ 98
    145 @ 76   200 @ 101
    300 @ 91  5000 @ 110
    200 @ 93  5600 @ 119
    100 @ 95   453 @ 123
    154 @ 98   645 @ 144
          -    665 @ 167
|------------||-----------|

13:00:19.623 [main] INFO  c.gettingstarted.MyAlgoLogic - [MYALGO] Algo Sees Book as: 
|----BID-----||----ASK----|
    134 @ 43    501 @ 98
    145 @ 76   200 @ 101
    300 @ 91  5000 @ 110
    200 @ 93  5600 @ 119
    100 @ 95   453 @ 123
    154 @ 98   645 @ 144
          -    665 @ 167
|------------||-----------|

13:00:19.623 [main] INFO  c.gettingstarted.TimedLogic - [TIMEDLOGIC] Market is open
13:00:19.623 [main] INFO  c.sequencer.consumer.LoggingConsumer - [232] 
|----BID-----|
    134 @ 43
    145 @ 76
    300 @ 91
    200 @ 93
    100 @ 95
    154 @ 98
|----ASK-----|
    501 @ 98
   200 @ 101
  5000 @ 110
  5600 @ 119
   453 @ 123
   645 @ 144
   665 @ 167

13:00:19.623 [main] INFO  c.orderbook.OrderBook - [ORDERBOOK] Processing Mkt Data Update
13:00:19.623 [main] INFO  c.o.v.MutatingRemoveAllMarketDataOrdersVisitor - [ORDERBOOK] Removing market data order:MktData(price=43,quantity=134)
13:00:19.623 [main] DEBUG c.orderbook.OrderBook - [ORDERBOOK] ASK: Adding orderMktData(price=43,quantity=134)
13:00:19.623 [main] INFO  c.o.visitor.MutatingAddOrderVisitor - [ORDERBOOK] + Limit(side=BUY,orderId=16,price=43,quantity=2195456)
13:00:19.623 [main] DEBUG c.orderbook.OrderBook - [ORDERBOOK] ASK: Adding orderMktData(price=76,quantity=145)
13:00:19.623 [main] DEBUG c.orderbook.OrderBook - [ORDERBOOK] ASK: Adding orderMktData(price=91,quantity=300)
13:00:19.623 [main] DEBUG c.orderbook.OrderBook - [ORDERBOOK] ASK: Adding orderMktData(price=93,quantity=200)
13:00:19.623 [main] DEBUG c.orderbook.OrderBook - [ORDERBOOK] ASK: Adding orderMktData(price=95,quantity=100)
13:00:19.623 [main] DEBUG c.orderbook.OrderBook - [ORDERBOOK] ASK: Adding orderMktData(price=98,quantity=154)
13:00:19.623 [main] INFO  c.o.v.MutatingMatchOneMarketDataOrderVisitor - [ORDERBOOK] visiting LevelOrderBookLevel(price=43,quantity=4277816)
13:00:19.623 [main] INFO  c.o.v.MutatingMatchOneMarketDataOrderVisitor - [ORDERBOOK] Can't match order:Limit(side=BUY,orderId=3,price=43,quantity=268)(MktData(price=98,quantity=154))
13:00:19.623 [main] INFO  c.o.v.MutatingMatchOneMarketDataOrderVisitor - [ORDERBOOK] Can't match order:Limit(side=BUY,orderId=5,price=43,quantity=1072)(MktData(price=98,quantity=154))
13:00:19.623 [main] INFO  c.o.v.MutatingMatchOneMarketDataOrderVisitor - [ORDERBOOK] Can't match order:Limit(side=BUY,orderId=7,price=43,quantity=4288)(MktData(price=98,quantity=154))
13:00:19.623 [main] INFO  c.o.v.MutatingMatchOneMarketDataOrderVisitor - [ORDERBOOK] Can't match order:Limit(side=BUY,orderId=9,price=43,quantity=17152)(MktData(price=98,quantity=154))
13:00:19.623 [main] INFO  c.o.v.MutatingMatchOneMarketDataOrderVisitor - [ORDERBOOK] Can't match order:Limit(side=BUY,orderId=11,price=43,quantity=68608)(MktData(price=98,quantity=154))
13:00:19.623 [main] INFO  c.o.v.MutatingMatchOneMarketDataOrderVisitor - [ORDERBOOK] Can't match order:Limit(side=BUY,orderId=12,price=43,quantity=137216)(MktData(price=98,quantity=154))
13:00:19.623 [main] INFO  c.o.v.MutatingMatchOneMarketDataOrderVisitor - [ORDERBOOK] Can't match order:Limit(side=BUY,orderId=13,price=43,quantity=274432)(MktData(price=98,quantity=154))
13:00:19.623 [main] INFO  c.o.v.MutatingMatchOneMarketDataOrderVisitor - [ORDERBOOK] Can't match order:Limit(side=BUY,orderId=14,price=43,quantity=548864)(MktData(price=98,quantity=154))
13:00:19.623 [main] INFO  c.o.v.MutatingMatchOneMarketDataOrderVisitor - [ORDERBOOK] Can't match order:Limit(side=BUY,orderId=15,price=43,quantity=1097728)(MktData(price=98,quantity=154))
13:00:19.623 [main] INFO  c.o.v.MutatingMatchOneMarketDataOrderVisitor - [ORDERBOOK] Can't match order:Limit(side=BUY,orderId=16,price=43,quantity=2195456)(MktData(price=98,quantity=154))
13:00:19.623 [main] INFO  c.o.v.MutatingMatchOneMarketDataOrderVisitor - [ORDERBOOK] Can't match order:MktData(price=43,quantity=134)(MktData(price=98,quantity=154))
13:00:19.623 [main] INFO  c.o.v.MutatingRemoveAllMarketDataOrdersVisitor - [ORDERBOOK] Removing market data order:MktData(price=98,quantity=501)
13:00:19.623 [main] INFO  c.o.v.MutatingRemoveAllMarketDataOrdersVisitor - [ORDERBOOK] Removing market data order:MktData(price=110,quantity=5000)
13:00:19.623 [main] INFO  c.o.v.MutatingRemoveAllMarketDataOrdersVisitor - [ORDERBOOK] Removing market data order:MktData(price=123,quantity=453)
13:00:19.623 [main] INFO  c.o.v.MutatingRemoveAllMarketDataOrdersVisitor - [ORDERBOOK] Removing market data order:MktData(price=167,quantity=665)
13:00:19.623 [main] DEBUG c.orderbook.OrderBook - [ORDERBOOK] ASK: Adding orderMktData(price=98,quantity=501)
13:00:19.623 [main] INFO  c.o.visitor.MutatingAddOrderVisitor - [ORDERBOOK] + Limit(side=SELL,orderId=17,price=98,quantity=501)
13:00:19.623 [main] DEBUG c.orderbook.OrderBook - [ORDERBOOK] ASK: Adding orderMktData(price=101,quantity=200)
13:00:19.623 [main] DEBUG c.orderbook.OrderBook - [ORDERBOOK] ASK: Adding orderMktData(price=110,quantity=5000)
13:00:19.623 [main] DEBUG c.orderbook.OrderBook - [ORDERBOOK] ASK: Adding orderMktData(price=119,quantity=5600)
13:00:19.623 [main] DEBUG c.orderbook.OrderBook - [ORDERBOOK] ASK: Adding orderMktData(price=123,quantity=453)
13:00:19.623 [main] DEBUG c.orderbook.OrderBook - [ORDERBOOK] ASK: Adding orderMktData(price=144,quantity=645)
13:00:19.623 [main] DEBUG c.orderbook.OrderBook - [ORDERBOOK] ASK: Adding orderMktData(price=167,quantity=665)
13:00:19.623 [main] DEBUG c.service.MarketDataService - [ALGO] BID: price:43 quantity:134
13:00:19.623 [main] DEBUG c.service.MarketDataService - [ALGO] BID: price:76 quantity:145
13:00:19.623 [main] DEBUG c.service.MarketDataService - [ALGO] BID: price:91 quantity:300
13:00:19.623 [main] DEBUG c.service.MarketDataService - [ALGO] BID: price:93 quantity:200
13:00:19.623 [main] DEBUG c.service.MarketDataService - [ALGO] BID: price:95 quantity:100
13:00:19.623 [main] DEBUG c.service.MarketDataService - [ALGO] BID: price:98 quantity:154
13:00:19.623 [main] DEBUG c.service.MarketDataService - [ALGO] ASK: price:98 quantity:501
13:00:19.623 [main] DEBUG c.service.MarketDataService - [ALGO] ASK: price:101 quantity:200
13:00:19.623 [main] DEBUG c.service.MarketDataService - [ALGO] ASK: price:110 quantity:5000
13:00:19.623 [main] DEBUG c.service.MarketDataService - [ALGO] ASK: price:119 quantity:5600
13:00:19.623 [main] DEBUG c.service.MarketDataService - [ALGO] ASK: price:123 quantity:453
13:00:19.623 [main] DEBUG c.service.MarketDataService - [ALGO] ASK: price:144 quantity:645
13:00:19.623 [main] DEBUG c.service.MarketDataService - [ALGO] ASK: price:167 quantity:665
13:00:19.623 [main] INFO  c.gettingstarted.MyAlgoLogic - [MYALGO] The state of the order book is:
|----BID-----||----ASK----|
    134 @ 43    501 @ 98
    145 @ 76   200 @ 101
    300 @ 91  5000 @ 110
    200 @ 93  5600 @ 119
    100 @ 95   453 @ 123
    154 @ 98   645 @ 144
          -    665 @ 167
|------------||-----------|

13:00:19.623 [main] INFO  c.gettingstarted.MyAlgoLogic - [MYALGO] Algo Sees Book as: 
|----BID-----||----ASK----|
    134 @ 43    501 @ 98
    145 @ 76   200 @ 101
    300 @ 91  5000 @ 110
    200 @ 93  5600 @ 119
    100 @ 95   453 @ 123
    154 @ 98   645 @ 144
          -    665 @ 167
|------------||-----------|

13:00:19.623 [main] INFO  c.gettingstarted.TimedLogic - [TIMEDLOGIC] Market is open
13:00:19.623 [main] INFO  c.sequencer.consumer.LoggingConsumer - [233] 
|----BID-----|
    134 @ 43
    145 @ 76
    300 @ 91
    200 @ 93
    100 @ 95
    154 @ 98
|----ASK-----|
    501 @ 98
   200 @ 101
  5000 @ 110
  5600 @ 119
   453 @ 123
   645 @ 144
   665 @ 167

13:00:19.623 [main] INFO  c.orderbook.OrderBook - [ORDERBOOK] Processing Mkt Data Update
13:00:19.623 [main] INFO  c.o.v.MutatingRemoveAllMarketDataOrdersVisitor - [ORDERBOOK] Removing market data order:MktData(price=43,quantity=134)
13:00:19.623 [main] DEBUG c.orderbook.OrderBook - [ORDERBOOK] ASK: Adding orderMktData(price=43,quantity=134)
13:00:19.623 [main] INFO  c.o.visitor.MutatingAddOrderVisitor - [ORDERBOOK] + Limit(side=BUY,orderId=16,price=43,quantity=2195456)
13:00:19.623 [main] DEBUG c.orderbook.OrderBook - [ORDERBOOK] ASK: Adding orderMktData(price=76,quantity=145)
13:00:19.623 [main] DEBUG c.orderbook.OrderBook - [ORDERBOOK] ASK: Adding orderMktData(price=91,quantity=300)
13:00:19.623 [main] DEBUG c.orderbook.OrderBook - [ORDERBOOK] ASK: Adding orderMktData(price=93,quantity=200)
13:00:19.623 [main] DEBUG c.orderbook.OrderBook - [ORDERBOOK] ASK: Adding orderMktData(price=95,quantity=100)
13:00:19.623 [main] DEBUG c.orderbook.OrderBook - [ORDERBOOK] ASK: Adding orderMktData(price=98,quantity=154)
13:00:19.623 [main] INFO  c.o.v.MutatingMatchOneMarketDataOrderVisitor - [ORDERBOOK] visiting LevelOrderBookLevel(price=43,quantity=4277950)
13:00:19.623 [main] INFO  c.o.v.MutatingMatchOneMarketDataOrderVisitor - [ORDERBOOK] Can't match order:Limit(side=BUY,orderId=3,price=43,quantity=268)(MktData(price=98,quantity=154))
13:00:19.623 [main] INFO  c.o.v.MutatingMatchOneMarketDataOrderVisitor - [ORDERBOOK] Can't match order:Limit(side=BUY,orderId=5,price=43,quantity=1072)(MktData(price=98,quantity=154))
13:00:19.623 [main] INFO  c.o.v.MutatingMatchOneMarketDataOrderVisitor - [ORDERBOOK] Can't match order:Limit(side=BUY,orderId=7,price=43,quantity=4288)(MktData(price=98,quantity=154))
13:00:19.623 [main] INFO  c.o.v.MutatingMatchOneMarketDataOrderVisitor - [ORDERBOOK] Can't match order:Limit(side=BUY,orderId=9,price=43,quantity=17152)(MktData(price=98,quantity=154))
13:00:19.623 [main] INFO  c.o.v.MutatingMatchOneMarketDataOrderVisitor - [ORDERBOOK] Can't match order:Limit(side=BUY,orderId=11,price=43,quantity=68608)(MktData(price=98,quantity=154))
13:00:19.623 [main] INFO  c.o.v.MutatingMatchOneMarketDataOrderVisitor - [ORDERBOOK] Can't match order:Limit(side=BUY,orderId=12,price=43,quantity=137216)(MktData(price=98,quantity=154))
13:00:19.623 [main] INFO  c.o.v.MutatingMatchOneMarketDataOrderVisitor - [ORDERBOOK] Can't match order:Limit(side=BUY,orderId=13,price=43,quantity=274432)(MktData(price=98,quantity=154))
13:00:19.623 [main] INFO  c.o.v.MutatingMatchOneMarketDataOrderVisitor - [ORDERBOOK] Can't match order:Limit(side=BUY,orderId=14,price=43,quantity=548864)(MktData(price=98,quantity=154))
13:00:19.623 [main] INFO  c.o.v.MutatingMatchOneMarketDataOrderVisitor - [ORDERBOOK] Can't match order:Limit(side=BUY,orderId=15,price=43,quantity=1097728)(MktData(price=98,quantity=154))
13:00:19.623 [main] INFO  c.o.v.MutatingMatchOneMarketDataOrderVisitor - [ORDERBOOK] Can't match order:Limit(side=BUY,orderId=16,price=43,quantity=2195456)(MktData(price=98,quantity=154))
13:00:19.623 [main] INFO  c.o.v.MutatingMatchOneMarketDataOrderVisitor - [ORDERBOOK] Can't match order:MktData(price=43,quantity=134)(MktData(price=98,quantity=154))
13:00:19.623 [main] INFO  c.o.v.MutatingRemoveAllMarketDataOrdersVisitor - [ORDERBOOK] Removing market data order:MktData(price=98,quantity=501)
13:00:19.623 [main] INFO  c.o.v.MutatingRemoveAllMarketDataOrdersVisitor - [ORDERBOOK] Removing market data order:MktData(price=110,quantity=5000)
13:00:19.623 [main] INFO  c.o.v.MutatingRemoveAllMarketDataOrdersVisitor - [ORDERBOOK] Removing market data order:MktData(price=123,quantity=453)
13:00:19.623 [main] INFO  c.o.v.MutatingRemoveAllMarketDataOrdersVisitor - [ORDERBOOK] Removing market data order:MktData(price=167,quantity=665)
13:00:19.623 [main] DEBUG c.orderbook.OrderBook - [ORDERBOOK] ASK: Adding orderMktData(price=98,quantity=501)
13:00:19.623 [main] INFO  c.o.visitor.MutatingAddOrderVisitor - [ORDERBOOK] + Limit(side=SELL,orderId=17,price=98,quantity=501)
13:00:19.623 [main] DEBUG c.orderbook.OrderBook - [ORDERBOOK] ASK: Adding orderMktData(price=101,quantity=200)
13:00:19.623 [main] DEBUG c.orderbook.OrderBook - [ORDERBOOK] ASK: Adding orderMktData(price=110,quantity=5000)
13:00:19.623 [main] DEBUG c.orderbook.OrderBook - [ORDERBOOK] ASK: Adding orderMktData(price=119,quantity=5600)
13:00:19.623 [main] DEBUG c.orderbook.OrderBook - [ORDERBOOK] ASK: Adding orderMktData(price=123,quantity=453)
13:00:19.623 [main] DEBUG c.orderbook.OrderBook - [ORDERBOOK] ASK: Adding orderMktData(price=144,quantity=645)
13:00:19.623 [main] DEBUG c.orderbook.OrderBook - [ORDERBOOK] ASK: Adding orderMktData(price=167,quantity=665)
13:00:19.623 [main] DEBUG c.service.MarketDataService - [ALGO] BID: price:43 quantity:134
13:00:19.623 [main] DEBUG c.service.MarketDataService - [ALGO] BID: price:76 quantity:145
13:00:19.623 [main] DEBUG c.service.MarketDataService - [ALGO] BID: price:91 quantity:300
13:00:19.623 [main] DEBUG c.service.MarketDataService - [ALGO] BID: price:93 quantity:200
13:00:19.623 [main] DEBUG c.service.MarketDataService - [ALGO] BID: price:95 quantity:100
13:00:19.623 [main] DEBUG c.service.MarketDataService - [ALGO] BID: price:98 quantity:154
13:00:19.623 [main] DEBUG c.service.MarketDataService - [ALGO] ASK: price:98 quantity:501
13:00:19.623 [main] DEBUG c.service.MarketDataService - [ALGO] ASK: price:101 quantity:200
13:00:19.623 [main] DEBUG c.service.MarketDataService - [ALGO] ASK: price:110 quantity:5000
13:00:19.623 [main] DEBUG c.service.MarketDataService - [ALGO] ASK: price:119 quantity:5600
13:00:19.623 [main] DEBUG c.service.MarketDataService - [ALGO] ASK: price:123 quantity:453
13:00:19.623 [main] DEBUG c.service.MarketDataService - [ALGO] ASK: price:144 quantity:645
13:00:19.623 [main] DEBUG c.service.MarketDataService - [ALGO] ASK: price:167 quantity:665
13:00:19.623 [main] INFO  c.gettingstarted.MyAlgoLogic - [MYALGO] The state of the order book is:
|----BID-----||----ASK----|
    134 @ 43    501 @ 98
    145 @ 76   200 @ 101
    300 @ 91  5000 @ 110
    200 @ 93  5600 @ 119
    100 @ 95   453 @ 123
    154 @ 98   645 @ 144
          -    665 @ 167
|------------||-----------|

13:00:19.623 [main] INFO  c.gettingstarted.MyAlgoLogic - [MYALGO] Algo Sees Book as: 
|----BID-----||----ASK----|
    134 @ 43    501 @ 98
    145 @ 76   200 @ 101
    300 @ 91  5000 @ 110
    200 @ 93  5600 @ 119
    100 @ 95   453 @ 123
    154 @ 98   645 @ 144
          -    665 @ 167
|------------||-----------|

13:00:19.623 [main] INFO  c.gettingstarted.TimedLogic - [TIMEDLOGIC] Market is open
13:00:19.623 [main] INFO  c.sequencer.consumer.LoggingConsumer - [234] 
|----BID-----|
    134 @ 43
    145 @ 76
    300 @ 91
    200 @ 93
    100 @ 95
    154 @ 98
|----ASK-----|
    501 @ 98
   200 @ 101
  5000 @ 110
  5600 @ 119
   453 @ 123
   645 @ 144
   665 @ 167

13:00:19.623 [main] INFO  c.orderbook.OrderBook - [ORDERBOOK] Processing Mkt Data Update
13:00:19.623 [main] INFO  c.o.v.MutatingRemoveAllMarketDataOrdersVisitor - [ORDERBOOK] Removing market data order:MktData(price=43,quantity=134)
13:00:19.623 [main] DEBUG c.orderbook.OrderBook - [ORDERBOOK] ASK: Adding orderMktData(price=43,quantity=134)
13:00:19.623 [main] INFO  c.o.visitor.MutatingAddOrderVisitor - [ORDERBOOK] + Limit(side=BUY,orderId=16,price=43,quantity=2195456)
13:00:19.623 [main] DEBUG c.orderbook.OrderBook - [ORDERBOOK] ASK: Adding orderMktData(price=76,quantity=145)
13:00:19.623 [main] DEBUG c.orderbook.OrderBook - [ORDERBOOK] ASK: Adding orderMktData(price=91,quantity=300)
13:00:19.623 [main] DEBUG c.orderbook.OrderBook - [ORDERBOOK] ASK: Adding orderMktData(price=93,quantity=200)
13:00:19.623 [main] DEBUG c.orderbook.OrderBook - [ORDERBOOK] ASK: Adding orderMktData(price=95,quantity=100)
13:00:19.623 [main] DEBUG c.orderbook.OrderBook - [ORDERBOOK] ASK: Adding orderMktData(price=98,quantity=154)
13:00:19.623 [main] INFO  c.o.v.MutatingMatchOneMarketDataOrderVisitor - [ORDERBOOK] visiting LevelOrderBookLevel(price=43,quantity=4278084)
13:00:19.623 [main] INFO  c.o.v.MutatingMatchOneMarketDataOrderVisitor - [ORDERBOOK] Can't match order:Limit(side=BUY,orderId=3,price=43,quantity=268)(MktData(price=98,quantity=154))
13:00:19.623 [main] INFO  c.o.v.MutatingMatchOneMarketDataOrderVisitor - [ORDERBOOK] Can't match order:Limit(side=BUY,orderId=5,price=43,quantity=1072)(MktData(price=98,quantity=154))
13:00:19.623 [main] INFO  c.o.v.MutatingMatchOneMarketDataOrderVisitor - [ORDERBOOK] Can't match order:Limit(side=BUY,orderId=7,price=43,quantity=4288)(MktData(price=98,quantity=154))
13:00:19.623 [main] INFO  c.o.v.MutatingMatchOneMarketDataOrderVisitor - [ORDERBOOK] Can't match order:Limit(side=BUY,orderId=9,price=43,quantity=17152)(MktData(price=98,quantity=154))
13:00:19.623 [main] INFO  c.o.v.MutatingMatchOneMarketDataOrderVisitor - [ORDERBOOK] Can't match order:Limit(side=BUY,orderId=11,price=43,quantity=68608)(MktData(price=98,quantity=154))
13:00:19.623 [main] INFO  c.o.v.MutatingMatchOneMarketDataOrderVisitor - [ORDERBOOK] Can't match order:Limit(side=BUY,orderId=12,price=43,quantity=137216)(MktData(price=98,quantity=154))
13:00:19.623 [main] INFO  c.o.v.MutatingMatchOneMarketDataOrderVisitor - [ORDERBOOK] Can't match order:Limit(side=BUY,orderId=13,price=43,quantity=274432)(MktData(price=98,quantity=154))
13:00:19.623 [main] INFO  c.o.v.MutatingMatchOneMarketDataOrderVisitor - [ORDERBOOK] Can't match order:Limit(side=BUY,orderId=14,price=43,quantity=548864)(MktData(price=98,quantity=154))
13:00:19.623 [main] INFO  c.o.v.MutatingMatchOneMarketDataOrderVisitor - [ORDERBOOK] Can't match order:Limit(side=BUY,orderId=15,price=43,quantity=1097728)(MktData(price=98,quantity=154))
13:00:19.623 [main] INFO  c.o.v.MutatingMatchOneMarketDataOrderVisitor - [ORDERBOOK] Can't match order:Limit(side=BUY,orderId=16,price=43,quantity=2195456)(MktData(price=98,quantity=154))
13:00:19.623 [main] INFO  c.o.v.MutatingMatchOneMarketDataOrderVisitor - [ORDERBOOK] Can't match order:MktData(price=43,quantity=134)(MktData(price=98,quantity=154))
13:00:19.623 [main] INFO  c.o.v.MutatingRemoveAllMarketDataOrdersVisitor - [ORDERBOOK] Removing market data order:MktData(price=98,quantity=501)
13:00:19.623 [main] INFO  c.o.v.MutatingRemoveAllMarketDataOrdersVisitor - [ORDERBOOK] Removing market data order:MktData(price=110,quantity=5000)
13:00:19.623 [main] INFO  c.o.v.MutatingRemoveAllMarketDataOrdersVisitor - [ORDERBOOK] Removing market data order:MktData(price=123,quantity=453)
13:00:19.623 [main] INFO  c.o.v.MutatingRemoveAllMarketDataOrdersVisitor - [ORDERBOOK] Removing market data order:MktData(price=167,quantity=665)
13:00:19.623 [main] DEBUG c.orderbook.OrderBook - [ORDERBOOK] ASK: Adding orderMktData(price=98,quantity=501)
13:00:19.623 [main] INFO  c.o.visitor.MutatingAddOrderVisitor - [ORDERBOOK] + Limit(side=SELL,orderId=17,price=98,quantity=501)
13:00:19.623 [main] DEBUG c.orderbook.OrderBook - [ORDERBOOK] ASK: Adding orderMktData(price=101,quantity=200)
13:00:19.623 [main] DEBUG c.orderbook.OrderBook - [ORDERBOOK] ASK: Adding orderMktData(price=110,quantity=5000)
13:00:19.623 [main] DEBUG c.orderbook.OrderBook - [ORDERBOOK] ASK: Adding orderMktData(price=119,quantity=5600)
13:00:19.623 [main] DEBUG c.orderbook.OrderBook - [ORDERBOOK] ASK: Adding orderMktData(price=123,quantity=453)
13:00:19.623 [main] DEBUG c.orderbook.OrderBook - [ORDERBOOK] ASK: Adding orderMktData(price=144,quantity=645)
13:00:19.623 [main] DEBUG c.orderbook.OrderBook - [ORDERBOOK] ASK: Adding orderMktData(price=167,quantity=665)
13:00:19.623 [main] DEBUG c.service.MarketDataService - [ALGO] BID: price:43 quantity:134
13:00:19.623 [main] DEBUG c.service.MarketDataService - [ALGO] BID: price:76 quantity:145
13:00:19.623 [main] DEBUG c.service.MarketDataService - [ALGO] BID: price:91 quantity:300
13:00:19.623 [main] DEBUG c.service.MarketDataService - [ALGO] BID: price:93 quantity:200
13:00:19.623 [main] DEBUG c.service.MarketDataService - [ALGO] BID: price:95 quantity:100
13:00:19.623 [main] DEBUG c.service.MarketDataService - [ALGO] BID: price:98 quantity:154
13:00:19.623 [main] DEBUG c.service.MarketDataService - [ALGO] ASK: price:98 quantity:501
13:00:19.623 [main] DEBUG c.service.MarketDataService - [ALGO] ASK: price:101 quantity:200
13:00:19.623 [main] DEBUG c.service.MarketDataService - [ALGO] ASK: price:110 quantity:5000
13:00:19.623 [main] DEBUG c.service.MarketDataService - [ALGO] ASK: price:119 quantity:5600
13:00:19.623 [main] DEBUG c.service.MarketDataService - [ALGO] ASK: price:123 quantity:453
13:00:19.623 [main] DEBUG c.service.MarketDataService - [ALGO] ASK: price:144 quantity:645
13:00:19.623 [main] DEBUG c.service.MarketDataService - [ALGO] ASK: price:167 quantity:665
13:00:19.623 [main] INFO  c.gettingstarted.MyAlgoLogic - [MYALGO] The state of the order book is:
|----BID-----||----ASK----|
    134 @ 43    501 @ 98
    145 @ 76   200 @ 101
    300 @ 91  5000 @ 110
    200 @ 93  5600 @ 119
    100 @ 95   453 @ 123
    154 @ 98   645 @ 144
          -    665 @ 167
|------------||-----------|

13:00:19.623 [main] INFO  c.gettingstarted.MyAlgoLogic - [MYALGO] Algo Sees Book as: 
|----BID-----||----ASK----|
    134 @ 43    501 @ 98
    145 @ 76   200 @ 101
    300 @ 91  5000 @ 110
    200 @ 93  5600 @ 119
    100 @ 95   453 @ 123
    154 @ 98   645 @ 144
          -    665 @ 167
|------------||-----------|

13:00:19.623 [main] INFO  c.gettingstarted.TimedLogic - [TIMEDLOGIC] Market is open
13:00:19.623 [main] INFO  c.sequencer.consumer.LoggingConsumer - [235] 
|----BID-----|
    134 @ 43
    145 @ 76
    300 @ 91
    200 @ 93
    100 @ 95
    154 @ 98
|----ASK-----|
    501 @ 98
   200 @ 101
  5000 @ 110
  5600 @ 119
   453 @ 123
   645 @ 144
   665 @ 167

13:00:19.623 [main] INFO  c.orderbook.OrderBook - [ORDERBOOK] Processing Mkt Data Update
13:00:19.623 [main] INFO  c.o.v.MutatingRemoveAllMarketDataOrdersVisitor - [ORDERBOOK] Removing market data order:MktData(price=43,quantity=134)
13:00:19.623 [main] DEBUG c.orderbook.OrderBook - [ORDERBOOK] ASK: Adding orderMktData(price=43,quantity=134)
13:00:19.623 [main] INFO  c.o.visitor.MutatingAddOrderVisitor - [ORDERBOOK] + Limit(side=BUY,orderId=16,price=43,quantity=2195456)
13:00:19.623 [main] DEBUG c.orderbook.OrderBook - [ORDERBOOK] ASK: Adding orderMktData(price=76,quantity=145)
13:00:19.623 [main] DEBUG c.orderbook.OrderBook - [ORDERBOOK] ASK: Adding orderMktData(price=91,quantity=300)
13:00:19.623 [main] DEBUG c.orderbook.OrderBook - [ORDERBOOK] ASK: Adding orderMktData(price=93,quantity=200)
13:00:19.623 [main] DEBUG c.orderbook.OrderBook - [ORDERBOOK] ASK: Adding orderMktData(price=95,quantity=100)
13:00:19.623 [main] DEBUG c.orderbook.OrderBook - [ORDERBOOK] ASK: Adding orderMktData(price=98,quantity=154)
13:00:19.623 [main] INFO  c.o.v.MutatingMatchOneMarketDataOrderVisitor - [ORDERBOOK] visiting LevelOrderBookLevel(price=43,quantity=4278218)
13:00:19.623 [main] INFO  c.o.v.MutatingMatchOneMarketDataOrderVisitor - [ORDERBOOK] Can't match order:Limit(side=BUY,orderId=3,price=43,quantity=268)(MktData(price=98,quantity=154))
13:00:19.623 [main] INFO  c.o.v.MutatingMatchOneMarketDataOrderVisitor - [ORDERBOOK] Can't match order:Limit(side=BUY,orderId=5,price=43,quantity=1072)(MktData(price=98,quantity=154))
13:00:19.623 [main] INFO  c.o.v.MutatingMatchOneMarketDataOrderVisitor - [ORDERBOOK] Can't match order:Limit(side=BUY,orderId=7,price=43,quantity=4288)(MktData(price=98,quantity=154))
13:00:19.623 [main] INFO  c.o.v.MutatingMatchOneMarketDataOrderVisitor - [ORDERBOOK] Can't match order:Limit(side=BUY,orderId=9,price=43,quantity=17152)(MktData(price=98,quantity=154))
13:00:19.623 [main] INFO  c.o.v.MutatingMatchOneMarketDataOrderVisitor - [ORDERBOOK] Can't match order:Limit(side=BUY,orderId=11,price=43,quantity=68608)(MktData(price=98,quantity=154))
13:00:19.623 [main] INFO  c.o.v.MutatingMatchOneMarketDataOrderVisitor - [ORDERBOOK] Can't match order:Limit(side=BUY,orderId=12,price=43,quantity=137216)(MktData(price=98,quantity=154))
13:00:19.623 [main] INFO  c.o.v.MutatingMatchOneMarketDataOrderVisitor - [ORDERBOOK] Can't match order:Limit(side=BUY,orderId=13,price=43,quantity=274432)(MktData(price=98,quantity=154))
13:00:19.623 [main] INFO  c.o.v.MutatingMatchOneMarketDataOrderVisitor - [ORDERBOOK] Can't match order:Limit(side=BUY,orderId=14,price=43,quantity=548864)(MktData(price=98,quantity=154))
13:00:19.623 [main] INFO  c.o.v.MutatingMatchOneMarketDataOrderVisitor - [ORDERBOOK] Can't match order:Limit(side=BUY,orderId=15,price=43,quantity=1097728)(MktData(price=98,quantity=154))
13:00:19.623 [main] INFO  c.o.v.MutatingMatchOneMarketDataOrderVisitor - [ORDERBOOK] Can't match order:Limit(side=BUY,orderId=16,price=43,quantity=2195456)(MktData(price=98,quantity=154))
13:00:19.623 [main] INFO  c.o.v.MutatingMatchOneMarketDataOrderVisitor - [ORDERBOOK] Can't match order:MktData(price=43,quantity=134)(MktData(price=98,quantity=154))
13:00:19.623 [main] INFO  c.o.v.MutatingRemoveAllMarketDataOrdersVisitor - [ORDERBOOK] Removing market data order:MktData(price=98,quantity=501)
13:00:19.623 [main] INFO  c.o.v.MutatingRemoveAllMarketDataOrdersVisitor - [ORDERBOOK] Removing market data order:MktData(price=110,quantity=5000)
13:00:19.623 [main] INFO  c.o.v.MutatingRemoveAllMarketDataOrdersVisitor - [ORDERBOOK] Removing market data order:MktData(price=123,quantity=453)
13:00:19.623 [main] INFO  c.o.v.MutatingRemoveAllMarketDataOrdersVisitor - [ORDERBOOK] Removing market data order:MktData(price=167,quantity=665)
13:00:19.623 [main] DEBUG c.orderbook.OrderBook - [ORDERBOOK] ASK: Adding orderMktData(price=98,quantity=501)
13:00:19.623 [main] INFO  c.o.visitor.MutatingAddOrderVisitor - [ORDERBOOK] + Limit(side=SELL,orderId=17,price=98,quantity=501)
13:00:19.623 [main] DEBUG c.orderbook.OrderBook - [ORDERBOOK] ASK: Adding orderMktData(price=101,quantity=200)
13:00:19.623 [main] DEBUG c.orderbook.OrderBook - [ORDERBOOK] ASK: Adding orderMktData(price=110,quantity=5000)
13:00:19.623 [main] DEBUG c.orderbook.OrderBook - [ORDERBOOK] ASK: Adding orderMktData(price=119,quantity=5600)
13:00:19.623 [main] DEBUG c.orderbook.OrderBook - [ORDERBOOK] ASK: Adding orderMktData(price=123,quantity=453)
13:00:19.623 [main] DEBUG c.orderbook.OrderBook - [ORDERBOOK] ASK: Adding orderMktData(price=144,quantity=645)
13:00:19.623 [main] DEBUG c.orderbook.OrderBook - [ORDERBOOK] ASK: Adding orderMktData(price=167,quantity=665)
13:00:19.623 [main] DEBUG c.service.MarketDataService - [ALGO] BID: price:43 quantity:134
13:00:19.623 [main] DEBUG c.service.MarketDataService - [ALGO] BID: price:76 quantity:145
13:00:19.623 [main] DEBUG c.service.MarketDataService - [ALGO] BID: price:91 quantity:300
13:00:19.623 [main] DEBUG c.service.MarketDataService - [ALGO] BID: price:93 quantity:200
13:00:19.623 [main] DEBUG c.service.MarketDataService - [ALGO] BID: price:95 quantity:100
13:00:19.623 [main] DEBUG c.service.MarketDataService - [ALGO] BID: price:98 quantity:154
13:00:19.623 [main] DEBUG c.service.MarketDataService - [ALGO] ASK: price:98 quantity:501
13:00:19.623 [main] DEBUG c.service.MarketDataService - [ALGO] ASK: price:101 quantity:200
13:00:19.623 [main] DEBUG c.service.MarketDataService - [ALGO] ASK: price:110 quantity:5000
13:00:19.623 [main] DEBUG c.service.MarketDataService - [ALGO] ASK: price:119 quantity:5600
13:00:19.623 [main] DEBUG c.service.MarketDataService - [ALGO] ASK: price:123 quantity:453
13:00:19.623 [main] DEBUG c.service.MarketDataService - [ALGO] ASK: price:144 quantity:645
13:00:19.623 [main] DEBUG c.service.MarketDataService - [ALGO] ASK: price:167 quantity:665
13:00:19.623 [main] INFO  c.gettingstarted.MyAlgoLogic - [MYALGO] The state of the order book is:
|----BID-----||----ASK----|
    134 @ 43    501 @ 98
    145 @ 76   200 @ 101
    300 @ 91  5000 @ 110
    200 @ 93  5600 @ 119
    100 @ 95   453 @ 123
    154 @ 98   645 @ 144
          -    665 @ 167
|------------||-----------|

13:00:19.623 [main] INFO  c.gettingstarted.MyAlgoLogic - [MYALGO] Algo Sees Book as: 
|----BID-----||----ASK----|
    134 @ 43    501 @ 98
    145 @ 76   200 @ 101
    300 @ 91  5000 @ 110
    200 @ 93  5600 @ 119
    100 @ 95   453 @ 123
    154 @ 98   645 @ 144
          -    665 @ 167
|------------||-----------|

13:00:19.623 [main] INFO  c.gettingstarted.TimedLogic - [TIMEDLOGIC] Market is open
13:00:19.623 [main] INFO  c.sequencer.consumer.LoggingConsumer - [236] 
|----BID-----|
    134 @ 43
    145 @ 76
    300 @ 91
    200 @ 93
    100 @ 95
    154 @ 98
|----ASK-----|
    501 @ 98
   200 @ 101
  5000 @ 110
  5600 @ 119
   453 @ 123
   645 @ 144
   665 @ 167

13:00:19.623 [main] INFO  c.orderbook.OrderBook - [ORDERBOOK] Processing Mkt Data Update
13:00:19.623 [main] INFO  c.o.v.MutatingRemoveAllMarketDataOrdersVisitor - [ORDERBOOK] Removing market data order:MktData(price=43,quantity=134)
13:00:19.623 [main] DEBUG c.orderbook.OrderBook - [ORDERBOOK] ASK: Adding orderMktData(price=43,quantity=134)
13:00:19.623 [main] INFO  c.o.visitor.MutatingAddOrderVisitor - [ORDERBOOK] + Limit(side=BUY,orderId=16,price=43,quantity=2195456)
13:00:19.623 [main] DEBUG c.orderbook.OrderBook - [ORDERBOOK] ASK: Adding orderMktData(price=76,quantity=145)
13:00:19.623 [main] DEBUG c.orderbook.OrderBook - [ORDERBOOK] ASK: Adding orderMktData(price=91,quantity=300)
13:00:19.623 [main] DEBUG c.orderbook.OrderBook - [ORDERBOOK] ASK: Adding orderMktData(price=93,quantity=200)
13:00:19.623 [main] DEBUG c.orderbook.OrderBook - [ORDERBOOK] ASK: Adding orderMktData(price=95,quantity=100)
13:00:19.623 [main] DEBUG c.orderbook.OrderBook - [ORDERBOOK] ASK: Adding orderMktData(price=98,quantity=154)
13:00:19.623 [main] INFO  c.o.v.MutatingMatchOneMarketDataOrderVisitor - [ORDERBOOK] visiting LevelOrderBookLevel(price=43,quantity=4278352)
13:00:19.623 [main] INFO  c.o.v.MutatingMatchOneMarketDataOrderVisitor - [ORDERBOOK] Can't match order:Limit(side=BUY,orderId=3,price=43,quantity=268)(MktData(price=98,quantity=154))
13:00:19.623 [main] INFO  c.o.v.MutatingMatchOneMarketDataOrderVisitor - [ORDERBOOK] Can't match order:Limit(side=BUY,orderId=5,price=43,quantity=1072)(MktData(price=98,quantity=154))
13:00:19.623 [main] INFO  c.o.v.MutatingMatchOneMarketDataOrderVisitor - [ORDERBOOK] Can't match order:Limit(side=BUY,orderId=7,price=43,quantity=4288)(MktData(price=98,quantity=154))
13:00:19.623 [main] INFO  c.o.v.MutatingMatchOneMarketDataOrderVisitor - [ORDERBOOK] Can't match order:Limit(side=BUY,orderId=9,price=43,quantity=17152)(MktData(price=98,quantity=154))
13:00:19.623 [main] INFO  c.o.v.MutatingMatchOneMarketDataOrderVisitor - [ORDERBOOK] Can't match order:Limit(side=BUY,orderId=11,price=43,quantity=68608)(MktData(price=98,quantity=154))
13:00:19.623 [main] INFO  c.o.v.MutatingMatchOneMarketDataOrderVisitor - [ORDERBOOK] Can't match order:Limit(side=BUY,orderId=12,price=43,quantity=137216)(MktData(price=98,quantity=154))
13:00:19.623 [main] INFO  c.o.v.MutatingMatchOneMarketDataOrderVisitor - [ORDERBOOK] Can't match order:Limit(side=BUY,orderId=13,price=43,quantity=274432)(MktData(price=98,quantity=154))
13:00:19.623 [main] INFO  c.o.v.MutatingMatchOneMarketDataOrderVisitor - [ORDERBOOK] Can't match order:Limit(side=BUY,orderId=14,price=43,quantity=548864)(MktData(price=98,quantity=154))
13:00:19.623 [main] INFO  c.o.v.MutatingMatchOneMarketDataOrderVisitor - [ORDERBOOK] Can't match order:Limit(side=BUY,orderId=15,price=43,quantity=1097728)(MktData(price=98,quantity=154))
13:00:19.623 [main] INFO  c.o.v.MutatingMatchOneMarketDataOrderVisitor - [ORDERBOOK] Can't match order:Limit(side=BUY,orderId=16,price=43,quantity=2195456)(MktData(price=98,quantity=154))
13:00:19.623 [main] INFO  c.o.v.MutatingMatchOneMarketDataOrderVisitor - [ORDERBOOK] Can't match order:MktData(price=43,quantity=134)(MktData(price=98,quantity=154))
13:00:19.623 [main] INFO  c.o.v.MutatingRemoveAllMarketDataOrdersVisitor - [ORDERBOOK] Removing market data order:MktData(price=98,quantity=501)
13:00:19.623 [main] INFO  c.o.v.MutatingRemoveAllMarketDataOrdersVisitor - [ORDERBOOK] Removing market data order:MktData(price=110,quantity=5000)
13:00:19.623 [main] INFO  c.o.v.MutatingRemoveAllMarketDataOrdersVisitor - [ORDERBOOK] Removing market data order:MktData(price=123,quantity=453)
13:00:19.623 [main] INFO  c.o.v.MutatingRemoveAllMarketDataOrdersVisitor - [ORDERBOOK] Removing market data order:MktData(price=167,quantity=665)
13:00:19.623 [main] DEBUG c.orderbook.OrderBook - [ORDERBOOK] ASK: Adding orderMktData(price=98,quantity=501)
13:00:19.623 [main] INFO  c.o.visitor.MutatingAddOrderVisitor - [ORDERBOOK] + Limit(side=SELL,orderId=17,price=98,quantity=501)
13:00:19.623 [main] DEBUG c.orderbook.OrderBook - [ORDERBOOK] ASK: Adding orderMktData(price=101,quantity=200)
13:00:19.623 [main] DEBUG c.orderbook.OrderBook - [ORDERBOOK] ASK: Adding orderMktData(price=110,quantity=5000)
13:00:19.623 [main] DEBUG c.orderbook.OrderBook - [ORDERBOOK] ASK: Adding orderMktData(price=119,quantity=5600)
13:00:19.623 [main] DEBUG c.orderbook.OrderBook - [ORDERBOOK] ASK: Adding orderMktData(price=123,quantity=453)
13:00:19.623 [main] DEBUG c.orderbook.OrderBook - [ORDERBOOK] ASK: Adding orderMktData(price=144,quantity=645)
13:00:19.623 [main] DEBUG c.orderbook.OrderBook - [ORDERBOOK] ASK: Adding orderMktData(price=167,quantity=665)
13:00:19.623 [main] DEBUG c.service.MarketDataService - [ALGO] BID: price:43 quantity:134
13:00:19.623 [main] DEBUG c.service.MarketDataService - [ALGO] BID: price:76 quantity:145
13:00:19.623 [main] DEBUG c.service.MarketDataService - [ALGO] BID: price:91 quantity:300
13:00:19.623 [main] DEBUG c.service.MarketDataService - [ALGO] BID: price:93 quantity:200
13:00:19.623 [main] DEBUG c.service.MarketDataService - [ALGO] BID: price:95 quantity:100
13:00:19.623 [main] DEBUG c.service.MarketDataService - [ALGO] BID: price:98 quantity:154
13:00:19.623 [main] DEBUG c.service.MarketDataService - [ALGO] ASK: price:98 quantity:501
13:00:19.623 [main] DEBUG c.service.MarketDataService - [ALGO] ASK: price:101 quantity:200
13:00:19.623 [main] DEBUG c.service.MarketDataService - [ALGO] ASK: price:110 quantity:5000
13:00:19.623 [main] DEBUG c.service.MarketDataService - [ALGO] ASK: price:119 quantity:5600
13:00:19.623 [main] DEBUG c.service.MarketDataService - [ALGO] ASK: price:123 quantity:453
13:00:19.623 [main] DEBUG c.service.MarketDataService - [ALGO] ASK: price:144 quantity:645
13:00:19.623 [main] DEBUG c.service.MarketDataService - [ALGO] ASK: price:167 quantity:665
13:00:19.623 [main] INFO  c.gettingstarted.MyAlgoLogic - [MYALGO] The state of the order book is:
|----BID-----||----ASK----|
    134 @ 43    501 @ 98
    145 @ 76   200 @ 101
    300 @ 91  5000 @ 110
    200 @ 93  5600 @ 119
    100 @ 95   453 @ 123
    154 @ 98   645 @ 144
          -    665 @ 167
|------------||-----------|

13:00:19.623 [main] INFO  c.gettingstarted.MyAlgoLogic - [MYALGO] Algo Sees Book as: 
|----BID-----||----ASK----|
    134 @ 43    501 @ 98
    145 @ 76   200 @ 101
    300 @ 91  5000 @ 110
    200 @ 93  5600 @ 119
    100 @ 95   453 @ 123
    154 @ 98   645 @ 144
          -    665 @ 167
|------------||-----------|

13:00:19.623 [main] INFO  c.gettingstarted.TimedLogic - [TIMEDLOGIC] Market is open
13:00:19.623 [main] INFO  c.sequencer.consumer.LoggingConsumer - [237] 
|----BID-----|
    134 @ 43
    145 @ 76
    300 @ 91
    200 @ 93
    100 @ 95
    154 @ 98
|----ASK-----|
    501 @ 98
   200 @ 101
  5000 @ 110
  5600 @ 119
   453 @ 123
   645 @ 144
   665 @ 167

13:00:19.623 [main] INFO  c.orderbook.OrderBook - [ORDERBOOK] Processing Mkt Data Update
13:00:19.623 [main] INFO  c.o.v.MutatingRemoveAllMarketDataOrdersVisitor - [ORDERBOOK] Removing market data order:MktData(price=43,quantity=134)
13:00:19.623 [main] DEBUG c.orderbook.OrderBook - [ORDERBOOK] ASK: Adding orderMktData(price=43,quantity=134)
13:00:19.623 [main] INFO  c.o.visitor.MutatingAddOrderVisitor - [ORDERBOOK] + Limit(side=BUY,orderId=16,price=43,quantity=2195456)
13:00:19.623 [main] DEBUG c.orderbook.OrderBook - [ORDERBOOK] ASK: Adding orderMktData(price=76,quantity=145)
13:00:19.623 [main] DEBUG c.orderbook.OrderBook - [ORDERBOOK] ASK: Adding orderMktData(price=91,quantity=300)
13:00:19.623 [main] DEBUG c.orderbook.OrderBook - [ORDERBOOK] ASK: Adding orderMktData(price=93,quantity=200)
13:00:19.623 [main] DEBUG c.orderbook.OrderBook - [ORDERBOOK] ASK: Adding orderMktData(price=95,quantity=100)
13:00:19.623 [main] DEBUG c.orderbook.OrderBook - [ORDERBOOK] ASK: Adding orderMktData(price=98,quantity=154)
13:00:19.623 [main] INFO  c.o.v.MutatingMatchOneMarketDataOrderVisitor - [ORDERBOOK] visiting LevelOrderBookLevel(price=43,quantity=4278486)
13:00:19.623 [main] INFO  c.o.v.MutatingMatchOneMarketDataOrderVisitor - [ORDERBOOK] Can't match order:Limit(side=BUY,orderId=3,price=43,quantity=268)(MktData(price=98,quantity=154))
13:00:19.623 [main] INFO  c.o.v.MutatingMatchOneMarketDataOrderVisitor - [ORDERBOOK] Can't match order:Limit(side=BUY,orderId=5,price=43,quantity=1072)(MktData(price=98,quantity=154))
13:00:19.623 [main] INFO  c.o.v.MutatingMatchOneMarketDataOrderVisitor - [ORDERBOOK] Can't match order:Limit(side=BUY,orderId=7,price=43,quantity=4288)(MktData(price=98,quantity=154))
13:00:19.623 [main] INFO  c.o.v.MutatingMatchOneMarketDataOrderVisitor - [ORDERBOOK] Can't match order:Limit(side=BUY,orderId=9,price=43,quantity=17152)(MktData(price=98,quantity=154))
13:00:19.623 [main] INFO  c.o.v.MutatingMatchOneMarketDataOrderVisitor - [ORDERBOOK] Can't match order:Limit(side=BUY,orderId=11,price=43,quantity=68608)(MktData(price=98,quantity=154))
13:00:19.623 [main] INFO  c.o.v.MutatingMatchOneMarketDataOrderVisitor - [ORDERBOOK] Can't match order:Limit(side=BUY,orderId=12,price=43,quantity=137216)(MktData(price=98,quantity=154))
13:00:19.623 [main] INFO  c.o.v.MutatingMatchOneMarketDataOrderVisitor - [ORDERBOOK] Can't match order:Limit(side=BUY,orderId=13,price=43,quantity=274432)(MktData(price=98,quantity=154))
13:00:19.623 [main] INFO  c.o.v.MutatingMatchOneMarketDataOrderVisitor - [ORDERBOOK] Can't match order:Limit(side=BUY,orderId=14,price=43,quantity=548864)(MktData(price=98,quantity=154))
13:00:19.623 [main] INFO  c.o.v.MutatingMatchOneMarketDataOrderVisitor - [ORDERBOOK] Can't match order:Limit(side=BUY,orderId=15,price=43,quantity=1097728)(MktData(price=98,quantity=154))
13:00:19.623 [main] INFO  c.o.v.MutatingMatchOneMarketDataOrderVisitor - [ORDERBOOK] Can't match order:Limit(side=BUY,orderId=16,price=43,quantity=2195456)(MktData(price=98,quantity=154))
13:00:19.623 [main] INFO  c.o.v.MutatingMatchOneMarketDataOrderVisitor - [ORDERBOOK] Can't match order:MktData(price=43,quantity=134)(MktData(price=98,quantity=154))
13:00:19.623 [main] INFO  c.o.v.MutatingRemoveAllMarketDataOrdersVisitor - [ORDERBOOK] Removing market data order:MktData(price=98,quantity=501)
13:00:19.623 [main] INFO  c.o.v.MutatingRemoveAllMarketDataOrdersVisitor - [ORDERBOOK] Removing market data order:MktData(price=110,quantity=5000)
13:00:19.623 [main] INFO  c.o.v.MutatingRemoveAllMarketDataOrdersVisitor - [ORDERBOOK] Removing market data order:MktData(price=123,quantity=453)
13:00:19.623 [main] INFO  c.o.v.MutatingRemoveAllMarketDataOrdersVisitor - [ORDERBOOK] Removing market data order:MktData(price=167,quantity=665)
13:00:19.623 [main] DEBUG c.orderbook.OrderBook - [ORDERBOOK] ASK: Adding orderMktData(price=98,quantity=501)
13:00:19.623 [main] INFO  c.o.visitor.MutatingAddOrderVisitor - [ORDERBOOK] + Limit(side=SELL,orderId=17,price=98,quantity=501)
13:00:19.623 [main] DEBUG c.orderbook.OrderBook - [ORDERBOOK] ASK: Adding orderMktData(price=101,quantity=200)
13:00:19.623 [main] DEBUG c.orderbook.OrderBook - [ORDERBOOK] ASK: Adding orderMktData(price=110,quantity=5000)
13:00:19.623 [main] DEBUG c.orderbook.OrderBook - [ORDERBOOK] ASK: Adding orderMktData(price=119,quantity=5600)
13:00:19.623 [main] DEBUG c.orderbook.OrderBook - [ORDERBOOK] ASK: Adding orderMktData(price=123,quantity=453)
13:00:19.623 [main] DEBUG c.orderbook.OrderBook - [ORDERBOOK] ASK: Adding orderMktData(price=144,quantity=645)
13:00:19.623 [main] DEBUG c.orderbook.OrderBook - [ORDERBOOK] ASK: Adding orderMktData(price=167,quantity=665)
13:00:19.623 [main] DEBUG c.service.MarketDataService - [ALGO] BID: price:43 quantity:134
13:00:19.623 [main] DEBUG c.service.MarketDataService - [ALGO] BID: price:76 quantity:145
13:00:19.623 [main] DEBUG c.service.MarketDataService - [ALGO] BID: price:91 quantity:300
13:00:19.623 [main] DEBUG c.service.MarketDataService - [ALGO] BID: price:93 quantity:200
13:00:19.623 [main] DEBUG c.service.MarketDataService - [ALGO] BID: price:95 quantity:100
13:00:19.623 [main] DEBUG c.service.MarketDataService - [ALGO] BID: price:98 quantity:154
13:00:19.623 [main] DEBUG c.service.MarketDataService - [ALGO] ASK: price:98 quantity:501
13:00:19.623 [main] DEBUG c.service.MarketDataService - [ALGO] ASK: price:101 quantity:200
13:00:19.623 [main] DEBUG c.service.MarketDataService - [ALGO] ASK: price:110 quantity:5000
13:00:19.623 [main] DEBUG c.service.MarketDataService - [ALGO] ASK: price:119 quantity:5600
13:00:19.623 [main] DEBUG c.service.MarketDataService - [ALGO] ASK: price:123 quantity:453
13:00:19.623 [main] DEBUG c.service.MarketDataService - [ALGO] ASK: price:144 quantity:645
13:00:19.623 [main] DEBUG c.service.MarketDataService - [ALGO] ASK: price:167 quantity:665
13:00:19.623 [main] INFO  c.gettingstarted.MyAlgoLogic - [MYALGO] The state of the order book is:
|----BID-----||----ASK----|
    134 @ 43    501 @ 98
    145 @ 76   200 @ 101
    300 @ 91  5000 @ 110
    200 @ 93  5600 @ 119
    100 @ 95   453 @ 123
    154 @ 98   645 @ 144
          -    665 @ 167
|------------||-----------|

13:00:19.623 [main] INFO  c.gettingstarted.MyAlgoLogic - [MYALGO] Algo Sees Book as: 
|----BID-----||----ASK----|
    134 @ 43    501 @ 98
    145 @ 76   200 @ 101
    300 @ 91  5000 @ 110
    200 @ 93  5600 @ 119
    100 @ 95   453 @ 123
    154 @ 98   645 @ 144
          -    665 @ 167
|------------||-----------|

13:00:19.623 [main] INFO  c.gettingstarted.TimedLogic - [TIMEDLOGIC] Market is open
13:00:19.623 [main] INFO  c.sequencer.consumer.LoggingConsumer - [238] 
|----BID-----|
    134 @ 43
    145 @ 76
    300 @ 91
    200 @ 93
    100 @ 95
    154 @ 98
|----ASK-----|
    501 @ 98
   200 @ 101
  5000 @ 110
  5600 @ 119
   453 @ 123
   645 @ 144
   665 @ 167

13:00:19.623 [main] INFO  c.orderbook.OrderBook - [ORDERBOOK] Processing Mkt Data Update
13:00:19.623 [main] INFO  c.o.v.MutatingRemoveAllMarketDataOrdersVisitor - [ORDERBOOK] Removing market data order:MktData(price=43,quantity=134)
13:00:19.623 [main] DEBUG c.orderbook.OrderBook - [ORDERBOOK] ASK: Adding orderMktData(price=43,quantity=134)
13:00:19.623 [main] INFO  c.o.visitor.MutatingAddOrderVisitor - [ORDERBOOK] + Limit(side=BUY,orderId=16,price=43,quantity=2195456)
13:00:19.623 [main] DEBUG c.orderbook.OrderBook - [ORDERBOOK] ASK: Adding orderMktData(price=76,quantity=145)
13:00:19.623 [main] DEBUG c.orderbook.OrderBook - [ORDERBOOK] ASK: Adding orderMktData(price=91,quantity=300)
13:00:19.623 [main] DEBUG c.orderbook.OrderBook - [ORDERBOOK] ASK: Adding orderMktData(price=93,quantity=200)
13:00:19.623 [main] DEBUG c.orderbook.OrderBook - [ORDERBOOK] ASK: Adding orderMktData(price=95,quantity=100)
13:00:19.623 [main] DEBUG c.orderbook.OrderBook - [ORDERBOOK] ASK: Adding orderMktData(price=98,quantity=154)
13:00:19.623 [main] INFO  c.o.v.MutatingMatchOneMarketDataOrderVisitor - [ORDERBOOK] visiting LevelOrderBookLevel(price=43,quantity=4278620)
13:00:19.623 [main] INFO  c.o.v.MutatingMatchOneMarketDataOrderVisitor - [ORDERBOOK] Can't match order:Limit(side=BUY,orderId=3,price=43,quantity=268)(MktData(price=98,quantity=154))
13:00:19.623 [main] INFO  c.o.v.MutatingMatchOneMarketDataOrderVisitor - [ORDERBOOK] Can't match order:Limit(side=BUY,orderId=5,price=43,quantity=1072)(MktData(price=98,quantity=154))
13:00:19.623 [main] INFO  c.o.v.MutatingMatchOneMarketDataOrderVisitor - [ORDERBOOK] Can't match order:Limit(side=BUY,orderId=7,price=43,quantity=4288)(MktData(price=98,quantity=154))
13:00:19.623 [main] INFO  c.o.v.MutatingMatchOneMarketDataOrderVisitor - [ORDERBOOK] Can't match order:Limit(side=BUY,orderId=9,price=43,quantity=17152)(MktData(price=98,quantity=154))
13:00:19.623 [main] INFO  c.o.v.MutatingMatchOneMarketDataOrderVisitor - [ORDERBOOK] Can't match order:Limit(side=BUY,orderId=11,price=43,quantity=68608)(MktData(price=98,quantity=154))
13:00:19.623 [main] INFO  c.o.v.MutatingMatchOneMarketDataOrderVisitor - [ORDERBOOK] Can't match order:Limit(side=BUY,orderId=12,price=43,quantity=137216)(MktData(price=98,quantity=154))
13:00:19.623 [main] INFO  c.o.v.MutatingMatchOneMarketDataOrderVisitor - [ORDERBOOK] Can't match order:Limit(side=BUY,orderId=13,price=43,quantity=274432)(MktData(price=98,quantity=154))
13:00:19.623 [main] INFO  c.o.v.MutatingMatchOneMarketDataOrderVisitor - [ORDERBOOK] Can't match order:Limit(side=BUY,orderId=14,price=43,quantity=548864)(MktData(price=98,quantity=154))
13:00:19.623 [main] INFO  c.o.v.MutatingMatchOneMarketDataOrderVisitor - [ORDERBOOK] Can't match order:Limit(side=BUY,orderId=15,price=43,quantity=1097728)(MktData(price=98,quantity=154))
13:00:19.623 [main] INFO  c.o.v.MutatingMatchOneMarketDataOrderVisitor - [ORDERBOOK] Can't match order:Limit(side=BUY,orderId=16,price=43,quantity=2195456)(MktData(price=98,quantity=154))
13:00:19.623 [main] INFO  c.o.v.MutatingMatchOneMarketDataOrderVisitor - [ORDERBOOK] Can't match order:MktData(price=43,quantity=134)(MktData(price=98,quantity=154))
13:00:19.623 [main] INFO  c.o.v.MutatingRemoveAllMarketDataOrdersVisitor - [ORDERBOOK] Removing market data order:MktData(price=98,quantity=501)
13:00:19.623 [main] INFO  c.o.v.MutatingRemoveAllMarketDataOrdersVisitor - [ORDERBOOK] Removing market data order:MktData(price=110,quantity=5000)
13:00:19.623 [main] INFO  c.o.v.MutatingRemoveAllMarketDataOrdersVisitor - [ORDERBOOK] Removing market data order:MktData(price=123,quantity=453)
13:00:19.623 [main] INFO  c.o.v.MutatingRemoveAllMarketDataOrdersVisitor - [ORDERBOOK] Removing market data order:MktData(price=167,quantity=665)
13:00:19.623 [main] DEBUG c.orderbook.OrderBook - [ORDERBOOK] ASK: Adding orderMktData(price=98,quantity=501)
13:00:19.623 [main] INFO  c.o.visitor.MutatingAddOrderVisitor - [ORDERBOOK] + Limit(side=SELL,orderId=17,price=98,quantity=501)
13:00:19.623 [main] DEBUG c.orderbook.OrderBook - [ORDERBOOK] ASK: Adding orderMktData(price=101,quantity=200)
13:00:19.623 [main] DEBUG c.orderbook.OrderBook - [ORDERBOOK] ASK: Adding orderMktData(price=110,quantity=5000)
13:00:19.623 [main] DEBUG c.orderbook.OrderBook - [ORDERBOOK] ASK: Adding orderMktData(price=119,quantity=5600)
13:00:19.623 [main] DEBUG c.orderbook.OrderBook - [ORDERBOOK] ASK: Adding orderMktData(price=123,quantity=453)
13:00:19.623 [main] DEBUG c.orderbook.OrderBook - [ORDERBOOK] ASK: Adding orderMktData(price=144,quantity=645)
13:00:19.623 [main] DEBUG c.orderbook.OrderBook - [ORDERBOOK] ASK: Adding orderMktData(price=167,quantity=665)
13:00:19.623 [main] DEBUG c.service.MarketDataService - [ALGO] BID: price:43 quantity:134
13:00:19.623 [main] DEBUG c.service.MarketDataService - [ALGO] BID: price:76 quantity:145
13:00:19.623 [main] DEBUG c.service.MarketDataService - [ALGO] BID: price:91 quantity:300
13:00:19.623 [main] DEBUG c.service.MarketDataService - [ALGO] BID: price:93 quantity:200
13:00:19.623 [main] DEBUG c.service.MarketDataService - [ALGO] BID: price:95 quantity:100
13:00:19.623 [main] DEBUG c.service.MarketDataService - [ALGO] BID: price:98 quantity:154
13:00:19.623 [main] DEBUG c.service.MarketDataService - [ALGO] ASK: price:98 quantity:501
13:00:19.623 [main] DEBUG c.service.MarketDataService - [ALGO] ASK: price:101 quantity:200
13:00:19.623 [main] DEBUG c.service.MarketDataService - [ALGO] ASK: price:110 quantity:5000
13:00:19.623 [main] DEBUG c.service.MarketDataService - [ALGO] ASK: price:119 quantity:5600
13:00:19.623 [main] DEBUG c.service.MarketDataService - [ALGO] ASK: price:123 quantity:453
13:00:19.623 [main] DEBUG c.service.MarketDataService - [ALGO] ASK: price:144 quantity:645
13:00:19.623 [main] DEBUG c.service.MarketDataService - [ALGO] ASK: price:167 quantity:665
13:00:19.623 [main] INFO  c.gettingstarted.MyAlgoLogic - [MYALGO] The state of the order book is:
|----BID-----||----ASK----|
    134 @ 43    501 @ 98
    145 @ 76   200 @ 101
    300 @ 91  5000 @ 110
    200 @ 93  5600 @ 119
    100 @ 95   453 @ 123
    154 @ 98   645 @ 144
          -    665 @ 167
|------------||-----------|

13:00:19.623 [main] INFO  c.gettingstarted.MyAlgoLogic - [MYALGO] Algo Sees Book as: 
|----BID-----||----ASK----|
    134 @ 43    501 @ 98
    145 @ 76   200 @ 101
    300 @ 91  5000 @ 110
    200 @ 93  5600 @ 119
    100 @ 95   453 @ 123
    154 @ 98   645 @ 144
          -    665 @ 167
|------------||-----------|

13:00:19.623 [main] INFO  c.gettingstarted.TimedLogic - [TIMEDLOGIC] Market is open
13:00:19.623 [main] INFO  c.sequencer.consumer.LoggingConsumer - [239] 
|----BID-----|
    134 @ 43
    145 @ 76
    300 @ 91
    200 @ 93
    100 @ 95
    154 @ 98
|----ASK-----|
    501 @ 98
   200 @ 101
  5000 @ 110
  5600 @ 119
   453 @ 123
   645 @ 144
   665 @ 167

13:00:19.623 [main] INFO  c.orderbook.OrderBook - [ORDERBOOK] Processing Mkt Data Update
13:00:19.623 [main] INFO  c.o.v.MutatingRemoveAllMarketDataOrdersVisitor - [ORDERBOOK] Removing market data order:MktData(price=43,quantity=134)
13:00:19.623 [main] DEBUG c.orderbook.OrderBook - [ORDERBOOK] ASK: Adding orderMktData(price=43,quantity=134)
13:00:19.623 [main] INFO  c.o.visitor.MutatingAddOrderVisitor - [ORDERBOOK] + Limit(side=BUY,orderId=16,price=43,quantity=2195456)
13:00:19.623 [main] DEBUG c.orderbook.OrderBook - [ORDERBOOK] ASK: Adding orderMktData(price=76,quantity=145)
13:00:19.623 [main] DEBUG c.orderbook.OrderBook - [ORDERBOOK] ASK: Adding orderMktData(price=91,quantity=300)
13:00:19.623 [main] DEBUG c.orderbook.OrderBook - [ORDERBOOK] ASK: Adding orderMktData(price=93,quantity=200)
13:00:19.623 [main] DEBUG c.orderbook.OrderBook - [ORDERBOOK] ASK: Adding orderMktData(price=95,quantity=100)
13:00:19.623 [main] DEBUG c.orderbook.OrderBook - [ORDERBOOK] ASK: Adding orderMktData(price=98,quantity=154)
13:00:19.623 [main] INFO  c.o.v.MutatingMatchOneMarketDataOrderVisitor - [ORDERBOOK] visiting LevelOrderBookLevel(price=43,quantity=4278754)
13:00:19.623 [main] INFO  c.o.v.MutatingMatchOneMarketDataOrderVisitor - [ORDERBOOK] Can't match order:Limit(side=BUY,orderId=3,price=43,quantity=268)(MktData(price=98,quantity=154))
13:00:19.623 [main] INFO  c.o.v.MutatingMatchOneMarketDataOrderVisitor - [ORDERBOOK] Can't match order:Limit(side=BUY,orderId=5,price=43,quantity=1072)(MktData(price=98,quantity=154))
13:00:19.623 [main] INFO  c.o.v.MutatingMatchOneMarketDataOrderVisitor - [ORDERBOOK] Can't match order:Limit(side=BUY,orderId=7,price=43,quantity=4288)(MktData(price=98,quantity=154))
13:00:19.623 [main] INFO  c.o.v.MutatingMatchOneMarketDataOrderVisitor - [ORDERBOOK] Can't match order:Limit(side=BUY,orderId=9,price=43,quantity=17152)(MktData(price=98,quantity=154))
13:00:19.623 [main] INFO  c.o.v.MutatingMatchOneMarketDataOrderVisitor - [ORDERBOOK] Can't match order:Limit(side=BUY,orderId=11,price=43,quantity=68608)(MktData(price=98,quantity=154))
13:00:19.623 [main] INFO  c.o.v.MutatingMatchOneMarketDataOrderVisitor - [ORDERBOOK] Can't match order:Limit(side=BUY,orderId=12,price=43,quantity=137216)(MktData(price=98,quantity=154))
13:00:19.623 [main] INFO  c.o.v.MutatingMatchOneMarketDataOrderVisitor - [ORDERBOOK] Can't match order:Limit(side=BUY,orderId=13,price=43,quantity=274432)(MktData(price=98,quantity=154))
13:00:19.623 [main] INFO  c.o.v.MutatingMatchOneMarketDataOrderVisitor - [ORDERBOOK] Can't match order:Limit(side=BUY,orderId=14,price=43,quantity=548864)(MktData(price=98,quantity=154))
13:00:19.623 [main] INFO  c.o.v.MutatingMatchOneMarketDataOrderVisitor - [ORDERBOOK] Can't match order:Limit(side=BUY,orderId=15,price=43,quantity=1097728)(MktData(price=98,quantity=154))
13:00:19.623 [main] INFO  c.o.v.MutatingMatchOneMarketDataOrderVisitor - [ORDERBOOK] Can't match order:Limit(side=BUY,orderId=16,price=43,quantity=2195456)(MktData(price=98,quantity=154))
13:00:19.623 [main] INFO  c.o.v.MutatingMatchOneMarketDataOrderVisitor - [ORDERBOOK] Can't match order:MktData(price=43,quantity=134)(MktData(price=98,quantity=154))
13:00:19.623 [main] INFO  c.o.v.MutatingRemoveAllMarketDataOrdersVisitor - [ORDERBOOK] Removing market data order:MktData(price=98,quantity=501)
13:00:19.623 [main] INFO  c.o.v.MutatingRemoveAllMarketDataOrdersVisitor - [ORDERBOOK] Removing market data order:MktData(price=110,quantity=5000)
13:00:19.623 [main] INFO  c.o.v.MutatingRemoveAllMarketDataOrdersVisitor - [ORDERBOOK] Removing market data order:MktData(price=123,quantity=453)
13:00:19.623 [main] INFO  c.o.v.MutatingRemoveAllMarketDataOrdersVisitor - [ORDERBOOK] Removing market data order:MktData(price=167,quantity=665)
13:00:19.623 [main] DEBUG c.orderbook.OrderBook - [ORDERBOOK] ASK: Adding orderMktData(price=98,quantity=501)
13:00:19.623 [main] INFO  c.o.visitor.MutatingAddOrderVisitor - [ORDERBOOK] + Limit(side=SELL,orderId=17,price=98,quantity=501)
13:00:19.623 [main] DEBUG c.orderbook.OrderBook - [ORDERBOOK] ASK: Adding orderMktData(price=101,quantity=200)
13:00:19.623 [main] DEBUG c.orderbook.OrderBook - [ORDERBOOK] ASK: Adding orderMktData(price=110,quantity=5000)
13:00:19.623 [main] DEBUG c.orderbook.OrderBook - [ORDERBOOK] ASK: Adding orderMktData(price=119,quantity=5600)
13:00:19.623 [main] DEBUG c.orderbook.OrderBook - [ORDERBOOK] ASK: Adding orderMktData(price=123,quantity=453)
13:00:19.623 [main] DEBUG c.orderbook.OrderBook - [ORDERBOOK] ASK: Adding orderMktData(price=144,quantity=645)
13:00:19.623 [main] DEBUG c.orderbook.OrderBook - [ORDERBOOK] ASK: Adding orderMktData(price=167,quantity=665)
13:00:19.623 [main] DEBUG c.service.MarketDataService - [ALGO] BID: price:43 quantity:134
13:00:19.623 [main] DEBUG c.service.MarketDataService - [ALGO] BID: price:76 quantity:145
13:00:19.623 [main] DEBUG c.service.MarketDataService - [ALGO] BID: price:91 quantity:300
13:00:19.623 [main] DEBUG c.service.MarketDataService - [ALGO] BID: price:93 quantity:200
13:00:19.623 [main] DEBUG c.service.MarketDataService - [ALGO] BID: price:95 quantity:100
13:00:19.623 [main] DEBUG c.service.MarketDataService - [ALGO] BID: price:98 quantity:154
13:00:19.623 [main] DEBUG c.service.MarketDataService - [ALGO] ASK: price:98 quantity:501
13:00:19.623 [main] DEBUG c.service.MarketDataService - [ALGO] ASK: price:101 quantity:200
13:00:19.623 [main] DEBUG c.service.MarketDataService - [ALGO] ASK: price:110 quantity:5000
13:00:19.623 [main] DEBUG c.service.MarketDataService - [ALGO] ASK: price:119 quantity:5600
13:00:19.623 [main] DEBUG c.service.MarketDataService - [ALGO] ASK: price:123 quantity:453
13:00:19.623 [main] DEBUG c.service.MarketDataService - [ALGO] ASK: price:144 quantity:645
13:00:19.623 [main] DEBUG c.service.MarketDataService - [ALGO] ASK: price:167 quantity:665
13:00:19.623 [main] INFO  c.gettingstarted.MyAlgoLogic - [MYALGO] The state of the order book is:
|----BID-----||----ASK----|
    134 @ 43    501 @ 98
    145 @ 76   200 @ 101
    300 @ 91  5000 @ 110
    200 @ 93  5600 @ 119
    100 @ 95   453 @ 123
    154 @ 98   645 @ 144
          -    665 @ 167
|------------||-----------|

13:00:19.623 [main] INFO  c.gettingstarted.MyAlgoLogic - [MYALGO] Algo Sees Book as: 
|----BID-----||----ASK----|
    134 @ 43    501 @ 98
    145 @ 76   200 @ 101
    300 @ 91  5000 @ 110
    200 @ 93  5600 @ 119
    100 @ 95   453 @ 123
    154 @ 98   645 @ 144
          -    665 @ 167
|------------||-----------|

13:00:19.623 [main] INFO  c.gettingstarted.TimedLogic - [TIMEDLOGIC] Market is open
13:00:19.623 [main] INFO  c.sequencer.consumer.LoggingConsumer - [240] 
|----BID-----|
    134 @ 43
    145 @ 76
    300 @ 91
    200 @ 93
    100 @ 95
    154 @ 98
|----ASK-----|
    501 @ 98
   200 @ 101
  5000 @ 110
  5600 @ 119
   453 @ 123
   645 @ 144
   665 @ 167

13:00:19.623 [main] INFO  c.orderbook.OrderBook - [ORDERBOOK] Processing Mkt Data Update
13:00:19.623 [main] INFO  c.o.v.MutatingRemoveAllMarketDataOrdersVisitor - [ORDERBOOK] Removing market data order:MktData(price=43,quantity=134)
13:00:19.623 [main] DEBUG c.orderbook.OrderBook - [ORDERBOOK] ASK: Adding orderMktData(price=43,quantity=134)
13:00:19.623 [main] INFO  c.o.visitor.MutatingAddOrderVisitor - [ORDERBOOK] + Limit(side=BUY,orderId=16,price=43,quantity=2195456)
13:00:19.623 [main] DEBUG c.orderbook.OrderBook - [ORDERBOOK] ASK: Adding orderMktData(price=76,quantity=145)
13:00:19.623 [main] DEBUG c.orderbook.OrderBook - [ORDERBOOK] ASK: Adding orderMktData(price=91,quantity=300)
13:00:19.623 [main] DEBUG c.orderbook.OrderBook - [ORDERBOOK] ASK: Adding orderMktData(price=93,quantity=200)
13:00:19.623 [main] DEBUG c.orderbook.OrderBook - [ORDERBOOK] ASK: Adding orderMktData(price=95,quantity=100)
13:00:19.623 [main] DEBUG c.orderbook.OrderBook - [ORDERBOOK] ASK: Adding orderMktData(price=98,quantity=154)
13:00:19.623 [main] INFO  c.o.v.MutatingMatchOneMarketDataOrderVisitor - [ORDERBOOK] visiting LevelOrderBookLevel(price=43,quantity=4278888)
13:00:19.623 [main] INFO  c.o.v.MutatingMatchOneMarketDataOrderVisitor - [ORDERBOOK] Can't match order:Limit(side=BUY,orderId=3,price=43,quantity=268)(MktData(price=98,quantity=154))
13:00:19.623 [main] INFO  c.o.v.MutatingMatchOneMarketDataOrderVisitor - [ORDERBOOK] Can't match order:Limit(side=BUY,orderId=5,price=43,quantity=1072)(MktData(price=98,quantity=154))
13:00:19.623 [main] INFO  c.o.v.MutatingMatchOneMarketDataOrderVisitor - [ORDERBOOK] Can't match order:Limit(side=BUY,orderId=7,price=43,quantity=4288)(MktData(price=98,quantity=154))
13:00:19.623 [main] INFO  c.o.v.MutatingMatchOneMarketDataOrderVisitor - [ORDERBOOK] Can't match order:Limit(side=BUY,orderId=9,price=43,quantity=17152)(MktData(price=98,quantity=154))
13:00:19.623 [main] INFO  c.o.v.MutatingMatchOneMarketDataOrderVisitor - [ORDERBOOK] Can't match order:Limit(side=BUY,orderId=11,price=43,quantity=68608)(MktData(price=98,quantity=154))
13:00:19.623 [main] INFO  c.o.v.MutatingMatchOneMarketDataOrderVisitor - [ORDERBOOK] Can't match order:Limit(side=BUY,orderId=12,price=43,quantity=137216)(MktData(price=98,quantity=154))
13:00:19.623 [main] INFO  c.o.v.MutatingMatchOneMarketDataOrderVisitor - [ORDERBOOK] Can't match order:Limit(side=BUY,orderId=13,price=43,quantity=274432)(MktData(price=98,quantity=154))
13:00:19.623 [main] INFO  c.o.v.MutatingMatchOneMarketDataOrderVisitor - [ORDERBOOK] Can't match order:Limit(side=BUY,orderId=14,price=43,quantity=548864)(MktData(price=98,quantity=154))
13:00:19.623 [main] INFO  c.o.v.MutatingMatchOneMarketDataOrderVisitor - [ORDERBOOK] Can't match order:Limit(side=BUY,orderId=15,price=43,quantity=1097728)(MktData(price=98,quantity=154))
13:00:19.623 [main] INFO  c.o.v.MutatingMatchOneMarketDataOrderVisitor - [ORDERBOOK] Can't match order:Limit(side=BUY,orderId=16,price=43,quantity=2195456)(MktData(price=98,quantity=154))
13:00:19.623 [main] INFO  c.o.v.MutatingMatchOneMarketDataOrderVisitor - [ORDERBOOK] Can't match order:MktData(price=43,quantity=134)(MktData(price=98,quantity=154))
13:00:19.623 [main] INFO  c.o.v.MutatingRemoveAllMarketDataOrdersVisitor - [ORDERBOOK] Removing market data order:MktData(price=98,quantity=501)
13:00:19.623 [main] INFO  c.o.v.MutatingRemoveAllMarketDataOrdersVisitor - [ORDERBOOK] Removing market data order:MktData(price=110,quantity=5000)
13:00:19.623 [main] INFO  c.o.v.MutatingRemoveAllMarketDataOrdersVisitor - [ORDERBOOK] Removing market data order:MktData(price=123,quantity=453)
13:00:19.623 [main] INFO  c.o.v.MutatingRemoveAllMarketDataOrdersVisitor - [ORDERBOOK] Removing market data order:MktData(price=167,quantity=665)
13:00:19.623 [main] DEBUG c.orderbook.OrderBook - [ORDERBOOK] ASK: Adding orderMktData(price=98,quantity=501)
13:00:19.623 [main] INFO  c.o.visitor.MutatingAddOrderVisitor - [ORDERBOOK] + Limit(side=SELL,orderId=17,price=98,quantity=501)
13:00:19.623 [main] DEBUG c.orderbook.OrderBook - [ORDERBOOK] ASK: Adding orderMktData(price=101,quantity=200)
13:00:19.623 [main] DEBUG c.orderbook.OrderBook - [ORDERBOOK] ASK: Adding orderMktData(price=110,quantity=5000)
13:00:19.623 [main] DEBUG c.orderbook.OrderBook - [ORDERBOOK] ASK: Adding orderMktData(price=119,quantity=5600)
13:00:19.623 [main] DEBUG c.orderbook.OrderBook - [ORDERBOOK] ASK: Adding orderMktData(price=123,quantity=453)
13:00:19.623 [main] DEBUG c.orderbook.OrderBook - [ORDERBOOK] ASK: Adding orderMktData(price=144,quantity=645)
13:00:19.623 [main] DEBUG c.orderbook.OrderBook - [ORDERBOOK] ASK: Adding orderMktData(price=167,quantity=665)
13:00:19.623 [main] DEBUG c.service.MarketDataService - [ALGO] BID: price:43 quantity:134
13:00:19.623 [main] DEBUG c.service.MarketDataService - [ALGO] BID: price:76 quantity:145
13:00:19.623 [main] DEBUG c.service.MarketDataService - [ALGO] BID: price:91 quantity:300
13:00:19.623 [main] DEBUG c.service.MarketDataService - [ALGO] BID: price:93 quantity:200
13:00:19.623 [main] DEBUG c.service.MarketDataService - [ALGO] BID: price:95 quantity:100
13:00:19.623 [main] DEBUG c.service.MarketDataService - [ALGO] BID: price:98 quantity:154
13:00:19.623 [main] DEBUG c.service.MarketDataService - [ALGO] ASK: price:98 quantity:501
13:00:19.623 [main] DEBUG c.service.MarketDataService - [ALGO] ASK: price:101 quantity:200
13:00:19.623 [main] DEBUG c.service.MarketDataService - [ALGO] ASK: price:110 quantity:5000
13:00:19.623 [main] DEBUG c.service.MarketDataService - [ALGO] ASK: price:119 quantity:5600
13:00:19.623 [main] DEBUG c.service.MarketDataService - [ALGO] ASK: price:123 quantity:453
13:00:19.623 [main] DEBUG c.service.MarketDataService - [ALGO] ASK: price:144 quantity:645
13:00:19.623 [main] DEBUG c.service.MarketDataService - [ALGO] ASK: price:167 quantity:665
13:00:19.623 [main] INFO  c.gettingstarted.MyAlgoLogic - [MYALGO] The state of the order book is:
|----BID-----||----ASK----|
    134 @ 43    501 @ 98
    145 @ 76   200 @ 101
    300 @ 91  5000 @ 110
    200 @ 93  5600 @ 119
    100 @ 95   453 @ 123
    154 @ 98   645 @ 144
          -    665 @ 167
|------------||-----------|

13:00:19.623 [main] INFO  c.gettingstarted.MyAlgoLogic - [MYALGO] Algo Sees Book as: 
|----BID-----||----ASK----|
    134 @ 43    501 @ 98
    145 @ 76   200 @ 101
    300 @ 91  5000 @ 110
    200 @ 93  5600 @ 119
    100 @ 95   453 @ 123
    154 @ 98   645 @ 144
          -    665 @ 167
|------------||-----------|

13:00:19.623 [main] INFO  c.gettingstarted.TimedLogic - [TIMEDLOGIC] Market is open
13:00:19.623 [main] INFO  c.sequencer.consumer.LoggingConsumer - [241] 
|----BID-----|
    134 @ 43
    145 @ 76
    300 @ 91
    200 @ 93
    100 @ 95
    154 @ 98
|----ASK-----|
    501 @ 98
   200 @ 101
  5000 @ 110
  5600 @ 119
   453 @ 123
   645 @ 144
   665 @ 167

13:00:19.623 [main] INFO  c.orderbook.OrderBook - [ORDERBOOK] Processing Mkt Data Update
13:00:19.623 [main] INFO  c.o.v.MutatingRemoveAllMarketDataOrdersVisitor - [ORDERBOOK] Removing market data order:MktData(price=43,quantity=134)
13:00:19.623 [main] DEBUG c.orderbook.OrderBook - [ORDERBOOK] ASK: Adding orderMktData(price=43,quantity=134)
13:00:19.623 [main] INFO  c.o.visitor.MutatingAddOrderVisitor - [ORDERBOOK] + Limit(side=BUY,orderId=16,price=43,quantity=2195456)
13:00:19.623 [main] DEBUG c.orderbook.OrderBook - [ORDERBOOK] ASK: Adding orderMktData(price=76,quantity=145)
13:00:19.623 [main] DEBUG c.orderbook.OrderBook - [ORDERBOOK] ASK: Adding orderMktData(price=91,quantity=300)
13:00:19.623 [main] DEBUG c.orderbook.OrderBook - [ORDERBOOK] ASK: Adding orderMktData(price=93,quantity=200)
13:00:19.623 [main] DEBUG c.orderbook.OrderBook - [ORDERBOOK] ASK: Adding orderMktData(price=95,quantity=100)
13:00:19.623 [main] DEBUG c.orderbook.OrderBook - [ORDERBOOK] ASK: Adding orderMktData(price=98,quantity=154)
13:00:19.623 [main] INFO  c.o.v.MutatingMatchOneMarketDataOrderVisitor - [ORDERBOOK] visiting LevelOrderBookLevel(price=43,quantity=4279022)
13:00:19.623 [main] INFO  c.o.v.MutatingMatchOneMarketDataOrderVisitor - [ORDERBOOK] Can't match order:Limit(side=BUY,orderId=3,price=43,quantity=268)(MktData(price=98,quantity=154))
13:00:19.623 [main] INFO  c.o.v.MutatingMatchOneMarketDataOrderVisitor - [ORDERBOOK] Can't match order:Limit(side=BUY,orderId=5,price=43,quantity=1072)(MktData(price=98,quantity=154))
13:00:19.623 [main] INFO  c.o.v.MutatingMatchOneMarketDataOrderVisitor - [ORDERBOOK] Can't match order:Limit(side=BUY,orderId=7,price=43,quantity=4288)(MktData(price=98,quantity=154))
13:00:19.623 [main] INFO  c.o.v.MutatingMatchOneMarketDataOrderVisitor - [ORDERBOOK] Can't match order:Limit(side=BUY,orderId=9,price=43,quantity=17152)(MktData(price=98,quantity=154))
13:00:19.623 [main] INFO  c.o.v.MutatingMatchOneMarketDataOrderVisitor - [ORDERBOOK] Can't match order:Limit(side=BUY,orderId=11,price=43,quantity=68608)(MktData(price=98,quantity=154))
13:00:19.623 [main] INFO  c.o.v.MutatingMatchOneMarketDataOrderVisitor - [ORDERBOOK] Can't match order:Limit(side=BUY,orderId=12,price=43,quantity=137216)(MktData(price=98,quantity=154))
13:00:19.623 [main] INFO  c.o.v.MutatingMatchOneMarketDataOrderVisitor - [ORDERBOOK] Can't match order:Limit(side=BUY,orderId=13,price=43,quantity=274432)(MktData(price=98,quantity=154))
13:00:19.623 [main] INFO  c.o.v.MutatingMatchOneMarketDataOrderVisitor - [ORDERBOOK] Can't match order:Limit(side=BUY,orderId=14,price=43,quantity=548864)(MktData(price=98,quantity=154))
13:00:19.623 [main] INFO  c.o.v.MutatingMatchOneMarketDataOrderVisitor - [ORDERBOOK] Can't match order:Limit(side=BUY,orderId=15,price=43,quantity=1097728)(MktData(price=98,quantity=154))
13:00:19.623 [main] INFO  c.o.v.MutatingMatchOneMarketDataOrderVisitor - [ORDERBOOK] Can't match order:Limit(side=BUY,orderId=16,price=43,quantity=2195456)(MktData(price=98,quantity=154))
13:00:19.623 [main] INFO  c.o.v.MutatingMatchOneMarketDataOrderVisitor - [ORDERBOOK] Can't match order:MktData(price=43,quantity=134)(MktData(price=98,quantity=154))
13:00:19.623 [main] INFO  c.o.v.MutatingRemoveAllMarketDataOrdersVisitor - [ORDERBOOK] Removing market data order:MktData(price=98,quantity=501)
13:00:19.623 [main] INFO  c.o.v.MutatingRemoveAllMarketDataOrdersVisitor - [ORDERBOOK] Removing market data order:MktData(price=110,quantity=5000)
13:00:19.623 [main] INFO  c.o.v.MutatingRemoveAllMarketDataOrdersVisitor - [ORDERBOOK] Removing market data order:MktData(price=123,quantity=453)
13:00:19.623 [main] INFO  c.o.v.MutatingRemoveAllMarketDataOrdersVisitor - [ORDERBOOK] Removing market data order:MktData(price=167,quantity=665)
13:00:19.623 [main] DEBUG c.orderbook.OrderBook - [ORDERBOOK] ASK: Adding orderMktData(price=98,quantity=501)
13:00:19.623 [main] INFO  c.o.visitor.MutatingAddOrderVisitor - [ORDERBOOK] + Limit(side=SELL,orderId=17,price=98,quantity=501)
13:00:19.623 [main] DEBUG c.orderbook.OrderBook - [ORDERBOOK] ASK: Adding orderMktData(price=101,quantity=200)
13:00:19.623 [main] DEBUG c.orderbook.OrderBook - [ORDERBOOK] ASK: Adding orderMktData(price=110,quantity=5000)
13:00:19.623 [main] DEBUG c.orderbook.OrderBook - [ORDERBOOK] ASK: Adding orderMktData(price=119,quantity=5600)
13:00:19.623 [main] DEBUG c.orderbook.OrderBook - [ORDERBOOK] ASK: Adding orderMktData(price=123,quantity=453)
13:00:19.623 [main] DEBUG c.orderbook.OrderBook - [ORDERBOOK] ASK: Adding orderMktData(price=144,quantity=645)
13:00:19.623 [main] DEBUG c.orderbook.OrderBook - [ORDERBOOK] ASK: Adding orderMktData(price=167,quantity=665)
13:00:19.623 [main] DEBUG c.service.MarketDataService - [ALGO] BID: price:43 quantity:134
13:00:19.623 [main] DEBUG c.service.MarketDataService - [ALGO] BID: price:76 quantity:145
13:00:19.623 [main] DEBUG c.service.MarketDataService - [ALGO] BID: price:91 quantity:300
13:00:19.623 [main] DEBUG c.service.MarketDataService - [ALGO] BID: price:93 quantity:200
13:00:19.623 [main] DEBUG c.service.MarketDataService - [ALGO] BID: price:95 quantity:100
13:00:19.623 [main] DEBUG c.service.MarketDataService - [ALGO] BID: price:98 quantity:154
13:00:19.623 [main] DEBUG c.service.MarketDataService - [ALGO] ASK: price:98 quantity:501
13:00:19.623 [main] DEBUG c.service.MarketDataService - [ALGO] ASK: price:101 quantity:200
13:00:19.623 [main] DEBUG c.service.MarketDataService - [ALGO] ASK: price:110 quantity:5000
13:00:19.623 [main] DEBUG c.service.MarketDataService - [ALGO] ASK: price:119 quantity:5600
13:00:19.623 [main] DEBUG c.service.MarketDataService - [ALGO] ASK: price:123 quantity:453
13:00:19.623 [main] DEBUG c.service.MarketDataService - [ALGO] ASK: price:144 quantity:645
13:00:19.623 [main] DEBUG c.service.MarketDataService - [ALGO] ASK: price:167 quantity:665
13:00:19.631 [main] INFO  c.gettingstarted.MyAlgoLogic - [MYALGO] The state of the order book is:
|----BID-----||----ASK----|
    134 @ 43    501 @ 98
    145 @ 76   200 @ 101
    300 @ 91  5000 @ 110
    200 @ 93  5600 @ 119
    100 @ 95   453 @ 123
    154 @ 98   645 @ 144
          -    665 @ 167
|------------||-----------|

13:00:19.631 [main] INFO  c.gettingstarted.MyAlgoLogic - [MYALGO] Algo Sees Book as: 
|----BID-----||----ASK----|
    134 @ 43    501 @ 98
    145 @ 76   200 @ 101
    300 @ 91  5000 @ 110
    200 @ 93  5600 @ 119
    100 @ 95   453 @ 123
    154 @ 98   645 @ 144
          -    665 @ 167
|------------||-----------|

13:00:19.631 [main] INFO  c.gettingstarted.TimedLogic - [TIMEDLOGIC] Market is open
13:00:19.631 [main] INFO  c.sequencer.consumer.LoggingConsumer - [242] 
|----BID-----|
    134 @ 43
    145 @ 76
    300 @ 91
    200 @ 93
    100 @ 95
    154 @ 98
|----ASK-----|
    501 @ 98
   200 @ 101
  5000 @ 110
  5600 @ 119
   453 @ 123
   645 @ 144
   665 @ 167

13:00:19.631 [main] INFO  c.orderbook.OrderBook - [ORDERBOOK] Processing Mkt Data Update
13:00:19.631 [main] INFO  c.o.v.MutatingRemoveAllMarketDataOrdersVisitor - [ORDERBOOK] Removing market data order:MktData(price=43,quantity=134)
13:00:19.631 [main] DEBUG c.orderbook.OrderBook - [ORDERBOOK] ASK: Adding orderMktData(price=43,quantity=134)
13:00:19.631 [main] INFO  c.o.visitor.MutatingAddOrderVisitor - [ORDERBOOK] + Limit(side=BUY,orderId=16,price=43,quantity=2195456)
13:00:19.631 [main] DEBUG c.orderbook.OrderBook - [ORDERBOOK] ASK: Adding orderMktData(price=76,quantity=145)
13:00:19.631 [main] DEBUG c.orderbook.OrderBook - [ORDERBOOK] ASK: Adding orderMktData(price=91,quantity=300)
13:00:19.631 [main] DEBUG c.orderbook.OrderBook - [ORDERBOOK] ASK: Adding orderMktData(price=93,quantity=200)
13:00:19.631 [main] DEBUG c.orderbook.OrderBook - [ORDERBOOK] ASK: Adding orderMktData(price=95,quantity=100)
13:00:19.631 [main] DEBUG c.orderbook.OrderBook - [ORDERBOOK] ASK: Adding orderMktData(price=98,quantity=154)
13:00:19.631 [main] INFO  c.o.v.MutatingMatchOneMarketDataOrderVisitor - [ORDERBOOK] visiting LevelOrderBookLevel(price=43,quantity=4279156)
13:00:19.631 [main] INFO  c.o.v.MutatingMatchOneMarketDataOrderVisitor - [ORDERBOOK] Can't match order:Limit(side=BUY,orderId=3,price=43,quantity=268)(MktData(price=98,quantity=154))
13:00:19.631 [main] INFO  c.o.v.MutatingMatchOneMarketDataOrderVisitor - [ORDERBOOK] Can't match order:Limit(side=BUY,orderId=5,price=43,quantity=1072)(MktData(price=98,quantity=154))
13:00:19.631 [main] INFO  c.o.v.MutatingMatchOneMarketDataOrderVisitor - [ORDERBOOK] Can't match order:Limit(side=BUY,orderId=7,price=43,quantity=4288)(MktData(price=98,quantity=154))
13:00:19.631 [main] INFO  c.o.v.MutatingMatchOneMarketDataOrderVisitor - [ORDERBOOK] Can't match order:Limit(side=BUY,orderId=9,price=43,quantity=17152)(MktData(price=98,quantity=154))
13:00:19.631 [main] INFO  c.o.v.MutatingMatchOneMarketDataOrderVisitor - [ORDERBOOK] Can't match order:Limit(side=BUY,orderId=11,price=43,quantity=68608)(MktData(price=98,quantity=154))
13:00:19.631 [main] INFO  c.o.v.MutatingMatchOneMarketDataOrderVisitor - [ORDERBOOK] Can't match order:Limit(side=BUY,orderId=12,price=43,quantity=137216)(MktData(price=98,quantity=154))
13:00:19.631 [main] INFO  c.o.v.MutatingMatchOneMarketDataOrderVisitor - [ORDERBOOK] Can't match order:Limit(side=BUY,orderId=13,price=43,quantity=274432)(MktData(price=98,quantity=154))
13:00:19.631 [main] INFO  c.o.v.MutatingMatchOneMarketDataOrderVisitor - [ORDERBOOK] Can't match order:Limit(side=BUY,orderId=14,price=43,quantity=548864)(MktData(price=98,quantity=154))
13:00:19.631 [main] INFO  c.o.v.MutatingMatchOneMarketDataOrderVisitor - [ORDERBOOK] Can't match order:Limit(side=BUY,orderId=15,price=43,quantity=1097728)(MktData(price=98,quantity=154))
13:00:19.631 [main] INFO  c.o.v.MutatingMatchOneMarketDataOrderVisitor - [ORDERBOOK] Can't match order:Limit(side=BUY,orderId=16,price=43,quantity=2195456)(MktData(price=98,quantity=154))
13:00:19.631 [main] INFO  c.o.v.MutatingMatchOneMarketDataOrderVisitor - [ORDERBOOK] Can't match order:MktData(price=43,quantity=134)(MktData(price=98,quantity=154))
13:00:19.631 [main] INFO  c.o.v.MutatingRemoveAllMarketDataOrdersVisitor - [ORDERBOOK] Removing market data order:MktData(price=98,quantity=501)
13:00:19.631 [main] INFO  c.o.v.MutatingRemoveAllMarketDataOrdersVisitor - [ORDERBOOK] Removing market data order:MktData(price=110,quantity=5000)
13:00:19.631 [main] INFO  c.o.v.MutatingRemoveAllMarketDataOrdersVisitor - [ORDERBOOK] Removing market data order:MktData(price=123,quantity=453)
13:00:19.631 [main] INFO  c.o.v.MutatingRemoveAllMarketDataOrdersVisitor - [ORDERBOOK] Removing market data order:MktData(price=167,quantity=665)
13:00:19.631 [main] DEBUG c.orderbook.OrderBook - [ORDERBOOK] ASK: Adding orderMktData(price=98,quantity=501)
13:00:19.631 [main] INFO  c.o.visitor.MutatingAddOrderVisitor - [ORDERBOOK] + Limit(side=SELL,orderId=17,price=98,quantity=501)
13:00:19.631 [main] DEBUG c.orderbook.OrderBook - [ORDERBOOK] ASK: Adding orderMktData(price=101,quantity=200)
13:00:19.631 [main] DEBUG c.orderbook.OrderBook - [ORDERBOOK] ASK: Adding orderMktData(price=110,quantity=5000)
13:00:19.631 [main] DEBUG c.orderbook.OrderBook - [ORDERBOOK] ASK: Adding orderMktData(price=119,quantity=5600)
13:00:19.631 [main] DEBUG c.orderbook.OrderBook - [ORDERBOOK] ASK: Adding orderMktData(price=123,quantity=453)
13:00:19.631 [main] DEBUG c.orderbook.OrderBook - [ORDERBOOK] ASK: Adding orderMktData(price=144,quantity=645)
13:00:19.631 [main] DEBUG c.orderbook.OrderBook - [ORDERBOOK] ASK: Adding orderMktData(price=167,quantity=665)
13:00:19.631 [main] DEBUG c.service.MarketDataService - [ALGO] BID: price:43 quantity:134
13:00:19.631 [main] DEBUG c.service.MarketDataService - [ALGO] BID: price:76 quantity:145
13:00:19.631 [main] DEBUG c.service.MarketDataService - [ALGO] BID: price:91 quantity:300
13:00:19.631 [main] DEBUG c.service.MarketDataService - [ALGO] BID: price:93 quantity:200
13:00:19.631 [main] DEBUG c.service.MarketDataService - [ALGO] BID: price:95 quantity:100
13:00:19.631 [main] DEBUG c.service.MarketDataService - [ALGO] BID: price:98 quantity:154
13:00:19.631 [main] DEBUG c.service.MarketDataService - [ALGO] ASK: price:98 quantity:501
13:00:19.631 [main] DEBUG c.service.MarketDataService - [ALGO] ASK: price:101 quantity:200
13:00:19.631 [main] DEBUG c.service.MarketDataService - [ALGO] ASK: price:110 quantity:5000
13:00:19.631 [main] DEBUG c.service.MarketDataService - [ALGO] ASK: price:119 quantity:5600
13:00:19.631 [main] DEBUG c.service.MarketDataService - [ALGO] ASK: price:123 quantity:453
13:00:19.631 [main] DEBUG c.service.MarketDataService - [ALGO] ASK: price:144 quantity:645
13:00:19.631 [main] DEBUG c.service.MarketDataService - [ALGO] ASK: price:167 quantity:665
13:00:19.631 [main] INFO  c.gettingstarted.MyAlgoLogic - [MYALGO] The state of the order book is:
|----BID-----||----ASK----|
    134 @ 43    501 @ 98
    145 @ 76   200 @ 101
    300 @ 91  5000 @ 110
    200 @ 93  5600 @ 119
    100 @ 95   453 @ 123
    154 @ 98   645 @ 144
          -    665 @ 167
|------------||-----------|

13:00:19.631 [main] INFO  c.gettingstarted.MyAlgoLogic - [MYALGO] Algo Sees Book as: 
|----BID-----||----ASK----|
    134 @ 43    501 @ 98
    145 @ 76   200 @ 101
    300 @ 91  5000 @ 110
    200 @ 93  5600 @ 119
    100 @ 95   453 @ 123
    154 @ 98   645 @ 144
          -    665 @ 167
|------------||-----------|

13:00:19.631 [main] INFO  c.gettingstarted.TimedLogic - [TIMEDLOGIC] Market is open
13:00:19.633 [main] INFO  c.sequencer.consumer.LoggingConsumer - [243] 
|----BID-----|
    134 @ 43
    145 @ 76
    300 @ 91
    200 @ 93
    100 @ 95
    154 @ 98
|----ASK-----|
    501 @ 98
   200 @ 101
  5000 @ 110
  5600 @ 119
   453 @ 123
   645 @ 144
   665 @ 167

13:00:19.633 [main] INFO  c.orderbook.OrderBook - [ORDERBOOK] Processing Mkt Data Update
13:00:19.633 [main] INFO  c.o.v.MutatingRemoveAllMarketDataOrdersVisitor - [ORDERBOOK] Removing market data order:MktData(price=43,quantity=134)
13:00:19.633 [main] DEBUG c.orderbook.OrderBook - [ORDERBOOK] ASK: Adding orderMktData(price=43,quantity=134)
13:00:19.633 [main] INFO  c.o.visitor.MutatingAddOrderVisitor - [ORDERBOOK] + Limit(side=BUY,orderId=16,price=43,quantity=2195456)
13:00:19.633 [main] DEBUG c.orderbook.OrderBook - [ORDERBOOK] ASK: Adding orderMktData(price=76,quantity=145)
13:00:19.633 [main] DEBUG c.orderbook.OrderBook - [ORDERBOOK] ASK: Adding orderMktData(price=91,quantity=300)
13:00:19.633 [main] DEBUG c.orderbook.OrderBook - [ORDERBOOK] ASK: Adding orderMktData(price=93,quantity=200)
13:00:19.633 [main] DEBUG c.orderbook.OrderBook - [ORDERBOOK] ASK: Adding orderMktData(price=95,quantity=100)
13:00:19.633 [main] DEBUG c.orderbook.OrderBook - [ORDERBOOK] ASK: Adding orderMktData(price=98,quantity=154)
13:00:19.633 [main] INFO  c.o.v.MutatingMatchOneMarketDataOrderVisitor - [ORDERBOOK] visiting LevelOrderBookLevel(price=43,quantity=4279290)
13:00:19.633 [main] INFO  c.o.v.MutatingMatchOneMarketDataOrderVisitor - [ORDERBOOK] Can't match order:Limit(side=BUY,orderId=3,price=43,quantity=268)(MktData(price=98,quantity=154))
13:00:19.633 [main] INFO  c.o.v.MutatingMatchOneMarketDataOrderVisitor - [ORDERBOOK] Can't match order:Limit(side=BUY,orderId=5,price=43,quantity=1072)(MktData(price=98,quantity=154))
13:00:19.633 [main] INFO  c.o.v.MutatingMatchOneMarketDataOrderVisitor - [ORDERBOOK] Can't match order:Limit(side=BUY,orderId=7,price=43,quantity=4288)(MktData(price=98,quantity=154))
13:00:19.633 [main] INFO  c.o.v.MutatingMatchOneMarketDataOrderVisitor - [ORDERBOOK] Can't match order:Limit(side=BUY,orderId=9,price=43,quantity=17152)(MktData(price=98,quantity=154))
13:00:19.633 [main] INFO  c.o.v.MutatingMatchOneMarketDataOrderVisitor - [ORDERBOOK] Can't match order:Limit(side=BUY,orderId=11,price=43,quantity=68608)(MktData(price=98,quantity=154))
13:00:19.633 [main] INFO  c.o.v.MutatingMatchOneMarketDataOrderVisitor - [ORDERBOOK] Can't match order:Limit(side=BUY,orderId=12,price=43,quantity=137216)(MktData(price=98,quantity=154))
13:00:19.633 [main] INFO  c.o.v.MutatingMatchOneMarketDataOrderVisitor - [ORDERBOOK] Can't match order:Limit(side=BUY,orderId=13,price=43,quantity=274432)(MktData(price=98,quantity=154))
13:00:19.633 [main] INFO  c.o.v.MutatingMatchOneMarketDataOrderVisitor - [ORDERBOOK] Can't match order:Limit(side=BUY,orderId=14,price=43,quantity=548864)(MktData(price=98,quantity=154))
13:00:19.633 [main] INFO  c.o.v.MutatingMatchOneMarketDataOrderVisitor - [ORDERBOOK] Can't match order:Limit(side=BUY,orderId=15,price=43,quantity=1097728)(MktData(price=98,quantity=154))
13:00:19.633 [main] INFO  c.o.v.MutatingMatchOneMarketDataOrderVisitor - [ORDERBOOK] Can't match order:Limit(side=BUY,orderId=16,price=43,quantity=2195456)(MktData(price=98,quantity=154))
13:00:19.633 [main] INFO  c.o.v.MutatingMatchOneMarketDataOrderVisitor - [ORDERBOOK] Can't match order:MktData(price=43,quantity=134)(MktData(price=98,quantity=154))
13:00:19.633 [main] INFO  c.o.v.MutatingRemoveAllMarketDataOrdersVisitor - [ORDERBOOK] Removing market data order:MktData(price=98,quantity=501)
13:00:19.633 [main] INFO  c.o.v.MutatingRemoveAllMarketDataOrdersVisitor - [ORDERBOOK] Removing market data order:MktData(price=110,quantity=5000)
13:00:19.633 [main] INFO  c.o.v.MutatingRemoveAllMarketDataOrdersVisitor - [ORDERBOOK] Removing market data order:MktData(price=123,quantity=453)
13:00:19.633 [main] INFO  c.o.v.MutatingRemoveAllMarketDataOrdersVisitor - [ORDERBOOK] Removing market data order:MktData(price=167,quantity=665)
13:00:19.633 [main] DEBUG c.orderbook.OrderBook - [ORDERBOOK] ASK: Adding orderMktData(price=98,quantity=501)
13:00:19.633 [main] INFO  c.o.visitor.MutatingAddOrderVisitor - [ORDERBOOK] + Limit(side=SELL,orderId=17,price=98,quantity=501)
13:00:19.633 [main] DEBUG c.orderbook.OrderBook - [ORDERBOOK] ASK: Adding orderMktData(price=101,quantity=200)
13:00:19.633 [main] DEBUG c.orderbook.OrderBook - [ORDERBOOK] ASK: Adding orderMktData(price=110,quantity=5000)
13:00:19.633 [main] DEBUG c.orderbook.OrderBook - [ORDERBOOK] ASK: Adding orderMktData(price=119,quantity=5600)
13:00:19.633 [main] DEBUG c.orderbook.OrderBook - [ORDERBOOK] ASK: Adding orderMktData(price=123,quantity=453)
13:00:19.633 [main] DEBUG c.orderbook.OrderBook - [ORDERBOOK] ASK: Adding orderMktData(price=144,quantity=645)
13:00:19.633 [main] DEBUG c.orderbook.OrderBook - [ORDERBOOK] ASK: Adding orderMktData(price=167,quantity=665)
13:00:19.633 [main] DEBUG c.service.MarketDataService - [ALGO] BID: price:43 quantity:134
13:00:19.633 [main] DEBUG c.service.MarketDataService - [ALGO] BID: price:76 quantity:145
13:00:19.633 [main] DEBUG c.service.MarketDataService - [ALGO] BID: price:91 quantity:300
13:00:19.633 [main] DEBUG c.service.MarketDataService - [ALGO] BID: price:93 quantity:200
13:00:19.633 [main] DEBUG c.service.MarketDataService - [ALGO] BID: price:95 quantity:100
13:00:19.633 [main] DEBUG c.service.MarketDataService - [ALGO] BID: price:98 quantity:154
13:00:19.633 [main] DEBUG c.service.MarketDataService - [ALGO] ASK: price:98 quantity:501
13:00:19.633 [main] DEBUG c.service.MarketDataService - [ALGO] ASK: price:101 quantity:200
13:00:19.633 [main] DEBUG c.service.MarketDataService - [ALGO] ASK: price:110 quantity:5000
13:00:19.633 [main] DEBUG c.service.MarketDataService - [ALGO] ASK: price:119 quantity:5600
13:00:19.633 [main] DEBUG c.service.MarketDataService - [ALGO] ASK: price:123 quantity:453
13:00:19.633 [main] DEBUG c.service.MarketDataService - [ALGO] ASK: price:144 quantity:645
13:00:19.633 [main] DEBUG c.service.MarketDataService - [ALGO] ASK: price:167 quantity:665
13:00:19.633 [main] INFO  c.gettingstarted.MyAlgoLogic - [MYALGO] The state of the order book is:
|----BID-----||----ASK----|
    134 @ 43    501 @ 98
    145 @ 76   200 @ 101
    300 @ 91  5000 @ 110
    200 @ 93  5600 @ 119
    100 @ 95   453 @ 123
    154 @ 98   645 @ 144
          -    665 @ 167
|------------||-----------|

13:00:19.633 [main] INFO  c.gettingstarted.MyAlgoLogic - [MYALGO] Algo Sees Book as: 
|----BID-----||----ASK----|
    134 @ 43    501 @ 98
    145 @ 76   200 @ 101
    300 @ 91  5000 @ 110
    200 @ 93  5600 @ 119
    100 @ 95   453 @ 123
    154 @ 98   645 @ 144
          -    665 @ 167
|------------||-----------|

13:00:19.633 [main] INFO  c.gettingstarted.TimedLogic - [TIMEDLOGIC] Market is open
13:00:19.633 [main] INFO  c.sequencer.consumer.LoggingConsumer - [244] 
|----BID-----|
    134 @ 43
    145 @ 76
    300 @ 91
    200 @ 93
    100 @ 95
    154 @ 98
|----ASK-----|
    501 @ 98
   200 @ 101
  5000 @ 110
  5600 @ 119
   453 @ 123
   645 @ 144
   665 @ 167

13:00:19.633 [main] INFO  c.orderbook.OrderBook - [ORDERBOOK] Processing Mkt Data Update
13:00:19.633 [main] INFO  c.o.v.MutatingRemoveAllMarketDataOrdersVisitor - [ORDERBOOK] Removing market data order:MktData(price=43,quantity=134)
13:00:19.633 [main] DEBUG c.orderbook.OrderBook - [ORDERBOOK] ASK: Adding orderMktData(price=43,quantity=134)
13:00:19.633 [main] INFO  c.o.visitor.MutatingAddOrderVisitor - [ORDERBOOK] + Limit(side=BUY,orderId=16,price=43,quantity=2195456)
13:00:19.633 [main] DEBUG c.orderbook.OrderBook - [ORDERBOOK] ASK: Adding orderMktData(price=76,quantity=145)
13:00:19.633 [main] DEBUG c.orderbook.OrderBook - [ORDERBOOK] ASK: Adding orderMktData(price=91,quantity=300)
13:00:19.633 [main] DEBUG c.orderbook.OrderBook - [ORDERBOOK] ASK: Adding orderMktData(price=93,quantity=200)
13:00:19.633 [main] DEBUG c.orderbook.OrderBook - [ORDERBOOK] ASK: Adding orderMktData(price=95,quantity=100)
13:00:19.633 [main] DEBUG c.orderbook.OrderBook - [ORDERBOOK] ASK: Adding orderMktData(price=98,quantity=154)
13:00:19.633 [main] INFO  c.o.v.MutatingMatchOneMarketDataOrderVisitor - [ORDERBOOK] visiting LevelOrderBookLevel(price=43,quantity=4279424)
13:00:19.633 [main] INFO  c.o.v.MutatingMatchOneMarketDataOrderVisitor - [ORDERBOOK] Can't match order:Limit(side=BUY,orderId=3,price=43,quantity=268)(MktData(price=98,quantity=154))
13:00:19.633 [main] INFO  c.o.v.MutatingMatchOneMarketDataOrderVisitor - [ORDERBOOK] Can't match order:Limit(side=BUY,orderId=5,price=43,quantity=1072)(MktData(price=98,quantity=154))
13:00:19.633 [main] INFO  c.o.v.MutatingMatchOneMarketDataOrderVisitor - [ORDERBOOK] Can't match order:Limit(side=BUY,orderId=7,price=43,quantity=4288)(MktData(price=98,quantity=154))
13:00:19.633 [main] INFO  c.o.v.MutatingMatchOneMarketDataOrderVisitor - [ORDERBOOK] Can't match order:Limit(side=BUY,orderId=9,price=43,quantity=17152)(MktData(price=98,quantity=154))
13:00:19.633 [main] INFO  c.o.v.MutatingMatchOneMarketDataOrderVisitor - [ORDERBOOK] Can't match order:Limit(side=BUY,orderId=11,price=43,quantity=68608)(MktData(price=98,quantity=154))
13:00:19.633 [main] INFO  c.o.v.MutatingMatchOneMarketDataOrderVisitor - [ORDERBOOK] Can't match order:Limit(side=BUY,orderId=12,price=43,quantity=137216)(MktData(price=98,quantity=154))
13:00:19.633 [main] INFO  c.o.v.MutatingMatchOneMarketDataOrderVisitor - [ORDERBOOK] Can't match order:Limit(side=BUY,orderId=13,price=43,quantity=274432)(MktData(price=98,quantity=154))
13:00:19.633 [main] INFO  c.o.v.MutatingMatchOneMarketDataOrderVisitor - [ORDERBOOK] Can't match order:Limit(side=BUY,orderId=14,price=43,quantity=548864)(MktData(price=98,quantity=154))
13:00:19.633 [main] INFO  c.o.v.MutatingMatchOneMarketDataOrderVisitor - [ORDERBOOK] Can't match order:Limit(side=BUY,orderId=15,price=43,quantity=1097728)(MktData(price=98,quantity=154))
13:00:19.633 [main] INFO  c.o.v.MutatingMatchOneMarketDataOrderVisitor - [ORDERBOOK] Can't match order:Limit(side=BUY,orderId=16,price=43,quantity=2195456)(MktData(price=98,quantity=154))
13:00:19.633 [main] INFO  c.o.v.MutatingMatchOneMarketDataOrderVisitor - [ORDERBOOK] Can't match order:MktData(price=43,quantity=134)(MktData(price=98,quantity=154))
13:00:19.633 [main] INFO  c.o.v.MutatingRemoveAllMarketDataOrdersVisitor - [ORDERBOOK] Removing market data order:MktData(price=98,quantity=501)
13:00:19.633 [main] INFO  c.o.v.MutatingRemoveAllMarketDataOrdersVisitor - [ORDERBOOK] Removing market data order:MktData(price=110,quantity=5000)
13:00:19.633 [main] INFO  c.o.v.MutatingRemoveAllMarketDataOrdersVisitor - [ORDERBOOK] Removing market data order:MktData(price=123,quantity=453)
13:00:19.633 [main] INFO  c.o.v.MutatingRemoveAllMarketDataOrdersVisitor - [ORDERBOOK] Removing market data order:MktData(price=167,quantity=665)
13:00:19.633 [main] DEBUG c.orderbook.OrderBook - [ORDERBOOK] ASK: Adding orderMktData(price=98,quantity=501)
13:00:19.633 [main] INFO  c.o.visitor.MutatingAddOrderVisitor - [ORDERBOOK] + Limit(side=SELL,orderId=17,price=98,quantity=501)
13:00:19.633 [main] DEBUG c.orderbook.OrderBook - [ORDERBOOK] ASK: Adding orderMktData(price=101,quantity=200)
13:00:19.633 [main] DEBUG c.orderbook.OrderBook - [ORDERBOOK] ASK: Adding orderMktData(price=110,quantity=5000)
13:00:19.633 [main] DEBUG c.orderbook.OrderBook - [ORDERBOOK] ASK: Adding orderMktData(price=119,quantity=5600)
13:00:19.633 [main] DEBUG c.orderbook.OrderBook - [ORDERBOOK] ASK: Adding orderMktData(price=123,quantity=453)
13:00:19.633 [main] DEBUG c.orderbook.OrderBook - [ORDERBOOK] ASK: Adding orderMktData(price=144,quantity=645)
13:00:19.633 [main] DEBUG c.orderbook.OrderBook - [ORDERBOOK] ASK: Adding orderMktData(price=167,quantity=665)
13:00:19.633 [main] DEBUG c.service.MarketDataService - [ALGO] BID: price:43 quantity:134
13:00:19.633 [main] DEBUG c.service.MarketDataService - [ALGO] BID: price:76 quantity:145
13:00:19.633 [main] DEBUG c.service.MarketDataService - [ALGO] BID: price:91 quantity:300
13:00:19.633 [main] DEBUG c.service.MarketDataService - [ALGO] BID: price:93 quantity:200
13:00:19.633 [main] DEBUG c.service.MarketDataService - [ALGO] BID: price:95 quantity:100
13:00:19.633 [main] DEBUG c.service.MarketDataService - [ALGO] BID: price:98 quantity:154
13:00:19.633 [main] DEBUG c.service.MarketDataService - [ALGO] ASK: price:98 quantity:501
13:00:19.633 [main] DEBUG c.service.MarketDataService - [ALGO] ASK: price:101 quantity:200
13:00:19.633 [main] DEBUG c.service.MarketDataService - [ALGO] ASK: price:110 quantity:5000
13:00:19.633 [main] DEBUG c.service.MarketDataService - [ALGO] ASK: price:119 quantity:5600
13:00:19.633 [main] DEBUG c.service.MarketDataService - [ALGO] ASK: price:123 quantity:453
13:00:19.633 [main] DEBUG c.service.MarketDataService - [ALGO] ASK: price:144 quantity:645
13:00:19.633 [main] DEBUG c.service.MarketDataService - [ALGO] ASK: price:167 quantity:665
13:00:19.633 [main] INFO  c.gettingstarted.MyAlgoLogic - [MYALGO] The state of the order book is:
|----BID-----||----ASK----|
    134 @ 43    501 @ 98
    145 @ 76   200 @ 101
    300 @ 91  5000 @ 110
    200 @ 93  5600 @ 119
    100 @ 95   453 @ 123
    154 @ 98   645 @ 144
          -    665 @ 167
|------------||-----------|

13:00:19.633 [main] INFO  c.gettingstarted.MyAlgoLogic - [MYALGO] Algo Sees Book as: 
|----BID-----||----ASK----|
    134 @ 43    501 @ 98
    145 @ 76   200 @ 101
    300 @ 91  5000 @ 110
    200 @ 93  5600 @ 119
    100 @ 95   453 @ 123
    154 @ 98   645 @ 144
          -    665 @ 167
|------------||-----------|

13:00:19.633 [main] INFO  c.gettingstarted.TimedLogic - [TIMEDLOGIC] Market is open
13:00:19.633 [main] INFO  c.sequencer.consumer.LoggingConsumer - [245] 
|----BID-----|
    134 @ 43
    145 @ 76
    300 @ 91
    200 @ 93
    100 @ 95
    154 @ 98
|----ASK-----|
    501 @ 98
   200 @ 101
  5000 @ 110
  5600 @ 119
   453 @ 123
   645 @ 144
   665 @ 167

13:00:19.633 [main] INFO  c.orderbook.OrderBook - [ORDERBOOK] Processing Mkt Data Update
13:00:19.633 [main] INFO  c.o.v.MutatingRemoveAllMarketDataOrdersVisitor - [ORDERBOOK] Removing market data order:MktData(price=43,quantity=134)
13:00:19.633 [main] DEBUG c.orderbook.OrderBook - [ORDERBOOK] ASK: Adding orderMktData(price=43,quantity=134)
13:00:19.633 [main] INFO  c.o.visitor.MutatingAddOrderVisitor - [ORDERBOOK] + Limit(side=BUY,orderId=16,price=43,quantity=2195456)
13:00:19.633 [main] DEBUG c.orderbook.OrderBook - [ORDERBOOK] ASK: Adding orderMktData(price=76,quantity=145)
13:00:19.633 [main] DEBUG c.orderbook.OrderBook - [ORDERBOOK] ASK: Adding orderMktData(price=91,quantity=300)
13:00:19.633 [main] DEBUG c.orderbook.OrderBook - [ORDERBOOK] ASK: Adding orderMktData(price=93,quantity=200)
13:00:19.633 [main] DEBUG c.orderbook.OrderBook - [ORDERBOOK] ASK: Adding orderMktData(price=95,quantity=100)
13:00:19.633 [main] DEBUG c.orderbook.OrderBook - [ORDERBOOK] ASK: Adding orderMktData(price=98,quantity=154)
13:00:19.633 [main] INFO  c.o.v.MutatingMatchOneMarketDataOrderVisitor - [ORDERBOOK] visiting LevelOrderBookLevel(price=43,quantity=4279558)
13:00:19.633 [main] INFO  c.o.v.MutatingMatchOneMarketDataOrderVisitor - [ORDERBOOK] Can't match order:Limit(side=BUY,orderId=3,price=43,quantity=268)(MktData(price=98,quantity=154))
13:00:19.633 [main] INFO  c.o.v.MutatingMatchOneMarketDataOrderVisitor - [ORDERBOOK] Can't match order:Limit(side=BUY,orderId=5,price=43,quantity=1072)(MktData(price=98,quantity=154))
13:00:19.633 [main] INFO  c.o.v.MutatingMatchOneMarketDataOrderVisitor - [ORDERBOOK] Can't match order:Limit(side=BUY,orderId=7,price=43,quantity=4288)(MktData(price=98,quantity=154))
13:00:19.633 [main] INFO  c.o.v.MutatingMatchOneMarketDataOrderVisitor - [ORDERBOOK] Can't match order:Limit(side=BUY,orderId=9,price=43,quantity=17152)(MktData(price=98,quantity=154))
13:00:19.633 [main] INFO  c.o.v.MutatingMatchOneMarketDataOrderVisitor - [ORDERBOOK] Can't match order:Limit(side=BUY,orderId=11,price=43,quantity=68608)(MktData(price=98,quantity=154))
13:00:19.633 [main] INFO  c.o.v.MutatingMatchOneMarketDataOrderVisitor - [ORDERBOOK] Can't match order:Limit(side=BUY,orderId=12,price=43,quantity=137216)(MktData(price=98,quantity=154))
13:00:19.633 [main] INFO  c.o.v.MutatingMatchOneMarketDataOrderVisitor - [ORDERBOOK] Can't match order:Limit(side=BUY,orderId=13,price=43,quantity=274432)(MktData(price=98,quantity=154))
13:00:19.633 [main] INFO  c.o.v.MutatingMatchOneMarketDataOrderVisitor - [ORDERBOOK] Can't match order:Limit(side=BUY,orderId=14,price=43,quantity=548864)(MktData(price=98,quantity=154))
13:00:19.633 [main] INFO  c.o.v.MutatingMatchOneMarketDataOrderVisitor - [ORDERBOOK] Can't match order:Limit(side=BUY,orderId=15,price=43,quantity=1097728)(MktData(price=98,quantity=154))
13:00:19.633 [main] INFO  c.o.v.MutatingMatchOneMarketDataOrderVisitor - [ORDERBOOK] Can't match order:Limit(side=BUY,orderId=16,price=43,quantity=2195456)(MktData(price=98,quantity=154))
13:00:19.633 [main] INFO  c.o.v.MutatingMatchOneMarketDataOrderVisitor - [ORDERBOOK] Can't match order:MktData(price=43,quantity=134)(MktData(price=98,quantity=154))
13:00:19.633 [main] INFO  c.o.v.MutatingRemoveAllMarketDataOrdersVisitor - [ORDERBOOK] Removing market data order:MktData(price=98,quantity=501)
13:00:19.633 [main] INFO  c.o.v.MutatingRemoveAllMarketDataOrdersVisitor - [ORDERBOOK] Removing market data order:MktData(price=110,quantity=5000)
13:00:19.633 [main] INFO  c.o.v.MutatingRemoveAllMarketDataOrdersVisitor - [ORDERBOOK] Removing market data order:MktData(price=123,quantity=453)
13:00:19.633 [main] INFO  c.o.v.MutatingRemoveAllMarketDataOrdersVisitor - [ORDERBOOK] Removing market data order:MktData(price=167,quantity=665)
13:00:19.633 [main] DEBUG c.orderbook.OrderBook - [ORDERBOOK] ASK: Adding orderMktData(price=98,quantity=501)
13:00:19.633 [main] INFO  c.o.visitor.MutatingAddOrderVisitor - [ORDERBOOK] + Limit(side=SELL,orderId=17,price=98,quantity=501)
13:00:19.633 [main] DEBUG c.orderbook.OrderBook - [ORDERBOOK] ASK: Adding orderMktData(price=101,quantity=200)
13:00:19.633 [main] DEBUG c.orderbook.OrderBook - [ORDERBOOK] ASK: Adding orderMktData(price=110,quantity=5000)
13:00:19.633 [main] DEBUG c.orderbook.OrderBook - [ORDERBOOK] ASK: Adding orderMktData(price=119,quantity=5600)
13:00:19.633 [main] DEBUG c.orderbook.OrderBook - [ORDERBOOK] ASK: Adding orderMktData(price=123,quantity=453)
13:00:19.633 [main] DEBUG c.orderbook.OrderBook - [ORDERBOOK] ASK: Adding orderMktData(price=144,quantity=645)
13:00:19.633 [main] DEBUG c.orderbook.OrderBook - [ORDERBOOK] ASK: Adding orderMktData(price=167,quantity=665)
13:00:19.633 [main] DEBUG c.service.MarketDataService - [ALGO] BID: price:43 quantity:134
13:00:19.633 [main] DEBUG c.service.MarketDataService - [ALGO] BID: price:76 quantity:145
13:00:19.633 [main] DEBUG c.service.MarketDataService - [ALGO] BID: price:91 quantity:300
13:00:19.633 [main] DEBUG c.service.MarketDataService - [ALGO] BID: price:93 quantity:200
13:00:19.633 [main] DEBUG c.service.MarketDataService - [ALGO] BID: price:95 quantity:100
13:00:19.633 [main] DEBUG c.service.MarketDataService - [ALGO] BID: price:98 quantity:154
13:00:19.633 [main] DEBUG c.service.MarketDataService - [ALGO] ASK: price:98 quantity:501
13:00:19.633 [main] DEBUG c.service.MarketDataService - [ALGO] ASK: price:101 quantity:200
13:00:19.633 [main] DEBUG c.service.MarketDataService - [ALGO] ASK: price:110 quantity:5000
13:00:19.633 [main] DEBUG c.service.MarketDataService - [ALGO] ASK: price:119 quantity:5600
13:00:19.633 [main] DEBUG c.service.MarketDataService - [ALGO] ASK: price:123 quantity:453
13:00:19.633 [main] DEBUG c.service.MarketDataService - [ALGO] ASK: price:144 quantity:645
13:00:19.633 [main] DEBUG c.service.MarketDataService - [ALGO] ASK: price:167 quantity:665
13:00:19.633 [main] INFO  c.gettingstarted.MyAlgoLogic - [MYALGO] The state of the order book is:
|----BID-----||----ASK----|
    134 @ 43    501 @ 98
    145 @ 76   200 @ 101
    300 @ 91  5000 @ 110
    200 @ 93  5600 @ 119
    100 @ 95   453 @ 123
    154 @ 98   645 @ 144
          -    665 @ 167
|------------||-----------|

13:00:19.633 [main] INFO  c.gettingstarted.MyAlgoLogic - [MYALGO] Algo Sees Book as: 
|----BID-----||----ASK----|
    134 @ 43    501 @ 98
    145 @ 76   200 @ 101
    300 @ 91  5000 @ 110
    200 @ 93  5600 @ 119
    100 @ 95   453 @ 123
    154 @ 98   645 @ 144
          -    665 @ 167
|------------||-----------|

13:00:19.633 [main] INFO  c.gettingstarted.TimedLogic - [TIMEDLOGIC] Market is open
13:00:19.633 [main] INFO  c.sequencer.consumer.LoggingConsumer - [246] 
|----BID-----|
    134 @ 43
    145 @ 76
    300 @ 91
    200 @ 93
    100 @ 95
    154 @ 98
|----ASK-----|
    501 @ 98
   200 @ 101
  5000 @ 110
  5600 @ 119
   453 @ 123
   645 @ 144
   665 @ 167

13:00:19.633 [main] INFO  c.orderbook.OrderBook - [ORDERBOOK] Processing Mkt Data Update
13:00:19.633 [main] INFO  c.o.v.MutatingRemoveAllMarketDataOrdersVisitor - [ORDERBOOK] Removing market data order:MktData(price=43,quantity=134)
13:00:19.633 [main] DEBUG c.orderbook.OrderBook - [ORDERBOOK] ASK: Adding orderMktData(price=43,quantity=134)
13:00:19.633 [main] INFO  c.o.visitor.MutatingAddOrderVisitor - [ORDERBOOK] + Limit(side=BUY,orderId=16,price=43,quantity=2195456)
13:00:19.633 [main] DEBUG c.orderbook.OrderBook - [ORDERBOOK] ASK: Adding orderMktData(price=76,quantity=145)
13:00:19.633 [main] DEBUG c.orderbook.OrderBook - [ORDERBOOK] ASK: Adding orderMktData(price=91,quantity=300)
13:00:19.633 [main] DEBUG c.orderbook.OrderBook - [ORDERBOOK] ASK: Adding orderMktData(price=93,quantity=200)
13:00:19.633 [main] DEBUG c.orderbook.OrderBook - [ORDERBOOK] ASK: Adding orderMktData(price=95,quantity=100)
13:00:19.633 [main] DEBUG c.orderbook.OrderBook - [ORDERBOOK] ASK: Adding orderMktData(price=98,quantity=154)
13:00:19.633 [main] INFO  c.o.v.MutatingMatchOneMarketDataOrderVisitor - [ORDERBOOK] visiting LevelOrderBookLevel(price=43,quantity=4279692)
13:00:19.633 [main] INFO  c.o.v.MutatingMatchOneMarketDataOrderVisitor - [ORDERBOOK] Can't match order:Limit(side=BUY,orderId=3,price=43,quantity=268)(MktData(price=98,quantity=154))
13:00:19.633 [main] INFO  c.o.v.MutatingMatchOneMarketDataOrderVisitor - [ORDERBOOK] Can't match order:Limit(side=BUY,orderId=5,price=43,quantity=1072)(MktData(price=98,quantity=154))
13:00:19.633 [main] INFO  c.o.v.MutatingMatchOneMarketDataOrderVisitor - [ORDERBOOK] Can't match order:Limit(side=BUY,orderId=7,price=43,quantity=4288)(MktData(price=98,quantity=154))
13:00:19.633 [main] INFO  c.o.v.MutatingMatchOneMarketDataOrderVisitor - [ORDERBOOK] Can't match order:Limit(side=BUY,orderId=9,price=43,quantity=17152)(MktData(price=98,quantity=154))
13:00:19.633 [main] INFO  c.o.v.MutatingMatchOneMarketDataOrderVisitor - [ORDERBOOK] Can't match order:Limit(side=BUY,orderId=11,price=43,quantity=68608)(MktData(price=98,quantity=154))
13:00:19.633 [main] INFO  c.o.v.MutatingMatchOneMarketDataOrderVisitor - [ORDERBOOK] Can't match order:Limit(side=BUY,orderId=12,price=43,quantity=137216)(MktData(price=98,quantity=154))
13:00:19.633 [main] INFO  c.o.v.MutatingMatchOneMarketDataOrderVisitor - [ORDERBOOK] Can't match order:Limit(side=BUY,orderId=13,price=43,quantity=274432)(MktData(price=98,quantity=154))
13:00:19.633 [main] INFO  c.o.v.MutatingMatchOneMarketDataOrderVisitor - [ORDERBOOK] Can't match order:Limit(side=BUY,orderId=14,price=43,quantity=548864)(MktData(price=98,quantity=154))
13:00:19.633 [main] INFO  c.o.v.MutatingMatchOneMarketDataOrderVisitor - [ORDERBOOK] Can't match order:Limit(side=BUY,orderId=15,price=43,quantity=1097728)(MktData(price=98,quantity=154))
13:00:19.633 [main] INFO  c.o.v.MutatingMatchOneMarketDataOrderVisitor - [ORDERBOOK] Can't match order:Limit(side=BUY,orderId=16,price=43,quantity=2195456)(MktData(price=98,quantity=154))
13:00:19.633 [main] INFO  c.o.v.MutatingMatchOneMarketDataOrderVisitor - [ORDERBOOK] Can't match order:MktData(price=43,quantity=134)(MktData(price=98,quantity=154))
13:00:19.633 [main] INFO  c.o.v.MutatingRemoveAllMarketDataOrdersVisitor - [ORDERBOOK] Removing market data order:MktData(price=98,quantity=501)
13:00:19.633 [main] INFO  c.o.v.MutatingRemoveAllMarketDataOrdersVisitor - [ORDERBOOK] Removing market data order:MktData(price=110,quantity=5000)
13:00:19.633 [main] INFO  c.o.v.MutatingRemoveAllMarketDataOrdersVisitor - [ORDERBOOK] Removing market data order:MktData(price=123,quantity=453)
13:00:19.633 [main] INFO  c.o.v.MutatingRemoveAllMarketDataOrdersVisitor - [ORDERBOOK] Removing market data order:MktData(price=167,quantity=665)
13:00:19.633 [main] DEBUG c.orderbook.OrderBook - [ORDERBOOK] ASK: Adding orderMktData(price=98,quantity=501)
13:00:19.633 [main] INFO  c.o.visitor.MutatingAddOrderVisitor - [ORDERBOOK] + Limit(side=SELL,orderId=17,price=98,quantity=501)
13:00:19.633 [main] DEBUG c.orderbook.OrderBook - [ORDERBOOK] ASK: Adding orderMktData(price=101,quantity=200)
13:00:19.633 [main] DEBUG c.orderbook.OrderBook - [ORDERBOOK] ASK: Adding orderMktData(price=110,quantity=5000)
13:00:19.633 [main] DEBUG c.orderbook.OrderBook - [ORDERBOOK] ASK: Adding orderMktData(price=119,quantity=5600)
13:00:19.633 [main] DEBUG c.orderbook.OrderBook - [ORDERBOOK] ASK: Adding orderMktData(price=123,quantity=453)
13:00:19.633 [main] DEBUG c.orderbook.OrderBook - [ORDERBOOK] ASK: Adding orderMktData(price=144,quantity=645)
13:00:19.633 [main] DEBUG c.orderbook.OrderBook - [ORDERBOOK] ASK: Adding orderMktData(price=167,quantity=665)
13:00:19.633 [main] DEBUG c.service.MarketDataService - [ALGO] BID: price:43 quantity:134
13:00:19.633 [main] DEBUG c.service.MarketDataService - [ALGO] BID: price:76 quantity:145
13:00:19.633 [main] DEBUG c.service.MarketDataService - [ALGO] BID: price:91 quantity:300
13:00:19.633 [main] DEBUG c.service.MarketDataService - [ALGO] BID: price:93 quantity:200
13:00:19.633 [main] DEBUG c.service.MarketDataService - [ALGO] BID: price:95 quantity:100
13:00:19.633 [main] DEBUG c.service.MarketDataService - [ALGO] BID: price:98 quantity:154
13:00:19.633 [main] DEBUG c.service.MarketDataService - [ALGO] ASK: price:98 quantity:501
13:00:19.633 [main] DEBUG c.service.MarketDataService - [ALGO] ASK: price:101 quantity:200
13:00:19.633 [main] DEBUG c.service.MarketDataService - [ALGO] ASK: price:110 quantity:5000
13:00:19.633 [main] DEBUG c.service.MarketDataService - [ALGO] ASK: price:119 quantity:5600
13:00:19.633 [main] DEBUG c.service.MarketDataService - [ALGO] ASK: price:123 quantity:453
13:00:19.633 [main] DEBUG c.service.MarketDataService - [ALGO] ASK: price:144 quantity:645
13:00:19.633 [main] DEBUG c.service.MarketDataService - [ALGO] ASK: price:167 quantity:665
13:00:19.633 [main] INFO  c.gettingstarted.MyAlgoLogic - [MYALGO] The state of the order book is:
|----BID-----||----ASK----|
    134 @ 43    501 @ 98
    145 @ 76   200 @ 101
    300 @ 91  5000 @ 110
    200 @ 93  5600 @ 119
    100 @ 95   453 @ 123
    154 @ 98   645 @ 144
          -    665 @ 167
|------------||-----------|

13:00:19.633 [main] INFO  c.gettingstarted.MyAlgoLogic - [MYALGO] Algo Sees Book as: 
|----BID-----||----ASK----|
    134 @ 43    501 @ 98
    145 @ 76   200 @ 101
    300 @ 91  5000 @ 110
    200 @ 93  5600 @ 119
    100 @ 95   453 @ 123
    154 @ 98   645 @ 144
          -    665 @ 167
|------------||-----------|

13:00:19.633 [main] INFO  c.gettingstarted.TimedLogic - [TIMEDLOGIC] Market is open
13:00:19.633 [main] INFO  c.sequencer.consumer.LoggingConsumer - [247] 
|----BID-----|
    134 @ 43
    145 @ 76
    300 @ 91
    200 @ 93
    100 @ 95
    154 @ 98
|----ASK-----|
    501 @ 98
   200 @ 101
  5000 @ 110
  5600 @ 119
   453 @ 123
   645 @ 144
   665 @ 167

13:00:19.633 [main] INFO  c.orderbook.OrderBook - [ORDERBOOK] Processing Mkt Data Update
13:00:19.633 [main] INFO  c.o.v.MutatingRemoveAllMarketDataOrdersVisitor - [ORDERBOOK] Removing market data order:MktData(price=43,quantity=134)
13:00:19.633 [main] DEBUG c.orderbook.OrderBook - [ORDERBOOK] ASK: Adding orderMktData(price=43,quantity=134)
13:00:19.633 [main] INFO  c.o.visitor.MutatingAddOrderVisitor - [ORDERBOOK] + Limit(side=BUY,orderId=16,price=43,quantity=2195456)
13:00:19.633 [main] DEBUG c.orderbook.OrderBook - [ORDERBOOK] ASK: Adding orderMktData(price=76,quantity=145)
13:00:19.633 [main] DEBUG c.orderbook.OrderBook - [ORDERBOOK] ASK: Adding orderMktData(price=91,quantity=300)
13:00:19.633 [main] DEBUG c.orderbook.OrderBook - [ORDERBOOK] ASK: Adding orderMktData(price=93,quantity=200)
13:00:19.633 [main] DEBUG c.orderbook.OrderBook - [ORDERBOOK] ASK: Adding orderMktData(price=95,quantity=100)
13:00:19.633 [main] DEBUG c.orderbook.OrderBook - [ORDERBOOK] ASK: Adding orderMktData(price=98,quantity=154)
13:00:19.633 [main] INFO  c.o.v.MutatingMatchOneMarketDataOrderVisitor - [ORDERBOOK] visiting LevelOrderBookLevel(price=43,quantity=4279826)
13:00:19.633 [main] INFO  c.o.v.MutatingMatchOneMarketDataOrderVisitor - [ORDERBOOK] Can't match order:Limit(side=BUY,orderId=3,price=43,quantity=268)(MktData(price=98,quantity=154))
13:00:19.633 [main] INFO  c.o.v.MutatingMatchOneMarketDataOrderVisitor - [ORDERBOOK] Can't match order:Limit(side=BUY,orderId=5,price=43,quantity=1072)(MktData(price=98,quantity=154))
13:00:19.633 [main] INFO  c.o.v.MutatingMatchOneMarketDataOrderVisitor - [ORDERBOOK] Can't match order:Limit(side=BUY,orderId=7,price=43,quantity=4288)(MktData(price=98,quantity=154))
13:00:19.633 [main] INFO  c.o.v.MutatingMatchOneMarketDataOrderVisitor - [ORDERBOOK] Can't match order:Limit(side=BUY,orderId=9,price=43,quantity=17152)(MktData(price=98,quantity=154))
13:00:19.633 [main] INFO  c.o.v.MutatingMatchOneMarketDataOrderVisitor - [ORDERBOOK] Can't match order:Limit(side=BUY,orderId=11,price=43,quantity=68608)(MktData(price=98,quantity=154))
13:00:19.633 [main] INFO  c.o.v.MutatingMatchOneMarketDataOrderVisitor - [ORDERBOOK] Can't match order:Limit(side=BUY,orderId=12,price=43,quantity=137216)(MktData(price=98,quantity=154))
13:00:19.633 [main] INFO  c.o.v.MutatingMatchOneMarketDataOrderVisitor - [ORDERBOOK] Can't match order:Limit(side=BUY,orderId=13,price=43,quantity=274432)(MktData(price=98,quantity=154))
13:00:19.633 [main] INFO  c.o.v.MutatingMatchOneMarketDataOrderVisitor - [ORDERBOOK] Can't match order:Limit(side=BUY,orderId=14,price=43,quantity=548864)(MktData(price=98,quantity=154))
13:00:19.633 [main] INFO  c.o.v.MutatingMatchOneMarketDataOrderVisitor - [ORDERBOOK] Can't match order:Limit(side=BUY,orderId=15,price=43,quantity=1097728)(MktData(price=98,quantity=154))
13:00:19.633 [main] INFO  c.o.v.MutatingMatchOneMarketDataOrderVisitor - [ORDERBOOK] Can't match order:Limit(side=BUY,orderId=16,price=43,quantity=2195456)(MktData(price=98,quantity=154))
13:00:19.633 [main] INFO  c.o.v.MutatingMatchOneMarketDataOrderVisitor - [ORDERBOOK] Can't match order:MktData(price=43,quantity=134)(MktData(price=98,quantity=154))
13:00:19.633 [main] INFO  c.o.v.MutatingRemoveAllMarketDataOrdersVisitor - [ORDERBOOK] Removing market data order:MktData(price=98,quantity=501)
13:00:19.633 [main] INFO  c.o.v.MutatingRemoveAllMarketDataOrdersVisitor - [ORDERBOOK] Removing market data order:MktData(price=110,quantity=5000)
13:00:19.633 [main] INFO  c.o.v.MutatingRemoveAllMarketDataOrdersVisitor - [ORDERBOOK] Removing market data order:MktData(price=123,quantity=453)
13:00:19.633 [main] INFO  c.o.v.MutatingRemoveAllMarketDataOrdersVisitor - [ORDERBOOK] Removing market data order:MktData(price=167,quantity=665)
13:00:19.633 [main] DEBUG c.orderbook.OrderBook - [ORDERBOOK] ASK: Adding orderMktData(price=98,quantity=501)
13:00:19.633 [main] INFO  c.o.visitor.MutatingAddOrderVisitor - [ORDERBOOK] + Limit(side=SELL,orderId=17,price=98,quantity=501)
13:00:19.633 [main] DEBUG c.orderbook.OrderBook - [ORDERBOOK] ASK: Adding orderMktData(price=101,quantity=200)
13:00:19.633 [main] DEBUG c.orderbook.OrderBook - [ORDERBOOK] ASK: Adding orderMktData(price=110,quantity=5000)
13:00:19.633 [main] DEBUG c.orderbook.OrderBook - [ORDERBOOK] ASK: Adding orderMktData(price=119,quantity=5600)
13:00:19.633 [main] DEBUG c.orderbook.OrderBook - [ORDERBOOK] ASK: Adding orderMktData(price=123,quantity=453)
13:00:19.633 [main] DEBUG c.orderbook.OrderBook - [ORDERBOOK] ASK: Adding orderMktData(price=144,quantity=645)
13:00:19.633 [main] DEBUG c.orderbook.OrderBook - [ORDERBOOK] ASK: Adding orderMktData(price=167,quantity=665)
13:00:19.633 [main] DEBUG c.service.MarketDataService - [ALGO] BID: price:43 quantity:134
13:00:19.633 [main] DEBUG c.service.MarketDataService - [ALGO] BID: price:76 quantity:145
13:00:19.633 [main] DEBUG c.service.MarketDataService - [ALGO] BID: price:91 quantity:300
13:00:19.633 [main] DEBUG c.service.MarketDataService - [ALGO] BID: price:93 quantity:200
13:00:19.633 [main] DEBUG c.service.MarketDataService - [ALGO] BID: price:95 quantity:100
13:00:19.633 [main] DEBUG c.service.MarketDataService - [ALGO] BID: price:98 quantity:154
13:00:19.633 [main] DEBUG c.service.MarketDataService - [ALGO] ASK: price:98 quantity:501
13:00:19.633 [main] DEBUG c.service.MarketDataService - [ALGO] ASK: price:101 quantity:200
13:00:19.633 [main] DEBUG c.service.MarketDataService - [ALGO] ASK: price:110 quantity:5000
13:00:19.633 [main] DEBUG c.service.MarketDataService - [ALGO] ASK: price:119 quantity:5600
13:00:19.633 [main] DEBUG c.service.MarketDataService - [ALGO] ASK: price:123 quantity:453
13:00:19.633 [main] DEBUG c.service.MarketDataService - [ALGO] ASK: price:144 quantity:645
13:00:19.633 [main] DEBUG c.service.MarketDataService - [ALGO] ASK: price:167 quantity:665
13:00:19.633 [main] INFO  c.gettingstarted.MyAlgoLogic - [MYALGO] The state of the order book is:
|----BID-----||----ASK----|
    134 @ 43    501 @ 98
    145 @ 76   200 @ 101
    300 @ 91  5000 @ 110
    200 @ 93  5600 @ 119
    100 @ 95   453 @ 123
    154 @ 98   645 @ 144
          -    665 @ 167
|------------||-----------|

13:00:19.633 [main] INFO  c.gettingstarted.MyAlgoLogic - [MYALGO] Algo Sees Book as: 
|----BID-----||----ASK----|
    134 @ 43    501 @ 98
    145 @ 76   200 @ 101
    300 @ 91  5000 @ 110
    200 @ 93  5600 @ 119
    100 @ 95   453 @ 123
    154 @ 98   645 @ 144
          -    665 @ 167
|------------||-----------|

13:00:19.633 [main] INFO  c.gettingstarted.TimedLogic - [TIMEDLOGIC] Market is open
13:00:19.633 [main] INFO  c.sequencer.consumer.LoggingConsumer - [248] 
|----BID-----|
    134 @ 43
    145 @ 76
    300 @ 91
    200 @ 93
    100 @ 95
    154 @ 98
|----ASK-----|
    501 @ 98
   200 @ 101
  5000 @ 110
  5600 @ 119
   453 @ 123
   645 @ 144
   665 @ 167

13:00:19.633 [main] INFO  c.orderbook.OrderBook - [ORDERBOOK] Processing Mkt Data Update
13:00:19.633 [main] INFO  c.o.v.MutatingRemoveAllMarketDataOrdersVisitor - [ORDERBOOK] Removing market data order:MktData(price=43,quantity=134)
13:00:19.633 [main] DEBUG c.orderbook.OrderBook - [ORDERBOOK] ASK: Adding orderMktData(price=43,quantity=134)
13:00:19.633 [main] INFO  c.o.visitor.MutatingAddOrderVisitor - [ORDERBOOK] + Limit(side=BUY,orderId=16,price=43,quantity=2195456)
13:00:19.633 [main] DEBUG c.orderbook.OrderBook - [ORDERBOOK] ASK: Adding orderMktData(price=76,quantity=145)
13:00:19.633 [main] DEBUG c.orderbook.OrderBook - [ORDERBOOK] ASK: Adding orderMktData(price=91,quantity=300)
13:00:19.633 [main] DEBUG c.orderbook.OrderBook - [ORDERBOOK] ASK: Adding orderMktData(price=93,quantity=200)
13:00:19.633 [main] DEBUG c.orderbook.OrderBook - [ORDERBOOK] ASK: Adding orderMktData(price=95,quantity=100)
13:00:19.633 [main] DEBUG c.orderbook.OrderBook - [ORDERBOOK] ASK: Adding orderMktData(price=98,quantity=154)
13:00:19.633 [main] INFO  c.o.v.MutatingMatchOneMarketDataOrderVisitor - [ORDERBOOK] visiting LevelOrderBookLevel(price=43,quantity=4279960)
13:00:19.633 [main] INFO  c.o.v.MutatingMatchOneMarketDataOrderVisitor - [ORDERBOOK] Can't match order:Limit(side=BUY,orderId=3,price=43,quantity=268)(MktData(price=98,quantity=154))
13:00:19.633 [main] INFO  c.o.v.MutatingMatchOneMarketDataOrderVisitor - [ORDERBOOK] Can't match order:Limit(side=BUY,orderId=5,price=43,quantity=1072)(MktData(price=98,quantity=154))
13:00:19.633 [main] INFO  c.o.v.MutatingMatchOneMarketDataOrderVisitor - [ORDERBOOK] Can't match order:Limit(side=BUY,orderId=7,price=43,quantity=4288)(MktData(price=98,quantity=154))
13:00:19.633 [main] INFO  c.o.v.MutatingMatchOneMarketDataOrderVisitor - [ORDERBOOK] Can't match order:Limit(side=BUY,orderId=9,price=43,quantity=17152)(MktData(price=98,quantity=154))
13:00:19.633 [main] INFO  c.o.v.MutatingMatchOneMarketDataOrderVisitor - [ORDERBOOK] Can't match order:Limit(side=BUY,orderId=11,price=43,quantity=68608)(MktData(price=98,quantity=154))
13:00:19.633 [main] INFO  c.o.v.MutatingMatchOneMarketDataOrderVisitor - [ORDERBOOK] Can't match order:Limit(side=BUY,orderId=12,price=43,quantity=137216)(MktData(price=98,quantity=154))
13:00:19.633 [main] INFO  c.o.v.MutatingMatchOneMarketDataOrderVisitor - [ORDERBOOK] Can't match order:Limit(side=BUY,orderId=13,price=43,quantity=274432)(MktData(price=98,quantity=154))
13:00:19.633 [main] INFO  c.o.v.MutatingMatchOneMarketDataOrderVisitor - [ORDERBOOK] Can't match order:Limit(side=BUY,orderId=14,price=43,quantity=548864)(MktData(price=98,quantity=154))
13:00:19.633 [main] INFO  c.o.v.MutatingMatchOneMarketDataOrderVisitor - [ORDERBOOK] Can't match order:Limit(side=BUY,orderId=15,price=43,quantity=1097728)(MktData(price=98,quantity=154))
13:00:19.633 [main] INFO  c.o.v.MutatingMatchOneMarketDataOrderVisitor - [ORDERBOOK] Can't match order:Limit(side=BUY,orderId=16,price=43,quantity=2195456)(MktData(price=98,quantity=154))
13:00:19.633 [main] INFO  c.o.v.MutatingMatchOneMarketDataOrderVisitor - [ORDERBOOK] Can't match order:MktData(price=43,quantity=134)(MktData(price=98,quantity=154))
13:00:19.633 [main] INFO  c.o.v.MutatingRemoveAllMarketDataOrdersVisitor - [ORDERBOOK] Removing market data order:MktData(price=98,quantity=501)
13:00:19.633 [main] INFO  c.o.v.MutatingRemoveAllMarketDataOrdersVisitor - [ORDERBOOK] Removing market data order:MktData(price=110,quantity=5000)
13:00:19.633 [main] INFO  c.o.v.MutatingRemoveAllMarketDataOrdersVisitor - [ORDERBOOK] Removing market data order:MktData(price=123,quantity=453)
13:00:19.633 [main] INFO  c.o.v.MutatingRemoveAllMarketDataOrdersVisitor - [ORDERBOOK] Removing market data order:MktData(price=167,quantity=665)
13:00:19.633 [main] DEBUG c.orderbook.OrderBook - [ORDERBOOK] ASK: Adding orderMktData(price=98,quantity=501)
13:00:19.633 [main] INFO  c.o.visitor.MutatingAddOrderVisitor - [ORDERBOOK] + Limit(side=SELL,orderId=17,price=98,quantity=501)
13:00:19.633 [main] DEBUG c.orderbook.OrderBook - [ORDERBOOK] ASK: Adding orderMktData(price=101,quantity=200)
13:00:19.633 [main] DEBUG c.orderbook.OrderBook - [ORDERBOOK] ASK: Adding orderMktData(price=110,quantity=5000)
13:00:19.633 [main] DEBUG c.orderbook.OrderBook - [ORDERBOOK] ASK: Adding orderMktData(price=119,quantity=5600)
13:00:19.633 [main] DEBUG c.orderbook.OrderBook - [ORDERBOOK] ASK: Adding orderMktData(price=123,quantity=453)
13:00:19.633 [main] DEBUG c.orderbook.OrderBook - [ORDERBOOK] ASK: Adding orderMktData(price=144,quantity=645)
13:00:19.633 [main] DEBUG c.orderbook.OrderBook - [ORDERBOOK] ASK: Adding orderMktData(price=167,quantity=665)
13:00:19.633 [main] DEBUG c.service.MarketDataService - [ALGO] BID: price:43 quantity:134
13:00:19.633 [main] DEBUG c.service.MarketDataService - [ALGO] BID: price:76 quantity:145
13:00:19.633 [main] DEBUG c.service.MarketDataService - [ALGO] BID: price:91 quantity:300
13:00:19.633 [main] DEBUG c.service.MarketDataService - [ALGO] BID: price:93 quantity:200
13:00:19.633 [main] DEBUG c.service.MarketDataService - [ALGO] BID: price:95 quantity:100
13:00:19.633 [main] DEBUG c.service.MarketDataService - [ALGO] BID: price:98 quantity:154
13:00:19.633 [main] DEBUG c.service.MarketDataService - [ALGO] ASK: price:98 quantity:501
13:00:19.633 [main] DEBUG c.service.MarketDataService - [ALGO] ASK: price:101 quantity:200
13:00:19.633 [main] DEBUG c.service.MarketDataService - [ALGO] ASK: price:110 quantity:5000
13:00:19.633 [main] DEBUG c.service.MarketDataService - [ALGO] ASK: price:119 quantity:5600
13:00:19.633 [main] DEBUG c.service.MarketDataService - [ALGO] ASK: price:123 quantity:453
13:00:19.633 [main] DEBUG c.service.MarketDataService - [ALGO] ASK: price:144 quantity:645
13:00:19.633 [main] DEBUG c.service.MarketDataService - [ALGO] ASK: price:167 quantity:665
13:00:19.633 [main] INFO  c.gettingstarted.MyAlgoLogic - [MYALGO] The state of the order book is:
|----BID-----||----ASK----|
    134 @ 43    501 @ 98
    145 @ 76   200 @ 101
    300 @ 91  5000 @ 110
    200 @ 93  5600 @ 119
    100 @ 95   453 @ 123
    154 @ 98   645 @ 144
          -    665 @ 167
|------------||-----------|

13:00:19.633 [main] INFO  c.gettingstarted.MyAlgoLogic - [MYALGO] Algo Sees Book as: 
|----BID-----||----ASK----|
    134 @ 43    501 @ 98
    145 @ 76   200 @ 101
    300 @ 91  5000 @ 110
    200 @ 93  5600 @ 119
    100 @ 95   453 @ 123
    154 @ 98   645 @ 144
          -    665 @ 167
|------------||-----------|

13:00:19.633 [main] INFO  c.gettingstarted.TimedLogic - [TIMEDLOGIC] Market is open
13:00:19.633 [main] INFO  c.sequencer.consumer.LoggingConsumer - [249] 
|----BID-----|
    134 @ 43
    145 @ 76
    300 @ 91
    200 @ 93
    100 @ 95
    154 @ 98
|----ASK-----|
    501 @ 98
   200 @ 101
  5000 @ 110
  5600 @ 119
   453 @ 123
   645 @ 144
   665 @ 167

13:00:19.633 [main] INFO  c.orderbook.OrderBook - [ORDERBOOK] Processing Mkt Data Update
13:00:19.633 [main] INFO  c.o.v.MutatingRemoveAllMarketDataOrdersVisitor - [ORDERBOOK] Removing market data order:MktData(price=43,quantity=134)
13:00:19.633 [main] DEBUG c.orderbook.OrderBook - [ORDERBOOK] ASK: Adding orderMktData(price=43,quantity=134)
13:00:19.633 [main] INFO  c.o.visitor.MutatingAddOrderVisitor - [ORDERBOOK] + Limit(side=BUY,orderId=16,price=43,quantity=2195456)
13:00:19.633 [main] DEBUG c.orderbook.OrderBook - [ORDERBOOK] ASK: Adding orderMktData(price=76,quantity=145)
13:00:19.633 [main] DEBUG c.orderbook.OrderBook - [ORDERBOOK] ASK: Adding orderMktData(price=91,quantity=300)
13:00:19.633 [main] DEBUG c.orderbook.OrderBook - [ORDERBOOK] ASK: Adding orderMktData(price=93,quantity=200)
13:00:19.633 [main] DEBUG c.orderbook.OrderBook - [ORDERBOOK] ASK: Adding orderMktData(price=95,quantity=100)
13:00:19.633 [main] DEBUG c.orderbook.OrderBook - [ORDERBOOK] ASK: Adding orderMktData(price=98,quantity=154)
13:00:19.633 [main] INFO  c.o.v.MutatingMatchOneMarketDataOrderVisitor - [ORDERBOOK] visiting LevelOrderBookLevel(price=43,quantity=4280094)
13:00:19.633 [main] INFO  c.o.v.MutatingMatchOneMarketDataOrderVisitor - [ORDERBOOK] Can't match order:Limit(side=BUY,orderId=3,price=43,quantity=268)(MktData(price=98,quantity=154))
13:00:19.633 [main] INFO  c.o.v.MutatingMatchOneMarketDataOrderVisitor - [ORDERBOOK] Can't match order:Limit(side=BUY,orderId=5,price=43,quantity=1072)(MktData(price=98,quantity=154))
13:00:19.633 [main] INFO  c.o.v.MutatingMatchOneMarketDataOrderVisitor - [ORDERBOOK] Can't match order:Limit(side=BUY,orderId=7,price=43,quantity=4288)(MktData(price=98,quantity=154))
13:00:19.633 [main] INFO  c.o.v.MutatingMatchOneMarketDataOrderVisitor - [ORDERBOOK] Can't match order:Limit(side=BUY,orderId=9,price=43,quantity=17152)(MktData(price=98,quantity=154))
13:00:19.633 [main] INFO  c.o.v.MutatingMatchOneMarketDataOrderVisitor - [ORDERBOOK] Can't match order:Limit(side=BUY,orderId=11,price=43,quantity=68608)(MktData(price=98,quantity=154))
13:00:19.633 [main] INFO  c.o.v.MutatingMatchOneMarketDataOrderVisitor - [ORDERBOOK] Can't match order:Limit(side=BUY,orderId=12,price=43,quantity=137216)(MktData(price=98,quantity=154))
13:00:19.633 [main] INFO  c.o.v.MutatingMatchOneMarketDataOrderVisitor - [ORDERBOOK] Can't match order:Limit(side=BUY,orderId=13,price=43,quantity=274432)(MktData(price=98,quantity=154))
13:00:19.633 [main] INFO  c.o.v.MutatingMatchOneMarketDataOrderVisitor - [ORDERBOOK] Can't match order:Limit(side=BUY,orderId=14,price=43,quantity=548864)(MktData(price=98,quantity=154))
13:00:19.633 [main] INFO  c.o.v.MutatingMatchOneMarketDataOrderVisitor - [ORDERBOOK] Can't match order:Limit(side=BUY,orderId=15,price=43,quantity=1097728)(MktData(price=98,quantity=154))
13:00:19.633 [main] INFO  c.o.v.MutatingMatchOneMarketDataOrderVisitor - [ORDERBOOK] Can't match order:Limit(side=BUY,orderId=16,price=43,quantity=2195456)(MktData(price=98,quantity=154))
13:00:19.633 [main] INFO  c.o.v.MutatingMatchOneMarketDataOrderVisitor - [ORDERBOOK] Can't match order:MktData(price=43,quantity=134)(MktData(price=98,quantity=154))
13:00:19.633 [main] INFO  c.o.v.MutatingRemoveAllMarketDataOrdersVisitor - [ORDERBOOK] Removing market data order:MktData(price=98,quantity=501)
13:00:19.633 [main] INFO  c.o.v.MutatingRemoveAllMarketDataOrdersVisitor - [ORDERBOOK] Removing market data order:MktData(price=110,quantity=5000)
13:00:19.633 [main] INFO  c.o.v.MutatingRemoveAllMarketDataOrdersVisitor - [ORDERBOOK] Removing market data order:MktData(price=123,quantity=453)
13:00:19.633 [main] INFO  c.o.v.MutatingRemoveAllMarketDataOrdersVisitor - [ORDERBOOK] Removing market data order:MktData(price=167,quantity=665)
13:00:19.633 [main] DEBUG c.orderbook.OrderBook - [ORDERBOOK] ASK: Adding orderMktData(price=98,quantity=501)
13:00:19.633 [main] INFO  c.o.visitor.MutatingAddOrderVisitor - [ORDERBOOK] + Limit(side=SELL,orderId=17,price=98,quantity=501)
13:00:19.633 [main] DEBUG c.orderbook.OrderBook - [ORDERBOOK] ASK: Adding orderMktData(price=101,quantity=200)
13:00:19.633 [main] DEBUG c.orderbook.OrderBook - [ORDERBOOK] ASK: Adding orderMktData(price=110,quantity=5000)
13:00:19.633 [main] DEBUG c.orderbook.OrderBook - [ORDERBOOK] ASK: Adding orderMktData(price=119,quantity=5600)
13:00:19.633 [main] DEBUG c.orderbook.OrderBook - [ORDERBOOK] ASK: Adding orderMktData(price=123,quantity=453)
13:00:19.633 [main] DEBUG c.orderbook.OrderBook - [ORDERBOOK] ASK: Adding orderMktData(price=144,quantity=645)
13:00:19.633 [main] DEBUG c.orderbook.OrderBook - [ORDERBOOK] ASK: Adding orderMktData(price=167,quantity=665)
13:00:19.633 [main] DEBUG c.service.MarketDataService - [ALGO] BID: price:43 quantity:134
13:00:19.633 [main] DEBUG c.service.MarketDataService - [ALGO] BID: price:76 quantity:145
13:00:19.633 [main] DEBUG c.service.MarketDataService - [ALGO] BID: price:91 quantity:300
13:00:19.633 [main] DEBUG c.service.MarketDataService - [ALGO] BID: price:93 quantity:200
13:00:19.633 [main] DEBUG c.service.MarketDataService - [ALGO] BID: price:95 quantity:100
13:00:19.633 [main] DEBUG c.service.MarketDataService - [ALGO] BID: price:98 quantity:154
13:00:19.633 [main] DEBUG c.service.MarketDataService - [ALGO] ASK: price:98 quantity:501
13:00:19.633 [main] DEBUG c.service.MarketDataService - [ALGO] ASK: price:101 quantity:200
13:00:19.633 [main] DEBUG c.service.MarketDataService - [ALGO] ASK: price:110 quantity:5000
13:00:19.633 [main] DEBUG c.service.MarketDataService - [ALGO] ASK: price:119 quantity:5600
13:00:19.633 [main] DEBUG c.service.MarketDataService - [ALGO] ASK: price:123 quantity:453
13:00:19.633 [main] DEBUG c.service.MarketDataService - [ALGO] ASK: price:144 quantity:645
13:00:19.633 [main] DEBUG c.service.MarketDataService - [ALGO] ASK: price:167 quantity:665
13:00:19.633 [main] INFO  c.gettingstarted.MyAlgoLogic - [MYALGO] The state of the order book is:
|----BID-----||----ASK----|
    134 @ 43    501 @ 98
    145 @ 76   200 @ 101
    300 @ 91  5000 @ 110
    200 @ 93  5600 @ 119
    100 @ 95   453 @ 123
    154 @ 98   645 @ 144
          -    665 @ 167
|------------||-----------|

13:00:19.633 [main] INFO  c.gettingstarted.MyAlgoLogic - [MYALGO] Algo Sees Book as: 
|----BID-----||----ASK----|
    134 @ 43    501 @ 98
    145 @ 76   200 @ 101
    300 @ 91  5000 @ 110
    200 @ 93  5600 @ 119
    100 @ 95   453 @ 123
    154 @ 98   645 @ 144
          -    665 @ 167
|------------||-----------|

13:00:19.633 [main] INFO  c.gettingstarted.TimedLogic - [TIMEDLOGIC] Market is open
13:00:19.633 [main] INFO  c.sequencer.consumer.LoggingConsumer - [250] 
|----BID-----|
    134 @ 43
    145 @ 76
    300 @ 91
    200 @ 93
    100 @ 95
    154 @ 98
|----ASK-----|
    501 @ 98
   200 @ 101
  5000 @ 110
  5600 @ 119
   453 @ 123
   645 @ 144
   665 @ 167

13:00:19.633 [main] INFO  c.orderbook.OrderBook - [ORDERBOOK] Processing Mkt Data Update
13:00:19.633 [main] INFO  c.o.v.MutatingRemoveAllMarketDataOrdersVisitor - [ORDERBOOK] Removing market data order:MktData(price=43,quantity=134)
13:00:19.633 [main] DEBUG c.orderbook.OrderBook - [ORDERBOOK] ASK: Adding orderMktData(price=43,quantity=134)
13:00:19.633 [main] INFO  c.o.visitor.MutatingAddOrderVisitor - [ORDERBOOK] + Limit(side=BUY,orderId=16,price=43,quantity=2195456)
13:00:19.633 [main] DEBUG c.orderbook.OrderBook - [ORDERBOOK] ASK: Adding orderMktData(price=76,quantity=145)
13:00:19.633 [main] DEBUG c.orderbook.OrderBook - [ORDERBOOK] ASK: Adding orderMktData(price=91,quantity=300)
13:00:19.633 [main] DEBUG c.orderbook.OrderBook - [ORDERBOOK] ASK: Adding orderMktData(price=93,quantity=200)
13:00:19.633 [main] DEBUG c.orderbook.OrderBook - [ORDERBOOK] ASK: Adding orderMktData(price=95,quantity=100)
13:00:19.633 [main] DEBUG c.orderbook.OrderBook - [ORDERBOOK] ASK: Adding orderMktData(price=98,quantity=154)
13:00:19.633 [main] INFO  c.o.v.MutatingMatchOneMarketDataOrderVisitor - [ORDERBOOK] visiting LevelOrderBookLevel(price=43,quantity=4280228)
13:00:19.633 [main] INFO  c.o.v.MutatingMatchOneMarketDataOrderVisitor - [ORDERBOOK] Can't match order:Limit(side=BUY,orderId=3,price=43,quantity=268)(MktData(price=98,quantity=154))
13:00:19.633 [main] INFO  c.o.v.MutatingMatchOneMarketDataOrderVisitor - [ORDERBOOK] Can't match order:Limit(side=BUY,orderId=5,price=43,quantity=1072)(MktData(price=98,quantity=154))
13:00:19.633 [main] INFO  c.o.v.MutatingMatchOneMarketDataOrderVisitor - [ORDERBOOK] Can't match order:Limit(side=BUY,orderId=7,price=43,quantity=4288)(MktData(price=98,quantity=154))
13:00:19.633 [main] INFO  c.o.v.MutatingMatchOneMarketDataOrderVisitor - [ORDERBOOK] Can't match order:Limit(side=BUY,orderId=9,price=43,quantity=17152)(MktData(price=98,quantity=154))
13:00:19.633 [main] INFO  c.o.v.MutatingMatchOneMarketDataOrderVisitor - [ORDERBOOK] Can't match order:Limit(side=BUY,orderId=11,price=43,quantity=68608)(MktData(price=98,quantity=154))
13:00:19.633 [main] INFO  c.o.v.MutatingMatchOneMarketDataOrderVisitor - [ORDERBOOK] Can't match order:Limit(side=BUY,orderId=12,price=43,quantity=137216)(MktData(price=98,quantity=154))
13:00:19.633 [main] INFO  c.o.v.MutatingMatchOneMarketDataOrderVisitor - [ORDERBOOK] Can't match order:Limit(side=BUY,orderId=13,price=43,quantity=274432)(MktData(price=98,quantity=154))
13:00:19.633 [main] INFO  c.o.v.MutatingMatchOneMarketDataOrderVisitor - [ORDERBOOK] Can't match order:Limit(side=BUY,orderId=14,price=43,quantity=548864)(MktData(price=98,quantity=154))
13:00:19.633 [main] INFO  c.o.v.MutatingMatchOneMarketDataOrderVisitor - [ORDERBOOK] Can't match order:Limit(side=BUY,orderId=15,price=43,quantity=1097728)(MktData(price=98,quantity=154))
13:00:19.633 [main] INFO  c.o.v.MutatingMatchOneMarketDataOrderVisitor - [ORDERBOOK] Can't match order:Limit(side=BUY,orderId=16,price=43,quantity=2195456)(MktData(price=98,quantity=154))
13:00:19.633 [main] INFO  c.o.v.MutatingMatchOneMarketDataOrderVisitor - [ORDERBOOK] Can't match order:MktData(price=43,quantity=134)(MktData(price=98,quantity=154))
13:00:19.633 [main] INFO  c.o.v.MutatingRemoveAllMarketDataOrdersVisitor - [ORDERBOOK] Removing market data order:MktData(price=98,quantity=501)
13:00:19.633 [main] INFO  c.o.v.MutatingRemoveAllMarketDataOrdersVisitor - [ORDERBOOK] Removing market data order:MktData(price=110,quantity=5000)
13:00:19.633 [main] INFO  c.o.v.MutatingRemoveAllMarketDataOrdersVisitor - [ORDERBOOK] Removing market data order:MktData(price=123,quantity=453)
13:00:19.633 [main] INFO  c.o.v.MutatingRemoveAllMarketDataOrdersVisitor - [ORDERBOOK] Removing market data order:MktData(price=167,quantity=665)
13:00:19.633 [main] DEBUG c.orderbook.OrderBook - [ORDERBOOK] ASK: Adding orderMktData(price=98,quantity=501)
13:00:19.633 [main] INFO  c.o.visitor.MutatingAddOrderVisitor - [ORDERBOOK] + Limit(side=SELL,orderId=17,price=98,quantity=501)
13:00:19.633 [main] DEBUG c.orderbook.OrderBook - [ORDERBOOK] ASK: Adding orderMktData(price=101,quantity=200)
13:00:19.633 [main] DEBUG c.orderbook.OrderBook - [ORDERBOOK] ASK: Adding orderMktData(price=110,quantity=5000)
13:00:19.633 [main] DEBUG c.orderbook.OrderBook - [ORDERBOOK] ASK: Adding orderMktData(price=119,quantity=5600)
13:00:19.633 [main] DEBUG c.orderbook.OrderBook - [ORDERBOOK] ASK: Adding orderMktData(price=123,quantity=453)
13:00:19.633 [main] DEBUG c.orderbook.OrderBook - [ORDERBOOK] ASK: Adding orderMktData(price=144,quantity=645)
13:00:19.633 [main] DEBUG c.orderbook.OrderBook - [ORDERBOOK] ASK: Adding orderMktData(price=167,quantity=665)
13:00:19.633 [main] DEBUG c.service.MarketDataService - [ALGO] BID: price:43 quantity:134
13:00:19.633 [main] DEBUG c.service.MarketDataService - [ALGO] BID: price:76 quantity:145
13:00:19.633 [main] DEBUG c.service.MarketDataService - [ALGO] BID: price:91 quantity:300
13:00:19.633 [main] DEBUG c.service.MarketDataService - [ALGO] BID: price:93 quantity:200
13:00:19.633 [main] DEBUG c.service.MarketDataService - [ALGO] BID: price:95 quantity:100
13:00:19.633 [main] DEBUG c.service.MarketDataService - [ALGO] BID: price:98 quantity:154
13:00:19.633 [main] DEBUG c.service.MarketDataService - [ALGO] ASK: price:98 quantity:501
13:00:19.633 [main] DEBUG c.service.MarketDataService - [ALGO] ASK: price:101 quantity:200
13:00:19.633 [main] DEBUG c.service.MarketDataService - [ALGO] ASK: price:110 quantity:5000
13:00:19.633 [main] DEBUG c.service.MarketDataService - [ALGO] ASK: price:119 quantity:5600
13:00:19.633 [main] DEBUG c.service.MarketDataService - [ALGO] ASK: price:123 quantity:453
13:00:19.633 [main] DEBUG c.service.MarketDataService - [ALGO] ASK: price:144 quantity:645
13:00:19.633 [main] DEBUG c.service.MarketDataService - [ALGO] ASK: price:167 quantity:665
13:00:19.633 [main] INFO  c.gettingstarted.MyAlgoLogic - [MYALGO] The state of the order book is:
|----BID-----||----ASK----|
    134 @ 43    501 @ 98
    145 @ 76   200 @ 101
    300 @ 91  5000 @ 110
    200 @ 93  5600 @ 119
    100 @ 95   453 @ 123
    154 @ 98   645 @ 144
          -    665 @ 167
|------------||-----------|

13:00:19.633 [main] INFO  c.gettingstarted.MyAlgoLogic - [MYALGO] Algo Sees Book as: 
|----BID-----||----ASK----|
    134 @ 43    501 @ 98
    145 @ 76   200 @ 101
    300 @ 91  5000 @ 110
    200 @ 93  5600 @ 119
    100 @ 95   453 @ 123
    154 @ 98   645 @ 144
          -    665 @ 167
|------------||-----------|

13:00:19.633 [main] INFO  c.gettingstarted.TimedLogic - [TIMEDLOGIC] Market is open
13:00:19.633 [main] INFO  c.sequencer.consumer.LoggingConsumer - [251] 
|----BID-----|
    134 @ 43
    145 @ 76
    300 @ 91
    200 @ 93
    100 @ 95
    154 @ 98
|----ASK-----|
    501 @ 98
   200 @ 101
  5000 @ 110
  5600 @ 119
   453 @ 123
   645 @ 144
   665 @ 167

13:00:19.633 [main] INFO  c.orderbook.OrderBook - [ORDERBOOK] Processing Mkt Data Update
13:00:19.633 [main] INFO  c.o.v.MutatingRemoveAllMarketDataOrdersVisitor - [ORDERBOOK] Removing market data order:MktData(price=43,quantity=134)
13:00:19.633 [main] DEBUG c.orderbook.OrderBook - [ORDERBOOK] ASK: Adding orderMktData(price=43,quantity=134)
13:00:19.633 [main] INFO  c.o.visitor.MutatingAddOrderVisitor - [ORDERBOOK] + Limit(side=BUY,orderId=16,price=43,quantity=2195456)
13:00:19.633 [main] DEBUG c.orderbook.OrderBook - [ORDERBOOK] ASK: Adding orderMktData(price=76,quantity=145)
13:00:19.633 [main] DEBUG c.orderbook.OrderBook - [ORDERBOOK] ASK: Adding orderMktData(price=91,quantity=300)
13:00:19.633 [main] DEBUG c.orderbook.OrderBook - [ORDERBOOK] ASK: Adding orderMktData(price=93,quantity=200)
13:00:19.633 [main] DEBUG c.orderbook.OrderBook - [ORDERBOOK] ASK: Adding orderMktData(price=95,quantity=100)
13:00:19.633 [main] DEBUG c.orderbook.OrderBook - [ORDERBOOK] ASK: Adding orderMktData(price=98,quantity=154)
13:00:19.633 [main] INFO  c.o.v.MutatingMatchOneMarketDataOrderVisitor - [ORDERBOOK] visiting LevelOrderBookLevel(price=43,quantity=4280362)
13:00:19.633 [main] INFO  c.o.v.MutatingMatchOneMarketDataOrderVisitor - [ORDERBOOK] Can't match order:Limit(side=BUY,orderId=3,price=43,quantity=268)(MktData(price=98,quantity=154))
13:00:19.633 [main] INFO  c.o.v.MutatingMatchOneMarketDataOrderVisitor - [ORDERBOOK] Can't match order:Limit(side=BUY,orderId=5,price=43,quantity=1072)(MktData(price=98,quantity=154))
13:00:19.633 [main] INFO  c.o.v.MutatingMatchOneMarketDataOrderVisitor - [ORDERBOOK] Can't match order:Limit(side=BUY,orderId=7,price=43,quantity=4288)(MktData(price=98,quantity=154))
13:00:19.633 [main] INFO  c.o.v.MutatingMatchOneMarketDataOrderVisitor - [ORDERBOOK] Can't match order:Limit(side=BUY,orderId=9,price=43,quantity=17152)(MktData(price=98,quantity=154))
13:00:19.633 [main] INFO  c.o.v.MutatingMatchOneMarketDataOrderVisitor - [ORDERBOOK] Can't match order:Limit(side=BUY,orderId=11,price=43,quantity=68608)(MktData(price=98,quantity=154))
13:00:19.633 [main] INFO  c.o.v.MutatingMatchOneMarketDataOrderVisitor - [ORDERBOOK] Can't match order:Limit(side=BUY,orderId=12,price=43,quantity=137216)(MktData(price=98,quantity=154))
13:00:19.633 [main] INFO  c.o.v.MutatingMatchOneMarketDataOrderVisitor - [ORDERBOOK] Can't match order:Limit(side=BUY,orderId=13,price=43,quantity=274432)(MktData(price=98,quantity=154))
13:00:19.633 [main] INFO  c.o.v.MutatingMatchOneMarketDataOrderVisitor - [ORDERBOOK] Can't match order:Limit(side=BUY,orderId=14,price=43,quantity=548864)(MktData(price=98,quantity=154))
13:00:19.633 [main] INFO  c.o.v.MutatingMatchOneMarketDataOrderVisitor - [ORDERBOOK] Can't match order:Limit(side=BUY,orderId=15,price=43,quantity=1097728)(MktData(price=98,quantity=154))
13:00:19.633 [main] INFO  c.o.v.MutatingMatchOneMarketDataOrderVisitor - [ORDERBOOK] Can't match order:Limit(side=BUY,orderId=16,price=43,quantity=2195456)(MktData(price=98,quantity=154))
13:00:19.633 [main] INFO  c.o.v.MutatingMatchOneMarketDataOrderVisitor - [ORDERBOOK] Can't match order:MktData(price=43,quantity=134)(MktData(price=98,quantity=154))
13:00:19.633 [main] INFO  c.o.v.MutatingRemoveAllMarketDataOrdersVisitor - [ORDERBOOK] Removing market data order:MktData(price=98,quantity=501)
13:00:19.633 [main] INFO  c.o.v.MutatingRemoveAllMarketDataOrdersVisitor - [ORDERBOOK] Removing market data order:MktData(price=110,quantity=5000)
13:00:19.633 [main] INFO  c.o.v.MutatingRemoveAllMarketDataOrdersVisitor - [ORDERBOOK] Removing market data order:MktData(price=123,quantity=453)
13:00:19.633 [main] INFO  c.o.v.MutatingRemoveAllMarketDataOrdersVisitor - [ORDERBOOK] Removing market data order:MktData(price=167,quantity=665)
13:00:19.633 [main] DEBUG c.orderbook.OrderBook - [ORDERBOOK] ASK: Adding orderMktData(price=98,quantity=501)
13:00:19.633 [main] INFO  c.o.visitor.MutatingAddOrderVisitor - [ORDERBOOK] + Limit(side=SELL,orderId=17,price=98,quantity=501)
13:00:19.633 [main] DEBUG c.orderbook.OrderBook - [ORDERBOOK] ASK: Adding orderMktData(price=101,quantity=200)
13:00:19.633 [main] DEBUG c.orderbook.OrderBook - [ORDERBOOK] ASK: Adding orderMktData(price=110,quantity=5000)
13:00:19.633 [main] DEBUG c.orderbook.OrderBook - [ORDERBOOK] ASK: Adding orderMktData(price=119,quantity=5600)
13:00:19.633 [main] DEBUG c.orderbook.OrderBook - [ORDERBOOK] ASK: Adding orderMktData(price=123,quantity=453)
13:00:19.633 [main] DEBUG c.orderbook.OrderBook - [ORDERBOOK] ASK: Adding orderMktData(price=144,quantity=645)
13:00:19.633 [main] DEBUG c.orderbook.OrderBook - [ORDERBOOK] ASK: Adding orderMktData(price=167,quantity=665)
13:00:19.633 [main] DEBUG c.service.MarketDataService - [ALGO] BID: price:43 quantity:134
13:00:19.633 [main] DEBUG c.service.MarketDataService - [ALGO] BID: price:76 quantity:145
13:00:19.633 [main] DEBUG c.service.MarketDataService - [ALGO] BID: price:91 quantity:300
13:00:19.633 [main] DEBUG c.service.MarketDataService - [ALGO] BID: price:93 quantity:200
13:00:19.633 [main] DEBUG c.service.MarketDataService - [ALGO] BID: price:95 quantity:100
13:00:19.633 [main] DEBUG c.service.MarketDataService - [ALGO] BID: price:98 quantity:154
13:00:19.633 [main] DEBUG c.service.MarketDataService - [ALGO] ASK: price:98 quantity:501
13:00:19.633 [main] DEBUG c.service.MarketDataService - [ALGO] ASK: price:101 quantity:200
13:00:19.633 [main] DEBUG c.service.MarketDataService - [ALGO] ASK: price:110 quantity:5000
13:00:19.633 [main] DEBUG c.service.MarketDataService - [ALGO] ASK: price:119 quantity:5600
13:00:19.633 [main] DEBUG c.service.MarketDataService - [ALGO] ASK: price:123 quantity:453
13:00:19.633 [main] DEBUG c.service.MarketDataService - [ALGO] ASK: price:144 quantity:645
13:00:19.633 [main] DEBUG c.service.MarketDataService - [ALGO] ASK: price:167 quantity:665
13:00:19.633 [main] INFO  c.gettingstarted.MyAlgoLogic - [MYALGO] The state of the order book is:
|----BID-----||----ASK----|
    134 @ 43    501 @ 98
    145 @ 76   200 @ 101
    300 @ 91  5000 @ 110
    200 @ 93  5600 @ 119
    100 @ 95   453 @ 123
    154 @ 98   645 @ 144
          -    665 @ 167
|------------||-----------|

13:00:19.633 [main] INFO  c.gettingstarted.MyAlgoLogic - [MYALGO] Algo Sees Book as: 
|----BID-----||----ASK----|
    134 @ 43    501 @ 98
    145 @ 76   200 @ 101
    300 @ 91  5000 @ 110
    200 @ 93  5600 @ 119
    100 @ 95   453 @ 123
    154 @ 98   645 @ 144
          -    665 @ 167
|------------||-----------|

13:00:19.633 [main] INFO  c.gettingstarted.TimedLogic - [TIMEDLOGIC] Market is open
13:00:19.633 [main] INFO  c.sequencer.consumer.LoggingConsumer - [252] 
|----BID-----|
    134 @ 43
    145 @ 76
    300 @ 91
    200 @ 93
    100 @ 95
    154 @ 98
|----ASK-----|
    501 @ 98
   200 @ 101
  5000 @ 110
  5600 @ 119
   453 @ 123
   645 @ 144
   665 @ 167

13:00:19.633 [main] INFO  c.orderbook.OrderBook - [ORDERBOOK] Processing Mkt Data Update
13:00:19.633 [main] INFO  c.o.v.MutatingRemoveAllMarketDataOrdersVisitor - [ORDERBOOK] Removing market data order:MktData(price=43,quantity=134)
13:00:19.633 [main] DEBUG c.orderbook.OrderBook - [ORDERBOOK] ASK: Adding orderMktData(price=43,quantity=134)
13:00:19.633 [main] INFO  c.o.visitor.MutatingAddOrderVisitor - [ORDERBOOK] + Limit(side=BUY,orderId=16,price=43,quantity=2195456)
13:00:19.633 [main] DEBUG c.orderbook.OrderBook - [ORDERBOOK] ASK: Adding orderMktData(price=76,quantity=145)
13:00:19.633 [main] DEBUG c.orderbook.OrderBook - [ORDERBOOK] ASK: Adding orderMktData(price=91,quantity=300)
13:00:19.633 [main] DEBUG c.orderbook.OrderBook - [ORDERBOOK] ASK: Adding orderMktData(price=93,quantity=200)
13:00:19.633 [main] DEBUG c.orderbook.OrderBook - [ORDERBOOK] ASK: Adding orderMktData(price=95,quantity=100)
13:00:19.633 [main] DEBUG c.orderbook.OrderBook - [ORDERBOOK] ASK: Adding orderMktData(price=98,quantity=154)
13:00:19.633 [main] INFO  c.o.v.MutatingMatchOneMarketDataOrderVisitor - [ORDERBOOK] visiting LevelOrderBookLevel(price=43,quantity=4280496)
13:00:19.633 [main] INFO  c.o.v.MutatingMatchOneMarketDataOrderVisitor - [ORDERBOOK] Can't match order:Limit(side=BUY,orderId=3,price=43,quantity=268)(MktData(price=98,quantity=154))
13:00:19.633 [main] INFO  c.o.v.MutatingMatchOneMarketDataOrderVisitor - [ORDERBOOK] Can't match order:Limit(side=BUY,orderId=5,price=43,quantity=1072)(MktData(price=98,quantity=154))
13:00:19.633 [main] INFO  c.o.v.MutatingMatchOneMarketDataOrderVisitor - [ORDERBOOK] Can't match order:Limit(side=BUY,orderId=7,price=43,quantity=4288)(MktData(price=98,quantity=154))
13:00:19.633 [main] INFO  c.o.v.MutatingMatchOneMarketDataOrderVisitor - [ORDERBOOK] Can't match order:Limit(side=BUY,orderId=9,price=43,quantity=17152)(MktData(price=98,quantity=154))
13:00:19.633 [main] INFO  c.o.v.MutatingMatchOneMarketDataOrderVisitor - [ORDERBOOK] Can't match order:Limit(side=BUY,orderId=11,price=43,quantity=68608)(MktData(price=98,quantity=154))
13:00:19.633 [main] INFO  c.o.v.MutatingMatchOneMarketDataOrderVisitor - [ORDERBOOK] Can't match order:Limit(side=BUY,orderId=12,price=43,quantity=137216)(MktData(price=98,quantity=154))
13:00:19.633 [main] INFO  c.o.v.MutatingMatchOneMarketDataOrderVisitor - [ORDERBOOK] Can't match order:Limit(side=BUY,orderId=13,price=43,quantity=274432)(MktData(price=98,quantity=154))
13:00:19.633 [main] INFO  c.o.v.MutatingMatchOneMarketDataOrderVisitor - [ORDERBOOK] Can't match order:Limit(side=BUY,orderId=14,price=43,quantity=548864)(MktData(price=98,quantity=154))
13:00:19.633 [main] INFO  c.o.v.MutatingMatchOneMarketDataOrderVisitor - [ORDERBOOK] Can't match order:Limit(side=BUY,orderId=15,price=43,quantity=1097728)(MktData(price=98,quantity=154))
13:00:19.633 [main] INFO  c.o.v.MutatingMatchOneMarketDataOrderVisitor - [ORDERBOOK] Can't match order:Limit(side=BUY,orderId=16,price=43,quantity=2195456)(MktData(price=98,quantity=154))
13:00:19.633 [main] INFO  c.o.v.MutatingMatchOneMarketDataOrderVisitor - [ORDERBOOK] Can't match order:MktData(price=43,quantity=134)(MktData(price=98,quantity=154))
13:00:19.633 [main] INFO  c.o.v.MutatingRemoveAllMarketDataOrdersVisitor - [ORDERBOOK] Removing market data order:MktData(price=98,quantity=501)
13:00:19.633 [main] INFO  c.o.v.MutatingRemoveAllMarketDataOrdersVisitor - [ORDERBOOK] Removing market data order:MktData(price=110,quantity=5000)
13:00:19.633 [main] INFO  c.o.v.MutatingRemoveAllMarketDataOrdersVisitor - [ORDERBOOK] Removing market data order:MktData(price=123,quantity=453)
13:00:19.633 [main] INFO  c.o.v.MutatingRemoveAllMarketDataOrdersVisitor - [ORDERBOOK] Removing market data order:MktData(price=167,quantity=665)
13:00:19.633 [main] DEBUG c.orderbook.OrderBook - [ORDERBOOK] ASK: Adding orderMktData(price=98,quantity=501)
13:00:19.633 [main] INFO  c.o.visitor.MutatingAddOrderVisitor - [ORDERBOOK] + Limit(side=SELL,orderId=17,price=98,quantity=501)
13:00:19.633 [main] DEBUG c.orderbook.OrderBook - [ORDERBOOK] ASK: Adding orderMktData(price=101,quantity=200)
13:00:19.633 [main] DEBUG c.orderbook.OrderBook - [ORDERBOOK] ASK: Adding orderMktData(price=110,quantity=5000)
13:00:19.633 [main] DEBUG c.orderbook.OrderBook - [ORDERBOOK] ASK: Adding orderMktData(price=119,quantity=5600)
13:00:19.633 [main] DEBUG c.orderbook.OrderBook - [ORDERBOOK] ASK: Adding orderMktData(price=123,quantity=453)
13:00:19.633 [main] DEBUG c.orderbook.OrderBook - [ORDERBOOK] ASK: Adding orderMktData(price=144,quantity=645)
13:00:19.633 [main] DEBUG c.orderbook.OrderBook - [ORDERBOOK] ASK: Adding orderMktData(price=167,quantity=665)
13:00:19.633 [main] DEBUG c.service.MarketDataService - [ALGO] BID: price:43 quantity:134
13:00:19.633 [main] DEBUG c.service.MarketDataService - [ALGO] BID: price:76 quantity:145
13:00:19.633 [main] DEBUG c.service.MarketDataService - [ALGO] BID: price:91 quantity:300
13:00:19.633 [main] DEBUG c.service.MarketDataService - [ALGO] BID: price:93 quantity:200
13:00:19.633 [main] DEBUG c.service.MarketDataService - [ALGO] BID: price:95 quantity:100
13:00:19.633 [main] DEBUG c.service.MarketDataService - [ALGO] BID: price:98 quantity:154
13:00:19.633 [main] DEBUG c.service.MarketDataService - [ALGO] ASK: price:98 quantity:501
13:00:19.633 [main] DEBUG c.service.MarketDataService - [ALGO] ASK: price:101 quantity:200
13:00:19.633 [main] DEBUG c.service.MarketDataService - [ALGO] ASK: price:110 quantity:5000
13:00:19.633 [main] DEBUG c.service.MarketDataService - [ALGO] ASK: price:119 quantity:5600
13:00:19.633 [main] DEBUG c.service.MarketDataService - [ALGO] ASK: price:123 quantity:453
13:00:19.633 [main] DEBUG c.service.MarketDataService - [ALGO] ASK: price:144 quantity:645
13:00:19.633 [main] DEBUG c.service.MarketDataService - [ALGO] ASK: price:167 quantity:665
13:00:19.633 [main] INFO  c.gettingstarted.MyAlgoLogic - [MYALGO] The state of the order book is:
|----BID-----||----ASK----|
    134 @ 43    501 @ 98
    145 @ 76   200 @ 101
    300 @ 91  5000 @ 110
    200 @ 93  5600 @ 119
    100 @ 95   453 @ 123
    154 @ 98   645 @ 144
          -    665 @ 167
|------------||-----------|

13:00:19.633 [main] INFO  c.gettingstarted.MyAlgoLogic - [MYALGO] Algo Sees Book as: 
|----BID-----||----ASK----|
    134 @ 43    501 @ 98
    145 @ 76   200 @ 101
    300 @ 91  5000 @ 110
    200 @ 93  5600 @ 119
    100 @ 95   453 @ 123
    154 @ 98   645 @ 144
          -    665 @ 167
|------------||-----------|

13:00:19.633 [main] INFO  c.gettingstarted.TimedLogic - [TIMEDLOGIC] Market is open
13:00:19.633 [main] INFO  c.sequencer.consumer.LoggingConsumer - [253] 
|----BID-----|
    134 @ 43
    145 @ 76
    300 @ 91
    200 @ 93
    100 @ 95
    154 @ 98
|----ASK-----|
    501 @ 98
   200 @ 101
  5000 @ 110
  5600 @ 119
   453 @ 123
   645 @ 144
   665 @ 167

13:00:19.633 [main] INFO  c.orderbook.OrderBook - [ORDERBOOK] Processing Mkt Data Update
13:00:19.633 [main] INFO  c.o.v.MutatingRemoveAllMarketDataOrdersVisitor - [ORDERBOOK] Removing market data order:MktData(price=43,quantity=134)
13:00:19.633 [main] DEBUG c.orderbook.OrderBook - [ORDERBOOK] ASK: Adding orderMktData(price=43,quantity=134)
13:00:19.633 [main] INFO  c.o.visitor.MutatingAddOrderVisitor - [ORDERBOOK] + Limit(side=BUY,orderId=16,price=43,quantity=2195456)
13:00:19.633 [main] DEBUG c.orderbook.OrderBook - [ORDERBOOK] ASK: Adding orderMktData(price=76,quantity=145)
13:00:19.633 [main] DEBUG c.orderbook.OrderBook - [ORDERBOOK] ASK: Adding orderMktData(price=91,quantity=300)
13:00:19.633 [main] DEBUG c.orderbook.OrderBook - [ORDERBOOK] ASK: Adding orderMktData(price=93,quantity=200)
13:00:19.633 [main] DEBUG c.orderbook.OrderBook - [ORDERBOOK] ASK: Adding orderMktData(price=95,quantity=100)
13:00:19.633 [main] DEBUG c.orderbook.OrderBook - [ORDERBOOK] ASK: Adding orderMktData(price=98,quantity=154)
13:00:19.633 [main] INFO  c.o.v.MutatingMatchOneMarketDataOrderVisitor - [ORDERBOOK] visiting LevelOrderBookLevel(price=43,quantity=4280630)
13:00:19.633 [main] INFO  c.o.v.MutatingMatchOneMarketDataOrderVisitor - [ORDERBOOK] Can't match order:Limit(side=BUY,orderId=3,price=43,quantity=268)(MktData(price=98,quantity=154))
13:00:19.633 [main] INFO  c.o.v.MutatingMatchOneMarketDataOrderVisitor - [ORDERBOOK] Can't match order:Limit(side=BUY,orderId=5,price=43,quantity=1072)(MktData(price=98,quantity=154))
13:00:19.633 [main] INFO  c.o.v.MutatingMatchOneMarketDataOrderVisitor - [ORDERBOOK] Can't match order:Limit(side=BUY,orderId=7,price=43,quantity=4288)(MktData(price=98,quantity=154))
13:00:19.633 [main] INFO  c.o.v.MutatingMatchOneMarketDataOrderVisitor - [ORDERBOOK] Can't match order:Limit(side=BUY,orderId=9,price=43,quantity=17152)(MktData(price=98,quantity=154))
13:00:19.633 [main] INFO  c.o.v.MutatingMatchOneMarketDataOrderVisitor - [ORDERBOOK] Can't match order:Limit(side=BUY,orderId=11,price=43,quantity=68608)(MktData(price=98,quantity=154))
13:00:19.633 [main] INFO  c.o.v.MutatingMatchOneMarketDataOrderVisitor - [ORDERBOOK] Can't match order:Limit(side=BUY,orderId=12,price=43,quantity=137216)(MktData(price=98,quantity=154))
13:00:19.633 [main] INFO  c.o.v.MutatingMatchOneMarketDataOrderVisitor - [ORDERBOOK] Can't match order:Limit(side=BUY,orderId=13,price=43,quantity=274432)(MktData(price=98,quantity=154))
13:00:19.633 [main] INFO  c.o.v.MutatingMatchOneMarketDataOrderVisitor - [ORDERBOOK] Can't match order:Limit(side=BUY,orderId=14,price=43,quantity=548864)(MktData(price=98,quantity=154))
13:00:19.633 [main] INFO  c.o.v.MutatingMatchOneMarketDataOrderVisitor - [ORDERBOOK] Can't match order:Limit(side=BUY,orderId=15,price=43,quantity=1097728)(MktData(price=98,quantity=154))
13:00:19.633 [main] INFO  c.o.v.MutatingMatchOneMarketDataOrderVisitor - [ORDERBOOK] Can't match order:Limit(side=BUY,orderId=16,price=43,quantity=2195456)(MktData(price=98,quantity=154))
13:00:19.633 [main] INFO  c.o.v.MutatingMatchOneMarketDataOrderVisitor - [ORDERBOOK] Can't match order:MktData(price=43,quantity=134)(MktData(price=98,quantity=154))
13:00:19.633 [main] INFO  c.o.v.MutatingRemoveAllMarketDataOrdersVisitor - [ORDERBOOK] Removing market data order:MktData(price=98,quantity=501)
13:00:19.633 [main] INFO  c.o.v.MutatingRemoveAllMarketDataOrdersVisitor - [ORDERBOOK] Removing market data order:MktData(price=110,quantity=5000)
13:00:19.633 [main] INFO  c.o.v.MutatingRemoveAllMarketDataOrdersVisitor - [ORDERBOOK] Removing market data order:MktData(price=123,quantity=453)
13:00:19.633 [main] INFO  c.o.v.MutatingRemoveAllMarketDataOrdersVisitor - [ORDERBOOK] Removing market data order:MktData(price=167,quantity=665)
13:00:19.633 [main] DEBUG c.orderbook.OrderBook - [ORDERBOOK] ASK: Adding orderMktData(price=98,quantity=501)
13:00:19.633 [main] INFO  c.o.visitor.MutatingAddOrderVisitor - [ORDERBOOK] + Limit(side=SELL,orderId=17,price=98,quantity=501)
13:00:19.633 [main] DEBUG c.orderbook.OrderBook - [ORDERBOOK] ASK: Adding orderMktData(price=101,quantity=200)
13:00:19.633 [main] DEBUG c.orderbook.OrderBook - [ORDERBOOK] ASK: Adding orderMktData(price=110,quantity=5000)
13:00:19.633 [main] DEBUG c.orderbook.OrderBook - [ORDERBOOK] ASK: Adding orderMktData(price=119,quantity=5600)
13:00:19.633 [main] DEBUG c.orderbook.OrderBook - [ORDERBOOK] ASK: Adding orderMktData(price=123,quantity=453)
13:00:19.633 [main] DEBUG c.orderbook.OrderBook - [ORDERBOOK] ASK: Adding orderMktData(price=144,quantity=645)
13:00:19.633 [main] DEBUG c.orderbook.OrderBook - [ORDERBOOK] ASK: Adding orderMktData(price=167,quantity=665)
13:00:19.641 [main] DEBUG c.service.MarketDataService - [ALGO] BID: price:43 quantity:134
13:00:19.641 [main] DEBUG c.service.MarketDataService - [ALGO] BID: price:76 quantity:145
13:00:19.641 [main] DEBUG c.service.MarketDataService - [ALGO] BID: price:91 quantity:300
13:00:19.641 [main] DEBUG c.service.MarketDataService - [ALGO] BID: price:93 quantity:200
13:00:19.641 [main] DEBUG c.service.MarketDataService - [ALGO] BID: price:95 quantity:100
13:00:19.641 [main] DEBUG c.service.MarketDataService - [ALGO] BID: price:98 quantity:154
13:00:19.641 [main] DEBUG c.service.MarketDataService - [ALGO] ASK: price:98 quantity:501
13:00:19.641 [main] DEBUG c.service.MarketDataService - [ALGO] ASK: price:101 quantity:200
13:00:19.641 [main] DEBUG c.service.MarketDataService - [ALGO] ASK: price:110 quantity:5000
13:00:19.641 [main] DEBUG c.service.MarketDataService - [ALGO] ASK: price:119 quantity:5600
13:00:19.641 [main] DEBUG c.service.MarketDataService - [ALGO] ASK: price:123 quantity:453
13:00:19.641 [main] DEBUG c.service.MarketDataService - [ALGO] ASK: price:144 quantity:645
13:00:19.641 [main] DEBUG c.service.MarketDataService - [ALGO] ASK: price:167 quantity:665
13:00:19.641 [main] INFO  c.gettingstarted.MyAlgoLogic - [MYALGO] The state of the order book is:
|----BID-----||----ASK----|
    134 @ 43    501 @ 98
    145 @ 76   200 @ 101
    300 @ 91  5000 @ 110
    200 @ 93  5600 @ 119
    100 @ 95   453 @ 123
    154 @ 98   645 @ 144
          -    665 @ 167
|------------||-----------|

13:00:19.641 [main] INFO  c.gettingstarted.MyAlgoLogic - [MYALGO] Algo Sees Book as: 
|----BID-----||----ASK----|
    134 @ 43    501 @ 98
    145 @ 76   200 @ 101
    300 @ 91  5000 @ 110
    200 @ 93  5600 @ 119
    100 @ 95   453 @ 123
    154 @ 98   645 @ 144
          -    665 @ 167
|------------||-----------|

13:00:19.641 [main] INFO  c.gettingstarted.TimedLogic - [TIMEDLOGIC] Market is open
13:00:19.641 [main] INFO  c.sequencer.consumer.LoggingConsumer - [254] 
|----BID-----|
    134 @ 43
    145 @ 76
    300 @ 91
    200 @ 93
    100 @ 95
    154 @ 98
|----ASK-----|
    501 @ 98
   200 @ 101
  5000 @ 110
  5600 @ 119
   453 @ 123
   645 @ 144
   665 @ 167

13:00:19.641 [main] INFO  c.orderbook.OrderBook - [ORDERBOOK] Processing Mkt Data Update
13:00:19.641 [main] INFO  c.o.v.MutatingRemoveAllMarketDataOrdersVisitor - [ORDERBOOK] Removing market data order:MktData(price=43,quantity=134)
13:00:19.641 [main] DEBUG c.orderbook.OrderBook - [ORDERBOOK] ASK: Adding orderMktData(price=43,quantity=134)
13:00:19.641 [main] INFO  c.o.visitor.MutatingAddOrderVisitor - [ORDERBOOK] + Limit(side=BUY,orderId=16,price=43,quantity=2195456)
13:00:19.641 [main] DEBUG c.orderbook.OrderBook - [ORDERBOOK] ASK: Adding orderMktData(price=76,quantity=145)
13:00:19.641 [main] DEBUG c.orderbook.OrderBook - [ORDERBOOK] ASK: Adding orderMktData(price=91,quantity=300)
13:00:19.641 [main] DEBUG c.orderbook.OrderBook - [ORDERBOOK] ASK: Adding orderMktData(price=93,quantity=200)
13:00:19.641 [main] DEBUG c.orderbook.OrderBook - [ORDERBOOK] ASK: Adding orderMktData(price=95,quantity=100)
13:00:19.641 [main] DEBUG c.orderbook.OrderBook - [ORDERBOOK] ASK: Adding orderMktData(price=98,quantity=154)
13:00:19.641 [main] INFO  c.o.v.MutatingMatchOneMarketDataOrderVisitor - [ORDERBOOK] visiting LevelOrderBookLevel(price=43,quantity=4280764)
13:00:19.641 [main] INFO  c.o.v.MutatingMatchOneMarketDataOrderVisitor - [ORDERBOOK] Can't match order:Limit(side=BUY,orderId=3,price=43,quantity=268)(MktData(price=98,quantity=154))
13:00:19.641 [main] INFO  c.o.v.MutatingMatchOneMarketDataOrderVisitor - [ORDERBOOK] Can't match order:Limit(side=BUY,orderId=5,price=43,quantity=1072)(MktData(price=98,quantity=154))
13:00:19.641 [main] INFO  c.o.v.MutatingMatchOneMarketDataOrderVisitor - [ORDERBOOK] Can't match order:Limit(side=BUY,orderId=7,price=43,quantity=4288)(MktData(price=98,quantity=154))
13:00:19.641 [main] INFO  c.o.v.MutatingMatchOneMarketDataOrderVisitor - [ORDERBOOK] Can't match order:Limit(side=BUY,orderId=9,price=43,quantity=17152)(MktData(price=98,quantity=154))
13:00:19.641 [main] INFO  c.o.v.MutatingMatchOneMarketDataOrderVisitor - [ORDERBOOK] Can't match order:Limit(side=BUY,orderId=11,price=43,quantity=68608)(MktData(price=98,quantity=154))
13:00:19.641 [main] INFO  c.o.v.MutatingMatchOneMarketDataOrderVisitor - [ORDERBOOK] Can't match order:Limit(side=BUY,orderId=12,price=43,quantity=137216)(MktData(price=98,quantity=154))
13:00:19.641 [main] INFO  c.o.v.MutatingMatchOneMarketDataOrderVisitor - [ORDERBOOK] Can't match order:Limit(side=BUY,orderId=13,price=43,quantity=274432)(MktData(price=98,quantity=154))
13:00:19.641 [main] INFO  c.o.v.MutatingMatchOneMarketDataOrderVisitor - [ORDERBOOK] Can't match order:Limit(side=BUY,orderId=14,price=43,quantity=548864)(MktData(price=98,quantity=154))
13:00:19.641 [main] INFO  c.o.v.MutatingMatchOneMarketDataOrderVisitor - [ORDERBOOK] Can't match order:Limit(side=BUY,orderId=15,price=43,quantity=1097728)(MktData(price=98,quantity=154))
13:00:19.641 [main] INFO  c.o.v.MutatingMatchOneMarketDataOrderVisitor - [ORDERBOOK] Can't match order:Limit(side=BUY,orderId=16,price=43,quantity=2195456)(MktData(price=98,quantity=154))
13:00:19.641 [main] INFO  c.o.v.MutatingMatchOneMarketDataOrderVisitor - [ORDERBOOK] Can't match order:MktData(price=43,quantity=134)(MktData(price=98,quantity=154))
13:00:19.641 [main] INFO  c.o.v.MutatingRemoveAllMarketDataOrdersVisitor - [ORDERBOOK] Removing market data order:MktData(price=98,quantity=501)
13:00:19.641 [main] INFO  c.o.v.MutatingRemoveAllMarketDataOrdersVisitor - [ORDERBOOK] Removing market data order:MktData(price=110,quantity=5000)
13:00:19.641 [main] INFO  c.o.v.MutatingRemoveAllMarketDataOrdersVisitor - [ORDERBOOK] Removing market data order:MktData(price=123,quantity=453)
13:00:19.641 [main] INFO  c.o.v.MutatingRemoveAllMarketDataOrdersVisitor - [ORDERBOOK] Removing market data order:MktData(price=167,quantity=665)
13:00:19.641 [main] DEBUG c.orderbook.OrderBook - [ORDERBOOK] ASK: Adding orderMktData(price=98,quantity=501)
13:00:19.641 [main] INFO  c.o.visitor.MutatingAddOrderVisitor - [ORDERBOOK] + Limit(side=SELL,orderId=17,price=98,quantity=501)
13:00:19.641 [main] DEBUG c.orderbook.OrderBook - [ORDERBOOK] ASK: Adding orderMktData(price=101,quantity=200)
13:00:19.641 [main] DEBUG c.orderbook.OrderBook - [ORDERBOOK] ASK: Adding orderMktData(price=110,quantity=5000)
13:00:19.641 [main] DEBUG c.orderbook.OrderBook - [ORDERBOOK] ASK: Adding orderMktData(price=119,quantity=5600)
13:00:19.641 [main] DEBUG c.orderbook.OrderBook - [ORDERBOOK] ASK: Adding orderMktData(price=123,quantity=453)
13:00:19.641 [main] DEBUG c.orderbook.OrderBook - [ORDERBOOK] ASK: Adding orderMktData(price=144,quantity=645)
13:00:19.641 [main] DEBUG c.orderbook.OrderBook - [ORDERBOOK] ASK: Adding orderMktData(price=167,quantity=665)
13:00:19.641 [main] DEBUG c.service.MarketDataService - [ALGO] BID: price:43 quantity:134
13:00:19.641 [main] DEBUG c.service.MarketDataService - [ALGO] BID: price:76 quantity:145
13:00:19.641 [main] DEBUG c.service.MarketDataService - [ALGO] BID: price:91 quantity:300
13:00:19.641 [main] DEBUG c.service.MarketDataService - [ALGO] BID: price:93 quantity:200
13:00:19.641 [main] DEBUG c.service.MarketDataService - [ALGO] BID: price:95 quantity:100
13:00:19.641 [main] DEBUG c.service.MarketDataService - [ALGO] BID: price:98 quantity:154
13:00:19.641 [main] DEBUG c.service.MarketDataService - [ALGO] ASK: price:98 quantity:501
13:00:19.641 [main] DEBUG c.service.MarketDataService - [ALGO] ASK: price:101 quantity:200
13:00:19.641 [main] DEBUG c.service.MarketDataService - [ALGO] ASK: price:110 quantity:5000
13:00:19.641 [main] DEBUG c.service.MarketDataService - [ALGO] ASK: price:119 quantity:5600
13:00:19.641 [main] DEBUG c.service.MarketDataService - [ALGO] ASK: price:123 quantity:453
13:00:19.641 [main] DEBUG c.service.MarketDataService - [ALGO] ASK: price:144 quantity:645
13:00:19.641 [main] DEBUG c.service.MarketDataService - [ALGO] ASK: price:167 quantity:665
13:00:19.641 [main] INFO  c.gettingstarted.MyAlgoLogic - [MYALGO] The state of the order book is:
|----BID-----||----ASK----|
    134 @ 43    501 @ 98
    145 @ 76   200 @ 101
    300 @ 91  5000 @ 110
    200 @ 93  5600 @ 119
    100 @ 95   453 @ 123
    154 @ 98   645 @ 144
          -    665 @ 167
|------------||-----------|

13:00:19.641 [main] INFO  c.gettingstarted.MyAlgoLogic - [MYALGO] Algo Sees Book as: 
|----BID-----||----ASK----|
    134 @ 43    501 @ 98
    145 @ 76   200 @ 101
    300 @ 91  5000 @ 110
    200 @ 93  5600 @ 119
    100 @ 95   453 @ 123
    154 @ 98   645 @ 144
          -    665 @ 167
|------------||-----------|

13:00:19.641 [main] INFO  c.gettingstarted.TimedLogic - [TIMEDLOGIC] Market is open
13:00:19.641 [main] INFO  c.sequencer.consumer.LoggingConsumer - [255] 
|----BID-----|
    134 @ 43
    145 @ 76
    300 @ 91
    200 @ 93
    100 @ 95
    154 @ 98
|----ASK-----|
    501 @ 98
   200 @ 101
  5000 @ 110
  5600 @ 119
   453 @ 123
   645 @ 144
   665 @ 167

13:00:19.641 [main] INFO  c.orderbook.OrderBook - [ORDERBOOK] Processing Mkt Data Update
13:00:19.641 [main] INFO  c.o.v.MutatingRemoveAllMarketDataOrdersVisitor - [ORDERBOOK] Removing market data order:MktData(price=43,quantity=134)
13:00:19.641 [main] DEBUG c.orderbook.OrderBook - [ORDERBOOK] ASK: Adding orderMktData(price=43,quantity=134)
13:00:19.641 [main] INFO  c.o.visitor.MutatingAddOrderVisitor - [ORDERBOOK] + Limit(side=BUY,orderId=16,price=43,quantity=2195456)
13:00:19.641 [main] DEBUG c.orderbook.OrderBook - [ORDERBOOK] ASK: Adding orderMktData(price=76,quantity=145)
13:00:19.641 [main] DEBUG c.orderbook.OrderBook - [ORDERBOOK] ASK: Adding orderMktData(price=91,quantity=300)
13:00:19.641 [main] DEBUG c.orderbook.OrderBook - [ORDERBOOK] ASK: Adding orderMktData(price=93,quantity=200)
13:00:19.641 [main] DEBUG c.orderbook.OrderBook - [ORDERBOOK] ASK: Adding orderMktData(price=95,quantity=100)
13:00:19.641 [main] DEBUG c.orderbook.OrderBook - [ORDERBOOK] ASK: Adding orderMktData(price=98,quantity=154)
13:00:19.641 [main] INFO  c.o.v.MutatingMatchOneMarketDataOrderVisitor - [ORDERBOOK] visiting LevelOrderBookLevel(price=43,quantity=4280898)
13:00:19.641 [main] INFO  c.o.v.MutatingMatchOneMarketDataOrderVisitor - [ORDERBOOK] Can't match order:Limit(side=BUY,orderId=3,price=43,quantity=268)(MktData(price=98,quantity=154))
13:00:19.641 [main] INFO  c.o.v.MutatingMatchOneMarketDataOrderVisitor - [ORDERBOOK] Can't match order:Limit(side=BUY,orderId=5,price=43,quantity=1072)(MktData(price=98,quantity=154))
13:00:19.641 [main] INFO  c.o.v.MutatingMatchOneMarketDataOrderVisitor - [ORDERBOOK] Can't match order:Limit(side=BUY,orderId=7,price=43,quantity=4288)(MktData(price=98,quantity=154))
13:00:19.641 [main] INFO  c.o.v.MutatingMatchOneMarketDataOrderVisitor - [ORDERBOOK] Can't match order:Limit(side=BUY,orderId=9,price=43,quantity=17152)(MktData(price=98,quantity=154))
13:00:19.641 [main] INFO  c.o.v.MutatingMatchOneMarketDataOrderVisitor - [ORDERBOOK] Can't match order:Limit(side=BUY,orderId=11,price=43,quantity=68608)(MktData(price=98,quantity=154))
13:00:19.641 [main] INFO  c.o.v.MutatingMatchOneMarketDataOrderVisitor - [ORDERBOOK] Can't match order:Limit(side=BUY,orderId=12,price=43,quantity=137216)(MktData(price=98,quantity=154))
13:00:19.641 [main] INFO  c.o.v.MutatingMatchOneMarketDataOrderVisitor - [ORDERBOOK] Can't match order:Limit(side=BUY,orderId=13,price=43,quantity=274432)(MktData(price=98,quantity=154))
13:00:19.641 [main] INFO  c.o.v.MutatingMatchOneMarketDataOrderVisitor - [ORDERBOOK] Can't match order:Limit(side=BUY,orderId=14,price=43,quantity=548864)(MktData(price=98,quantity=154))
13:00:19.641 [main] INFO  c.o.v.MutatingMatchOneMarketDataOrderVisitor - [ORDERBOOK] Can't match order:Limit(side=BUY,orderId=15,price=43,quantity=1097728)(MktData(price=98,quantity=154))
13:00:19.641 [main] INFO  c.o.v.MutatingMatchOneMarketDataOrderVisitor - [ORDERBOOK] Can't match order:Limit(side=BUY,orderId=16,price=43,quantity=2195456)(MktData(price=98,quantity=154))
13:00:19.641 [main] INFO  c.o.v.MutatingMatchOneMarketDataOrderVisitor - [ORDERBOOK] Can't match order:MktData(price=43,quantity=134)(MktData(price=98,quantity=154))
13:00:19.641 [main] INFO  c.o.v.MutatingRemoveAllMarketDataOrdersVisitor - [ORDERBOOK] Removing market data order:MktData(price=98,quantity=501)
13:00:19.641 [main] INFO  c.o.v.MutatingRemoveAllMarketDataOrdersVisitor - [ORDERBOOK] Removing market data order:MktData(price=110,quantity=5000)
13:00:19.641 [main] INFO  c.o.v.MutatingRemoveAllMarketDataOrdersVisitor - [ORDERBOOK] Removing market data order:MktData(price=123,quantity=453)
13:00:19.641 [main] INFO  c.o.v.MutatingRemoveAllMarketDataOrdersVisitor - [ORDERBOOK] Removing market data order:MktData(price=167,quantity=665)
13:00:19.641 [main] DEBUG c.orderbook.OrderBook - [ORDERBOOK] ASK: Adding orderMktData(price=98,quantity=501)
13:00:19.641 [main] INFO  c.o.visitor.MutatingAddOrderVisitor - [ORDERBOOK] + Limit(side=SELL,orderId=17,price=98,quantity=501)
13:00:19.641 [main] DEBUG c.orderbook.OrderBook - [ORDERBOOK] ASK: Adding orderMktData(price=101,quantity=200)
13:00:19.641 [main] DEBUG c.orderbook.OrderBook - [ORDERBOOK] ASK: Adding orderMktData(price=110,quantity=5000)
13:00:19.641 [main] DEBUG c.orderbook.OrderBook - [ORDERBOOK] ASK: Adding orderMktData(price=119,quantity=5600)
13:00:19.641 [main] DEBUG c.orderbook.OrderBook - [ORDERBOOK] ASK: Adding orderMktData(price=123,quantity=453)
13:00:19.641 [main] DEBUG c.orderbook.OrderBook - [ORDERBOOK] ASK: Adding orderMktData(price=144,quantity=645)
13:00:19.641 [main] DEBUG c.orderbook.OrderBook - [ORDERBOOK] ASK: Adding orderMktData(price=167,quantity=665)
13:00:19.641 [main] DEBUG c.service.MarketDataService - [ALGO] BID: price:43 quantity:134
13:00:19.641 [main] DEBUG c.service.MarketDataService - [ALGO] BID: price:76 quantity:145
13:00:19.641 [main] DEBUG c.service.MarketDataService - [ALGO] BID: price:91 quantity:300
13:00:19.641 [main] DEBUG c.service.MarketDataService - [ALGO] BID: price:93 quantity:200
13:00:19.641 [main] DEBUG c.service.MarketDataService - [ALGO] BID: price:95 quantity:100
13:00:19.641 [main] DEBUG c.service.MarketDataService - [ALGO] BID: price:98 quantity:154
13:00:19.641 [main] DEBUG c.service.MarketDataService - [ALGO] ASK: price:98 quantity:501
13:00:19.641 [main] DEBUG c.service.MarketDataService - [ALGO] ASK: price:101 quantity:200
13:00:19.641 [main] DEBUG c.service.MarketDataService - [ALGO] ASK: price:110 quantity:5000
13:00:19.641 [main] DEBUG c.service.MarketDataService - [ALGO] ASK: price:119 quantity:5600
13:00:19.641 [main] DEBUG c.service.MarketDataService - [ALGO] ASK: price:123 quantity:453
13:00:19.641 [main] DEBUG c.service.MarketDataService - [ALGO] ASK: price:144 quantity:645
13:00:19.641 [main] DEBUG c.service.MarketDataService - [ALGO] ASK: price:167 quantity:665
13:00:19.641 [main] INFO  c.gettingstarted.MyAlgoLogic - [MYALGO] The state of the order book is:
|----BID-----||----ASK----|
    134 @ 43    501 @ 98
    145 @ 76   200 @ 101
    300 @ 91  5000 @ 110
    200 @ 93  5600 @ 119
    100 @ 95   453 @ 123
    154 @ 98   645 @ 144
          -    665 @ 167
|------------||-----------|

13:00:19.641 [main] INFO  c.gettingstarted.MyAlgoLogic - [MYALGO] Algo Sees Book as: 
|----BID-----||----ASK----|
    134 @ 43    501 @ 98
    145 @ 76   200 @ 101
    300 @ 91  5000 @ 110
    200 @ 93  5600 @ 119
    100 @ 95   453 @ 123
    154 @ 98   645 @ 144
          -    665 @ 167
|------------||-----------|

13:00:19.641 [main] INFO  c.gettingstarted.TimedLogic - [TIMEDLOGIC] Market is open
13:00:19.643 [main] INFO  c.sequencer.consumer.LoggingConsumer - [256] 
|----BID-----|
    134 @ 43
    145 @ 76
    300 @ 91
    200 @ 93
    100 @ 95
    154 @ 98
|----ASK-----|
    501 @ 98
   200 @ 101
  5000 @ 110
  5600 @ 119
   453 @ 123
   645 @ 144
   665 @ 167

13:00:19.643 [main] INFO  c.orderbook.OrderBook - [ORDERBOOK] Processing Mkt Data Update
13:00:19.643 [main] INFO  c.o.v.MutatingRemoveAllMarketDataOrdersVisitor - [ORDERBOOK] Removing market data order:MktData(price=43,quantity=134)
13:00:19.643 [main] DEBUG c.orderbook.OrderBook - [ORDERBOOK] ASK: Adding orderMktData(price=43,quantity=134)
13:00:19.643 [main] INFO  c.o.visitor.MutatingAddOrderVisitor - [ORDERBOOK] + Limit(side=BUY,orderId=16,price=43,quantity=2195456)
13:00:19.643 [main] DEBUG c.orderbook.OrderBook - [ORDERBOOK] ASK: Adding orderMktData(price=76,quantity=145)
13:00:19.643 [main] DEBUG c.orderbook.OrderBook - [ORDERBOOK] ASK: Adding orderMktData(price=91,quantity=300)
13:00:19.643 [main] DEBUG c.orderbook.OrderBook - [ORDERBOOK] ASK: Adding orderMktData(price=93,quantity=200)
13:00:19.643 [main] DEBUG c.orderbook.OrderBook - [ORDERBOOK] ASK: Adding orderMktData(price=95,quantity=100)
13:00:19.643 [main] DEBUG c.orderbook.OrderBook - [ORDERBOOK] ASK: Adding orderMktData(price=98,quantity=154)
13:00:19.643 [main] INFO  c.o.v.MutatingMatchOneMarketDataOrderVisitor - [ORDERBOOK] visiting LevelOrderBookLevel(price=43,quantity=4281032)
13:00:19.643 [main] INFO  c.o.v.MutatingMatchOneMarketDataOrderVisitor - [ORDERBOOK] Can't match order:Limit(side=BUY,orderId=3,price=43,quantity=268)(MktData(price=98,quantity=154))
13:00:19.643 [main] INFO  c.o.v.MutatingMatchOneMarketDataOrderVisitor - [ORDERBOOK] Can't match order:Limit(side=BUY,orderId=5,price=43,quantity=1072)(MktData(price=98,quantity=154))
13:00:19.643 [main] INFO  c.o.v.MutatingMatchOneMarketDataOrderVisitor - [ORDERBOOK] Can't match order:Limit(side=BUY,orderId=7,price=43,quantity=4288)(MktData(price=98,quantity=154))
13:00:19.643 [main] INFO  c.o.v.MutatingMatchOneMarketDataOrderVisitor - [ORDERBOOK] Can't match order:Limit(side=BUY,orderId=9,price=43,quantity=17152)(MktData(price=98,quantity=154))
13:00:19.643 [main] INFO  c.o.v.MutatingMatchOneMarketDataOrderVisitor - [ORDERBOOK] Can't match order:Limit(side=BUY,orderId=11,price=43,quantity=68608)(MktData(price=98,quantity=154))
13:00:19.643 [main] INFO  c.o.v.MutatingMatchOneMarketDataOrderVisitor - [ORDERBOOK] Can't match order:Limit(side=BUY,orderId=12,price=43,quantity=137216)(MktData(price=98,quantity=154))
13:00:19.643 [main] INFO  c.o.v.MutatingMatchOneMarketDataOrderVisitor - [ORDERBOOK] Can't match order:Limit(side=BUY,orderId=13,price=43,quantity=274432)(MktData(price=98,quantity=154))
13:00:19.643 [main] INFO  c.o.v.MutatingMatchOneMarketDataOrderVisitor - [ORDERBOOK] Can't match order:Limit(side=BUY,orderId=14,price=43,quantity=548864)(MktData(price=98,quantity=154))
13:00:19.643 [main] INFO  c.o.v.MutatingMatchOneMarketDataOrderVisitor - [ORDERBOOK] Can't match order:Limit(side=BUY,orderId=15,price=43,quantity=1097728)(MktData(price=98,quantity=154))
13:00:19.643 [main] INFO  c.o.v.MutatingMatchOneMarketDataOrderVisitor - [ORDERBOOK] Can't match order:Limit(side=BUY,orderId=16,price=43,quantity=2195456)(MktData(price=98,quantity=154))
13:00:19.643 [main] INFO  c.o.v.MutatingMatchOneMarketDataOrderVisitor - [ORDERBOOK] Can't match order:MktData(price=43,quantity=134)(MktData(price=98,quantity=154))
13:00:19.643 [main] INFO  c.o.v.MutatingRemoveAllMarketDataOrdersVisitor - [ORDERBOOK] Removing market data order:MktData(price=98,quantity=501)
13:00:19.643 [main] INFO  c.o.v.MutatingRemoveAllMarketDataOrdersVisitor - [ORDERBOOK] Removing market data order:MktData(price=110,quantity=5000)
13:00:19.643 [main] INFO  c.o.v.MutatingRemoveAllMarketDataOrdersVisitor - [ORDERBOOK] Removing market data order:MktData(price=123,quantity=453)
13:00:19.643 [main] INFO  c.o.v.MutatingRemoveAllMarketDataOrdersVisitor - [ORDERBOOK] Removing market data order:MktData(price=167,quantity=665)
13:00:19.643 [main] DEBUG c.orderbook.OrderBook - [ORDERBOOK] ASK: Adding orderMktData(price=98,quantity=501)
13:00:19.643 [main] INFO  c.o.visitor.MutatingAddOrderVisitor - [ORDERBOOK] + Limit(side=SELL,orderId=17,price=98,quantity=501)
13:00:19.643 [main] DEBUG c.orderbook.OrderBook - [ORDERBOOK] ASK: Adding orderMktData(price=101,quantity=200)
13:00:19.643 [main] DEBUG c.orderbook.OrderBook - [ORDERBOOK] ASK: Adding orderMktData(price=110,quantity=5000)
13:00:19.643 [main] DEBUG c.orderbook.OrderBook - [ORDERBOOK] ASK: Adding orderMktData(price=119,quantity=5600)
13:00:19.643 [main] DEBUG c.orderbook.OrderBook - [ORDERBOOK] ASK: Adding orderMktData(price=123,quantity=453)
13:00:19.643 [main] DEBUG c.orderbook.OrderBook - [ORDERBOOK] ASK: Adding orderMktData(price=144,quantity=645)
13:00:19.643 [main] DEBUG c.orderbook.OrderBook - [ORDERBOOK] ASK: Adding orderMktData(price=167,quantity=665)
13:00:19.643 [main] DEBUG c.service.MarketDataService - [ALGO] BID: price:43 quantity:134
13:00:19.643 [main] DEBUG c.service.MarketDataService - [ALGO] BID: price:76 quantity:145
13:00:19.643 [main] DEBUG c.service.MarketDataService - [ALGO] BID: price:91 quantity:300
13:00:19.643 [main] DEBUG c.service.MarketDataService - [ALGO] BID: price:93 quantity:200
13:00:19.643 [main] DEBUG c.service.MarketDataService - [ALGO] BID: price:95 quantity:100
13:00:19.643 [main] DEBUG c.service.MarketDataService - [ALGO] BID: price:98 quantity:154
13:00:19.643 [main] DEBUG c.service.MarketDataService - [ALGO] ASK: price:98 quantity:501
13:00:19.643 [main] DEBUG c.service.MarketDataService - [ALGO] ASK: price:101 quantity:200
13:00:19.643 [main] DEBUG c.service.MarketDataService - [ALGO] ASK: price:110 quantity:5000
13:00:19.643 [main] DEBUG c.service.MarketDataService - [ALGO] ASK: price:119 quantity:5600
13:00:19.643 [main] DEBUG c.service.MarketDataService - [ALGO] ASK: price:123 quantity:453
13:00:19.643 [main] DEBUG c.service.MarketDataService - [ALGO] ASK: price:144 quantity:645
13:00:19.643 [main] DEBUG c.service.MarketDataService - [ALGO] ASK: price:167 quantity:665
13:00:19.643 [main] INFO  c.gettingstarted.MyAlgoLogic - [MYALGO] The state of the order book is:
|----BID-----||----ASK----|
    134 @ 43    501 @ 98
    145 @ 76   200 @ 101
    300 @ 91  5000 @ 110
    200 @ 93  5600 @ 119
    100 @ 95   453 @ 123
    154 @ 98   645 @ 144
          -    665 @ 167
|------------||-----------|

13:00:19.643 [main] INFO  c.gettingstarted.MyAlgoLogic - [MYALGO] Algo Sees Book as: 
|----BID-----||----ASK----|
    134 @ 43    501 @ 98
    145 @ 76   200 @ 101
    300 @ 91  5000 @ 110
    200 @ 93  5600 @ 119
    100 @ 95   453 @ 123
    154 @ 98   645 @ 144
          -    665 @ 167
|------------||-----------|

13:00:19.643 [main] INFO  c.gettingstarted.TimedLogic - [TIMEDLOGIC] Market is open
13:00:19.643 [main] INFO  c.sequencer.consumer.LoggingConsumer - [257] 
|----BID-----|
    134 @ 43
    145 @ 76
    300 @ 91
    200 @ 93
    100 @ 95
    154 @ 98
|----ASK-----|
    501 @ 98
   200 @ 101
  5000 @ 110
  5600 @ 119
   453 @ 123
   645 @ 144
   665 @ 167

13:00:19.643 [main] INFO  c.orderbook.OrderBook - [ORDERBOOK] Processing Mkt Data Update
13:00:19.643 [main] INFO  c.o.v.MutatingRemoveAllMarketDataOrdersVisitor - [ORDERBOOK] Removing market data order:MktData(price=43,quantity=134)
13:00:19.643 [main] DEBUG c.orderbook.OrderBook - [ORDERBOOK] ASK: Adding orderMktData(price=43,quantity=134)
13:00:19.643 [main] INFO  c.o.visitor.MutatingAddOrderVisitor - [ORDERBOOK] + Limit(side=BUY,orderId=16,price=43,quantity=2195456)
13:00:19.643 [main] DEBUG c.orderbook.OrderBook - [ORDERBOOK] ASK: Adding orderMktData(price=76,quantity=145)
13:00:19.643 [main] DEBUG c.orderbook.OrderBook - [ORDERBOOK] ASK: Adding orderMktData(price=91,quantity=300)
13:00:19.643 [main] DEBUG c.orderbook.OrderBook - [ORDERBOOK] ASK: Adding orderMktData(price=93,quantity=200)
13:00:19.643 [main] DEBUG c.orderbook.OrderBook - [ORDERBOOK] ASK: Adding orderMktData(price=95,quantity=100)
13:00:19.643 [main] DEBUG c.orderbook.OrderBook - [ORDERBOOK] ASK: Adding orderMktData(price=98,quantity=154)
13:00:19.643 [main] INFO  c.o.v.MutatingMatchOneMarketDataOrderVisitor - [ORDERBOOK] visiting LevelOrderBookLevel(price=43,quantity=4281166)
13:00:19.643 [main] INFO  c.o.v.MutatingMatchOneMarketDataOrderVisitor - [ORDERBOOK] Can't match order:Limit(side=BUY,orderId=3,price=43,quantity=268)(MktData(price=98,quantity=154))
13:00:19.643 [main] INFO  c.o.v.MutatingMatchOneMarketDataOrderVisitor - [ORDERBOOK] Can't match order:Limit(side=BUY,orderId=5,price=43,quantity=1072)(MktData(price=98,quantity=154))
13:00:19.643 [main] INFO  c.o.v.MutatingMatchOneMarketDataOrderVisitor - [ORDERBOOK] Can't match order:Limit(side=BUY,orderId=7,price=43,quantity=4288)(MktData(price=98,quantity=154))
13:00:19.643 [main] INFO  c.o.v.MutatingMatchOneMarketDataOrderVisitor - [ORDERBOOK] Can't match order:Limit(side=BUY,orderId=9,price=43,quantity=17152)(MktData(price=98,quantity=154))
13:00:19.643 [main] INFO  c.o.v.MutatingMatchOneMarketDataOrderVisitor - [ORDERBOOK] Can't match order:Limit(side=BUY,orderId=11,price=43,quantity=68608)(MktData(price=98,quantity=154))
13:00:19.643 [main] INFO  c.o.v.MutatingMatchOneMarketDataOrderVisitor - [ORDERBOOK] Can't match order:Limit(side=BUY,orderId=12,price=43,quantity=137216)(MktData(price=98,quantity=154))
13:00:19.643 [main] INFO  c.o.v.MutatingMatchOneMarketDataOrderVisitor - [ORDERBOOK] Can't match order:Limit(side=BUY,orderId=13,price=43,quantity=274432)(MktData(price=98,quantity=154))
13:00:19.643 [main] INFO  c.o.v.MutatingMatchOneMarketDataOrderVisitor - [ORDERBOOK] Can't match order:Limit(side=BUY,orderId=14,price=43,quantity=548864)(MktData(price=98,quantity=154))
13:00:19.643 [main] INFO  c.o.v.MutatingMatchOneMarketDataOrderVisitor - [ORDERBOOK] Can't match order:Limit(side=BUY,orderId=15,price=43,quantity=1097728)(MktData(price=98,quantity=154))
13:00:19.643 [main] INFO  c.o.v.MutatingMatchOneMarketDataOrderVisitor - [ORDERBOOK] Can't match order:Limit(side=BUY,orderId=16,price=43,quantity=2195456)(MktData(price=98,quantity=154))
13:00:19.643 [main] INFO  c.o.v.MutatingMatchOneMarketDataOrderVisitor - [ORDERBOOK] Can't match order:MktData(price=43,quantity=134)(MktData(price=98,quantity=154))
13:00:19.643 [main] INFO  c.o.v.MutatingRemoveAllMarketDataOrdersVisitor - [ORDERBOOK] Removing market data order:MktData(price=98,quantity=501)
13:00:19.643 [main] INFO  c.o.v.MutatingRemoveAllMarketDataOrdersVisitor - [ORDERBOOK] Removing market data order:MktData(price=110,quantity=5000)
13:00:19.643 [main] INFO  c.o.v.MutatingRemoveAllMarketDataOrdersVisitor - [ORDERBOOK] Removing market data order:MktData(price=123,quantity=453)
13:00:19.643 [main] INFO  c.o.v.MutatingRemoveAllMarketDataOrdersVisitor - [ORDERBOOK] Removing market data order:MktData(price=167,quantity=665)
13:00:19.643 [main] DEBUG c.orderbook.OrderBook - [ORDERBOOK] ASK: Adding orderMktData(price=98,quantity=501)
13:00:19.643 [main] INFO  c.o.visitor.MutatingAddOrderVisitor - [ORDERBOOK] + Limit(side=SELL,orderId=17,price=98,quantity=501)
13:00:19.643 [main] DEBUG c.orderbook.OrderBook - [ORDERBOOK] ASK: Adding orderMktData(price=101,quantity=200)
13:00:19.643 [main] DEBUG c.orderbook.OrderBook - [ORDERBOOK] ASK: Adding orderMktData(price=110,quantity=5000)
13:00:19.643 [main] DEBUG c.orderbook.OrderBook - [ORDERBOOK] ASK: Adding orderMktData(price=119,quantity=5600)
13:00:19.643 [main] DEBUG c.orderbook.OrderBook - [ORDERBOOK] ASK: Adding orderMktData(price=123,quantity=453)
13:00:19.643 [main] DEBUG c.orderbook.OrderBook - [ORDERBOOK] ASK: Adding orderMktData(price=144,quantity=645)
13:00:19.643 [main] DEBUG c.orderbook.OrderBook - [ORDERBOOK] ASK: Adding orderMktData(price=167,quantity=665)
13:00:19.643 [main] DEBUG c.service.MarketDataService - [ALGO] BID: price:43 quantity:134
13:00:19.643 [main] DEBUG c.service.MarketDataService - [ALGO] BID: price:76 quantity:145
13:00:19.643 [main] DEBUG c.service.MarketDataService - [ALGO] BID: price:91 quantity:300
13:00:19.643 [main] DEBUG c.service.MarketDataService - [ALGO] BID: price:93 quantity:200
13:00:19.643 [main] DEBUG c.service.MarketDataService - [ALGO] BID: price:95 quantity:100
13:00:19.643 [main] DEBUG c.service.MarketDataService - [ALGO] BID: price:98 quantity:154
13:00:19.643 [main] DEBUG c.service.MarketDataService - [ALGO] ASK: price:98 quantity:501
13:00:19.643 [main] DEBUG c.service.MarketDataService - [ALGO] ASK: price:101 quantity:200
13:00:19.643 [main] DEBUG c.service.MarketDataService - [ALGO] ASK: price:110 quantity:5000
13:00:19.643 [main] DEBUG c.service.MarketDataService - [ALGO] ASK: price:119 quantity:5600
13:00:19.643 [main] DEBUG c.service.MarketDataService - [ALGO] ASK: price:123 quantity:453
13:00:19.643 [main] DEBUG c.service.MarketDataService - [ALGO] ASK: price:144 quantity:645
13:00:19.643 [main] DEBUG c.service.MarketDataService - [ALGO] ASK: price:167 quantity:665
13:00:19.643 [main] INFO  c.gettingstarted.MyAlgoLogic - [MYALGO] The state of the order book is:
|----BID-----||----ASK----|
    134 @ 43    501 @ 98
    145 @ 76   200 @ 101
    300 @ 91  5000 @ 110
    200 @ 93  5600 @ 119
    100 @ 95   453 @ 123
    154 @ 98   645 @ 144
          -    665 @ 167
|------------||-----------|

13:00:19.643 [main] INFO  c.gettingstarted.MyAlgoLogic - [MYALGO] Algo Sees Book as: 
|----BID-----||----ASK----|
    134 @ 43    501 @ 98
    145 @ 76   200 @ 101
    300 @ 91  5000 @ 110
    200 @ 93  5600 @ 119
    100 @ 95   453 @ 123
    154 @ 98   645 @ 144
          -    665 @ 167
|------------||-----------|

13:00:19.643 [main] INFO  c.gettingstarted.TimedLogic - [TIMEDLOGIC] Market is open
13:00:19.643 [main] INFO  c.sequencer.consumer.LoggingConsumer - [258] 
|----BID-----|
    134 @ 43
    145 @ 76
    300 @ 91
    200 @ 93
    100 @ 95
    154 @ 98
|----ASK-----|
    501 @ 98
   200 @ 101
  5000 @ 110
  5600 @ 119
   453 @ 123
   645 @ 144
   665 @ 167

13:00:19.643 [main] INFO  c.orderbook.OrderBook - [ORDERBOOK] Processing Mkt Data Update
13:00:19.643 [main] INFO  c.o.v.MutatingRemoveAllMarketDataOrdersVisitor - [ORDERBOOK] Removing market data order:MktData(price=43,quantity=134)
13:00:19.643 [main] DEBUG c.orderbook.OrderBook - [ORDERBOOK] ASK: Adding orderMktData(price=43,quantity=134)
13:00:19.643 [main] INFO  c.o.visitor.MutatingAddOrderVisitor - [ORDERBOOK] + Limit(side=BUY,orderId=16,price=43,quantity=2195456)
13:00:19.643 [main] DEBUG c.orderbook.OrderBook - [ORDERBOOK] ASK: Adding orderMktData(price=76,quantity=145)
13:00:19.643 [main] DEBUG c.orderbook.OrderBook - [ORDERBOOK] ASK: Adding orderMktData(price=91,quantity=300)
13:00:19.643 [main] DEBUG c.orderbook.OrderBook - [ORDERBOOK] ASK: Adding orderMktData(price=93,quantity=200)
13:00:19.643 [main] DEBUG c.orderbook.OrderBook - [ORDERBOOK] ASK: Adding orderMktData(price=95,quantity=100)
13:00:19.643 [main] DEBUG c.orderbook.OrderBook - [ORDERBOOK] ASK: Adding orderMktData(price=98,quantity=154)
13:00:19.643 [main] INFO  c.o.v.MutatingMatchOneMarketDataOrderVisitor - [ORDERBOOK] visiting LevelOrderBookLevel(price=43,quantity=4281300)
13:00:19.643 [main] INFO  c.o.v.MutatingMatchOneMarketDataOrderVisitor - [ORDERBOOK] Can't match order:Limit(side=BUY,orderId=3,price=43,quantity=268)(MktData(price=98,quantity=154))
13:00:19.643 [main] INFO  c.o.v.MutatingMatchOneMarketDataOrderVisitor - [ORDERBOOK] Can't match order:Limit(side=BUY,orderId=5,price=43,quantity=1072)(MktData(price=98,quantity=154))
13:00:19.643 [main] INFO  c.o.v.MutatingMatchOneMarketDataOrderVisitor - [ORDERBOOK] Can't match order:Limit(side=BUY,orderId=7,price=43,quantity=4288)(MktData(price=98,quantity=154))
13:00:19.643 [main] INFO  c.o.v.MutatingMatchOneMarketDataOrderVisitor - [ORDERBOOK] Can't match order:Limit(side=BUY,orderId=9,price=43,quantity=17152)(MktData(price=98,quantity=154))
13:00:19.643 [main] INFO  c.o.v.MutatingMatchOneMarketDataOrderVisitor - [ORDERBOOK] Can't match order:Limit(side=BUY,orderId=11,price=43,quantity=68608)(MktData(price=98,quantity=154))
13:00:19.643 [main] INFO  c.o.v.MutatingMatchOneMarketDataOrderVisitor - [ORDERBOOK] Can't match order:Limit(side=BUY,orderId=12,price=43,quantity=137216)(MktData(price=98,quantity=154))
13:00:19.643 [main] INFO  c.o.v.MutatingMatchOneMarketDataOrderVisitor - [ORDERBOOK] Can't match order:Limit(side=BUY,orderId=13,price=43,quantity=274432)(MktData(price=98,quantity=154))
13:00:19.643 [main] INFO  c.o.v.MutatingMatchOneMarketDataOrderVisitor - [ORDERBOOK] Can't match order:Limit(side=BUY,orderId=14,price=43,quantity=548864)(MktData(price=98,quantity=154))
13:00:19.643 [main] INFO  c.o.v.MutatingMatchOneMarketDataOrderVisitor - [ORDERBOOK] Can't match order:Limit(side=BUY,orderId=15,price=43,quantity=1097728)(MktData(price=98,quantity=154))
13:00:19.643 [main] INFO  c.o.v.MutatingMatchOneMarketDataOrderVisitor - [ORDERBOOK] Can't match order:Limit(side=BUY,orderId=16,price=43,quantity=2195456)(MktData(price=98,quantity=154))
13:00:19.643 [main] INFO  c.o.v.MutatingMatchOneMarketDataOrderVisitor - [ORDERBOOK] Can't match order:MktData(price=43,quantity=134)(MktData(price=98,quantity=154))
13:00:19.643 [main] INFO  c.o.v.MutatingRemoveAllMarketDataOrdersVisitor - [ORDERBOOK] Removing market data order:MktData(price=98,quantity=501)
13:00:19.643 [main] INFO  c.o.v.MutatingRemoveAllMarketDataOrdersVisitor - [ORDERBOOK] Removing market data order:MktData(price=110,quantity=5000)
13:00:19.643 [main] INFO  c.o.v.MutatingRemoveAllMarketDataOrdersVisitor - [ORDERBOOK] Removing market data order:MktData(price=123,quantity=453)
13:00:19.643 [main] INFO  c.o.v.MutatingRemoveAllMarketDataOrdersVisitor - [ORDERBOOK] Removing market data order:MktData(price=167,quantity=665)
13:00:19.643 [main] DEBUG c.orderbook.OrderBook - [ORDERBOOK] ASK: Adding orderMktData(price=98,quantity=501)
13:00:19.643 [main] INFO  c.o.visitor.MutatingAddOrderVisitor - [ORDERBOOK] + Limit(side=SELL,orderId=17,price=98,quantity=501)
13:00:19.643 [main] DEBUG c.orderbook.OrderBook - [ORDERBOOK] ASK: Adding orderMktData(price=101,quantity=200)
13:00:19.643 [main] DEBUG c.orderbook.OrderBook - [ORDERBOOK] ASK: Adding orderMktData(price=110,quantity=5000)
13:00:19.643 [main] DEBUG c.orderbook.OrderBook - [ORDERBOOK] ASK: Adding orderMktData(price=119,quantity=5600)
13:00:19.643 [main] DEBUG c.orderbook.OrderBook - [ORDERBOOK] ASK: Adding orderMktData(price=123,quantity=453)
13:00:19.643 [main] DEBUG c.orderbook.OrderBook - [ORDERBOOK] ASK: Adding orderMktData(price=144,quantity=645)
13:00:19.643 [main] DEBUG c.orderbook.OrderBook - [ORDERBOOK] ASK: Adding orderMktData(price=167,quantity=665)
13:00:19.643 [main] DEBUG c.service.MarketDataService - [ALGO] BID: price:43 quantity:134
13:00:19.643 [main] DEBUG c.service.MarketDataService - [ALGO] BID: price:76 quantity:145
13:00:19.643 [main] DEBUG c.service.MarketDataService - [ALGO] BID: price:91 quantity:300
13:00:19.643 [main] DEBUG c.service.MarketDataService - [ALGO] BID: price:93 quantity:200
13:00:19.643 [main] DEBUG c.service.MarketDataService - [ALGO] BID: price:95 quantity:100
13:00:19.643 [main] DEBUG c.service.MarketDataService - [ALGO] BID: price:98 quantity:154
13:00:19.643 [main] DEBUG c.service.MarketDataService - [ALGO] ASK: price:98 quantity:501
13:00:19.643 [main] DEBUG c.service.MarketDataService - [ALGO] ASK: price:101 quantity:200
13:00:19.643 [main] DEBUG c.service.MarketDataService - [ALGO] ASK: price:110 quantity:5000
13:00:19.643 [main] DEBUG c.service.MarketDataService - [ALGO] ASK: price:119 quantity:5600
13:00:19.643 [main] DEBUG c.service.MarketDataService - [ALGO] ASK: price:123 quantity:453
13:00:19.643 [main] DEBUG c.service.MarketDataService - [ALGO] ASK: price:144 quantity:645
13:00:19.643 [main] DEBUG c.service.MarketDataService - [ALGO] ASK: price:167 quantity:665
13:00:19.643 [main] INFO  c.gettingstarted.MyAlgoLogic - [MYALGO] The state of the order book is:
|----BID-----||----ASK----|
    134 @ 43    501 @ 98
    145 @ 76   200 @ 101
    300 @ 91  5000 @ 110
    200 @ 93  5600 @ 119
    100 @ 95   453 @ 123
    154 @ 98   645 @ 144
          -    665 @ 167
|------------||-----------|

13:00:19.643 [main] INFO  c.gettingstarted.MyAlgoLogic - [MYALGO] Algo Sees Book as: 
|----BID-----||----ASK----|
    134 @ 43    501 @ 98
    145 @ 76   200 @ 101
    300 @ 91  5000 @ 110
    200 @ 93  5600 @ 119
    100 @ 95   453 @ 123
    154 @ 98   645 @ 144
          -    665 @ 167
|------------||-----------|

13:00:19.643 [main] INFO  c.gettingstarted.TimedLogic - [TIMEDLOGIC] Market is open
13:00:19.643 [main] INFO  c.sequencer.consumer.LoggingConsumer - [259] 
|----BID-----|
    134 @ 43
    145 @ 76
    300 @ 91
    200 @ 93
    100 @ 95
    154 @ 98
|----ASK-----|
    501 @ 98
   200 @ 101
  5000 @ 110
  5600 @ 119
   453 @ 123
   645 @ 144
   665 @ 167

13:00:19.643 [main] INFO  c.orderbook.OrderBook - [ORDERBOOK] Processing Mkt Data Update
13:00:19.643 [main] INFO  c.o.v.MutatingRemoveAllMarketDataOrdersVisitor - [ORDERBOOK] Removing market data order:MktData(price=43,quantity=134)
13:00:19.643 [main] DEBUG c.orderbook.OrderBook - [ORDERBOOK] ASK: Adding orderMktData(price=43,quantity=134)
13:00:19.643 [main] INFO  c.o.visitor.MutatingAddOrderVisitor - [ORDERBOOK] + Limit(side=BUY,orderId=16,price=43,quantity=2195456)
13:00:19.643 [main] DEBUG c.orderbook.OrderBook - [ORDERBOOK] ASK: Adding orderMktData(price=76,quantity=145)
13:00:19.643 [main] DEBUG c.orderbook.OrderBook - [ORDERBOOK] ASK: Adding orderMktData(price=91,quantity=300)
13:00:19.643 [main] DEBUG c.orderbook.OrderBook - [ORDERBOOK] ASK: Adding orderMktData(price=93,quantity=200)
13:00:19.643 [main] DEBUG c.orderbook.OrderBook - [ORDERBOOK] ASK: Adding orderMktData(price=95,quantity=100)
13:00:19.643 [main] DEBUG c.orderbook.OrderBook - [ORDERBOOK] ASK: Adding orderMktData(price=98,quantity=154)
13:00:19.643 [main] INFO  c.o.v.MutatingMatchOneMarketDataOrderVisitor - [ORDERBOOK] visiting LevelOrderBookLevel(price=43,quantity=4281434)
13:00:19.643 [main] INFO  c.o.v.MutatingMatchOneMarketDataOrderVisitor - [ORDERBOOK] Can't match order:Limit(side=BUY,orderId=3,price=43,quantity=268)(MktData(price=98,quantity=154))
13:00:19.643 [main] INFO  c.o.v.MutatingMatchOneMarketDataOrderVisitor - [ORDERBOOK] Can't match order:Limit(side=BUY,orderId=5,price=43,quantity=1072)(MktData(price=98,quantity=154))
13:00:19.643 [main] INFO  c.o.v.MutatingMatchOneMarketDataOrderVisitor - [ORDERBOOK] Can't match order:Limit(side=BUY,orderId=7,price=43,quantity=4288)(MktData(price=98,quantity=154))
13:00:19.643 [main] INFO  c.o.v.MutatingMatchOneMarketDataOrderVisitor - [ORDERBOOK] Can't match order:Limit(side=BUY,orderId=9,price=43,quantity=17152)(MktData(price=98,quantity=154))
13:00:19.643 [main] INFO  c.o.v.MutatingMatchOneMarketDataOrderVisitor - [ORDERBOOK] Can't match order:Limit(side=BUY,orderId=11,price=43,quantity=68608)(MktData(price=98,quantity=154))
13:00:19.643 [main] INFO  c.o.v.MutatingMatchOneMarketDataOrderVisitor - [ORDERBOOK] Can't match order:Limit(side=BUY,orderId=12,price=43,quantity=137216)(MktData(price=98,quantity=154))
13:00:19.643 [main] INFO  c.o.v.MutatingMatchOneMarketDataOrderVisitor - [ORDERBOOK] Can't match order:Limit(side=BUY,orderId=13,price=43,quantity=274432)(MktData(price=98,quantity=154))
13:00:19.643 [main] INFO  c.o.v.MutatingMatchOneMarketDataOrderVisitor - [ORDERBOOK] Can't match order:Limit(side=BUY,orderId=14,price=43,quantity=548864)(MktData(price=98,quantity=154))
13:00:19.643 [main] INFO  c.o.v.MutatingMatchOneMarketDataOrderVisitor - [ORDERBOOK] Can't match order:Limit(side=BUY,orderId=15,price=43,quantity=1097728)(MktData(price=98,quantity=154))
13:00:19.643 [main] INFO  c.o.v.MutatingMatchOneMarketDataOrderVisitor - [ORDERBOOK] Can't match order:Limit(side=BUY,orderId=16,price=43,quantity=2195456)(MktData(price=98,quantity=154))
13:00:19.643 [main] INFO  c.o.v.MutatingMatchOneMarketDataOrderVisitor - [ORDERBOOK] Can't match order:MktData(price=43,quantity=134)(MktData(price=98,quantity=154))
13:00:19.643 [main] INFO  c.o.v.MutatingRemoveAllMarketDataOrdersVisitor - [ORDERBOOK] Removing market data order:MktData(price=98,quantity=501)
13:00:19.643 [main] INFO  c.o.v.MutatingRemoveAllMarketDataOrdersVisitor - [ORDERBOOK] Removing market data order:MktData(price=110,quantity=5000)
13:00:19.643 [main] INFO  c.o.v.MutatingRemoveAllMarketDataOrdersVisitor - [ORDERBOOK] Removing market data order:MktData(price=123,quantity=453)
13:00:19.643 [main] INFO  c.o.v.MutatingRemoveAllMarketDataOrdersVisitor - [ORDERBOOK] Removing market data order:MktData(price=167,quantity=665)
13:00:19.643 [main] DEBUG c.orderbook.OrderBook - [ORDERBOOK] ASK: Adding orderMktData(price=98,quantity=501)
13:00:19.643 [main] INFO  c.o.visitor.MutatingAddOrderVisitor - [ORDERBOOK] + Limit(side=SELL,orderId=17,price=98,quantity=501)
13:00:19.643 [main] DEBUG c.orderbook.OrderBook - [ORDERBOOK] ASK: Adding orderMktData(price=101,quantity=200)
13:00:19.643 [main] DEBUG c.orderbook.OrderBook - [ORDERBOOK] ASK: Adding orderMktData(price=110,quantity=5000)
13:00:19.643 [main] DEBUG c.orderbook.OrderBook - [ORDERBOOK] ASK: Adding orderMktData(price=119,quantity=5600)
13:00:19.643 [main] DEBUG c.orderbook.OrderBook - [ORDERBOOK] ASK: Adding orderMktData(price=123,quantity=453)
13:00:19.643 [main] DEBUG c.orderbook.OrderBook - [ORDERBOOK] ASK: Adding orderMktData(price=144,quantity=645)
13:00:19.643 [main] DEBUG c.orderbook.OrderBook - [ORDERBOOK] ASK: Adding orderMktData(price=167,quantity=665)
13:00:19.643 [main] DEBUG c.service.MarketDataService - [ALGO] BID: price:43 quantity:134
13:00:19.643 [main] DEBUG c.service.MarketDataService - [ALGO] BID: price:76 quantity:145
13:00:19.643 [main] DEBUG c.service.MarketDataService - [ALGO] BID: price:91 quantity:300
13:00:19.643 [main] DEBUG c.service.MarketDataService - [ALGO] BID: price:93 quantity:200
13:00:19.643 [main] DEBUG c.service.MarketDataService - [ALGO] BID: price:95 quantity:100
13:00:19.643 [main] DEBUG c.service.MarketDataService - [ALGO] BID: price:98 quantity:154
13:00:19.643 [main] DEBUG c.service.MarketDataService - [ALGO] ASK: price:98 quantity:501
13:00:19.643 [main] DEBUG c.service.MarketDataService - [ALGO] ASK: price:101 quantity:200
13:00:19.643 [main] DEBUG c.service.MarketDataService - [ALGO] ASK: price:110 quantity:5000
13:00:19.643 [main] DEBUG c.service.MarketDataService - [ALGO] ASK: price:119 quantity:5600
13:00:19.643 [main] DEBUG c.service.MarketDataService - [ALGO] ASK: price:123 quantity:453
13:00:19.643 [main] DEBUG c.service.MarketDataService - [ALGO] ASK: price:144 quantity:645
13:00:19.643 [main] DEBUG c.service.MarketDataService - [ALGO] ASK: price:167 quantity:665
13:00:19.643 [main] INFO  c.gettingstarted.MyAlgoLogic - [MYALGO] The state of the order book is:
|----BID-----||----ASK----|
    134 @ 43    501 @ 98
    145 @ 76   200 @ 101
    300 @ 91  5000 @ 110
    200 @ 93  5600 @ 119
    100 @ 95   453 @ 123
    154 @ 98   645 @ 144
          -    665 @ 167
|------------||-----------|

13:00:19.643 [main] INFO  c.gettingstarted.MyAlgoLogic - [MYALGO] Algo Sees Book as: 
|----BID-----||----ASK----|
    134 @ 43    501 @ 98
    145 @ 76   200 @ 101
    300 @ 91  5000 @ 110
    200 @ 93  5600 @ 119
    100 @ 95   453 @ 123
    154 @ 98   645 @ 144
          -    665 @ 167
|------------||-----------|

13:00:19.643 [main] INFO  c.gettingstarted.TimedLogic - [TIMEDLOGIC] Market is open
13:00:19.643 [main] INFO  c.sequencer.consumer.LoggingConsumer - [260] 
|----BID-----|
    134 @ 43
    145 @ 76
    300 @ 91
    200 @ 93
    100 @ 95
    154 @ 98
|----ASK-----|
    501 @ 98
   200 @ 101
  5000 @ 110
  5600 @ 119
   453 @ 123
   645 @ 144
   665 @ 167

13:00:19.643 [main] INFO  c.orderbook.OrderBook - [ORDERBOOK] Processing Mkt Data Update
13:00:19.643 [main] INFO  c.o.v.MutatingRemoveAllMarketDataOrdersVisitor - [ORDERBOOK] Removing market data order:MktData(price=43,quantity=134)
13:00:19.643 [main] DEBUG c.orderbook.OrderBook - [ORDERBOOK] ASK: Adding orderMktData(price=43,quantity=134)
13:00:19.643 [main] INFO  c.o.visitor.MutatingAddOrderVisitor - [ORDERBOOK] + Limit(side=BUY,orderId=16,price=43,quantity=2195456)
13:00:19.643 [main] DEBUG c.orderbook.OrderBook - [ORDERBOOK] ASK: Adding orderMktData(price=76,quantity=145)
13:00:19.643 [main] DEBUG c.orderbook.OrderBook - [ORDERBOOK] ASK: Adding orderMktData(price=91,quantity=300)
13:00:19.643 [main] DEBUG c.orderbook.OrderBook - [ORDERBOOK] ASK: Adding orderMktData(price=93,quantity=200)
13:00:19.643 [main] DEBUG c.orderbook.OrderBook - [ORDERBOOK] ASK: Adding orderMktData(price=95,quantity=100)
13:00:19.643 [main] DEBUG c.orderbook.OrderBook - [ORDERBOOK] ASK: Adding orderMktData(price=98,quantity=154)
13:00:19.643 [main] INFO  c.o.v.MutatingMatchOneMarketDataOrderVisitor - [ORDERBOOK] visiting LevelOrderBookLevel(price=43,quantity=4281568)
13:00:19.643 [main] INFO  c.o.v.MutatingMatchOneMarketDataOrderVisitor - [ORDERBOOK] Can't match order:Limit(side=BUY,orderId=3,price=43,quantity=268)(MktData(price=98,quantity=154))
13:00:19.643 [main] INFO  c.o.v.MutatingMatchOneMarketDataOrderVisitor - [ORDERBOOK] Can't match order:Limit(side=BUY,orderId=5,price=43,quantity=1072)(MktData(price=98,quantity=154))
13:00:19.643 [main] INFO  c.o.v.MutatingMatchOneMarketDataOrderVisitor - [ORDERBOOK] Can't match order:Limit(side=BUY,orderId=7,price=43,quantity=4288)(MktData(price=98,quantity=154))
13:00:19.643 [main] INFO  c.o.v.MutatingMatchOneMarketDataOrderVisitor - [ORDERBOOK] Can't match order:Limit(side=BUY,orderId=9,price=43,quantity=17152)(MktData(price=98,quantity=154))
13:00:19.643 [main] INFO  c.o.v.MutatingMatchOneMarketDataOrderVisitor - [ORDERBOOK] Can't match order:Limit(side=BUY,orderId=11,price=43,quantity=68608)(MktData(price=98,quantity=154))
13:00:19.643 [main] INFO  c.o.v.MutatingMatchOneMarketDataOrderVisitor - [ORDERBOOK] Can't match order:Limit(side=BUY,orderId=12,price=43,quantity=137216)(MktData(price=98,quantity=154))
13:00:19.643 [main] INFO  c.o.v.MutatingMatchOneMarketDataOrderVisitor - [ORDERBOOK] Can't match order:Limit(side=BUY,orderId=13,price=43,quantity=274432)(MktData(price=98,quantity=154))
13:00:19.643 [main] INFO  c.o.v.MutatingMatchOneMarketDataOrderVisitor - [ORDERBOOK] Can't match order:Limit(side=BUY,orderId=14,price=43,quantity=548864)(MktData(price=98,quantity=154))
13:00:19.643 [main] INFO  c.o.v.MutatingMatchOneMarketDataOrderVisitor - [ORDERBOOK] Can't match order:Limit(side=BUY,orderId=15,price=43,quantity=1097728)(MktData(price=98,quantity=154))
13:00:19.643 [main] INFO  c.o.v.MutatingMatchOneMarketDataOrderVisitor - [ORDERBOOK] Can't match order:Limit(side=BUY,orderId=16,price=43,quantity=2195456)(MktData(price=98,quantity=154))
13:00:19.643 [main] INFO  c.o.v.MutatingMatchOneMarketDataOrderVisitor - [ORDERBOOK] Can't match order:MktData(price=43,quantity=134)(MktData(price=98,quantity=154))
13:00:19.643 [main] INFO  c.o.v.MutatingRemoveAllMarketDataOrdersVisitor - [ORDERBOOK] Removing market data order:MktData(price=98,quantity=501)
13:00:19.643 [main] INFO  c.o.v.MutatingRemoveAllMarketDataOrdersVisitor - [ORDERBOOK] Removing market data order:MktData(price=110,quantity=5000)
13:00:19.643 [main] INFO  c.o.v.MutatingRemoveAllMarketDataOrdersVisitor - [ORDERBOOK] Removing market data order:MktData(price=123,quantity=453)
13:00:19.643 [main] INFO  c.o.v.MutatingRemoveAllMarketDataOrdersVisitor - [ORDERBOOK] Removing market data order:MktData(price=167,quantity=665)
13:00:19.643 [main] DEBUG c.orderbook.OrderBook - [ORDERBOOK] ASK: Adding orderMktData(price=98,quantity=501)
13:00:19.643 [main] INFO  c.o.visitor.MutatingAddOrderVisitor - [ORDERBOOK] + Limit(side=SELL,orderId=17,price=98,quantity=501)
13:00:19.643 [main] DEBUG c.orderbook.OrderBook - [ORDERBOOK] ASK: Adding orderMktData(price=101,quantity=200)
13:00:19.643 [main] DEBUG c.orderbook.OrderBook - [ORDERBOOK] ASK: Adding orderMktData(price=110,quantity=5000)
13:00:19.643 [main] DEBUG c.orderbook.OrderBook - [ORDERBOOK] ASK: Adding orderMktData(price=119,quantity=5600)
13:00:19.643 [main] DEBUG c.orderbook.OrderBook - [ORDERBOOK] ASK: Adding orderMktData(price=123,quantity=453)
13:00:19.643 [main] DEBUG c.orderbook.OrderBook - [ORDERBOOK] ASK: Adding orderMktData(price=144,quantity=645)
13:00:19.643 [main] DEBUG c.orderbook.OrderBook - [ORDERBOOK] ASK: Adding orderMktData(price=167,quantity=665)
13:00:19.643 [main] DEBUG c.service.MarketDataService - [ALGO] BID: price:43 quantity:134
13:00:19.643 [main] DEBUG c.service.MarketDataService - [ALGO] BID: price:76 quantity:145
13:00:19.643 [main] DEBUG c.service.MarketDataService - [ALGO] BID: price:91 quantity:300
13:00:19.643 [main] DEBUG c.service.MarketDataService - [ALGO] BID: price:93 quantity:200
13:00:19.643 [main] DEBUG c.service.MarketDataService - [ALGO] BID: price:95 quantity:100
13:00:19.643 [main] DEBUG c.service.MarketDataService - [ALGO] BID: price:98 quantity:154
13:00:19.643 [main] DEBUG c.service.MarketDataService - [ALGO] ASK: price:98 quantity:501
13:00:19.643 [main] DEBUG c.service.MarketDataService - [ALGO] ASK: price:101 quantity:200
13:00:19.643 [main] DEBUG c.service.MarketDataService - [ALGO] ASK: price:110 quantity:5000
13:00:19.643 [main] DEBUG c.service.MarketDataService - [ALGO] ASK: price:119 quantity:5600
13:00:19.643 [main] DEBUG c.service.MarketDataService - [ALGO] ASK: price:123 quantity:453
13:00:19.643 [main] DEBUG c.service.MarketDataService - [ALGO] ASK: price:144 quantity:645
13:00:19.643 [main] DEBUG c.service.MarketDataService - [ALGO] ASK: price:167 quantity:665
13:00:19.643 [main] INFO  c.gettingstarted.MyAlgoLogic - [MYALGO] The state of the order book is:
|----BID-----||----ASK----|
    134 @ 43    501 @ 98
    145 @ 76   200 @ 101
    300 @ 91  5000 @ 110
    200 @ 93  5600 @ 119
    100 @ 95   453 @ 123
    154 @ 98   645 @ 144
          -    665 @ 167
|------------||-----------|

13:00:19.643 [main] INFO  c.gettingstarted.MyAlgoLogic - [MYALGO] Algo Sees Book as: 
|----BID-----||----ASK----|
    134 @ 43    501 @ 98
    145 @ 76   200 @ 101
    300 @ 91  5000 @ 110
    200 @ 93  5600 @ 119
    100 @ 95   453 @ 123
    154 @ 98   645 @ 144
          -    665 @ 167
|------------||-----------|

13:00:19.643 [main] INFO  c.gettingstarted.TimedLogic - [TIMEDLOGIC] Market is open
13:00:19.643 [main] INFO  c.sequencer.consumer.LoggingConsumer - [261] 
|----BID-----|
    134 @ 43
    145 @ 76
    300 @ 91
    200 @ 93
    100 @ 95
    154 @ 98
|----ASK-----|
    501 @ 98
   200 @ 101
  5000 @ 110
  5600 @ 119
   453 @ 123
   645 @ 144
   665 @ 167

13:00:19.643 [main] INFO  c.orderbook.OrderBook - [ORDERBOOK] Processing Mkt Data Update
13:00:19.643 [main] INFO  c.o.v.MutatingRemoveAllMarketDataOrdersVisitor - [ORDERBOOK] Removing market data order:MktData(price=43,quantity=134)
13:00:19.643 [main] DEBUG c.orderbook.OrderBook - [ORDERBOOK] ASK: Adding orderMktData(price=43,quantity=134)
13:00:19.643 [main] INFO  c.o.visitor.MutatingAddOrderVisitor - [ORDERBOOK] + Limit(side=BUY,orderId=16,price=43,quantity=2195456)
13:00:19.643 [main] DEBUG c.orderbook.OrderBook - [ORDERBOOK] ASK: Adding orderMktData(price=76,quantity=145)
13:00:19.643 [main] DEBUG c.orderbook.OrderBook - [ORDERBOOK] ASK: Adding orderMktData(price=91,quantity=300)
13:00:19.643 [main] DEBUG c.orderbook.OrderBook - [ORDERBOOK] ASK: Adding orderMktData(price=93,quantity=200)
13:00:19.643 [main] DEBUG c.orderbook.OrderBook - [ORDERBOOK] ASK: Adding orderMktData(price=95,quantity=100)
13:00:19.643 [main] DEBUG c.orderbook.OrderBook - [ORDERBOOK] ASK: Adding orderMktData(price=98,quantity=154)
13:00:19.643 [main] INFO  c.o.v.MutatingMatchOneMarketDataOrderVisitor - [ORDERBOOK] visiting LevelOrderBookLevel(price=43,quantity=4281702)
13:00:19.643 [main] INFO  c.o.v.MutatingMatchOneMarketDataOrderVisitor - [ORDERBOOK] Can't match order:Limit(side=BUY,orderId=3,price=43,quantity=268)(MktData(price=98,quantity=154))
13:00:19.643 [main] INFO  c.o.v.MutatingMatchOneMarketDataOrderVisitor - [ORDERBOOK] Can't match order:Limit(side=BUY,orderId=5,price=43,quantity=1072)(MktData(price=98,quantity=154))
13:00:19.643 [main] INFO  c.o.v.MutatingMatchOneMarketDataOrderVisitor - [ORDERBOOK] Can't match order:Limit(side=BUY,orderId=7,price=43,quantity=4288)(MktData(price=98,quantity=154))
13:00:19.643 [main] INFO  c.o.v.MutatingMatchOneMarketDataOrderVisitor - [ORDERBOOK] Can't match order:Limit(side=BUY,orderId=9,price=43,quantity=17152)(MktData(price=98,quantity=154))
13:00:19.643 [main] INFO  c.o.v.MutatingMatchOneMarketDataOrderVisitor - [ORDERBOOK] Can't match order:Limit(side=BUY,orderId=11,price=43,quantity=68608)(MktData(price=98,quantity=154))
13:00:19.643 [main] INFO  c.o.v.MutatingMatchOneMarketDataOrderVisitor - [ORDERBOOK] Can't match order:Limit(side=BUY,orderId=12,price=43,quantity=137216)(MktData(price=98,quantity=154))
13:00:19.643 [main] INFO  c.o.v.MutatingMatchOneMarketDataOrderVisitor - [ORDERBOOK] Can't match order:Limit(side=BUY,orderId=13,price=43,quantity=274432)(MktData(price=98,quantity=154))
13:00:19.643 [main] INFO  c.o.v.MutatingMatchOneMarketDataOrderVisitor - [ORDERBOOK] Can't match order:Limit(side=BUY,orderId=14,price=43,quantity=548864)(MktData(price=98,quantity=154))
13:00:19.643 [main] INFO  c.o.v.MutatingMatchOneMarketDataOrderVisitor - [ORDERBOOK] Can't match order:Limit(side=BUY,orderId=15,price=43,quantity=1097728)(MktData(price=98,quantity=154))
13:00:19.643 [main] INFO  c.o.v.MutatingMatchOneMarketDataOrderVisitor - [ORDERBOOK] Can't match order:Limit(side=BUY,orderId=16,price=43,quantity=2195456)(MktData(price=98,quantity=154))
13:00:19.643 [main] INFO  c.o.v.MutatingMatchOneMarketDataOrderVisitor - [ORDERBOOK] Can't match order:MktData(price=43,quantity=134)(MktData(price=98,quantity=154))
13:00:19.643 [main] INFO  c.o.v.MutatingRemoveAllMarketDataOrdersVisitor - [ORDERBOOK] Removing market data order:MktData(price=98,quantity=501)
13:00:19.643 [main] INFO  c.o.v.MutatingRemoveAllMarketDataOrdersVisitor - [ORDERBOOK] Removing market data order:MktData(price=110,quantity=5000)
13:00:19.643 [main] INFO  c.o.v.MutatingRemoveAllMarketDataOrdersVisitor - [ORDERBOOK] Removing market data order:MktData(price=123,quantity=453)
13:00:19.643 [main] INFO  c.o.v.MutatingRemoveAllMarketDataOrdersVisitor - [ORDERBOOK] Removing market data order:MktData(price=167,quantity=665)
13:00:19.643 [main] DEBUG c.orderbook.OrderBook - [ORDERBOOK] ASK: Adding orderMktData(price=98,quantity=501)
13:00:19.643 [main] INFO  c.o.visitor.MutatingAddOrderVisitor - [ORDERBOOK] + Limit(side=SELL,orderId=17,price=98,quantity=501)
13:00:19.643 [main] DEBUG c.orderbook.OrderBook - [ORDERBOOK] ASK: Adding orderMktData(price=101,quantity=200)
13:00:19.643 [main] DEBUG c.orderbook.OrderBook - [ORDERBOOK] ASK: Adding orderMktData(price=110,quantity=5000)
13:00:19.643 [main] DEBUG c.orderbook.OrderBook - [ORDERBOOK] ASK: Adding orderMktData(price=119,quantity=5600)
13:00:19.643 [main] DEBUG c.orderbook.OrderBook - [ORDERBOOK] ASK: Adding orderMktData(price=123,quantity=453)
13:00:19.643 [main] DEBUG c.orderbook.OrderBook - [ORDERBOOK] ASK: Adding orderMktData(price=144,quantity=645)
13:00:19.643 [main] DEBUG c.orderbook.OrderBook - [ORDERBOOK] ASK: Adding orderMktData(price=167,quantity=665)
13:00:19.643 [main] DEBUG c.service.MarketDataService - [ALGO] BID: price:43 quantity:134
13:00:19.643 [main] DEBUG c.service.MarketDataService - [ALGO] BID: price:76 quantity:145
13:00:19.643 [main] DEBUG c.service.MarketDataService - [ALGO] BID: price:91 quantity:300
13:00:19.643 [main] DEBUG c.service.MarketDataService - [ALGO] BID: price:93 quantity:200
13:00:19.643 [main] DEBUG c.service.MarketDataService - [ALGO] BID: price:95 quantity:100
13:00:19.643 [main] DEBUG c.service.MarketDataService - [ALGO] BID: price:98 quantity:154
13:00:19.643 [main] DEBUG c.service.MarketDataService - [ALGO] ASK: price:98 quantity:501
13:00:19.643 [main] DEBUG c.service.MarketDataService - [ALGO] ASK: price:101 quantity:200
13:00:19.643 [main] DEBUG c.service.MarketDataService - [ALGO] ASK: price:110 quantity:5000
13:00:19.643 [main] DEBUG c.service.MarketDataService - [ALGO] ASK: price:119 quantity:5600
13:00:19.643 [main] DEBUG c.service.MarketDataService - [ALGO] ASK: price:123 quantity:453
13:00:19.643 [main] DEBUG c.service.MarketDataService - [ALGO] ASK: price:144 quantity:645
13:00:19.643 [main] DEBUG c.service.MarketDataService - [ALGO] ASK: price:167 quantity:665
13:00:19.643 [main] INFO  c.gettingstarted.MyAlgoLogic - [MYALGO] The state of the order book is:
|----BID-----||----ASK----|
    134 @ 43    501 @ 98
    145 @ 76   200 @ 101
    300 @ 91  5000 @ 110
    200 @ 93  5600 @ 119
    100 @ 95   453 @ 123
    154 @ 98   645 @ 144
          -    665 @ 167
|------------||-----------|

13:00:19.643 [main] INFO  c.gettingstarted.MyAlgoLogic - [MYALGO] Algo Sees Book as: 
|----BID-----||----ASK----|
    134 @ 43    501 @ 98
    145 @ 76   200 @ 101
    300 @ 91  5000 @ 110
    200 @ 93  5600 @ 119
    100 @ 95   453 @ 123
    154 @ 98   645 @ 144
          -    665 @ 167
|------------||-----------|

13:00:19.643 [main] INFO  c.gettingstarted.TimedLogic - [TIMEDLOGIC] Market is open
13:00:19.643 [main] INFO  c.sequencer.consumer.LoggingConsumer - [262] 
|----BID-----|
    134 @ 43
    145 @ 76
    300 @ 91
    200 @ 93
    100 @ 95
    154 @ 98
|----ASK-----|
    501 @ 98
   200 @ 101
  5000 @ 110
  5600 @ 119
   453 @ 123
   645 @ 144
   665 @ 167

13:00:19.643 [main] INFO  c.orderbook.OrderBook - [ORDERBOOK] Processing Mkt Data Update
13:00:19.643 [main] INFO  c.o.v.MutatingRemoveAllMarketDataOrdersVisitor - [ORDERBOOK] Removing market data order:MktData(price=43,quantity=134)
13:00:19.643 [main] DEBUG c.orderbook.OrderBook - [ORDERBOOK] ASK: Adding orderMktData(price=43,quantity=134)
13:00:19.643 [main] INFO  c.o.visitor.MutatingAddOrderVisitor - [ORDERBOOK] + Limit(side=BUY,orderId=16,price=43,quantity=2195456)
13:00:19.643 [main] DEBUG c.orderbook.OrderBook - [ORDERBOOK] ASK: Adding orderMktData(price=76,quantity=145)
13:00:19.643 [main] DEBUG c.orderbook.OrderBook - [ORDERBOOK] ASK: Adding orderMktData(price=91,quantity=300)
13:00:19.643 [main] DEBUG c.orderbook.OrderBook - [ORDERBOOK] ASK: Adding orderMktData(price=93,quantity=200)
13:00:19.643 [main] DEBUG c.orderbook.OrderBook - [ORDERBOOK] ASK: Adding orderMktData(price=95,quantity=100)
13:00:19.643 [main] DEBUG c.orderbook.OrderBook - [ORDERBOOK] ASK: Adding orderMktData(price=98,quantity=154)
13:00:19.643 [main] INFO  c.o.v.MutatingMatchOneMarketDataOrderVisitor - [ORDERBOOK] visiting LevelOrderBookLevel(price=43,quantity=4281836)
13:00:19.643 [main] INFO  c.o.v.MutatingMatchOneMarketDataOrderVisitor - [ORDERBOOK] Can't match order:Limit(side=BUY,orderId=3,price=43,quantity=268)(MktData(price=98,quantity=154))
13:00:19.643 [main] INFO  c.o.v.MutatingMatchOneMarketDataOrderVisitor - [ORDERBOOK] Can't match order:Limit(side=BUY,orderId=5,price=43,quantity=1072)(MktData(price=98,quantity=154))
13:00:19.643 [main] INFO  c.o.v.MutatingMatchOneMarketDataOrderVisitor - [ORDERBOOK] Can't match order:Limit(side=BUY,orderId=7,price=43,quantity=4288)(MktData(price=98,quantity=154))
13:00:19.643 [main] INFO  c.o.v.MutatingMatchOneMarketDataOrderVisitor - [ORDERBOOK] Can't match order:Limit(side=BUY,orderId=9,price=43,quantity=17152)(MktData(price=98,quantity=154))
13:00:19.643 [main] INFO  c.o.v.MutatingMatchOneMarketDataOrderVisitor - [ORDERBOOK] Can't match order:Limit(side=BUY,orderId=11,price=43,quantity=68608)(MktData(price=98,quantity=154))
13:00:19.643 [main] INFO  c.o.v.MutatingMatchOneMarketDataOrderVisitor - [ORDERBOOK] Can't match order:Limit(side=BUY,orderId=12,price=43,quantity=137216)(MktData(price=98,quantity=154))
13:00:19.643 [main] INFO  c.o.v.MutatingMatchOneMarketDataOrderVisitor - [ORDERBOOK] Can't match order:Limit(side=BUY,orderId=13,price=43,quantity=274432)(MktData(price=98,quantity=154))
13:00:19.643 [main] INFO  c.o.v.MutatingMatchOneMarketDataOrderVisitor - [ORDERBOOK] Can't match order:Limit(side=BUY,orderId=14,price=43,quantity=548864)(MktData(price=98,quantity=154))
13:00:19.643 [main] INFO  c.o.v.MutatingMatchOneMarketDataOrderVisitor - [ORDERBOOK] Can't match order:Limit(side=BUY,orderId=15,price=43,quantity=1097728)(MktData(price=98,quantity=154))
13:00:19.643 [main] INFO  c.o.v.MutatingMatchOneMarketDataOrderVisitor - [ORDERBOOK] Can't match order:Limit(side=BUY,orderId=16,price=43,quantity=2195456)(MktData(price=98,quantity=154))
13:00:19.643 [main] INFO  c.o.v.MutatingMatchOneMarketDataOrderVisitor - [ORDERBOOK] Can't match order:MktData(price=43,quantity=134)(MktData(price=98,quantity=154))
13:00:19.643 [main] INFO  c.o.v.MutatingRemoveAllMarketDataOrdersVisitor - [ORDERBOOK] Removing market data order:MktData(price=98,quantity=501)
13:00:19.643 [main] INFO  c.o.v.MutatingRemoveAllMarketDataOrdersVisitor - [ORDERBOOK] Removing market data order:MktData(price=110,quantity=5000)
13:00:19.643 [main] INFO  c.o.v.MutatingRemoveAllMarketDataOrdersVisitor - [ORDERBOOK] Removing market data order:MktData(price=123,quantity=453)
13:00:19.643 [main] INFO  c.o.v.MutatingRemoveAllMarketDataOrdersVisitor - [ORDERBOOK] Removing market data order:MktData(price=167,quantity=665)
13:00:19.643 [main] DEBUG c.orderbook.OrderBook - [ORDERBOOK] ASK: Adding orderMktData(price=98,quantity=501)
13:00:19.643 [main] INFO  c.o.visitor.MutatingAddOrderVisitor - [ORDERBOOK] + Limit(side=SELL,orderId=17,price=98,quantity=501)
13:00:19.643 [main] DEBUG c.orderbook.OrderBook - [ORDERBOOK] ASK: Adding orderMktData(price=101,quantity=200)
13:00:19.643 [main] DEBUG c.orderbook.OrderBook - [ORDERBOOK] ASK: Adding orderMktData(price=110,quantity=5000)
13:00:19.643 [main] DEBUG c.orderbook.OrderBook - [ORDERBOOK] ASK: Adding orderMktData(price=119,quantity=5600)
13:00:19.643 [main] DEBUG c.orderbook.OrderBook - [ORDERBOOK] ASK: Adding orderMktData(price=123,quantity=453)
13:00:19.643 [main] DEBUG c.orderbook.OrderBook - [ORDERBOOK] ASK: Adding orderMktData(price=144,quantity=645)
13:00:19.643 [main] DEBUG c.orderbook.OrderBook - [ORDERBOOK] ASK: Adding orderMktData(price=167,quantity=665)
13:00:19.643 [main] DEBUG c.service.MarketDataService - [ALGO] BID: price:43 quantity:134
13:00:19.643 [main] DEBUG c.service.MarketDataService - [ALGO] BID: price:76 quantity:145
13:00:19.643 [main] DEBUG c.service.MarketDataService - [ALGO] BID: price:91 quantity:300
13:00:19.643 [main] DEBUG c.service.MarketDataService - [ALGO] BID: price:93 quantity:200
13:00:19.643 [main] DEBUG c.service.MarketDataService - [ALGO] BID: price:95 quantity:100
13:00:19.643 [main] DEBUG c.service.MarketDataService - [ALGO] BID: price:98 quantity:154
13:00:19.643 [main] DEBUG c.service.MarketDataService - [ALGO] ASK: price:98 quantity:501
13:00:19.643 [main] DEBUG c.service.MarketDataService - [ALGO] ASK: price:101 quantity:200
13:00:19.643 [main] DEBUG c.service.MarketDataService - [ALGO] ASK: price:110 quantity:5000
13:00:19.643 [main] DEBUG c.service.MarketDataService - [ALGO] ASK: price:119 quantity:5600
13:00:19.643 [main] DEBUG c.service.MarketDataService - [ALGO] ASK: price:123 quantity:453
13:00:19.643 [main] DEBUG c.service.MarketDataService - [ALGO] ASK: price:144 quantity:645
13:00:19.643 [main] DEBUG c.service.MarketDataService - [ALGO] ASK: price:167 quantity:665
13:00:19.643 [main] INFO  c.gettingstarted.MyAlgoLogic - [MYALGO] The state of the order book is:
|----BID-----||----ASK----|
    134 @ 43    501 @ 98
    145 @ 76   200 @ 101
    300 @ 91  5000 @ 110
    200 @ 93  5600 @ 119
    100 @ 95   453 @ 123
    154 @ 98   645 @ 144
          -    665 @ 167
|------------||-----------|

13:00:19.643 [main] INFO  c.gettingstarted.MyAlgoLogic - [MYALGO] Algo Sees Book as: 
|----BID-----||----ASK----|
    134 @ 43    501 @ 98
    145 @ 76   200 @ 101
    300 @ 91  5000 @ 110
    200 @ 93  5600 @ 119
    100 @ 95   453 @ 123
    154 @ 98   645 @ 144
          -    665 @ 167
|------------||-----------|

13:00:19.643 [main] INFO  c.gettingstarted.TimedLogic - [TIMEDLOGIC] Market is open
13:00:19.643 [main] INFO  c.sequencer.consumer.LoggingConsumer - [263] 
|----BID-----|
    134 @ 43
    145 @ 76
    300 @ 91
    200 @ 93
    100 @ 95
    154 @ 98
|----ASK-----|
    501 @ 98
   200 @ 101
  5000 @ 110
  5600 @ 119
   453 @ 123
   645 @ 144
   665 @ 167

13:00:19.643 [main] INFO  c.orderbook.OrderBook - [ORDERBOOK] Processing Mkt Data Update
13:00:19.643 [main] INFO  c.o.v.MutatingRemoveAllMarketDataOrdersVisitor - [ORDERBOOK] Removing market data order:MktData(price=43,quantity=134)
13:00:19.643 [main] DEBUG c.orderbook.OrderBook - [ORDERBOOK] ASK: Adding orderMktData(price=43,quantity=134)
13:00:19.643 [main] INFO  c.o.visitor.MutatingAddOrderVisitor - [ORDERBOOK] + Limit(side=BUY,orderId=16,price=43,quantity=2195456)
13:00:19.643 [main] DEBUG c.orderbook.OrderBook - [ORDERBOOK] ASK: Adding orderMktData(price=76,quantity=145)
13:00:19.643 [main] DEBUG c.orderbook.OrderBook - [ORDERBOOK] ASK: Adding orderMktData(price=91,quantity=300)
13:00:19.643 [main] DEBUG c.orderbook.OrderBook - [ORDERBOOK] ASK: Adding orderMktData(price=93,quantity=200)
13:00:19.643 [main] DEBUG c.orderbook.OrderBook - [ORDERBOOK] ASK: Adding orderMktData(price=95,quantity=100)
13:00:19.643 [main] DEBUG c.orderbook.OrderBook - [ORDERBOOK] ASK: Adding orderMktData(price=98,quantity=154)
13:00:19.643 [main] INFO  c.o.v.MutatingMatchOneMarketDataOrderVisitor - [ORDERBOOK] visiting LevelOrderBookLevel(price=43,quantity=4281970)
13:00:19.643 [main] INFO  c.o.v.MutatingMatchOneMarketDataOrderVisitor - [ORDERBOOK] Can't match order:Limit(side=BUY,orderId=3,price=43,quantity=268)(MktData(price=98,quantity=154))
13:00:19.643 [main] INFO  c.o.v.MutatingMatchOneMarketDataOrderVisitor - [ORDERBOOK] Can't match order:Limit(side=BUY,orderId=5,price=43,quantity=1072)(MktData(price=98,quantity=154))
13:00:19.643 [main] INFO  c.o.v.MutatingMatchOneMarketDataOrderVisitor - [ORDERBOOK] Can't match order:Limit(side=BUY,orderId=7,price=43,quantity=4288)(MktData(price=98,quantity=154))
13:00:19.643 [main] INFO  c.o.v.MutatingMatchOneMarketDataOrderVisitor - [ORDERBOOK] Can't match order:Limit(side=BUY,orderId=9,price=43,quantity=17152)(MktData(price=98,quantity=154))
13:00:19.643 [main] INFO  c.o.v.MutatingMatchOneMarketDataOrderVisitor - [ORDERBOOK] Can't match order:Limit(side=BUY,orderId=11,price=43,quantity=68608)(MktData(price=98,quantity=154))
13:00:19.643 [main] INFO  c.o.v.MutatingMatchOneMarketDataOrderVisitor - [ORDERBOOK] Can't match order:Limit(side=BUY,orderId=12,price=43,quantity=137216)(MktData(price=98,quantity=154))
13:00:19.643 [main] INFO  c.o.v.MutatingMatchOneMarketDataOrderVisitor - [ORDERBOOK] Can't match order:Limit(side=BUY,orderId=13,price=43,quantity=274432)(MktData(price=98,quantity=154))
13:00:19.643 [main] INFO  c.o.v.MutatingMatchOneMarketDataOrderVisitor - [ORDERBOOK] Can't match order:Limit(side=BUY,orderId=14,price=43,quantity=548864)(MktData(price=98,quantity=154))
13:00:19.643 [main] INFO  c.o.v.MutatingMatchOneMarketDataOrderVisitor - [ORDERBOOK] Can't match order:Limit(side=BUY,orderId=15,price=43,quantity=1097728)(MktData(price=98,quantity=154))
13:00:19.643 [main] INFO  c.o.v.MutatingMatchOneMarketDataOrderVisitor - [ORDERBOOK] Can't match order:Limit(side=BUY,orderId=16,price=43,quantity=2195456)(MktData(price=98,quantity=154))
13:00:19.643 [main] INFO  c.o.v.MutatingMatchOneMarketDataOrderVisitor - [ORDERBOOK] Can't match order:MktData(price=43,quantity=134)(MktData(price=98,quantity=154))
13:00:19.643 [main] INFO  c.o.v.MutatingRemoveAllMarketDataOrdersVisitor - [ORDERBOOK] Removing market data order:MktData(price=98,quantity=501)
13:00:19.643 [main] INFO  c.o.v.MutatingRemoveAllMarketDataOrdersVisitor - [ORDERBOOK] Removing market data order:MktData(price=110,quantity=5000)
13:00:19.643 [main] INFO  c.o.v.MutatingRemoveAllMarketDataOrdersVisitor - [ORDERBOOK] Removing market data order:MktData(price=123,quantity=453)
13:00:19.643 [main] INFO  c.o.v.MutatingRemoveAllMarketDataOrdersVisitor - [ORDERBOOK] Removing market data order:MktData(price=167,quantity=665)
13:00:19.643 [main] DEBUG c.orderbook.OrderBook - [ORDERBOOK] ASK: Adding orderMktData(price=98,quantity=501)
13:00:19.643 [main] INFO  c.o.visitor.MutatingAddOrderVisitor - [ORDERBOOK] + Limit(side=SELL,orderId=17,price=98,quantity=501)
13:00:19.643 [main] DEBUG c.orderbook.OrderBook - [ORDERBOOK] ASK: Adding orderMktData(price=101,quantity=200)
13:00:19.643 [main] DEBUG c.orderbook.OrderBook - [ORDERBOOK] ASK: Adding orderMktData(price=110,quantity=5000)
13:00:19.643 [main] DEBUG c.orderbook.OrderBook - [ORDERBOOK] ASK: Adding orderMktData(price=119,quantity=5600)
13:00:19.643 [main] DEBUG c.orderbook.OrderBook - [ORDERBOOK] ASK: Adding orderMktData(price=123,quantity=453)
13:00:19.643 [main] DEBUG c.orderbook.OrderBook - [ORDERBOOK] ASK: Adding orderMktData(price=144,quantity=645)
13:00:19.643 [main] DEBUG c.orderbook.OrderBook - [ORDERBOOK] ASK: Adding orderMktData(price=167,quantity=665)
13:00:19.643 [main] DEBUG c.service.MarketDataService - [ALGO] BID: price:43 quantity:134
13:00:19.643 [main] DEBUG c.service.MarketDataService - [ALGO] BID: price:76 quantity:145
13:00:19.643 [main] DEBUG c.service.MarketDataService - [ALGO] BID: price:91 quantity:300
13:00:19.643 [main] DEBUG c.service.MarketDataService - [ALGO] BID: price:93 quantity:200
13:00:19.643 [main] DEBUG c.service.MarketDataService - [ALGO] BID: price:95 quantity:100
13:00:19.643 [main] DEBUG c.service.MarketDataService - [ALGO] BID: price:98 quantity:154
13:00:19.643 [main] DEBUG c.service.MarketDataService - [ALGO] ASK: price:98 quantity:501
13:00:19.643 [main] DEBUG c.service.MarketDataService - [ALGO] ASK: price:101 quantity:200
13:00:19.643 [main] DEBUG c.service.MarketDataService - [ALGO] ASK: price:110 quantity:5000
13:00:19.643 [main] DEBUG c.service.MarketDataService - [ALGO] ASK: price:119 quantity:5600
13:00:19.643 [main] DEBUG c.service.MarketDataService - [ALGO] ASK: price:123 quantity:453
13:00:19.643 [main] DEBUG c.service.MarketDataService - [ALGO] ASK: price:144 quantity:645
13:00:19.643 [main] DEBUG c.service.MarketDataService - [ALGO] ASK: price:167 quantity:665
13:00:19.643 [main] INFO  c.gettingstarted.MyAlgoLogic - [MYALGO] The state of the order book is:
|----BID-----||----ASK----|
    134 @ 43    501 @ 98
    145 @ 76   200 @ 101
    300 @ 91  5000 @ 110
    200 @ 93  5600 @ 119
    100 @ 95   453 @ 123
    154 @ 98   645 @ 144
          -    665 @ 167
|------------||-----------|

13:00:19.643 [main] INFO  c.gettingstarted.MyAlgoLogic - [MYALGO] Algo Sees Book as: 
|----BID-----||----ASK----|
    134 @ 43    501 @ 98
    145 @ 76   200 @ 101
    300 @ 91  5000 @ 110
    200 @ 93  5600 @ 119
    100 @ 95   453 @ 123
    154 @ 98   645 @ 144
          -    665 @ 167
|------------||-----------|

13:00:19.643 [main] INFO  c.gettingstarted.TimedLogic - [TIMEDLOGIC] Market is open
13:00:19.643 [main] INFO  c.sequencer.consumer.LoggingConsumer - [264] 
|----BID-----|
    134 @ 43
    145 @ 76
    300 @ 91
    200 @ 93
    100 @ 95
    154 @ 98
|----ASK-----|
    501 @ 98
   200 @ 101
  5000 @ 110
  5600 @ 119
   453 @ 123
   645 @ 144
   665 @ 167

13:00:19.643 [main] INFO  c.orderbook.OrderBook - [ORDERBOOK] Processing Mkt Data Update
13:00:19.643 [main] INFO  c.o.v.MutatingRemoveAllMarketDataOrdersVisitor - [ORDERBOOK] Removing market data order:MktData(price=43,quantity=134)
13:00:19.643 [main] DEBUG c.orderbook.OrderBook - [ORDERBOOK] ASK: Adding orderMktData(price=43,quantity=134)
13:00:19.643 [main] INFO  c.o.visitor.MutatingAddOrderVisitor - [ORDERBOOK] + Limit(side=BUY,orderId=16,price=43,quantity=2195456)
13:00:19.643 [main] DEBUG c.orderbook.OrderBook - [ORDERBOOK] ASK: Adding orderMktData(price=76,quantity=145)
13:00:19.643 [main] DEBUG c.orderbook.OrderBook - [ORDERBOOK] ASK: Adding orderMktData(price=91,quantity=300)
13:00:19.643 [main] DEBUG c.orderbook.OrderBook - [ORDERBOOK] ASK: Adding orderMktData(price=93,quantity=200)
13:00:19.643 [main] DEBUG c.orderbook.OrderBook - [ORDERBOOK] ASK: Adding orderMktData(price=95,quantity=100)
13:00:19.643 [main] DEBUG c.orderbook.OrderBook - [ORDERBOOK] ASK: Adding orderMktData(price=98,quantity=154)
13:00:19.643 [main] INFO  c.o.v.MutatingMatchOneMarketDataOrderVisitor - [ORDERBOOK] visiting LevelOrderBookLevel(price=43,quantity=4282104)
13:00:19.643 [main] INFO  c.o.v.MutatingMatchOneMarketDataOrderVisitor - [ORDERBOOK] Can't match order:Limit(side=BUY,orderId=3,price=43,quantity=268)(MktData(price=98,quantity=154))
13:00:19.643 [main] INFO  c.o.v.MutatingMatchOneMarketDataOrderVisitor - [ORDERBOOK] Can't match order:Limit(side=BUY,orderId=5,price=43,quantity=1072)(MktData(price=98,quantity=154))
13:00:19.643 [main] INFO  c.o.v.MutatingMatchOneMarketDataOrderVisitor - [ORDERBOOK] Can't match order:Limit(side=BUY,orderId=7,price=43,quantity=4288)(MktData(price=98,quantity=154))
13:00:19.643 [main] INFO  c.o.v.MutatingMatchOneMarketDataOrderVisitor - [ORDERBOOK] Can't match order:Limit(side=BUY,orderId=9,price=43,quantity=17152)(MktData(price=98,quantity=154))
13:00:19.643 [main] INFO  c.o.v.MutatingMatchOneMarketDataOrderVisitor - [ORDERBOOK] Can't match order:Limit(side=BUY,orderId=11,price=43,quantity=68608)(MktData(price=98,quantity=154))
13:00:19.643 [main] INFO  c.o.v.MutatingMatchOneMarketDataOrderVisitor - [ORDERBOOK] Can't match order:Limit(side=BUY,orderId=12,price=43,quantity=137216)(MktData(price=98,quantity=154))
13:00:19.643 [main] INFO  c.o.v.MutatingMatchOneMarketDataOrderVisitor - [ORDERBOOK] Can't match order:Limit(side=BUY,orderId=13,price=43,quantity=274432)(MktData(price=98,quantity=154))
13:00:19.643 [main] INFO  c.o.v.MutatingMatchOneMarketDataOrderVisitor - [ORDERBOOK] Can't match order:Limit(side=BUY,orderId=14,price=43,quantity=548864)(MktData(price=98,quantity=154))
13:00:19.651 [main] INFO  c.o.v.MutatingMatchOneMarketDataOrderVisitor - [ORDERBOOK] Can't match order:Limit(side=BUY,orderId=15,price=43,quantity=1097728)(MktData(price=98,quantity=154))
13:00:19.651 [main] INFO  c.o.v.MutatingMatchOneMarketDataOrderVisitor - [ORDERBOOK] Can't match order:Limit(side=BUY,orderId=16,price=43,quantity=2195456)(MktData(price=98,quantity=154))
13:00:19.651 [main] INFO  c.o.v.MutatingMatchOneMarketDataOrderVisitor - [ORDERBOOK] Can't match order:MktData(price=43,quantity=134)(MktData(price=98,quantity=154))
13:00:19.651 [main] INFO  c.o.v.MutatingRemoveAllMarketDataOrdersVisitor - [ORDERBOOK] Removing market data order:MktData(price=98,quantity=501)
13:00:19.651 [main] INFO  c.o.v.MutatingRemoveAllMarketDataOrdersVisitor - [ORDERBOOK] Removing market data order:MktData(price=110,quantity=5000)
13:00:19.651 [main] INFO  c.o.v.MutatingRemoveAllMarketDataOrdersVisitor - [ORDERBOOK] Removing market data order:MktData(price=123,quantity=453)
13:00:19.651 [main] INFO  c.o.v.MutatingRemoveAllMarketDataOrdersVisitor - [ORDERBOOK] Removing market data order:MktData(price=167,quantity=665)
13:00:19.651 [main] DEBUG c.orderbook.OrderBook - [ORDERBOOK] ASK: Adding orderMktData(price=98,quantity=501)
13:00:19.651 [main] INFO  c.o.visitor.MutatingAddOrderVisitor - [ORDERBOOK] + Limit(side=SELL,orderId=17,price=98,quantity=501)
13:00:19.651 [main] DEBUG c.orderbook.OrderBook - [ORDERBOOK] ASK: Adding orderMktData(price=101,quantity=200)
13:00:19.651 [main] DEBUG c.orderbook.OrderBook - [ORDERBOOK] ASK: Adding orderMktData(price=110,quantity=5000)
13:00:19.651 [main] DEBUG c.orderbook.OrderBook - [ORDERBOOK] ASK: Adding orderMktData(price=119,quantity=5600)
13:00:19.651 [main] DEBUG c.orderbook.OrderBook - [ORDERBOOK] ASK: Adding orderMktData(price=123,quantity=453)
13:00:19.651 [main] DEBUG c.orderbook.OrderBook - [ORDERBOOK] ASK: Adding orderMktData(price=144,quantity=645)
13:00:19.651 [main] DEBUG c.orderbook.OrderBook - [ORDERBOOK] ASK: Adding orderMktData(price=167,quantity=665)
13:00:19.651 [main] DEBUG c.service.MarketDataService - [ALGO] BID: price:43 quantity:134
13:00:19.651 [main] DEBUG c.service.MarketDataService - [ALGO] BID: price:76 quantity:145
13:00:19.651 [main] DEBUG c.service.MarketDataService - [ALGO] BID: price:91 quantity:300
13:00:19.651 [main] DEBUG c.service.MarketDataService - [ALGO] BID: price:93 quantity:200
13:00:19.651 [main] DEBUG c.service.MarketDataService - [ALGO] BID: price:95 quantity:100
13:00:19.651 [main] DEBUG c.service.MarketDataService - [ALGO] BID: price:98 quantity:154
13:00:19.651 [main] DEBUG c.service.MarketDataService - [ALGO] ASK: price:98 quantity:501
13:00:19.651 [main] DEBUG c.service.MarketDataService - [ALGO] ASK: price:101 quantity:200
13:00:19.651 [main] DEBUG c.service.MarketDataService - [ALGO] ASK: price:110 quantity:5000
13:00:19.651 [main] DEBUG c.service.MarketDataService - [ALGO] ASK: price:119 quantity:5600
13:00:19.651 [main] DEBUG c.service.MarketDataService - [ALGO] ASK: price:123 quantity:453
13:00:19.651 [main] DEBUG c.service.MarketDataService - [ALGO] ASK: price:144 quantity:645
13:00:19.651 [main] DEBUG c.service.MarketDataService - [ALGO] ASK: price:167 quantity:665
13:00:19.651 [main] INFO  c.gettingstarted.MyAlgoLogic - [MYALGO] The state of the order book is:
|----BID-----||----ASK----|
    134 @ 43    501 @ 98
    145 @ 76   200 @ 101
    300 @ 91  5000 @ 110
    200 @ 93  5600 @ 119
    100 @ 95   453 @ 123
    154 @ 98   645 @ 144
          -    665 @ 167
|------------||-----------|

13:00:19.651 [main] INFO  c.gettingstarted.MyAlgoLogic - [MYALGO] Algo Sees Book as: 
|----BID-----||----ASK----|
    134 @ 43    501 @ 98
    145 @ 76   200 @ 101
    300 @ 91  5000 @ 110
    200 @ 93  5600 @ 119
    100 @ 95   453 @ 123
    154 @ 98   645 @ 144
          -    665 @ 167
|------------||-----------|

13:00:19.651 [main] INFO  c.gettingstarted.TimedLogic - [TIMEDLOGIC] Market is open
13:00:19.651 [main] INFO  c.sequencer.consumer.LoggingConsumer - [265] 
|----BID-----|
    134 @ 43
    145 @ 76
    300 @ 91
    200 @ 93
    100 @ 95
    154 @ 98
|----ASK-----|
    501 @ 98
   200 @ 101
  5000 @ 110
  5600 @ 119
   453 @ 123
   645 @ 144
   665 @ 167

13:00:19.651 [main] INFO  c.orderbook.OrderBook - [ORDERBOOK] Processing Mkt Data Update
13:00:19.651 [main] INFO  c.o.v.MutatingRemoveAllMarketDataOrdersVisitor - [ORDERBOOK] Removing market data order:MktData(price=43,quantity=134)
13:00:19.651 [main] DEBUG c.orderbook.OrderBook - [ORDERBOOK] ASK: Adding orderMktData(price=43,quantity=134)
13:00:19.651 [main] INFO  c.o.visitor.MutatingAddOrderVisitor - [ORDERBOOK] + Limit(side=BUY,orderId=16,price=43,quantity=2195456)
13:00:19.651 [main] DEBUG c.orderbook.OrderBook - [ORDERBOOK] ASK: Adding orderMktData(price=76,quantity=145)
13:00:19.651 [main] DEBUG c.orderbook.OrderBook - [ORDERBOOK] ASK: Adding orderMktData(price=91,quantity=300)
13:00:19.651 [main] DEBUG c.orderbook.OrderBook - [ORDERBOOK] ASK: Adding orderMktData(price=93,quantity=200)
13:00:19.651 [main] DEBUG c.orderbook.OrderBook - [ORDERBOOK] ASK: Adding orderMktData(price=95,quantity=100)
13:00:19.651 [main] DEBUG c.orderbook.OrderBook - [ORDERBOOK] ASK: Adding orderMktData(price=98,quantity=154)
13:00:19.651 [main] INFO  c.o.v.MutatingMatchOneMarketDataOrderVisitor - [ORDERBOOK] visiting LevelOrderBookLevel(price=43,quantity=4282238)
13:00:19.651 [main] INFO  c.o.v.MutatingMatchOneMarketDataOrderVisitor - [ORDERBOOK] Can't match order:Limit(side=BUY,orderId=3,price=43,quantity=268)(MktData(price=98,quantity=154))
13:00:19.651 [main] INFO  c.o.v.MutatingMatchOneMarketDataOrderVisitor - [ORDERBOOK] Can't match order:Limit(side=BUY,orderId=5,price=43,quantity=1072)(MktData(price=98,quantity=154))
13:00:19.651 [main] INFO  c.o.v.MutatingMatchOneMarketDataOrderVisitor - [ORDERBOOK] Can't match order:Limit(side=BUY,orderId=7,price=43,quantity=4288)(MktData(price=98,quantity=154))
13:00:19.651 [main] INFO  c.o.v.MutatingMatchOneMarketDataOrderVisitor - [ORDERBOOK] Can't match order:Limit(side=BUY,orderId=9,price=43,quantity=17152)(MktData(price=98,quantity=154))
13:00:19.651 [main] INFO  c.o.v.MutatingMatchOneMarketDataOrderVisitor - [ORDERBOOK] Can't match order:Limit(side=BUY,orderId=11,price=43,quantity=68608)(MktData(price=98,quantity=154))
13:00:19.651 [main] INFO  c.o.v.MutatingMatchOneMarketDataOrderVisitor - [ORDERBOOK] Can't match order:Limit(side=BUY,orderId=12,price=43,quantity=137216)(MktData(price=98,quantity=154))
13:00:19.651 [main] INFO  c.o.v.MutatingMatchOneMarketDataOrderVisitor - [ORDERBOOK] Can't match order:Limit(side=BUY,orderId=13,price=43,quantity=274432)(MktData(price=98,quantity=154))
13:00:19.651 [main] INFO  c.o.v.MutatingMatchOneMarketDataOrderVisitor - [ORDERBOOK] Can't match order:Limit(side=BUY,orderId=14,price=43,quantity=548864)(MktData(price=98,quantity=154))
13:00:19.651 [main] INFO  c.o.v.MutatingMatchOneMarketDataOrderVisitor - [ORDERBOOK] Can't match order:Limit(side=BUY,orderId=15,price=43,quantity=1097728)(MktData(price=98,quantity=154))
13:00:19.651 [main] INFO  c.o.v.MutatingMatchOneMarketDataOrderVisitor - [ORDERBOOK] Can't match order:Limit(side=BUY,orderId=16,price=43,quantity=2195456)(MktData(price=98,quantity=154))
13:00:19.651 [main] INFO  c.o.v.MutatingMatchOneMarketDataOrderVisitor - [ORDERBOOK] Can't match order:MktData(price=43,quantity=134)(MktData(price=98,quantity=154))
13:00:19.651 [main] INFO  c.o.v.MutatingRemoveAllMarketDataOrdersVisitor - [ORDERBOOK] Removing market data order:MktData(price=98,quantity=501)
13:00:19.651 [main] INFO  c.o.v.MutatingRemoveAllMarketDataOrdersVisitor - [ORDERBOOK] Removing market data order:MktData(price=110,quantity=5000)
13:00:19.651 [main] INFO  c.o.v.MutatingRemoveAllMarketDataOrdersVisitor - [ORDERBOOK] Removing market data order:MktData(price=123,quantity=453)
13:00:19.651 [main] INFO  c.o.v.MutatingRemoveAllMarketDataOrdersVisitor - [ORDERBOOK] Removing market data order:MktData(price=167,quantity=665)
13:00:19.651 [main] DEBUG c.orderbook.OrderBook - [ORDERBOOK] ASK: Adding orderMktData(price=98,quantity=501)
13:00:19.651 [main] INFO  c.o.visitor.MutatingAddOrderVisitor - [ORDERBOOK] + Limit(side=SELL,orderId=17,price=98,quantity=501)
13:00:19.651 [main] DEBUG c.orderbook.OrderBook - [ORDERBOOK] ASK: Adding orderMktData(price=101,quantity=200)
13:00:19.651 [main] DEBUG c.orderbook.OrderBook - [ORDERBOOK] ASK: Adding orderMktData(price=110,quantity=5000)
13:00:19.651 [main] DEBUG c.orderbook.OrderBook - [ORDERBOOK] ASK: Adding orderMktData(price=119,quantity=5600)
13:00:19.651 [main] DEBUG c.orderbook.OrderBook - [ORDERBOOK] ASK: Adding orderMktData(price=123,quantity=453)
13:00:19.651 [main] DEBUG c.orderbook.OrderBook - [ORDERBOOK] ASK: Adding orderMktData(price=144,quantity=645)
13:00:19.651 [main] DEBUG c.orderbook.OrderBook - [ORDERBOOK] ASK: Adding orderMktData(price=167,quantity=665)
13:00:19.651 [main] DEBUG c.service.MarketDataService - [ALGO] BID: price:43 quantity:134
13:00:19.651 [main] DEBUG c.service.MarketDataService - [ALGO] BID: price:76 quantity:145
13:00:19.651 [main] DEBUG c.service.MarketDataService - [ALGO] BID: price:91 quantity:300
13:00:19.651 [main] DEBUG c.service.MarketDataService - [ALGO] BID: price:93 quantity:200
13:00:19.651 [main] DEBUG c.service.MarketDataService - [ALGO] BID: price:95 quantity:100
13:00:19.651 [main] DEBUG c.service.MarketDataService - [ALGO] BID: price:98 quantity:154
13:00:19.651 [main] DEBUG c.service.MarketDataService - [ALGO] ASK: price:98 quantity:501
13:00:19.651 [main] DEBUG c.service.MarketDataService - [ALGO] ASK: price:101 quantity:200
13:00:19.651 [main] DEBUG c.service.MarketDataService - [ALGO] ASK: price:110 quantity:5000
13:00:19.651 [main] DEBUG c.service.MarketDataService - [ALGO] ASK: price:119 quantity:5600
13:00:19.651 [main] DEBUG c.service.MarketDataService - [ALGO] ASK: price:123 quantity:453
13:00:19.651 [main] DEBUG c.service.MarketDataService - [ALGO] ASK: price:144 quantity:645
13:00:19.651 [main] DEBUG c.service.MarketDataService - [ALGO] ASK: price:167 quantity:665
13:00:19.651 [main] INFO  c.gettingstarted.MyAlgoLogic - [MYALGO] The state of the order book is:
|----BID-----||----ASK----|
    134 @ 43    501 @ 98
    145 @ 76   200 @ 101
    300 @ 91  5000 @ 110
    200 @ 93  5600 @ 119
    100 @ 95   453 @ 123
    154 @ 98   645 @ 144
          -    665 @ 167
|------------||-----------|

13:00:19.651 [main] INFO  c.gettingstarted.MyAlgoLogic - [MYALGO] Algo Sees Book as: 
|----BID-----||----ASK----|
    134 @ 43    501 @ 98
    145 @ 76   200 @ 101
    300 @ 91  5000 @ 110
    200 @ 93  5600 @ 119
    100 @ 95   453 @ 123
    154 @ 98   645 @ 144
          -    665 @ 167
|------------||-----------|

13:00:19.653 [main] INFO  c.gettingstarted.TimedLogic - [TIMEDLOGIC] Market is open
13:00:19.653 [main] INFO  c.sequencer.consumer.LoggingConsumer - [266] 
|----BID-----|
    134 @ 43
    145 @ 76
    300 @ 91
    200 @ 93
    100 @ 95
    154 @ 98
|----ASK-----|
    501 @ 98
   200 @ 101
  5000 @ 110
  5600 @ 119
   453 @ 123
   645 @ 144
   665 @ 167

13:00:19.653 [main] INFO  c.orderbook.OrderBook - [ORDERBOOK] Processing Mkt Data Update
13:00:19.653 [main] INFO  c.o.v.MutatingRemoveAllMarketDataOrdersVisitor - [ORDERBOOK] Removing market data order:MktData(price=43,quantity=134)
13:00:19.653 [main] DEBUG c.orderbook.OrderBook - [ORDERBOOK] ASK: Adding orderMktData(price=43,quantity=134)
13:00:19.653 [main] INFO  c.o.visitor.MutatingAddOrderVisitor - [ORDERBOOK] + Limit(side=BUY,orderId=16,price=43,quantity=2195456)
13:00:19.653 [main] DEBUG c.orderbook.OrderBook - [ORDERBOOK] ASK: Adding orderMktData(price=76,quantity=145)
13:00:19.653 [main] DEBUG c.orderbook.OrderBook - [ORDERBOOK] ASK: Adding orderMktData(price=91,quantity=300)
13:00:19.653 [main] DEBUG c.orderbook.OrderBook - [ORDERBOOK] ASK: Adding orderMktData(price=93,quantity=200)
13:00:19.653 [main] DEBUG c.orderbook.OrderBook - [ORDERBOOK] ASK: Adding orderMktData(price=95,quantity=100)
13:00:19.653 [main] DEBUG c.orderbook.OrderBook - [ORDERBOOK] ASK: Adding orderMktData(price=98,quantity=154)
13:00:19.653 [main] INFO  c.o.v.MutatingMatchOneMarketDataOrderVisitor - [ORDERBOOK] visiting LevelOrderBookLevel(price=43,quantity=4282372)
13:00:19.653 [main] INFO  c.o.v.MutatingMatchOneMarketDataOrderVisitor - [ORDERBOOK] Can't match order:Limit(side=BUY,orderId=3,price=43,quantity=268)(MktData(price=98,quantity=154))
13:00:19.653 [main] INFO  c.o.v.MutatingMatchOneMarketDataOrderVisitor - [ORDERBOOK] Can't match order:Limit(side=BUY,orderId=5,price=43,quantity=1072)(MktData(price=98,quantity=154))
13:00:19.653 [main] INFO  c.o.v.MutatingMatchOneMarketDataOrderVisitor - [ORDERBOOK] Can't match order:Limit(side=BUY,orderId=7,price=43,quantity=4288)(MktData(price=98,quantity=154))
13:00:19.653 [main] INFO  c.o.v.MutatingMatchOneMarketDataOrderVisitor - [ORDERBOOK] Can't match order:Limit(side=BUY,orderId=9,price=43,quantity=17152)(MktData(price=98,quantity=154))
13:00:19.653 [main] INFO  c.o.v.MutatingMatchOneMarketDataOrderVisitor - [ORDERBOOK] Can't match order:Limit(side=BUY,orderId=11,price=43,quantity=68608)(MktData(price=98,quantity=154))
13:00:19.653 [main] INFO  c.o.v.MutatingMatchOneMarketDataOrderVisitor - [ORDERBOOK] Can't match order:Limit(side=BUY,orderId=12,price=43,quantity=137216)(MktData(price=98,quantity=154))
13:00:19.653 [main] INFO  c.o.v.MutatingMatchOneMarketDataOrderVisitor - [ORDERBOOK] Can't match order:Limit(side=BUY,orderId=13,price=43,quantity=274432)(MktData(price=98,quantity=154))
13:00:19.653 [main] INFO  c.o.v.MutatingMatchOneMarketDataOrderVisitor - [ORDERBOOK] Can't match order:Limit(side=BUY,orderId=14,price=43,quantity=548864)(MktData(price=98,quantity=154))
13:00:19.653 [main] INFO  c.o.v.MutatingMatchOneMarketDataOrderVisitor - [ORDERBOOK] Can't match order:Limit(side=BUY,orderId=15,price=43,quantity=1097728)(MktData(price=98,quantity=154))
13:00:19.653 [main] INFO  c.o.v.MutatingMatchOneMarketDataOrderVisitor - [ORDERBOOK] Can't match order:Limit(side=BUY,orderId=16,price=43,quantity=2195456)(MktData(price=98,quantity=154))
13:00:19.653 [main] INFO  c.o.v.MutatingMatchOneMarketDataOrderVisitor - [ORDERBOOK] Can't match order:MktData(price=43,quantity=134)(MktData(price=98,quantity=154))
13:00:19.653 [main] INFO  c.o.v.MutatingRemoveAllMarketDataOrdersVisitor - [ORDERBOOK] Removing market data order:MktData(price=98,quantity=501)
13:00:19.653 [main] INFO  c.o.v.MutatingRemoveAllMarketDataOrdersVisitor - [ORDERBOOK] Removing market data order:MktData(price=110,quantity=5000)
13:00:19.653 [main] INFO  c.o.v.MutatingRemoveAllMarketDataOrdersVisitor - [ORDERBOOK] Removing market data order:MktData(price=123,quantity=453)
13:00:19.653 [main] INFO  c.o.v.MutatingRemoveAllMarketDataOrdersVisitor - [ORDERBOOK] Removing market data order:MktData(price=167,quantity=665)
13:00:19.653 [main] DEBUG c.orderbook.OrderBook - [ORDERBOOK] ASK: Adding orderMktData(price=98,quantity=501)
13:00:19.653 [main] INFO  c.o.visitor.MutatingAddOrderVisitor - [ORDERBOOK] + Limit(side=SELL,orderId=17,price=98,quantity=501)
13:00:19.653 [main] DEBUG c.orderbook.OrderBook - [ORDERBOOK] ASK: Adding orderMktData(price=101,quantity=200)
13:00:19.653 [main] DEBUG c.orderbook.OrderBook - [ORDERBOOK] ASK: Adding orderMktData(price=110,quantity=5000)
13:00:19.653 [main] DEBUG c.orderbook.OrderBook - [ORDERBOOK] ASK: Adding orderMktData(price=119,quantity=5600)
13:00:19.653 [main] DEBUG c.orderbook.OrderBook - [ORDERBOOK] ASK: Adding orderMktData(price=123,quantity=453)
13:00:19.653 [main] DEBUG c.orderbook.OrderBook - [ORDERBOOK] ASK: Adding orderMktData(price=144,quantity=645)
13:00:19.653 [main] DEBUG c.orderbook.OrderBook - [ORDERBOOK] ASK: Adding orderMktData(price=167,quantity=665)
13:00:19.653 [main] DEBUG c.service.MarketDataService - [ALGO] BID: price:43 quantity:134
13:00:19.653 [main] DEBUG c.service.MarketDataService - [ALGO] BID: price:76 quantity:145
13:00:19.653 [main] DEBUG c.service.MarketDataService - [ALGO] BID: price:91 quantity:300
13:00:19.653 [main] DEBUG c.service.MarketDataService - [ALGO] BID: price:93 quantity:200
13:00:19.653 [main] DEBUG c.service.MarketDataService - [ALGO] BID: price:95 quantity:100
13:00:19.653 [main] DEBUG c.service.MarketDataService - [ALGO] BID: price:98 quantity:154
13:00:19.653 [main] DEBUG c.service.MarketDataService - [ALGO] ASK: price:98 quantity:501
13:00:19.653 [main] DEBUG c.service.MarketDataService - [ALGO] ASK: price:101 quantity:200
13:00:19.653 [main] DEBUG c.service.MarketDataService - [ALGO] ASK: price:110 quantity:5000
13:00:19.653 [main] DEBUG c.service.MarketDataService - [ALGO] ASK: price:119 quantity:5600
13:00:19.653 [main] DEBUG c.service.MarketDataService - [ALGO] ASK: price:123 quantity:453
13:00:19.653 [main] DEBUG c.service.MarketDataService - [ALGO] ASK: price:144 quantity:645
13:00:19.653 [main] DEBUG c.service.MarketDataService - [ALGO] ASK: price:167 quantity:665
13:00:19.653 [main] INFO  c.gettingstarted.MyAlgoLogic - [MYALGO] The state of the order book is:
|----BID-----||----ASK----|
    134 @ 43    501 @ 98
    145 @ 76   200 @ 101
    300 @ 91  5000 @ 110
    200 @ 93  5600 @ 119
    100 @ 95   453 @ 123
    154 @ 98   645 @ 144
          -    665 @ 167
|------------||-----------|

13:00:19.653 [main] INFO  c.gettingstarted.MyAlgoLogic - [MYALGO] Algo Sees Book as: 
|----BID-----||----ASK----|
    134 @ 43    501 @ 98
    145 @ 76   200 @ 101
    300 @ 91  5000 @ 110
    200 @ 93  5600 @ 119
    100 @ 95   453 @ 123
    154 @ 98   645 @ 144
          -    665 @ 167
|------------||-----------|

13:00:19.653 [main] INFO  c.gettingstarted.TimedLogic - [TIMEDLOGIC] Market is open
13:00:19.653 [main] INFO  c.sequencer.consumer.LoggingConsumer - [267] 
|----BID-----|
    134 @ 43
    145 @ 76
    300 @ 91
    200 @ 93
    100 @ 95
    154 @ 98
|----ASK-----|
    501 @ 98
   200 @ 101
  5000 @ 110
  5600 @ 119
   453 @ 123
   645 @ 144
   665 @ 167

13:00:19.653 [main] INFO  c.orderbook.OrderBook - [ORDERBOOK] Processing Mkt Data Update
13:00:19.653 [main] INFO  c.o.v.MutatingRemoveAllMarketDataOrdersVisitor - [ORDERBOOK] Removing market data order:MktData(price=43,quantity=134)
13:00:19.653 [main] DEBUG c.orderbook.OrderBook - [ORDERBOOK] ASK: Adding orderMktData(price=43,quantity=134)
13:00:19.653 [main] INFO  c.o.visitor.MutatingAddOrderVisitor - [ORDERBOOK] + Limit(side=BUY,orderId=16,price=43,quantity=2195456)
13:00:19.653 [main] DEBUG c.orderbook.OrderBook - [ORDERBOOK] ASK: Adding orderMktData(price=76,quantity=145)
13:00:19.653 [main] DEBUG c.orderbook.OrderBook - [ORDERBOOK] ASK: Adding orderMktData(price=91,quantity=300)
13:00:19.653 [main] DEBUG c.orderbook.OrderBook - [ORDERBOOK] ASK: Adding orderMktData(price=93,quantity=200)
13:00:19.653 [main] DEBUG c.orderbook.OrderBook - [ORDERBOOK] ASK: Adding orderMktData(price=95,quantity=100)
13:00:19.653 [main] DEBUG c.orderbook.OrderBook - [ORDERBOOK] ASK: Adding orderMktData(price=98,quantity=154)
13:00:19.653 [main] INFO  c.o.v.MutatingMatchOneMarketDataOrderVisitor - [ORDERBOOK] visiting LevelOrderBookLevel(price=43,quantity=4282506)
13:00:19.653 [main] INFO  c.o.v.MutatingMatchOneMarketDataOrderVisitor - [ORDERBOOK] Can't match order:Limit(side=BUY,orderId=3,price=43,quantity=268)(MktData(price=98,quantity=154))
13:00:19.653 [main] INFO  c.o.v.MutatingMatchOneMarketDataOrderVisitor - [ORDERBOOK] Can't match order:Limit(side=BUY,orderId=5,price=43,quantity=1072)(MktData(price=98,quantity=154))
13:00:19.653 [main] INFO  c.o.v.MutatingMatchOneMarketDataOrderVisitor - [ORDERBOOK] Can't match order:Limit(side=BUY,orderId=7,price=43,quantity=4288)(MktData(price=98,quantity=154))
13:00:19.653 [main] INFO  c.o.v.MutatingMatchOneMarketDataOrderVisitor - [ORDERBOOK] Can't match order:Limit(side=BUY,orderId=9,price=43,quantity=17152)(MktData(price=98,quantity=154))
13:00:19.653 [main] INFO  c.o.v.MutatingMatchOneMarketDataOrderVisitor - [ORDERBOOK] Can't match order:Limit(side=BUY,orderId=11,price=43,quantity=68608)(MktData(price=98,quantity=154))
13:00:19.653 [main] INFO  c.o.v.MutatingMatchOneMarketDataOrderVisitor - [ORDERBOOK] Can't match order:Limit(side=BUY,orderId=12,price=43,quantity=137216)(MktData(price=98,quantity=154))
13:00:19.653 [main] INFO  c.o.v.MutatingMatchOneMarketDataOrderVisitor - [ORDERBOOK] Can't match order:Limit(side=BUY,orderId=13,price=43,quantity=274432)(MktData(price=98,quantity=154))
13:00:19.653 [main] INFO  c.o.v.MutatingMatchOneMarketDataOrderVisitor - [ORDERBOOK] Can't match order:Limit(side=BUY,orderId=14,price=43,quantity=548864)(MktData(price=98,quantity=154))
13:00:19.653 [main] INFO  c.o.v.MutatingMatchOneMarketDataOrderVisitor - [ORDERBOOK] Can't match order:Limit(side=BUY,orderId=15,price=43,quantity=1097728)(MktData(price=98,quantity=154))
13:00:19.653 [main] INFO  c.o.v.MutatingMatchOneMarketDataOrderVisitor - [ORDERBOOK] Can't match order:Limit(side=BUY,orderId=16,price=43,quantity=2195456)(MktData(price=98,quantity=154))
13:00:19.653 [main] INFO  c.o.v.MutatingMatchOneMarketDataOrderVisitor - [ORDERBOOK] Can't match order:MktData(price=43,quantity=134)(MktData(price=98,quantity=154))
13:00:19.653 [main] INFO  c.o.v.MutatingRemoveAllMarketDataOrdersVisitor - [ORDERBOOK] Removing market data order:MktData(price=98,quantity=501)
13:00:19.653 [main] INFO  c.o.v.MutatingRemoveAllMarketDataOrdersVisitor - [ORDERBOOK] Removing market data order:MktData(price=110,quantity=5000)
13:00:19.653 [main] INFO  c.o.v.MutatingRemoveAllMarketDataOrdersVisitor - [ORDERBOOK] Removing market data order:MktData(price=123,quantity=453)
13:00:19.653 [main] INFO  c.o.v.MutatingRemoveAllMarketDataOrdersVisitor - [ORDERBOOK] Removing market data order:MktData(price=167,quantity=665)
13:00:19.653 [main] DEBUG c.orderbook.OrderBook - [ORDERBOOK] ASK: Adding orderMktData(price=98,quantity=501)
13:00:19.653 [main] INFO  c.o.visitor.MutatingAddOrderVisitor - [ORDERBOOK] + Limit(side=SELL,orderId=17,price=98,quantity=501)
13:00:19.653 [main] DEBUG c.orderbook.OrderBook - [ORDERBOOK] ASK: Adding orderMktData(price=101,quantity=200)
13:00:19.653 [main] DEBUG c.orderbook.OrderBook - [ORDERBOOK] ASK: Adding orderMktData(price=110,quantity=5000)
13:00:19.653 [main] DEBUG c.orderbook.OrderBook - [ORDERBOOK] ASK: Adding orderMktData(price=119,quantity=5600)
13:00:19.653 [main] DEBUG c.orderbook.OrderBook - [ORDERBOOK] ASK: Adding orderMktData(price=123,quantity=453)
13:00:19.653 [main] DEBUG c.orderbook.OrderBook - [ORDERBOOK] ASK: Adding orderMktData(price=144,quantity=645)
13:00:19.653 [main] DEBUG c.orderbook.OrderBook - [ORDERBOOK] ASK: Adding orderMktData(price=167,quantity=665)
13:00:19.653 [main] DEBUG c.service.MarketDataService - [ALGO] BID: price:43 quantity:134
13:00:19.653 [main] DEBUG c.service.MarketDataService - [ALGO] BID: price:76 quantity:145
13:00:19.653 [main] DEBUG c.service.MarketDataService - [ALGO] BID: price:91 quantity:300
13:00:19.653 [main] DEBUG c.service.MarketDataService - [ALGO] BID: price:93 quantity:200
13:00:19.653 [main] DEBUG c.service.MarketDataService - [ALGO] BID: price:95 quantity:100
13:00:19.653 [main] DEBUG c.service.MarketDataService - [ALGO] BID: price:98 quantity:154
13:00:19.653 [main] DEBUG c.service.MarketDataService - [ALGO] ASK: price:98 quantity:501
13:00:19.653 [main] DEBUG c.service.MarketDataService - [ALGO] ASK: price:101 quantity:200
13:00:19.653 [main] DEBUG c.service.MarketDataService - [ALGO] ASK: price:110 quantity:5000
13:00:19.653 [main] DEBUG c.service.MarketDataService - [ALGO] ASK: price:119 quantity:5600
13:00:19.653 [main] DEBUG c.service.MarketDataService - [ALGO] ASK: price:123 quantity:453
13:00:19.653 [main] DEBUG c.service.MarketDataService - [ALGO] ASK: price:144 quantity:645
13:00:19.653 [main] DEBUG c.service.MarketDataService - [ALGO] ASK: price:167 quantity:665
13:00:19.653 [main] INFO  c.gettingstarted.MyAlgoLogic - [MYALGO] The state of the order book is:
|----BID-----||----ASK----|
    134 @ 43    501 @ 98
    145 @ 76   200 @ 101
    300 @ 91  5000 @ 110
    200 @ 93  5600 @ 119
    100 @ 95   453 @ 123
    154 @ 98   645 @ 144
          -    665 @ 167
|------------||-----------|

13:00:19.653 [main] INFO  c.gettingstarted.MyAlgoLogic - [MYALGO] Algo Sees Book as: 
|----BID-----||----ASK----|
    134 @ 43    501 @ 98
    145 @ 76   200 @ 101
    300 @ 91  5000 @ 110
    200 @ 93  5600 @ 119
    100 @ 95   453 @ 123
    154 @ 98   645 @ 144
          -    665 @ 167
|------------||-----------|

13:00:19.653 [main] INFO  c.gettingstarted.TimedLogic - [TIMEDLOGIC] Market is open
13:00:19.653 [main] INFO  c.sequencer.consumer.LoggingConsumer - [268] 
|----BID-----|
    134 @ 43
    145 @ 76
    300 @ 91
    200 @ 93
    100 @ 95
    154 @ 98
|----ASK-----|
    501 @ 98
   200 @ 101
  5000 @ 110
  5600 @ 119
   453 @ 123
   645 @ 144
   665 @ 167

13:00:19.653 [main] INFO  c.orderbook.OrderBook - [ORDERBOOK] Processing Mkt Data Update
13:00:19.653 [main] INFO  c.o.v.MutatingRemoveAllMarketDataOrdersVisitor - [ORDERBOOK] Removing market data order:MktData(price=43,quantity=134)
13:00:19.653 [main] DEBUG c.orderbook.OrderBook - [ORDERBOOK] ASK: Adding orderMktData(price=43,quantity=134)
13:00:19.653 [main] INFO  c.o.visitor.MutatingAddOrderVisitor - [ORDERBOOK] + Limit(side=BUY,orderId=16,price=43,quantity=2195456)
13:00:19.653 [main] DEBUG c.orderbook.OrderBook - [ORDERBOOK] ASK: Adding orderMktData(price=76,quantity=145)
13:00:19.653 [main] DEBUG c.orderbook.OrderBook - [ORDERBOOK] ASK: Adding orderMktData(price=91,quantity=300)
13:00:19.653 [main] DEBUG c.orderbook.OrderBook - [ORDERBOOK] ASK: Adding orderMktData(price=93,quantity=200)
13:00:19.653 [main] DEBUG c.orderbook.OrderBook - [ORDERBOOK] ASK: Adding orderMktData(price=95,quantity=100)
13:00:19.653 [main] DEBUG c.orderbook.OrderBook - [ORDERBOOK] ASK: Adding orderMktData(price=98,quantity=154)
13:00:19.653 [main] INFO  c.o.v.MutatingMatchOneMarketDataOrderVisitor - [ORDERBOOK] visiting LevelOrderBookLevel(price=43,quantity=4282640)
13:00:19.653 [main] INFO  c.o.v.MutatingMatchOneMarketDataOrderVisitor - [ORDERBOOK] Can't match order:Limit(side=BUY,orderId=3,price=43,quantity=268)(MktData(price=98,quantity=154))
13:00:19.653 [main] INFO  c.o.v.MutatingMatchOneMarketDataOrderVisitor - [ORDERBOOK] Can't match order:Limit(side=BUY,orderId=5,price=43,quantity=1072)(MktData(price=98,quantity=154))
13:00:19.653 [main] INFO  c.o.v.MutatingMatchOneMarketDataOrderVisitor - [ORDERBOOK] Can't match order:Limit(side=BUY,orderId=7,price=43,quantity=4288)(MktData(price=98,quantity=154))
13:00:19.653 [main] INFO  c.o.v.MutatingMatchOneMarketDataOrderVisitor - [ORDERBOOK] Can't match order:Limit(side=BUY,orderId=9,price=43,quantity=17152)(MktData(price=98,quantity=154))
13:00:19.653 [main] INFO  c.o.v.MutatingMatchOneMarketDataOrderVisitor - [ORDERBOOK] Can't match order:Limit(side=BUY,orderId=11,price=43,quantity=68608)(MktData(price=98,quantity=154))
13:00:19.653 [main] INFO  c.o.v.MutatingMatchOneMarketDataOrderVisitor - [ORDERBOOK] Can't match order:Limit(side=BUY,orderId=12,price=43,quantity=137216)(MktData(price=98,quantity=154))
13:00:19.653 [main] INFO  c.o.v.MutatingMatchOneMarketDataOrderVisitor - [ORDERBOOK] Can't match order:Limit(side=BUY,orderId=13,price=43,quantity=274432)(MktData(price=98,quantity=154))
13:00:19.653 [main] INFO  c.o.v.MutatingMatchOneMarketDataOrderVisitor - [ORDERBOOK] Can't match order:Limit(side=BUY,orderId=14,price=43,quantity=548864)(MktData(price=98,quantity=154))
13:00:19.653 [main] INFO  c.o.v.MutatingMatchOneMarketDataOrderVisitor - [ORDERBOOK] Can't match order:Limit(side=BUY,orderId=15,price=43,quantity=1097728)(MktData(price=98,quantity=154))
13:00:19.653 [main] INFO  c.o.v.MutatingMatchOneMarketDataOrderVisitor - [ORDERBOOK] Can't match order:Limit(side=BUY,orderId=16,price=43,quantity=2195456)(MktData(price=98,quantity=154))
13:00:19.653 [main] INFO  c.o.v.MutatingMatchOneMarketDataOrderVisitor - [ORDERBOOK] Can't match order:MktData(price=43,quantity=134)(MktData(price=98,quantity=154))
13:00:19.653 [main] INFO  c.o.v.MutatingRemoveAllMarketDataOrdersVisitor - [ORDERBOOK] Removing market data order:MktData(price=98,quantity=501)
13:00:19.653 [main] INFO  c.o.v.MutatingRemoveAllMarketDataOrdersVisitor - [ORDERBOOK] Removing market data order:MktData(price=110,quantity=5000)
13:00:19.653 [main] INFO  c.o.v.MutatingRemoveAllMarketDataOrdersVisitor - [ORDERBOOK] Removing market data order:MktData(price=123,quantity=453)
13:00:19.653 [main] INFO  c.o.v.MutatingRemoveAllMarketDataOrdersVisitor - [ORDERBOOK] Removing market data order:MktData(price=167,quantity=665)
13:00:19.653 [main] DEBUG c.orderbook.OrderBook - [ORDERBOOK] ASK: Adding orderMktData(price=98,quantity=501)
13:00:19.653 [main] INFO  c.o.visitor.MutatingAddOrderVisitor - [ORDERBOOK] + Limit(side=SELL,orderId=17,price=98,quantity=501)
13:00:19.653 [main] DEBUG c.orderbook.OrderBook - [ORDERBOOK] ASK: Adding orderMktData(price=101,quantity=200)
13:00:19.653 [main] DEBUG c.orderbook.OrderBook - [ORDERBOOK] ASK: Adding orderMktData(price=110,quantity=5000)
13:00:19.653 [main] DEBUG c.orderbook.OrderBook - [ORDERBOOK] ASK: Adding orderMktData(price=119,quantity=5600)
13:00:19.653 [main] DEBUG c.orderbook.OrderBook - [ORDERBOOK] ASK: Adding orderMktData(price=123,quantity=453)
13:00:19.653 [main] DEBUG c.orderbook.OrderBook - [ORDERBOOK] ASK: Adding orderMktData(price=144,quantity=645)
13:00:19.653 [main] DEBUG c.orderbook.OrderBook - [ORDERBOOK] ASK: Adding orderMktData(price=167,quantity=665)
13:00:19.653 [main] DEBUG c.service.MarketDataService - [ALGO] BID: price:43 quantity:134
13:00:19.653 [main] DEBUG c.service.MarketDataService - [ALGO] BID: price:76 quantity:145
13:00:19.653 [main] DEBUG c.service.MarketDataService - [ALGO] BID: price:91 quantity:300
13:00:19.653 [main] DEBUG c.service.MarketDataService - [ALGO] BID: price:93 quantity:200
13:00:19.653 [main] DEBUG c.service.MarketDataService - [ALGO] BID: price:95 quantity:100
13:00:19.653 [main] DEBUG c.service.MarketDataService - [ALGO] BID: price:98 quantity:154
13:00:19.653 [main] DEBUG c.service.MarketDataService - [ALGO] ASK: price:98 quantity:501
13:00:19.653 [main] DEBUG c.service.MarketDataService - [ALGO] ASK: price:101 quantity:200
13:00:19.653 [main] DEBUG c.service.MarketDataService - [ALGO] ASK: price:110 quantity:5000
13:00:19.653 [main] DEBUG c.service.MarketDataService - [ALGO] ASK: price:119 quantity:5600
13:00:19.653 [main] DEBUG c.service.MarketDataService - [ALGO] ASK: price:123 quantity:453
13:00:19.653 [main] DEBUG c.service.MarketDataService - [ALGO] ASK: price:144 quantity:645
13:00:19.653 [main] DEBUG c.service.MarketDataService - [ALGO] ASK: price:167 quantity:665
13:00:19.653 [main] INFO  c.gettingstarted.MyAlgoLogic - [MYALGO] The state of the order book is:
|----BID-----||----ASK----|
    134 @ 43    501 @ 98
    145 @ 76   200 @ 101
    300 @ 91  5000 @ 110
    200 @ 93  5600 @ 119
    100 @ 95   453 @ 123
    154 @ 98   645 @ 144
          -    665 @ 167
|------------||-----------|

13:00:19.653 [main] INFO  c.gettingstarted.MyAlgoLogic - [MYALGO] Algo Sees Book as: 
|----BID-----||----ASK----|
    134 @ 43    501 @ 98
    145 @ 76   200 @ 101
    300 @ 91  5000 @ 110
    200 @ 93  5600 @ 119
    100 @ 95   453 @ 123
    154 @ 98   645 @ 144
          -    665 @ 167
|------------||-----------|

13:00:19.653 [main] INFO  c.gettingstarted.TimedLogic - [TIMEDLOGIC] Market is open
13:00:19.653 [main] INFO  c.sequencer.consumer.LoggingConsumer - [269] 
|----BID-----|
    134 @ 43
    145 @ 76
    300 @ 91
    200 @ 93
    100 @ 95
    154 @ 98
|----ASK-----|
    501 @ 98
   200 @ 101
  5000 @ 110
  5600 @ 119
   453 @ 123
   645 @ 144
   665 @ 167

13:00:19.653 [main] INFO  c.orderbook.OrderBook - [ORDERBOOK] Processing Mkt Data Update
13:00:19.653 [main] INFO  c.o.v.MutatingRemoveAllMarketDataOrdersVisitor - [ORDERBOOK] Removing market data order:MktData(price=43,quantity=134)
13:00:19.653 [main] DEBUG c.orderbook.OrderBook - [ORDERBOOK] ASK: Adding orderMktData(price=43,quantity=134)
13:00:19.653 [main] INFO  c.o.visitor.MutatingAddOrderVisitor - [ORDERBOOK] + Limit(side=BUY,orderId=16,price=43,quantity=2195456)
13:00:19.653 [main] DEBUG c.orderbook.OrderBook - [ORDERBOOK] ASK: Adding orderMktData(price=76,quantity=145)
13:00:19.653 [main] DEBUG c.orderbook.OrderBook - [ORDERBOOK] ASK: Adding orderMktData(price=91,quantity=300)
13:00:19.653 [main] DEBUG c.orderbook.OrderBook - [ORDERBOOK] ASK: Adding orderMktData(price=93,quantity=200)
13:00:19.653 [main] DEBUG c.orderbook.OrderBook - [ORDERBOOK] ASK: Adding orderMktData(price=95,quantity=100)
13:00:19.653 [main] DEBUG c.orderbook.OrderBook - [ORDERBOOK] ASK: Adding orderMktData(price=98,quantity=154)
13:00:19.653 [main] INFO  c.o.v.MutatingMatchOneMarketDataOrderVisitor - [ORDERBOOK] visiting LevelOrderBookLevel(price=43,quantity=4282774)
13:00:19.653 [main] INFO  c.o.v.MutatingMatchOneMarketDataOrderVisitor - [ORDERBOOK] Can't match order:Limit(side=BUY,orderId=3,price=43,quantity=268)(MktData(price=98,quantity=154))
13:00:19.653 [main] INFO  c.o.v.MutatingMatchOneMarketDataOrderVisitor - [ORDERBOOK] Can't match order:Limit(side=BUY,orderId=5,price=43,quantity=1072)(MktData(price=98,quantity=154))
13:00:19.653 [main] INFO  c.o.v.MutatingMatchOneMarketDataOrderVisitor - [ORDERBOOK] Can't match order:Limit(side=BUY,orderId=7,price=43,quantity=4288)(MktData(price=98,quantity=154))
13:00:19.653 [main] INFO  c.o.v.MutatingMatchOneMarketDataOrderVisitor - [ORDERBOOK] Can't match order:Limit(side=BUY,orderId=9,price=43,quantity=17152)(MktData(price=98,quantity=154))
13:00:19.653 [main] INFO  c.o.v.MutatingMatchOneMarketDataOrderVisitor - [ORDERBOOK] Can't match order:Limit(side=BUY,orderId=11,price=43,quantity=68608)(MktData(price=98,quantity=154))
13:00:19.653 [main] INFO  c.o.v.MutatingMatchOneMarketDataOrderVisitor - [ORDERBOOK] Can't match order:Limit(side=BUY,orderId=12,price=43,quantity=137216)(MktData(price=98,quantity=154))
13:00:19.653 [main] INFO  c.o.v.MutatingMatchOneMarketDataOrderVisitor - [ORDERBOOK] Can't match order:Limit(side=BUY,orderId=13,price=43,quantity=274432)(MktData(price=98,quantity=154))
13:00:19.653 [main] INFO  c.o.v.MutatingMatchOneMarketDataOrderVisitor - [ORDERBOOK] Can't match order:Limit(side=BUY,orderId=14,price=43,quantity=548864)(MktData(price=98,quantity=154))
13:00:19.653 [main] INFO  c.o.v.MutatingMatchOneMarketDataOrderVisitor - [ORDERBOOK] Can't match order:Limit(side=BUY,orderId=15,price=43,quantity=1097728)(MktData(price=98,quantity=154))
13:00:19.653 [main] INFO  c.o.v.MutatingMatchOneMarketDataOrderVisitor - [ORDERBOOK] Can't match order:Limit(side=BUY,orderId=16,price=43,quantity=2195456)(MktData(price=98,quantity=154))
13:00:19.653 [main] INFO  c.o.v.MutatingMatchOneMarketDataOrderVisitor - [ORDERBOOK] Can't match order:MktData(price=43,quantity=134)(MktData(price=98,quantity=154))
13:00:19.653 [main] INFO  c.o.v.MutatingRemoveAllMarketDataOrdersVisitor - [ORDERBOOK] Removing market data order:MktData(price=98,quantity=501)
13:00:19.653 [main] INFO  c.o.v.MutatingRemoveAllMarketDataOrdersVisitor - [ORDERBOOK] Removing market data order:MktData(price=110,quantity=5000)
13:00:19.653 [main] INFO  c.o.v.MutatingRemoveAllMarketDataOrdersVisitor - [ORDERBOOK] Removing market data order:MktData(price=123,quantity=453)
13:00:19.653 [main] INFO  c.o.v.MutatingRemoveAllMarketDataOrdersVisitor - [ORDERBOOK] Removing market data order:MktData(price=167,quantity=665)
13:00:19.653 [main] DEBUG c.orderbook.OrderBook - [ORDERBOOK] ASK: Adding orderMktData(price=98,quantity=501)
13:00:19.653 [main] INFO  c.o.visitor.MutatingAddOrderVisitor - [ORDERBOOK] + Limit(side=SELL,orderId=17,price=98,quantity=501)
13:00:19.653 [main] DEBUG c.orderbook.OrderBook - [ORDERBOOK] ASK: Adding orderMktData(price=101,quantity=200)
13:00:19.653 [main] DEBUG c.orderbook.OrderBook - [ORDERBOOK] ASK: Adding orderMktData(price=110,quantity=5000)
13:00:19.653 [main] DEBUG c.orderbook.OrderBook - [ORDERBOOK] ASK: Adding orderMktData(price=119,quantity=5600)
13:00:19.653 [main] DEBUG c.orderbook.OrderBook - [ORDERBOOK] ASK: Adding orderMktData(price=123,quantity=453)
13:00:19.653 [main] DEBUG c.orderbook.OrderBook - [ORDERBOOK] ASK: Adding orderMktData(price=144,quantity=645)
13:00:19.653 [main] DEBUG c.orderbook.OrderBook - [ORDERBOOK] ASK: Adding orderMktData(price=167,quantity=665)
13:00:19.653 [main] DEBUG c.service.MarketDataService - [ALGO] BID: price:43 quantity:134
13:00:19.653 [main] DEBUG c.service.MarketDataService - [ALGO] BID: price:76 quantity:145
13:00:19.653 [main] DEBUG c.service.MarketDataService - [ALGO] BID: price:91 quantity:300
13:00:19.653 [main] DEBUG c.service.MarketDataService - [ALGO] BID: price:93 quantity:200
13:00:19.653 [main] DEBUG c.service.MarketDataService - [ALGO] BID: price:95 quantity:100
13:00:19.653 [main] DEBUG c.service.MarketDataService - [ALGO] BID: price:98 quantity:154
13:00:19.653 [main] DEBUG c.service.MarketDataService - [ALGO] ASK: price:98 quantity:501
13:00:19.653 [main] DEBUG c.service.MarketDataService - [ALGO] ASK: price:101 quantity:200
13:00:19.653 [main] DEBUG c.service.MarketDataService - [ALGO] ASK: price:110 quantity:5000
13:00:19.653 [main] DEBUG c.service.MarketDataService - [ALGO] ASK: price:119 quantity:5600
13:00:19.653 [main] DEBUG c.service.MarketDataService - [ALGO] ASK: price:123 quantity:453
13:00:19.653 [main] DEBUG c.service.MarketDataService - [ALGO] ASK: price:144 quantity:645
13:00:19.653 [main] DEBUG c.service.MarketDataService - [ALGO] ASK: price:167 quantity:665
13:00:19.653 [main] INFO  c.gettingstarted.MyAlgoLogic - [MYALGO] The state of the order book is:
|----BID-----||----ASK----|
    134 @ 43    501 @ 98
    145 @ 76   200 @ 101
    300 @ 91  5000 @ 110
    200 @ 93  5600 @ 119
    100 @ 95   453 @ 123
    154 @ 98   645 @ 144
          -    665 @ 167
|------------||-----------|

13:00:19.653 [main] INFO  c.gettingstarted.MyAlgoLogic - [MYALGO] Algo Sees Book as: 
|----BID-----||----ASK----|
    134 @ 43    501 @ 98
    145 @ 76   200 @ 101
    300 @ 91  5000 @ 110
    200 @ 93  5600 @ 119
    100 @ 95   453 @ 123
    154 @ 98   645 @ 144
          -    665 @ 167
|------------||-----------|

13:00:19.653 [main] INFO  c.gettingstarted.TimedLogic - [TIMEDLOGIC] Market is open
13:00:19.653 [main] INFO  c.sequencer.consumer.LoggingConsumer - [270] 
|----BID-----|
    134 @ 43
    145 @ 76
    300 @ 91
    200 @ 93
    100 @ 95
    154 @ 98
|----ASK-----|
    501 @ 98
   200 @ 101
  5000 @ 110
  5600 @ 119
   453 @ 123
   645 @ 144
   665 @ 167

13:00:19.653 [main] INFO  c.orderbook.OrderBook - [ORDERBOOK] Processing Mkt Data Update
13:00:19.653 [main] INFO  c.o.v.MutatingRemoveAllMarketDataOrdersVisitor - [ORDERBOOK] Removing market data order:MktData(price=43,quantity=134)
13:00:19.653 [main] DEBUG c.orderbook.OrderBook - [ORDERBOOK] ASK: Adding orderMktData(price=43,quantity=134)
13:00:19.653 [main] INFO  c.o.visitor.MutatingAddOrderVisitor - [ORDERBOOK] + Limit(side=BUY,orderId=16,price=43,quantity=2195456)
13:00:19.653 [main] DEBUG c.orderbook.OrderBook - [ORDERBOOK] ASK: Adding orderMktData(price=76,quantity=145)
13:00:19.653 [main] DEBUG c.orderbook.OrderBook - [ORDERBOOK] ASK: Adding orderMktData(price=91,quantity=300)
13:00:19.653 [main] DEBUG c.orderbook.OrderBook - [ORDERBOOK] ASK: Adding orderMktData(price=93,quantity=200)
13:00:19.653 [main] DEBUG c.orderbook.OrderBook - [ORDERBOOK] ASK: Adding orderMktData(price=95,quantity=100)
13:00:19.653 [main] DEBUG c.orderbook.OrderBook - [ORDERBOOK] ASK: Adding orderMktData(price=98,quantity=154)
13:00:19.653 [main] INFO  c.o.v.MutatingMatchOneMarketDataOrderVisitor - [ORDERBOOK] visiting LevelOrderBookLevel(price=43,quantity=4282908)
13:00:19.653 [main] INFO  c.o.v.MutatingMatchOneMarketDataOrderVisitor - [ORDERBOOK] Can't match order:Limit(side=BUY,orderId=3,price=43,quantity=268)(MktData(price=98,quantity=154))
13:00:19.653 [main] INFO  c.o.v.MutatingMatchOneMarketDataOrderVisitor - [ORDERBOOK] Can't match order:Limit(side=BUY,orderId=5,price=43,quantity=1072)(MktData(price=98,quantity=154))
13:00:19.653 [main] INFO  c.o.v.MutatingMatchOneMarketDataOrderVisitor - [ORDERBOOK] Can't match order:Limit(side=BUY,orderId=7,price=43,quantity=4288)(MktData(price=98,quantity=154))
13:00:19.653 [main] INFO  c.o.v.MutatingMatchOneMarketDataOrderVisitor - [ORDERBOOK] Can't match order:Limit(side=BUY,orderId=9,price=43,quantity=17152)(MktData(price=98,quantity=154))
13:00:19.653 [main] INFO  c.o.v.MutatingMatchOneMarketDataOrderVisitor - [ORDERBOOK] Can't match order:Limit(side=BUY,orderId=11,price=43,quantity=68608)(MktData(price=98,quantity=154))
13:00:19.653 [main] INFO  c.o.v.MutatingMatchOneMarketDataOrderVisitor - [ORDERBOOK] Can't match order:Limit(side=BUY,orderId=12,price=43,quantity=137216)(MktData(price=98,quantity=154))
13:00:19.653 [main] INFO  c.o.v.MutatingMatchOneMarketDataOrderVisitor - [ORDERBOOK] Can't match order:Limit(side=BUY,orderId=13,price=43,quantity=274432)(MktData(price=98,quantity=154))
13:00:19.653 [main] INFO  c.o.v.MutatingMatchOneMarketDataOrderVisitor - [ORDERBOOK] Can't match order:Limit(side=BUY,orderId=14,price=43,quantity=548864)(MktData(price=98,quantity=154))
13:00:19.653 [main] INFO  c.o.v.MutatingMatchOneMarketDataOrderVisitor - [ORDERBOOK] Can't match order:Limit(side=BUY,orderId=15,price=43,quantity=1097728)(MktData(price=98,quantity=154))
13:00:19.653 [main] INFO  c.o.v.MutatingMatchOneMarketDataOrderVisitor - [ORDERBOOK] Can't match order:Limit(side=BUY,orderId=16,price=43,quantity=2195456)(MktData(price=98,quantity=154))
13:00:19.653 [main] INFO  c.o.v.MutatingMatchOneMarketDataOrderVisitor - [ORDERBOOK] Can't match order:MktData(price=43,quantity=134)(MktData(price=98,quantity=154))
13:00:19.653 [main] INFO  c.o.v.MutatingRemoveAllMarketDataOrdersVisitor - [ORDERBOOK] Removing market data order:MktData(price=98,quantity=501)
13:00:19.653 [main] INFO  c.o.v.MutatingRemoveAllMarketDataOrdersVisitor - [ORDERBOOK] Removing market data order:MktData(price=110,quantity=5000)
13:00:19.653 [main] INFO  c.o.v.MutatingRemoveAllMarketDataOrdersVisitor - [ORDERBOOK] Removing market data order:MktData(price=123,quantity=453)
13:00:19.653 [main] INFO  c.o.v.MutatingRemoveAllMarketDataOrdersVisitor - [ORDERBOOK] Removing market data order:MktData(price=167,quantity=665)
13:00:19.653 [main] DEBUG c.orderbook.OrderBook - [ORDERBOOK] ASK: Adding orderMktData(price=98,quantity=501)
13:00:19.653 [main] INFO  c.o.visitor.MutatingAddOrderVisitor - [ORDERBOOK] + Limit(side=SELL,orderId=17,price=98,quantity=501)
13:00:19.653 [main] DEBUG c.orderbook.OrderBook - [ORDERBOOK] ASK: Adding orderMktData(price=101,quantity=200)
13:00:19.653 [main] DEBUG c.orderbook.OrderBook - [ORDERBOOK] ASK: Adding orderMktData(price=110,quantity=5000)
13:00:19.653 [main] DEBUG c.orderbook.OrderBook - [ORDERBOOK] ASK: Adding orderMktData(price=119,quantity=5600)
13:00:19.653 [main] DEBUG c.orderbook.OrderBook - [ORDERBOOK] ASK: Adding orderMktData(price=123,quantity=453)
13:00:19.653 [main] DEBUG c.orderbook.OrderBook - [ORDERBOOK] ASK: Adding orderMktData(price=144,quantity=645)
13:00:19.653 [main] DEBUG c.orderbook.OrderBook - [ORDERBOOK] ASK: Adding orderMktData(price=167,quantity=665)
13:00:19.653 [main] DEBUG c.service.MarketDataService - [ALGO] BID: price:43 quantity:134
13:00:19.653 [main] DEBUG c.service.MarketDataService - [ALGO] BID: price:76 quantity:145
13:00:19.653 [main] DEBUG c.service.MarketDataService - [ALGO] BID: price:91 quantity:300
13:00:19.653 [main] DEBUG c.service.MarketDataService - [ALGO] BID: price:93 quantity:200
13:00:19.653 [main] DEBUG c.service.MarketDataService - [ALGO] BID: price:95 quantity:100
13:00:19.653 [main] DEBUG c.service.MarketDataService - [ALGO] BID: price:98 quantity:154
13:00:19.653 [main] DEBUG c.service.MarketDataService - [ALGO] ASK: price:98 quantity:501
13:00:19.653 [main] DEBUG c.service.MarketDataService - [ALGO] ASK: price:101 quantity:200
13:00:19.653 [main] DEBUG c.service.MarketDataService - [ALGO] ASK: price:110 quantity:5000
13:00:19.653 [main] DEBUG c.service.MarketDataService - [ALGO] ASK: price:119 quantity:5600
13:00:19.653 [main] DEBUG c.service.MarketDataService - [ALGO] ASK: price:123 quantity:453
13:00:19.653 [main] DEBUG c.service.MarketDataService - [ALGO] ASK: price:144 quantity:645
13:00:19.653 [main] DEBUG c.service.MarketDataService - [ALGO] ASK: price:167 quantity:665
13:00:19.653 [main] INFO  c.gettingstarted.MyAlgoLogic - [MYALGO] The state of the order book is:
|----BID-----||----ASK----|
    134 @ 43    501 @ 98
    145 @ 76   200 @ 101
    300 @ 91  5000 @ 110
    200 @ 93  5600 @ 119
    100 @ 95   453 @ 123
    154 @ 98   645 @ 144
          -    665 @ 167
|------------||-----------|

13:00:19.653 [main] INFO  c.gettingstarted.MyAlgoLogic - [MYALGO] Algo Sees Book as: 
|----BID-----||----ASK----|
    134 @ 43    501 @ 98
    145 @ 76   200 @ 101
    300 @ 91  5000 @ 110
    200 @ 93  5600 @ 119
    100 @ 95   453 @ 123
    154 @ 98   645 @ 144
          -    665 @ 167
|------------||-----------|

13:00:19.653 [main] INFO  c.gettingstarted.TimedLogic - [TIMEDLOGIC] Market is open
13:00:19.653 [main] INFO  c.sequencer.consumer.LoggingConsumer - [271] 
|----BID-----|
    134 @ 43
    145 @ 76
    300 @ 91
    200 @ 93
    100 @ 95
    154 @ 98
|----ASK-----|
    501 @ 98
   200 @ 101
  5000 @ 110
  5600 @ 119
   453 @ 123
   645 @ 144
   665 @ 167

13:00:19.653 [main] INFO  c.orderbook.OrderBook - [ORDERBOOK] Processing Mkt Data Update
13:00:19.653 [main] INFO  c.o.v.MutatingRemoveAllMarketDataOrdersVisitor - [ORDERBOOK] Removing market data order:MktData(price=43,quantity=134)
13:00:19.653 [main] DEBUG c.orderbook.OrderBook - [ORDERBOOK] ASK: Adding orderMktData(price=43,quantity=134)
13:00:19.653 [main] INFO  c.o.visitor.MutatingAddOrderVisitor - [ORDERBOOK] + Limit(side=BUY,orderId=16,price=43,quantity=2195456)
13:00:19.653 [main] DEBUG c.orderbook.OrderBook - [ORDERBOOK] ASK: Adding orderMktData(price=76,quantity=145)
13:00:19.653 [main] DEBUG c.orderbook.OrderBook - [ORDERBOOK] ASK: Adding orderMktData(price=91,quantity=300)
13:00:19.653 [main] DEBUG c.orderbook.OrderBook - [ORDERBOOK] ASK: Adding orderMktData(price=93,quantity=200)
13:00:19.653 [main] DEBUG c.orderbook.OrderBook - [ORDERBOOK] ASK: Adding orderMktData(price=95,quantity=100)
13:00:19.653 [main] DEBUG c.orderbook.OrderBook - [ORDERBOOK] ASK: Adding orderMktData(price=98,quantity=154)
13:00:19.653 [main] INFO  c.o.v.MutatingMatchOneMarketDataOrderVisitor - [ORDERBOOK] visiting LevelOrderBookLevel(price=43,quantity=4283042)
13:00:19.653 [main] INFO  c.o.v.MutatingMatchOneMarketDataOrderVisitor - [ORDERBOOK] Can't match order:Limit(side=BUY,orderId=3,price=43,quantity=268)(MktData(price=98,quantity=154))
13:00:19.653 [main] INFO  c.o.v.MutatingMatchOneMarketDataOrderVisitor - [ORDERBOOK] Can't match order:Limit(side=BUY,orderId=5,price=43,quantity=1072)(MktData(price=98,quantity=154))
13:00:19.653 [main] INFO  c.o.v.MutatingMatchOneMarketDataOrderVisitor - [ORDERBOOK] Can't match order:Limit(side=BUY,orderId=7,price=43,quantity=4288)(MktData(price=98,quantity=154))
13:00:19.653 [main] INFO  c.o.v.MutatingMatchOneMarketDataOrderVisitor - [ORDERBOOK] Can't match order:Limit(side=BUY,orderId=9,price=43,quantity=17152)(MktData(price=98,quantity=154))
13:00:19.653 [main] INFO  c.o.v.MutatingMatchOneMarketDataOrderVisitor - [ORDERBOOK] Can't match order:Limit(side=BUY,orderId=11,price=43,quantity=68608)(MktData(price=98,quantity=154))
13:00:19.653 [main] INFO  c.o.v.MutatingMatchOneMarketDataOrderVisitor - [ORDERBOOK] Can't match order:Limit(side=BUY,orderId=12,price=43,quantity=137216)(MktData(price=98,quantity=154))
13:00:19.653 [main] INFO  c.o.v.MutatingMatchOneMarketDataOrderVisitor - [ORDERBOOK] Can't match order:Limit(side=BUY,orderId=13,price=43,quantity=274432)(MktData(price=98,quantity=154))
13:00:19.653 [main] INFO  c.o.v.MutatingMatchOneMarketDataOrderVisitor - [ORDERBOOK] Can't match order:Limit(side=BUY,orderId=14,price=43,quantity=548864)(MktData(price=98,quantity=154))
13:00:19.653 [main] INFO  c.o.v.MutatingMatchOneMarketDataOrderVisitor - [ORDERBOOK] Can't match order:Limit(side=BUY,orderId=15,price=43,quantity=1097728)(MktData(price=98,quantity=154))
13:00:19.653 [main] INFO  c.o.v.MutatingMatchOneMarketDataOrderVisitor - [ORDERBOOK] Can't match order:Limit(side=BUY,orderId=16,price=43,quantity=2195456)(MktData(price=98,quantity=154))
13:00:19.653 [main] INFO  c.o.v.MutatingMatchOneMarketDataOrderVisitor - [ORDERBOOK] Can't match order:MktData(price=43,quantity=134)(MktData(price=98,quantity=154))
13:00:19.653 [main] INFO  c.o.v.MutatingRemoveAllMarketDataOrdersVisitor - [ORDERBOOK] Removing market data order:MktData(price=98,quantity=501)
13:00:19.653 [main] INFO  c.o.v.MutatingRemoveAllMarketDataOrdersVisitor - [ORDERBOOK] Removing market data order:MktData(price=110,quantity=5000)
13:00:19.653 [main] INFO  c.o.v.MutatingRemoveAllMarketDataOrdersVisitor - [ORDERBOOK] Removing market data order:MktData(price=123,quantity=453)
13:00:19.653 [main] INFO  c.o.v.MutatingRemoveAllMarketDataOrdersVisitor - [ORDERBOOK] Removing market data order:MktData(price=167,quantity=665)
13:00:19.653 [main] DEBUG c.orderbook.OrderBook - [ORDERBOOK] ASK: Adding orderMktData(price=98,quantity=501)
13:00:19.653 [main] INFO  c.o.visitor.MutatingAddOrderVisitor - [ORDERBOOK] + Limit(side=SELL,orderId=17,price=98,quantity=501)
13:00:19.653 [main] DEBUG c.orderbook.OrderBook - [ORDERBOOK] ASK: Adding orderMktData(price=101,quantity=200)
13:00:19.653 [main] DEBUG c.orderbook.OrderBook - [ORDERBOOK] ASK: Adding orderMktData(price=110,quantity=5000)
13:00:19.653 [main] DEBUG c.orderbook.OrderBook - [ORDERBOOK] ASK: Adding orderMktData(price=119,quantity=5600)
13:00:19.653 [main] DEBUG c.orderbook.OrderBook - [ORDERBOOK] ASK: Adding orderMktData(price=123,quantity=453)
13:00:19.653 [main] DEBUG c.orderbook.OrderBook - [ORDERBOOK] ASK: Adding orderMktData(price=144,quantity=645)
13:00:19.653 [main] DEBUG c.orderbook.OrderBook - [ORDERBOOK] ASK: Adding orderMktData(price=167,quantity=665)
13:00:19.653 [main] DEBUG c.service.MarketDataService - [ALGO] BID: price:43 quantity:134
13:00:19.653 [main] DEBUG c.service.MarketDataService - [ALGO] BID: price:76 quantity:145
13:00:19.653 [main] DEBUG c.service.MarketDataService - [ALGO] BID: price:91 quantity:300
13:00:19.653 [main] DEBUG c.service.MarketDataService - [ALGO] BID: price:93 quantity:200
13:00:19.653 [main] DEBUG c.service.MarketDataService - [ALGO] BID: price:95 quantity:100
13:00:19.653 [main] DEBUG c.service.MarketDataService - [ALGO] BID: price:98 quantity:154
13:00:19.653 [main] DEBUG c.service.MarketDataService - [ALGO] ASK: price:98 quantity:501
13:00:19.653 [main] DEBUG c.service.MarketDataService - [ALGO] ASK: price:101 quantity:200
13:00:19.653 [main] DEBUG c.service.MarketDataService - [ALGO] ASK: price:110 quantity:5000
13:00:19.653 [main] DEBUG c.service.MarketDataService - [ALGO] ASK: price:119 quantity:5600
13:00:19.653 [main] DEBUG c.service.MarketDataService - [ALGO] ASK: price:123 quantity:453
13:00:19.653 [main] DEBUG c.service.MarketDataService - [ALGO] ASK: price:144 quantity:645
13:00:19.653 [main] DEBUG c.service.MarketDataService - [ALGO] ASK: price:167 quantity:665
13:00:19.653 [main] INFO  c.gettingstarted.MyAlgoLogic - [MYALGO] The state of the order book is:
|----BID-----||----ASK----|
    134 @ 43    501 @ 98
    145 @ 76   200 @ 101
    300 @ 91  5000 @ 110
    200 @ 93  5600 @ 119
    100 @ 95   453 @ 123
    154 @ 98   645 @ 144
          -    665 @ 167
|------------||-----------|

13:00:19.653 [main] INFO  c.gettingstarted.MyAlgoLogic - [MYALGO] Algo Sees Book as: 
|----BID-----||----ASK----|
    134 @ 43    501 @ 98
    145 @ 76   200 @ 101
    300 @ 91  5000 @ 110
    200 @ 93  5600 @ 119
    100 @ 95   453 @ 123
    154 @ 98   645 @ 144
          -    665 @ 167
|------------||-----------|

13:00:19.653 [main] INFO  c.gettingstarted.TimedLogic - [TIMEDLOGIC] Market is open
13:00:19.653 [main] INFO  c.sequencer.consumer.LoggingConsumer - [272] 
|----BID-----|
    134 @ 43
    145 @ 76
    300 @ 91
    200 @ 93
    100 @ 95
    154 @ 98
|----ASK-----|
    501 @ 98
   200 @ 101
  5000 @ 110
  5600 @ 119
   453 @ 123
   645 @ 144
   665 @ 167

13:00:19.653 [main] INFO  c.orderbook.OrderBook - [ORDERBOOK] Processing Mkt Data Update
13:00:19.653 [main] INFO  c.o.v.MutatingRemoveAllMarketDataOrdersVisitor - [ORDERBOOK] Removing market data order:MktData(price=43,quantity=134)
13:00:19.653 [main] DEBUG c.orderbook.OrderBook - [ORDERBOOK] ASK: Adding orderMktData(price=43,quantity=134)
13:00:19.653 [main] INFO  c.o.visitor.MutatingAddOrderVisitor - [ORDERBOOK] + Limit(side=BUY,orderId=16,price=43,quantity=2195456)
13:00:19.653 [main] DEBUG c.orderbook.OrderBook - [ORDERBOOK] ASK: Adding orderMktData(price=76,quantity=145)
13:00:19.653 [main] DEBUG c.orderbook.OrderBook - [ORDERBOOK] ASK: Adding orderMktData(price=91,quantity=300)
13:00:19.653 [main] DEBUG c.orderbook.OrderBook - [ORDERBOOK] ASK: Adding orderMktData(price=93,quantity=200)
13:00:19.653 [main] DEBUG c.orderbook.OrderBook - [ORDERBOOK] ASK: Adding orderMktData(price=95,quantity=100)
13:00:19.653 [main] DEBUG c.orderbook.OrderBook - [ORDERBOOK] ASK: Adding orderMktData(price=98,quantity=154)
13:00:19.653 [main] INFO  c.o.v.MutatingMatchOneMarketDataOrderVisitor - [ORDERBOOK] visiting LevelOrderBookLevel(price=43,quantity=4283176)
13:00:19.653 [main] INFO  c.o.v.MutatingMatchOneMarketDataOrderVisitor - [ORDERBOOK] Can't match order:Limit(side=BUY,orderId=3,price=43,quantity=268)(MktData(price=98,quantity=154))
13:00:19.653 [main] INFO  c.o.v.MutatingMatchOneMarketDataOrderVisitor - [ORDERBOOK] Can't match order:Limit(side=BUY,orderId=5,price=43,quantity=1072)(MktData(price=98,quantity=154))
13:00:19.653 [main] INFO  c.o.v.MutatingMatchOneMarketDataOrderVisitor - [ORDERBOOK] Can't match order:Limit(side=BUY,orderId=7,price=43,quantity=4288)(MktData(price=98,quantity=154))
13:00:19.653 [main] INFO  c.o.v.MutatingMatchOneMarketDataOrderVisitor - [ORDERBOOK] Can't match order:Limit(side=BUY,orderId=9,price=43,quantity=17152)(MktData(price=98,quantity=154))
13:00:19.653 [main] INFO  c.o.v.MutatingMatchOneMarketDataOrderVisitor - [ORDERBOOK] Can't match order:Limit(side=BUY,orderId=11,price=43,quantity=68608)(MktData(price=98,quantity=154))
13:00:19.653 [main] INFO  c.o.v.MutatingMatchOneMarketDataOrderVisitor - [ORDERBOOK] Can't match order:Limit(side=BUY,orderId=12,price=43,quantity=137216)(MktData(price=98,quantity=154))
13:00:19.653 [main] INFO  c.o.v.MutatingMatchOneMarketDataOrderVisitor - [ORDERBOOK] Can't match order:Limit(side=BUY,orderId=13,price=43,quantity=274432)(MktData(price=98,quantity=154))
13:00:19.653 [main] INFO  c.o.v.MutatingMatchOneMarketDataOrderVisitor - [ORDERBOOK] Can't match order:Limit(side=BUY,orderId=14,price=43,quantity=548864)(MktData(price=98,quantity=154))
13:00:19.653 [main] INFO  c.o.v.MutatingMatchOneMarketDataOrderVisitor - [ORDERBOOK] Can't match order:Limit(side=BUY,orderId=15,price=43,quantity=1097728)(MktData(price=98,quantity=154))
13:00:19.653 [main] INFO  c.o.v.MutatingMatchOneMarketDataOrderVisitor - [ORDERBOOK] Can't match order:Limit(side=BUY,orderId=16,price=43,quantity=2195456)(MktData(price=98,quantity=154))
13:00:19.653 [main] INFO  c.o.v.MutatingMatchOneMarketDataOrderVisitor - [ORDERBOOK] Can't match order:MktData(price=43,quantity=134)(MktData(price=98,quantity=154))
13:00:19.653 [main] INFO  c.o.v.MutatingRemoveAllMarketDataOrdersVisitor - [ORDERBOOK] Removing market data order:MktData(price=98,quantity=501)
13:00:19.653 [main] INFO  c.o.v.MutatingRemoveAllMarketDataOrdersVisitor - [ORDERBOOK] Removing market data order:MktData(price=110,quantity=5000)
13:00:19.653 [main] INFO  c.o.v.MutatingRemoveAllMarketDataOrdersVisitor - [ORDERBOOK] Removing market data order:MktData(price=123,quantity=453)
13:00:19.653 [main] INFO  c.o.v.MutatingRemoveAllMarketDataOrdersVisitor - [ORDERBOOK] Removing market data order:MktData(price=167,quantity=665)
13:00:19.653 [main] DEBUG c.orderbook.OrderBook - [ORDERBOOK] ASK: Adding orderMktData(price=98,quantity=501)
13:00:19.653 [main] INFO  c.o.visitor.MutatingAddOrderVisitor - [ORDERBOOK] + Limit(side=SELL,orderId=17,price=98,quantity=501)
13:00:19.653 [main] DEBUG c.orderbook.OrderBook - [ORDERBOOK] ASK: Adding orderMktData(price=101,quantity=200)
13:00:19.653 [main] DEBUG c.orderbook.OrderBook - [ORDERBOOK] ASK: Adding orderMktData(price=110,quantity=5000)
13:00:19.653 [main] DEBUG c.orderbook.OrderBook - [ORDERBOOK] ASK: Adding orderMktData(price=119,quantity=5600)
13:00:19.653 [main] DEBUG c.orderbook.OrderBook - [ORDERBOOK] ASK: Adding orderMktData(price=123,quantity=453)
13:00:19.653 [main] DEBUG c.orderbook.OrderBook - [ORDERBOOK] ASK: Adding orderMktData(price=144,quantity=645)
13:00:19.653 [main] DEBUG c.orderbook.OrderBook - [ORDERBOOK] ASK: Adding orderMktData(price=167,quantity=665)
13:00:19.653 [main] DEBUG c.service.MarketDataService - [ALGO] BID: price:43 quantity:134
13:00:19.653 [main] DEBUG c.service.MarketDataService - [ALGO] BID: price:76 quantity:145
13:00:19.653 [main] DEBUG c.service.MarketDataService - [ALGO] BID: price:91 quantity:300
13:00:19.653 [main] DEBUG c.service.MarketDataService - [ALGO] BID: price:93 quantity:200
13:00:19.653 [main] DEBUG c.service.MarketDataService - [ALGO] BID: price:95 quantity:100
13:00:19.653 [main] DEBUG c.service.MarketDataService - [ALGO] BID: price:98 quantity:154
13:00:19.653 [main] DEBUG c.service.MarketDataService - [ALGO] ASK: price:98 quantity:501
13:00:19.653 [main] DEBUG c.service.MarketDataService - [ALGO] ASK: price:101 quantity:200
13:00:19.653 [main] DEBUG c.service.MarketDataService - [ALGO] ASK: price:110 quantity:5000
13:00:19.653 [main] DEBUG c.service.MarketDataService - [ALGO] ASK: price:119 quantity:5600
13:00:19.653 [main] DEBUG c.service.MarketDataService - [ALGO] ASK: price:123 quantity:453
13:00:19.653 [main] DEBUG c.service.MarketDataService - [ALGO] ASK: price:144 quantity:645
13:00:19.653 [main] DEBUG c.service.MarketDataService - [ALGO] ASK: price:167 quantity:665
13:00:19.653 [main] INFO  c.gettingstarted.MyAlgoLogic - [MYALGO] The state of the order book is:
|----BID-----||----ASK----|
    134 @ 43    501 @ 98
    145 @ 76   200 @ 101
    300 @ 91  5000 @ 110
    200 @ 93  5600 @ 119
    100 @ 95   453 @ 123
    154 @ 98   645 @ 144
          -    665 @ 167
|------------||-----------|

13:00:19.653 [main] INFO  c.gettingstarted.MyAlgoLogic - [MYALGO] Algo Sees Book as: 
|----BID-----||----ASK----|
    134 @ 43    501 @ 98
    145 @ 76   200 @ 101
    300 @ 91  5000 @ 110
    200 @ 93  5600 @ 119
    100 @ 95   453 @ 123
    154 @ 98   645 @ 144
          -    665 @ 167
|------------||-----------|

13:00:19.653 [main] INFO  c.gettingstarted.TimedLogic - [TIMEDLOGIC] Market is open
13:00:19.661 [main] INFO  c.sequencer.consumer.LoggingConsumer - [273] 
|----BID-----|
    134 @ 43
    145 @ 76
    300 @ 91
    200 @ 93
    100 @ 95
    154 @ 98
|----ASK-----|
    501 @ 98
   200 @ 101
  5000 @ 110
  5600 @ 119
   453 @ 123
   645 @ 144
   665 @ 167

13:00:19.661 [main] INFO  c.orderbook.OrderBook - [ORDERBOOK] Processing Mkt Data Update
13:00:19.661 [main] INFO  c.o.v.MutatingRemoveAllMarketDataOrdersVisitor - [ORDERBOOK] Removing market data order:MktData(price=43,quantity=134)
13:00:19.661 [main] DEBUG c.orderbook.OrderBook - [ORDERBOOK] ASK: Adding orderMktData(price=43,quantity=134)
13:00:19.661 [main] INFO  c.o.visitor.MutatingAddOrderVisitor - [ORDERBOOK] + Limit(side=BUY,orderId=16,price=43,quantity=2195456)
13:00:19.661 [main] DEBUG c.orderbook.OrderBook - [ORDERBOOK] ASK: Adding orderMktData(price=76,quantity=145)
13:00:19.661 [main] DEBUG c.orderbook.OrderBook - [ORDERBOOK] ASK: Adding orderMktData(price=91,quantity=300)
13:00:19.661 [main] DEBUG c.orderbook.OrderBook - [ORDERBOOK] ASK: Adding orderMktData(price=93,quantity=200)
13:00:19.661 [main] DEBUG c.orderbook.OrderBook - [ORDERBOOK] ASK: Adding orderMktData(price=95,quantity=100)
13:00:19.661 [main] DEBUG c.orderbook.OrderBook - [ORDERBOOK] ASK: Adding orderMktData(price=98,quantity=154)
13:00:19.661 [main] INFO  c.o.v.MutatingMatchOneMarketDataOrderVisitor - [ORDERBOOK] visiting LevelOrderBookLevel(price=43,quantity=4283310)
13:00:19.661 [main] INFO  c.o.v.MutatingMatchOneMarketDataOrderVisitor - [ORDERBOOK] Can't match order:Limit(side=BUY,orderId=3,price=43,quantity=268)(MktData(price=98,quantity=154))
13:00:19.661 [main] INFO  c.o.v.MutatingMatchOneMarketDataOrderVisitor - [ORDERBOOK] Can't match order:Limit(side=BUY,orderId=5,price=43,quantity=1072)(MktData(price=98,quantity=154))
13:00:19.661 [main] INFO  c.o.v.MutatingMatchOneMarketDataOrderVisitor - [ORDERBOOK] Can't match order:Limit(side=BUY,orderId=7,price=43,quantity=4288)(MktData(price=98,quantity=154))
13:00:19.661 [main] INFO  c.o.v.MutatingMatchOneMarketDataOrderVisitor - [ORDERBOOK] Can't match order:Limit(side=BUY,orderId=9,price=43,quantity=17152)(MktData(price=98,quantity=154))
13:00:19.661 [main] INFO  c.o.v.MutatingMatchOneMarketDataOrderVisitor - [ORDERBOOK] Can't match order:Limit(side=BUY,orderId=11,price=43,quantity=68608)(MktData(price=98,quantity=154))
13:00:19.661 [main] INFO  c.o.v.MutatingMatchOneMarketDataOrderVisitor - [ORDERBOOK] Can't match order:Limit(side=BUY,orderId=12,price=43,quantity=137216)(MktData(price=98,quantity=154))
13:00:19.661 [main] INFO  c.o.v.MutatingMatchOneMarketDataOrderVisitor - [ORDERBOOK] Can't match order:Limit(side=BUY,orderId=13,price=43,quantity=274432)(MktData(price=98,quantity=154))
13:00:19.661 [main] INFO  c.o.v.MutatingMatchOneMarketDataOrderVisitor - [ORDERBOOK] Can't match order:Limit(side=BUY,orderId=14,price=43,quantity=548864)(MktData(price=98,quantity=154))
13:00:19.661 [main] INFO  c.o.v.MutatingMatchOneMarketDataOrderVisitor - [ORDERBOOK] Can't match order:Limit(side=BUY,orderId=15,price=43,quantity=1097728)(MktData(price=98,quantity=154))
13:00:19.661 [main] INFO  c.o.v.MutatingMatchOneMarketDataOrderVisitor - [ORDERBOOK] Can't match order:Limit(side=BUY,orderId=16,price=43,quantity=2195456)(MktData(price=98,quantity=154))
13:00:19.661 [main] INFO  c.o.v.MutatingMatchOneMarketDataOrderVisitor - [ORDERBOOK] Can't match order:MktData(price=43,quantity=134)(MktData(price=98,quantity=154))
13:00:19.661 [main] INFO  c.o.v.MutatingRemoveAllMarketDataOrdersVisitor - [ORDERBOOK] Removing market data order:MktData(price=98,quantity=501)
13:00:19.661 [main] INFO  c.o.v.MutatingRemoveAllMarketDataOrdersVisitor - [ORDERBOOK] Removing market data order:MktData(price=110,quantity=5000)
13:00:19.661 [main] INFO  c.o.v.MutatingRemoveAllMarketDataOrdersVisitor - [ORDERBOOK] Removing market data order:MktData(price=123,quantity=453)
13:00:19.661 [main] INFO  c.o.v.MutatingRemoveAllMarketDataOrdersVisitor - [ORDERBOOK] Removing market data order:MktData(price=167,quantity=665)
13:00:19.661 [main] DEBUG c.orderbook.OrderBook - [ORDERBOOK] ASK: Adding orderMktData(price=98,quantity=501)
13:00:19.661 [main] INFO  c.o.visitor.MutatingAddOrderVisitor - [ORDERBOOK] + Limit(side=SELL,orderId=17,price=98,quantity=501)
13:00:19.661 [main] DEBUG c.orderbook.OrderBook - [ORDERBOOK] ASK: Adding orderMktData(price=101,quantity=200)
13:00:19.661 [main] DEBUG c.orderbook.OrderBook - [ORDERBOOK] ASK: Adding orderMktData(price=110,quantity=5000)
13:00:19.661 [main] DEBUG c.orderbook.OrderBook - [ORDERBOOK] ASK: Adding orderMktData(price=119,quantity=5600)
13:00:19.661 [main] DEBUG c.orderbook.OrderBook - [ORDERBOOK] ASK: Adding orderMktData(price=123,quantity=453)
13:00:19.661 [main] DEBUG c.orderbook.OrderBook - [ORDERBOOK] ASK: Adding orderMktData(price=144,quantity=645)
13:00:19.661 [main] DEBUG c.orderbook.OrderBook - [ORDERBOOK] ASK: Adding orderMktData(price=167,quantity=665)
13:00:19.661 [main] DEBUG c.service.MarketDataService - [ALGO] BID: price:43 quantity:134
13:00:19.661 [main] DEBUG c.service.MarketDataService - [ALGO] BID: price:76 quantity:145
13:00:19.661 [main] DEBUG c.service.MarketDataService - [ALGO] BID: price:91 quantity:300
13:00:19.661 [main] DEBUG c.service.MarketDataService - [ALGO] BID: price:93 quantity:200
13:00:19.661 [main] DEBUG c.service.MarketDataService - [ALGO] BID: price:95 quantity:100
13:00:19.661 [main] DEBUG c.service.MarketDataService - [ALGO] BID: price:98 quantity:154
13:00:19.661 [main] DEBUG c.service.MarketDataService - [ALGO] ASK: price:98 quantity:501
13:00:19.661 [main] DEBUG c.service.MarketDataService - [ALGO] ASK: price:101 quantity:200
13:00:19.661 [main] DEBUG c.service.MarketDataService - [ALGO] ASK: price:110 quantity:5000
13:00:19.661 [main] DEBUG c.service.MarketDataService - [ALGO] ASK: price:119 quantity:5600
13:00:19.661 [main] DEBUG c.service.MarketDataService - [ALGO] ASK: price:123 quantity:453
13:00:19.661 [main] DEBUG c.service.MarketDataService - [ALGO] ASK: price:144 quantity:645
13:00:19.661 [main] DEBUG c.service.MarketDataService - [ALGO] ASK: price:167 quantity:665
13:00:19.661 [main] INFO  c.gettingstarted.MyAlgoLogic - [MYALGO] The state of the order book is:
|----BID-----||----ASK----|
    134 @ 43    501 @ 98
    145 @ 76   200 @ 101
    300 @ 91  5000 @ 110
    200 @ 93  5600 @ 119
    100 @ 95   453 @ 123
    154 @ 98   645 @ 144
          -    665 @ 167
|------------||-----------|

13:00:19.661 [main] INFO  c.gettingstarted.MyAlgoLogic - [MYALGO] Algo Sees Book as: 
|----BID-----||----ASK----|
    134 @ 43    501 @ 98
    145 @ 76   200 @ 101
    300 @ 91  5000 @ 110
    200 @ 93  5600 @ 119
    100 @ 95   453 @ 123
    154 @ 98   645 @ 144
          -    665 @ 167
|------------||-----------|

13:00:19.661 [main] INFO  c.gettingstarted.TimedLogic - [TIMEDLOGIC] Market is open
13:00:19.661 [main] INFO  c.sequencer.consumer.LoggingConsumer - [274] 
|----BID-----|
    134 @ 43
    145 @ 76
    300 @ 91
    200 @ 93
    100 @ 95
    154 @ 98
|----ASK-----|
    501 @ 98
   200 @ 101
  5000 @ 110
  5600 @ 119
   453 @ 123
   645 @ 144
   665 @ 167

13:00:19.661 [main] INFO  c.orderbook.OrderBook - [ORDERBOOK] Processing Mkt Data Update
13:00:19.661 [main] INFO  c.o.v.MutatingRemoveAllMarketDataOrdersVisitor - [ORDERBOOK] Removing market data order:MktData(price=43,quantity=134)
13:00:19.661 [main] DEBUG c.orderbook.OrderBook - [ORDERBOOK] ASK: Adding orderMktData(price=43,quantity=134)
13:00:19.661 [main] INFO  c.o.visitor.MutatingAddOrderVisitor - [ORDERBOOK] + Limit(side=BUY,orderId=16,price=43,quantity=2195456)
13:00:19.661 [main] DEBUG c.orderbook.OrderBook - [ORDERBOOK] ASK: Adding orderMktData(price=76,quantity=145)
13:00:19.661 [main] DEBUG c.orderbook.OrderBook - [ORDERBOOK] ASK: Adding orderMktData(price=91,quantity=300)
13:00:19.661 [main] DEBUG c.orderbook.OrderBook - [ORDERBOOK] ASK: Adding orderMktData(price=93,quantity=200)
13:00:19.661 [main] DEBUG c.orderbook.OrderBook - [ORDERBOOK] ASK: Adding orderMktData(price=95,quantity=100)
13:00:19.661 [main] DEBUG c.orderbook.OrderBook - [ORDERBOOK] ASK: Adding orderMktData(price=98,quantity=154)
13:00:19.661 [main] INFO  c.o.v.MutatingMatchOneMarketDataOrderVisitor - [ORDERBOOK] visiting LevelOrderBookLevel(price=43,quantity=4283444)
13:00:19.661 [main] INFO  c.o.v.MutatingMatchOneMarketDataOrderVisitor - [ORDERBOOK] Can't match order:Limit(side=BUY,orderId=3,price=43,quantity=268)(MktData(price=98,quantity=154))
13:00:19.661 [main] INFO  c.o.v.MutatingMatchOneMarketDataOrderVisitor - [ORDERBOOK] Can't match order:Limit(side=BUY,orderId=5,price=43,quantity=1072)(MktData(price=98,quantity=154))
13:00:19.661 [main] INFO  c.o.v.MutatingMatchOneMarketDataOrderVisitor - [ORDERBOOK] Can't match order:Limit(side=BUY,orderId=7,price=43,quantity=4288)(MktData(price=98,quantity=154))
13:00:19.661 [main] INFO  c.o.v.MutatingMatchOneMarketDataOrderVisitor - [ORDERBOOK] Can't match order:Limit(side=BUY,orderId=9,price=43,quantity=17152)(MktData(price=98,quantity=154))
13:00:19.661 [main] INFO  c.o.v.MutatingMatchOneMarketDataOrderVisitor - [ORDERBOOK] Can't match order:Limit(side=BUY,orderId=11,price=43,quantity=68608)(MktData(price=98,quantity=154))
13:00:19.661 [main] INFO  c.o.v.MutatingMatchOneMarketDataOrderVisitor - [ORDERBOOK] Can't match order:Limit(side=BUY,orderId=12,price=43,quantity=137216)(MktData(price=98,quantity=154))
13:00:19.661 [main] INFO  c.o.v.MutatingMatchOneMarketDataOrderVisitor - [ORDERBOOK] Can't match order:Limit(side=BUY,orderId=13,price=43,quantity=274432)(MktData(price=98,quantity=154))
13:00:19.661 [main] INFO  c.o.v.MutatingMatchOneMarketDataOrderVisitor - [ORDERBOOK] Can't match order:Limit(side=BUY,orderId=14,price=43,quantity=548864)(MktData(price=98,quantity=154))
13:00:19.661 [main] INFO  c.o.v.MutatingMatchOneMarketDataOrderVisitor - [ORDERBOOK] Can't match order:Limit(side=BUY,orderId=15,price=43,quantity=1097728)(MktData(price=98,quantity=154))
13:00:19.661 [main] INFO  c.o.v.MutatingMatchOneMarketDataOrderVisitor - [ORDERBOOK] Can't match order:Limit(side=BUY,orderId=16,price=43,quantity=2195456)(MktData(price=98,quantity=154))
13:00:19.661 [main] INFO  c.o.v.MutatingMatchOneMarketDataOrderVisitor - [ORDERBOOK] Can't match order:MktData(price=43,quantity=134)(MktData(price=98,quantity=154))
13:00:19.661 [main] INFO  c.o.v.MutatingRemoveAllMarketDataOrdersVisitor - [ORDERBOOK] Removing market data order:MktData(price=98,quantity=501)
13:00:19.661 [main] INFO  c.o.v.MutatingRemoveAllMarketDataOrdersVisitor - [ORDERBOOK] Removing market data order:MktData(price=110,quantity=5000)
13:00:19.661 [main] INFO  c.o.v.MutatingRemoveAllMarketDataOrdersVisitor - [ORDERBOOK] Removing market data order:MktData(price=123,quantity=453)
13:00:20.360 [main] INFO  c.o.v.MutatingRemoveAllMarketDataOrdersVisitor - [ORDERBOOK] Removing market data order:MktData(price=167,quantity=665)
13:00:20.360 [main] DEBUG c.orderbook.OrderBook - [ORDERBOOK] ASK: Adding orderMktData(price=98,quantity=501)
13:00:20.360 [main] INFO  c.o.visitor.MutatingAddOrderVisitor - [ORDERBOOK] + Limit(side=SELL,orderId=17,price=98,quantity=501)
13:00:20.360 [main] DEBUG c.orderbook.OrderBook - [ORDERBOOK] ASK: Adding orderMktData(price=101,quantity=200)
13:00:20.360 [main] DEBUG c.orderbook.OrderBook - [ORDERBOOK] ASK: Adding orderMktData(price=110,quantity=5000)
13:00:20.360 [main] DEBUG c.orderbook.OrderBook - [ORDERBOOK] ASK: Adding orderMktData(price=119,quantity=5600)
13:00:20.360 [main] DEBUG c.orderbook.OrderBook - [ORDERBOOK] ASK: Adding orderMktData(price=123,quantity=453)
13:00:20.360 [main] DEBUG c.orderbook.OrderBook - [ORDERBOOK] ASK: Adding orderMktData(price=144,quantity=645)
13:00:20.360 [main] DEBUG c.orderbook.OrderBook - [ORDERBOOK] ASK: Adding orderMktData(price=167,quantity=665)
13:00:20.360 [main] DEBUG c.service.MarketDataService - [ALGO] BID: price:43 quantity:134
13:00:20.360 [main] DEBUG c.service.MarketDataService - [ALGO] BID: price:76 quantity:145
13:00:20.360 [main] DEBUG c.service.MarketDataService - [ALGO] BID: price:91 quantity:300
13:00:20.360 [main] DEBUG c.service.MarketDataService - [ALGO] BID: price:93 quantity:200
13:00:20.360 [main] DEBUG c.service.MarketDataService - [ALGO] BID: price:95 quantity:100
13:00:20.360 [main] DEBUG c.service.MarketDataService - [ALGO] BID: price:98 quantity:154
13:00:20.360 [main] DEBUG c.service.MarketDataService - [ALGO] ASK: price:98 quantity:501
13:00:20.360 [main] DEBUG c.service.MarketDataService - [ALGO] ASK: price:101 quantity:200
13:00:20.360 [main] DEBUG c.service.MarketDataService - [ALGO] ASK: price:110 quantity:5000
13:00:20.360 [main] DEBUG c.service.MarketDataService - [ALGO] ASK: price:119 quantity:5600
13:00:20.360 [main] DEBUG c.service.MarketDataService - [ALGO] ASK: price:123 quantity:453
13:00:20.360 [main] DEBUG c.service.MarketDataService - [ALGO] ASK: price:144 quantity:645
13:00:20.360 [main] DEBUG c.service.MarketDataService - [ALGO] ASK: price:167 quantity:665
13:00:20.360 [main] INFO  c.gettingstarted.MyAlgoLogic - [MYALGO] The state of the order book is:
|----BID-----||----ASK----|
    134 @ 43    501 @ 98
    145 @ 76   200 @ 101
    300 @ 91  5000 @ 110
    200 @ 93  5600 @ 119
    100 @ 95   453 @ 123
    154 @ 98   645 @ 144
          -    665 @ 167
|------------||-----------|

13:00:20.360 [main] INFO  c.gettingstarted.MyAlgoLogic - [MYALGO] Algo Sees Book as: 
|----BID-----||----ASK----|
    134 @ 43    501 @ 98
    145 @ 76   200 @ 101
    300 @ 91  5000 @ 110
    200 @ 93  5600 @ 119
    100 @ 95   453 @ 123
    154 @ 98   645 @ 144
          -    665 @ 167
|------------||-----------|

13:00:20.360 [main] INFO  c.gettingstarted.TimedLogic - [TIMEDLOGIC] Market is open
13:00:20.360 [main] INFO  c.sequencer.consumer.LoggingConsumer - [275] 
|----BID-----|
    134 @ 43
    145 @ 76
    300 @ 91
    200 @ 93
    100 @ 95
    154 @ 98
|----ASK-----|
    501 @ 98
   200 @ 101
  5000 @ 110
  5600 @ 119
   453 @ 123
   645 @ 144
   665 @ 167

13:00:20.360 [main] INFO  c.orderbook.OrderBook - [ORDERBOOK] Processing Mkt Data Update
13:00:20.360 [main] INFO  c.o.v.MutatingRemoveAllMarketDataOrdersVisitor - [ORDERBOOK] Removing market data order:MktData(price=43,quantity=134)
13:00:20.360 [main] DEBUG c.orderbook.OrderBook - [ORDERBOOK] ASK: Adding orderMktData(price=43,quantity=134)
13:00:20.360 [main] INFO  c.o.visitor.MutatingAddOrderVisitor - [ORDERBOOK] + Limit(side=BUY,orderId=16,price=43,quantity=2195456)
13:00:20.360 [main] DEBUG c.orderbook.OrderBook - [ORDERBOOK] ASK: Adding orderMktData(price=76,quantity=145)
13:00:20.360 [main] DEBUG c.orderbook.OrderBook - [ORDERBOOK] ASK: Adding orderMktData(price=91,quantity=300)
13:00:20.360 [main] DEBUG c.orderbook.OrderBook - [ORDERBOOK] ASK: Adding orderMktData(price=93,quantity=200)
13:00:20.360 [main] DEBUG c.orderbook.OrderBook - [ORDERBOOK] ASK: Adding orderMktData(price=95,quantity=100)
13:00:20.360 [main] DEBUG c.orderbook.OrderBook - [ORDERBOOK] ASK: Adding orderMktData(price=98,quantity=154)
13:00:20.360 [main] INFO  c.o.v.MutatingMatchOneMarketDataOrderVisitor - [ORDERBOOK] visiting LevelOrderBookLevel(price=43,quantity=4283578)
13:00:20.360 [main] INFO  c.o.v.MutatingMatchOneMarketDataOrderVisitor - [ORDERBOOK] Can't match order:Limit(side=BUY,orderId=3,price=43,quantity=268)(MktData(price=98,quantity=154))
13:00:20.360 [main] INFO  c.o.v.MutatingMatchOneMarketDataOrderVisitor - [ORDERBOOK] Can't match order:Limit(side=BUY,orderId=5,price=43,quantity=1072)(MktData(price=98,quantity=154))
13:00:20.360 [main] INFO  c.o.v.MutatingMatchOneMarketDataOrderVisitor - [ORDERBOOK] Can't match order:Limit(side=BUY,orderId=7,price=43,quantity=4288)(MktData(price=98,quantity=154))
13:00:20.360 [main] INFO  c.o.v.MutatingMatchOneMarketDataOrderVisitor - [ORDERBOOK] Can't match order:Limit(side=BUY,orderId=9,price=43,quantity=17152)(MktData(price=98,quantity=154))
13:00:20.360 [main] INFO  c.o.v.MutatingMatchOneMarketDataOrderVisitor - [ORDERBOOK] Can't match order:Limit(side=BUY,orderId=11,price=43,quantity=68608)(MktData(price=98,quantity=154))
13:00:20.360 [main] INFO  c.o.v.MutatingMatchOneMarketDataOrderVisitor - [ORDERBOOK] Can't match order:Limit(side=BUY,orderId=12,price=43,quantity=137216)(MktData(price=98,quantity=154))
13:00:20.360 [main] INFO  c.o.v.MutatingMatchOneMarketDataOrderVisitor - [ORDERBOOK] Can't match order:Limit(side=BUY,orderId=13,price=43,quantity=274432)(MktData(price=98,quantity=154))
13:00:20.360 [main] INFO  c.o.v.MutatingMatchOneMarketDataOrderVisitor - [ORDERBOOK] Can't match order:Limit(side=BUY,orderId=14,price=43,quantity=548864)(MktData(price=98,quantity=154))
13:00:20.360 [main] INFO  c.o.v.MutatingMatchOneMarketDataOrderVisitor - [ORDERBOOK] Can't match order:Limit(side=BUY,orderId=15,price=43,quantity=1097728)(MktData(price=98,quantity=154))
13:00:20.360 [main] INFO  c.o.v.MutatingMatchOneMarketDataOrderVisitor - [ORDERBOOK] Can't match order:Limit(side=BUY,orderId=16,price=43,quantity=2195456)(MktData(price=98,quantity=154))
13:00:20.360 [main] INFO  c.o.v.MutatingMatchOneMarketDataOrderVisitor - [ORDERBOOK] Can't match order:MktData(price=43,quantity=134)(MktData(price=98,quantity=154))
13:00:20.360 [main] INFO  c.o.v.MutatingRemoveAllMarketDataOrdersVisitor - [ORDERBOOK] Removing market data order:MktData(price=98,quantity=501)
13:00:20.360 [main] INFO  c.o.v.MutatingRemoveAllMarketDataOrdersVisitor - [ORDERBOOK] Removing market data order:MktData(price=110,quantity=5000)
13:00:20.360 [main] INFO  c.o.v.MutatingRemoveAllMarketDataOrdersVisitor - [ORDERBOOK] Removing market data order:MktData(price=123,quantity=453)
13:00:20.360 [main] INFO  c.o.v.MutatingRemoveAllMarketDataOrdersVisitor - [ORDERBOOK] Removing market data order:MktData(price=167,quantity=665)
13:00:20.360 [main] DEBUG c.orderbook.OrderBook - [ORDERBOOK] ASK: Adding orderMktData(price=98,quantity=501)
13:00:20.360 [main] INFO  c.o.visitor.MutatingAddOrderVisitor - [ORDERBOOK] + Limit(side=SELL,orderId=17,price=98,quantity=501)
13:00:20.360 [main] DEBUG c.orderbook.OrderBook - [ORDERBOOK] ASK: Adding orderMktData(price=101,quantity=200)
13:00:20.360 [main] DEBUG c.orderbook.OrderBook - [ORDERBOOK] ASK: Adding orderMktData(price=110,quantity=5000)
13:00:20.360 [main] DEBUG c.orderbook.OrderBook - [ORDERBOOK] ASK: Adding orderMktData(price=119,quantity=5600)
13:00:20.360 [main] DEBUG c.orderbook.OrderBook - [ORDERBOOK] ASK: Adding orderMktData(price=123,quantity=453)
13:00:20.360 [main] DEBUG c.orderbook.OrderBook - [ORDERBOOK] ASK: Adding orderMktData(price=144,quantity=645)
13:00:20.360 [main] DEBUG c.orderbook.OrderBook - [ORDERBOOK] ASK: Adding orderMktData(price=167,quantity=665)
13:00:20.360 [main] DEBUG c.service.MarketDataService - [ALGO] BID: price:43 quantity:134
13:00:20.360 [main] DEBUG c.service.MarketDataService - [ALGO] BID: price:76 quantity:145
13:00:20.360 [main] DEBUG c.service.MarketDataService - [ALGO] BID: price:91 quantity:300
13:00:20.360 [main] DEBUG c.service.MarketDataService - [ALGO] BID: price:93 quantity:200
13:00:20.360 [main] DEBUG c.service.MarketDataService - [ALGO] BID: price:95 quantity:100
13:00:20.360 [main] DEBUG c.service.MarketDataService - [ALGO] BID: price:98 quantity:154
13:00:20.360 [main] DEBUG c.service.MarketDataService - [ALGO] ASK: price:98 quantity:501
13:00:20.360 [main] DEBUG c.service.MarketDataService - [ALGO] ASK: price:101 quantity:200
13:00:20.360 [main] DEBUG c.service.MarketDataService - [ALGO] ASK: price:110 quantity:5000
13:00:20.360 [main] DEBUG c.service.MarketDataService - [ALGO] ASK: price:119 quantity:5600
13:00:20.360 [main] DEBUG c.service.MarketDataService - [ALGO] ASK: price:123 quantity:453
13:00:20.360 [main] DEBUG c.service.MarketDataService - [ALGO] ASK: price:144 quantity:645
13:00:20.360 [main] DEBUG c.service.MarketDataService - [ALGO] ASK: price:167 quantity:665
13:00:20.360 [main] INFO  c.gettingstarted.MyAlgoLogic - [MYALGO] The state of the order book is:
|----BID-----||----ASK----|
    134 @ 43    501 @ 98
    145 @ 76   200 @ 101
    300 @ 91  5000 @ 110
    200 @ 93  5600 @ 119
    100 @ 95   453 @ 123
    154 @ 98   645 @ 144
          -    665 @ 167
|------------||-----------|

13:00:20.360 [main] INFO  c.gettingstarted.MyAlgoLogic - [MYALGO] Algo Sees Book as: 
|----BID-----||----ASK----|
    134 @ 43    501 @ 98
    145 @ 76   200 @ 101
    300 @ 91  5000 @ 110
    200 @ 93  5600 @ 119
    100 @ 95   453 @ 123
    154 @ 98   645 @ 144
          -    665 @ 167
|------------||-----------|

13:00:20.360 [main] INFO  c.gettingstarted.TimedLogic - [TIMEDLOGIC] Market is open
13:00:20.360 [main] INFO  c.sequencer.consumer.LoggingConsumer - [276] 
|----BID-----|
    134 @ 43
    145 @ 76
    300 @ 91
    200 @ 93
    100 @ 95
    154 @ 98
|----ASK-----|
    501 @ 98
   200 @ 101
  5000 @ 110
  5600 @ 119
   453 @ 123
   645 @ 144
   665 @ 167

13:00:20.360 [main] INFO  c.orderbook.OrderBook - [ORDERBOOK] Processing Mkt Data Update
13:00:20.360 [main] INFO  c.o.v.MutatingRemoveAllMarketDataOrdersVisitor - [ORDERBOOK] Removing market data order:MktData(price=43,quantity=134)
13:00:20.360 [main] DEBUG c.orderbook.OrderBook - [ORDERBOOK] ASK: Adding orderMktData(price=43,quantity=134)
13:00:20.360 [main] INFO  c.o.visitor.MutatingAddOrderVisitor - [ORDERBOOK] + Limit(side=BUY,orderId=16,price=43,quantity=2195456)
13:00:20.360 [main] DEBUG c.orderbook.OrderBook - [ORDERBOOK] ASK: Adding orderMktData(price=76,quantity=145)
13:00:20.360 [main] DEBUG c.orderbook.OrderBook - [ORDERBOOK] ASK: Adding orderMktData(price=91,quantity=300)
13:00:20.360 [main] DEBUG c.orderbook.OrderBook - [ORDERBOOK] ASK: Adding orderMktData(price=93,quantity=200)
13:00:20.360 [main] DEBUG c.orderbook.OrderBook - [ORDERBOOK] ASK: Adding orderMktData(price=95,quantity=100)
13:00:20.360 [main] DEBUG c.orderbook.OrderBook - [ORDERBOOK] ASK: Adding orderMktData(price=98,quantity=154)
13:00:20.360 [main] INFO  c.o.v.MutatingMatchOneMarketDataOrderVisitor - [ORDERBOOK] visiting LevelOrderBookLevel(price=43,quantity=4283712)
13:00:20.360 [main] INFO  c.o.v.MutatingMatchOneMarketDataOrderVisitor - [ORDERBOOK] Can't match order:Limit(side=BUY,orderId=3,price=43,quantity=268)(MktData(price=98,quantity=154))
13:00:20.360 [main] INFO  c.o.v.MutatingMatchOneMarketDataOrderVisitor - [ORDERBOOK] Can't match order:Limit(side=BUY,orderId=5,price=43,quantity=1072)(MktData(price=98,quantity=154))
13:00:20.360 [main] INFO  c.o.v.MutatingMatchOneMarketDataOrderVisitor - [ORDERBOOK] Can't match order:Limit(side=BUY,orderId=7,price=43,quantity=4288)(MktData(price=98,quantity=154))
13:00:20.360 [main] INFO  c.o.v.MutatingMatchOneMarketDataOrderVisitor - [ORDERBOOK] Can't match order:Limit(side=BUY,orderId=9,price=43,quantity=17152)(MktData(price=98,quantity=154))
13:00:20.360 [main] INFO  c.o.v.MutatingMatchOneMarketDataOrderVisitor - [ORDERBOOK] Can't match order:Limit(side=BUY,orderId=11,price=43,quantity=68608)(MktData(price=98,quantity=154))
13:00:20.360 [main] INFO  c.o.v.MutatingMatchOneMarketDataOrderVisitor - [ORDERBOOK] Can't match order:Limit(side=BUY,orderId=12,price=43,quantity=137216)(MktData(price=98,quantity=154))
13:00:20.360 [main] INFO  c.o.v.MutatingMatchOneMarketDataOrderVisitor - [ORDERBOOK] Can't match order:Limit(side=BUY,orderId=13,price=43,quantity=274432)(MktData(price=98,quantity=154))
13:00:20.360 [main] INFO  c.o.v.MutatingMatchOneMarketDataOrderVisitor - [ORDERBOOK] Can't match order:Limit(side=BUY,orderId=14,price=43,quantity=548864)(MktData(price=98,quantity=154))
13:00:20.360 [main] INFO  c.o.v.MutatingMatchOneMarketDataOrderVisitor - [ORDERBOOK] Can't match order:Limit(side=BUY,orderId=15,price=43,quantity=1097728)(MktData(price=98,quantity=154))
13:00:20.360 [main] INFO  c.o.v.MutatingMatchOneMarketDataOrderVisitor - [ORDERBOOK] Can't match order:Limit(side=BUY,orderId=16,price=43,quantity=2195456)(MktData(price=98,quantity=154))
13:00:20.360 [main] INFO  c.o.v.MutatingMatchOneMarketDataOrderVisitor - [ORDERBOOK] Can't match order:MktData(price=43,quantity=134)(MktData(price=98,quantity=154))
13:00:20.360 [main] INFO  c.o.v.MutatingRemoveAllMarketDataOrdersVisitor - [ORDERBOOK] Removing market data order:MktData(price=98,quantity=501)
13:00:20.360 [main] INFO  c.o.v.MutatingRemoveAllMarketDataOrdersVisitor - [ORDERBOOK] Removing market data order:MktData(price=110,quantity=5000)
13:00:20.360 [main] INFO  c.o.v.MutatingRemoveAllMarketDataOrdersVisitor - [ORDERBOOK] Removing market data order:MktData(price=123,quantity=453)
13:00:20.360 [main] INFO  c.o.v.MutatingRemoveAllMarketDataOrdersVisitor - [ORDERBOOK] Removing market data order:MktData(price=167,quantity=665)
13:00:20.360 [main] DEBUG c.orderbook.OrderBook - [ORDERBOOK] ASK: Adding orderMktData(price=98,quantity=501)
13:00:20.360 [main] INFO  c.o.visitor.MutatingAddOrderVisitor - [ORDERBOOK] + Limit(side=SELL,orderId=17,price=98,quantity=501)
13:00:20.360 [main] DEBUG c.orderbook.OrderBook - [ORDERBOOK] ASK: Adding orderMktData(price=101,quantity=200)
13:00:20.360 [main] DEBUG c.orderbook.OrderBook - [ORDERBOOK] ASK: Adding orderMktData(price=110,quantity=5000)
13:00:20.360 [main] DEBUG c.orderbook.OrderBook - [ORDERBOOK] ASK: Adding orderMktData(price=119,quantity=5600)
13:00:20.360 [main] DEBUG c.orderbook.OrderBook - [ORDERBOOK] ASK: Adding orderMktData(price=123,quantity=453)
13:00:20.360 [main] DEBUG c.orderbook.OrderBook - [ORDERBOOK] ASK: Adding orderMktData(price=144,quantity=645)
13:00:20.360 [main] DEBUG c.orderbook.OrderBook - [ORDERBOOK] ASK: Adding orderMktData(price=167,quantity=665)
13:00:20.360 [main] DEBUG c.service.MarketDataService - [ALGO] BID: price:43 quantity:134
13:00:20.360 [main] DEBUG c.service.MarketDataService - [ALGO] BID: price:76 quantity:145
13:00:20.360 [main] DEBUG c.service.MarketDataService - [ALGO] BID: price:91 quantity:300
13:00:20.360 [main] DEBUG c.service.MarketDataService - [ALGO] BID: price:93 quantity:200
13:00:20.360 [main] DEBUG c.service.MarketDataService - [ALGO] BID: price:95 quantity:100
13:00:20.360 [main] DEBUG c.service.MarketDataService - [ALGO] BID: price:98 quantity:154
13:00:20.360 [main] DEBUG c.service.MarketDataService - [ALGO] ASK: price:98 quantity:501
13:00:20.360 [main] DEBUG c.service.MarketDataService - [ALGO] ASK: price:101 quantity:200
13:00:20.360 [main] DEBUG c.service.MarketDataService - [ALGO] ASK: price:110 quantity:5000
13:00:20.360 [main] DEBUG c.service.MarketDataService - [ALGO] ASK: price:119 quantity:5600
13:00:20.360 [main] DEBUG c.service.MarketDataService - [ALGO] ASK: price:123 quantity:453
13:00:20.360 [main] DEBUG c.service.MarketDataService - [ALGO] ASK: price:144 quantity:645
13:00:20.360 [main] DEBUG c.service.MarketDataService - [ALGO] ASK: price:167 quantity:665
13:00:20.360 [main] INFO  c.gettingstarted.MyAlgoLogic - [MYALGO] The state of the order book is:
|----BID-----||----ASK----|
    134 @ 43    501 @ 98
    145 @ 76   200 @ 101
    300 @ 91  5000 @ 110
    200 @ 93  5600 @ 119
    100 @ 95   453 @ 123
    154 @ 98   645 @ 144
          -    665 @ 167
|------------||-----------|

13:00:20.360 [main] INFO  c.gettingstarted.MyAlgoLogic - [MYALGO] Algo Sees Book as: 
|----BID-----||----ASK----|
    134 @ 43    501 @ 98
    145 @ 76   200 @ 101
    300 @ 91  5000 @ 110
    200 @ 93  5600 @ 119
    100 @ 95   453 @ 123
    154 @ 98   645 @ 144
          -    665 @ 167
|------------||-----------|

13:00:20.360 [main] INFO  c.gettingstarted.TimedLogic - [TIMEDLOGIC] Market is open
13:00:20.360 [main] INFO  c.sequencer.consumer.LoggingConsumer - [277] 
|----BID-----|
    134 @ 43
    145 @ 76
    300 @ 91
    200 @ 93
    100 @ 95
    154 @ 98
|----ASK-----|
    501 @ 98
   200 @ 101
  5000 @ 110
  5600 @ 119
   453 @ 123
   645 @ 144
   665 @ 167

13:00:20.360 [main] INFO  c.orderbook.OrderBook - [ORDERBOOK] Processing Mkt Data Update
13:00:20.360 [main] INFO  c.o.v.MutatingRemoveAllMarketDataOrdersVisitor - [ORDERBOOK] Removing market data order:MktData(price=43,quantity=134)
13:00:20.360 [main] DEBUG c.orderbook.OrderBook - [ORDERBOOK] ASK: Adding orderMktData(price=43,quantity=134)
13:00:20.360 [main] INFO  c.o.visitor.MutatingAddOrderVisitor - [ORDERBOOK] + Limit(side=BUY,orderId=16,price=43,quantity=2195456)
13:00:20.360 [main] DEBUG c.orderbook.OrderBook - [ORDERBOOK] ASK: Adding orderMktData(price=76,quantity=145)
13:00:20.360 [main] DEBUG c.orderbook.OrderBook - [ORDERBOOK] ASK: Adding orderMktData(price=91,quantity=300)
13:00:20.360 [main] DEBUG c.orderbook.OrderBook - [ORDERBOOK] ASK: Adding orderMktData(price=93,quantity=200)
13:00:20.360 [main] DEBUG c.orderbook.OrderBook - [ORDERBOOK] ASK: Adding orderMktData(price=95,quantity=100)
13:00:20.360 [main] DEBUG c.orderbook.OrderBook - [ORDERBOOK] ASK: Adding orderMktData(price=98,quantity=154)
13:00:20.360 [main] INFO  c.o.v.MutatingMatchOneMarketDataOrderVisitor - [ORDERBOOK] visiting LevelOrderBookLevel(price=43,quantity=4283846)
13:00:20.360 [main] INFO  c.o.v.MutatingMatchOneMarketDataOrderVisitor - [ORDERBOOK] Can't match order:Limit(side=BUY,orderId=3,price=43,quantity=268)(MktData(price=98,quantity=154))
13:00:20.360 [main] INFO  c.o.v.MutatingMatchOneMarketDataOrderVisitor - [ORDERBOOK] Can't match order:Limit(side=BUY,orderId=5,price=43,quantity=1072)(MktData(price=98,quantity=154))
13:00:20.360 [main] INFO  c.o.v.MutatingMatchOneMarketDataOrderVisitor - [ORDERBOOK] Can't match order:Limit(side=BUY,orderId=7,price=43,quantity=4288)(MktData(price=98,quantity=154))
13:00:20.360 [main] INFO  c.o.v.MutatingMatchOneMarketDataOrderVisitor - [ORDERBOOK] Can't match order:Limit(side=BUY,orderId=9,price=43,quantity=17152)(MktData(price=98,quantity=154))
13:00:20.360 [main] INFO  c.o.v.MutatingMatchOneMarketDataOrderVisitor - [ORDERBOOK] Can't match order:Limit(side=BUY,orderId=11,price=43,quantity=68608)(MktData(price=98,quantity=154))
13:00:20.360 [main] INFO  c.o.v.MutatingMatchOneMarketDataOrderVisitor - [ORDERBOOK] Can't match order:Limit(side=BUY,orderId=12,price=43,quantity=137216)(MktData(price=98,quantity=154))
13:00:20.360 [main] INFO  c.o.v.MutatingMatchOneMarketDataOrderVisitor - [ORDERBOOK] Can't match order:Limit(side=BUY,orderId=13,price=43,quantity=274432)(MktData(price=98,quantity=154))
13:00:20.360 [main] INFO  c.o.v.MutatingMatchOneMarketDataOrderVisitor - [ORDERBOOK] Can't match order:Limit(side=BUY,orderId=14,price=43,quantity=548864)(MktData(price=98,quantity=154))
13:00:20.360 [main] INFO  c.o.v.MutatingMatchOneMarketDataOrderVisitor - [ORDERBOOK] Can't match order:Limit(side=BUY,orderId=15,price=43,quantity=1097728)(MktData(price=98,quantity=154))
13:00:20.360 [main] INFO  c.o.v.MutatingMatchOneMarketDataOrderVisitor - [ORDERBOOK] Can't match order:Limit(side=BUY,orderId=16,price=43,quantity=2195456)(MktData(price=98,quantity=154))
13:00:20.360 [main] INFO  c.o.v.MutatingMatchOneMarketDataOrderVisitor - [ORDERBOOK] Can't match order:MktData(price=43,quantity=134)(MktData(price=98,quantity=154))
13:00:20.360 [main] INFO  c.o.v.MutatingRemoveAllMarketDataOrdersVisitor - [ORDERBOOK] Removing market data order:MktData(price=98,quantity=501)
13:00:20.360 [main] INFO  c.o.v.MutatingRemoveAllMarketDataOrdersVisitor - [ORDERBOOK] Removing market data order:MktData(price=110,quantity=5000)
13:00:20.360 [main] INFO  c.o.v.MutatingRemoveAllMarketDataOrdersVisitor - [ORDERBOOK] Removing market data order:MktData(price=123,quantity=453)
13:00:20.360 [main] INFO  c.o.v.MutatingRemoveAllMarketDataOrdersVisitor - [ORDERBOOK] Removing market data order:MktData(price=167,quantity=665)
13:00:20.360 [main] DEBUG c.orderbook.OrderBook - [ORDERBOOK] ASK: Adding orderMktData(price=98,quantity=501)
13:00:20.360 [main] INFO  c.o.visitor.MutatingAddOrderVisitor - [ORDERBOOK] + Limit(side=SELL,orderId=17,price=98,quantity=501)
13:00:20.360 [main] DEBUG c.orderbook.OrderBook - [ORDERBOOK] ASK: Adding orderMktData(price=101,quantity=200)
13:00:20.360 [main] DEBUG c.orderbook.OrderBook - [ORDERBOOK] ASK: Adding orderMktData(price=110,quantity=5000)
13:00:20.360 [main] DEBUG c.orderbook.OrderBook - [ORDERBOOK] ASK: Adding orderMktData(price=119,quantity=5600)
13:00:20.360 [main] DEBUG c.orderbook.OrderBook - [ORDERBOOK] ASK: Adding orderMktData(price=123,quantity=453)
13:00:20.360 [main] DEBUG c.orderbook.OrderBook - [ORDERBOOK] ASK: Adding orderMktData(price=144,quantity=645)
13:00:20.360 [main] DEBUG c.orderbook.OrderBook - [ORDERBOOK] ASK: Adding orderMktData(price=167,quantity=665)
13:00:20.360 [main] DEBUG c.service.MarketDataService - [ALGO] BID: price:43 quantity:134
13:00:20.360 [main] DEBUG c.service.MarketDataService - [ALGO] BID: price:76 quantity:145
13:00:20.360 [main] DEBUG c.service.MarketDataService - [ALGO] BID: price:91 quantity:300
13:00:20.360 [main] DEBUG c.service.MarketDataService - [ALGO] BID: price:93 quantity:200
13:00:20.360 [main] DEBUG c.service.MarketDataService - [ALGO] BID: price:95 quantity:100
13:00:20.360 [main] DEBUG c.service.MarketDataService - [ALGO] BID: price:98 quantity:154
13:00:20.360 [main] DEBUG c.service.MarketDataService - [ALGO] ASK: price:98 quantity:501
13:00:20.360 [main] DEBUG c.service.MarketDataService - [ALGO] ASK: price:101 quantity:200
13:00:20.360 [main] DEBUG c.service.MarketDataService - [ALGO] ASK: price:110 quantity:5000
13:00:20.360 [main] DEBUG c.service.MarketDataService - [ALGO] ASK: price:119 quantity:5600
13:00:20.360 [main] DEBUG c.service.MarketDataService - [ALGO] ASK: price:123 quantity:453
13:00:20.360 [main] DEBUG c.service.MarketDataService - [ALGO] ASK: price:144 quantity:645
13:00:20.360 [main] DEBUG c.service.MarketDataService - [ALGO] ASK: price:167 quantity:665
13:00:20.360 [main] INFO  c.gettingstarted.MyAlgoLogic - [MYALGO] The state of the order book is:
|----BID-----||----ASK----|
    134 @ 43    501 @ 98
    145 @ 76   200 @ 101
    300 @ 91  5000 @ 110
    200 @ 93  5600 @ 119
    100 @ 95   453 @ 123
    154 @ 98   645 @ 144
          -    665 @ 167
|------------||-----------|

13:00:20.360 [main] INFO  c.gettingstarted.MyAlgoLogic - [MYALGO] Algo Sees Book as: 
|----BID-----||----ASK----|
    134 @ 43    501 @ 98
    145 @ 76   200 @ 101
    300 @ 91  5000 @ 110
    200 @ 93  5600 @ 119
    100 @ 95   453 @ 123
    154 @ 98   645 @ 144
          -    665 @ 167
|------------||-----------|

13:00:20.360 [main] INFO  c.gettingstarted.TimedLogic - [TIMEDLOGIC] Market is open
13:00:20.360 [main] INFO  c.sequencer.consumer.LoggingConsumer - [278] 
|----BID-----|
    134 @ 43
    145 @ 76
    300 @ 91
    200 @ 93
    100 @ 95
    154 @ 98
|----ASK-----|
    501 @ 98
   200 @ 101
  5000 @ 110
  5600 @ 119
   453 @ 123
   645 @ 144
   665 @ 167

13:00:20.360 [main] INFO  c.orderbook.OrderBook - [ORDERBOOK] Processing Mkt Data Update
13:00:20.360 [main] INFO  c.o.v.MutatingRemoveAllMarketDataOrdersVisitor - [ORDERBOOK] Removing market data order:MktData(price=43,quantity=134)
13:00:20.360 [main] DEBUG c.orderbook.OrderBook - [ORDERBOOK] ASK: Adding orderMktData(price=43,quantity=134)
13:00:20.360 [main] INFO  c.o.visitor.MutatingAddOrderVisitor - [ORDERBOOK] + Limit(side=BUY,orderId=16,price=43,quantity=2195456)
13:00:20.360 [main] DEBUG c.orderbook.OrderBook - [ORDERBOOK] ASK: Adding orderMktData(price=76,quantity=145)
13:00:20.360 [main] DEBUG c.orderbook.OrderBook - [ORDERBOOK] ASK: Adding orderMktData(price=91,quantity=300)
13:00:20.360 [main] DEBUG c.orderbook.OrderBook - [ORDERBOOK] ASK: Adding orderMktData(price=93,quantity=200)
13:00:20.360 [main] DEBUG c.orderbook.OrderBook - [ORDERBOOK] ASK: Adding orderMktData(price=95,quantity=100)
13:00:20.360 [main] DEBUG c.orderbook.OrderBook - [ORDERBOOK] ASK: Adding orderMktData(price=98,quantity=154)
13:00:20.360 [main] INFO  c.o.v.MutatingMatchOneMarketDataOrderVisitor - [ORDERBOOK] visiting LevelOrderBookLevel(price=43,quantity=4283980)
13:00:20.360 [main] INFO  c.o.v.MutatingMatchOneMarketDataOrderVisitor - [ORDERBOOK] Can't match order:Limit(side=BUY,orderId=3,price=43,quantity=268)(MktData(price=98,quantity=154))
13:00:20.360 [main] INFO  c.o.v.MutatingMatchOneMarketDataOrderVisitor - [ORDERBOOK] Can't match order:Limit(side=BUY,orderId=5,price=43,quantity=1072)(MktData(price=98,quantity=154))
13:00:20.360 [main] INFO  c.o.v.MutatingMatchOneMarketDataOrderVisitor - [ORDERBOOK] Can't match order:Limit(side=BUY,orderId=7,price=43,quantity=4288)(MktData(price=98,quantity=154))
13:00:20.360 [main] INFO  c.o.v.MutatingMatchOneMarketDataOrderVisitor - [ORDERBOOK] Can't match order:Limit(side=BUY,orderId=9,price=43,quantity=17152)(MktData(price=98,quantity=154))
13:00:20.360 [main] INFO  c.o.v.MutatingMatchOneMarketDataOrderVisitor - [ORDERBOOK] Can't match order:Limit(side=BUY,orderId=11,price=43,quantity=68608)(MktData(price=98,quantity=154))
13:00:20.360 [main] INFO  c.o.v.MutatingMatchOneMarketDataOrderVisitor - [ORDERBOOK] Can't match order:Limit(side=BUY,orderId=12,price=43,quantity=137216)(MktData(price=98,quantity=154))
13:00:20.360 [main] INFO  c.o.v.MutatingMatchOneMarketDataOrderVisitor - [ORDERBOOK] Can't match order:Limit(side=BUY,orderId=13,price=43,quantity=274432)(MktData(price=98,quantity=154))
13:00:20.360 [main] INFO  c.o.v.MutatingMatchOneMarketDataOrderVisitor - [ORDERBOOK] Can't match order:Limit(side=BUY,orderId=14,price=43,quantity=548864)(MktData(price=98,quantity=154))
13:00:20.360 [main] INFO  c.o.v.MutatingMatchOneMarketDataOrderVisitor - [ORDERBOOK] Can't match order:Limit(side=BUY,orderId=15,price=43,quantity=1097728)(MktData(price=98,quantity=154))
13:00:20.360 [main] INFO  c.o.v.MutatingMatchOneMarketDataOrderVisitor - [ORDERBOOK] Can't match order:Limit(side=BUY,orderId=16,price=43,quantity=2195456)(MktData(price=98,quantity=154))
13:00:20.360 [main] INFO  c.o.v.MutatingMatchOneMarketDataOrderVisitor - [ORDERBOOK] Can't match order:MktData(price=43,quantity=134)(MktData(price=98,quantity=154))
13:00:20.360 [main] INFO  c.o.v.MutatingRemoveAllMarketDataOrdersVisitor - [ORDERBOOK] Removing market data order:MktData(price=98,quantity=501)
13:00:20.360 [main] INFO  c.o.v.MutatingRemoveAllMarketDataOrdersVisitor - [ORDERBOOK] Removing market data order:MktData(price=110,quantity=5000)
13:00:20.360 [main] INFO  c.o.v.MutatingRemoveAllMarketDataOrdersVisitor - [ORDERBOOK] Removing market data order:MktData(price=123,quantity=453)
13:00:20.360 [main] INFO  c.o.v.MutatingRemoveAllMarketDataOrdersVisitor - [ORDERBOOK] Removing market data order:MktData(price=167,quantity=665)
13:00:20.360 [main] DEBUG c.orderbook.OrderBook - [ORDERBOOK] ASK: Adding orderMktData(price=98,quantity=501)
13:00:20.360 [main] INFO  c.o.visitor.MutatingAddOrderVisitor - [ORDERBOOK] + Limit(side=SELL,orderId=17,price=98,quantity=501)
13:00:20.360 [main] DEBUG c.orderbook.OrderBook - [ORDERBOOK] ASK: Adding orderMktData(price=101,quantity=200)
13:00:20.360 [main] DEBUG c.orderbook.OrderBook - [ORDERBOOK] ASK: Adding orderMktData(price=110,quantity=5000)
13:00:20.360 [main] DEBUG c.orderbook.OrderBook - [ORDERBOOK] ASK: Adding orderMktData(price=119,quantity=5600)
13:00:20.360 [main] DEBUG c.orderbook.OrderBook - [ORDERBOOK] ASK: Adding orderMktData(price=123,quantity=453)
13:00:20.360 [main] DEBUG c.orderbook.OrderBook - [ORDERBOOK] ASK: Adding orderMktData(price=144,quantity=645)
13:00:20.360 [main] DEBUG c.orderbook.OrderBook - [ORDERBOOK] ASK: Adding orderMktData(price=167,quantity=665)
13:00:20.360 [main] DEBUG c.service.MarketDataService - [ALGO] BID: price:43 quantity:134
13:00:20.360 [main] DEBUG c.service.MarketDataService - [ALGO] BID: price:76 quantity:145
13:00:20.360 [main] DEBUG c.service.MarketDataService - [ALGO] BID: price:91 quantity:300
13:00:20.360 [main] DEBUG c.service.MarketDataService - [ALGO] BID: price:93 quantity:200
13:00:20.360 [main] DEBUG c.service.MarketDataService - [ALGO] BID: price:95 quantity:100
13:00:20.360 [main] DEBUG c.service.MarketDataService - [ALGO] BID: price:98 quantity:154
13:00:20.360 [main] DEBUG c.service.MarketDataService - [ALGO] ASK: price:98 quantity:501
13:00:20.360 [main] DEBUG c.service.MarketDataService - [ALGO] ASK: price:101 quantity:200
13:00:20.360 [main] DEBUG c.service.MarketDataService - [ALGO] ASK: price:110 quantity:5000
13:00:20.360 [main] DEBUG c.service.MarketDataService - [ALGO] ASK: price:119 quantity:5600
13:00:20.360 [main] DEBUG c.service.MarketDataService - [ALGO] ASK: price:123 quantity:453
13:00:20.360 [main] DEBUG c.service.MarketDataService - [ALGO] ASK: price:144 quantity:645
13:00:20.360 [main] DEBUG c.service.MarketDataService - [ALGO] ASK: price:167 quantity:665
13:00:20.360 [main] INFO  c.gettingstarted.MyAlgoLogic - [MYALGO] The state of the order book is:
|----BID-----||----ASK----|
    134 @ 43    501 @ 98
    145 @ 76   200 @ 101
    300 @ 91  5000 @ 110
    200 @ 93  5600 @ 119
    100 @ 95   453 @ 123
    154 @ 98   645 @ 144
          -    665 @ 167
|------------||-----------|

13:00:20.360 [main] INFO  c.gettingstarted.MyAlgoLogic - [MYALGO] Algo Sees Book as: 
|----BID-----||----ASK----|
    134 @ 43    501 @ 98
    145 @ 76   200 @ 101
    300 @ 91  5000 @ 110
    200 @ 93  5600 @ 119
    100 @ 95   453 @ 123
    154 @ 98   645 @ 144
          -    665 @ 167
|------------||-----------|

13:00:20.360 [main] INFO  c.gettingstarted.TimedLogic - [TIMEDLOGIC] Market is open
13:00:20.360 [main] INFO  c.sequencer.consumer.LoggingConsumer - [279] 
|----BID-----|
    134 @ 43
    145 @ 76
    300 @ 91
    200 @ 93
    100 @ 95
    154 @ 98
|----ASK-----|
    501 @ 98
   200 @ 101
  5000 @ 110
  5600 @ 119
   453 @ 123
   645 @ 144
   665 @ 167

13:00:20.360 [main] INFO  c.orderbook.OrderBook - [ORDERBOOK] Processing Mkt Data Update
13:00:20.360 [main] INFO  c.o.v.MutatingRemoveAllMarketDataOrdersVisitor - [ORDERBOOK] Removing market data order:MktData(price=43,quantity=134)
13:00:20.360 [main] DEBUG c.orderbook.OrderBook - [ORDERBOOK] ASK: Adding orderMktData(price=43,quantity=134)
13:00:20.360 [main] INFO  c.o.visitor.MutatingAddOrderVisitor - [ORDERBOOK] + Limit(side=BUY,orderId=16,price=43,quantity=2195456)
13:00:20.360 [main] DEBUG c.orderbook.OrderBook - [ORDERBOOK] ASK: Adding orderMktData(price=76,quantity=145)
13:00:20.360 [main] DEBUG c.orderbook.OrderBook - [ORDERBOOK] ASK: Adding orderMktData(price=91,quantity=300)
13:00:20.360 [main] DEBUG c.orderbook.OrderBook - [ORDERBOOK] ASK: Adding orderMktData(price=93,quantity=200)
13:00:20.360 [main] DEBUG c.orderbook.OrderBook - [ORDERBOOK] ASK: Adding orderMktData(price=95,quantity=100)
13:00:20.360 [main] DEBUG c.orderbook.OrderBook - [ORDERBOOK] ASK: Adding orderMktData(price=98,quantity=154)
13:00:20.360 [main] INFO  c.o.v.MutatingMatchOneMarketDataOrderVisitor - [ORDERBOOK] visiting LevelOrderBookLevel(price=43,quantity=4284114)
13:00:20.360 [main] INFO  c.o.v.MutatingMatchOneMarketDataOrderVisitor - [ORDERBOOK] Can't match order:Limit(side=BUY,orderId=3,price=43,quantity=268)(MktData(price=98,quantity=154))
13:00:20.360 [main] INFO  c.o.v.MutatingMatchOneMarketDataOrderVisitor - [ORDERBOOK] Can't match order:Limit(side=BUY,orderId=5,price=43,quantity=1072)(MktData(price=98,quantity=154))
13:00:20.360 [main] INFO  c.o.v.MutatingMatchOneMarketDataOrderVisitor - [ORDERBOOK] Can't match order:Limit(side=BUY,orderId=7,price=43,quantity=4288)(MktData(price=98,quantity=154))
13:00:20.360 [main] INFO  c.o.v.MutatingMatchOneMarketDataOrderVisitor - [ORDERBOOK] Can't match order:Limit(side=BUY,orderId=9,price=43,quantity=17152)(MktData(price=98,quantity=154))
13:00:20.360 [main] INFO  c.o.v.MutatingMatchOneMarketDataOrderVisitor - [ORDERBOOK] Can't match order:Limit(side=BUY,orderId=11,price=43,quantity=68608)(MktData(price=98,quantity=154))
13:00:20.360 [main] INFO  c.o.v.MutatingMatchOneMarketDataOrderVisitor - [ORDERBOOK] Can't match order:Limit(side=BUY,orderId=12,price=43,quantity=137216)(MktData(price=98,quantity=154))
13:00:20.360 [main] INFO  c.o.v.MutatingMatchOneMarketDataOrderVisitor - [ORDERBOOK] Can't match order:Limit(side=BUY,orderId=13,price=43,quantity=274432)(MktData(price=98,quantity=154))
13:00:20.360 [main] INFO  c.o.v.MutatingMatchOneMarketDataOrderVisitor - [ORDERBOOK] Can't match order:Limit(side=BUY,orderId=14,price=43,quantity=548864)(MktData(price=98,quantity=154))
13:00:20.360 [main] INFO  c.o.v.MutatingMatchOneMarketDataOrderVisitor - [ORDERBOOK] Can't match order:Limit(side=BUY,orderId=15,price=43,quantity=1097728)(MktData(price=98,quantity=154))
13:00:20.360 [main] INFO  c.o.v.MutatingMatchOneMarketDataOrderVisitor - [ORDERBOOK] Can't match order:Limit(side=BUY,orderId=16,price=43,quantity=2195456)(MktData(price=98,quantity=154))
13:00:20.360 [main] INFO  c.o.v.MutatingMatchOneMarketDataOrderVisitor - [ORDERBOOK] Can't match order:MktData(price=43,quantity=134)(MktData(price=98,quantity=154))
13:00:20.360 [main] INFO  c.o.v.MutatingRemoveAllMarketDataOrdersVisitor - [ORDERBOOK] Removing market data order:MktData(price=98,quantity=501)
13:00:20.360 [main] INFO  c.o.v.MutatingRemoveAllMarketDataOrdersVisitor - [ORDERBOOK] Removing market data order:MktData(price=110,quantity=5000)
13:00:20.360 [main] INFO  c.o.v.MutatingRemoveAllMarketDataOrdersVisitor - [ORDERBOOK] Removing market data order:MktData(price=123,quantity=453)
13:00:20.360 [main] INFO  c.o.v.MutatingRemoveAllMarketDataOrdersVisitor - [ORDERBOOK] Removing market data order:MktData(price=167,quantity=665)
13:00:20.360 [main] DEBUG c.orderbook.OrderBook - [ORDERBOOK] ASK: Adding orderMktData(price=98,quantity=501)
13:00:20.360 [main] INFO  c.o.visitor.MutatingAddOrderVisitor - [ORDERBOOK] + Limit(side=SELL,orderId=17,price=98,quantity=501)
13:00:20.360 [main] DEBUG c.orderbook.OrderBook - [ORDERBOOK] ASK: Adding orderMktData(price=101,quantity=200)
13:00:20.360 [main] DEBUG c.orderbook.OrderBook - [ORDERBOOK] ASK: Adding orderMktData(price=110,quantity=5000)
13:00:20.360 [main] DEBUG c.orderbook.OrderBook - [ORDERBOOK] ASK: Adding orderMktData(price=119,quantity=5600)
13:00:20.360 [main] DEBUG c.orderbook.OrderBook - [ORDERBOOK] ASK: Adding orderMktData(price=123,quantity=453)
13:00:20.360 [main] DEBUG c.orderbook.OrderBook - [ORDERBOOK] ASK: Adding orderMktData(price=144,quantity=645)
13:00:20.360 [main] DEBUG c.orderbook.OrderBook - [ORDERBOOK] ASK: Adding orderMktData(price=167,quantity=665)
13:00:20.360 [main] DEBUG c.service.MarketDataService - [ALGO] BID: price:43 quantity:134
13:00:20.360 [main] DEBUG c.service.MarketDataService - [ALGO] BID: price:76 quantity:145
13:00:20.360 [main] DEBUG c.service.MarketDataService - [ALGO] BID: price:91 quantity:300
13:00:20.360 [main] DEBUG c.service.MarketDataService - [ALGO] BID: price:93 quantity:200
13:00:20.360 [main] DEBUG c.service.MarketDataService - [ALGO] BID: price:95 quantity:100
13:00:20.360 [main] DEBUG c.service.MarketDataService - [ALGO] BID: price:98 quantity:154
13:00:20.360 [main] DEBUG c.service.MarketDataService - [ALGO] ASK: price:98 quantity:501
13:00:20.360 [main] DEBUG c.service.MarketDataService - [ALGO] ASK: price:101 quantity:200
13:00:20.360 [main] DEBUG c.service.MarketDataService - [ALGO] ASK: price:110 quantity:5000
13:00:20.360 [main] DEBUG c.service.MarketDataService - [ALGO] ASK: price:119 quantity:5600
13:00:20.360 [main] DEBUG c.service.MarketDataService - [ALGO] ASK: price:123 quantity:453
13:00:20.360 [main] DEBUG c.service.MarketDataService - [ALGO] ASK: price:144 quantity:645
13:00:20.360 [main] DEBUG c.service.MarketDataService - [ALGO] ASK: price:167 quantity:665
13:00:20.360 [main] INFO  c.gettingstarted.MyAlgoLogic - [MYALGO] The state of the order book is:
|----BID-----||----ASK----|
    134 @ 43    501 @ 98
    145 @ 76   200 @ 101
    300 @ 91  5000 @ 110
    200 @ 93  5600 @ 119
    100 @ 95   453 @ 123
    154 @ 98   645 @ 144
          -    665 @ 167
|------------||-----------|

13:00:20.360 [main] INFO  c.gettingstarted.MyAlgoLogic - [MYALGO] Algo Sees Book as: 
|----BID-----||----ASK----|
    134 @ 43    501 @ 98
    145 @ 76   200 @ 101
    300 @ 91  5000 @ 110
    200 @ 93  5600 @ 119
    100 @ 95   453 @ 123
    154 @ 98   645 @ 144
          -    665 @ 167
|------------||-----------|

13:00:20.360 [main] INFO  c.gettingstarted.TimedLogic - [TIMEDLOGIC] Market is open
13:00:20.360 [main] INFO  c.sequencer.consumer.LoggingConsumer - [280] 
|----BID-----|
    134 @ 43
    145 @ 76
    300 @ 91
    200 @ 93
    100 @ 95
    154 @ 98
|----ASK-----|
    501 @ 98
   200 @ 101
  5000 @ 110
  5600 @ 119
   453 @ 123
   645 @ 144
   665 @ 167

13:00:20.360 [main] INFO  c.orderbook.OrderBook - [ORDERBOOK] Processing Mkt Data Update
13:00:20.360 [main] INFO  c.o.v.MutatingRemoveAllMarketDataOrdersVisitor - [ORDERBOOK] Removing market data order:MktData(price=43,quantity=134)
13:00:20.360 [main] DEBUG c.orderbook.OrderBook - [ORDERBOOK] ASK: Adding orderMktData(price=43,quantity=134)
13:00:20.360 [main] INFO  c.o.visitor.MutatingAddOrderVisitor - [ORDERBOOK] + Limit(side=BUY,orderId=16,price=43,quantity=2195456)
13:00:20.360 [main] DEBUG c.orderbook.OrderBook - [ORDERBOOK] ASK: Adding orderMktData(price=76,quantity=145)
13:00:20.360 [main] DEBUG c.orderbook.OrderBook - [ORDERBOOK] ASK: Adding orderMktData(price=91,quantity=300)
13:00:20.360 [main] DEBUG c.orderbook.OrderBook - [ORDERBOOK] ASK: Adding orderMktData(price=93,quantity=200)
13:00:20.360 [main] DEBUG c.orderbook.OrderBook - [ORDERBOOK] ASK: Adding orderMktData(price=95,quantity=100)
13:00:20.360 [main] DEBUG c.orderbook.OrderBook - [ORDERBOOK] ASK: Adding orderMktData(price=98,quantity=154)
13:00:20.360 [main] INFO  c.o.v.MutatingMatchOneMarketDataOrderVisitor - [ORDERBOOK] visiting LevelOrderBookLevel(price=43,quantity=4284248)
13:00:20.360 [main] INFO  c.o.v.MutatingMatchOneMarketDataOrderVisitor - [ORDERBOOK] Can't match order:Limit(side=BUY,orderId=3,price=43,quantity=268)(MktData(price=98,quantity=154))
13:00:20.360 [main] INFO  c.o.v.MutatingMatchOneMarketDataOrderVisitor - [ORDERBOOK] Can't match order:Limit(side=BUY,orderId=5,price=43,quantity=1072)(MktData(price=98,quantity=154))
13:00:20.360 [main] INFO  c.o.v.MutatingMatchOneMarketDataOrderVisitor - [ORDERBOOK] Can't match order:Limit(side=BUY,orderId=7,price=43,quantity=4288)(MktData(price=98,quantity=154))
13:00:20.360 [main] INFO  c.o.v.MutatingMatchOneMarketDataOrderVisitor - [ORDERBOOK] Can't match order:Limit(side=BUY,orderId=9,price=43,quantity=17152)(MktData(price=98,quantity=154))
13:00:20.360 [main] INFO  c.o.v.MutatingMatchOneMarketDataOrderVisitor - [ORDERBOOK] Can't match order:Limit(side=BUY,orderId=11,price=43,quantity=68608)(MktData(price=98,quantity=154))
13:00:20.360 [main] INFO  c.o.v.MutatingMatchOneMarketDataOrderVisitor - [ORDERBOOK] Can't match order:Limit(side=BUY,orderId=12,price=43,quantity=137216)(MktData(price=98,quantity=154))
13:00:20.360 [main] INFO  c.o.v.MutatingMatchOneMarketDataOrderVisitor - [ORDERBOOK] Can't match order:Limit(side=BUY,orderId=13,price=43,quantity=274432)(MktData(price=98,quantity=154))
13:00:20.360 [main] INFO  c.o.v.MutatingMatchOneMarketDataOrderVisitor - [ORDERBOOK] Can't match order:Limit(side=BUY,orderId=14,price=43,quantity=548864)(MktData(price=98,quantity=154))
13:00:20.360 [main] INFO  c.o.v.MutatingMatchOneMarketDataOrderVisitor - [ORDERBOOK] Can't match order:Limit(side=BUY,orderId=15,price=43,quantity=1097728)(MktData(price=98,quantity=154))
13:00:20.360 [main] INFO  c.o.v.MutatingMatchOneMarketDataOrderVisitor - [ORDERBOOK] Can't match order:Limit(side=BUY,orderId=16,price=43,quantity=2195456)(MktData(price=98,quantity=154))
13:00:20.360 [main] INFO  c.o.v.MutatingMatchOneMarketDataOrderVisitor - [ORDERBOOK] Can't match order:MktData(price=43,quantity=134)(MktData(price=98,quantity=154))
13:00:20.360 [main] INFO  c.o.v.MutatingRemoveAllMarketDataOrdersVisitor - [ORDERBOOK] Removing market data order:MktData(price=98,quantity=501)
13:00:20.360 [main] INFO  c.o.v.MutatingRemoveAllMarketDataOrdersVisitor - [ORDERBOOK] Removing market data order:MktData(price=110,quantity=5000)
13:00:20.360 [main] INFO  c.o.v.MutatingRemoveAllMarketDataOrdersVisitor - [ORDERBOOK] Removing market data order:MktData(price=123,quantity=453)
13:00:20.360 [main] INFO  c.o.v.MutatingRemoveAllMarketDataOrdersVisitor - [ORDERBOOK] Removing market data order:MktData(price=167,quantity=665)
13:00:20.360 [main] DEBUG c.orderbook.OrderBook - [ORDERBOOK] ASK: Adding orderMktData(price=98,quantity=501)
13:00:20.360 [main] INFO  c.o.visitor.MutatingAddOrderVisitor - [ORDERBOOK] + Limit(side=SELL,orderId=17,price=98,quantity=501)
13:00:20.360 [main] DEBUG c.orderbook.OrderBook - [ORDERBOOK] ASK: Adding orderMktData(price=101,quantity=200)
13:00:20.360 [main] DEBUG c.orderbook.OrderBook - [ORDERBOOK] ASK: Adding orderMktData(price=110,quantity=5000)
13:00:20.360 [main] DEBUG c.orderbook.OrderBook - [ORDERBOOK] ASK: Adding orderMktData(price=119,quantity=5600)
13:00:20.360 [main] DEBUG c.orderbook.OrderBook - [ORDERBOOK] ASK: Adding orderMktData(price=123,quantity=453)
13:00:20.360 [main] DEBUG c.orderbook.OrderBook - [ORDERBOOK] ASK: Adding orderMktData(price=144,quantity=645)
13:00:20.360 [main] DEBUG c.orderbook.OrderBook - [ORDERBOOK] ASK: Adding orderMktData(price=167,quantity=665)
13:00:20.360 [main] DEBUG c.service.MarketDataService - [ALGO] BID: price:43 quantity:134
13:00:20.360 [main] DEBUG c.service.MarketDataService - [ALGO] BID: price:76 quantity:145
13:00:20.360 [main] DEBUG c.service.MarketDataService - [ALGO] BID: price:91 quantity:300
13:00:20.360 [main] DEBUG c.service.MarketDataService - [ALGO] BID: price:93 quantity:200
13:00:20.360 [main] DEBUG c.service.MarketDataService - [ALGO] BID: price:95 quantity:100
13:00:20.360 [main] DEBUG c.service.MarketDataService - [ALGO] BID: price:98 quantity:154
13:00:20.360 [main] DEBUG c.service.MarketDataService - [ALGO] ASK: price:98 quantity:501
13:00:20.360 [main] DEBUG c.service.MarketDataService - [ALGO] ASK: price:101 quantity:200
13:00:20.360 [main] DEBUG c.service.MarketDataService - [ALGO] ASK: price:110 quantity:5000
13:00:20.360 [main] DEBUG c.service.MarketDataService - [ALGO] ASK: price:119 quantity:5600
13:00:20.360 [main] DEBUG c.service.MarketDataService - [ALGO] ASK: price:123 quantity:453
13:00:20.360 [main] DEBUG c.service.MarketDataService - [ALGO] ASK: price:144 quantity:645
13:00:20.360 [main] DEBUG c.service.MarketDataService - [ALGO] ASK: price:167 quantity:665
13:00:20.360 [main] INFO  c.gettingstarted.MyAlgoLogic - [MYALGO] The state of the order book is:
|----BID-----||----ASK----|
    134 @ 43    501 @ 98
    145 @ 76   200 @ 101
    300 @ 91  5000 @ 110
    200 @ 93  5600 @ 119
    100 @ 95   453 @ 123
    154 @ 98   645 @ 144
          -    665 @ 167
|------------||-----------|

13:00:20.360 [main] INFO  c.gettingstarted.MyAlgoLogic - [MYALGO] Algo Sees Book as: 
|----BID-----||----ASK----|
    134 @ 43    501 @ 98
    145 @ 76   200 @ 101
    300 @ 91  5000 @ 110
    200 @ 93  5600 @ 119
    100 @ 95   453 @ 123
    154 @ 98   645 @ 144
          -    665 @ 167
|------------||-----------|

13:00:20.360 [main] INFO  c.gettingstarted.TimedLogic - [TIMEDLOGIC] Market is open
13:00:20.360 [main] INFO  c.sequencer.consumer.LoggingConsumer - [281] 
|----BID-----|
    134 @ 43
    145 @ 76
    300 @ 91
    200 @ 93
    100 @ 95
    154 @ 98
|----ASK-----|
    501 @ 98
   200 @ 101
  5000 @ 110
  5600 @ 119
   453 @ 123
   645 @ 144
   665 @ 167

13:00:20.360 [main] INFO  c.orderbook.OrderBook - [ORDERBOOK] Processing Mkt Data Update
13:00:20.360 [main] INFO  c.o.v.MutatingRemoveAllMarketDataOrdersVisitor - [ORDERBOOK] Removing market data order:MktData(price=43,quantity=134)
13:00:20.360 [main] DEBUG c.orderbook.OrderBook - [ORDERBOOK] ASK: Adding orderMktData(price=43,quantity=134)
13:00:20.360 [main] INFO  c.o.visitor.MutatingAddOrderVisitor - [ORDERBOOK] + Limit(side=BUY,orderId=16,price=43,quantity=2195456)
13:00:20.360 [main] DEBUG c.orderbook.OrderBook - [ORDERBOOK] ASK: Adding orderMktData(price=76,quantity=145)
13:00:20.360 [main] DEBUG c.orderbook.OrderBook - [ORDERBOOK] ASK: Adding orderMktData(price=91,quantity=300)
13:00:20.360 [main] DEBUG c.orderbook.OrderBook - [ORDERBOOK] ASK: Adding orderMktData(price=93,quantity=200)
13:00:20.360 [main] DEBUG c.orderbook.OrderBook - [ORDERBOOK] ASK: Adding orderMktData(price=95,quantity=100)
13:00:20.360 [main] DEBUG c.orderbook.OrderBook - [ORDERBOOK] ASK: Adding orderMktData(price=98,quantity=154)
13:00:20.360 [main] INFO  c.o.v.MutatingMatchOneMarketDataOrderVisitor - [ORDERBOOK] visiting LevelOrderBookLevel(price=43,quantity=4284382)
13:00:20.360 [main] INFO  c.o.v.MutatingMatchOneMarketDataOrderVisitor - [ORDERBOOK] Can't match order:Limit(side=BUY,orderId=3,price=43,quantity=268)(MktData(price=98,quantity=154))
13:00:20.360 [main] INFO  c.o.v.MutatingMatchOneMarketDataOrderVisitor - [ORDERBOOK] Can't match order:Limit(side=BUY,orderId=5,price=43,quantity=1072)(MktData(price=98,quantity=154))
13:00:20.360 [main] INFO  c.o.v.MutatingMatchOneMarketDataOrderVisitor - [ORDERBOOK] Can't match order:Limit(side=BUY,orderId=7,price=43,quantity=4288)(MktData(price=98,quantity=154))
13:00:20.360 [main] INFO  c.o.v.MutatingMatchOneMarketDataOrderVisitor - [ORDERBOOK] Can't match order:Limit(side=BUY,orderId=9,price=43,quantity=17152)(MktData(price=98,quantity=154))
13:00:20.360 [main] INFO  c.o.v.MutatingMatchOneMarketDataOrderVisitor - [ORDERBOOK] Can't match order:Limit(side=BUY,orderId=11,price=43,quantity=68608)(MktData(price=98,quantity=154))
13:00:20.360 [main] INFO  c.o.v.MutatingMatchOneMarketDataOrderVisitor - [ORDERBOOK] Can't match order:Limit(side=BUY,orderId=12,price=43,quantity=137216)(MktData(price=98,quantity=154))
13:00:20.360 [main] INFO  c.o.v.MutatingMatchOneMarketDataOrderVisitor - [ORDERBOOK] Can't match order:Limit(side=BUY,orderId=13,price=43,quantity=274432)(MktData(price=98,quantity=154))
13:00:20.360 [main] INFO  c.o.v.MutatingMatchOneMarketDataOrderVisitor - [ORDERBOOK] Can't match order:Limit(side=BUY,orderId=14,price=43,quantity=548864)(MktData(price=98,quantity=154))
13:00:20.360 [main] INFO  c.o.v.MutatingMatchOneMarketDataOrderVisitor - [ORDERBOOK] Can't match order:Limit(side=BUY,orderId=15,price=43,quantity=1097728)(MktData(price=98,quantity=154))
13:00:20.360 [main] INFO  c.o.v.MutatingMatchOneMarketDataOrderVisitor - [ORDERBOOK] Can't match order:Limit(side=BUY,orderId=16,price=43,quantity=2195456)(MktData(price=98,quantity=154))
13:00:20.360 [main] INFO  c.o.v.MutatingMatchOneMarketDataOrderVisitor - [ORDERBOOK] Can't match order:MktData(price=43,quantity=134)(MktData(price=98,quantity=154))
13:00:20.360 [main] INFO  c.o.v.MutatingRemoveAllMarketDataOrdersVisitor - [ORDERBOOK] Removing market data order:MktData(price=98,quantity=501)
13:00:20.360 [main] INFO  c.o.v.MutatingRemoveAllMarketDataOrdersVisitor - [ORDERBOOK] Removing market data order:MktData(price=110,quantity=5000)
13:00:20.360 [main] INFO  c.o.v.MutatingRemoveAllMarketDataOrdersVisitor - [ORDERBOOK] Removing market data order:MktData(price=123,quantity=453)
13:00:20.360 [main] INFO  c.o.v.MutatingRemoveAllMarketDataOrdersVisitor - [ORDERBOOK] Removing market data order:MktData(price=167,quantity=665)
13:00:20.360 [main] DEBUG c.orderbook.OrderBook - [ORDERBOOK] ASK: Adding orderMktData(price=98,quantity=501)
13:00:20.360 [main] INFO  c.o.visitor.MutatingAddOrderVisitor - [ORDERBOOK] + Limit(side=SELL,orderId=17,price=98,quantity=501)
13:00:20.360 [main] DEBUG c.orderbook.OrderBook - [ORDERBOOK] ASK: Adding orderMktData(price=101,quantity=200)
13:00:20.360 [main] DEBUG c.orderbook.OrderBook - [ORDERBOOK] ASK: Adding orderMktData(price=110,quantity=5000)
13:00:20.360 [main] DEBUG c.orderbook.OrderBook - [ORDERBOOK] ASK: Adding orderMktData(price=119,quantity=5600)
13:00:20.360 [main] DEBUG c.orderbook.OrderBook - [ORDERBOOK] ASK: Adding orderMktData(price=123,quantity=453)
13:00:20.360 [main] DEBUG c.orderbook.OrderBook - [ORDERBOOK] ASK: Adding orderMktData(price=144,quantity=645)
13:00:20.360 [main] DEBUG c.orderbook.OrderBook - [ORDERBOOK] ASK: Adding orderMktData(price=167,quantity=665)
13:00:20.360 [main] DEBUG c.service.MarketDataService - [ALGO] BID: price:43 quantity:134
13:00:20.360 [main] DEBUG c.service.MarketDataService - [ALGO] BID: price:76 quantity:145
13:00:20.360 [main] DEBUG c.service.MarketDataService - [ALGO] BID: price:91 quantity:300
13:00:20.360 [main] DEBUG c.service.MarketDataService - [ALGO] BID: price:93 quantity:200
13:00:20.360 [main] DEBUG c.service.MarketDataService - [ALGO] BID: price:95 quantity:100
13:00:20.360 [main] DEBUG c.service.MarketDataService - [ALGO] BID: price:98 quantity:154
13:00:20.360 [main] DEBUG c.service.MarketDataService - [ALGO] ASK: price:98 quantity:501
13:00:20.360 [main] DEBUG c.service.MarketDataService - [ALGO] ASK: price:101 quantity:200
13:00:20.360 [main] DEBUG c.service.MarketDataService - [ALGO] ASK: price:110 quantity:5000
13:00:20.360 [main] DEBUG c.service.MarketDataService - [ALGO] ASK: price:119 quantity:5600
13:00:20.360 [main] DEBUG c.service.MarketDataService - [ALGO] ASK: price:123 quantity:453
13:00:20.360 [main] DEBUG c.service.MarketDataService - [ALGO] ASK: price:144 quantity:645
13:00:20.360 [main] DEBUG c.service.MarketDataService - [ALGO] ASK: price:167 quantity:665
13:00:20.360 [main] INFO  c.gettingstarted.MyAlgoLogic - [MYALGO] The state of the order book is:
|----BID-----||----ASK----|
    134 @ 43    501 @ 98
    145 @ 76   200 @ 101
    300 @ 91  5000 @ 110
    200 @ 93  5600 @ 119
    100 @ 95   453 @ 123
    154 @ 98   645 @ 144
          -    665 @ 167
|------------||-----------|

13:00:20.360 [main] INFO  c.gettingstarted.MyAlgoLogic - [MYALGO] Algo Sees Book as: 
|----BID-----||----ASK----|
    134 @ 43    501 @ 98
    145 @ 76   200 @ 101
    300 @ 91  5000 @ 110
    200 @ 93  5600 @ 119
    100 @ 95   453 @ 123
    154 @ 98   645 @ 144
          -    665 @ 167
|------------||-----------|

13:00:20.360 [main] INFO  c.gettingstarted.TimedLogic - [TIMEDLOGIC] Market is open
13:00:20.360 [main] INFO  c.sequencer.consumer.LoggingConsumer - [282] 
|----BID-----|
    134 @ 43
    145 @ 76
    300 @ 91
    200 @ 93
    100 @ 95
    154 @ 98
|----ASK-----|
    501 @ 98
   200 @ 101
  5000 @ 110
  5600 @ 119
   453 @ 123
   645 @ 144
   665 @ 167

13:00:20.360 [main] INFO  c.orderbook.OrderBook - [ORDERBOOK] Processing Mkt Data Update
13:00:20.360 [main] INFO  c.o.v.MutatingRemoveAllMarketDataOrdersVisitor - [ORDERBOOK] Removing market data order:MktData(price=43,quantity=134)
13:00:20.360 [main] DEBUG c.orderbook.OrderBook - [ORDERBOOK] ASK: Adding orderMktData(price=43,quantity=134)
13:00:20.360 [main] INFO  c.o.visitor.MutatingAddOrderVisitor - [ORDERBOOK] + Limit(side=BUY,orderId=16,price=43,quantity=2195456)
13:00:20.360 [main] DEBUG c.orderbook.OrderBook - [ORDERBOOK] ASK: Adding orderMktData(price=76,quantity=145)
13:00:20.360 [main] DEBUG c.orderbook.OrderBook - [ORDERBOOK] ASK: Adding orderMktData(price=91,quantity=300)
13:00:20.360 [main] DEBUG c.orderbook.OrderBook - [ORDERBOOK] ASK: Adding orderMktData(price=93,quantity=200)
13:00:20.360 [main] DEBUG c.orderbook.OrderBook - [ORDERBOOK] ASK: Adding orderMktData(price=95,quantity=100)
13:00:20.360 [main] DEBUG c.orderbook.OrderBook - [ORDERBOOK] ASK: Adding orderMktData(price=98,quantity=154)
13:00:20.360 [main] INFO  c.o.v.MutatingMatchOneMarketDataOrderVisitor - [ORDERBOOK] visiting LevelOrderBookLevel(price=43,quantity=4284516)
13:00:20.360 [main] INFO  c.o.v.MutatingMatchOneMarketDataOrderVisitor - [ORDERBOOK] Can't match order:Limit(side=BUY,orderId=3,price=43,quantity=268)(MktData(price=98,quantity=154))
13:00:20.360 [main] INFO  c.o.v.MutatingMatchOneMarketDataOrderVisitor - [ORDERBOOK] Can't match order:Limit(side=BUY,orderId=5,price=43,quantity=1072)(MktData(price=98,quantity=154))
13:00:20.360 [main] INFO  c.o.v.MutatingMatchOneMarketDataOrderVisitor - [ORDERBOOK] Can't match order:Limit(side=BUY,orderId=7,price=43,quantity=4288)(MktData(price=98,quantity=154))
13:00:20.360 [main] INFO  c.o.v.MutatingMatchOneMarketDataOrderVisitor - [ORDERBOOK] Can't match order:Limit(side=BUY,orderId=9,price=43,quantity=17152)(MktData(price=98,quantity=154))
13:00:20.360 [main] INFO  c.o.v.MutatingMatchOneMarketDataOrderVisitor - [ORDERBOOK] Can't match order:Limit(side=BUY,orderId=11,price=43,quantity=68608)(MktData(price=98,quantity=154))
13:00:20.360 [main] INFO  c.o.v.MutatingMatchOneMarketDataOrderVisitor - [ORDERBOOK] Can't match order:Limit(side=BUY,orderId=12,price=43,quantity=137216)(MktData(price=98,quantity=154))
13:00:20.360 [main] INFO  c.o.v.MutatingMatchOneMarketDataOrderVisitor - [ORDERBOOK] Can't match order:Limit(side=BUY,orderId=13,price=43,quantity=274432)(MktData(price=98,quantity=154))
13:00:20.360 [main] INFO  c.o.v.MutatingMatchOneMarketDataOrderVisitor - [ORDERBOOK] Can't match order:Limit(side=BUY,orderId=14,price=43,quantity=548864)(MktData(price=98,quantity=154))
13:00:20.360 [main] INFO  c.o.v.MutatingMatchOneMarketDataOrderVisitor - [ORDERBOOK] Can't match order:Limit(side=BUY,orderId=15,price=43,quantity=1097728)(MktData(price=98,quantity=154))
13:00:20.360 [main] INFO  c.o.v.MutatingMatchOneMarketDataOrderVisitor - [ORDERBOOK] Can't match order:Limit(side=BUY,orderId=16,price=43,quantity=2195456)(MktData(price=98,quantity=154))
13:00:20.360 [main] INFO  c.o.v.MutatingMatchOneMarketDataOrderVisitor - [ORDERBOOK] Can't match order:MktData(price=43,quantity=134)(MktData(price=98,quantity=154))
13:00:20.360 [main] INFO  c.o.v.MutatingRemoveAllMarketDataOrdersVisitor - [ORDERBOOK] Removing market data order:MktData(price=98,quantity=501)
13:00:20.360 [main] INFO  c.o.v.MutatingRemoveAllMarketDataOrdersVisitor - [ORDERBOOK] Removing market data order:MktData(price=110,quantity=5000)
13:00:20.360 [main] INFO  c.o.v.MutatingRemoveAllMarketDataOrdersVisitor - [ORDERBOOK] Removing market data order:MktData(price=123,quantity=453)
13:00:20.360 [main] INFO  c.o.v.MutatingRemoveAllMarketDataOrdersVisitor - [ORDERBOOK] Removing market data order:MktData(price=167,quantity=665)
13:00:20.360 [main] DEBUG c.orderbook.OrderBook - [ORDERBOOK] ASK: Adding orderMktData(price=98,quantity=501)
13:00:20.360 [main] INFO  c.o.visitor.MutatingAddOrderVisitor - [ORDERBOOK] + Limit(side=SELL,orderId=17,price=98,quantity=501)
13:00:20.360 [main] DEBUG c.orderbook.OrderBook - [ORDERBOOK] ASK: Adding orderMktData(price=101,quantity=200)
13:00:20.360 [main] DEBUG c.orderbook.OrderBook - [ORDERBOOK] ASK: Adding orderMktData(price=110,quantity=5000)
13:00:20.360 [main] DEBUG c.orderbook.OrderBook - [ORDERBOOK] ASK: Adding orderMktData(price=119,quantity=5600)
13:00:20.360 [main] DEBUG c.orderbook.OrderBook - [ORDERBOOK] ASK: Adding orderMktData(price=123,quantity=453)
13:00:20.360 [main] DEBUG c.orderbook.OrderBook - [ORDERBOOK] ASK: Adding orderMktData(price=144,quantity=645)
13:00:20.360 [main] DEBUG c.orderbook.OrderBook - [ORDERBOOK] ASK: Adding orderMktData(price=167,quantity=665)
13:00:20.360 [main] DEBUG c.service.MarketDataService - [ALGO] BID: price:43 quantity:134
13:00:20.360 [main] DEBUG c.service.MarketDataService - [ALGO] BID: price:76 quantity:145
13:00:20.360 [main] DEBUG c.service.MarketDataService - [ALGO] BID: price:91 quantity:300
13:00:20.360 [main] DEBUG c.service.MarketDataService - [ALGO] BID: price:93 quantity:200
13:00:20.360 [main] DEBUG c.service.MarketDataService - [ALGO] BID: price:95 quantity:100
13:00:20.360 [main] DEBUG c.service.MarketDataService - [ALGO] BID: price:98 quantity:154
13:00:20.360 [main] DEBUG c.service.MarketDataService - [ALGO] ASK: price:98 quantity:501
13:00:20.360 [main] DEBUG c.service.MarketDataService - [ALGO] ASK: price:101 quantity:200
13:00:20.360 [main] DEBUG c.service.MarketDataService - [ALGO] ASK: price:110 quantity:5000
13:00:20.360 [main] DEBUG c.service.MarketDataService - [ALGO] ASK: price:119 quantity:5600
13:00:20.360 [main] DEBUG c.service.MarketDataService - [ALGO] ASK: price:123 quantity:453
13:00:20.360 [main] DEBUG c.service.MarketDataService - [ALGO] ASK: price:144 quantity:645
13:00:20.360 [main] DEBUG c.service.MarketDataService - [ALGO] ASK: price:167 quantity:665
13:00:20.360 [main] INFO  c.gettingstarted.MyAlgoLogic - [MYALGO] The state of the order book is:
|----BID-----||----ASK----|
    134 @ 43    501 @ 98
    145 @ 76   200 @ 101
    300 @ 91  5000 @ 110
    200 @ 93  5600 @ 119
    100 @ 95   453 @ 123
    154 @ 98   645 @ 144
          -    665 @ 167
|------------||-----------|

13:00:20.360 [main] INFO  c.gettingstarted.MyAlgoLogic - [MYALGO] Algo Sees Book as: 
|----BID-----||----ASK----|
    134 @ 43    501 @ 98
    145 @ 76   200 @ 101
    300 @ 91  5000 @ 110
    200 @ 93  5600 @ 119
    100 @ 95   453 @ 123
    154 @ 98   645 @ 144
          -    665 @ 167
|------------||-----------|

13:00:20.360 [main] INFO  c.gettingstarted.TimedLogic - [TIMEDLOGIC] Market is open
13:00:20.360 [main] INFO  c.sequencer.consumer.LoggingConsumer - [283] 
|----BID-----|
    134 @ 43
    145 @ 76
    300 @ 91
    200 @ 93
    100 @ 95
    154 @ 98
|----ASK-----|
    501 @ 98
   200 @ 101
  5000 @ 110
  5600 @ 119
   453 @ 123
   645 @ 144
   665 @ 167

13:00:20.360 [main] INFO  c.orderbook.OrderBook - [ORDERBOOK] Processing Mkt Data Update
13:00:20.360 [main] INFO  c.o.v.MutatingRemoveAllMarketDataOrdersVisitor - [ORDERBOOK] Removing market data order:MktData(price=43,quantity=134)
13:00:20.360 [main] DEBUG c.orderbook.OrderBook - [ORDERBOOK] ASK: Adding orderMktData(price=43,quantity=134)
13:00:20.360 [main] INFO  c.o.visitor.MutatingAddOrderVisitor - [ORDERBOOK] + Limit(side=BUY,orderId=16,price=43,quantity=2195456)
13:00:20.360 [main] DEBUG c.orderbook.OrderBook - [ORDERBOOK] ASK: Adding orderMktData(price=76,quantity=145)
13:00:20.360 [main] DEBUG c.orderbook.OrderBook - [ORDERBOOK] ASK: Adding orderMktData(price=91,quantity=300)
13:00:20.360 [main] DEBUG c.orderbook.OrderBook - [ORDERBOOK] ASK: Adding orderMktData(price=93,quantity=200)
13:00:20.360 [main] DEBUG c.orderbook.OrderBook - [ORDERBOOK] ASK: Adding orderMktData(price=95,quantity=100)
13:00:20.360 [main] DEBUG c.orderbook.OrderBook - [ORDERBOOK] ASK: Adding orderMktData(price=98,quantity=154)
13:00:20.360 [main] INFO  c.o.v.MutatingMatchOneMarketDataOrderVisitor - [ORDERBOOK] visiting LevelOrderBookLevel(price=43,quantity=4284650)
13:00:20.360 [main] INFO  c.o.v.MutatingMatchOneMarketDataOrderVisitor - [ORDERBOOK] Can't match order:Limit(side=BUY,orderId=3,price=43,quantity=268)(MktData(price=98,quantity=154))
13:00:20.360 [main] INFO  c.o.v.MutatingMatchOneMarketDataOrderVisitor - [ORDERBOOK] Can't match order:Limit(side=BUY,orderId=5,price=43,quantity=1072)(MktData(price=98,quantity=154))
13:00:20.360 [main] INFO  c.o.v.MutatingMatchOneMarketDataOrderVisitor - [ORDERBOOK] Can't match order:Limit(side=BUY,orderId=7,price=43,quantity=4288)(MktData(price=98,quantity=154))
13:00:20.360 [main] INFO  c.o.v.MutatingMatchOneMarketDataOrderVisitor - [ORDERBOOK] Can't match order:Limit(side=BUY,orderId=9,price=43,quantity=17152)(MktData(price=98,quantity=154))
13:00:20.360 [main] INFO  c.o.v.MutatingMatchOneMarketDataOrderVisitor - [ORDERBOOK] Can't match order:Limit(side=BUY,orderId=11,price=43,quantity=68608)(MktData(price=98,quantity=154))
13:00:20.360 [main] INFO  c.o.v.MutatingMatchOneMarketDataOrderVisitor - [ORDERBOOK] Can't match order:Limit(side=BUY,orderId=12,price=43,quantity=137216)(MktData(price=98,quantity=154))
13:00:20.360 [main] INFO  c.o.v.MutatingMatchOneMarketDataOrderVisitor - [ORDERBOOK] Can't match order:Limit(side=BUY,orderId=13,price=43,quantity=274432)(MktData(price=98,quantity=154))
13:00:20.360 [main] INFO  c.o.v.MutatingMatchOneMarketDataOrderVisitor - [ORDERBOOK] Can't match order:Limit(side=BUY,orderId=14,price=43,quantity=548864)(MktData(price=98,quantity=154))
13:00:20.360 [main] INFO  c.o.v.MutatingMatchOneMarketDataOrderVisitor - [ORDERBOOK] Can't match order:Limit(side=BUY,orderId=15,price=43,quantity=1097728)(MktData(price=98,quantity=154))
13:00:20.360 [main] INFO  c.o.v.MutatingMatchOneMarketDataOrderVisitor - [ORDERBOOK] Can't match order:Limit(side=BUY,orderId=16,price=43,quantity=2195456)(MktData(price=98,quantity=154))
13:00:20.360 [main] INFO  c.o.v.MutatingMatchOneMarketDataOrderVisitor - [ORDERBOOK] Can't match order:MktData(price=43,quantity=134)(MktData(price=98,quantity=154))
13:00:20.360 [main] INFO  c.o.v.MutatingRemoveAllMarketDataOrdersVisitor - [ORDERBOOK] Removing market data order:MktData(price=98,quantity=501)
13:00:20.360 [main] INFO  c.o.v.MutatingRemoveAllMarketDataOrdersVisitor - [ORDERBOOK] Removing market data order:MktData(price=110,quantity=5000)
13:00:20.360 [main] INFO  c.o.v.MutatingRemoveAllMarketDataOrdersVisitor - [ORDERBOOK] Removing market data order:MktData(price=123,quantity=453)
13:00:20.360 [main] INFO  c.o.v.MutatingRemoveAllMarketDataOrdersVisitor - [ORDERBOOK] Removing market data order:MktData(price=167,quantity=665)
13:00:20.360 [main] DEBUG c.orderbook.OrderBook - [ORDERBOOK] ASK: Adding orderMktData(price=98,quantity=501)
13:00:20.360 [main] INFO  c.o.visitor.MutatingAddOrderVisitor - [ORDERBOOK] + Limit(side=SELL,orderId=17,price=98,quantity=501)
13:00:20.360 [main] DEBUG c.orderbook.OrderBook - [ORDERBOOK] ASK: Adding orderMktData(price=101,quantity=200)
13:00:20.360 [main] DEBUG c.orderbook.OrderBook - [ORDERBOOK] ASK: Adding orderMktData(price=110,quantity=5000)
13:00:20.360 [main] DEBUG c.orderbook.OrderBook - [ORDERBOOK] ASK: Adding orderMktData(price=119,quantity=5600)
13:00:20.360 [main] DEBUG c.orderbook.OrderBook - [ORDERBOOK] ASK: Adding orderMktData(price=123,quantity=453)
13:00:20.360 [main] DEBUG c.orderbook.OrderBook - [ORDERBOOK] ASK: Adding orderMktData(price=144,quantity=645)
13:00:20.360 [main] DEBUG c.orderbook.OrderBook - [ORDERBOOK] ASK: Adding orderMktData(price=167,quantity=665)
13:00:20.360 [main] DEBUG c.service.MarketDataService - [ALGO] BID: price:43 quantity:134
13:00:20.360 [main] DEBUG c.service.MarketDataService - [ALGO] BID: price:76 quantity:145
13:00:20.360 [main] DEBUG c.service.MarketDataService - [ALGO] BID: price:91 quantity:300
13:00:20.360 [main] DEBUG c.service.MarketDataService - [ALGO] BID: price:93 quantity:200
13:00:20.360 [main] DEBUG c.service.MarketDataService - [ALGO] BID: price:95 quantity:100
13:00:20.360 [main] DEBUG c.service.MarketDataService - [ALGO] BID: price:98 quantity:154
13:00:20.360 [main] DEBUG c.service.MarketDataService - [ALGO] ASK: price:98 quantity:501
13:00:20.360 [main] DEBUG c.service.MarketDataService - [ALGO] ASK: price:101 quantity:200
13:00:20.360 [main] DEBUG c.service.MarketDataService - [ALGO] ASK: price:110 quantity:5000
13:00:20.360 [main] DEBUG c.service.MarketDataService - [ALGO] ASK: price:119 quantity:5600
13:00:20.360 [main] DEBUG c.service.MarketDataService - [ALGO] ASK: price:123 quantity:453
13:00:20.360 [main] DEBUG c.service.MarketDataService - [ALGO] ASK: price:144 quantity:645
13:00:20.360 [main] DEBUG c.service.MarketDataService - [ALGO] ASK: price:167 quantity:665
13:00:20.360 [main] INFO  c.gettingstarted.MyAlgoLogic - [MYALGO] The state of the order book is:
|----BID-----||----ASK----|
    134 @ 43    501 @ 98
    145 @ 76   200 @ 101
    300 @ 91  5000 @ 110
    200 @ 93  5600 @ 119
    100 @ 95   453 @ 123
    154 @ 98   645 @ 144
          -    665 @ 167
|------------||-----------|

13:00:20.360 [main] INFO  c.gettingstarted.MyAlgoLogic - [MYALGO] Algo Sees Book as: 
|----BID-----||----ASK----|
    134 @ 43    501 @ 98
    145 @ 76   200 @ 101
    300 @ 91  5000 @ 110
    200 @ 93  5600 @ 119
    100 @ 95   453 @ 123
    154 @ 98   645 @ 144
          -    665 @ 167
|------------||-----------|

13:00:20.360 [main] INFO  c.gettingstarted.TimedLogic - [TIMEDLOGIC] Market is open
13:00:20.360 [main] INFO  c.sequencer.consumer.LoggingConsumer - [284] 
|----BID-----|
    134 @ 43
    145 @ 76
    300 @ 91
    200 @ 93
    100 @ 95
    154 @ 98
|----ASK-----|
    501 @ 98
   200 @ 101
  5000 @ 110
  5600 @ 119
   453 @ 123
   645 @ 144
   665 @ 167

13:00:20.360 [main] INFO  c.orderbook.OrderBook - [ORDERBOOK] Processing Mkt Data Update
13:00:20.360 [main] INFO  c.o.v.MutatingRemoveAllMarketDataOrdersVisitor - [ORDERBOOK] Removing market data order:MktData(price=43,quantity=134)
13:00:20.360 [main] DEBUG c.orderbook.OrderBook - [ORDERBOOK] ASK: Adding orderMktData(price=43,quantity=134)
13:00:20.360 [main] INFO  c.o.visitor.MutatingAddOrderVisitor - [ORDERBOOK] + Limit(side=BUY,orderId=16,price=43,quantity=2195456)
13:00:20.360 [main] DEBUG c.orderbook.OrderBook - [ORDERBOOK] ASK: Adding orderMktData(price=76,quantity=145)
13:00:20.360 [main] DEBUG c.orderbook.OrderBook - [ORDERBOOK] ASK: Adding orderMktData(price=91,quantity=300)
13:00:20.360 [main] DEBUG c.orderbook.OrderBook - [ORDERBOOK] ASK: Adding orderMktData(price=93,quantity=200)
13:00:20.360 [main] DEBUG c.orderbook.OrderBook - [ORDERBOOK] ASK: Adding orderMktData(price=95,quantity=100)
13:00:20.360 [main] DEBUG c.orderbook.OrderBook - [ORDERBOOK] ASK: Adding orderMktData(price=98,quantity=154)
13:00:20.360 [main] INFO  c.o.v.MutatingMatchOneMarketDataOrderVisitor - [ORDERBOOK] visiting LevelOrderBookLevel(price=43,quantity=4284784)
13:00:20.360 [main] INFO  c.o.v.MutatingMatchOneMarketDataOrderVisitor - [ORDERBOOK] Can't match order:Limit(side=BUY,orderId=3,price=43,quantity=268)(MktData(price=98,quantity=154))
13:00:20.360 [main] INFO  c.o.v.MutatingMatchOneMarketDataOrderVisitor - [ORDERBOOK] Can't match order:Limit(side=BUY,orderId=5,price=43,quantity=1072)(MktData(price=98,quantity=154))
13:00:20.360 [main] INFO  c.o.v.MutatingMatchOneMarketDataOrderVisitor - [ORDERBOOK] Can't match order:Limit(side=BUY,orderId=7,price=43,quantity=4288)(MktData(price=98,quantity=154))
13:00:20.360 [main] INFO  c.o.v.MutatingMatchOneMarketDataOrderVisitor - [ORDERBOOK] Can't match order:Limit(side=BUY,orderId=9,price=43,quantity=17152)(MktData(price=98,quantity=154))
13:00:20.360 [main] INFO  c.o.v.MutatingMatchOneMarketDataOrderVisitor - [ORDERBOOK] Can't match order:Limit(side=BUY,orderId=11,price=43,quantity=68608)(MktData(price=98,quantity=154))
13:00:20.360 [main] INFO  c.o.v.MutatingMatchOneMarketDataOrderVisitor - [ORDERBOOK] Can't match order:Limit(side=BUY,orderId=12,price=43,quantity=137216)(MktData(price=98,quantity=154))
13:00:20.360 [main] INFO  c.o.v.MutatingMatchOneMarketDataOrderVisitor - [ORDERBOOK] Can't match order:Limit(side=BUY,orderId=13,price=43,quantity=274432)(MktData(price=98,quantity=154))
13:00:20.360 [main] INFO  c.o.v.MutatingMatchOneMarketDataOrderVisitor - [ORDERBOOK] Can't match order:Limit(side=BUY,orderId=14,price=43,quantity=548864)(MktData(price=98,quantity=154))
13:00:20.360 [main] INFO  c.o.v.MutatingMatchOneMarketDataOrderVisitor - [ORDERBOOK] Can't match order:Limit(side=BUY,orderId=15,price=43,quantity=1097728)(MktData(price=98,quantity=154))
13:00:20.360 [main] INFO  c.o.v.MutatingMatchOneMarketDataOrderVisitor - [ORDERBOOK] Can't match order:Limit(side=BUY,orderId=16,price=43,quantity=2195456)(MktData(price=98,quantity=154))
13:00:20.360 [main] INFO  c.o.v.MutatingMatchOneMarketDataOrderVisitor - [ORDERBOOK] Can't match order:MktData(price=43,quantity=134)(MktData(price=98,quantity=154))
13:00:20.360 [main] INFO  c.o.v.MutatingRemoveAllMarketDataOrdersVisitor - [ORDERBOOK] Removing market data order:MktData(price=98,quantity=501)
13:00:20.360 [main] INFO  c.o.v.MutatingRemoveAllMarketDataOrdersVisitor - [ORDERBOOK] Removing market data order:MktData(price=110,quantity=5000)
13:00:20.360 [main] INFO  c.o.v.MutatingRemoveAllMarketDataOrdersVisitor - [ORDERBOOK] Removing market data order:MktData(price=123,quantity=453)
13:00:20.360 [main] INFO  c.o.v.MutatingRemoveAllMarketDataOrdersVisitor - [ORDERBOOK] Removing market data order:MktData(price=167,quantity=665)
13:00:20.360 [main] DEBUG c.orderbook.OrderBook - [ORDERBOOK] ASK: Adding orderMktData(price=98,quantity=501)
13:00:20.360 [main] INFO  c.o.visitor.MutatingAddOrderVisitor - [ORDERBOOK] + Limit(side=SELL,orderId=17,price=98,quantity=501)
13:00:20.360 [main] DEBUG c.orderbook.OrderBook - [ORDERBOOK] ASK: Adding orderMktData(price=101,quantity=200)
13:00:20.360 [main] DEBUG c.orderbook.OrderBook - [ORDERBOOK] ASK: Adding orderMktData(price=110,quantity=5000)
13:00:20.360 [main] DEBUG c.orderbook.OrderBook - [ORDERBOOK] ASK: Adding orderMktData(price=119,quantity=5600)
13:00:20.360 [main] DEBUG c.orderbook.OrderBook - [ORDERBOOK] ASK: Adding orderMktData(price=123,quantity=453)
13:00:20.360 [main] DEBUG c.orderbook.OrderBook - [ORDERBOOK] ASK: Adding orderMktData(price=144,quantity=645)
13:00:20.360 [main] DEBUG c.orderbook.OrderBook - [ORDERBOOK] ASK: Adding orderMktData(price=167,quantity=665)
13:00:20.360 [main] DEBUG c.service.MarketDataService - [ALGO] BID: price:43 quantity:134
13:00:20.360 [main] DEBUG c.service.MarketDataService - [ALGO] BID: price:76 quantity:145
13:00:20.360 [main] DEBUG c.service.MarketDataService - [ALGO] BID: price:91 quantity:300
13:00:20.360 [main] DEBUG c.service.MarketDataService - [ALGO] BID: price:93 quantity:200
13:00:20.360 [main] DEBUG c.service.MarketDataService - [ALGO] BID: price:95 quantity:100
13:00:20.360 [main] DEBUG c.service.MarketDataService - [ALGO] BID: price:98 quantity:154
13:00:20.360 [main] DEBUG c.service.MarketDataService - [ALGO] ASK: price:98 quantity:501
13:00:20.360 [main] DEBUG c.service.MarketDataService - [ALGO] ASK: price:101 quantity:200
13:00:20.360 [main] DEBUG c.service.MarketDataService - [ALGO] ASK: price:110 quantity:5000
13:00:20.360 [main] DEBUG c.service.MarketDataService - [ALGO] ASK: price:119 quantity:5600
13:00:20.360 [main] DEBUG c.service.MarketDataService - [ALGO] ASK: price:123 quantity:453
13:00:20.360 [main] DEBUG c.service.MarketDataService - [ALGO] ASK: price:144 quantity:645
13:00:20.360 [main] DEBUG c.service.MarketDataService - [ALGO] ASK: price:167 quantity:665
13:00:20.360 [main] INFO  c.gettingstarted.MyAlgoLogic - [MYALGO] The state of the order book is:
|----BID-----||----ASK----|
    134 @ 43    501 @ 98
    145 @ 76   200 @ 101
    300 @ 91  5000 @ 110
    200 @ 93  5600 @ 119
    100 @ 95   453 @ 123
    154 @ 98   645 @ 144
          -    665 @ 167
|------------||-----------|

13:00:20.360 [main] INFO  c.gettingstarted.MyAlgoLogic - [MYALGO] Algo Sees Book as: 
|----BID-----||----ASK----|
    134 @ 43    501 @ 98
    145 @ 76   200 @ 101
    300 @ 91  5000 @ 110
    200 @ 93  5600 @ 119
    100 @ 95   453 @ 123
    154 @ 98   645 @ 144
          -    665 @ 167
|------------||-----------|

13:00:20.360 [main] INFO  c.gettingstarted.TimedLogic - [TIMEDLOGIC] Market is open
13:00:20.360 [main] INFO  c.sequencer.consumer.LoggingConsumer - [285] 
|----BID-----|
    134 @ 43
    145 @ 76
    300 @ 91
    200 @ 93
    100 @ 95
    154 @ 98
|----ASK-----|
    501 @ 98
   200 @ 101
  5000 @ 110
  5600 @ 119
   453 @ 123
   645 @ 144
   665 @ 167

13:00:20.360 [main] INFO  c.orderbook.OrderBook - [ORDERBOOK] Processing Mkt Data Update
13:00:20.360 [main] INFO  c.o.v.MutatingRemoveAllMarketDataOrdersVisitor - [ORDERBOOK] Removing market data order:MktData(price=43,quantity=134)
13:00:20.360 [main] DEBUG c.orderbook.OrderBook - [ORDERBOOK] ASK: Adding orderMktData(price=43,quantity=134)
13:00:20.360 [main] INFO  c.o.visitor.MutatingAddOrderVisitor - [ORDERBOOK] + Limit(side=BUY,orderId=16,price=43,quantity=2195456)
13:00:20.360 [main] DEBUG c.orderbook.OrderBook - [ORDERBOOK] ASK: Adding orderMktData(price=76,quantity=145)
13:00:20.360 [main] DEBUG c.orderbook.OrderBook - [ORDERBOOK] ASK: Adding orderMktData(price=91,quantity=300)
13:00:20.360 [main] DEBUG c.orderbook.OrderBook - [ORDERBOOK] ASK: Adding orderMktData(price=93,quantity=200)
13:00:20.360 [main] DEBUG c.orderbook.OrderBook - [ORDERBOOK] ASK: Adding orderMktData(price=95,quantity=100)
13:00:20.360 [main] DEBUG c.orderbook.OrderBook - [ORDERBOOK] ASK: Adding orderMktData(price=98,quantity=154)
13:00:20.360 [main] INFO  c.o.v.MutatingMatchOneMarketDataOrderVisitor - [ORDERBOOK] visiting LevelOrderBookLevel(price=43,quantity=4284918)
13:00:20.360 [main] INFO  c.o.v.MutatingMatchOneMarketDataOrderVisitor - [ORDERBOOK] Can't match order:Limit(side=BUY,orderId=3,price=43,quantity=268)(MktData(price=98,quantity=154))
13:00:20.360 [main] INFO  c.o.v.MutatingMatchOneMarketDataOrderVisitor - [ORDERBOOK] Can't match order:Limit(side=BUY,orderId=5,price=43,quantity=1072)(MktData(price=98,quantity=154))
13:00:20.360 [main] INFO  c.o.v.MutatingMatchOneMarketDataOrderVisitor - [ORDERBOOK] Can't match order:Limit(side=BUY,orderId=7,price=43,quantity=4288)(MktData(price=98,quantity=154))
13:00:20.360 [main] INFO  c.o.v.MutatingMatchOneMarketDataOrderVisitor - [ORDERBOOK] Can't match order:Limit(side=BUY,orderId=9,price=43,quantity=17152)(MktData(price=98,quantity=154))
13:00:20.360 [main] INFO  c.o.v.MutatingMatchOneMarketDataOrderVisitor - [ORDERBOOK] Can't match order:Limit(side=BUY,orderId=11,price=43,quantity=68608)(MktData(price=98,quantity=154))
13:00:20.360 [main] INFO  c.o.v.MutatingMatchOneMarketDataOrderVisitor - [ORDERBOOK] Can't match order:Limit(side=BUY,orderId=12,price=43,quantity=137216)(MktData(price=98,quantity=154))
13:00:20.360 [main] INFO  c.o.v.MutatingMatchOneMarketDataOrderVisitor - [ORDERBOOK] Can't match order:Limit(side=BUY,orderId=13,price=43,quantity=274432)(MktData(price=98,quantity=154))
13:00:20.360 [main] INFO  c.o.v.MutatingMatchOneMarketDataOrderVisitor - [ORDERBOOK] Can't match order:Limit(side=BUY,orderId=14,price=43,quantity=548864)(MktData(price=98,quantity=154))
13:00:20.360 [main] INFO  c.o.v.MutatingMatchOneMarketDataOrderVisitor - [ORDERBOOK] Can't match order:Limit(side=BUY,orderId=15,price=43,quantity=1097728)(MktData(price=98,quantity=154))
13:00:20.360 [main] INFO  c.o.v.MutatingMatchOneMarketDataOrderVisitor - [ORDERBOOK] Can't match order:Limit(side=BUY,orderId=16,price=43,quantity=2195456)(MktData(price=98,quantity=154))
13:00:20.360 [main] INFO  c.o.v.MutatingMatchOneMarketDataOrderVisitor - [ORDERBOOK] Can't match order:MktData(price=43,quantity=134)(MktData(price=98,quantity=154))
13:00:20.360 [main] INFO  c.o.v.MutatingRemoveAllMarketDataOrdersVisitor - [ORDERBOOK] Removing market data order:MktData(price=98,quantity=501)
13:00:20.360 [main] INFO  c.o.v.MutatingRemoveAllMarketDataOrdersVisitor - [ORDERBOOK] Removing market data order:MktData(price=110,quantity=5000)
13:00:20.360 [main] INFO  c.o.v.MutatingRemoveAllMarketDataOrdersVisitor - [ORDERBOOK] Removing market data order:MktData(price=123,quantity=453)
13:00:20.360 [main] INFO  c.o.v.MutatingRemoveAllMarketDataOrdersVisitor - [ORDERBOOK] Removing market data order:MktData(price=167,quantity=665)
13:00:20.360 [main] DEBUG c.orderbook.OrderBook - [ORDERBOOK] ASK: Adding orderMktData(price=98,quantity=501)
13:00:20.360 [main] INFO  c.o.visitor.MutatingAddOrderVisitor - [ORDERBOOK] + Limit(side=SELL,orderId=17,price=98,quantity=501)
13:00:20.360 [main] DEBUG c.orderbook.OrderBook - [ORDERBOOK] ASK: Adding orderMktData(price=101,quantity=200)
13:00:20.360 [main] DEBUG c.orderbook.OrderBook - [ORDERBOOK] ASK: Adding orderMktData(price=110,quantity=5000)
13:00:20.360 [main] DEBUG c.orderbook.OrderBook - [ORDERBOOK] ASK: Adding orderMktData(price=119,quantity=5600)
13:00:20.360 [main] DEBUG c.orderbook.OrderBook - [ORDERBOOK] ASK: Adding orderMktData(price=123,quantity=453)
13:00:20.360 [main] DEBUG c.orderbook.OrderBook - [ORDERBOOK] ASK: Adding orderMktData(price=144,quantity=645)
13:00:20.360 [main] DEBUG c.orderbook.OrderBook - [ORDERBOOK] ASK: Adding orderMktData(price=167,quantity=665)
13:00:20.360 [main] DEBUG c.service.MarketDataService - [ALGO] BID: price:43 quantity:134
13:00:20.360 [main] DEBUG c.service.MarketDataService - [ALGO] BID: price:76 quantity:145
13:00:20.360 [main] DEBUG c.service.MarketDataService - [ALGO] BID: price:91 quantity:300
13:00:20.360 [main] DEBUG c.service.MarketDataService - [ALGO] BID: price:93 quantity:200
13:00:20.360 [main] DEBUG c.service.MarketDataService - [ALGO] BID: price:95 quantity:100
13:00:20.360 [main] DEBUG c.service.MarketDataService - [ALGO] BID: price:98 quantity:154
13:00:20.360 [main] DEBUG c.service.MarketDataService - [ALGO] ASK: price:98 quantity:501
13:00:20.360 [main] DEBUG c.service.MarketDataService - [ALGO] ASK: price:101 quantity:200
13:00:20.360 [main] DEBUG c.service.MarketDataService - [ALGO] ASK: price:110 quantity:5000
13:00:20.360 [main] DEBUG c.service.MarketDataService - [ALGO] ASK: price:119 quantity:5600
13:00:20.360 [main] DEBUG c.service.MarketDataService - [ALGO] ASK: price:123 quantity:453
13:00:20.360 [main] DEBUG c.service.MarketDataService - [ALGO] ASK: price:144 quantity:645
13:00:20.360 [main] DEBUG c.service.MarketDataService - [ALGO] ASK: price:167 quantity:665
13:00:20.360 [main] INFO  c.gettingstarted.MyAlgoLogic - [MYALGO] The state of the order book is:
|----BID-----||----ASK----|
    134 @ 43    501 @ 98
    145 @ 76   200 @ 101
    300 @ 91  5000 @ 110
    200 @ 93  5600 @ 119
    100 @ 95   453 @ 123
    154 @ 98   645 @ 144
          -    665 @ 167
|------------||-----------|

13:00:20.360 [main] INFO  c.gettingstarted.MyAlgoLogic - [MYALGO] Algo Sees Book as: 
|----BID-----||----ASK----|
    134 @ 43    501 @ 98
    145 @ 76   200 @ 101
    300 @ 91  5000 @ 110
    200 @ 93  5600 @ 119
    100 @ 95   453 @ 123
    154 @ 98   645 @ 144
          -    665 @ 167
|------------||-----------|

13:00:20.360 [main] INFO  c.gettingstarted.TimedLogic - [TIMEDLOGIC] Market is open
13:00:20.360 [main] INFO  c.sequencer.consumer.LoggingConsumer - [286] 
|----BID-----|
    134 @ 43
    145 @ 76
    300 @ 91
    200 @ 93
    100 @ 95
    154 @ 98
|----ASK-----|
    501 @ 98
   200 @ 101
  5000 @ 110
  5600 @ 119
   453 @ 123
   645 @ 144
   665 @ 167

13:00:20.360 [main] INFO  c.orderbook.OrderBook - [ORDERBOOK] Processing Mkt Data Update
13:00:20.360 [main] INFO  c.o.v.MutatingRemoveAllMarketDataOrdersVisitor - [ORDERBOOK] Removing market data order:MktData(price=43,quantity=134)
13:00:20.360 [main] DEBUG c.orderbook.OrderBook - [ORDERBOOK] ASK: Adding orderMktData(price=43,quantity=134)
13:00:20.360 [main] INFO  c.o.visitor.MutatingAddOrderVisitor - [ORDERBOOK] + Limit(side=BUY,orderId=16,price=43,quantity=2195456)
13:00:20.360 [main] DEBUG c.orderbook.OrderBook - [ORDERBOOK] ASK: Adding orderMktData(price=76,quantity=145)
13:00:20.360 [main] DEBUG c.orderbook.OrderBook - [ORDERBOOK] ASK: Adding orderMktData(price=91,quantity=300)
13:00:20.360 [main] DEBUG c.orderbook.OrderBook - [ORDERBOOK] ASK: Adding orderMktData(price=93,quantity=200)
13:00:20.360 [main] DEBUG c.orderbook.OrderBook - [ORDERBOOK] ASK: Adding orderMktData(price=95,quantity=100)
13:00:20.360 [main] DEBUG c.orderbook.OrderBook - [ORDERBOOK] ASK: Adding orderMktData(price=98,quantity=154)
13:00:20.360 [main] INFO  c.o.v.MutatingMatchOneMarketDataOrderVisitor - [ORDERBOOK] visiting LevelOrderBookLevel(price=43,quantity=4285052)
13:00:20.360 [main] INFO  c.o.v.MutatingMatchOneMarketDataOrderVisitor - [ORDERBOOK] Can't match order:Limit(side=BUY,orderId=3,price=43,quantity=268)(MktData(price=98,quantity=154))
13:00:20.360 [main] INFO  c.o.v.MutatingMatchOneMarketDataOrderVisitor - [ORDERBOOK] Can't match order:Limit(side=BUY,orderId=5,price=43,quantity=1072)(MktData(price=98,quantity=154))
13:00:20.360 [main] INFO  c.o.v.MutatingMatchOneMarketDataOrderVisitor - [ORDERBOOK] Can't match order:Limit(side=BUY,orderId=7,price=43,quantity=4288)(MktData(price=98,quantity=154))
13:00:20.360 [main] INFO  c.o.v.MutatingMatchOneMarketDataOrderVisitor - [ORDERBOOK] Can't match order:Limit(side=BUY,orderId=9,price=43,quantity=17152)(MktData(price=98,quantity=154))
13:00:20.360 [main] INFO  c.o.v.MutatingMatchOneMarketDataOrderVisitor - [ORDERBOOK] Can't match order:Limit(side=BUY,orderId=11,price=43,quantity=68608)(MktData(price=98,quantity=154))
13:00:20.360 [main] INFO  c.o.v.MutatingMatchOneMarketDataOrderVisitor - [ORDERBOOK] Can't match order:Limit(side=BUY,orderId=12,price=43,quantity=137216)(MktData(price=98,quantity=154))
13:00:20.360 [main] INFO  c.o.v.MutatingMatchOneMarketDataOrderVisitor - [ORDERBOOK] Can't match order:Limit(side=BUY,orderId=13,price=43,quantity=274432)(MktData(price=98,quantity=154))
13:00:20.360 [main] INFO  c.o.v.MutatingMatchOneMarketDataOrderVisitor - [ORDERBOOK] Can't match order:Limit(side=BUY,orderId=14,price=43,quantity=548864)(MktData(price=98,quantity=154))
13:00:20.360 [main] INFO  c.o.v.MutatingMatchOneMarketDataOrderVisitor - [ORDERBOOK] Can't match order:Limit(side=BUY,orderId=15,price=43,quantity=1097728)(MktData(price=98,quantity=154))
13:00:20.360 [main] INFO  c.o.v.MutatingMatchOneMarketDataOrderVisitor - [ORDERBOOK] Can't match order:Limit(side=BUY,orderId=16,price=43,quantity=2195456)(MktData(price=98,quantity=154))
13:00:20.360 [main] INFO  c.o.v.MutatingMatchOneMarketDataOrderVisitor - [ORDERBOOK] Can't match order:MktData(price=43,quantity=134)(MktData(price=98,quantity=154))
13:00:20.360 [main] INFO  c.o.v.MutatingRemoveAllMarketDataOrdersVisitor - [ORDERBOOK] Removing market data order:MktData(price=98,quantity=501)
13:00:20.360 [main] INFO  c.o.v.MutatingRemoveAllMarketDataOrdersVisitor - [ORDERBOOK] Removing market data order:MktData(price=110,quantity=5000)
13:00:20.360 [main] INFO  c.o.v.MutatingRemoveAllMarketDataOrdersVisitor - [ORDERBOOK] Removing market data order:MktData(price=123,quantity=453)
13:00:20.360 [main] INFO  c.o.v.MutatingRemoveAllMarketDataOrdersVisitor - [ORDERBOOK] Removing market data order:MktData(price=167,quantity=665)
13:00:20.360 [main] DEBUG c.orderbook.OrderBook - [ORDERBOOK] ASK: Adding orderMktData(price=98,quantity=501)
13:00:20.360 [main] INFO  c.o.visitor.MutatingAddOrderVisitor - [ORDERBOOK] + Limit(side=SELL,orderId=17,price=98,quantity=501)
13:00:20.360 [main] DEBUG c.orderbook.OrderBook - [ORDERBOOK] ASK: Adding orderMktData(price=101,quantity=200)
13:00:20.360 [main] DEBUG c.orderbook.OrderBook - [ORDERBOOK] ASK: Adding orderMktData(price=110,quantity=5000)
13:00:20.360 [main] DEBUG c.orderbook.OrderBook - [ORDERBOOK] ASK: Adding orderMktData(price=119,quantity=5600)
13:00:20.360 [main] DEBUG c.orderbook.OrderBook - [ORDERBOOK] ASK: Adding orderMktData(price=123,quantity=453)
13:00:20.360 [main] DEBUG c.orderbook.OrderBook - [ORDERBOOK] ASK: Adding orderMktData(price=144,quantity=645)
13:00:20.360 [main] DEBUG c.orderbook.OrderBook - [ORDERBOOK] ASK: Adding orderMktData(price=167,quantity=665)
13:00:20.360 [main] DEBUG c.service.MarketDataService - [ALGO] BID: price:43 quantity:134
13:00:20.360 [main] DEBUG c.service.MarketDataService - [ALGO] BID: price:76 quantity:145
13:00:20.360 [main] DEBUG c.service.MarketDataService - [ALGO] BID: price:91 quantity:300
13:00:20.360 [main] DEBUG c.service.MarketDataService - [ALGO] BID: price:93 quantity:200
13:00:20.360 [main] DEBUG c.service.MarketDataService - [ALGO] BID: price:95 quantity:100
13:00:20.360 [main] DEBUG c.service.MarketDataService - [ALGO] BID: price:98 quantity:154
13:00:20.360 [main] DEBUG c.service.MarketDataService - [ALGO] ASK: price:98 quantity:501
13:00:20.360 [main] DEBUG c.service.MarketDataService - [ALGO] ASK: price:101 quantity:200
13:00:20.360 [main] DEBUG c.service.MarketDataService - [ALGO] ASK: price:110 quantity:5000
13:00:20.360 [main] DEBUG c.service.MarketDataService - [ALGO] ASK: price:119 quantity:5600
13:00:20.360 [main] DEBUG c.service.MarketDataService - [ALGO] ASK: price:123 quantity:453
13:00:20.360 [main] DEBUG c.service.MarketDataService - [ALGO] ASK: price:144 quantity:645
13:00:20.360 [main] DEBUG c.service.MarketDataService - [ALGO] ASK: price:167 quantity:665
13:00:20.360 [main] INFO  c.gettingstarted.MyAlgoLogic - [MYALGO] The state of the order book is:
|----BID-----||----ASK----|
    134 @ 43    501 @ 98
    145 @ 76   200 @ 101
    300 @ 91  5000 @ 110
    200 @ 93  5600 @ 119
    100 @ 95   453 @ 123
    154 @ 98   645 @ 144
          -    665 @ 167
|------------||-----------|

13:00:20.360 [main] INFO  c.gettingstarted.MyAlgoLogic - [MYALGO] Algo Sees Book as: 
|----BID-----||----ASK----|
    134 @ 43    501 @ 98
    145 @ 76   200 @ 101
    300 @ 91  5000 @ 110
    200 @ 93  5600 @ 119
    100 @ 95   453 @ 123
    154 @ 98   645 @ 144
          -    665 @ 167
|------------||-----------|

13:00:20.360 [main] INFO  c.gettingstarted.TimedLogic - [TIMEDLOGIC] Market is open
13:00:20.360 [main] INFO  c.sequencer.consumer.LoggingConsumer - [287] 
|----BID-----|
    134 @ 43
    145 @ 76
    300 @ 91
    200 @ 93
    100 @ 95
    154 @ 98
|----ASK-----|
    501 @ 98
   200 @ 101
  5000 @ 110
  5600 @ 119
   453 @ 123
   645 @ 144
   665 @ 167

13:00:20.360 [main] INFO  c.orderbook.OrderBook - [ORDERBOOK] Processing Mkt Data Update
13:00:20.360 [main] INFO  c.o.v.MutatingRemoveAllMarketDataOrdersVisitor - [ORDERBOOK] Removing market data order:MktData(price=43,quantity=134)
13:00:20.360 [main] DEBUG c.orderbook.OrderBook - [ORDERBOOK] ASK: Adding orderMktData(price=43,quantity=134)
13:00:20.360 [main] INFO  c.o.visitor.MutatingAddOrderVisitor - [ORDERBOOK] + Limit(side=BUY,orderId=16,price=43,quantity=2195456)
13:00:20.360 [main] DEBUG c.orderbook.OrderBook - [ORDERBOOK] ASK: Adding orderMktData(price=76,quantity=145)
13:00:20.360 [main] DEBUG c.orderbook.OrderBook - [ORDERBOOK] ASK: Adding orderMktData(price=91,quantity=300)
13:00:20.360 [main] DEBUG c.orderbook.OrderBook - [ORDERBOOK] ASK: Adding orderMktData(price=93,quantity=200)
13:00:20.360 [main] DEBUG c.orderbook.OrderBook - [ORDERBOOK] ASK: Adding orderMktData(price=95,quantity=100)
13:00:20.360 [main] DEBUG c.orderbook.OrderBook - [ORDERBOOK] ASK: Adding orderMktData(price=98,quantity=154)
13:00:20.360 [main] INFO  c.o.v.MutatingMatchOneMarketDataOrderVisitor - [ORDERBOOK] visiting LevelOrderBookLevel(price=43,quantity=4285186)
13:00:20.360 [main] INFO  c.o.v.MutatingMatchOneMarketDataOrderVisitor - [ORDERBOOK] Can't match order:Limit(side=BUY,orderId=3,price=43,quantity=268)(MktData(price=98,quantity=154))
13:00:20.360 [main] INFO  c.o.v.MutatingMatchOneMarketDataOrderVisitor - [ORDERBOOK] Can't match order:Limit(side=BUY,orderId=5,price=43,quantity=1072)(MktData(price=98,quantity=154))
13:00:20.360 [main] INFO  c.o.v.MutatingMatchOneMarketDataOrderVisitor - [ORDERBOOK] Can't match order:Limit(side=BUY,orderId=7,price=43,quantity=4288)(MktData(price=98,quantity=154))
13:00:20.360 [main] INFO  c.o.v.MutatingMatchOneMarketDataOrderVisitor - [ORDERBOOK] Can't match order:Limit(side=BUY,orderId=9,price=43,quantity=17152)(MktData(price=98,quantity=154))
13:00:20.360 [main] INFO  c.o.v.MutatingMatchOneMarketDataOrderVisitor - [ORDERBOOK] Can't match order:Limit(side=BUY,orderId=11,price=43,quantity=68608)(MktData(price=98,quantity=154))
13:00:20.360 [main] INFO  c.o.v.MutatingMatchOneMarketDataOrderVisitor - [ORDERBOOK] Can't match order:Limit(side=BUY,orderId=12,price=43,quantity=137216)(MktData(price=98,quantity=154))
13:00:20.360 [main] INFO  c.o.v.MutatingMatchOneMarketDataOrderVisitor - [ORDERBOOK] Can't match order:Limit(side=BUY,orderId=13,price=43,quantity=274432)(MktData(price=98,quantity=154))
13:00:20.360 [main] INFO  c.o.v.MutatingMatchOneMarketDataOrderVisitor - [ORDERBOOK] Can't match order:Limit(side=BUY,orderId=14,price=43,quantity=548864)(MktData(price=98,quantity=154))
13:00:20.360 [main] INFO  c.o.v.MutatingMatchOneMarketDataOrderVisitor - [ORDERBOOK] Can't match order:Limit(side=BUY,orderId=15,price=43,quantity=1097728)(MktData(price=98,quantity=154))
13:00:20.360 [main] INFO  c.o.v.MutatingMatchOneMarketDataOrderVisitor - [ORDERBOOK] Can't match order:Limit(side=BUY,orderId=16,price=43,quantity=2195456)(MktData(price=98,quantity=154))
13:00:20.360 [main] INFO  c.o.v.MutatingMatchOneMarketDataOrderVisitor - [ORDERBOOK] Can't match order:MktData(price=43,quantity=134)(MktData(price=98,quantity=154))
13:00:20.360 [main] INFO  c.o.v.MutatingRemoveAllMarketDataOrdersVisitor - [ORDERBOOK] Removing market data order:MktData(price=98,quantity=501)
13:00:20.360 [main] INFO  c.o.v.MutatingRemoveAllMarketDataOrdersVisitor - [ORDERBOOK] Removing market data order:MktData(price=110,quantity=5000)
13:00:20.360 [main] INFO  c.o.v.MutatingRemoveAllMarketDataOrdersVisitor - [ORDERBOOK] Removing market data order:MktData(price=123,quantity=453)
13:00:20.360 [main] INFO  c.o.v.MutatingRemoveAllMarketDataOrdersVisitor - [ORDERBOOK] Removing market data order:MktData(price=167,quantity=665)
13:00:20.360 [main] DEBUG c.orderbook.OrderBook - [ORDERBOOK] ASK: Adding orderMktData(price=98,quantity=501)
13:00:20.360 [main] INFO  c.o.visitor.MutatingAddOrderVisitor - [ORDERBOOK] + Limit(side=SELL,orderId=17,price=98,quantity=501)
13:00:20.360 [main] DEBUG c.orderbook.OrderBook - [ORDERBOOK] ASK: Adding orderMktData(price=101,quantity=200)
13:00:20.360 [main] DEBUG c.orderbook.OrderBook - [ORDERBOOK] ASK: Adding orderMktData(price=110,quantity=5000)
13:00:20.360 [main] DEBUG c.orderbook.OrderBook - [ORDERBOOK] ASK: Adding orderMktData(price=119,quantity=5600)
13:00:20.360 [main] DEBUG c.orderbook.OrderBook - [ORDERBOOK] ASK: Adding orderMktData(price=123,quantity=453)
13:00:20.360 [main] DEBUG c.orderbook.OrderBook - [ORDERBOOK] ASK: Adding orderMktData(price=144,quantity=645)
13:00:20.360 [main] DEBUG c.orderbook.OrderBook - [ORDERBOOK] ASK: Adding orderMktData(price=167,quantity=665)
13:00:20.360 [main] DEBUG c.service.MarketDataService - [ALGO] BID: price:43 quantity:134
13:00:20.360 [main] DEBUG c.service.MarketDataService - [ALGO] BID: price:76 quantity:145
13:00:20.360 [main] DEBUG c.service.MarketDataService - [ALGO] BID: price:91 quantity:300
13:00:20.360 [main] DEBUG c.service.MarketDataService - [ALGO] BID: price:93 quantity:200
13:00:20.360 [main] DEBUG c.service.MarketDataService - [ALGO] BID: price:95 quantity:100
13:00:20.360 [main] DEBUG c.service.MarketDataService - [ALGO] BID: price:98 quantity:154
13:00:20.360 [main] DEBUG c.service.MarketDataService - [ALGO] ASK: price:98 quantity:501
13:00:20.360 [main] DEBUG c.service.MarketDataService - [ALGO] ASK: price:101 quantity:200
13:00:20.360 [main] DEBUG c.service.MarketDataService - [ALGO] ASK: price:110 quantity:5000
13:00:20.360 [main] DEBUG c.service.MarketDataService - [ALGO] ASK: price:119 quantity:5600
13:00:20.360 [main] DEBUG c.service.MarketDataService - [ALGO] ASK: price:123 quantity:453
13:00:20.360 [main] DEBUG c.service.MarketDataService - [ALGO] ASK: price:144 quantity:645
13:00:20.360 [main] DEBUG c.service.MarketDataService - [ALGO] ASK: price:167 quantity:665
13:00:20.360 [main] INFO  c.gettingstarted.MyAlgoLogic - [MYALGO] The state of the order book is:
|----BID-----||----ASK----|
    134 @ 43    501 @ 98
    145 @ 76   200 @ 101
    300 @ 91  5000 @ 110
    200 @ 93  5600 @ 119
    100 @ 95   453 @ 123
    154 @ 98   645 @ 144
          -    665 @ 167
|------------||-----------|

13:00:20.360 [main] INFO  c.gettingstarted.MyAlgoLogic - [MYALGO] Algo Sees Book as: 
|----BID-----||----ASK----|
    134 @ 43    501 @ 98
    145 @ 76   200 @ 101
    300 @ 91  5000 @ 110
    200 @ 93  5600 @ 119
    100 @ 95   453 @ 123
    154 @ 98   645 @ 144
          -    665 @ 167
|------------||-----------|

13:00:20.360 [main] INFO  c.gettingstarted.TimedLogic - [TIMEDLOGIC] Market is open
13:00:20.360 [main] INFO  c.sequencer.consumer.LoggingConsumer - [288] 
|----BID-----|
    134 @ 43
    145 @ 76
    300 @ 91
    200 @ 93
    100 @ 95
    154 @ 98
|----ASK-----|
    501 @ 98
   200 @ 101
  5000 @ 110
  5600 @ 119
   453 @ 123
   645 @ 144
   665 @ 167

13:00:20.360 [main] INFO  c.orderbook.OrderBook - [ORDERBOOK] Processing Mkt Data Update
13:00:20.360 [main] INFO  c.o.v.MutatingRemoveAllMarketDataOrdersVisitor - [ORDERBOOK] Removing market data order:MktData(price=43,quantity=134)
13:00:20.360 [main] DEBUG c.orderbook.OrderBook - [ORDERBOOK] ASK: Adding orderMktData(price=43,quantity=134)
13:00:20.360 [main] INFO  c.o.visitor.MutatingAddOrderVisitor - [ORDERBOOK] + Limit(side=BUY,orderId=16,price=43,quantity=2195456)
13:00:20.360 [main] DEBUG c.orderbook.OrderBook - [ORDERBOOK] ASK: Adding orderMktData(price=76,quantity=145)
13:00:20.360 [main] DEBUG c.orderbook.OrderBook - [ORDERBOOK] ASK: Adding orderMktData(price=91,quantity=300)
13:00:20.360 [main] DEBUG c.orderbook.OrderBook - [ORDERBOOK] ASK: Adding orderMktData(price=93,quantity=200)
13:00:20.360 [main] DEBUG c.orderbook.OrderBook - [ORDERBOOK] ASK: Adding orderMktData(price=95,quantity=100)
13:00:20.360 [main] DEBUG c.orderbook.OrderBook - [ORDERBOOK] ASK: Adding orderMktData(price=98,quantity=154)
13:00:20.360 [main] INFO  c.o.v.MutatingMatchOneMarketDataOrderVisitor - [ORDERBOOK] visiting LevelOrderBookLevel(price=43,quantity=4285320)
13:00:20.360 [main] INFO  c.o.v.MutatingMatchOneMarketDataOrderVisitor - [ORDERBOOK] Can't match order:Limit(side=BUY,orderId=3,price=43,quantity=268)(MktData(price=98,quantity=154))
13:00:20.360 [main] INFO  c.o.v.MutatingMatchOneMarketDataOrderVisitor - [ORDERBOOK] Can't match order:Limit(side=BUY,orderId=5,price=43,quantity=1072)(MktData(price=98,quantity=154))
13:00:20.360 [main] INFO  c.o.v.MutatingMatchOneMarketDataOrderVisitor - [ORDERBOOK] Can't match order:Limit(side=BUY,orderId=7,price=43,quantity=4288)(MktData(price=98,quantity=154))
13:00:20.360 [main] INFO  c.o.v.MutatingMatchOneMarketDataOrderVisitor - [ORDERBOOK] Can't match order:Limit(side=BUY,orderId=9,price=43,quantity=17152)(MktData(price=98,quantity=154))
13:00:20.360 [main] INFO  c.o.v.MutatingMatchOneMarketDataOrderVisitor - [ORDERBOOK] Can't match order:Limit(side=BUY,orderId=11,price=43,quantity=68608)(MktData(price=98,quantity=154))
13:00:20.360 [main] INFO  c.o.v.MutatingMatchOneMarketDataOrderVisitor - [ORDERBOOK] Can't match order:Limit(side=BUY,orderId=12,price=43,quantity=137216)(MktData(price=98,quantity=154))
13:00:20.360 [main] INFO  c.o.v.MutatingMatchOneMarketDataOrderVisitor - [ORDERBOOK] Can't match order:Limit(side=BUY,orderId=13,price=43,quantity=274432)(MktData(price=98,quantity=154))
13:00:20.360 [main] INFO  c.o.v.MutatingMatchOneMarketDataOrderVisitor - [ORDERBOOK] Can't match order:Limit(side=BUY,orderId=14,price=43,quantity=548864)(MktData(price=98,quantity=154))
13:00:20.360 [main] INFO  c.o.v.MutatingMatchOneMarketDataOrderVisitor - [ORDERBOOK] Can't match order:Limit(side=BUY,orderId=15,price=43,quantity=1097728)(MktData(price=98,quantity=154))
13:00:20.360 [main] INFO  c.o.v.MutatingMatchOneMarketDataOrderVisitor - [ORDERBOOK] Can't match order:Limit(side=BUY,orderId=16,price=43,quantity=2195456)(MktData(price=98,quantity=154))
13:00:20.360 [main] INFO  c.o.v.MutatingMatchOneMarketDataOrderVisitor - [ORDERBOOK] Can't match order:MktData(price=43,quantity=134)(MktData(price=98,quantity=154))
13:00:20.360 [main] INFO  c.o.v.MutatingRemoveAllMarketDataOrdersVisitor - [ORDERBOOK] Removing market data order:MktData(price=98,quantity=501)
13:00:20.360 [main] INFO  c.o.v.MutatingRemoveAllMarketDataOrdersVisitor - [ORDERBOOK] Removing market data order:MktData(price=110,quantity=5000)
13:00:20.360 [main] INFO  c.o.v.MutatingRemoveAllMarketDataOrdersVisitor - [ORDERBOOK] Removing market data order:MktData(price=123,quantity=453)
13:00:20.360 [main] INFO  c.o.v.MutatingRemoveAllMarketDataOrdersVisitor - [ORDERBOOK] Removing market data order:MktData(price=167,quantity=665)
13:00:20.360 [main] DEBUG c.orderbook.OrderBook - [ORDERBOOK] ASK: Adding orderMktData(price=98,quantity=501)
13:00:20.360 [main] INFO  c.o.visitor.MutatingAddOrderVisitor - [ORDERBOOK] + Limit(side=SELL,orderId=17,price=98,quantity=501)
13:00:20.360 [main] DEBUG c.orderbook.OrderBook - [ORDERBOOK] ASK: Adding orderMktData(price=101,quantity=200)
13:00:20.360 [main] DEBUG c.orderbook.OrderBook - [ORDERBOOK] ASK: Adding orderMktData(price=110,quantity=5000)
13:00:20.360 [main] DEBUG c.orderbook.OrderBook - [ORDERBOOK] ASK: Adding orderMktData(price=119,quantity=5600)
13:00:20.360 [main] DEBUG c.orderbook.OrderBook - [ORDERBOOK] ASK: Adding orderMktData(price=123,quantity=453)
13:00:20.360 [main] DEBUG c.orderbook.OrderBook - [ORDERBOOK] ASK: Adding orderMktData(price=144,quantity=645)
13:00:20.360 [main] DEBUG c.orderbook.OrderBook - [ORDERBOOK] ASK: Adding orderMktData(price=167,quantity=665)
13:00:20.360 [main] DEBUG c.service.MarketDataService - [ALGO] BID: price:43 quantity:134
13:00:20.360 [main] DEBUG c.service.MarketDataService - [ALGO] BID: price:76 quantity:145
13:00:20.360 [main] DEBUG c.service.MarketDataService - [ALGO] BID: price:91 quantity:300
13:00:20.360 [main] DEBUG c.service.MarketDataService - [ALGO] BID: price:93 quantity:200
13:00:20.360 [main] DEBUG c.service.MarketDataService - [ALGO] BID: price:95 quantity:100
13:00:20.360 [main] DEBUG c.service.MarketDataService - [ALGO] BID: price:98 quantity:154
13:00:20.360 [main] DEBUG c.service.MarketDataService - [ALGO] ASK: price:98 quantity:501
13:00:20.360 [main] DEBUG c.service.MarketDataService - [ALGO] ASK: price:101 quantity:200
13:00:20.360 [main] DEBUG c.service.MarketDataService - [ALGO] ASK: price:110 quantity:5000
13:00:20.360 [main] DEBUG c.service.MarketDataService - [ALGO] ASK: price:119 quantity:5600
13:00:20.360 [main] DEBUG c.service.MarketDataService - [ALGO] ASK: price:123 quantity:453
13:00:20.360 [main] DEBUG c.service.MarketDataService - [ALGO] ASK: price:144 quantity:645
13:00:20.360 [main] DEBUG c.service.MarketDataService - [ALGO] ASK: price:167 quantity:665
13:00:20.360 [main] INFO  c.gettingstarted.MyAlgoLogic - [MYALGO] The state of the order book is:
|----BID-----||----ASK----|
    134 @ 43    501 @ 98
    145 @ 76   200 @ 101
    300 @ 91  5000 @ 110
    200 @ 93  5600 @ 119
    100 @ 95   453 @ 123
    154 @ 98   645 @ 144
          -    665 @ 167
|------------||-----------|

13:00:20.360 [main] INFO  c.gettingstarted.MyAlgoLogic - [MYALGO] Algo Sees Book as: 
|----BID-----||----ASK----|
    134 @ 43    501 @ 98
    145 @ 76   200 @ 101
    300 @ 91  5000 @ 110
    200 @ 93  5600 @ 119
    100 @ 95   453 @ 123
    154 @ 98   645 @ 144
          -    665 @ 167
|------------||-----------|

13:00:20.360 [main] INFO  c.gettingstarted.TimedLogic - [TIMEDLOGIC] Market is open
13:00:20.360 [main] INFO  c.sequencer.consumer.LoggingConsumer - [289] 
|----BID-----|
    134 @ 43
    145 @ 76
    300 @ 91
    200 @ 93
    100 @ 95
    154 @ 98
|----ASK-----|
    501 @ 98
   200 @ 101
  5000 @ 110
  5600 @ 119
   453 @ 123
   645 @ 144
   665 @ 167

13:00:20.360 [main] INFO  c.orderbook.OrderBook - [ORDERBOOK] Processing Mkt Data Update
13:00:20.360 [main] INFO  c.o.v.MutatingRemoveAllMarketDataOrdersVisitor - [ORDERBOOK] Removing market data order:MktData(price=43,quantity=134)
13:00:20.360 [main] DEBUG c.orderbook.OrderBook - [ORDERBOOK] ASK: Adding orderMktData(price=43,quantity=134)
13:00:20.360 [main] INFO  c.o.visitor.MutatingAddOrderVisitor - [ORDERBOOK] + Limit(side=BUY,orderId=16,price=43,quantity=2195456)
13:00:20.360 [main] DEBUG c.orderbook.OrderBook - [ORDERBOOK] ASK: Adding orderMktData(price=76,quantity=145)
13:00:20.360 [main] DEBUG c.orderbook.OrderBook - [ORDERBOOK] ASK: Adding orderMktData(price=91,quantity=300)
13:00:20.360 [main] DEBUG c.orderbook.OrderBook - [ORDERBOOK] ASK: Adding orderMktData(price=93,quantity=200)
13:00:20.360 [main] DEBUG c.orderbook.OrderBook - [ORDERBOOK] ASK: Adding orderMktData(price=95,quantity=100)
13:00:20.360 [main] DEBUG c.orderbook.OrderBook - [ORDERBOOK] ASK: Adding orderMktData(price=98,quantity=154)
13:00:20.360 [main] INFO  c.o.v.MutatingMatchOneMarketDataOrderVisitor - [ORDERBOOK] visiting LevelOrderBookLevel(price=43,quantity=4285454)
13:00:20.360 [main] INFO  c.o.v.MutatingMatchOneMarketDataOrderVisitor - [ORDERBOOK] Can't match order:Limit(side=BUY,orderId=3,price=43,quantity=268)(MktData(price=98,quantity=154))
13:00:20.360 [main] INFO  c.o.v.MutatingMatchOneMarketDataOrderVisitor - [ORDERBOOK] Can't match order:Limit(side=BUY,orderId=5,price=43,quantity=1072)(MktData(price=98,quantity=154))
13:00:20.360 [main] INFO  c.o.v.MutatingMatchOneMarketDataOrderVisitor - [ORDERBOOK] Can't match order:Limit(side=BUY,orderId=7,price=43,quantity=4288)(MktData(price=98,quantity=154))
13:00:20.360 [main] INFO  c.o.v.MutatingMatchOneMarketDataOrderVisitor - [ORDERBOOK] Can't match order:Limit(side=BUY,orderId=9,price=43,quantity=17152)(MktData(price=98,quantity=154))
13:00:20.360 [main] INFO  c.o.v.MutatingMatchOneMarketDataOrderVisitor - [ORDERBOOK] Can't match order:Limit(side=BUY,orderId=11,price=43,quantity=68608)(MktData(price=98,quantity=154))
13:00:20.360 [main] INFO  c.o.v.MutatingMatchOneMarketDataOrderVisitor - [ORDERBOOK] Can't match order:Limit(side=BUY,orderId=12,price=43,quantity=137216)(MktData(price=98,quantity=154))
13:00:20.360 [main] INFO  c.o.v.MutatingMatchOneMarketDataOrderVisitor - [ORDERBOOK] Can't match order:Limit(side=BUY,orderId=13,price=43,quantity=274432)(MktData(price=98,quantity=154))
13:00:20.360 [main] INFO  c.o.v.MutatingMatchOneMarketDataOrderVisitor - [ORDERBOOK] Can't match order:Limit(side=BUY,orderId=14,price=43,quantity=548864)(MktData(price=98,quantity=154))
13:00:20.360 [main] INFO  c.o.v.MutatingMatchOneMarketDataOrderVisitor - [ORDERBOOK] Can't match order:Limit(side=BUY,orderId=15,price=43,quantity=1097728)(MktData(price=98,quantity=154))
13:00:20.360 [main] INFO  c.o.v.MutatingMatchOneMarketDataOrderVisitor - [ORDERBOOK] Can't match order:Limit(side=BUY,orderId=16,price=43,quantity=2195456)(MktData(price=98,quantity=154))
13:00:20.360 [main] INFO  c.o.v.MutatingMatchOneMarketDataOrderVisitor - [ORDERBOOK] Can't match order:MktData(price=43,quantity=134)(MktData(price=98,quantity=154))
13:00:20.360 [main] INFO  c.o.v.MutatingRemoveAllMarketDataOrdersVisitor - [ORDERBOOK] Removing market data order:MktData(price=98,quantity=501)
13:00:20.360 [main] INFO  c.o.v.MutatingRemoveAllMarketDataOrdersVisitor - [ORDERBOOK] Removing market data order:MktData(price=110,quantity=5000)
13:00:20.360 [main] INFO  c.o.v.MutatingRemoveAllMarketDataOrdersVisitor - [ORDERBOOK] Removing market data order:MktData(price=123,quantity=453)
13:00:20.360 [main] INFO  c.o.v.MutatingRemoveAllMarketDataOrdersVisitor - [ORDERBOOK] Removing market data order:MktData(price=167,quantity=665)
13:00:20.360 [main] DEBUG c.orderbook.OrderBook - [ORDERBOOK] ASK: Adding orderMktData(price=98,quantity=501)
13:00:20.360 [main] INFO  c.o.visitor.MutatingAddOrderVisitor - [ORDERBOOK] + Limit(side=SELL,orderId=17,price=98,quantity=501)
13:00:20.360 [main] DEBUG c.orderbook.OrderBook - [ORDERBOOK] ASK: Adding orderMktData(price=101,quantity=200)
13:00:20.360 [main] DEBUG c.orderbook.OrderBook - [ORDERBOOK] ASK: Adding orderMktData(price=110,quantity=5000)
13:00:20.360 [main] DEBUG c.orderbook.OrderBook - [ORDERBOOK] ASK: Adding orderMktData(price=119,quantity=5600)
13:00:20.360 [main] DEBUG c.orderbook.OrderBook - [ORDERBOOK] ASK: Adding orderMktData(price=123,quantity=453)
13:00:20.360 [main] DEBUG c.orderbook.OrderBook - [ORDERBOOK] ASK: Adding orderMktData(price=144,quantity=645)
13:00:20.360 [main] DEBUG c.orderbook.OrderBook - [ORDERBOOK] ASK: Adding orderMktData(price=167,quantity=665)
13:00:20.360 [main] DEBUG c.service.MarketDataService - [ALGO] BID: price:43 quantity:134
13:00:20.360 [main] DEBUG c.service.MarketDataService - [ALGO] BID: price:76 quantity:145
13:00:20.360 [main] DEBUG c.service.MarketDataService - [ALGO] BID: price:91 quantity:300
13:00:20.360 [main] DEBUG c.service.MarketDataService - [ALGO] BID: price:93 quantity:200
13:00:20.360 [main] DEBUG c.service.MarketDataService - [ALGO] BID: price:95 quantity:100
13:00:20.360 [main] DEBUG c.service.MarketDataService - [ALGO] BID: price:98 quantity:154
13:00:20.360 [main] DEBUG c.service.MarketDataService - [ALGO] ASK: price:98 quantity:501
13:00:20.360 [main] DEBUG c.service.MarketDataService - [ALGO] ASK: price:101 quantity:200
13:00:20.360 [main] DEBUG c.service.MarketDataService - [ALGO] ASK: price:110 quantity:5000
13:00:20.360 [main] DEBUG c.service.MarketDataService - [ALGO] ASK: price:119 quantity:5600
13:00:20.360 [main] DEBUG c.service.MarketDataService - [ALGO] ASK: price:123 quantity:453
13:00:20.360 [main] DEBUG c.service.MarketDataService - [ALGO] ASK: price:144 quantity:645
13:00:20.360 [main] DEBUG c.service.MarketDataService - [ALGO] ASK: price:167 quantity:665
13:00:20.360 [main] INFO  c.gettingstarted.MyAlgoLogic - [MYALGO] The state of the order book is:
|----BID-----||----ASK----|
    134 @ 43    501 @ 98
    145 @ 76   200 @ 101
    300 @ 91  5000 @ 110
    200 @ 93  5600 @ 119
    100 @ 95   453 @ 123
    154 @ 98   645 @ 144
          -    665 @ 167
|------------||-----------|

13:00:20.360 [main] INFO  c.gettingstarted.MyAlgoLogic - [MYALGO] Algo Sees Book as: 
|----BID-----||----ASK----|
    134 @ 43    501 @ 98
    145 @ 76   200 @ 101
    300 @ 91  5000 @ 110
    200 @ 93  5600 @ 119
    100 @ 95   453 @ 123
    154 @ 98   645 @ 144
          -    665 @ 167
|------------||-----------|

13:00:20.360 [main] INFO  c.gettingstarted.TimedLogic - [TIMEDLOGIC] Market is open
13:00:20.360 [main] INFO  c.sequencer.consumer.LoggingConsumer - [290] 
|----BID-----|
    134 @ 43
    145 @ 76
    300 @ 91
    200 @ 93
    100 @ 95
    154 @ 98
|----ASK-----|
    501 @ 98
   200 @ 101
  5000 @ 110
  5600 @ 119
   453 @ 123
   645 @ 144
   665 @ 167

13:00:20.360 [main] INFO  c.orderbook.OrderBook - [ORDERBOOK] Processing Mkt Data Update
13:00:20.360 [main] INFO  c.o.v.MutatingRemoveAllMarketDataOrdersVisitor - [ORDERBOOK] Removing market data order:MktData(price=43,quantity=134)
13:00:20.360 [main] DEBUG c.orderbook.OrderBook - [ORDERBOOK] ASK: Adding orderMktData(price=43,quantity=134)
13:00:20.360 [main] INFO  c.o.visitor.MutatingAddOrderVisitor - [ORDERBOOK] + Limit(side=BUY,orderId=16,price=43,quantity=2195456)
13:00:20.360 [main] DEBUG c.orderbook.OrderBook - [ORDERBOOK] ASK: Adding orderMktData(price=76,quantity=145)
13:00:20.360 [main] DEBUG c.orderbook.OrderBook - [ORDERBOOK] ASK: Adding orderMktData(price=91,quantity=300)
13:00:20.360 [main] DEBUG c.orderbook.OrderBook - [ORDERBOOK] ASK: Adding orderMktData(price=93,quantity=200)
13:00:20.360 [main] DEBUG c.orderbook.OrderBook - [ORDERBOOK] ASK: Adding orderMktData(price=95,quantity=100)
13:00:20.360 [main] DEBUG c.orderbook.OrderBook - [ORDERBOOK] ASK: Adding orderMktData(price=98,quantity=154)
13:00:20.360 [main] INFO  c.o.v.MutatingMatchOneMarketDataOrderVisitor - [ORDERBOOK] visiting LevelOrderBookLevel(price=43,quantity=4285588)
13:00:20.360 [main] INFO  c.o.v.MutatingMatchOneMarketDataOrderVisitor - [ORDERBOOK] Can't match order:Limit(side=BUY,orderId=3,price=43,quantity=268)(MktData(price=98,quantity=154))
13:00:20.360 [main] INFO  c.o.v.MutatingMatchOneMarketDataOrderVisitor - [ORDERBOOK] Can't match order:Limit(side=BUY,orderId=5,price=43,quantity=1072)(MktData(price=98,quantity=154))
13:00:20.360 [main] INFO  c.o.v.MutatingMatchOneMarketDataOrderVisitor - [ORDERBOOK] Can't match order:Limit(side=BUY,orderId=7,price=43,quantity=4288)(MktData(price=98,quantity=154))
13:00:20.360 [main] INFO  c.o.v.MutatingMatchOneMarketDataOrderVisitor - [ORDERBOOK] Can't match order:Limit(side=BUY,orderId=9,price=43,quantity=17152)(MktData(price=98,quantity=154))
13:00:20.360 [main] INFO  c.o.v.MutatingMatchOneMarketDataOrderVisitor - [ORDERBOOK] Can't match order:Limit(side=BUY,orderId=11,price=43,quantity=68608)(MktData(price=98,quantity=154))
13:00:20.360 [main] INFO  c.o.v.MutatingMatchOneMarketDataOrderVisitor - [ORDERBOOK] Can't match order:Limit(side=BUY,orderId=12,price=43,quantity=137216)(MktData(price=98,quantity=154))
13:00:20.360 [main] INFO  c.o.v.MutatingMatchOneMarketDataOrderVisitor - [ORDERBOOK] Can't match order:Limit(side=BUY,orderId=13,price=43,quantity=274432)(MktData(price=98,quantity=154))
13:00:20.360 [main] INFO  c.o.v.MutatingMatchOneMarketDataOrderVisitor - [ORDERBOOK] Can't match order:Limit(side=BUY,orderId=14,price=43,quantity=548864)(MktData(price=98,quantity=154))
13:00:20.360 [main] INFO  c.o.v.MutatingMatchOneMarketDataOrderVisitor - [ORDERBOOK] Can't match order:Limit(side=BUY,orderId=15,price=43,quantity=1097728)(MktData(price=98,quantity=154))
13:00:20.360 [main] INFO  c.o.v.MutatingMatchOneMarketDataOrderVisitor - [ORDERBOOK] Can't match order:Limit(side=BUY,orderId=16,price=43,quantity=2195456)(MktData(price=98,quantity=154))
13:00:20.360 [main] INFO  c.o.v.MutatingMatchOneMarketDataOrderVisitor - [ORDERBOOK] Can't match order:MktData(price=43,quantity=134)(MktData(price=98,quantity=154))
13:00:20.360 [main] INFO  c.o.v.MutatingRemoveAllMarketDataOrdersVisitor - [ORDERBOOK] Removing market data order:MktData(price=98,quantity=501)
13:00:20.360 [main] INFO  c.o.v.MutatingRemoveAllMarketDataOrdersVisitor - [ORDERBOOK] Removing market data order:MktData(price=110,quantity=5000)
13:00:20.360 [main] INFO  c.o.v.MutatingRemoveAllMarketDataOrdersVisitor - [ORDERBOOK] Removing market data order:MktData(price=123,quantity=453)
13:00:20.360 [main] INFO  c.o.v.MutatingRemoveAllMarketDataOrdersVisitor - [ORDERBOOK] Removing market data order:MktData(price=167,quantity=665)
13:00:20.360 [main] DEBUG c.orderbook.OrderBook - [ORDERBOOK] ASK: Adding orderMktData(price=98,quantity=501)
13:00:20.360 [main] INFO  c.o.visitor.MutatingAddOrderVisitor - [ORDERBOOK] + Limit(side=SELL,orderId=17,price=98,quantity=501)
13:00:20.360 [main] DEBUG c.orderbook.OrderBook - [ORDERBOOK] ASK: Adding orderMktData(price=101,quantity=200)
13:00:20.360 [main] DEBUG c.orderbook.OrderBook - [ORDERBOOK] ASK: Adding orderMktData(price=110,quantity=5000)
13:00:20.360 [main] DEBUG c.orderbook.OrderBook - [ORDERBOOK] ASK: Adding orderMktData(price=119,quantity=5600)
13:00:20.360 [main] DEBUG c.orderbook.OrderBook - [ORDERBOOK] ASK: Adding orderMktData(price=123,quantity=453)
13:00:20.360 [main] DEBUG c.orderbook.OrderBook - [ORDERBOOK] ASK: Adding orderMktData(price=144,quantity=645)
13:00:20.360 [main] DEBUG c.orderbook.OrderBook - [ORDERBOOK] ASK: Adding orderMktData(price=167,quantity=665)
13:00:20.360 [main] DEBUG c.service.MarketDataService - [ALGO] BID: price:43 quantity:134
13:00:20.360 [main] DEBUG c.service.MarketDataService - [ALGO] BID: price:76 quantity:145
13:00:20.360 [main] DEBUG c.service.MarketDataService - [ALGO] BID: price:91 quantity:300
13:00:20.360 [main] DEBUG c.service.MarketDataService - [ALGO] BID: price:93 quantity:200
13:00:20.360 [main] DEBUG c.service.MarketDataService - [ALGO] BID: price:95 quantity:100
13:00:20.360 [main] DEBUG c.service.MarketDataService - [ALGO] BID: price:98 quantity:154
13:00:20.360 [main] DEBUG c.service.MarketDataService - [ALGO] ASK: price:98 quantity:501
13:00:20.360 [main] DEBUG c.service.MarketDataService - [ALGO] ASK: price:101 quantity:200
13:00:20.360 [main] DEBUG c.service.MarketDataService - [ALGO] ASK: price:110 quantity:5000
13:00:20.360 [main] DEBUG c.service.MarketDataService - [ALGO] ASK: price:119 quantity:5600
13:00:20.360 [main] DEBUG c.service.MarketDataService - [ALGO] ASK: price:123 quantity:453
13:00:20.360 [main] DEBUG c.service.MarketDataService - [ALGO] ASK: price:144 quantity:645
13:00:20.360 [main] DEBUG c.service.MarketDataService - [ALGO] ASK: price:167 quantity:665
13:00:20.360 [main] INFO  c.gettingstarted.MyAlgoLogic - [MYALGO] The state of the order book is:
|----BID-----||----ASK----|
    134 @ 43    501 @ 98
    145 @ 76   200 @ 101
    300 @ 91  5000 @ 110
    200 @ 93  5600 @ 119
    100 @ 95   453 @ 123
    154 @ 98   645 @ 144
          -    665 @ 167
|------------||-----------|

13:00:20.360 [main] INFO  c.gettingstarted.MyAlgoLogic - [MYALGO] Algo Sees Book as: 
|----BID-----||----ASK----|
    134 @ 43    501 @ 98
    145 @ 76   200 @ 101
    300 @ 91  5000 @ 110
    200 @ 93  5600 @ 119
    100 @ 95   453 @ 123
    154 @ 98   645 @ 144
          -    665 @ 167
|------------||-----------|

13:00:20.360 [main] INFO  c.gettingstarted.TimedLogic - [TIMEDLOGIC] Market is open
13:00:20.360 [main] INFO  c.sequencer.consumer.LoggingConsumer - [291] 
|----BID-----|
    134 @ 43
    145 @ 76
    300 @ 91
    200 @ 93
    100 @ 95
    154 @ 98
|----ASK-----|
    501 @ 98
   200 @ 101
  5000 @ 110
  5600 @ 119
   453 @ 123
   645 @ 144
   665 @ 167

13:00:20.360 [main] INFO  c.orderbook.OrderBook - [ORDERBOOK] Processing Mkt Data Update
13:00:20.360 [main] INFO  c.o.v.MutatingRemoveAllMarketDataOrdersVisitor - [ORDERBOOK] Removing market data order:MktData(price=43,quantity=134)
13:00:20.360 [main] DEBUG c.orderbook.OrderBook - [ORDERBOOK] ASK: Adding orderMktData(price=43,quantity=134)
13:00:20.360 [main] INFO  c.o.visitor.MutatingAddOrderVisitor - [ORDERBOOK] + Limit(side=BUY,orderId=16,price=43,quantity=2195456)
13:00:20.360 [main] DEBUG c.orderbook.OrderBook - [ORDERBOOK] ASK: Adding orderMktData(price=76,quantity=145)
13:00:20.360 [main] DEBUG c.orderbook.OrderBook - [ORDERBOOK] ASK: Adding orderMktData(price=91,quantity=300)
13:00:20.360 [main] DEBUG c.orderbook.OrderBook - [ORDERBOOK] ASK: Adding orderMktData(price=93,quantity=200)
13:00:20.360 [main] DEBUG c.orderbook.OrderBook - [ORDERBOOK] ASK: Adding orderMktData(price=95,quantity=100)
13:00:20.360 [main] DEBUG c.orderbook.OrderBook - [ORDERBOOK] ASK: Adding orderMktData(price=98,quantity=154)
13:00:20.360 [main] INFO  c.o.v.MutatingMatchOneMarketDataOrderVisitor - [ORDERBOOK] visiting LevelOrderBookLevel(price=43,quantity=4285722)
13:00:20.360 [main] INFO  c.o.v.MutatingMatchOneMarketDataOrderVisitor - [ORDERBOOK] Can't match order:Limit(side=BUY,orderId=3,price=43,quantity=268)(MktData(price=98,quantity=154))
13:00:20.360 [main] INFO  c.o.v.MutatingMatchOneMarketDataOrderVisitor - [ORDERBOOK] Can't match order:Limit(side=BUY,orderId=5,price=43,quantity=1072)(MktData(price=98,quantity=154))
13:00:20.360 [main] INFO  c.o.v.MutatingMatchOneMarketDataOrderVisitor - [ORDERBOOK] Can't match order:Limit(side=BUY,orderId=7,price=43,quantity=4288)(MktData(price=98,quantity=154))
13:00:20.360 [main] INFO  c.o.v.MutatingMatchOneMarketDataOrderVisitor - [ORDERBOOK] Can't match order:Limit(side=BUY,orderId=9,price=43,quantity=17152)(MktData(price=98,quantity=154))
13:00:20.376 [main] INFO  c.o.v.MutatingMatchOneMarketDataOrderVisitor - [ORDERBOOK] Can't match order:Limit(side=BUY,orderId=11,price=43,quantity=68608)(MktData(price=98,quantity=154))
13:00:20.376 [main] INFO  c.o.v.MutatingMatchOneMarketDataOrderVisitor - [ORDERBOOK] Can't match order:Limit(side=BUY,orderId=12,price=43,quantity=137216)(MktData(price=98,quantity=154))
13:00:20.376 [main] INFO  c.o.v.MutatingMatchOneMarketDataOrderVisitor - [ORDERBOOK] Can't match order:Limit(side=BUY,orderId=13,price=43,quantity=274432)(MktData(price=98,quantity=154))
13:00:20.376 [main] INFO  c.o.v.MutatingMatchOneMarketDataOrderVisitor - [ORDERBOOK] Can't match order:Limit(side=BUY,orderId=14,price=43,quantity=548864)(MktData(price=98,quantity=154))
13:00:20.376 [main] INFO  c.o.v.MutatingMatchOneMarketDataOrderVisitor - [ORDERBOOK] Can't match order:Limit(side=BUY,orderId=15,price=43,quantity=1097728)(MktData(price=98,quantity=154))
13:00:20.376 [main] INFO  c.o.v.MutatingMatchOneMarketDataOrderVisitor - [ORDERBOOK] Can't match order:Limit(side=BUY,orderId=16,price=43,quantity=2195456)(MktData(price=98,quantity=154))
13:00:20.376 [main] INFO  c.o.v.MutatingMatchOneMarketDataOrderVisitor - [ORDERBOOK] Can't match order:MktData(price=43,quantity=134)(MktData(price=98,quantity=154))
13:00:20.376 [main] INFO  c.o.v.MutatingRemoveAllMarketDataOrdersVisitor - [ORDERBOOK] Removing market data order:MktData(price=98,quantity=501)
13:00:20.376 [main] INFO  c.o.v.MutatingRemoveAllMarketDataOrdersVisitor - [ORDERBOOK] Removing market data order:MktData(price=110,quantity=5000)
13:00:20.376 [main] INFO  c.o.v.MutatingRemoveAllMarketDataOrdersVisitor - [ORDERBOOK] Removing market data order:MktData(price=123,quantity=453)
13:00:20.376 [main] INFO  c.o.v.MutatingRemoveAllMarketDataOrdersVisitor - [ORDERBOOK] Removing market data order:MktData(price=167,quantity=665)
13:00:20.376 [main] DEBUG c.orderbook.OrderBook - [ORDERBOOK] ASK: Adding orderMktData(price=98,quantity=501)
13:00:20.376 [main] INFO  c.o.visitor.MutatingAddOrderVisitor - [ORDERBOOK] + Limit(side=SELL,orderId=17,price=98,quantity=501)
13:00:20.376 [main] DEBUG c.orderbook.OrderBook - [ORDERBOOK] ASK: Adding orderMktData(price=101,quantity=200)
13:00:20.376 [main] DEBUG c.orderbook.OrderBook - [ORDERBOOK] ASK: Adding orderMktData(price=110,quantity=5000)
13:00:20.376 [main] DEBUG c.orderbook.OrderBook - [ORDERBOOK] ASK: Adding orderMktData(price=119,quantity=5600)
13:00:20.376 [main] DEBUG c.orderbook.OrderBook - [ORDERBOOK] ASK: Adding orderMktData(price=123,quantity=453)
13:00:20.376 [main] DEBUG c.orderbook.OrderBook - [ORDERBOOK] ASK: Adding orderMktData(price=144,quantity=645)
13:00:20.376 [main] DEBUG c.orderbook.OrderBook - [ORDERBOOK] ASK: Adding orderMktData(price=167,quantity=665)
13:00:20.376 [main] DEBUG c.service.MarketDataService - [ALGO] BID: price:43 quantity:134
13:00:20.376 [main] DEBUG c.service.MarketDataService - [ALGO] BID: price:76 quantity:145
13:00:20.376 [main] DEBUG c.service.MarketDataService - [ALGO] BID: price:91 quantity:300
13:00:20.376 [main] DEBUG c.service.MarketDataService - [ALGO] BID: price:93 quantity:200
13:00:20.376 [main] DEBUG c.service.MarketDataService - [ALGO] BID: price:95 quantity:100
13:00:20.376 [main] DEBUG c.service.MarketDataService - [ALGO] BID: price:98 quantity:154
13:00:20.376 [main] DEBUG c.service.MarketDataService - [ALGO] ASK: price:98 quantity:501
13:00:20.376 [main] DEBUG c.service.MarketDataService - [ALGO] ASK: price:101 quantity:200
13:00:20.376 [main] DEBUG c.service.MarketDataService - [ALGO] ASK: price:110 quantity:5000
13:00:20.376 [main] DEBUG c.service.MarketDataService - [ALGO] ASK: price:119 quantity:5600
13:00:20.376 [main] DEBUG c.service.MarketDataService - [ALGO] ASK: price:123 quantity:453
13:00:20.376 [main] DEBUG c.service.MarketDataService - [ALGO] ASK: price:144 quantity:645
13:00:20.376 [main] DEBUG c.service.MarketDataService - [ALGO] ASK: price:167 quantity:665
13:00:20.376 [main] INFO  c.gettingstarted.MyAlgoLogic - [MYALGO] The state of the order book is:
|----BID-----||----ASK----|
    134 @ 43    501 @ 98
    145 @ 76   200 @ 101
    300 @ 91  5000 @ 110
    200 @ 93  5600 @ 119
    100 @ 95   453 @ 123
    154 @ 98   645 @ 144
          -    665 @ 167
|------------||-----------|

13:00:20.376 [main] INFO  c.gettingstarted.MyAlgoLogic - [MYALGO] Algo Sees Book as: 
|----BID-----||----ASK----|
    134 @ 43    501 @ 98
    145 @ 76   200 @ 101
    300 @ 91  5000 @ 110
    200 @ 93  5600 @ 119
    100 @ 95   453 @ 123
    154 @ 98   645 @ 144
          -    665 @ 167
|------------||-----------|

13:00:20.376 [main] INFO  c.gettingstarted.TimedLogic - [TIMEDLOGIC] Market is open
13:00:20.376 [main] INFO  c.sequencer.consumer.LoggingConsumer - [292] 
|----BID-----|
    134 @ 43
    145 @ 76
    300 @ 91
    200 @ 93
    100 @ 95
    154 @ 98
|----ASK-----|
    501 @ 98
   200 @ 101
  5000 @ 110
  5600 @ 119
   453 @ 123
   645 @ 144
   665 @ 167

13:00:20.376 [main] INFO  c.orderbook.OrderBook - [ORDERBOOK] Processing Mkt Data Update
13:00:20.376 [main] INFO  c.o.v.MutatingRemoveAllMarketDataOrdersVisitor - [ORDERBOOK] Removing market data order:MktData(price=43,quantity=134)
13:00:20.376 [main] DEBUG c.orderbook.OrderBook - [ORDERBOOK] ASK: Adding orderMktData(price=43,quantity=134)
13:00:20.376 [main] INFO  c.o.visitor.MutatingAddOrderVisitor - [ORDERBOOK] + Limit(side=BUY,orderId=16,price=43,quantity=2195456)
13:00:20.376 [main] DEBUG c.orderbook.OrderBook - [ORDERBOOK] ASK: Adding orderMktData(price=76,quantity=145)
13:00:20.376 [main] DEBUG c.orderbook.OrderBook - [ORDERBOOK] ASK: Adding orderMktData(price=91,quantity=300)
13:00:20.376 [main] DEBUG c.orderbook.OrderBook - [ORDERBOOK] ASK: Adding orderMktData(price=93,quantity=200)
13:00:20.376 [main] DEBUG c.orderbook.OrderBook - [ORDERBOOK] ASK: Adding orderMktData(price=95,quantity=100)
13:00:20.376 [main] DEBUG c.orderbook.OrderBook - [ORDERBOOK] ASK: Adding orderMktData(price=98,quantity=154)
13:00:20.376 [main] INFO  c.o.v.MutatingMatchOneMarketDataOrderVisitor - [ORDERBOOK] visiting LevelOrderBookLevel(price=43,quantity=4285856)
13:00:20.376 [main] INFO  c.o.v.MutatingMatchOneMarketDataOrderVisitor - [ORDERBOOK] Can't match order:Limit(side=BUY,orderId=3,price=43,quantity=268)(MktData(price=98,quantity=154))
13:00:20.376 [main] INFO  c.o.v.MutatingMatchOneMarketDataOrderVisitor - [ORDERBOOK] Can't match order:Limit(side=BUY,orderId=5,price=43,quantity=1072)(MktData(price=98,quantity=154))
13:00:20.376 [main] INFO  c.o.v.MutatingMatchOneMarketDataOrderVisitor - [ORDERBOOK] Can't match order:Limit(side=BUY,orderId=7,price=43,quantity=4288)(MktData(price=98,quantity=154))
13:00:20.376 [main] INFO  c.o.v.MutatingMatchOneMarketDataOrderVisitor - [ORDERBOOK] Can't match order:Limit(side=BUY,orderId=9,price=43,quantity=17152)(MktData(price=98,quantity=154))
13:00:20.376 [main] INFO  c.o.v.MutatingMatchOneMarketDataOrderVisitor - [ORDERBOOK] Can't match order:Limit(side=BUY,orderId=11,price=43,quantity=68608)(MktData(price=98,quantity=154))
13:00:20.376 [main] INFO  c.o.v.MutatingMatchOneMarketDataOrderVisitor - [ORDERBOOK] Can't match order:Limit(side=BUY,orderId=12,price=43,quantity=137216)(MktData(price=98,quantity=154))
13:00:20.376 [main] INFO  c.o.v.MutatingMatchOneMarketDataOrderVisitor - [ORDERBOOK] Can't match order:Limit(side=BUY,orderId=13,price=43,quantity=274432)(MktData(price=98,quantity=154))
13:00:20.376 [main] INFO  c.o.v.MutatingMatchOneMarketDataOrderVisitor - [ORDERBOOK] Can't match order:Limit(side=BUY,orderId=14,price=43,quantity=548864)(MktData(price=98,quantity=154))
13:00:20.376 [main] INFO  c.o.v.MutatingMatchOneMarketDataOrderVisitor - [ORDERBOOK] Can't match order:Limit(side=BUY,orderId=15,price=43,quantity=1097728)(MktData(price=98,quantity=154))
13:00:20.376 [main] INFO  c.o.v.MutatingMatchOneMarketDataOrderVisitor - [ORDERBOOK] Can't match order:Limit(side=BUY,orderId=16,price=43,quantity=2195456)(MktData(price=98,quantity=154))
13:00:20.376 [main] INFO  c.o.v.MutatingMatchOneMarketDataOrderVisitor - [ORDERBOOK] Can't match order:MktData(price=43,quantity=134)(MktData(price=98,quantity=154))
13:00:20.376 [main] INFO  c.o.v.MutatingRemoveAllMarketDataOrdersVisitor - [ORDERBOOK] Removing market data order:MktData(price=98,quantity=501)
13:00:20.376 [main] INFO  c.o.v.MutatingRemoveAllMarketDataOrdersVisitor - [ORDERBOOK] Removing market data order:MktData(price=110,quantity=5000)
13:00:20.376 [main] INFO  c.o.v.MutatingRemoveAllMarketDataOrdersVisitor - [ORDERBOOK] Removing market data order:MktData(price=123,quantity=453)
13:00:20.376 [main] INFO  c.o.v.MutatingRemoveAllMarketDataOrdersVisitor - [ORDERBOOK] Removing market data order:MktData(price=167,quantity=665)
13:00:20.376 [main] DEBUG c.orderbook.OrderBook - [ORDERBOOK] ASK: Adding orderMktData(price=98,quantity=501)
13:00:20.376 [main] INFO  c.o.visitor.MutatingAddOrderVisitor - [ORDERBOOK] + Limit(side=SELL,orderId=17,price=98,quantity=501)
13:00:20.376 [main] DEBUG c.orderbook.OrderBook - [ORDERBOOK] ASK: Adding orderMktData(price=101,quantity=200)
13:00:20.376 [main] DEBUG c.orderbook.OrderBook - [ORDERBOOK] ASK: Adding orderMktData(price=110,quantity=5000)
13:00:20.376 [main] DEBUG c.orderbook.OrderBook - [ORDERBOOK] ASK: Adding orderMktData(price=119,quantity=5600)
13:00:20.376 [main] DEBUG c.orderbook.OrderBook - [ORDERBOOK] ASK: Adding orderMktData(price=123,quantity=453)
13:00:20.376 [main] DEBUG c.orderbook.OrderBook - [ORDERBOOK] ASK: Adding orderMktData(price=144,quantity=645)
13:00:20.376 [main] DEBUG c.orderbook.OrderBook - [ORDERBOOK] ASK: Adding orderMktData(price=167,quantity=665)
13:00:20.376 [main] DEBUG c.service.MarketDataService - [ALGO] BID: price:43 quantity:134
13:00:20.376 [main] DEBUG c.service.MarketDataService - [ALGO] BID: price:76 quantity:145
13:00:20.376 [main] DEBUG c.service.MarketDataService - [ALGO] BID: price:91 quantity:300
13:00:20.376 [main] DEBUG c.service.MarketDataService - [ALGO] BID: price:93 quantity:200
13:00:20.376 [main] DEBUG c.service.MarketDataService - [ALGO] BID: price:95 quantity:100
13:00:20.376 [main] DEBUG c.service.MarketDataService - [ALGO] BID: price:98 quantity:154
13:00:20.376 [main] DEBUG c.service.MarketDataService - [ALGO] ASK: price:98 quantity:501
13:00:20.376 [main] DEBUG c.service.MarketDataService - [ALGO] ASK: price:101 quantity:200
13:00:20.376 [main] DEBUG c.service.MarketDataService - [ALGO] ASK: price:110 quantity:5000
13:00:20.376 [main] DEBUG c.service.MarketDataService - [ALGO] ASK: price:119 quantity:5600
13:00:20.376 [main] DEBUG c.service.MarketDataService - [ALGO] ASK: price:123 quantity:453
13:00:20.376 [main] DEBUG c.service.MarketDataService - [ALGO] ASK: price:144 quantity:645
13:00:20.376 [main] DEBUG c.service.MarketDataService - [ALGO] ASK: price:167 quantity:665
13:00:20.376 [main] INFO  c.gettingstarted.MyAlgoLogic - [MYALGO] The state of the order book is:
|----BID-----||----ASK----|
    134 @ 43    501 @ 98
    145 @ 76   200 @ 101
    300 @ 91  5000 @ 110
    200 @ 93  5600 @ 119
    100 @ 95   453 @ 123
    154 @ 98   645 @ 144
          -    665 @ 167
|------------||-----------|

13:00:20.376 [main] INFO  c.gettingstarted.MyAlgoLogic - [MYALGO] Algo Sees Book as: 
|----BID-----||----ASK----|
    134 @ 43    501 @ 98
    145 @ 76   200 @ 101
    300 @ 91  5000 @ 110
    200 @ 93  5600 @ 119
    100 @ 95   453 @ 123
    154 @ 98   645 @ 144
          -    665 @ 167
|------------||-----------|

13:00:20.376 [main] INFO  c.gettingstarted.TimedLogic - [TIMEDLOGIC] Market is open
13:00:20.376 [main] INFO  c.sequencer.consumer.LoggingConsumer - [293] 
|----BID-----|
    134 @ 43
    145 @ 76
    300 @ 91
    200 @ 93
    100 @ 95
    154 @ 98
|----ASK-----|
    501 @ 98
   200 @ 101
  5000 @ 110
  5600 @ 119
   453 @ 123
   645 @ 144
   665 @ 167

13:00:20.376 [main] INFO  c.orderbook.OrderBook - [ORDERBOOK] Processing Mkt Data Update
13:00:20.376 [main] INFO  c.o.v.MutatingRemoveAllMarketDataOrdersVisitor - [ORDERBOOK] Removing market data order:MktData(price=43,quantity=134)
13:00:20.376 [main] DEBUG c.orderbook.OrderBook - [ORDERBOOK] ASK: Adding orderMktData(price=43,quantity=134)
13:00:20.376 [main] INFO  c.o.visitor.MutatingAddOrderVisitor - [ORDERBOOK] + Limit(side=BUY,orderId=16,price=43,quantity=2195456)
13:00:20.376 [main] DEBUG c.orderbook.OrderBook - [ORDERBOOK] ASK: Adding orderMktData(price=76,quantity=145)
13:00:20.376 [main] DEBUG c.orderbook.OrderBook - [ORDERBOOK] ASK: Adding orderMktData(price=91,quantity=300)
13:00:20.376 [main] DEBUG c.orderbook.OrderBook - [ORDERBOOK] ASK: Adding orderMktData(price=93,quantity=200)
13:00:20.376 [main] DEBUG c.orderbook.OrderBook - [ORDERBOOK] ASK: Adding orderMktData(price=95,quantity=100)
13:00:20.376 [main] DEBUG c.orderbook.OrderBook - [ORDERBOOK] ASK: Adding orderMktData(price=98,quantity=154)
13:00:20.376 [main] INFO  c.o.v.MutatingMatchOneMarketDataOrderVisitor - [ORDERBOOK] visiting LevelOrderBookLevel(price=43,quantity=4285990)
13:00:20.376 [main] INFO  c.o.v.MutatingMatchOneMarketDataOrderVisitor - [ORDERBOOK] Can't match order:Limit(side=BUY,orderId=3,price=43,quantity=268)(MktData(price=98,quantity=154))
13:00:20.376 [main] INFO  c.o.v.MutatingMatchOneMarketDataOrderVisitor - [ORDERBOOK] Can't match order:Limit(side=BUY,orderId=5,price=43,quantity=1072)(MktData(price=98,quantity=154))
13:00:20.376 [main] INFO  c.o.v.MutatingMatchOneMarketDataOrderVisitor - [ORDERBOOK] Can't match order:Limit(side=BUY,orderId=7,price=43,quantity=4288)(MktData(price=98,quantity=154))
13:00:20.376 [main] INFO  c.o.v.MutatingMatchOneMarketDataOrderVisitor - [ORDERBOOK] Can't match order:Limit(side=BUY,orderId=9,price=43,quantity=17152)(MktData(price=98,quantity=154))
13:00:20.376 [main] INFO  c.o.v.MutatingMatchOneMarketDataOrderVisitor - [ORDERBOOK] Can't match order:Limit(side=BUY,orderId=11,price=43,quantity=68608)(MktData(price=98,quantity=154))
13:00:20.376 [main] INFO  c.o.v.MutatingMatchOneMarketDataOrderVisitor - [ORDERBOOK] Can't match order:Limit(side=BUY,orderId=12,price=43,quantity=137216)(MktData(price=98,quantity=154))
13:00:20.376 [main] INFO  c.o.v.MutatingMatchOneMarketDataOrderVisitor - [ORDERBOOK] Can't match order:Limit(side=BUY,orderId=13,price=43,quantity=274432)(MktData(price=98,quantity=154))
13:00:20.376 [main] INFO  c.o.v.MutatingMatchOneMarketDataOrderVisitor - [ORDERBOOK] Can't match order:Limit(side=BUY,orderId=14,price=43,quantity=548864)(MktData(price=98,quantity=154))
13:00:20.376 [main] INFO  c.o.v.MutatingMatchOneMarketDataOrderVisitor - [ORDERBOOK] Can't match order:Limit(side=BUY,orderId=15,price=43,quantity=1097728)(MktData(price=98,quantity=154))
13:00:20.376 [main] INFO  c.o.v.MutatingMatchOneMarketDataOrderVisitor - [ORDERBOOK] Can't match order:Limit(side=BUY,orderId=16,price=43,quantity=2195456)(MktData(price=98,quantity=154))
13:00:20.376 [main] INFO  c.o.v.MutatingMatchOneMarketDataOrderVisitor - [ORDERBOOK] Can't match order:MktData(price=43,quantity=134)(MktData(price=98,quantity=154))
13:00:20.376 [main] INFO  c.o.v.MutatingRemoveAllMarketDataOrdersVisitor - [ORDERBOOK] Removing market data order:MktData(price=98,quantity=501)
13:00:20.376 [main] INFO  c.o.v.MutatingRemoveAllMarketDataOrdersVisitor - [ORDERBOOK] Removing market data order:MktData(price=110,quantity=5000)
13:00:20.376 [main] INFO  c.o.v.MutatingRemoveAllMarketDataOrdersVisitor - [ORDERBOOK] Removing market data order:MktData(price=123,quantity=453)
13:00:20.376 [main] INFO  c.o.v.MutatingRemoveAllMarketDataOrdersVisitor - [ORDERBOOK] Removing market data order:MktData(price=167,quantity=665)
13:00:20.376 [main] DEBUG c.orderbook.OrderBook - [ORDERBOOK] ASK: Adding orderMktData(price=98,quantity=501)
13:00:20.376 [main] INFO  c.o.visitor.MutatingAddOrderVisitor - [ORDERBOOK] + Limit(side=SELL,orderId=17,price=98,quantity=501)
13:00:20.376 [main] DEBUG c.orderbook.OrderBook - [ORDERBOOK] ASK: Adding orderMktData(price=101,quantity=200)
13:00:20.376 [main] DEBUG c.orderbook.OrderBook - [ORDERBOOK] ASK: Adding orderMktData(price=110,quantity=5000)
13:00:20.376 [main] DEBUG c.orderbook.OrderBook - [ORDERBOOK] ASK: Adding orderMktData(price=119,quantity=5600)
13:00:20.376 [main] DEBUG c.orderbook.OrderBook - [ORDERBOOK] ASK: Adding orderMktData(price=123,quantity=453)
13:00:20.376 [main] DEBUG c.orderbook.OrderBook - [ORDERBOOK] ASK: Adding orderMktData(price=144,quantity=645)
13:00:20.376 [main] DEBUG c.orderbook.OrderBook - [ORDERBOOK] ASK: Adding orderMktData(price=167,quantity=665)
13:00:20.376 [main] DEBUG c.service.MarketDataService - [ALGO] BID: price:43 quantity:134
13:00:20.376 [main] DEBUG c.service.MarketDataService - [ALGO] BID: price:76 quantity:145
13:00:20.376 [main] DEBUG c.service.MarketDataService - [ALGO] BID: price:91 quantity:300
13:00:20.376 [main] DEBUG c.service.MarketDataService - [ALGO] BID: price:93 quantity:200
13:00:20.376 [main] DEBUG c.service.MarketDataService - [ALGO] BID: price:95 quantity:100
13:00:20.376 [main] DEBUG c.service.MarketDataService - [ALGO] BID: price:98 quantity:154
13:00:20.376 [main] DEBUG c.service.MarketDataService - [ALGO] ASK: price:98 quantity:501
13:00:20.376 [main] DEBUG c.service.MarketDataService - [ALGO] ASK: price:101 quantity:200
13:00:20.376 [main] DEBUG c.service.MarketDataService - [ALGO] ASK: price:110 quantity:5000
13:00:20.376 [main] DEBUG c.service.MarketDataService - [ALGO] ASK: price:119 quantity:5600
13:00:20.376 [main] DEBUG c.service.MarketDataService - [ALGO] ASK: price:123 quantity:453
13:00:20.376 [main] DEBUG c.service.MarketDataService - [ALGO] ASK: price:144 quantity:645
13:00:20.376 [main] DEBUG c.service.MarketDataService - [ALGO] ASK: price:167 quantity:665
13:00:20.376 [main] INFO  c.gettingstarted.MyAlgoLogic - [MYALGO] The state of the order book is:
|----BID-----||----ASK----|
    134 @ 43    501 @ 98
    145 @ 76   200 @ 101
    300 @ 91  5000 @ 110
    200 @ 93  5600 @ 119
    100 @ 95   453 @ 123
    154 @ 98   645 @ 144
          -    665 @ 167
|------------||-----------|

13:00:20.376 [main] INFO  c.gettingstarted.MyAlgoLogic - [MYALGO] Algo Sees Book as: 
|----BID-----||----ASK----|
    134 @ 43    501 @ 98
    145 @ 76   200 @ 101
    300 @ 91  5000 @ 110
    200 @ 93  5600 @ 119
    100 @ 95   453 @ 123
    154 @ 98   645 @ 144
          -    665 @ 167
|------------||-----------|

13:00:20.376 [main] INFO  c.gettingstarted.TimedLogic - [TIMEDLOGIC] Market is open
13:00:20.376 [main] INFO  c.sequencer.consumer.LoggingConsumer - [294] 
|----BID-----|
    134 @ 43
    145 @ 76
    300 @ 91
    200 @ 93
    100 @ 95
    154 @ 98
|----ASK-----|
    501 @ 98
   200 @ 101
  5000 @ 110
  5600 @ 119
   453 @ 123
   645 @ 144
   665 @ 167

13:00:20.376 [main] INFO  c.orderbook.OrderBook - [ORDERBOOK] Processing Mkt Data Update
13:00:20.376 [main] INFO  c.o.v.MutatingRemoveAllMarketDataOrdersVisitor - [ORDERBOOK] Removing market data order:MktData(price=43,quantity=134)
13:00:20.376 [main] DEBUG c.orderbook.OrderBook - [ORDERBOOK] ASK: Adding orderMktData(price=43,quantity=134)
13:00:20.376 [main] INFO  c.o.visitor.MutatingAddOrderVisitor - [ORDERBOOK] + Limit(side=BUY,orderId=16,price=43,quantity=2195456)
13:00:20.376 [main] DEBUG c.orderbook.OrderBook - [ORDERBOOK] ASK: Adding orderMktData(price=76,quantity=145)
13:00:20.376 [main] DEBUG c.orderbook.OrderBook - [ORDERBOOK] ASK: Adding orderMktData(price=91,quantity=300)
13:00:20.376 [main] DEBUG c.orderbook.OrderBook - [ORDERBOOK] ASK: Adding orderMktData(price=93,quantity=200)
13:00:20.376 [main] DEBUG c.orderbook.OrderBook - [ORDERBOOK] ASK: Adding orderMktData(price=95,quantity=100)
13:00:20.376 [main] DEBUG c.orderbook.OrderBook - [ORDERBOOK] ASK: Adding orderMktData(price=98,quantity=154)
13:00:20.376 [main] INFO  c.o.v.MutatingMatchOneMarketDataOrderVisitor - [ORDERBOOK] visiting LevelOrderBookLevel(price=43,quantity=4286124)
13:00:20.376 [main] INFO  c.o.v.MutatingMatchOneMarketDataOrderVisitor - [ORDERBOOK] Can't match order:Limit(side=BUY,orderId=3,price=43,quantity=268)(MktData(price=98,quantity=154))
13:00:20.376 [main] INFO  c.o.v.MutatingMatchOneMarketDataOrderVisitor - [ORDERBOOK] Can't match order:Limit(side=BUY,orderId=5,price=43,quantity=1072)(MktData(price=98,quantity=154))
13:00:20.376 [main] INFO  c.o.v.MutatingMatchOneMarketDataOrderVisitor - [ORDERBOOK] Can't match order:Limit(side=BUY,orderId=7,price=43,quantity=4288)(MktData(price=98,quantity=154))
13:00:20.376 [main] INFO  c.o.v.MutatingMatchOneMarketDataOrderVisitor - [ORDERBOOK] Can't match order:Limit(side=BUY,orderId=9,price=43,quantity=17152)(MktData(price=98,quantity=154))
13:00:20.376 [main] INFO  c.o.v.MutatingMatchOneMarketDataOrderVisitor - [ORDERBOOK] Can't match order:Limit(side=BUY,orderId=11,price=43,quantity=68608)(MktData(price=98,quantity=154))
13:00:20.376 [main] INFO  c.o.v.MutatingMatchOneMarketDataOrderVisitor - [ORDERBOOK] Can't match order:Limit(side=BUY,orderId=12,price=43,quantity=137216)(MktData(price=98,quantity=154))
13:00:20.376 [main] INFO  c.o.v.MutatingMatchOneMarketDataOrderVisitor - [ORDERBOOK] Can't match order:Limit(side=BUY,orderId=13,price=43,quantity=274432)(MktData(price=98,quantity=154))
13:00:20.376 [main] INFO  c.o.v.MutatingMatchOneMarketDataOrderVisitor - [ORDERBOOK] Can't match order:Limit(side=BUY,orderId=14,price=43,quantity=548864)(MktData(price=98,quantity=154))
13:00:20.376 [main] INFO  c.o.v.MutatingMatchOneMarketDataOrderVisitor - [ORDERBOOK] Can't match order:Limit(side=BUY,orderId=15,price=43,quantity=1097728)(MktData(price=98,quantity=154))
13:00:20.376 [main] INFO  c.o.v.MutatingMatchOneMarketDataOrderVisitor - [ORDERBOOK] Can't match order:Limit(side=BUY,orderId=16,price=43,quantity=2195456)(MktData(price=98,quantity=154))
13:00:20.376 [main] INFO  c.o.v.MutatingMatchOneMarketDataOrderVisitor - [ORDERBOOK] Can't match order:MktData(price=43,quantity=134)(MktData(price=98,quantity=154))
13:00:20.376 [main] INFO  c.o.v.MutatingRemoveAllMarketDataOrdersVisitor - [ORDERBOOK] Removing market data order:MktData(price=98,quantity=501)
13:00:20.376 [main] INFO  c.o.v.MutatingRemoveAllMarketDataOrdersVisitor - [ORDERBOOK] Removing market data order:MktData(price=110,quantity=5000)
13:00:20.376 [main] INFO  c.o.v.MutatingRemoveAllMarketDataOrdersVisitor - [ORDERBOOK] Removing market data order:MktData(price=123,quantity=453)
13:00:20.376 [main] INFO  c.o.v.MutatingRemoveAllMarketDataOrdersVisitor - [ORDERBOOK] Removing market data order:MktData(price=167,quantity=665)
13:00:20.376 [main] DEBUG c.orderbook.OrderBook - [ORDERBOOK] ASK: Adding orderMktData(price=98,quantity=501)
13:00:20.376 [main] INFO  c.o.visitor.MutatingAddOrderVisitor - [ORDERBOOK] + Limit(side=SELL,orderId=17,price=98,quantity=501)
13:00:20.376 [main] DEBUG c.orderbook.OrderBook - [ORDERBOOK] ASK: Adding orderMktData(price=101,quantity=200)
13:00:20.376 [main] DEBUG c.orderbook.OrderBook - [ORDERBOOK] ASK: Adding orderMktData(price=110,quantity=5000)
13:00:20.376 [main] DEBUG c.orderbook.OrderBook - [ORDERBOOK] ASK: Adding orderMktData(price=119,quantity=5600)
13:00:20.376 [main] DEBUG c.orderbook.OrderBook - [ORDERBOOK] ASK: Adding orderMktData(price=123,quantity=453)
13:00:20.376 [main] DEBUG c.orderbook.OrderBook - [ORDERBOOK] ASK: Adding orderMktData(price=144,quantity=645)
13:00:20.376 [main] DEBUG c.orderbook.OrderBook - [ORDERBOOK] ASK: Adding orderMktData(price=167,quantity=665)
13:00:20.376 [main] DEBUG c.service.MarketDataService - [ALGO] BID: price:43 quantity:134
13:00:20.376 [main] DEBUG c.service.MarketDataService - [ALGO] BID: price:76 quantity:145
13:00:20.376 [main] DEBUG c.service.MarketDataService - [ALGO] BID: price:91 quantity:300
13:00:20.376 [main] DEBUG c.service.MarketDataService - [ALGO] BID: price:93 quantity:200
13:00:20.376 [main] DEBUG c.service.MarketDataService - [ALGO] BID: price:95 quantity:100
13:00:20.376 [main] DEBUG c.service.MarketDataService - [ALGO] BID: price:98 quantity:154
13:00:20.376 [main] DEBUG c.service.MarketDataService - [ALGO] ASK: price:98 quantity:501
13:00:20.376 [main] DEBUG c.service.MarketDataService - [ALGO] ASK: price:101 quantity:200
13:00:20.376 [main] DEBUG c.service.MarketDataService - [ALGO] ASK: price:110 quantity:5000
13:00:20.376 [main] DEBUG c.service.MarketDataService - [ALGO] ASK: price:119 quantity:5600
13:00:20.376 [main] DEBUG c.service.MarketDataService - [ALGO] ASK: price:123 quantity:453
13:00:20.376 [main] DEBUG c.service.MarketDataService - [ALGO] ASK: price:144 quantity:645
13:00:20.376 [main] DEBUG c.service.MarketDataService - [ALGO] ASK: price:167 quantity:665
13:00:20.376 [main] INFO  c.gettingstarted.MyAlgoLogic - [MYALGO] The state of the order book is:
|----BID-----||----ASK----|
    134 @ 43    501 @ 98
    145 @ 76   200 @ 101
    300 @ 91  5000 @ 110
    200 @ 93  5600 @ 119
    100 @ 95   453 @ 123
    154 @ 98   645 @ 144
          -    665 @ 167
|------------||-----------|

13:00:20.376 [main] INFO  c.gettingstarted.MyAlgoLogic - [MYALGO] Algo Sees Book as: 
|----BID-----||----ASK----|
    134 @ 43    501 @ 98
    145 @ 76   200 @ 101
    300 @ 91  5000 @ 110
    200 @ 93  5600 @ 119
    100 @ 95   453 @ 123
    154 @ 98   645 @ 144
          -    665 @ 167
|------------||-----------|

13:00:20.376 [main] INFO  c.gettingstarted.TimedLogic - [TIMEDLOGIC] Market is open
13:00:20.376 [main] INFO  c.sequencer.consumer.LoggingConsumer - [295] 
|----BID-----|
    134 @ 43
    145 @ 76
    300 @ 91
    200 @ 93
    100 @ 95
    154 @ 98
|----ASK-----|
    501 @ 98
   200 @ 101
  5000 @ 110
  5600 @ 119
   453 @ 123
   645 @ 144
   665 @ 167

13:00:20.376 [main] INFO  c.orderbook.OrderBook - [ORDERBOOK] Processing Mkt Data Update
13:00:20.376 [main] INFO  c.o.v.MutatingRemoveAllMarketDataOrdersVisitor - [ORDERBOOK] Removing market data order:MktData(price=43,quantity=134)
13:00:20.376 [main] DEBUG c.orderbook.OrderBook - [ORDERBOOK] ASK: Adding orderMktData(price=43,quantity=134)
13:00:20.376 [main] INFO  c.o.visitor.MutatingAddOrderVisitor - [ORDERBOOK] + Limit(side=BUY,orderId=16,price=43,quantity=2195456)
13:00:20.376 [main] DEBUG c.orderbook.OrderBook - [ORDERBOOK] ASK: Adding orderMktData(price=76,quantity=145)
13:00:20.376 [main] DEBUG c.orderbook.OrderBook - [ORDERBOOK] ASK: Adding orderMktData(price=91,quantity=300)
13:00:20.376 [main] DEBUG c.orderbook.OrderBook - [ORDERBOOK] ASK: Adding orderMktData(price=93,quantity=200)
13:00:20.376 [main] DEBUG c.orderbook.OrderBook - [ORDERBOOK] ASK: Adding orderMktData(price=95,quantity=100)
13:00:20.376 [main] DEBUG c.orderbook.OrderBook - [ORDERBOOK] ASK: Adding orderMktData(price=98,quantity=154)
13:00:20.376 [main] INFO  c.o.v.MutatingMatchOneMarketDataOrderVisitor - [ORDERBOOK] visiting LevelOrderBookLevel(price=43,quantity=4286258)
13:00:20.376 [main] INFO  c.o.v.MutatingMatchOneMarketDataOrderVisitor - [ORDERBOOK] Can't match order:Limit(side=BUY,orderId=3,price=43,quantity=268)(MktData(price=98,quantity=154))
13:00:20.376 [main] INFO  c.o.v.MutatingMatchOneMarketDataOrderVisitor - [ORDERBOOK] Can't match order:Limit(side=BUY,orderId=5,price=43,quantity=1072)(MktData(price=98,quantity=154))
13:00:20.376 [main] INFO  c.o.v.MutatingMatchOneMarketDataOrderVisitor - [ORDERBOOK] Can't match order:Limit(side=BUY,orderId=7,price=43,quantity=4288)(MktData(price=98,quantity=154))
13:00:20.376 [main] INFO  c.o.v.MutatingMatchOneMarketDataOrderVisitor - [ORDERBOOK] Can't match order:Limit(side=BUY,orderId=9,price=43,quantity=17152)(MktData(price=98,quantity=154))
13:00:20.376 [main] INFO  c.o.v.MutatingMatchOneMarketDataOrderVisitor - [ORDERBOOK] Can't match order:Limit(side=BUY,orderId=11,price=43,quantity=68608)(MktData(price=98,quantity=154))
13:00:20.376 [main] INFO  c.o.v.MutatingMatchOneMarketDataOrderVisitor - [ORDERBOOK] Can't match order:Limit(side=BUY,orderId=12,price=43,quantity=137216)(MktData(price=98,quantity=154))
13:00:20.376 [main] INFO  c.o.v.MutatingMatchOneMarketDataOrderVisitor - [ORDERBOOK] Can't match order:Limit(side=BUY,orderId=13,price=43,quantity=274432)(MktData(price=98,quantity=154))
13:00:20.376 [main] INFO  c.o.v.MutatingMatchOneMarketDataOrderVisitor - [ORDERBOOK] Can't match order:Limit(side=BUY,orderId=14,price=43,quantity=548864)(MktData(price=98,quantity=154))
13:00:20.376 [main] INFO  c.o.v.MutatingMatchOneMarketDataOrderVisitor - [ORDERBOOK] Can't match order:Limit(side=BUY,orderId=15,price=43,quantity=1097728)(MktData(price=98,quantity=154))
13:00:20.376 [main] INFO  c.o.v.MutatingMatchOneMarketDataOrderVisitor - [ORDERBOOK] Can't match order:Limit(side=BUY,orderId=16,price=43,quantity=2195456)(MktData(price=98,quantity=154))
13:00:20.376 [main] INFO  c.o.v.MutatingMatchOneMarketDataOrderVisitor - [ORDERBOOK] Can't match order:MktData(price=43,quantity=134)(MktData(price=98,quantity=154))
13:00:20.376 [main] INFO  c.o.v.MutatingRemoveAllMarketDataOrdersVisitor - [ORDERBOOK] Removing market data order:MktData(price=98,quantity=501)
13:00:20.376 [main] INFO  c.o.v.MutatingRemoveAllMarketDataOrdersVisitor - [ORDERBOOK] Removing market data order:MktData(price=110,quantity=5000)
13:00:20.376 [main] INFO  c.o.v.MutatingRemoveAllMarketDataOrdersVisitor - [ORDERBOOK] Removing market data order:MktData(price=123,quantity=453)
13:00:20.376 [main] INFO  c.o.v.MutatingRemoveAllMarketDataOrdersVisitor - [ORDERBOOK] Removing market data order:MktData(price=167,quantity=665)
13:00:20.376 [main] DEBUG c.orderbook.OrderBook - [ORDERBOOK] ASK: Adding orderMktData(price=98,quantity=501)
13:00:20.376 [main] INFO  c.o.visitor.MutatingAddOrderVisitor - [ORDERBOOK] + Limit(side=SELL,orderId=17,price=98,quantity=501)
13:00:20.376 [main] DEBUG c.orderbook.OrderBook - [ORDERBOOK] ASK: Adding orderMktData(price=101,quantity=200)
13:00:20.376 [main] DEBUG c.orderbook.OrderBook - [ORDERBOOK] ASK: Adding orderMktData(price=110,quantity=5000)
13:00:20.376 [main] DEBUG c.orderbook.OrderBook - [ORDERBOOK] ASK: Adding orderMktData(price=119,quantity=5600)
13:00:20.376 [main] DEBUG c.orderbook.OrderBook - [ORDERBOOK] ASK: Adding orderMktData(price=123,quantity=453)
13:00:20.376 [main] DEBUG c.orderbook.OrderBook - [ORDERBOOK] ASK: Adding orderMktData(price=144,quantity=645)
13:00:20.376 [main] DEBUG c.orderbook.OrderBook - [ORDERBOOK] ASK: Adding orderMktData(price=167,quantity=665)
13:00:20.376 [main] DEBUG c.service.MarketDataService - [ALGO] BID: price:43 quantity:134
13:00:20.376 [main] DEBUG c.service.MarketDataService - [ALGO] BID: price:76 quantity:145
13:00:20.376 [main] DEBUG c.service.MarketDataService - [ALGO] BID: price:91 quantity:300
13:00:20.376 [main] DEBUG c.service.MarketDataService - [ALGO] BID: price:93 quantity:200
13:00:20.376 [main] DEBUG c.service.MarketDataService - [ALGO] BID: price:95 quantity:100
13:00:20.376 [main] DEBUG c.service.MarketDataService - [ALGO] BID: price:98 quantity:154
13:00:20.376 [main] DEBUG c.service.MarketDataService - [ALGO] ASK: price:98 quantity:501
13:00:20.376 [main] DEBUG c.service.MarketDataService - [ALGO] ASK: price:101 quantity:200
13:00:20.376 [main] DEBUG c.service.MarketDataService - [ALGO] ASK: price:110 quantity:5000
13:00:20.376 [main] DEBUG c.service.MarketDataService - [ALGO] ASK: price:119 quantity:5600
13:00:20.376 [main] DEBUG c.service.MarketDataService - [ALGO] ASK: price:123 quantity:453
13:00:20.376 [main] DEBUG c.service.MarketDataService - [ALGO] ASK: price:144 quantity:645
13:00:20.376 [main] DEBUG c.service.MarketDataService - [ALGO] ASK: price:167 quantity:665
13:00:20.376 [main] INFO  c.gettingstarted.MyAlgoLogic - [MYALGO] The state of the order book is:
|----BID-----||----ASK----|
    134 @ 43    501 @ 98
    145 @ 76   200 @ 101
    300 @ 91  5000 @ 110
    200 @ 93  5600 @ 119
    100 @ 95   453 @ 123
    154 @ 98   645 @ 144
          -    665 @ 167
|------------||-----------|

13:00:20.376 [main] INFO  c.gettingstarted.MyAlgoLogic - [MYALGO] Algo Sees Book as: 
|----BID-----||----ASK----|
    134 @ 43    501 @ 98
    145 @ 76   200 @ 101
    300 @ 91  5000 @ 110
    200 @ 93  5600 @ 119
    100 @ 95   453 @ 123
    154 @ 98   645 @ 144
          -    665 @ 167
|------------||-----------|

13:00:20.376 [main] INFO  c.gettingstarted.TimedLogic - [TIMEDLOGIC] Market is open
13:00:20.376 [main] INFO  c.sequencer.consumer.LoggingConsumer - [296] 
|----BID-----|
    134 @ 43
    145 @ 76
    300 @ 91
    200 @ 93
    100 @ 95
    154 @ 98
|----ASK-----|
    501 @ 98
   200 @ 101
  5000 @ 110
  5600 @ 119
   453 @ 123
   645 @ 144
   665 @ 167

13:00:20.376 [main] INFO  c.orderbook.OrderBook - [ORDERBOOK] Processing Mkt Data Update
13:00:20.376 [main] INFO  c.o.v.MutatingRemoveAllMarketDataOrdersVisitor - [ORDERBOOK] Removing market data order:MktData(price=43,quantity=134)
13:00:20.376 [main] DEBUG c.orderbook.OrderBook - [ORDERBOOK] ASK: Adding orderMktData(price=43,quantity=134)
13:00:20.376 [main] INFO  c.o.visitor.MutatingAddOrderVisitor - [ORDERBOOK] + Limit(side=BUY,orderId=16,price=43,quantity=2195456)
13:00:20.376 [main] DEBUG c.orderbook.OrderBook - [ORDERBOOK] ASK: Adding orderMktData(price=76,quantity=145)
13:00:20.376 [main] DEBUG c.orderbook.OrderBook - [ORDERBOOK] ASK: Adding orderMktData(price=91,quantity=300)
13:00:20.376 [main] DEBUG c.orderbook.OrderBook - [ORDERBOOK] ASK: Adding orderMktData(price=93,quantity=200)
13:00:20.376 [main] DEBUG c.orderbook.OrderBook - [ORDERBOOK] ASK: Adding orderMktData(price=95,quantity=100)
13:00:20.376 [main] DEBUG c.orderbook.OrderBook - [ORDERBOOK] ASK: Adding orderMktData(price=98,quantity=154)
13:00:20.376 [main] INFO  c.o.v.MutatingMatchOneMarketDataOrderVisitor - [ORDERBOOK] visiting LevelOrderBookLevel(price=43,quantity=4286392)
13:00:20.376 [main] INFO  c.o.v.MutatingMatchOneMarketDataOrderVisitor - [ORDERBOOK] Can't match order:Limit(side=BUY,orderId=3,price=43,quantity=268)(MktData(price=98,quantity=154))
13:00:20.376 [main] INFO  c.o.v.MutatingMatchOneMarketDataOrderVisitor - [ORDERBOOK] Can't match order:Limit(side=BUY,orderId=5,price=43,quantity=1072)(MktData(price=98,quantity=154))
13:00:20.376 [main] INFO  c.o.v.MutatingMatchOneMarketDataOrderVisitor - [ORDERBOOK] Can't match order:Limit(side=BUY,orderId=7,price=43,quantity=4288)(MktData(price=98,quantity=154))
13:00:20.376 [main] INFO  c.o.v.MutatingMatchOneMarketDataOrderVisitor - [ORDERBOOK] Can't match order:Limit(side=BUY,orderId=9,price=43,quantity=17152)(MktData(price=98,quantity=154))
13:00:20.376 [main] INFO  c.o.v.MutatingMatchOneMarketDataOrderVisitor - [ORDERBOOK] Can't match order:Limit(side=BUY,orderId=11,price=43,quantity=68608)(MktData(price=98,quantity=154))
13:00:20.376 [main] INFO  c.o.v.MutatingMatchOneMarketDataOrderVisitor - [ORDERBOOK] Can't match order:Limit(side=BUY,orderId=12,price=43,quantity=137216)(MktData(price=98,quantity=154))
13:00:20.376 [main] INFO  c.o.v.MutatingMatchOneMarketDataOrderVisitor - [ORDERBOOK] Can't match order:Limit(side=BUY,orderId=13,price=43,quantity=274432)(MktData(price=98,quantity=154))
13:00:20.376 [main] INFO  c.o.v.MutatingMatchOneMarketDataOrderVisitor - [ORDERBOOK] Can't match order:Limit(side=BUY,orderId=14,price=43,quantity=548864)(MktData(price=98,quantity=154))
13:00:20.376 [main] INFO  c.o.v.MutatingMatchOneMarketDataOrderVisitor - [ORDERBOOK] Can't match order:Limit(side=BUY,orderId=15,price=43,quantity=1097728)(MktData(price=98,quantity=154))
13:00:20.376 [main] INFO  c.o.v.MutatingMatchOneMarketDataOrderVisitor - [ORDERBOOK] Can't match order:Limit(side=BUY,orderId=16,price=43,quantity=2195456)(MktData(price=98,quantity=154))
13:00:20.376 [main] INFO  c.o.v.MutatingMatchOneMarketDataOrderVisitor - [ORDERBOOK] Can't match order:MktData(price=43,quantity=134)(MktData(price=98,quantity=154))
13:00:20.376 [main] INFO  c.o.v.MutatingRemoveAllMarketDataOrdersVisitor - [ORDERBOOK] Removing market data order:MktData(price=98,quantity=501)
13:00:20.376 [main] INFO  c.o.v.MutatingRemoveAllMarketDataOrdersVisitor - [ORDERBOOK] Removing market data order:MktData(price=110,quantity=5000)
13:00:20.376 [main] INFO  c.o.v.MutatingRemoveAllMarketDataOrdersVisitor - [ORDERBOOK] Removing market data order:MktData(price=123,quantity=453)
13:00:20.376 [main] INFO  c.o.v.MutatingRemoveAllMarketDataOrdersVisitor - [ORDERBOOK] Removing market data order:MktData(price=167,quantity=665)
13:00:20.376 [main] DEBUG c.orderbook.OrderBook - [ORDERBOOK] ASK: Adding orderMktData(price=98,quantity=501)
13:00:20.376 [main] INFO  c.o.visitor.MutatingAddOrderVisitor - [ORDERBOOK] + Limit(side=SELL,orderId=17,price=98,quantity=501)
13:00:20.376 [main] DEBUG c.orderbook.OrderBook - [ORDERBOOK] ASK: Adding orderMktData(price=101,quantity=200)
13:00:20.376 [main] DEBUG c.orderbook.OrderBook - [ORDERBOOK] ASK: Adding orderMktData(price=110,quantity=5000)
13:00:20.376 [main] DEBUG c.orderbook.OrderBook - [ORDERBOOK] ASK: Adding orderMktData(price=119,quantity=5600)
13:00:20.376 [main] DEBUG c.orderbook.OrderBook - [ORDERBOOK] ASK: Adding orderMktData(price=123,quantity=453)
13:00:20.376 [main] DEBUG c.orderbook.OrderBook - [ORDERBOOK] ASK: Adding orderMktData(price=144,quantity=645)
13:00:20.376 [main] DEBUG c.orderbook.OrderBook - [ORDERBOOK] ASK: Adding orderMktData(price=167,quantity=665)
13:00:20.376 [main] DEBUG c.service.MarketDataService - [ALGO] BID: price:43 quantity:134
13:00:20.376 [main] DEBUG c.service.MarketDataService - [ALGO] BID: price:76 quantity:145
13:00:20.376 [main] DEBUG c.service.MarketDataService - [ALGO] BID: price:91 quantity:300
13:00:20.376 [main] DEBUG c.service.MarketDataService - [ALGO] BID: price:93 quantity:200
13:00:20.376 [main] DEBUG c.service.MarketDataService - [ALGO] BID: price:95 quantity:100
13:00:20.376 [main] DEBUG c.service.MarketDataService - [ALGO] BID: price:98 quantity:154
13:00:20.376 [main] DEBUG c.service.MarketDataService - [ALGO] ASK: price:98 quantity:501
13:00:20.376 [main] DEBUG c.service.MarketDataService - [ALGO] ASK: price:101 quantity:200
13:00:20.376 [main] DEBUG c.service.MarketDataService - [ALGO] ASK: price:110 quantity:5000
13:00:20.376 [main] DEBUG c.service.MarketDataService - [ALGO] ASK: price:119 quantity:5600
13:00:20.376 [main] DEBUG c.service.MarketDataService - [ALGO] ASK: price:123 quantity:453
13:00:20.376 [main] DEBUG c.service.MarketDataService - [ALGO] ASK: price:144 quantity:645
13:00:20.376 [main] DEBUG c.service.MarketDataService - [ALGO] ASK: price:167 quantity:665
13:00:20.376 [main] INFO  c.gettingstarted.MyAlgoLogic - [MYALGO] The state of the order book is:
|----BID-----||----ASK----|
    134 @ 43    501 @ 98
    145 @ 76   200 @ 101
    300 @ 91  5000 @ 110
    200 @ 93  5600 @ 119
    100 @ 95   453 @ 123
    154 @ 98   645 @ 144
          -    665 @ 167
|------------||-----------|

13:00:20.376 [main] INFO  c.gettingstarted.MyAlgoLogic - [MYALGO] Algo Sees Book as: 
|----BID-----||----ASK----|
    134 @ 43    501 @ 98
    145 @ 76   200 @ 101
    300 @ 91  5000 @ 110
    200 @ 93  5600 @ 119
    100 @ 95   453 @ 123
    154 @ 98   645 @ 144
          -    665 @ 167
|------------||-----------|

13:00:20.376 [main] INFO  c.gettingstarted.TimedLogic - [TIMEDLOGIC] Market is open
13:00:20.376 [main] INFO  c.sequencer.consumer.LoggingConsumer - [297] 
|----BID-----|
    134 @ 43
    145 @ 76
    300 @ 91
    200 @ 93
    100 @ 95
    154 @ 98
|----ASK-----|
    501 @ 98
   200 @ 101
  5000 @ 110
  5600 @ 119
   453 @ 123
   645 @ 144
   665 @ 167

13:00:20.376 [main] INFO  c.orderbook.OrderBook - [ORDERBOOK] Processing Mkt Data Update
13:00:20.376 [main] INFO  c.o.v.MutatingRemoveAllMarketDataOrdersVisitor - [ORDERBOOK] Removing market data order:MktData(price=43,quantity=134)
13:00:20.376 [main] DEBUG c.orderbook.OrderBook - [ORDERBOOK] ASK: Adding orderMktData(price=43,quantity=134)
13:00:20.376 [main] INFO  c.o.visitor.MutatingAddOrderVisitor - [ORDERBOOK] + Limit(side=BUY,orderId=16,price=43,quantity=2195456)
13:00:20.376 [main] DEBUG c.orderbook.OrderBook - [ORDERBOOK] ASK: Adding orderMktData(price=76,quantity=145)
13:00:20.376 [main] DEBUG c.orderbook.OrderBook - [ORDERBOOK] ASK: Adding orderMktData(price=91,quantity=300)
13:00:20.376 [main] DEBUG c.orderbook.OrderBook - [ORDERBOOK] ASK: Adding orderMktData(price=93,quantity=200)
13:00:20.376 [main] DEBUG c.orderbook.OrderBook - [ORDERBOOK] ASK: Adding orderMktData(price=95,quantity=100)
13:00:20.376 [main] DEBUG c.orderbook.OrderBook - [ORDERBOOK] ASK: Adding orderMktData(price=98,quantity=154)
13:00:20.376 [main] INFO  c.o.v.MutatingMatchOneMarketDataOrderVisitor - [ORDERBOOK] visiting LevelOrderBookLevel(price=43,quantity=4286526)
13:00:20.376 [main] INFO  c.o.v.MutatingMatchOneMarketDataOrderVisitor - [ORDERBOOK] Can't match order:Limit(side=BUY,orderId=3,price=43,quantity=268)(MktData(price=98,quantity=154))
13:00:20.376 [main] INFO  c.o.v.MutatingMatchOneMarketDataOrderVisitor - [ORDERBOOK] Can't match order:Limit(side=BUY,orderId=5,price=43,quantity=1072)(MktData(price=98,quantity=154))
13:00:20.376 [main] INFO  c.o.v.MutatingMatchOneMarketDataOrderVisitor - [ORDERBOOK] Can't match order:Limit(side=BUY,orderId=7,price=43,quantity=4288)(MktData(price=98,quantity=154))
13:00:20.376 [main] INFO  c.o.v.MutatingMatchOneMarketDataOrderVisitor - [ORDERBOOK] Can't match order:Limit(side=BUY,orderId=9,price=43,quantity=17152)(MktData(price=98,quantity=154))
13:00:20.376 [main] INFO  c.o.v.MutatingMatchOneMarketDataOrderVisitor - [ORDERBOOK] Can't match order:Limit(side=BUY,orderId=11,price=43,quantity=68608)(MktData(price=98,quantity=154))
13:00:20.376 [main] INFO  c.o.v.MutatingMatchOneMarketDataOrderVisitor - [ORDERBOOK] Can't match order:Limit(side=BUY,orderId=12,price=43,quantity=137216)(MktData(price=98,quantity=154))
13:00:20.376 [main] INFO  c.o.v.MutatingMatchOneMarketDataOrderVisitor - [ORDERBOOK] Can't match order:Limit(side=BUY,orderId=13,price=43,quantity=274432)(MktData(price=98,quantity=154))
13:00:20.376 [main] INFO  c.o.v.MutatingMatchOneMarketDataOrderVisitor - [ORDERBOOK] Can't match order:Limit(side=BUY,orderId=14,price=43,quantity=548864)(MktData(price=98,quantity=154))
13:00:20.376 [main] INFO  c.o.v.MutatingMatchOneMarketDataOrderVisitor - [ORDERBOOK] Can't match order:Limit(side=BUY,orderId=15,price=43,quantity=1097728)(MktData(price=98,quantity=154))
13:00:20.376 [main] INFO  c.o.v.MutatingMatchOneMarketDataOrderVisitor - [ORDERBOOK] Can't match order:Limit(side=BUY,orderId=16,price=43,quantity=2195456)(MktData(price=98,quantity=154))
13:00:20.376 [main] INFO  c.o.v.MutatingMatchOneMarketDataOrderVisitor - [ORDERBOOK] Can't match order:MktData(price=43,quantity=134)(MktData(price=98,quantity=154))
13:00:20.376 [main] INFO  c.o.v.MutatingRemoveAllMarketDataOrdersVisitor - [ORDERBOOK] Removing market data order:MktData(price=98,quantity=501)
13:00:20.376 [main] INFO  c.o.v.MutatingRemoveAllMarketDataOrdersVisitor - [ORDERBOOK] Removing market data order:MktData(price=110,quantity=5000)
13:00:20.376 [main] INFO  c.o.v.MutatingRemoveAllMarketDataOrdersVisitor - [ORDERBOOK] Removing market data order:MktData(price=123,quantity=453)
13:00:20.376 [main] INFO  c.o.v.MutatingRemoveAllMarketDataOrdersVisitor - [ORDERBOOK] Removing market data order:MktData(price=167,quantity=665)
13:00:20.376 [main] DEBUG c.orderbook.OrderBook - [ORDERBOOK] ASK: Adding orderMktData(price=98,quantity=501)
13:00:20.376 [main] INFO  c.o.visitor.MutatingAddOrderVisitor - [ORDERBOOK] + Limit(side=SELL,orderId=17,price=98,quantity=501)
13:00:20.376 [main] DEBUG c.orderbook.OrderBook - [ORDERBOOK] ASK: Adding orderMktData(price=101,quantity=200)
13:00:20.376 [main] DEBUG c.orderbook.OrderBook - [ORDERBOOK] ASK: Adding orderMktData(price=110,quantity=5000)
13:00:20.376 [main] DEBUG c.orderbook.OrderBook - [ORDERBOOK] ASK: Adding orderMktData(price=119,quantity=5600)
13:00:20.376 [main] DEBUG c.orderbook.OrderBook - [ORDERBOOK] ASK: Adding orderMktData(price=123,quantity=453)
13:00:20.376 [main] DEBUG c.orderbook.OrderBook - [ORDERBOOK] ASK: Adding orderMktData(price=144,quantity=645)
13:00:20.376 [main] DEBUG c.orderbook.OrderBook - [ORDERBOOK] ASK: Adding orderMktData(price=167,quantity=665)
13:00:20.376 [main] DEBUG c.service.MarketDataService - [ALGO] BID: price:43 quantity:134
13:00:20.376 [main] DEBUG c.service.MarketDataService - [ALGO] BID: price:76 quantity:145
13:00:20.376 [main] DEBUG c.service.MarketDataService - [ALGO] BID: price:91 quantity:300
13:00:20.376 [main] DEBUG c.service.MarketDataService - [ALGO] BID: price:93 quantity:200
13:00:20.376 [main] DEBUG c.service.MarketDataService - [ALGO] BID: price:95 quantity:100
13:00:20.376 [main] DEBUG c.service.MarketDataService - [ALGO] BID: price:98 quantity:154
13:00:20.376 [main] DEBUG c.service.MarketDataService - [ALGO] ASK: price:98 quantity:501
13:00:20.376 [main] DEBUG c.service.MarketDataService - [ALGO] ASK: price:101 quantity:200
13:00:20.376 [main] DEBUG c.service.MarketDataService - [ALGO] ASK: price:110 quantity:5000
13:00:20.376 [main] DEBUG c.service.MarketDataService - [ALGO] ASK: price:119 quantity:5600
13:00:20.376 [main] DEBUG c.service.MarketDataService - [ALGO] ASK: price:123 quantity:453
13:00:20.376 [main] DEBUG c.service.MarketDataService - [ALGO] ASK: price:144 quantity:645
13:00:20.376 [main] DEBUG c.service.MarketDataService - [ALGO] ASK: price:167 quantity:665
13:00:20.376 [main] INFO  c.gettingstarted.MyAlgoLogic - [MYALGO] The state of the order book is:
|----BID-----||----ASK----|
    134 @ 43    501 @ 98
    145 @ 76   200 @ 101
    300 @ 91  5000 @ 110
    200 @ 93  5600 @ 119
    100 @ 95   453 @ 123
    154 @ 98   645 @ 144
          -    665 @ 167
|------------||-----------|

13:00:20.376 [main] INFO  c.gettingstarted.MyAlgoLogic - [MYALGO] Algo Sees Book as: 
|----BID-----||----ASK----|
    134 @ 43    501 @ 98
    145 @ 76   200 @ 101
    300 @ 91  5000 @ 110
    200 @ 93  5600 @ 119
    100 @ 95   453 @ 123
    154 @ 98   645 @ 144
          -    665 @ 167
|------------||-----------|

13:00:20.376 [main] INFO  c.gettingstarted.TimedLogic - [TIMEDLOGIC] Market is open
13:00:20.376 [main] INFO  c.sequencer.consumer.LoggingConsumer - [298] 
|----BID-----|
    134 @ 43
    145 @ 76
    300 @ 91
    200 @ 93
    100 @ 95
    154 @ 98
|----ASK-----|
    501 @ 98
   200 @ 101
  5000 @ 110
  5600 @ 119
   453 @ 123
   645 @ 144
   665 @ 167

13:00:20.376 [main] INFO  c.orderbook.OrderBook - [ORDERBOOK] Processing Mkt Data Update
13:00:20.376 [main] INFO  c.o.v.MutatingRemoveAllMarketDataOrdersVisitor - [ORDERBOOK] Removing market data order:MktData(price=43,quantity=134)
13:00:20.376 [main] DEBUG c.orderbook.OrderBook - [ORDERBOOK] ASK: Adding orderMktData(price=43,quantity=134)
13:00:20.376 [main] INFO  c.o.visitor.MutatingAddOrderVisitor - [ORDERBOOK] + Limit(side=BUY,orderId=16,price=43,quantity=2195456)
13:00:20.376 [main] DEBUG c.orderbook.OrderBook - [ORDERBOOK] ASK: Adding orderMktData(price=76,quantity=145)
13:00:20.376 [main] DEBUG c.orderbook.OrderBook - [ORDERBOOK] ASK: Adding orderMktData(price=91,quantity=300)
13:00:20.376 [main] DEBUG c.orderbook.OrderBook - [ORDERBOOK] ASK: Adding orderMktData(price=93,quantity=200)
13:00:20.376 [main] DEBUG c.orderbook.OrderBook - [ORDERBOOK] ASK: Adding orderMktData(price=95,quantity=100)
13:00:20.376 [main] DEBUG c.orderbook.OrderBook - [ORDERBOOK] ASK: Adding orderMktData(price=98,quantity=154)
13:00:20.376 [main] INFO  c.o.v.MutatingMatchOneMarketDataOrderVisitor - [ORDERBOOK] visiting LevelOrderBookLevel(price=43,quantity=4286660)
13:00:20.376 [main] INFO  c.o.v.MutatingMatchOneMarketDataOrderVisitor - [ORDERBOOK] Can't match order:Limit(side=BUY,orderId=3,price=43,quantity=268)(MktData(price=98,quantity=154))
13:00:20.376 [main] INFO  c.o.v.MutatingMatchOneMarketDataOrderVisitor - [ORDERBOOK] Can't match order:Limit(side=BUY,orderId=5,price=43,quantity=1072)(MktData(price=98,quantity=154))
13:00:20.376 [main] INFO  c.o.v.MutatingMatchOneMarketDataOrderVisitor - [ORDERBOOK] Can't match order:Limit(side=BUY,orderId=7,price=43,quantity=4288)(MktData(price=98,quantity=154))
13:00:20.376 [main] INFO  c.o.v.MutatingMatchOneMarketDataOrderVisitor - [ORDERBOOK] Can't match order:Limit(side=BUY,orderId=9,price=43,quantity=17152)(MktData(price=98,quantity=154))
13:00:20.376 [main] INFO  c.o.v.MutatingMatchOneMarketDataOrderVisitor - [ORDERBOOK] Can't match order:Limit(side=BUY,orderId=11,price=43,quantity=68608)(MktData(price=98,quantity=154))
13:00:20.376 [main] INFO  c.o.v.MutatingMatchOneMarketDataOrderVisitor - [ORDERBOOK] Can't match order:Limit(side=BUY,orderId=12,price=43,quantity=137216)(MktData(price=98,quantity=154))
13:00:20.376 [main] INFO  c.o.v.MutatingMatchOneMarketDataOrderVisitor - [ORDERBOOK] Can't match order:Limit(side=BUY,orderId=13,price=43,quantity=274432)(MktData(price=98,quantity=154))
13:00:20.376 [main] INFO  c.o.v.MutatingMatchOneMarketDataOrderVisitor - [ORDERBOOK] Can't match order:Limit(side=BUY,orderId=14,price=43,quantity=548864)(MktData(price=98,quantity=154))
13:00:20.376 [main] INFO  c.o.v.MutatingMatchOneMarketDataOrderVisitor - [ORDERBOOK] Can't match order:Limit(side=BUY,orderId=15,price=43,quantity=1097728)(MktData(price=98,quantity=154))
13:00:20.376 [main] INFO  c.o.v.MutatingMatchOneMarketDataOrderVisitor - [ORDERBOOK] Can't match order:Limit(side=BUY,orderId=16,price=43,quantity=2195456)(MktData(price=98,quantity=154))
13:00:20.376 [main] INFO  c.o.v.MutatingMatchOneMarketDataOrderVisitor - [ORDERBOOK] Can't match order:MktData(price=43,quantity=134)(MktData(price=98,quantity=154))
13:00:20.376 [main] INFO  c.o.v.MutatingRemoveAllMarketDataOrdersVisitor - [ORDERBOOK] Removing market data order:MktData(price=98,quantity=501)
13:00:20.376 [main] INFO  c.o.v.MutatingRemoveAllMarketDataOrdersVisitor - [ORDERBOOK] Removing market data order:MktData(price=110,quantity=5000)
13:00:20.376 [main] INFO  c.o.v.MutatingRemoveAllMarketDataOrdersVisitor - [ORDERBOOK] Removing market data order:MktData(price=123,quantity=453)
13:00:20.376 [main] INFO  c.o.v.MutatingRemoveAllMarketDataOrdersVisitor - [ORDERBOOK] Removing market data order:MktData(price=167,quantity=665)
13:00:20.376 [main] DEBUG c.orderbook.OrderBook - [ORDERBOOK] ASK: Adding orderMktData(price=98,quantity=501)
13:00:20.376 [main] INFO  c.o.visitor.MutatingAddOrderVisitor - [ORDERBOOK] + Limit(side=SELL,orderId=17,price=98,quantity=501)
13:00:20.376 [main] DEBUG c.orderbook.OrderBook - [ORDERBOOK] ASK: Adding orderMktData(price=101,quantity=200)
13:00:20.376 [main] DEBUG c.orderbook.OrderBook - [ORDERBOOK] ASK: Adding orderMktData(price=110,quantity=5000)
13:00:20.376 [main] DEBUG c.orderbook.OrderBook - [ORDERBOOK] ASK: Adding orderMktData(price=119,quantity=5600)
13:00:20.376 [main] DEBUG c.orderbook.OrderBook - [ORDERBOOK] ASK: Adding orderMktData(price=123,quantity=453)
13:00:20.376 [main] DEBUG c.orderbook.OrderBook - [ORDERBOOK] ASK: Adding orderMktData(price=144,quantity=645)
13:00:20.376 [main] DEBUG c.orderbook.OrderBook - [ORDERBOOK] ASK: Adding orderMktData(price=167,quantity=665)
13:00:20.376 [main] DEBUG c.service.MarketDataService - [ALGO] BID: price:43 quantity:134
13:00:20.376 [main] DEBUG c.service.MarketDataService - [ALGO] BID: price:76 quantity:145
13:00:20.376 [main] DEBUG c.service.MarketDataService - [ALGO] BID: price:91 quantity:300
13:00:20.376 [main] DEBUG c.service.MarketDataService - [ALGO] BID: price:93 quantity:200
13:00:20.376 [main] DEBUG c.service.MarketDataService - [ALGO] BID: price:95 quantity:100
13:00:20.376 [main] DEBUG c.service.MarketDataService - [ALGO] BID: price:98 quantity:154
13:00:20.376 [main] DEBUG c.service.MarketDataService - [ALGO] ASK: price:98 quantity:501
13:00:20.376 [main] DEBUG c.service.MarketDataService - [ALGO] ASK: price:101 quantity:200
13:00:20.376 [main] DEBUG c.service.MarketDataService - [ALGO] ASK: price:110 quantity:5000
13:00:20.376 [main] DEBUG c.service.MarketDataService - [ALGO] ASK: price:119 quantity:5600
13:00:20.376 [main] DEBUG c.service.MarketDataService - [ALGO] ASK: price:123 quantity:453
13:00:20.376 [main] DEBUG c.service.MarketDataService - [ALGO] ASK: price:144 quantity:645
13:00:20.376 [main] DEBUG c.service.MarketDataService - [ALGO] ASK: price:167 quantity:665
13:00:20.376 [main] INFO  c.gettingstarted.MyAlgoLogic - [MYALGO] The state of the order book is:
|----BID-----||----ASK----|
    134 @ 43    501 @ 98
    145 @ 76   200 @ 101
    300 @ 91  5000 @ 110
    200 @ 93  5600 @ 119
    100 @ 95   453 @ 123
    154 @ 98   645 @ 144
          -    665 @ 167
|------------||-----------|

13:00:20.376 [main] INFO  c.gettingstarted.MyAlgoLogic - [MYALGO] Algo Sees Book as: 
|----BID-----||----ASK----|
    134 @ 43    501 @ 98
    145 @ 76   200 @ 101
    300 @ 91  5000 @ 110
    200 @ 93  5600 @ 119
    100 @ 95   453 @ 123
    154 @ 98   645 @ 144
          -    665 @ 167
|------------||-----------|

13:00:20.376 [main] INFO  c.gettingstarted.TimedLogic - [TIMEDLOGIC] Market is open
13:00:20.376 [main] INFO  c.sequencer.consumer.LoggingConsumer - [299] 
|----BID-----|
    134 @ 43
    145 @ 76
    300 @ 91
    200 @ 93
    100 @ 95
    154 @ 98
|----ASK-----|
    501 @ 98
   200 @ 101
  5000 @ 110
  5600 @ 119
   453 @ 123
   645 @ 144
   665 @ 167

13:00:20.376 [main] INFO  c.orderbook.OrderBook - [ORDERBOOK] Processing Mkt Data Update
13:00:20.376 [main] INFO  c.o.v.MutatingRemoveAllMarketDataOrdersVisitor - [ORDERBOOK] Removing market data order:MktData(price=43,quantity=134)
13:00:20.376 [main] DEBUG c.orderbook.OrderBook - [ORDERBOOK] ASK: Adding orderMktData(price=43,quantity=134)
13:00:20.376 [main] INFO  c.o.visitor.MutatingAddOrderVisitor - [ORDERBOOK] + Limit(side=BUY,orderId=16,price=43,quantity=2195456)
13:00:20.376 [main] DEBUG c.orderbook.OrderBook - [ORDERBOOK] ASK: Adding orderMktData(price=76,quantity=145)
13:00:20.376 [main] DEBUG c.orderbook.OrderBook - [ORDERBOOK] ASK: Adding orderMktData(price=91,quantity=300)
13:00:20.376 [main] DEBUG c.orderbook.OrderBook - [ORDERBOOK] ASK: Adding orderMktData(price=93,quantity=200)
13:00:20.376 [main] DEBUG c.orderbook.OrderBook - [ORDERBOOK] ASK: Adding orderMktData(price=95,quantity=100)
13:00:20.376 [main] DEBUG c.orderbook.OrderBook - [ORDERBOOK] ASK: Adding orderMktData(price=98,quantity=154)
13:00:20.376 [main] INFO  c.o.v.MutatingMatchOneMarketDataOrderVisitor - [ORDERBOOK] visiting LevelOrderBookLevel(price=43,quantity=4286794)
13:00:20.376 [main] INFO  c.o.v.MutatingMatchOneMarketDataOrderVisitor - [ORDERBOOK] Can't match order:Limit(side=BUY,orderId=3,price=43,quantity=268)(MktData(price=98,quantity=154))
13:00:20.376 [main] INFO  c.o.v.MutatingMatchOneMarketDataOrderVisitor - [ORDERBOOK] Can't match order:Limit(side=BUY,orderId=5,price=43,quantity=1072)(MktData(price=98,quantity=154))
13:00:20.376 [main] INFO  c.o.v.MutatingMatchOneMarketDataOrderVisitor - [ORDERBOOK] Can't match order:Limit(side=BUY,orderId=7,price=43,quantity=4288)(MktData(price=98,quantity=154))
13:00:20.376 [main] INFO  c.o.v.MutatingMatchOneMarketDataOrderVisitor - [ORDERBOOK] Can't match order:Limit(side=BUY,orderId=9,price=43,quantity=17152)(MktData(price=98,quantity=154))
13:00:20.376 [main] INFO  c.o.v.MutatingMatchOneMarketDataOrderVisitor - [ORDERBOOK] Can't match order:Limit(side=BUY,orderId=11,price=43,quantity=68608)(MktData(price=98,quantity=154))
13:00:20.376 [main] INFO  c.o.v.MutatingMatchOneMarketDataOrderVisitor - [ORDERBOOK] Can't match order:Limit(side=BUY,orderId=12,price=43,quantity=137216)(MktData(price=98,quantity=154))
13:00:20.376 [main] INFO  c.o.v.MutatingMatchOneMarketDataOrderVisitor - [ORDERBOOK] Can't match order:Limit(side=BUY,orderId=13,price=43,quantity=274432)(MktData(price=98,quantity=154))
13:00:20.376 [main] INFO  c.o.v.MutatingMatchOneMarketDataOrderVisitor - [ORDERBOOK] Can't match order:Limit(side=BUY,orderId=14,price=43,quantity=548864)(MktData(price=98,quantity=154))
13:00:20.376 [main] INFO  c.o.v.MutatingMatchOneMarketDataOrderVisitor - [ORDERBOOK] Can't match order:Limit(side=BUY,orderId=15,price=43,quantity=1097728)(MktData(price=98,quantity=154))
13:00:20.376 [main] INFO  c.o.v.MutatingMatchOneMarketDataOrderVisitor - [ORDERBOOK] Can't match order:Limit(side=BUY,orderId=16,price=43,quantity=2195456)(MktData(price=98,quantity=154))
13:00:20.376 [main] INFO  c.o.v.MutatingMatchOneMarketDataOrderVisitor - [ORDERBOOK] Can't match order:MktData(price=43,quantity=134)(MktData(price=98,quantity=154))
13:00:20.376 [main] INFO  c.o.v.MutatingRemoveAllMarketDataOrdersVisitor - [ORDERBOOK] Removing market data order:MktData(price=98,quantity=501)
13:00:20.376 [main] INFO  c.o.v.MutatingRemoveAllMarketDataOrdersVisitor - [ORDERBOOK] Removing market data order:MktData(price=110,quantity=5000)
13:00:20.376 [main] INFO  c.o.v.MutatingRemoveAllMarketDataOrdersVisitor - [ORDERBOOK] Removing market data order:MktData(price=123,quantity=453)
13:00:20.376 [main] INFO  c.o.v.MutatingRemoveAllMarketDataOrdersVisitor - [ORDERBOOK] Removing market data order:MktData(price=167,quantity=665)
13:00:20.376 [main] DEBUG c.orderbook.OrderBook - [ORDERBOOK] ASK: Adding orderMktData(price=98,quantity=501)
13:00:20.376 [main] INFO  c.o.visitor.MutatingAddOrderVisitor - [ORDERBOOK] + Limit(side=SELL,orderId=17,price=98,quantity=501)
13:00:20.376 [main] DEBUG c.orderbook.OrderBook - [ORDERBOOK] ASK: Adding orderMktData(price=101,quantity=200)
13:00:20.376 [main] DEBUG c.orderbook.OrderBook - [ORDERBOOK] ASK: Adding orderMktData(price=110,quantity=5000)
13:00:20.376 [main] DEBUG c.orderbook.OrderBook - [ORDERBOOK] ASK: Adding orderMktData(price=119,quantity=5600)
13:00:20.376 [main] DEBUG c.orderbook.OrderBook - [ORDERBOOK] ASK: Adding orderMktData(price=123,quantity=453)
13:00:20.376 [main] DEBUG c.orderbook.OrderBook - [ORDERBOOK] ASK: Adding orderMktData(price=144,quantity=645)
13:00:20.376 [main] DEBUG c.orderbook.OrderBook - [ORDERBOOK] ASK: Adding orderMktData(price=167,quantity=665)
13:00:20.376 [main] DEBUG c.service.MarketDataService - [ALGO] BID: price:43 quantity:134
13:00:20.376 [main] DEBUG c.service.MarketDataService - [ALGO] BID: price:76 quantity:145
13:00:20.376 [main] DEBUG c.service.MarketDataService - [ALGO] BID: price:91 quantity:300
13:00:20.376 [main] DEBUG c.service.MarketDataService - [ALGO] BID: price:93 quantity:200
13:00:20.376 [main] DEBUG c.service.MarketDataService - [ALGO] BID: price:95 quantity:100
13:00:20.376 [main] DEBUG c.service.MarketDataService - [ALGO] BID: price:98 quantity:154
13:00:20.376 [main] DEBUG c.service.MarketDataService - [ALGO] ASK: price:98 quantity:501
13:00:20.376 [main] DEBUG c.service.MarketDataService - [ALGO] ASK: price:101 quantity:200
13:00:20.376 [main] DEBUG c.service.MarketDataService - [ALGO] ASK: price:110 quantity:5000
13:00:20.376 [main] DEBUG c.service.MarketDataService - [ALGO] ASK: price:119 quantity:5600
13:00:20.376 [main] DEBUG c.service.MarketDataService - [ALGO] ASK: price:123 quantity:453
13:00:20.376 [main] DEBUG c.service.MarketDataService - [ALGO] ASK: price:144 quantity:645
13:00:20.376 [main] DEBUG c.service.MarketDataService - [ALGO] ASK: price:167 quantity:665
13:00:20.376 [main] INFO  c.gettingstarted.MyAlgoLogic - [MYALGO] The state of the order book is:
|----BID-----||----ASK----|
    134 @ 43    501 @ 98
    145 @ 76   200 @ 101
    300 @ 91  5000 @ 110
    200 @ 93  5600 @ 119
    100 @ 95   453 @ 123
    154 @ 98   645 @ 144
          -    665 @ 167
|------------||-----------|

13:00:20.376 [main] INFO  c.gettingstarted.MyAlgoLogic - [MYALGO] Algo Sees Book as: 
|----BID-----||----ASK----|
    134 @ 43    501 @ 98
    145 @ 76   200 @ 101
    300 @ 91  5000 @ 110
    200 @ 93  5600 @ 119
    100 @ 95   453 @ 123
    154 @ 98   645 @ 144
          -    665 @ 167
|------------||-----------|

13:00:20.376 [main] INFO  c.gettingstarted.TimedLogic - [TIMEDLOGIC] Market is open
13:00:20.376 [main] INFO  c.sequencer.consumer.LoggingConsumer - [300] 
|----BID-----|
    134 @ 43
    145 @ 76
    300 @ 91
    200 @ 93
    100 @ 95
    154 @ 98
|----ASK-----|
    501 @ 98
   200 @ 101
  5000 @ 110
  5600 @ 119
   453 @ 123
   645 @ 144
   665 @ 167

13:00:20.376 [main] INFO  c.orderbook.OrderBook - [ORDERBOOK] Processing Mkt Data Update
13:00:20.376 [main] INFO  c.o.v.MutatingRemoveAllMarketDataOrdersVisitor - [ORDERBOOK] Removing market data order:MktData(price=43,quantity=134)
13:00:20.376 [main] DEBUG c.orderbook.OrderBook - [ORDERBOOK] ASK: Adding orderMktData(price=43,quantity=134)
13:00:20.376 [main] INFO  c.o.visitor.MutatingAddOrderVisitor - [ORDERBOOK] + Limit(side=BUY,orderId=16,price=43,quantity=2195456)
13:00:20.376 [main] DEBUG c.orderbook.OrderBook - [ORDERBOOK] ASK: Adding orderMktData(price=76,quantity=145)
13:00:20.376 [main] DEBUG c.orderbook.OrderBook - [ORDERBOOK] ASK: Adding orderMktData(price=91,quantity=300)
13:00:20.376 [main] DEBUG c.orderbook.OrderBook - [ORDERBOOK] ASK: Adding orderMktData(price=93,quantity=200)
13:00:20.376 [main] DEBUG c.orderbook.OrderBook - [ORDERBOOK] ASK: Adding orderMktData(price=95,quantity=100)
13:00:20.376 [main] DEBUG c.orderbook.OrderBook - [ORDERBOOK] ASK: Adding orderMktData(price=98,quantity=154)
13:00:20.376 [main] INFO  c.o.v.MutatingMatchOneMarketDataOrderVisitor - [ORDERBOOK] visiting LevelOrderBookLevel(price=43,quantity=4286928)
13:00:20.376 [main] INFO  c.o.v.MutatingMatchOneMarketDataOrderVisitor - [ORDERBOOK] Can't match order:Limit(side=BUY,orderId=3,price=43,quantity=268)(MktData(price=98,quantity=154))
13:00:20.376 [main] INFO  c.o.v.MutatingMatchOneMarketDataOrderVisitor - [ORDERBOOK] Can't match order:Limit(side=BUY,orderId=5,price=43,quantity=1072)(MktData(price=98,quantity=154))
13:00:20.376 [main] INFO  c.o.v.MutatingMatchOneMarketDataOrderVisitor - [ORDERBOOK] Can't match order:Limit(side=BUY,orderId=7,price=43,quantity=4288)(MktData(price=98,quantity=154))
13:00:20.376 [main] INFO  c.o.v.MutatingMatchOneMarketDataOrderVisitor - [ORDERBOOK] Can't match order:Limit(side=BUY,orderId=9,price=43,quantity=17152)(MktData(price=98,quantity=154))
13:00:20.376 [main] INFO  c.o.v.MutatingMatchOneMarketDataOrderVisitor - [ORDERBOOK] Can't match order:Limit(side=BUY,orderId=11,price=43,quantity=68608)(MktData(price=98,quantity=154))
13:00:20.376 [main] INFO  c.o.v.MutatingMatchOneMarketDataOrderVisitor - [ORDERBOOK] Can't match order:Limit(side=BUY,orderId=12,price=43,quantity=137216)(MktData(price=98,quantity=154))
13:00:20.376 [main] INFO  c.o.v.MutatingMatchOneMarketDataOrderVisitor - [ORDERBOOK] Can't match order:Limit(side=BUY,orderId=13,price=43,quantity=274432)(MktData(price=98,quantity=154))
13:00:20.376 [main] INFO  c.o.v.MutatingMatchOneMarketDataOrderVisitor - [ORDERBOOK] Can't match order:Limit(side=BUY,orderId=14,price=43,quantity=548864)(MktData(price=98,quantity=154))
13:00:20.376 [main] INFO  c.o.v.MutatingMatchOneMarketDataOrderVisitor - [ORDERBOOK] Can't match order:Limit(side=BUY,orderId=15,price=43,quantity=1097728)(MktData(price=98,quantity=154))
13:00:20.376 [main] INFO  c.o.v.MutatingMatchOneMarketDataOrderVisitor - [ORDERBOOK] Can't match order:Limit(side=BUY,orderId=16,price=43,quantity=2195456)(MktData(price=98,quantity=154))
13:00:20.376 [main] INFO  c.o.v.MutatingMatchOneMarketDataOrderVisitor - [ORDERBOOK] Can't match order:MktData(price=43,quantity=134)(MktData(price=98,quantity=154))
13:00:20.376 [main] INFO  c.o.v.MutatingRemoveAllMarketDataOrdersVisitor - [ORDERBOOK] Removing market data order:MktData(price=98,quantity=501)
13:00:20.376 [main] INFO  c.o.v.MutatingRemoveAllMarketDataOrdersVisitor - [ORDERBOOK] Removing market data order:MktData(price=110,quantity=5000)
13:00:20.376 [main] INFO  c.o.v.MutatingRemoveAllMarketDataOrdersVisitor - [ORDERBOOK] Removing market data order:MktData(price=123,quantity=453)
13:00:20.376 [main] INFO  c.o.v.MutatingRemoveAllMarketDataOrdersVisitor - [ORDERBOOK] Removing market data order:MktData(price=167,quantity=665)
13:00:20.376 [main] DEBUG c.orderbook.OrderBook - [ORDERBOOK] ASK: Adding orderMktData(price=98,quantity=501)
13:00:20.376 [main] INFO  c.o.visitor.MutatingAddOrderVisitor - [ORDERBOOK] + Limit(side=SELL,orderId=17,price=98,quantity=501)
13:00:20.376 [main] DEBUG c.orderbook.OrderBook - [ORDERBOOK] ASK: Adding orderMktData(price=101,quantity=200)
13:00:20.376 [main] DEBUG c.orderbook.OrderBook - [ORDERBOOK] ASK: Adding orderMktData(price=110,quantity=5000)
13:00:20.376 [main] DEBUG c.orderbook.OrderBook - [ORDERBOOK] ASK: Adding orderMktData(price=119,quantity=5600)
13:00:20.376 [main] DEBUG c.orderbook.OrderBook - [ORDERBOOK] ASK: Adding orderMktData(price=123,quantity=453)
13:00:20.376 [main] DEBUG c.orderbook.OrderBook - [ORDERBOOK] ASK: Adding orderMktData(price=144,quantity=645)
13:00:20.376 [main] DEBUG c.orderbook.OrderBook - [ORDERBOOK] ASK: Adding orderMktData(price=167,quantity=665)
13:00:20.376 [main] DEBUG c.service.MarketDataService - [ALGO] BID: price:43 quantity:134
13:00:20.376 [main] DEBUG c.service.MarketDataService - [ALGO] BID: price:76 quantity:145
13:00:20.376 [main] DEBUG c.service.MarketDataService - [ALGO] BID: price:91 quantity:300
13:00:20.376 [main] DEBUG c.service.MarketDataService - [ALGO] BID: price:93 quantity:200
13:00:20.376 [main] DEBUG c.service.MarketDataService - [ALGO] BID: price:95 quantity:100
13:00:20.376 [main] DEBUG c.service.MarketDataService - [ALGO] BID: price:98 quantity:154
13:00:20.376 [main] DEBUG c.service.MarketDataService - [ALGO] ASK: price:98 quantity:501
13:00:20.376 [main] DEBUG c.service.MarketDataService - [ALGO] ASK: price:101 quantity:200
13:00:20.376 [main] DEBUG c.service.MarketDataService - [ALGO] ASK: price:110 quantity:5000
13:00:20.376 [main] DEBUG c.service.MarketDataService - [ALGO] ASK: price:119 quantity:5600
13:00:20.376 [main] DEBUG c.service.MarketDataService - [ALGO] ASK: price:123 quantity:453
13:00:20.376 [main] DEBUG c.service.MarketDataService - [ALGO] ASK: price:144 quantity:645
13:00:20.376 [main] DEBUG c.service.MarketDataService - [ALGO] ASK: price:167 quantity:665
13:00:20.376 [main] INFO  c.gettingstarted.MyAlgoLogic - [MYALGO] The state of the order book is:
|----BID-----||----ASK----|
    134 @ 43    501 @ 98
    145 @ 76   200 @ 101
    300 @ 91  5000 @ 110
    200 @ 93  5600 @ 119
    100 @ 95   453 @ 123
    154 @ 98   645 @ 144
          -    665 @ 167
|------------||-----------|

13:00:20.376 [main] INFO  c.gettingstarted.MyAlgoLogic - [MYALGO] Algo Sees Book as: 
|----BID-----||----ASK----|
    134 @ 43    501 @ 98
    145 @ 76   200 @ 101
    300 @ 91  5000 @ 110
    200 @ 93  5600 @ 119
    100 @ 95   453 @ 123
    154 @ 98   645 @ 144
          -    665 @ 167
|------------||-----------|

13:00:20.376 [main] INFO  c.gettingstarted.TimedLogic - [TIMEDLOGIC] Market is open
13:00:20.376 [main] INFO  c.sequencer.consumer.LoggingConsumer - [301] 
|----BID-----|
    134 @ 43
    145 @ 76
    300 @ 91
    200 @ 93
    100 @ 95
    154 @ 98
|----ASK-----|
    501 @ 98
   200 @ 101
  5000 @ 110
  5600 @ 119
   453 @ 123
   645 @ 144
   665 @ 167

13:00:20.376 [main] INFO  c.orderbook.OrderBook - [ORDERBOOK] Processing Mkt Data Update
13:00:20.376 [main] INFO  c.o.v.MutatingRemoveAllMarketDataOrdersVisitor - [ORDERBOOK] Removing market data order:MktData(price=43,quantity=134)
13:00:20.376 [main] DEBUG c.orderbook.OrderBook - [ORDERBOOK] ASK: Adding orderMktData(price=43,quantity=134)
13:00:20.376 [main] INFO  c.o.visitor.MutatingAddOrderVisitor - [ORDERBOOK] + Limit(side=BUY,orderId=16,price=43,quantity=2195456)
13:00:20.376 [main] DEBUG c.orderbook.OrderBook - [ORDERBOOK] ASK: Adding orderMktData(price=76,quantity=145)
13:00:20.376 [main] DEBUG c.orderbook.OrderBook - [ORDERBOOK] ASK: Adding orderMktData(price=91,quantity=300)
13:00:20.376 [main] DEBUG c.orderbook.OrderBook - [ORDERBOOK] ASK: Adding orderMktData(price=93,quantity=200)
13:00:20.376 [main] DEBUG c.orderbook.OrderBook - [ORDERBOOK] ASK: Adding orderMktData(price=95,quantity=100)
13:00:20.376 [main] DEBUG c.orderbook.OrderBook - [ORDERBOOK] ASK: Adding orderMktData(price=98,quantity=154)
13:00:20.376 [main] INFO  c.o.v.MutatingMatchOneMarketDataOrderVisitor - [ORDERBOOK] visiting LevelOrderBookLevel(price=43,quantity=4287062)
13:00:20.376 [main] INFO  c.o.v.MutatingMatchOneMarketDataOrderVisitor - [ORDERBOOK] Can't match order:Limit(side=BUY,orderId=3,price=43,quantity=268)(MktData(price=98,quantity=154))
13:00:20.376 [main] INFO  c.o.v.MutatingMatchOneMarketDataOrderVisitor - [ORDERBOOK] Can't match order:Limit(side=BUY,orderId=5,price=43,quantity=1072)(MktData(price=98,quantity=154))
13:00:20.376 [main] INFO  c.o.v.MutatingMatchOneMarketDataOrderVisitor - [ORDERBOOK] Can't match order:Limit(side=BUY,orderId=7,price=43,quantity=4288)(MktData(price=98,quantity=154))
13:00:20.376 [main] INFO  c.o.v.MutatingMatchOneMarketDataOrderVisitor - [ORDERBOOK] Can't match order:Limit(side=BUY,orderId=9,price=43,quantity=17152)(MktData(price=98,quantity=154))
13:00:20.376 [main] INFO  c.o.v.MutatingMatchOneMarketDataOrderVisitor - [ORDERBOOK] Can't match order:Limit(side=BUY,orderId=11,price=43,quantity=68608)(MktData(price=98,quantity=154))
13:00:20.376 [main] INFO  c.o.v.MutatingMatchOneMarketDataOrderVisitor - [ORDERBOOK] Can't match order:Limit(side=BUY,orderId=12,price=43,quantity=137216)(MktData(price=98,quantity=154))
13:00:20.376 [main] INFO  c.o.v.MutatingMatchOneMarketDataOrderVisitor - [ORDERBOOK] Can't match order:Limit(side=BUY,orderId=13,price=43,quantity=274432)(MktData(price=98,quantity=154))
13:00:20.376 [main] INFO  c.o.v.MutatingMatchOneMarketDataOrderVisitor - [ORDERBOOK] Can't match order:Limit(side=BUY,orderId=14,price=43,quantity=548864)(MktData(price=98,quantity=154))
13:00:20.376 [main] INFO  c.o.v.MutatingMatchOneMarketDataOrderVisitor - [ORDERBOOK] Can't match order:Limit(side=BUY,orderId=15,price=43,quantity=1097728)(MktData(price=98,quantity=154))
13:00:20.376 [main] INFO  c.o.v.MutatingMatchOneMarketDataOrderVisitor - [ORDERBOOK] Can't match order:Limit(side=BUY,orderId=16,price=43,quantity=2195456)(MktData(price=98,quantity=154))
13:00:20.376 [main] INFO  c.o.v.MutatingMatchOneMarketDataOrderVisitor - [ORDERBOOK] Can't match order:MktData(price=43,quantity=134)(MktData(price=98,quantity=154))
13:00:20.376 [main] INFO  c.o.v.MutatingRemoveAllMarketDataOrdersVisitor - [ORDERBOOK] Removing market data order:MktData(price=98,quantity=501)
13:00:20.376 [main] INFO  c.o.v.MutatingRemoveAllMarketDataOrdersVisitor - [ORDERBOOK] Removing market data order:MktData(price=110,quantity=5000)
13:00:20.376 [main] INFO  c.o.v.MutatingRemoveAllMarketDataOrdersVisitor - [ORDERBOOK] Removing market data order:MktData(price=123,quantity=453)
13:00:20.376 [main] INFO  c.o.v.MutatingRemoveAllMarketDataOrdersVisitor - [ORDERBOOK] Removing market data order:MktData(price=167,quantity=665)
13:00:20.376 [main] DEBUG c.orderbook.OrderBook - [ORDERBOOK] ASK: Adding orderMktData(price=98,quantity=501)
13:00:20.376 [main] INFO  c.o.visitor.MutatingAddOrderVisitor - [ORDERBOOK] + Limit(side=SELL,orderId=17,price=98,quantity=501)
13:00:20.376 [main] DEBUG c.orderbook.OrderBook - [ORDERBOOK] ASK: Adding orderMktData(price=101,quantity=200)
13:00:20.376 [main] DEBUG c.orderbook.OrderBook - [ORDERBOOK] ASK: Adding orderMktData(price=110,quantity=5000)
13:00:20.376 [main] DEBUG c.orderbook.OrderBook - [ORDERBOOK] ASK: Adding orderMktData(price=119,quantity=5600)
13:00:20.376 [main] DEBUG c.orderbook.OrderBook - [ORDERBOOK] ASK: Adding orderMktData(price=123,quantity=453)
13:00:20.376 [main] DEBUG c.orderbook.OrderBook - [ORDERBOOK] ASK: Adding orderMktData(price=144,quantity=645)
13:00:20.376 [main] DEBUG c.orderbook.OrderBook - [ORDERBOOK] ASK: Adding orderMktData(price=167,quantity=665)
13:00:20.376 [main] DEBUG c.service.MarketDataService - [ALGO] BID: price:43 quantity:134
13:00:20.376 [main] DEBUG c.service.MarketDataService - [ALGO] BID: price:76 quantity:145
13:00:20.376 [main] DEBUG c.service.MarketDataService - [ALGO] BID: price:91 quantity:300
13:00:20.376 [main] DEBUG c.service.MarketDataService - [ALGO] BID: price:93 quantity:200
13:00:20.376 [main] DEBUG c.service.MarketDataService - [ALGO] BID: price:95 quantity:100
13:00:20.376 [main] DEBUG c.service.MarketDataService - [ALGO] BID: price:98 quantity:154
13:00:20.376 [main] DEBUG c.service.MarketDataService - [ALGO] ASK: price:98 quantity:501
13:00:20.376 [main] DEBUG c.service.MarketDataService - [ALGO] ASK: price:101 quantity:200
13:00:20.376 [main] DEBUG c.service.MarketDataService - [ALGO] ASK: price:110 quantity:5000
13:00:20.376 [main] DEBUG c.service.MarketDataService - [ALGO] ASK: price:119 quantity:5600
13:00:20.376 [main] DEBUG c.service.MarketDataService - [ALGO] ASK: price:123 quantity:453
13:00:20.376 [main] DEBUG c.service.MarketDataService - [ALGO] ASK: price:144 quantity:645
13:00:20.376 [main] DEBUG c.service.MarketDataService - [ALGO] ASK: price:167 quantity:665
13:00:20.376 [main] INFO  c.gettingstarted.MyAlgoLogic - [MYALGO] The state of the order book is:
|----BID-----||----ASK----|
    134 @ 43    501 @ 98
    145 @ 76   200 @ 101
    300 @ 91  5000 @ 110
    200 @ 93  5600 @ 119
    100 @ 95   453 @ 123
    154 @ 98   645 @ 144
          -    665 @ 167
|------------||-----------|

13:00:20.376 [main] INFO  c.gettingstarted.MyAlgoLogic - [MYALGO] Algo Sees Book as: 
|----BID-----||----ASK----|
    134 @ 43    501 @ 98
    145 @ 76   200 @ 101
    300 @ 91  5000 @ 110
    200 @ 93  5600 @ 119
    100 @ 95   453 @ 123
    154 @ 98   645 @ 144
          -    665 @ 167
|------------||-----------|

13:00:20.376 [main] INFO  c.gettingstarted.TimedLogic - [TIMEDLOGIC] Market is open
13:00:20.376 [main] INFO  c.sequencer.consumer.LoggingConsumer - [302] 
|----BID-----|
    134 @ 43
    145 @ 76
    300 @ 91
    200 @ 93
    100 @ 95
    154 @ 98
|----ASK-----|
    501 @ 98
   200 @ 101
  5000 @ 110
  5600 @ 119
   453 @ 123
   645 @ 144
   665 @ 167

13:00:20.376 [main] INFO  c.orderbook.OrderBook - [ORDERBOOK] Processing Mkt Data Update
13:00:20.376 [main] INFO  c.o.v.MutatingRemoveAllMarketDataOrdersVisitor - [ORDERBOOK] Removing market data order:MktData(price=43,quantity=134)
13:00:20.376 [main] DEBUG c.orderbook.OrderBook - [ORDERBOOK] ASK: Adding orderMktData(price=43,quantity=134)
13:00:20.376 [main] INFO  c.o.visitor.MutatingAddOrderVisitor - [ORDERBOOK] + Limit(side=BUY,orderId=16,price=43,quantity=2195456)
13:00:20.376 [main] DEBUG c.orderbook.OrderBook - [ORDERBOOK] ASK: Adding orderMktData(price=76,quantity=145)
13:00:20.376 [main] DEBUG c.orderbook.OrderBook - [ORDERBOOK] ASK: Adding orderMktData(price=91,quantity=300)
13:00:20.376 [main] DEBUG c.orderbook.OrderBook - [ORDERBOOK] ASK: Adding orderMktData(price=93,quantity=200)
13:00:20.376 [main] DEBUG c.orderbook.OrderBook - [ORDERBOOK] ASK: Adding orderMktData(price=95,quantity=100)
13:00:20.376 [main] DEBUG c.orderbook.OrderBook - [ORDERBOOK] ASK: Adding orderMktData(price=98,quantity=154)
13:00:20.376 [main] INFO  c.o.v.MutatingMatchOneMarketDataOrderVisitor - [ORDERBOOK] visiting LevelOrderBookLevel(price=43,quantity=4287196)
13:00:20.376 [main] INFO  c.o.v.MutatingMatchOneMarketDataOrderVisitor - [ORDERBOOK] Can't match order:Limit(side=BUY,orderId=3,price=43,quantity=268)(MktData(price=98,quantity=154))
13:00:20.376 [main] INFO  c.o.v.MutatingMatchOneMarketDataOrderVisitor - [ORDERBOOK] Can't match order:Limit(side=BUY,orderId=5,price=43,quantity=1072)(MktData(price=98,quantity=154))
13:00:20.376 [main] INFO  c.o.v.MutatingMatchOneMarketDataOrderVisitor - [ORDERBOOK] Can't match order:Limit(side=BUY,orderId=7,price=43,quantity=4288)(MktData(price=98,quantity=154))
13:00:20.376 [main] INFO  c.o.v.MutatingMatchOneMarketDataOrderVisitor - [ORDERBOOK] Can't match order:Limit(side=BUY,orderId=9,price=43,quantity=17152)(MktData(price=98,quantity=154))
13:00:20.376 [main] INFO  c.o.v.MutatingMatchOneMarketDataOrderVisitor - [ORDERBOOK] Can't match order:Limit(side=BUY,orderId=11,price=43,quantity=68608)(MktData(price=98,quantity=154))
13:00:20.376 [main] INFO  c.o.v.MutatingMatchOneMarketDataOrderVisitor - [ORDERBOOK] Can't match order:Limit(side=BUY,orderId=12,price=43,quantity=137216)(MktData(price=98,quantity=154))
13:00:20.376 [main] INFO  c.o.v.MutatingMatchOneMarketDataOrderVisitor - [ORDERBOOK] Can't match order:Limit(side=BUY,orderId=13,price=43,quantity=274432)(MktData(price=98,quantity=154))
13:00:20.376 [main] INFO  c.o.v.MutatingMatchOneMarketDataOrderVisitor - [ORDERBOOK] Can't match order:Limit(side=BUY,orderId=14,price=43,quantity=548864)(MktData(price=98,quantity=154))
13:00:20.376 [main] INFO  c.o.v.MutatingMatchOneMarketDataOrderVisitor - [ORDERBOOK] Can't match order:Limit(side=BUY,orderId=15,price=43,quantity=1097728)(MktData(price=98,quantity=154))
13:00:20.376 [main] INFO  c.o.v.MutatingMatchOneMarketDataOrderVisitor - [ORDERBOOK] Can't match order:Limit(side=BUY,orderId=16,price=43,quantity=2195456)(MktData(price=98,quantity=154))
13:00:20.376 [main] INFO  c.o.v.MutatingMatchOneMarketDataOrderVisitor - [ORDERBOOK] Can't match order:MktData(price=43,quantity=134)(MktData(price=98,quantity=154))
13:00:20.376 [main] INFO  c.o.v.MutatingRemoveAllMarketDataOrdersVisitor - [ORDERBOOK] Removing market data order:MktData(price=98,quantity=501)
13:00:20.376 [main] INFO  c.o.v.MutatingRemoveAllMarketDataOrdersVisitor - [ORDERBOOK] Removing market data order:MktData(price=110,quantity=5000)
13:00:20.376 [main] INFO  c.o.v.MutatingRemoveAllMarketDataOrdersVisitor - [ORDERBOOK] Removing market data order:MktData(price=123,quantity=453)
13:00:20.376 [main] INFO  c.o.v.MutatingRemoveAllMarketDataOrdersVisitor - [ORDERBOOK] Removing market data order:MktData(price=167,quantity=665)
13:00:20.376 [main] DEBUG c.orderbook.OrderBook - [ORDERBOOK] ASK: Adding orderMktData(price=98,quantity=501)
13:00:20.376 [main] INFO  c.o.visitor.MutatingAddOrderVisitor - [ORDERBOOK] + Limit(side=SELL,orderId=17,price=98,quantity=501)
13:00:20.376 [main] DEBUG c.orderbook.OrderBook - [ORDERBOOK] ASK: Adding orderMktData(price=101,quantity=200)
13:00:20.376 [main] DEBUG c.orderbook.OrderBook - [ORDERBOOK] ASK: Adding orderMktData(price=110,quantity=5000)
13:00:20.376 [main] DEBUG c.orderbook.OrderBook - [ORDERBOOK] ASK: Adding orderMktData(price=119,quantity=5600)
13:00:20.376 [main] DEBUG c.orderbook.OrderBook - [ORDERBOOK] ASK: Adding orderMktData(price=123,quantity=453)
13:00:20.376 [main] DEBUG c.orderbook.OrderBook - [ORDERBOOK] ASK: Adding orderMktData(price=144,quantity=645)
13:00:20.376 [main] DEBUG c.orderbook.OrderBook - [ORDERBOOK] ASK: Adding orderMktData(price=167,quantity=665)
13:00:20.376 [main] DEBUG c.service.MarketDataService - [ALGO] BID: price:43 quantity:134
13:00:20.376 [main] DEBUG c.service.MarketDataService - [ALGO] BID: price:76 quantity:145
13:00:20.376 [main] DEBUG c.service.MarketDataService - [ALGO] BID: price:91 quantity:300
13:00:20.376 [main] DEBUG c.service.MarketDataService - [ALGO] BID: price:93 quantity:200
13:00:20.376 [main] DEBUG c.service.MarketDataService - [ALGO] BID: price:95 quantity:100
13:00:20.376 [main] DEBUG c.service.MarketDataService - [ALGO] BID: price:98 quantity:154
13:00:20.376 [main] DEBUG c.service.MarketDataService - [ALGO] ASK: price:98 quantity:501
13:00:20.376 [main] DEBUG c.service.MarketDataService - [ALGO] ASK: price:101 quantity:200
13:00:20.376 [main] DEBUG c.service.MarketDataService - [ALGO] ASK: price:110 quantity:5000
13:00:20.376 [main] DEBUG c.service.MarketDataService - [ALGO] ASK: price:119 quantity:5600
13:00:20.376 [main] DEBUG c.service.MarketDataService - [ALGO] ASK: price:123 quantity:453
13:00:20.376 [main] DEBUG c.service.MarketDataService - [ALGO] ASK: price:144 quantity:645
13:00:20.376 [main] DEBUG c.service.MarketDataService - [ALGO] ASK: price:167 quantity:665
13:00:20.376 [main] INFO  c.gettingstarted.MyAlgoLogic - [MYALGO] The state of the order book is:
|----BID-----||----ASK----|
    134 @ 43    501 @ 98
    145 @ 76   200 @ 101
    300 @ 91  5000 @ 110
    200 @ 93  5600 @ 119
    100 @ 95   453 @ 123
    154 @ 98   645 @ 144
          -    665 @ 167
|------------||-----------|

13:00:20.376 [main] INFO  c.gettingstarted.MyAlgoLogic - [MYALGO] Algo Sees Book as: 
|----BID-----||----ASK----|
    134 @ 43    501 @ 98
    145 @ 76   200 @ 101
    300 @ 91  5000 @ 110
    200 @ 93  5600 @ 119
    100 @ 95   453 @ 123
    154 @ 98   645 @ 144
          -    665 @ 167
|------------||-----------|

13:00:20.376 [main] INFO  c.gettingstarted.TimedLogic - [TIMEDLOGIC] Market is open
13:00:20.376 [main] INFO  c.gettingstarted.MyAlgoLogic - [MYALGOBACKTEST] orders have exceeded target.
]]></system-out>
  </testcase>
  <testcase name="testMarketOpen" classname="codingblackfemales.gettingstarted.MyAlgoBackTest" time="0.0">
    <system-out><![CDATA[13:00:20.376 [main] INFO  c.gettingstarted.TimedLogic - [TIMEDLOGIC] Market is open
]]></system-out>
  </testcase>
  <testcase name="testMarketClosed" classname="codingblackfemales.gettingstarted.MyAlgoBackTest" time="0.0">
    <system-out><![CDATA[13:00:20.376 [main] INFO  c.gettingstarted.TimedLogic - [TIMEDLOGIC] Market is open
]]></system-out>
  </testcase>
  <testcase name="testExampleBackTest" classname="codingblackfemales.gettingstarted.MyAlgoBackTest" time="0.047">
    <system-out><![CDATA[13:00:20.376 [main] INFO  c.sequencer.consumer.LoggingConsumer - [1] 
|----BID-----|
    100 @ 98
    200 @ 95
    300 @ 91
|----ASK-----|
   101 @ 100
   200 @ 110
  5000 @ 115
  5600 @ 119

13:00:20.376 [main] INFO  c.orderbook.OrderBook - [ORDERBOOK] Processing Mkt Data Update
13:00:20.376 [main] DEBUG c.orderbook.OrderBook - [ORDERBOOK] ASK: Adding orderMktData(price=98,quantity=100)
13:00:20.376 [main] DEBUG c.orderbook.OrderBook - [ORDERBOOK] ASK: Adding orderMktData(price=95,quantity=200)
13:00:20.376 [main] DEBUG c.orderbook.OrderBook - [ORDERBOOK] ASK: Adding orderMktData(price=91,quantity=300)
13:00:20.376 [main] DEBUG c.orderbook.OrderBook - [ORDERBOOK] ASK: Adding orderMktData(price=100,quantity=101)
13:00:20.376 [main] DEBUG c.orderbook.OrderBook - [ORDERBOOK] ASK: Adding orderMktData(price=110,quantity=200)
13:00:20.376 [main] DEBUG c.orderbook.OrderBook - [ORDERBOOK] ASK: Adding orderMktData(price=115,quantity=5000)
13:00:20.376 [main] DEBUG c.orderbook.OrderBook - [ORDERBOOK] ASK: Adding orderMktData(price=119,quantity=5600)
13:00:20.376 [main] DEBUG c.service.MarketDataService - [ALGO] BID: price:98 quantity:100
13:00:20.376 [main] DEBUG c.service.MarketDataService - [ALGO] BID: price:95 quantity:200
13:00:20.376 [main] DEBUG c.service.MarketDataService - [ALGO] BID: price:91 quantity:300
13:00:20.376 [main] DEBUG c.service.MarketDataService - [ALGO] ASK: price:100 quantity:101
13:00:20.376 [main] DEBUG c.service.MarketDataService - [ALGO] ASK: price:110 quantity:200
13:00:20.376 [main] DEBUG c.service.MarketDataService - [ALGO] ASK: price:115 quantity:5000
13:00:20.376 [main] DEBUG c.service.MarketDataService - [ALGO] ASK: price:119 quantity:5600
13:00:20.376 [main] INFO  c.gettingstarted.MyAlgoLogic - [MYALGO] The state of the order book is:
|----BID-----||----ASK----|
    100 @ 98   101 @ 100
    200 @ 95   200 @ 110
    300 @ 91  5000 @ 115
          -   5600 @ 119
|------------||-----------|

13:00:20.376 [main] INFO  c.gettingstarted.MyAlgoLogic - [MYALGO] Algo Sees Book as: 
|----BID-----||----ASK----|
    100 @ 98   101 @ 100
    200 @ 95   200 @ 110
    300 @ 91  5000 @ 115
          -   5600 @ 119
|------------||-----------|

13:00:20.376 [main] INFO  c.gettingstarted.TimedLogic - [TIMEDLOGIC] Market is open
13:00:20.376 [main] INFO  c.gettingstarted.MyAlgoLogic - [MYALGO] Aftr buy orders0
13:00:20.376 [main] INFO  c.gettingstarted.MyAlgoLogic - [MYALGO] After Buy total orders0
13:00:20.376 [main] INFO  c.container.Actioner - [ALGO] Actioner, sending action:CreateChildOrder(side=BUY,quantity=100,price=98)
13:00:20.376 [main] INFO  c.sequencer.consumer.LoggingConsumer - [2] [CreateOrder](sbeTemplateId=4|sbeSchemaId=2|sbeSchemaVersion=0|sbeBlockLength=33):instrumentId=0|price=98|quantity=100|side=BUY|orderId=2
13:00:20.376 [main] INFO  c.orderbook.OrderBook - [ORDERBOOK] Adding passive limit order to BID bookLimit(side=BUY,orderId=2,price=98,quantity=100)
13:00:20.376 [main] INFO  c.o.visitor.MutatingAddOrderVisitor - [ORDERBOOK] + MktData(price=98,quantity=100)
13:00:20.376 [main] DEBUG c.o.v.ReadOnlyMarketDataChannelPublishVisitor - Bid Side Size: 3
13:00:20.376 [main] DEBUG c.o.v.ReadOnlyMarketDataChannelPublishVisitor - Adding Mkt Data Msg BID: Price=98 Qty=200
13:00:20.376 [main] DEBUG c.o.v.ReadOnlyMarketDataChannelPublishVisitor - Adding Mkt Data Msg BID: Price=95 Qty=200
13:00:20.376 [main] DEBUG c.o.v.ReadOnlyMarketDataChannelPublishVisitor - Adding Mkt Data Msg BID: Price=91 Qty=300
13:00:20.376 [main] DEBUG c.o.v.ReadOnlyMarketDataChannelPublishVisitor - Ask Side Size: 4
13:00:20.376 [main] DEBUG c.o.v.ReadOnlyMarketDataChannelPublishVisitor - Adding Mkt Data Msg ASK: Price=100 Qty=101
13:00:20.376 [main] DEBUG c.o.v.ReadOnlyMarketDataChannelPublishVisitor - Adding Mkt Data Msg ASK: Price=110 Qty=200
13:00:20.376 [main] DEBUG c.o.v.ReadOnlyMarketDataChannelPublishVisitor - Adding Mkt Data Msg ASK: Price=115 Qty=5000
13:00:20.376 [main] DEBUG c.o.v.ReadOnlyMarketDataChannelPublishVisitor - Adding Mkt Data Msg ASK: Price=119 Qty=5600
13:00:20.376 [main] INFO  c.o.channel.MarketDataChannel - [ORDERBOOK] Sending market data update...
13:00:20.376 [main] INFO  c.sequencer.consumer.LoggingConsumer - [3] 
|----BID-----|
    200 @ 98
    200 @ 95
    300 @ 91
|----ASK-----|
   101 @ 100
   200 @ 110
  5000 @ 115
  5600 @ 119

13:00:20.376 [main] DEBUG c.service.MarketDataService - [ALGO] BID: price:98 quantity:200
13:00:20.376 [main] DEBUG c.service.MarketDataService - [ALGO] BID: price:95 quantity:200
13:00:20.376 [main] DEBUG c.service.MarketDataService - [ALGO] BID: price:91 quantity:300
13:00:20.376 [main] DEBUG c.service.MarketDataService - [ALGO] ASK: price:100 quantity:101
13:00:20.376 [main] DEBUG c.service.MarketDataService - [ALGO] ASK: price:110 quantity:200
13:00:20.376 [main] DEBUG c.service.MarketDataService - [ALGO] ASK: price:115 quantity:5000
13:00:20.376 [main] DEBUG c.service.MarketDataService - [ALGO] ASK: price:119 quantity:5600
13:00:20.376 [main] INFO  c.gettingstarted.MyAlgoLogic - [MYALGO] The state of the order book is:
|----BID-----||----ASK----|
    200 @ 98   101 @ 100
    200 @ 95   200 @ 110
    300 @ 91  5000 @ 115
          -   5600 @ 119
|------------||-----------|

13:00:20.376 [main] INFO  c.gettingstarted.MyAlgoLogic - [MYALGO] Algo Sees Book as: 
|----BID-----||----ASK----|
    200 @ 98   101 @ 100
    200 @ 95   200 @ 110
    300 @ 91  5000 @ 115
          -   5600 @ 119
|------------||-----------|

13:00:20.376 [main] INFO  c.gettingstarted.TimedLogic - [TIMEDLOGIC] Market is open
13:00:20.376 [main] INFO  c.gettingstarted.MyAlgoLogic - [MYALGO] Aftr buy orders1
13:00:20.376 [main] INFO  c.gettingstarted.MyAlgoLogic - [MYALGO] After Buy total orders1
13:00:20.376 [main] INFO  c.container.Actioner - [ALGO] Actioner, sending action:CreateChildOrder(side=BUY,quantity=200,price=98)
13:00:20.376 [main] INFO  c.sequencer.consumer.LoggingConsumer - [4] [CreateOrder](sbeTemplateId=4|sbeSchemaId=2|sbeSchemaVersion=0|sbeBlockLength=33):instrumentId=0|price=98|quantity=200|side=BUY|orderId=3
13:00:20.376 [main] INFO  c.orderbook.OrderBook - [ORDERBOOK] Adding passive limit order to BID bookLimit(side=BUY,orderId=3,price=98,quantity=200)
13:00:20.376 [main] INFO  c.o.visitor.MutatingAddOrderVisitor - [ORDERBOOK] + Limit(side=BUY,orderId=2,price=98,quantity=100)
13:00:20.376 [main] DEBUG c.o.v.ReadOnlyMarketDataChannelPublishVisitor - Bid Side Size: 3
13:00:20.376 [main] DEBUG c.o.v.ReadOnlyMarketDataChannelPublishVisitor - Adding Mkt Data Msg BID: Price=98 Qty=400
13:00:20.376 [main] DEBUG c.o.v.ReadOnlyMarketDataChannelPublishVisitor - Adding Mkt Data Msg BID: Price=95 Qty=200
13:00:20.376 [main] DEBUG c.o.v.ReadOnlyMarketDataChannelPublishVisitor - Adding Mkt Data Msg BID: Price=91 Qty=300
13:00:20.376 [main] DEBUG c.o.v.ReadOnlyMarketDataChannelPublishVisitor - Ask Side Size: 4
13:00:20.376 [main] DEBUG c.o.v.ReadOnlyMarketDataChannelPublishVisitor - Adding Mkt Data Msg ASK: Price=100 Qty=101
13:00:20.376 [main] DEBUG c.o.v.ReadOnlyMarketDataChannelPublishVisitor - Adding Mkt Data Msg ASK: Price=110 Qty=200
13:00:20.376 [main] DEBUG c.o.v.ReadOnlyMarketDataChannelPublishVisitor - Adding Mkt Data Msg ASK: Price=115 Qty=5000
13:00:20.376 [main] DEBUG c.o.v.ReadOnlyMarketDataChannelPublishVisitor - Adding Mkt Data Msg ASK: Price=119 Qty=5600
13:00:20.376 [main] INFO  c.o.channel.MarketDataChannel - [ORDERBOOK] Sending market data update...
13:00:20.376 [main] INFO  c.sequencer.consumer.LoggingConsumer - [5] 
|----BID-----|
    400 @ 98
    200 @ 95
    300 @ 91
|----ASK-----|
   101 @ 100
   200 @ 110
  5000 @ 115
  5600 @ 119

13:00:20.376 [main] DEBUG c.service.MarketDataService - [ALGO] BID: price:98 quantity:400
13:00:20.376 [main] DEBUG c.service.MarketDataService - [ALGO] BID: price:95 quantity:200
13:00:20.376 [main] DEBUG c.service.MarketDataService - [ALGO] BID: price:91 quantity:300
13:00:20.376 [main] DEBUG c.service.MarketDataService - [ALGO] ASK: price:100 quantity:101
13:00:20.376 [main] DEBUG c.service.MarketDataService - [ALGO] ASK: price:110 quantity:200
13:00:20.376 [main] DEBUG c.service.MarketDataService - [ALGO] ASK: price:115 quantity:5000
13:00:20.376 [main] DEBUG c.service.MarketDataService - [ALGO] ASK: price:119 quantity:5600
13:00:20.376 [main] INFO  c.gettingstarted.MyAlgoLogic - [MYALGO] The state of the order book is:
|----BID-----||----ASK----|
    400 @ 98   101 @ 100
    200 @ 95   200 @ 110
    300 @ 91  5000 @ 115
          -   5600 @ 119
|------------||-----------|

13:00:20.376 [main] INFO  c.gettingstarted.MyAlgoLogic - [MYALGO] Algo Sees Book as: 
|----BID-----||----ASK----|
    400 @ 98   101 @ 100
    200 @ 95   200 @ 110
    300 @ 91  5000 @ 115
          -   5600 @ 119
|------------||-----------|

13:00:20.376 [main] INFO  c.gettingstarted.TimedLogic - [TIMEDLOGIC] Market is open
13:00:20.376 [main] INFO  c.gettingstarted.MyAlgoLogic - [MYALGO] Aftr buy orders2
13:00:20.376 [main] INFO  c.gettingstarted.MyAlgoLogic - [MYALGO] After Buy total orders2
13:00:20.376 [main] INFO  c.container.Actioner - [ALGO] Actioner, sending action:CreateChildOrder(side=BUY,quantity=400,price=98)
13:00:20.376 [main] INFO  c.sequencer.consumer.LoggingConsumer - [6] [CreateOrder](sbeTemplateId=4|sbeSchemaId=2|sbeSchemaVersion=0|sbeBlockLength=33):instrumentId=0|price=98|quantity=400|side=BUY|orderId=4
13:00:20.376 [main] INFO  c.orderbook.OrderBook - [ORDERBOOK] Adding passive limit order to BID bookLimit(side=BUY,orderId=4,price=98,quantity=400)
13:00:20.376 [main] INFO  c.o.visitor.MutatingAddOrderVisitor - [ORDERBOOK] + Limit(side=BUY,orderId=3,price=98,quantity=200)
13:00:20.376 [main] DEBUG c.o.v.ReadOnlyMarketDataChannelPublishVisitor - Bid Side Size: 3
13:00:20.376 [main] DEBUG c.o.v.ReadOnlyMarketDataChannelPublishVisitor - Adding Mkt Data Msg BID: Price=98 Qty=800
13:00:20.376 [main] DEBUG c.o.v.ReadOnlyMarketDataChannelPublishVisitor - Adding Mkt Data Msg BID: Price=95 Qty=200
13:00:20.376 [main] DEBUG c.o.v.ReadOnlyMarketDataChannelPublishVisitor - Adding Mkt Data Msg BID: Price=91 Qty=300
13:00:20.376 [main] DEBUG c.o.v.ReadOnlyMarketDataChannelPublishVisitor - Ask Side Size: 4
13:00:20.376 [main] DEBUG c.o.v.ReadOnlyMarketDataChannelPublishVisitor - Adding Mkt Data Msg ASK: Price=100 Qty=101
13:00:20.376 [main] DEBUG c.o.v.ReadOnlyMarketDataChannelPublishVisitor - Adding Mkt Data Msg ASK: Price=110 Qty=200
13:00:20.376 [main] DEBUG c.o.v.ReadOnlyMarketDataChannelPublishVisitor - Adding Mkt Data Msg ASK: Price=115 Qty=5000
13:00:20.376 [main] DEBUG c.o.v.ReadOnlyMarketDataChannelPublishVisitor - Adding Mkt Data Msg ASK: Price=119 Qty=5600
13:00:20.376 [main] INFO  c.o.channel.MarketDataChannel - [ORDERBOOK] Sending market data update...
13:00:20.376 [main] INFO  c.sequencer.consumer.LoggingConsumer - [7] 
|----BID-----|
    800 @ 98
    200 @ 95
    300 @ 91
|----ASK-----|
   101 @ 100
   200 @ 110
  5000 @ 115
  5600 @ 119

13:00:20.376 [main] DEBUG c.service.MarketDataService - [ALGO] BID: price:98 quantity:800
13:00:20.376 [main] DEBUG c.service.MarketDataService - [ALGO] BID: price:95 quantity:200
13:00:20.376 [main] DEBUG c.service.MarketDataService - [ALGO] BID: price:91 quantity:300
13:00:20.376 [main] DEBUG c.service.MarketDataService - [ALGO] ASK: price:100 quantity:101
13:00:20.376 [main] DEBUG c.service.MarketDataService - [ALGO] ASK: price:110 quantity:200
13:00:20.376 [main] DEBUG c.service.MarketDataService - [ALGO] ASK: price:115 quantity:5000
13:00:20.376 [main] DEBUG c.service.MarketDataService - [ALGO] ASK: price:119 quantity:5600
13:00:20.376 [main] INFO  c.gettingstarted.MyAlgoLogic - [MYALGO] The state of the order book is:
|----BID-----||----ASK----|
    800 @ 98   101 @ 100
    200 @ 95   200 @ 110
    300 @ 91  5000 @ 115
          -   5600 @ 119
|------------||-----------|

13:00:20.376 [main] INFO  c.gettingstarted.MyAlgoLogic - [MYALGO] Algo Sees Book as: 
|----BID-----||----ASK----|
    800 @ 98   101 @ 100
    200 @ 95   200 @ 110
    300 @ 91  5000 @ 115
          -   5600 @ 119
|------------||-----------|

13:00:20.376 [main] INFO  c.gettingstarted.TimedLogic - [TIMEDLOGIC] Market is open
13:00:20.376 [main] INFO  c.gettingstarted.MyAlgoLogic - [MYALGO] Aftr buy orders3
13:00:20.376 [main] INFO  c.gettingstarted.MyAlgoLogic - [MYALGO] After Buy total orders3
13:00:20.376 [main] INFO  c.container.Actioner - [ALGO] Actioner, sending action:CreateChildOrder(side=BUY,quantity=800,price=98)
13:00:20.376 [main] INFO  c.sequencer.consumer.LoggingConsumer - [8] [CreateOrder](sbeTemplateId=4|sbeSchemaId=2|sbeSchemaVersion=0|sbeBlockLength=33):instrumentId=0|price=98|quantity=800|side=BUY|orderId=5
13:00:20.376 [main] INFO  c.orderbook.OrderBook - [ORDERBOOK] Adding passive limit order to BID bookLimit(side=BUY,orderId=5,price=98,quantity=800)
13:00:20.376 [main] INFO  c.o.visitor.MutatingAddOrderVisitor - [ORDERBOOK] + Limit(side=BUY,orderId=4,price=98,quantity=400)
13:00:20.376 [main] DEBUG c.o.v.ReadOnlyMarketDataChannelPublishVisitor - Bid Side Size: 3
13:00:20.376 [main] DEBUG c.o.v.ReadOnlyMarketDataChannelPublishVisitor - Adding Mkt Data Msg BID: Price=98 Qty=1600
13:00:20.376 [main] DEBUG c.o.v.ReadOnlyMarketDataChannelPublishVisitor - Adding Mkt Data Msg BID: Price=95 Qty=200
13:00:20.376 [main] DEBUG c.o.v.ReadOnlyMarketDataChannelPublishVisitor - Adding Mkt Data Msg BID: Price=91 Qty=300
13:00:20.376 [main] DEBUG c.o.v.ReadOnlyMarketDataChannelPublishVisitor - Ask Side Size: 4
13:00:20.376 [main] DEBUG c.o.v.ReadOnlyMarketDataChannelPublishVisitor - Adding Mkt Data Msg ASK: Price=100 Qty=101
13:00:20.376 [main] DEBUG c.o.v.ReadOnlyMarketDataChannelPublishVisitor - Adding Mkt Data Msg ASK: Price=110 Qty=200
13:00:20.376 [main] DEBUG c.o.v.ReadOnlyMarketDataChannelPublishVisitor - Adding Mkt Data Msg ASK: Price=115 Qty=5000
13:00:20.376 [main] DEBUG c.o.v.ReadOnlyMarketDataChannelPublishVisitor - Adding Mkt Data Msg ASK: Price=119 Qty=5600
13:00:20.376 [main] INFO  c.o.channel.MarketDataChannel - [ORDERBOOK] Sending market data update...
13:00:20.376 [main] INFO  c.sequencer.consumer.LoggingConsumer - [9] 
|----BID-----|
   1600 @ 98
    200 @ 95
    300 @ 91
|----ASK-----|
   101 @ 100
   200 @ 110
  5000 @ 115
  5600 @ 119

13:00:20.376 [main] DEBUG c.service.MarketDataService - [ALGO] BID: price:98 quantity:1600
13:00:20.376 [main] DEBUG c.service.MarketDataService - [ALGO] BID: price:95 quantity:200
13:00:20.376 [main] DEBUG c.service.MarketDataService - [ALGO] BID: price:91 quantity:300
13:00:20.376 [main] DEBUG c.service.MarketDataService - [ALGO] ASK: price:100 quantity:101
13:00:20.376 [main] DEBUG c.service.MarketDataService - [ALGO] ASK: price:110 quantity:200
13:00:20.376 [main] DEBUG c.service.MarketDataService - [ALGO] ASK: price:115 quantity:5000
13:00:20.376 [main] DEBUG c.service.MarketDataService - [ALGO] ASK: price:119 quantity:5600
13:00:20.376 [main] INFO  c.gettingstarted.MyAlgoLogic - [MYALGO] The state of the order book is:
|----BID-----||----ASK----|
   1600 @ 98   101 @ 100
    200 @ 95   200 @ 110
    300 @ 91  5000 @ 115
          -   5600 @ 119
|------------||-----------|

13:00:20.376 [main] INFO  c.gettingstarted.MyAlgoLogic - [MYALGO] Algo Sees Book as: 
|----BID-----||----ASK----|
   1600 @ 98   101 @ 100
    200 @ 95   200 @ 110
    300 @ 91  5000 @ 115
          -   5600 @ 119
|------------||-----------|

13:00:20.376 [main] INFO  c.gettingstarted.TimedLogic - [TIMEDLOGIC] Market is open
13:00:20.376 [main] INFO  c.gettingstarted.MyAlgoLogic - [MYALGO] Aftr buy orders4
13:00:20.376 [main] INFO  c.gettingstarted.MyAlgoLogic - [MYALGO] After Buy total orders4
13:00:20.376 [main] INFO  c.container.Actioner - [ALGO] Actioner, sending action:CreateChildOrder(side=BUY,quantity=1600,price=98)
13:00:20.376 [main] INFO  c.sequencer.consumer.LoggingConsumer - [10] [CreateOrder](sbeTemplateId=4|sbeSchemaId=2|sbeSchemaVersion=0|sbeBlockLength=33):instrumentId=0|price=98|quantity=1600|side=BUY|orderId=6
13:00:20.376 [main] INFO  c.orderbook.OrderBook - [ORDERBOOK] Adding passive limit order to BID bookLimit(side=BUY,orderId=6,price=98,quantity=1600)
13:00:20.376 [main] INFO  c.o.visitor.MutatingAddOrderVisitor - [ORDERBOOK] + Limit(side=BUY,orderId=5,price=98,quantity=800)
13:00:20.376 [main] DEBUG c.o.v.ReadOnlyMarketDataChannelPublishVisitor - Bid Side Size: 3
13:00:20.376 [main] DEBUG c.o.v.ReadOnlyMarketDataChannelPublishVisitor - Adding Mkt Data Msg BID: Price=98 Qty=3200
13:00:20.376 [main] DEBUG c.o.v.ReadOnlyMarketDataChannelPublishVisitor - Adding Mkt Data Msg BID: Price=95 Qty=200
13:00:20.376 [main] DEBUG c.o.v.ReadOnlyMarketDataChannelPublishVisitor - Adding Mkt Data Msg BID: Price=91 Qty=300
13:00:20.376 [main] DEBUG c.o.v.ReadOnlyMarketDataChannelPublishVisitor - Ask Side Size: 4
13:00:20.376 [main] DEBUG c.o.v.ReadOnlyMarketDataChannelPublishVisitor - Adding Mkt Data Msg ASK: Price=100 Qty=101
13:00:20.376 [main] DEBUG c.o.v.ReadOnlyMarketDataChannelPublishVisitor - Adding Mkt Data Msg ASK: Price=110 Qty=200
13:00:20.376 [main] DEBUG c.o.v.ReadOnlyMarketDataChannelPublishVisitor - Adding Mkt Data Msg ASK: Price=115 Qty=5000
13:00:20.376 [main] DEBUG c.o.v.ReadOnlyMarketDataChannelPublishVisitor - Adding Mkt Data Msg ASK: Price=119 Qty=5600
13:00:20.376 [main] INFO  c.o.channel.MarketDataChannel - [ORDERBOOK] Sending market data update...
13:00:20.376 [main] INFO  c.sequencer.consumer.LoggingConsumer - [11] 
|----BID-----|
   3200 @ 98
    200 @ 95
    300 @ 91
|----ASK-----|
   101 @ 100
   200 @ 110
  5000 @ 115
  5600 @ 119

13:00:20.376 [main] DEBUG c.service.MarketDataService - [ALGO] BID: price:98 quantity:3200
13:00:20.376 [main] DEBUG c.service.MarketDataService - [ALGO] BID: price:95 quantity:200
13:00:20.376 [main] DEBUG c.service.MarketDataService - [ALGO] BID: price:91 quantity:300
13:00:20.376 [main] DEBUG c.service.MarketDataService - [ALGO] ASK: price:100 quantity:101
13:00:20.376 [main] DEBUG c.service.MarketDataService - [ALGO] ASK: price:110 quantity:200
13:00:20.376 [main] DEBUG c.service.MarketDataService - [ALGO] ASK: price:115 quantity:5000
13:00:20.376 [main] DEBUG c.service.MarketDataService - [ALGO] ASK: price:119 quantity:5600
13:00:20.376 [main] INFO  c.gettingstarted.MyAlgoLogic - [MYALGO] The state of the order book is:
|----BID-----||----ASK----|
   3200 @ 98   101 @ 100
    200 @ 95   200 @ 110
    300 @ 91  5000 @ 115
          -   5600 @ 119
|------------||-----------|

13:00:20.376 [main] INFO  c.gettingstarted.MyAlgoLogic - [MYALGO] Algo Sees Book as: 
|----BID-----||----ASK----|
   3200 @ 98   101 @ 100
    200 @ 95   200 @ 110
    300 @ 91  5000 @ 115
          -   5600 @ 119
|------------||-----------|

13:00:20.376 [main] INFO  c.gettingstarted.TimedLogic - [TIMEDLOGIC] Market is open
13:00:20.376 [main] INFO  c.gettingstarted.MyAlgoLogic - [MYALGO] Aftr buy orders5
13:00:20.376 [main] INFO  c.gettingstarted.MyAlgoLogic - [MYALGO] After Buy total orders5
13:00:20.376 [main] INFO  c.container.Actioner - [ALGO] Actioner, sending action:CreateChildOrder(side=BUY,quantity=3200,price=98)
13:00:20.376 [main] INFO  c.sequencer.consumer.LoggingConsumer - [12] [CreateOrder](sbeTemplateId=4|sbeSchemaId=2|sbeSchemaVersion=0|sbeBlockLength=33):instrumentId=0|price=98|quantity=3200|side=BUY|orderId=7
13:00:20.376 [main] INFO  c.orderbook.OrderBook - [ORDERBOOK] Adding passive limit order to BID bookLimit(side=BUY,orderId=7,price=98,quantity=3200)
13:00:20.376 [main] INFO  c.o.visitor.MutatingAddOrderVisitor - [ORDERBOOK] + Limit(side=BUY,orderId=6,price=98,quantity=1600)
13:00:20.376 [main] DEBUG c.o.v.ReadOnlyMarketDataChannelPublishVisitor - Bid Side Size: 3
13:00:20.376 [main] DEBUG c.o.v.ReadOnlyMarketDataChannelPublishVisitor - Adding Mkt Data Msg BID: Price=98 Qty=6400
13:00:20.376 [main] DEBUG c.o.v.ReadOnlyMarketDataChannelPublishVisitor - Adding Mkt Data Msg BID: Price=95 Qty=200
13:00:20.376 [main] DEBUG c.o.v.ReadOnlyMarketDataChannelPublishVisitor - Adding Mkt Data Msg BID: Price=91 Qty=300
13:00:20.376 [main] DEBUG c.o.v.ReadOnlyMarketDataChannelPublishVisitor - Ask Side Size: 4
13:00:20.376 [main] DEBUG c.o.v.ReadOnlyMarketDataChannelPublishVisitor - Adding Mkt Data Msg ASK: Price=100 Qty=101
13:00:20.376 [main] DEBUG c.o.v.ReadOnlyMarketDataChannelPublishVisitor - Adding Mkt Data Msg ASK: Price=110 Qty=200
13:00:20.376 [main] DEBUG c.o.v.ReadOnlyMarketDataChannelPublishVisitor - Adding Mkt Data Msg ASK: Price=115 Qty=5000
13:00:20.376 [main] DEBUG c.o.v.ReadOnlyMarketDataChannelPublishVisitor - Adding Mkt Data Msg ASK: Price=119 Qty=5600
13:00:20.376 [main] INFO  c.o.channel.MarketDataChannel - [ORDERBOOK] Sending market data update...
13:00:20.376 [main] INFO  c.sequencer.consumer.LoggingConsumer - [13] 
|----BID-----|
   6400 @ 98
    200 @ 95
    300 @ 91
|----ASK-----|
   101 @ 100
   200 @ 110
  5000 @ 115
  5600 @ 119

13:00:20.376 [main] DEBUG c.service.MarketDataService - [ALGO] BID: price:98 quantity:6400
13:00:20.376 [main] DEBUG c.service.MarketDataService - [ALGO] BID: price:95 quantity:200
13:00:20.376 [main] DEBUG c.service.MarketDataService - [ALGO] BID: price:91 quantity:300
13:00:20.376 [main] DEBUG c.service.MarketDataService - [ALGO] ASK: price:100 quantity:101
13:00:20.376 [main] DEBUG c.service.MarketDataService - [ALGO] ASK: price:110 quantity:200
13:00:20.376 [main] DEBUG c.service.MarketDataService - [ALGO] ASK: price:115 quantity:5000
13:00:20.376 [main] DEBUG c.service.MarketDataService - [ALGO] ASK: price:119 quantity:5600
13:00:20.376 [main] INFO  c.gettingstarted.MyAlgoLogic - [MYALGO] The state of the order book is:
|----BID-----||----ASK----|
   6400 @ 98   101 @ 100
    200 @ 95   200 @ 110
    300 @ 91  5000 @ 115
          -   5600 @ 119
|------------||-----------|

13:00:20.376 [main] INFO  c.gettingstarted.MyAlgoLogic - [MYALGO] Algo Sees Book as: 
|----BID-----||----ASK----|
   6400 @ 98   101 @ 100
    200 @ 95   200 @ 110
    300 @ 91  5000 @ 115
          -   5600 @ 119
|------------||-----------|

13:00:20.376 [main] INFO  c.gettingstarted.TimedLogic - [TIMEDLOGIC] Market is open
13:00:20.376 [main] INFO  c.gettingstarted.MyAlgoLogic - [MYALGO] Aftr buy orders6
13:00:20.376 [main] INFO  c.gettingstarted.MyAlgoLogic - [MYALGO] After Buy total orders6
13:00:20.376 [main] INFO  c.container.Actioner - [ALGO] Actioner, sending action:CreateChildOrder(side=BUY,quantity=6400,price=98)
13:00:20.376 [main] INFO  c.sequencer.consumer.LoggingConsumer - [14] [CreateOrder](sbeTemplateId=4|sbeSchemaId=2|sbeSchemaVersion=0|sbeBlockLength=33):instrumentId=0|price=98|quantity=6400|side=BUY|orderId=8
13:00:20.376 [main] INFO  c.orderbook.OrderBook - [ORDERBOOK] Adding passive limit order to BID bookLimit(side=BUY,orderId=8,price=98,quantity=6400)
13:00:20.376 [main] INFO  c.o.visitor.MutatingAddOrderVisitor - [ORDERBOOK] + Limit(side=BUY,orderId=7,price=98,quantity=3200)
13:00:20.376 [main] DEBUG c.o.v.ReadOnlyMarketDataChannelPublishVisitor - Bid Side Size: 3
13:00:20.376 [main] DEBUG c.o.v.ReadOnlyMarketDataChannelPublishVisitor - Adding Mkt Data Msg BID: Price=98 Qty=12800
13:00:20.376 [main] DEBUG c.o.v.ReadOnlyMarketDataChannelPublishVisitor - Adding Mkt Data Msg BID: Price=95 Qty=200
13:00:20.376 [main] DEBUG c.o.v.ReadOnlyMarketDataChannelPublishVisitor - Adding Mkt Data Msg BID: Price=91 Qty=300
13:00:20.376 [main] DEBUG c.o.v.ReadOnlyMarketDataChannelPublishVisitor - Ask Side Size: 4
13:00:20.376 [main] DEBUG c.o.v.ReadOnlyMarketDataChannelPublishVisitor - Adding Mkt Data Msg ASK: Price=100 Qty=101
13:00:20.376 [main] DEBUG c.o.v.ReadOnlyMarketDataChannelPublishVisitor - Adding Mkt Data Msg ASK: Price=110 Qty=200
13:00:20.376 [main] DEBUG c.o.v.ReadOnlyMarketDataChannelPublishVisitor - Adding Mkt Data Msg ASK: Price=115 Qty=5000
13:00:20.376 [main] DEBUG c.o.v.ReadOnlyMarketDataChannelPublishVisitor - Adding Mkt Data Msg ASK: Price=119 Qty=5600
13:00:20.376 [main] INFO  c.o.channel.MarketDataChannel - [ORDERBOOK] Sending market data update...
13:00:20.376 [main] INFO  c.sequencer.consumer.LoggingConsumer - [15] 
|----BID-----|
  12800 @ 98
    200 @ 95
    300 @ 91
|----ASK-----|
   101 @ 100
   200 @ 110
  5000 @ 115
  5600 @ 119

13:00:20.376 [main] DEBUG c.service.MarketDataService - [ALGO] BID: price:98 quantity:12800
13:00:20.376 [main] DEBUG c.service.MarketDataService - [ALGO] BID: price:95 quantity:200
13:00:20.376 [main] DEBUG c.service.MarketDataService - [ALGO] BID: price:91 quantity:300
13:00:20.376 [main] DEBUG c.service.MarketDataService - [ALGO] ASK: price:100 quantity:101
13:00:20.376 [main] DEBUG c.service.MarketDataService - [ALGO] ASK: price:110 quantity:200
13:00:20.376 [main] DEBUG c.service.MarketDataService - [ALGO] ASK: price:115 quantity:5000
13:00:20.376 [main] DEBUG c.service.MarketDataService - [ALGO] ASK: price:119 quantity:5600
13:00:20.376 [main] INFO  c.gettingstarted.MyAlgoLogic - [MYALGO] The state of the order book is:
|----BID-----||----ASK----|
  12800 @ 98   101 @ 100
    200 @ 95   200 @ 110
    300 @ 91  5000 @ 115
          -   5600 @ 119
|------------||-----------|

13:00:20.376 [main] INFO  c.gettingstarted.MyAlgoLogic - [MYALGO] Algo Sees Book as: 
|----BID-----||----ASK----|
  12800 @ 98   101 @ 100
    200 @ 95   200 @ 110
    300 @ 91  5000 @ 115
          -   5600 @ 119
|------------||-----------|

13:00:20.376 [main] INFO  c.gettingstarted.TimedLogic - [TIMEDLOGIC] Market is open
13:00:20.376 [main] INFO  c.gettingstarted.MyAlgoLogic - [MYALGO] Aftr buy orders7
13:00:20.376 [main] INFO  c.gettingstarted.MyAlgoLogic - [MYALGO] After Buy total orders7
13:00:20.376 [main] INFO  c.container.Actioner - [ALGO] Actioner, sending action:CreateChildOrder(side=BUY,quantity=12800,price=98)
13:00:20.376 [main] INFO  c.sequencer.consumer.LoggingConsumer - [16] [CreateOrder](sbeTemplateId=4|sbeSchemaId=2|sbeSchemaVersion=0|sbeBlockLength=33):instrumentId=0|price=98|quantity=12800|side=BUY|orderId=9
13:00:20.376 [main] INFO  c.orderbook.OrderBook - [ORDERBOOK] Adding passive limit order to BID bookLimit(side=BUY,orderId=9,price=98,quantity=12800)
13:00:20.376 [main] INFO  c.o.visitor.MutatingAddOrderVisitor - [ORDERBOOK] + Limit(side=BUY,orderId=8,price=98,quantity=6400)
13:00:20.376 [main] DEBUG c.o.v.ReadOnlyMarketDataChannelPublishVisitor - Bid Side Size: 3
13:00:20.376 [main] DEBUG c.o.v.ReadOnlyMarketDataChannelPublishVisitor - Adding Mkt Data Msg BID: Price=98 Qty=25600
13:00:20.376 [main] DEBUG c.o.v.ReadOnlyMarketDataChannelPublishVisitor - Adding Mkt Data Msg BID: Price=95 Qty=200
13:00:20.376 [main] DEBUG c.o.v.ReadOnlyMarketDataChannelPublishVisitor - Adding Mkt Data Msg BID: Price=91 Qty=300
13:00:20.376 [main] DEBUG c.o.v.ReadOnlyMarketDataChannelPublishVisitor - Ask Side Size: 4
13:00:20.376 [main] DEBUG c.o.v.ReadOnlyMarketDataChannelPublishVisitor - Adding Mkt Data Msg ASK: Price=100 Qty=101
13:00:20.376 [main] DEBUG c.o.v.ReadOnlyMarketDataChannelPublishVisitor - Adding Mkt Data Msg ASK: Price=110 Qty=200
13:00:20.376 [main] DEBUG c.o.v.ReadOnlyMarketDataChannelPublishVisitor - Adding Mkt Data Msg ASK: Price=115 Qty=5000
13:00:20.376 [main] DEBUG c.o.v.ReadOnlyMarketDataChannelPublishVisitor - Adding Mkt Data Msg ASK: Price=119 Qty=5600
13:00:20.376 [main] INFO  c.o.channel.MarketDataChannel - [ORDERBOOK] Sending market data update...
13:00:20.376 [main] INFO  c.sequencer.consumer.LoggingConsumer - [17] 
|----BID-----|
  25600 @ 98
    200 @ 95
    300 @ 91
|----ASK-----|
   101 @ 100
   200 @ 110
  5000 @ 115
  5600 @ 119

13:00:20.376 [main] DEBUG c.service.MarketDataService - [ALGO] BID: price:98 quantity:25600
13:00:20.376 [main] DEBUG c.service.MarketDataService - [ALGO] BID: price:95 quantity:200
13:00:20.376 [main] DEBUG c.service.MarketDataService - [ALGO] BID: price:91 quantity:300
13:00:20.376 [main] DEBUG c.service.MarketDataService - [ALGO] ASK: price:100 quantity:101
13:00:20.376 [main] DEBUG c.service.MarketDataService - [ALGO] ASK: price:110 quantity:200
13:00:20.376 [main] DEBUG c.service.MarketDataService - [ALGO] ASK: price:115 quantity:5000
13:00:20.376 [main] DEBUG c.service.MarketDataService - [ALGO] ASK: price:119 quantity:5600
13:00:20.376 [main] INFO  c.gettingstarted.MyAlgoLogic - [MYALGO] The state of the order book is:
|----BID-----||----ASK----|
  25600 @ 98   101 @ 100
    200 @ 95   200 @ 110
    300 @ 91  5000 @ 115
          -   5600 @ 119
|------------||-----------|

13:00:20.376 [main] INFO  c.gettingstarted.MyAlgoLogic - [MYALGO] Algo Sees Book as: 
|----BID-----||----ASK----|
  25600 @ 98   101 @ 100
    200 @ 95   200 @ 110
    300 @ 91  5000 @ 115
          -   5600 @ 119
|------------||-----------|

13:00:20.376 [main] INFO  c.gettingstarted.TimedLogic - [TIMEDLOGIC] Market is open
13:00:20.376 [main] INFO  c.gettingstarted.MyAlgoLogic - [MYALGO] Aftr buy orders8
13:00:20.376 [main] INFO  c.gettingstarted.MyAlgoLogic - [MYALGO] After Buy total orders8
13:00:20.376 [main] INFO  c.container.Actioner - [ALGO] Actioner, sending action:CreateChildOrder(side=BUY,quantity=25600,price=98)
13:00:20.376 [main] INFO  c.sequencer.consumer.LoggingConsumer - [18] [CreateOrder](sbeTemplateId=4|sbeSchemaId=2|sbeSchemaVersion=0|sbeBlockLength=33):instrumentId=0|price=98|quantity=25600|side=BUY|orderId=10
13:00:20.376 [main] INFO  c.orderbook.OrderBook - [ORDERBOOK] Adding passive limit order to BID bookLimit(side=BUY,orderId=10,price=98,quantity=25600)
13:00:20.376 [main] INFO  c.o.visitor.MutatingAddOrderVisitor - [ORDERBOOK] + Limit(side=BUY,orderId=9,price=98,quantity=12800)
13:00:20.376 [main] DEBUG c.o.v.ReadOnlyMarketDataChannelPublishVisitor - Bid Side Size: 3
13:00:20.376 [main] DEBUG c.o.v.ReadOnlyMarketDataChannelPublishVisitor - Adding Mkt Data Msg BID: Price=98 Qty=51200
13:00:20.376 [main] DEBUG c.o.v.ReadOnlyMarketDataChannelPublishVisitor - Adding Mkt Data Msg BID: Price=95 Qty=200
13:00:20.376 [main] DEBUG c.o.v.ReadOnlyMarketDataChannelPublishVisitor - Adding Mkt Data Msg BID: Price=91 Qty=300
13:00:20.376 [main] DEBUG c.o.v.ReadOnlyMarketDataChannelPublishVisitor - Ask Side Size: 4
13:00:20.376 [main] DEBUG c.o.v.ReadOnlyMarketDataChannelPublishVisitor - Adding Mkt Data Msg ASK: Price=100 Qty=101
13:00:20.376 [main] DEBUG c.o.v.ReadOnlyMarketDataChannelPublishVisitor - Adding Mkt Data Msg ASK: Price=110 Qty=200
13:00:20.376 [main] DEBUG c.o.v.ReadOnlyMarketDataChannelPublishVisitor - Adding Mkt Data Msg ASK: Price=115 Qty=5000
13:00:20.376 [main] DEBUG c.o.v.ReadOnlyMarketDataChannelPublishVisitor - Adding Mkt Data Msg ASK: Price=119 Qty=5600
13:00:20.376 [main] INFO  c.o.channel.MarketDataChannel - [ORDERBOOK] Sending market data update...
13:00:20.376 [main] INFO  c.sequencer.consumer.LoggingConsumer - [19] 
|----BID-----|
  51200 @ 98
    200 @ 95
    300 @ 91
|----ASK-----|
   101 @ 100
   200 @ 110
  5000 @ 115
  5600 @ 119

13:00:20.376 [main] DEBUG c.service.MarketDataService - [ALGO] BID: price:98 quantity:51200
13:00:20.376 [main] DEBUG c.service.MarketDataService - [ALGO] BID: price:95 quantity:200
13:00:20.376 [main] DEBUG c.service.MarketDataService - [ALGO] BID: price:91 quantity:300
13:00:20.376 [main] DEBUG c.service.MarketDataService - [ALGO] ASK: price:100 quantity:101
13:00:20.376 [main] DEBUG c.service.MarketDataService - [ALGO] ASK: price:110 quantity:200
13:00:20.376 [main] DEBUG c.service.MarketDataService - [ALGO] ASK: price:115 quantity:5000
13:00:20.376 [main] DEBUG c.service.MarketDataService - [ALGO] ASK: price:119 quantity:5600
13:00:20.376 [main] INFO  c.gettingstarted.MyAlgoLogic - [MYALGO] The state of the order book is:
|----BID-----||----ASK----|
  51200 @ 98   101 @ 100
    200 @ 95   200 @ 110
    300 @ 91  5000 @ 115
          -   5600 @ 119
|------------||-----------|

13:00:20.376 [main] INFO  c.gettingstarted.MyAlgoLogic - [MYALGO] Algo Sees Book as: 
|----BID-----||----ASK----|
  51200 @ 98   101 @ 100
    200 @ 95   200 @ 110
    300 @ 91  5000 @ 115
          -   5600 @ 119
|------------||-----------|

13:00:20.376 [main] INFO  c.gettingstarted.TimedLogic - [TIMEDLOGIC] Market is open
13:00:20.376 [main] INFO  c.gettingstarted.MyAlgoLogic - [MYALGO] Aftr buy orders9
13:00:20.376 [main] INFO  c.gettingstarted.MyAlgoLogic - [MYALGO] After Buy total orders9
13:00:20.376 [main] INFO  c.container.Actioner - [ALGO] Actioner, sending action:CreateChildOrder(side=BUY,quantity=51200,price=98)
13:00:20.376 [main] INFO  c.sequencer.consumer.LoggingConsumer - [20] [CreateOrder](sbeTemplateId=4|sbeSchemaId=2|sbeSchemaVersion=0|sbeBlockLength=33):instrumentId=0|price=98|quantity=51200|side=BUY|orderId=11
13:00:20.376 [main] INFO  c.orderbook.OrderBook - [ORDERBOOK] Adding passive limit order to BID bookLimit(side=BUY,orderId=11,price=98,quantity=51200)
13:00:20.376 [main] INFO  c.o.visitor.MutatingAddOrderVisitor - [ORDERBOOK] + Limit(side=BUY,orderId=10,price=98,quantity=25600)
13:00:20.376 [main] DEBUG c.o.v.ReadOnlyMarketDataChannelPublishVisitor - Bid Side Size: 3
13:00:20.376 [main] DEBUG c.o.v.ReadOnlyMarketDataChannelPublishVisitor - Adding Mkt Data Msg BID: Price=98 Qty=102400
13:00:20.376 [main] DEBUG c.o.v.ReadOnlyMarketDataChannelPublishVisitor - Adding Mkt Data Msg BID: Price=95 Qty=200
13:00:20.376 [main] DEBUG c.o.v.ReadOnlyMarketDataChannelPublishVisitor - Adding Mkt Data Msg BID: Price=91 Qty=300
13:00:20.376 [main] DEBUG c.o.v.ReadOnlyMarketDataChannelPublishVisitor - Ask Side Size: 4
13:00:20.376 [main] DEBUG c.o.v.ReadOnlyMarketDataChannelPublishVisitor - Adding Mkt Data Msg ASK: Price=100 Qty=101
13:00:20.376 [main] DEBUG c.o.v.ReadOnlyMarketDataChannelPublishVisitor - Adding Mkt Data Msg ASK: Price=110 Qty=200
13:00:20.376 [main] DEBUG c.o.v.ReadOnlyMarketDataChannelPublishVisitor - Adding Mkt Data Msg ASK: Price=115 Qty=5000
13:00:20.376 [main] DEBUG c.o.v.ReadOnlyMarketDataChannelPublishVisitor - Adding Mkt Data Msg ASK: Price=119 Qty=5600
13:00:20.376 [main] INFO  c.o.channel.MarketDataChannel - [ORDERBOOK] Sending market data update...
13:00:20.376 [main] INFO  c.sequencer.consumer.LoggingConsumer - [21] 
|----BID-----|
 102400 @ 98
    200 @ 95
    300 @ 91
|----ASK-----|
   101 @ 100
   200 @ 110
  5000 @ 115
  5600 @ 119

13:00:20.376 [main] DEBUG c.service.MarketDataService - [ALGO] BID: price:98 quantity:102400
13:00:20.376 [main] DEBUG c.service.MarketDataService - [ALGO] BID: price:95 quantity:200
13:00:20.376 [main] DEBUG c.service.MarketDataService - [ALGO] BID: price:91 quantity:300
13:00:20.376 [main] DEBUG c.service.MarketDataService - [ALGO] ASK: price:100 quantity:101
13:00:20.376 [main] DEBUG c.service.MarketDataService - [ALGO] ASK: price:110 quantity:200
13:00:20.376 [main] DEBUG c.service.MarketDataService - [ALGO] ASK: price:115 quantity:5000
13:00:20.376 [main] DEBUG c.service.MarketDataService - [ALGO] ASK: price:119 quantity:5600
13:00:20.376 [main] INFO  c.gettingstarted.MyAlgoLogic - [MYALGO] The state of the order book is:
|----BID-----||----ASK----|
 102400 @ 98   101 @ 100
    200 @ 95   200 @ 110
    300 @ 91  5000 @ 115
          -   5600 @ 119
|------------||-----------|

13:00:20.376 [main] INFO  c.gettingstarted.MyAlgoLogic - [MYALGO] Algo Sees Book as: 
|----BID-----||----ASK----|
 102400 @ 98   101 @ 100
    200 @ 95   200 @ 110
    300 @ 91  5000 @ 115
          -   5600 @ 119
|------------||-----------|

13:00:20.376 [main] INFO  c.gettingstarted.TimedLogic - [TIMEDLOGIC] Market is open
13:00:20.376 [main] INFO  c.gettingstarted.MyAlgoLogic - [MYALGO] Aftr buy orders10
13:00:20.376 [main] INFO  c.gettingstarted.MyAlgoLogic - [MYALGO] After Buy total orders10
13:00:20.376 [main] INFO  c.container.Actioner - [ALGO] Actioner, sending action:CreateChildOrder(side=BUY,quantity=102400,price=98)
13:00:20.376 [main] INFO  c.sequencer.consumer.LoggingConsumer - [22] [CreateOrder](sbeTemplateId=4|sbeSchemaId=2|sbeSchemaVersion=0|sbeBlockLength=33):instrumentId=0|price=98|quantity=102400|side=BUY|orderId=12
13:00:20.376 [main] INFO  c.orderbook.OrderBook - [ORDERBOOK] Adding passive limit order to BID bookLimit(side=BUY,orderId=12,price=98,quantity=102400)
13:00:20.376 [main] INFO  c.o.visitor.MutatingAddOrderVisitor - [ORDERBOOK] + Limit(side=BUY,orderId=11,price=98,quantity=51200)
13:00:20.376 [main] DEBUG c.o.v.ReadOnlyMarketDataChannelPublishVisitor - Bid Side Size: 3
13:00:20.376 [main] DEBUG c.o.v.ReadOnlyMarketDataChannelPublishVisitor - Adding Mkt Data Msg BID: Price=98 Qty=204800
13:00:20.376 [main] DEBUG c.o.v.ReadOnlyMarketDataChannelPublishVisitor - Adding Mkt Data Msg BID: Price=95 Qty=200
13:00:20.376 [main] DEBUG c.o.v.ReadOnlyMarketDataChannelPublishVisitor - Adding Mkt Data Msg BID: Price=91 Qty=300
13:00:20.376 [main] DEBUG c.o.v.ReadOnlyMarketDataChannelPublishVisitor - Ask Side Size: 4
13:00:20.376 [main] DEBUG c.o.v.ReadOnlyMarketDataChannelPublishVisitor - Adding Mkt Data Msg ASK: Price=100 Qty=101
13:00:20.376 [main] DEBUG c.o.v.ReadOnlyMarketDataChannelPublishVisitor - Adding Mkt Data Msg ASK: Price=110 Qty=200
13:00:20.376 [main] DEBUG c.o.v.ReadOnlyMarketDataChannelPublishVisitor - Adding Mkt Data Msg ASK: Price=115 Qty=5000
13:00:20.376 [main] DEBUG c.o.v.ReadOnlyMarketDataChannelPublishVisitor - Adding Mkt Data Msg ASK: Price=119 Qty=5600
13:00:20.376 [main] INFO  c.o.channel.MarketDataChannel - [ORDERBOOK] Sending market data update...
13:00:20.376 [main] INFO  c.sequencer.consumer.LoggingConsumer - [23] 
|----BID-----|
 204800 @ 98
    200 @ 95
    300 @ 91
|----ASK-----|
   101 @ 100
   200 @ 110
  5000 @ 115
  5600 @ 119

13:00:20.376 [main] DEBUG c.service.MarketDataService - [ALGO] BID: price:98 quantity:204800
13:00:20.376 [main] DEBUG c.service.MarketDataService - [ALGO] BID: price:95 quantity:200
13:00:20.376 [main] DEBUG c.service.MarketDataService - [ALGO] BID: price:91 quantity:300
13:00:20.376 [main] DEBUG c.service.MarketDataService - [ALGO] ASK: price:100 quantity:101
13:00:20.376 [main] DEBUG c.service.MarketDataService - [ALGO] ASK: price:110 quantity:200
13:00:20.376 [main] DEBUG c.service.MarketDataService - [ALGO] ASK: price:115 quantity:5000
13:00:20.376 [main] DEBUG c.service.MarketDataService - [ALGO] ASK: price:119 quantity:5600
13:00:20.376 [main] INFO  c.gettingstarted.MyAlgoLogic - [MYALGO] The state of the order book is:
|----BID-----||----ASK----|
 204800 @ 98   101 @ 100
    200 @ 95   200 @ 110
    300 @ 91  5000 @ 115
          -   5600 @ 119
|------------||-----------|

13:00:20.376 [main] INFO  c.gettingstarted.MyAlgoLogic - [MYALGO] Algo Sees Book as: 
|----BID-----||----ASK----|
 204800 @ 98   101 @ 100
    200 @ 95   200 @ 110
    300 @ 91  5000 @ 115
          -   5600 @ 119
|------------||-----------|

13:00:20.376 [main] INFO  c.gettingstarted.TimedLogic - [TIMEDLOGIC] Market is open
13:00:20.376 [main] INFO  c.gettingstarted.MyAlgoLogic - [MYALGO] Aftr buy orders11
13:00:20.376 [main] INFO  c.gettingstarted.MyAlgoLogic - [MYALGO] After Buy total orders11
13:00:20.376 [main] INFO  c.container.Actioner - [ALGO] Actioner, sending action:CreateChildOrder(side=BUY,quantity=204800,price=98)
13:00:20.376 [main] INFO  c.sequencer.consumer.LoggingConsumer - [24] [CreateOrder](sbeTemplateId=4|sbeSchemaId=2|sbeSchemaVersion=0|sbeBlockLength=33):instrumentId=0|price=98|quantity=204800|side=BUY|orderId=13
13:00:20.376 [main] INFO  c.orderbook.OrderBook - [ORDERBOOK] Adding passive limit order to BID bookLimit(side=BUY,orderId=13,price=98,quantity=204800)
13:00:20.376 [main] INFO  c.o.visitor.MutatingAddOrderVisitor - [ORDERBOOK] + Limit(side=BUY,orderId=12,price=98,quantity=102400)
13:00:20.376 [main] DEBUG c.o.v.ReadOnlyMarketDataChannelPublishVisitor - Bid Side Size: 3
13:00:20.376 [main] DEBUG c.o.v.ReadOnlyMarketDataChannelPublishVisitor - Adding Mkt Data Msg BID: Price=98 Qty=409600
13:00:20.376 [main] DEBUG c.o.v.ReadOnlyMarketDataChannelPublishVisitor - Adding Mkt Data Msg BID: Price=95 Qty=200
13:00:20.376 [main] DEBUG c.o.v.ReadOnlyMarketDataChannelPublishVisitor - Adding Mkt Data Msg BID: Price=91 Qty=300
13:00:20.376 [main] DEBUG c.o.v.ReadOnlyMarketDataChannelPublishVisitor - Ask Side Size: 4
13:00:20.376 [main] DEBUG c.o.v.ReadOnlyMarketDataChannelPublishVisitor - Adding Mkt Data Msg ASK: Price=100 Qty=101
13:00:20.376 [main] DEBUG c.o.v.ReadOnlyMarketDataChannelPublishVisitor - Adding Mkt Data Msg ASK: Price=110 Qty=200
13:00:20.376 [main] DEBUG c.o.v.ReadOnlyMarketDataChannelPublishVisitor - Adding Mkt Data Msg ASK: Price=115 Qty=5000
13:00:20.376 [main] DEBUG c.o.v.ReadOnlyMarketDataChannelPublishVisitor - Adding Mkt Data Msg ASK: Price=119 Qty=5600
13:00:20.376 [main] INFO  c.o.channel.MarketDataChannel - [ORDERBOOK] Sending market data update...
13:00:20.376 [main] INFO  c.sequencer.consumer.LoggingConsumer - [25] 
|----BID-----|
 409600 @ 98
    200 @ 95
    300 @ 91
|----ASK-----|
   101 @ 100
   200 @ 110
  5000 @ 115
  5600 @ 119

13:00:20.376 [main] DEBUG c.service.MarketDataService - [ALGO] BID: price:98 quantity:409600
13:00:20.376 [main] DEBUG c.service.MarketDataService - [ALGO] BID: price:95 quantity:200
13:00:20.376 [main] DEBUG c.service.MarketDataService - [ALGO] BID: price:91 quantity:300
13:00:20.376 [main] DEBUG c.service.MarketDataService - [ALGO] ASK: price:100 quantity:101
13:00:20.376 [main] DEBUG c.service.MarketDataService - [ALGO] ASK: price:110 quantity:200
13:00:20.376 [main] DEBUG c.service.MarketDataService - [ALGO] ASK: price:115 quantity:5000
13:00:20.376 [main] DEBUG c.service.MarketDataService - [ALGO] ASK: price:119 quantity:5600
13:00:20.376 [main] INFO  c.gettingstarted.MyAlgoLogic - [MYALGO] The state of the order book is:
|----BID-----||----ASK----|
 409600 @ 98   101 @ 100
    200 @ 95   200 @ 110
    300 @ 91  5000 @ 115
          -   5600 @ 119
|------------||-----------|

13:00:20.376 [main] INFO  c.gettingstarted.MyAlgoLogic - [MYALGO] Algo Sees Book as: 
|----BID-----||----ASK----|
 409600 @ 98   101 @ 100
    200 @ 95   200 @ 110
    300 @ 91  5000 @ 115
          -   5600 @ 119
|------------||-----------|

13:00:20.376 [main] INFO  c.gettingstarted.TimedLogic - [TIMEDLOGIC] Market is open
13:00:20.376 [main] INFO  c.gettingstarted.MyAlgoLogic - [MYALGO] Aftr buy orders12
13:00:20.376 [main] INFO  c.gettingstarted.MyAlgoLogic - [MYALGO] After Buy total orders12
13:00:20.376 [main] INFO  c.container.Actioner - [ALGO] Actioner, sending action:CreateChildOrder(side=BUY,quantity=409600,price=98)
13:00:20.376 [main] INFO  c.sequencer.consumer.LoggingConsumer - [26] [CreateOrder](sbeTemplateId=4|sbeSchemaId=2|sbeSchemaVersion=0|sbeBlockLength=33):instrumentId=0|price=98|quantity=409600|side=BUY|orderId=14
13:00:20.376 [main] INFO  c.orderbook.OrderBook - [ORDERBOOK] Adding passive limit order to BID bookLimit(side=BUY,orderId=14,price=98,quantity=409600)
13:00:20.376 [main] INFO  c.o.visitor.MutatingAddOrderVisitor - [ORDERBOOK] + Limit(side=BUY,orderId=13,price=98,quantity=204800)
13:00:20.376 [main] DEBUG c.o.v.ReadOnlyMarketDataChannelPublishVisitor - Bid Side Size: 3
13:00:20.376 [main] DEBUG c.o.v.ReadOnlyMarketDataChannelPublishVisitor - Adding Mkt Data Msg BID: Price=98 Qty=819200
13:00:20.376 [main] DEBUG c.o.v.ReadOnlyMarketDataChannelPublishVisitor - Adding Mkt Data Msg BID: Price=95 Qty=200
13:00:20.376 [main] DEBUG c.o.v.ReadOnlyMarketDataChannelPublishVisitor - Adding Mkt Data Msg BID: Price=91 Qty=300
13:00:20.376 [main] DEBUG c.o.v.ReadOnlyMarketDataChannelPublishVisitor - Ask Side Size: 4
13:00:20.376 [main] DEBUG c.o.v.ReadOnlyMarketDataChannelPublishVisitor - Adding Mkt Data Msg ASK: Price=100 Qty=101
13:00:20.376 [main] DEBUG c.o.v.ReadOnlyMarketDataChannelPublishVisitor - Adding Mkt Data Msg ASK: Price=110 Qty=200
13:00:20.376 [main] DEBUG c.o.v.ReadOnlyMarketDataChannelPublishVisitor - Adding Mkt Data Msg ASK: Price=115 Qty=5000
13:00:20.376 [main] DEBUG c.o.v.ReadOnlyMarketDataChannelPublishVisitor - Adding Mkt Data Msg ASK: Price=119 Qty=5600
13:00:20.376 [main] INFO  c.o.channel.MarketDataChannel - [ORDERBOOK] Sending market data update...
13:00:20.376 [main] INFO  c.sequencer.consumer.LoggingConsumer - [27] 
|----BID-----|
 819200 @ 98
    200 @ 95
    300 @ 91
|----ASK-----|
   101 @ 100
   200 @ 110
  5000 @ 115
  5600 @ 119

13:00:20.376 [main] DEBUG c.service.MarketDataService - [ALGO] BID: price:98 quantity:819200
13:00:20.376 [main] DEBUG c.service.MarketDataService - [ALGO] BID: price:95 quantity:200
13:00:20.376 [main] DEBUG c.service.MarketDataService - [ALGO] BID: price:91 quantity:300
13:00:20.376 [main] DEBUG c.service.MarketDataService - [ALGO] ASK: price:100 quantity:101
13:00:20.376 [main] DEBUG c.service.MarketDataService - [ALGO] ASK: price:110 quantity:200
13:00:20.376 [main] DEBUG c.service.MarketDataService - [ALGO] ASK: price:115 quantity:5000
13:00:20.376 [main] DEBUG c.service.MarketDataService - [ALGO] ASK: price:119 quantity:5600
13:00:20.376 [main] INFO  c.gettingstarted.MyAlgoLogic - [MYALGO] The state of the order book is:
|----BID-----||----ASK----|
 819200 @ 98   101 @ 100
    200 @ 95   200 @ 110
    300 @ 91  5000 @ 115
          -   5600 @ 119
|------------||-----------|

13:00:20.376 [main] INFO  c.gettingstarted.MyAlgoLogic - [MYALGO] Algo Sees Book as: 
|----BID-----||----ASK----|
 819200 @ 98   101 @ 100
    200 @ 95   200 @ 110
    300 @ 91  5000 @ 115
          -   5600 @ 119
|------------||-----------|

13:00:20.376 [main] INFO  c.gettingstarted.TimedLogic - [TIMEDLOGIC] Market is open
13:00:20.376 [main] INFO  c.gettingstarted.MyAlgoLogic - [MYALGO] Aftr buy orders13
13:00:20.376 [main] INFO  c.gettingstarted.MyAlgoLogic - [MYALGO] After Buy total orders13
13:00:20.376 [main] INFO  c.container.Actioner - [ALGO] Actioner, sending action:CreateChildOrder(side=BUY,quantity=819200,price=98)
13:00:20.376 [main] INFO  c.sequencer.consumer.LoggingConsumer - [28] [CreateOrder](sbeTemplateId=4|sbeSchemaId=2|sbeSchemaVersion=0|sbeBlockLength=33):instrumentId=0|price=98|quantity=819200|side=BUY|orderId=15
13:00:20.376 [main] INFO  c.orderbook.OrderBook - [ORDERBOOK] Adding passive limit order to BID bookLimit(side=BUY,orderId=15,price=98,quantity=819200)
13:00:20.376 [main] INFO  c.o.visitor.MutatingAddOrderVisitor - [ORDERBOOK] + Limit(side=BUY,orderId=14,price=98,quantity=409600)
13:00:20.376 [main] DEBUG c.o.v.ReadOnlyMarketDataChannelPublishVisitor - Bid Side Size: 3
13:00:20.376 [main] DEBUG c.o.v.ReadOnlyMarketDataChannelPublishVisitor - Adding Mkt Data Msg BID: Price=98 Qty=1638400
13:00:20.376 [main] DEBUG c.o.v.ReadOnlyMarketDataChannelPublishVisitor - Adding Mkt Data Msg BID: Price=95 Qty=200
13:00:20.376 [main] DEBUG c.o.v.ReadOnlyMarketDataChannelPublishVisitor - Adding Mkt Data Msg BID: Price=91 Qty=300
13:00:20.376 [main] DEBUG c.o.v.ReadOnlyMarketDataChannelPublishVisitor - Ask Side Size: 4
13:00:20.376 [main] DEBUG c.o.v.ReadOnlyMarketDataChannelPublishVisitor - Adding Mkt Data Msg ASK: Price=100 Qty=101
13:00:20.376 [main] DEBUG c.o.v.ReadOnlyMarketDataChannelPublishVisitor - Adding Mkt Data Msg ASK: Price=110 Qty=200
13:00:20.391 [main] DEBUG c.o.v.ReadOnlyMarketDataChannelPublishVisitor - Adding Mkt Data Msg ASK: Price=115 Qty=5000
13:00:20.391 [main] DEBUG c.o.v.ReadOnlyMarketDataChannelPublishVisitor - Adding Mkt Data Msg ASK: Price=119 Qty=5600
13:00:20.391 [main] INFO  c.o.channel.MarketDataChannel - [ORDERBOOK] Sending market data update...
13:00:20.391 [main] INFO  c.sequencer.consumer.LoggingConsumer - [29] 
|----BID-----|
1638400 @ 98
    200 @ 95
    300 @ 91
|----ASK-----|
   101 @ 100
   200 @ 110
  5000 @ 115
  5600 @ 119

13:00:20.391 [main] DEBUG c.service.MarketDataService - [ALGO] BID: price:98 quantity:1638400
13:00:20.391 [main] DEBUG c.service.MarketDataService - [ALGO] BID: price:95 quantity:200
13:00:20.391 [main] DEBUG c.service.MarketDataService - [ALGO] BID: price:91 quantity:300
13:00:20.391 [main] DEBUG c.service.MarketDataService - [ALGO] ASK: price:100 quantity:101
13:00:20.391 [main] DEBUG c.service.MarketDataService - [ALGO] ASK: price:110 quantity:200
13:00:20.391 [main] DEBUG c.service.MarketDataService - [ALGO] ASK: price:115 quantity:5000
13:00:20.391 [main] DEBUG c.service.MarketDataService - [ALGO] ASK: price:119 quantity:5600
13:00:20.391 [main] INFO  c.gettingstarted.MyAlgoLogic - [MYALGO] The state of the order book is:
|----BID-----||----ASK----|
1638400 @ 98   101 @ 100
    200 @ 95   200 @ 110
    300 @ 91  5000 @ 115
          -   5600 @ 119
|------------||-----------|

13:00:20.391 [main] INFO  c.gettingstarted.MyAlgoLogic - [MYALGO] Algo Sees Book as: 
|----BID-----||----ASK----|
1638400 @ 98   101 @ 100
    200 @ 95   200 @ 110
    300 @ 91  5000 @ 115
          -   5600 @ 119
|------------||-----------|

13:00:20.391 [main] INFO  c.gettingstarted.TimedLogic - [TIMEDLOGIC] Market is open
13:00:20.391 [main] INFO  c.gettingstarted.MyAlgoLogic - [MYALGO] Aftr buy orders14
13:00:20.391 [main] INFO  c.gettingstarted.MyAlgoLogic - [MYALGO] After Buy total orders14
13:00:20.391 [main] INFO  c.container.Actioner - [ALGO] Actioner, sending action:CreateChildOrder(side=BUY,quantity=1638400,price=98)
13:00:20.391 [main] INFO  c.sequencer.consumer.LoggingConsumer - [30] [CreateOrder](sbeTemplateId=4|sbeSchemaId=2|sbeSchemaVersion=0|sbeBlockLength=33):instrumentId=0|price=98|quantity=1638400|side=BUY|orderId=16
13:00:20.391 [main] INFO  c.orderbook.OrderBook - [ORDERBOOK] Adding passive limit order to BID bookLimit(side=BUY,orderId=16,price=98,quantity=1638400)
13:00:20.391 [main] INFO  c.o.visitor.MutatingAddOrderVisitor - [ORDERBOOK] + Limit(side=BUY,orderId=15,price=98,quantity=819200)
13:00:20.391 [main] DEBUG c.o.v.ReadOnlyMarketDataChannelPublishVisitor - Bid Side Size: 3
13:00:20.391 [main] DEBUG c.o.v.ReadOnlyMarketDataChannelPublishVisitor - Adding Mkt Data Msg BID: Price=98 Qty=3276800
13:00:20.391 [main] DEBUG c.o.v.ReadOnlyMarketDataChannelPublishVisitor - Adding Mkt Data Msg BID: Price=95 Qty=200
13:00:20.391 [main] DEBUG c.o.v.ReadOnlyMarketDataChannelPublishVisitor - Adding Mkt Data Msg BID: Price=91 Qty=300
13:00:20.391 [main] DEBUG c.o.v.ReadOnlyMarketDataChannelPublishVisitor - Ask Side Size: 4
13:00:20.391 [main] DEBUG c.o.v.ReadOnlyMarketDataChannelPublishVisitor - Adding Mkt Data Msg ASK: Price=100 Qty=101
13:00:20.391 [main] DEBUG c.o.v.ReadOnlyMarketDataChannelPublishVisitor - Adding Mkt Data Msg ASK: Price=110 Qty=200
13:00:20.391 [main] DEBUG c.o.v.ReadOnlyMarketDataChannelPublishVisitor - Adding Mkt Data Msg ASK: Price=115 Qty=5000
13:00:20.391 [main] DEBUG c.o.v.ReadOnlyMarketDataChannelPublishVisitor - Adding Mkt Data Msg ASK: Price=119 Qty=5600
13:00:20.391 [main] INFO  c.o.channel.MarketDataChannel - [ORDERBOOK] Sending market data update...
13:00:20.391 [main] INFO  c.sequencer.consumer.LoggingConsumer - [31] 
|----BID-----|
3276800 @ 98
    200 @ 95
    300 @ 91
|----ASK-----|
   101 @ 100
   200 @ 110
  5000 @ 115
  5600 @ 119

13:00:20.391 [main] DEBUG c.service.MarketDataService - [ALGO] BID: price:98 quantity:3276800
13:00:20.391 [main] DEBUG c.service.MarketDataService - [ALGO] BID: price:95 quantity:200
13:00:20.391 [main] DEBUG c.service.MarketDataService - [ALGO] BID: price:91 quantity:300
13:00:20.391 [main] DEBUG c.service.MarketDataService - [ALGO] ASK: price:100 quantity:101
13:00:20.391 [main] DEBUG c.service.MarketDataService - [ALGO] ASK: price:110 quantity:200
13:00:20.391 [main] DEBUG c.service.MarketDataService - [ALGO] ASK: price:115 quantity:5000
13:00:20.391 [main] DEBUG c.service.MarketDataService - [ALGO] ASK: price:119 quantity:5600
13:00:20.391 [main] INFO  c.gettingstarted.MyAlgoLogic - [MYALGO] The state of the order book is:
|----BID-----||----ASK----|
3276800 @ 98   101 @ 100
    200 @ 95   200 @ 110
    300 @ 91  5000 @ 115
          -   5600 @ 119
|------------||-----------|

13:00:20.391 [main] INFO  c.gettingstarted.MyAlgoLogic - [MYALGO] Algo Sees Book as: 
|----BID-----||----ASK----|
3276800 @ 98   101 @ 100
    200 @ 95   200 @ 110
    300 @ 91  5000 @ 115
          -   5600 @ 119
|------------||-----------|

13:00:20.391 [main] INFO  c.gettingstarted.TimedLogic - [TIMEDLOGIC] Market is open
13:00:20.391 [main] INFO  c.gettingstarted.MyAlgoLogic - [MYALGO] Adding order for101@100
13:00:20.391 [main] INFO  c.gettingstarted.MyAlgoLogic - [MYALGO] Initial quantity101 price 100
13:00:20.391 [main] INFO  c.gettingstarted.MyAlgoLogic - [MYALGO] Active orders15
13:00:20.391 [main] INFO  c.gettingstarted.MyAlgoLogic - [MYALGO] Total orders15
13:00:20.391 [main] INFO  c.container.Actioner - [ALGO] Actioner, sending action:CreateChildOrder(side=SELL,quantity=101,price=100)
13:00:20.391 [main] INFO  c.sequencer.consumer.LoggingConsumer - [32] [CreateOrder](sbeTemplateId=4|sbeSchemaId=2|sbeSchemaVersion=0|sbeBlockLength=33):instrumentId=0|price=100|quantity=101|side=SELL|orderId=17
13:00:20.391 [main] INFO  c.orderbook.OrderBook - A[ORDERBOOK] dding passive limit order to ASK bookLimit(side=SELL,orderId=17,price=100,quantity=101)
13:00:20.391 [main] INFO  c.o.visitor.MutatingAddOrderVisitor - [ORDERBOOK] + MktData(price=100,quantity=101)
13:00:20.391 [main] DEBUG c.o.v.ReadOnlyMarketDataChannelPublishVisitor - Bid Side Size: 3
13:00:20.391 [main] DEBUG c.o.v.ReadOnlyMarketDataChannelPublishVisitor - Adding Mkt Data Msg BID: Price=98 Qty=3276800
13:00:20.391 [main] DEBUG c.o.v.ReadOnlyMarketDataChannelPublishVisitor - Adding Mkt Data Msg BID: Price=95 Qty=200
13:00:20.391 [main] DEBUG c.o.v.ReadOnlyMarketDataChannelPublishVisitor - Adding Mkt Data Msg BID: Price=91 Qty=300
13:00:20.391 [main] DEBUG c.o.v.ReadOnlyMarketDataChannelPublishVisitor - Ask Side Size: 4
13:00:20.391 [main] DEBUG c.o.v.ReadOnlyMarketDataChannelPublishVisitor - Adding Mkt Data Msg ASK: Price=100 Qty=202
13:00:20.391 [main] DEBUG c.o.v.ReadOnlyMarketDataChannelPublishVisitor - Adding Mkt Data Msg ASK: Price=110 Qty=200
13:00:20.391 [main] DEBUG c.o.v.ReadOnlyMarketDataChannelPublishVisitor - Adding Mkt Data Msg ASK: Price=115 Qty=5000
13:00:20.391 [main] DEBUG c.o.v.ReadOnlyMarketDataChannelPublishVisitor - Adding Mkt Data Msg ASK: Price=119 Qty=5600
13:00:20.391 [main] INFO  c.o.channel.MarketDataChannel - [ORDERBOOK] Sending market data update...
13:00:20.391 [main] INFO  c.sequencer.consumer.LoggingConsumer - [33] 
|----BID-----|
3276800 @ 98
    200 @ 95
    300 @ 91
|----ASK-----|
   202 @ 100
   200 @ 110
  5000 @ 115
  5600 @ 119

13:00:20.391 [main] DEBUG c.service.MarketDataService - [ALGO] BID: price:98 quantity:3276800
13:00:20.391 [main] DEBUG c.service.MarketDataService - [ALGO] BID: price:95 quantity:200
13:00:20.391 [main] DEBUG c.service.MarketDataService - [ALGO] BID: price:91 quantity:300
13:00:20.391 [main] DEBUG c.service.MarketDataService - [ALGO] ASK: price:100 quantity:202
13:00:20.391 [main] DEBUG c.service.MarketDataService - [ALGO] ASK: price:110 quantity:200
13:00:20.391 [main] DEBUG c.service.MarketDataService - [ALGO] ASK: price:115 quantity:5000
13:00:20.391 [main] DEBUG c.service.MarketDataService - [ALGO] ASK: price:119 quantity:5600
13:00:20.391 [main] INFO  c.gettingstarted.MyAlgoLogic - [MYALGO] The state of the order book is:
|----BID-----||----ASK----|
3276800 @ 98   202 @ 100
    200 @ 95   200 @ 110
    300 @ 91  5000 @ 115
          -   5600 @ 119
|------------||-----------|

13:00:20.391 [main] INFO  c.gettingstarted.MyAlgoLogic - [MYALGO] Algo Sees Book as: 
|----BID-----||----ASK----|
3276800 @ 98   202 @ 100
    200 @ 95   200 @ 110
    300 @ 91  5000 @ 115
          -   5600 @ 119
|------------||-----------|

13:00:20.391 [main] INFO  c.gettingstarted.TimedLogic - [TIMEDLOGIC] Market is open
13:00:20.391 [main] INFO  c.gettingstarted.MyAlgoLogic - [MYALGO] Have:16 children, want 7, done.
13:00:20.391 [main] INFO  c.gettingstarted.MyAlgoLogic - [MYALGO] Active orders are 16
13:00:20.391 [main] INFO  c.gettingstarted.MyAlgoLogic - [MYALGO] Cancelling order:codingblackfemales.sotw.ChildOrder@1190200a
13:00:20.391 [main] INFO  c.gettingstarted.MyAlgoLogic - [MYALGO] Option is present, number of active orders are 16
13:00:20.391 [main] INFO  c.container.Actioner - [ALGO] Actioner, sending action:CancelChildOrder(codingblackfemales.sotw.ChildOrder@1190200a)
13:00:20.391 [main] INFO  c.sequencer.consumer.LoggingConsumer - [34] [CancelOrder](sbeTemplateId=5|sbeSchemaId=2|sbeSchemaVersion=0|sbeBlockLength=8):orderId=2
13:00:20.391 [main] INFO  c.orderbook.OrderBook - [ORDERBOOK] Cancelling order (id=:2)
13:00:20.391 [main] INFO  c.o.visitor.CancelOrderVisitor - [ORDERBOOK] Cancelling order: Limit(side=BUY,orderId=2,price=98,quantity=100)
13:00:20.391 [main] DEBUG c.o.v.ReadOnlyMarketDataChannelPublishVisitor - Bid Side Size: 3
13:00:20.391 [main] DEBUG c.o.v.ReadOnlyMarketDataChannelPublishVisitor - Adding Mkt Data Msg BID: Price=98 Qty=3276700
13:00:20.391 [main] DEBUG c.o.v.ReadOnlyMarketDataChannelPublishVisitor - Adding Mkt Data Msg BID: Price=95 Qty=200
13:00:20.391 [main] DEBUG c.o.v.ReadOnlyMarketDataChannelPublishVisitor - Adding Mkt Data Msg BID: Price=91 Qty=300
13:00:20.391 [main] DEBUG c.o.v.ReadOnlyMarketDataChannelPublishVisitor - Ask Side Size: 4
13:00:20.391 [main] DEBUG c.o.v.ReadOnlyMarketDataChannelPublishVisitor - Adding Mkt Data Msg ASK: Price=100 Qty=202
13:00:20.391 [main] DEBUG c.o.v.ReadOnlyMarketDataChannelPublishVisitor - Adding Mkt Data Msg ASK: Price=110 Qty=200
13:00:20.391 [main] DEBUG c.o.v.ReadOnlyMarketDataChannelPublishVisitor - Adding Mkt Data Msg ASK: Price=115 Qty=5000
13:00:20.391 [main] DEBUG c.o.v.ReadOnlyMarketDataChannelPublishVisitor - Adding Mkt Data Msg ASK: Price=119 Qty=5600
13:00:20.391 [main] INFO  c.o.channel.MarketDataChannel - [ORDERBOOK] Sending market data update...
13:00:20.391 [main] INFO  c.sequencer.consumer.LoggingConsumer - [35] 
|----BID-----|
3276700 @ 98
    200 @ 95
    300 @ 91
|----ASK-----|
   202 @ 100
   200 @ 110
  5000 @ 115
  5600 @ 119

13:00:20.391 [main] DEBUG c.service.MarketDataService - [ALGO] BID: price:98 quantity:3276700
13:00:20.391 [main] DEBUG c.service.MarketDataService - [ALGO] BID: price:95 quantity:200
13:00:20.391 [main] DEBUG c.service.MarketDataService - [ALGO] BID: price:91 quantity:300
13:00:20.391 [main] DEBUG c.service.MarketDataService - [ALGO] ASK: price:100 quantity:202
13:00:20.391 [main] DEBUG c.service.MarketDataService - [ALGO] ASK: price:110 quantity:200
13:00:20.391 [main] DEBUG c.service.MarketDataService - [ALGO] ASK: price:115 quantity:5000
13:00:20.391 [main] DEBUG c.service.MarketDataService - [ALGO] ASK: price:119 quantity:5600
13:00:20.391 [main] INFO  c.gettingstarted.MyAlgoLogic - [MYALGO] The state of the order book is:
|----BID-----||----ASK----|
3276700 @ 98   202 @ 100
    200 @ 95   200 @ 110
    300 @ 91  5000 @ 115
          -   5600 @ 119
|------------||-----------|

13:00:20.391 [main] INFO  c.gettingstarted.MyAlgoLogic - [MYALGO] Algo Sees Book as: 
|----BID-----||----ASK----|
3276700 @ 98   202 @ 100
    200 @ 95   200 @ 110
    300 @ 91  5000 @ 115
          -   5600 @ 119
|------------||-----------|

13:00:20.391 [main] INFO  c.gettingstarted.TimedLogic - [TIMEDLOGIC] Market is open
13:00:20.391 [main] INFO  c.gettingstarted.MyAlgoLogic - [MYALGO] Have:15 children, want 7, done.
13:00:20.391 [main] INFO  c.gettingstarted.MyAlgoLogic - [MYALGO] Active orders are 15
13:00:20.391 [main] INFO  c.gettingstarted.MyAlgoLogic - [MYALGO] Cancelling order:codingblackfemales.sotw.ChildOrder@6a2f6f80
13:00:20.391 [main] INFO  c.gettingstarted.MyAlgoLogic - [MYALGO] Option is present, number of active orders are 15
13:00:20.391 [main] INFO  c.container.Actioner - [ALGO] Actioner, sending action:CancelChildOrder(codingblackfemales.sotw.ChildOrder@6a2f6f80)
13:00:20.391 [main] INFO  c.sequencer.consumer.LoggingConsumer - [36] [CancelOrder](sbeTemplateId=5|sbeSchemaId=2|sbeSchemaVersion=0|sbeBlockLength=8):orderId=3
13:00:20.391 [main] INFO  c.orderbook.OrderBook - [ORDERBOOK] Cancelling order (id=:3)
13:00:20.391 [main] INFO  c.o.visitor.CancelOrderVisitor - [ORDERBOOK] Cancelling order: Limit(side=BUY,orderId=3,price=98,quantity=200)
13:00:20.391 [main] DEBUG c.o.v.ReadOnlyMarketDataChannelPublishVisitor - Bid Side Size: 3
13:00:20.391 [main] DEBUG c.o.v.ReadOnlyMarketDataChannelPublishVisitor - Adding Mkt Data Msg BID: Price=98 Qty=3276500
13:00:20.391 [main] DEBUG c.o.v.ReadOnlyMarketDataChannelPublishVisitor - Adding Mkt Data Msg BID: Price=95 Qty=200
13:00:20.393 [main] DEBUG c.o.v.ReadOnlyMarketDataChannelPublishVisitor - Adding Mkt Data Msg BID: Price=91 Qty=300
13:00:20.393 [main] DEBUG c.o.v.ReadOnlyMarketDataChannelPublishVisitor - Ask Side Size: 4
13:00:20.393 [main] DEBUG c.o.v.ReadOnlyMarketDataChannelPublishVisitor - Adding Mkt Data Msg ASK: Price=100 Qty=202
13:00:20.393 [main] DEBUG c.o.v.ReadOnlyMarketDataChannelPublishVisitor - Adding Mkt Data Msg ASK: Price=110 Qty=200
13:00:20.393 [main] DEBUG c.o.v.ReadOnlyMarketDataChannelPublishVisitor - Adding Mkt Data Msg ASK: Price=115 Qty=5000
13:00:20.393 [main] DEBUG c.o.v.ReadOnlyMarketDataChannelPublishVisitor - Adding Mkt Data Msg ASK: Price=119 Qty=5600
13:00:20.393 [main] INFO  c.o.channel.MarketDataChannel - [ORDERBOOK] Sending market data update...
13:00:20.393 [main] INFO  c.sequencer.consumer.LoggingConsumer - [37] 
|----BID-----|
3276500 @ 98
    200 @ 95
    300 @ 91
|----ASK-----|
   202 @ 100
   200 @ 110
  5000 @ 115
  5600 @ 119

13:00:20.393 [main] DEBUG c.service.MarketDataService - [ALGO] BID: price:98 quantity:3276500
13:00:20.393 [main] DEBUG c.service.MarketDataService - [ALGO] BID: price:95 quantity:200
13:00:20.393 [main] DEBUG c.service.MarketDataService - [ALGO] BID: price:91 quantity:300
13:00:20.393 [main] DEBUG c.service.MarketDataService - [ALGO] ASK: price:100 quantity:202
13:00:20.393 [main] DEBUG c.service.MarketDataService - [ALGO] ASK: price:110 quantity:200
13:00:20.393 [main] DEBUG c.service.MarketDataService - [ALGO] ASK: price:115 quantity:5000
13:00:20.393 [main] DEBUG c.service.MarketDataService - [ALGO] ASK: price:119 quantity:5600
13:00:20.393 [main] INFO  c.gettingstarted.MyAlgoLogic - [MYALGO] The state of the order book is:
|----BID-----||----ASK----|
3276500 @ 98   202 @ 100
    200 @ 95   200 @ 110
    300 @ 91  5000 @ 115
          -   5600 @ 119
|------------||-----------|

13:00:20.393 [main] INFO  c.gettingstarted.MyAlgoLogic - [MYALGO] Algo Sees Book as: 
|----BID-----||----ASK----|
3276500 @ 98   202 @ 100
    200 @ 95   200 @ 110
    300 @ 91  5000 @ 115
          -   5600 @ 119
|------------||-----------|

13:00:20.393 [main] INFO  c.gettingstarted.TimedLogic - [TIMEDLOGIC] Market is open
13:00:20.393 [main] INFO  c.gettingstarted.MyAlgoLogic - [MYALGO] Have:14 children, want 7, done.
13:00:20.393 [main] INFO  c.gettingstarted.MyAlgoLogic - [MYALGO] Active orders are 14
13:00:20.393 [main] INFO  c.gettingstarted.MyAlgoLogic - [MYALGO] Cancelling order:codingblackfemales.sotw.ChildOrder@45b4c3a9
13:00:20.393 [main] INFO  c.gettingstarted.MyAlgoLogic - [MYALGO] Option is present, number of active orders are 14
13:00:20.393 [main] INFO  c.container.Actioner - [ALGO] Actioner, sending action:CancelChildOrder(codingblackfemales.sotw.ChildOrder@45b4c3a9)
13:00:20.393 [main] INFO  c.sequencer.consumer.LoggingConsumer - [38] [CancelOrder](sbeTemplateId=5|sbeSchemaId=2|sbeSchemaVersion=0|sbeBlockLength=8):orderId=4
13:00:20.393 [main] INFO  c.orderbook.OrderBook - [ORDERBOOK] Cancelling order (id=:4)
13:00:20.393 [main] INFO  c.o.visitor.CancelOrderVisitor - [ORDERBOOK] Cancelling order: Limit(side=BUY,orderId=4,price=98,quantity=400)
13:00:20.393 [main] DEBUG c.o.v.ReadOnlyMarketDataChannelPublishVisitor - Bid Side Size: 3
13:00:20.393 [main] DEBUG c.o.v.ReadOnlyMarketDataChannelPublishVisitor - Adding Mkt Data Msg BID: Price=98 Qty=3276100
13:00:20.393 [main] DEBUG c.o.v.ReadOnlyMarketDataChannelPublishVisitor - Adding Mkt Data Msg BID: Price=95 Qty=200
13:00:20.393 [main] DEBUG c.o.v.ReadOnlyMarketDataChannelPublishVisitor - Adding Mkt Data Msg BID: Price=91 Qty=300
13:00:20.393 [main] DEBUG c.o.v.ReadOnlyMarketDataChannelPublishVisitor - Ask Side Size: 4
13:00:20.393 [main] DEBUG c.o.v.ReadOnlyMarketDataChannelPublishVisitor - Adding Mkt Data Msg ASK: Price=100 Qty=202
13:00:20.393 [main] DEBUG c.o.v.ReadOnlyMarketDataChannelPublishVisitor - Adding Mkt Data Msg ASK: Price=110 Qty=200
13:00:20.393 [main] DEBUG c.o.v.ReadOnlyMarketDataChannelPublishVisitor - Adding Mkt Data Msg ASK: Price=115 Qty=5000
13:00:20.393 [main] DEBUG c.o.v.ReadOnlyMarketDataChannelPublishVisitor - Adding Mkt Data Msg ASK: Price=119 Qty=5600
13:00:20.393 [main] INFO  c.o.channel.MarketDataChannel - [ORDERBOOK] Sending market data update...
13:00:20.393 [main] INFO  c.sequencer.consumer.LoggingConsumer - [39] 
|----BID-----|
3276100 @ 98
    200 @ 95
    300 @ 91
|----ASK-----|
   202 @ 100
   200 @ 110
  5000 @ 115
  5600 @ 119

13:00:20.393 [main] DEBUG c.service.MarketDataService - [ALGO] BID: price:98 quantity:3276100
13:00:20.393 [main] DEBUG c.service.MarketDataService - [ALGO] BID: price:95 quantity:200
13:00:20.393 [main] DEBUG c.service.MarketDataService - [ALGO] BID: price:91 quantity:300
13:00:20.393 [main] DEBUG c.service.MarketDataService - [ALGO] ASK: price:100 quantity:202
13:00:20.393 [main] DEBUG c.service.MarketDataService - [ALGO] ASK: price:110 quantity:200
13:00:20.393 [main] DEBUG c.service.MarketDataService - [ALGO] ASK: price:115 quantity:5000
13:00:20.393 [main] DEBUG c.service.MarketDataService - [ALGO] ASK: price:119 quantity:5600
13:00:20.393 [main] INFO  c.gettingstarted.MyAlgoLogic - [MYALGO] The state of the order book is:
|----BID-----||----ASK----|
3276100 @ 98   202 @ 100
    200 @ 95   200 @ 110
    300 @ 91  5000 @ 115
          -   5600 @ 119
|------------||-----------|

13:00:20.393 [main] INFO  c.gettingstarted.MyAlgoLogic - [MYALGO] Algo Sees Book as: 
|----BID-----||----ASK----|
3276100 @ 98   202 @ 100
    200 @ 95   200 @ 110
    300 @ 91  5000 @ 115
          -   5600 @ 119
|------------||-----------|

13:00:20.393 [main] INFO  c.gettingstarted.TimedLogic - [TIMEDLOGIC] Market is open
13:00:20.393 [main] INFO  c.gettingstarted.MyAlgoLogic - [MYALGO] Have:13 children, want 7, done.
13:00:20.393 [main] INFO  c.gettingstarted.MyAlgoLogic - [MYALGO] Active orders are 13
13:00:20.393 [main] INFO  c.gettingstarted.MyAlgoLogic - [MYALGO] Cancelling order:codingblackfemales.sotw.ChildOrder@399c4be1
13:00:20.393 [main] INFO  c.gettingstarted.MyAlgoLogic - [MYALGO] Option is present, number of active orders are 13
13:00:20.393 [main] INFO  c.container.Actioner - [ALGO] Actioner, sending action:CancelChildOrder(codingblackfemales.sotw.ChildOrder@399c4be1)
13:00:20.393 [main] INFO  c.sequencer.consumer.LoggingConsumer - [40] [CancelOrder](sbeTemplateId=5|sbeSchemaId=2|sbeSchemaVersion=0|sbeBlockLength=8):orderId=5
13:00:20.393 [main] INFO  c.orderbook.OrderBook - [ORDERBOOK] Cancelling order (id=:5)
13:00:20.393 [main] INFO  c.o.visitor.CancelOrderVisitor - [ORDERBOOK] Cancelling order: Limit(side=BUY,orderId=5,price=98,quantity=800)
13:00:20.393 [main] DEBUG c.o.v.ReadOnlyMarketDataChannelPublishVisitor - Bid Side Size: 3
13:00:20.393 [main] DEBUG c.o.v.ReadOnlyMarketDataChannelPublishVisitor - Adding Mkt Data Msg BID: Price=98 Qty=3275300
13:00:20.393 [main] DEBUG c.o.v.ReadOnlyMarketDataChannelPublishVisitor - Adding Mkt Data Msg BID: Price=95 Qty=200
13:00:20.393 [main] DEBUG c.o.v.ReadOnlyMarketDataChannelPublishVisitor - Adding Mkt Data Msg BID: Price=91 Qty=300
13:00:20.393 [main] DEBUG c.o.v.ReadOnlyMarketDataChannelPublishVisitor - Ask Side Size: 4
13:00:20.393 [main] DEBUG c.o.v.ReadOnlyMarketDataChannelPublishVisitor - Adding Mkt Data Msg ASK: Price=100 Qty=202
13:00:20.393 [main] DEBUG c.o.v.ReadOnlyMarketDataChannelPublishVisitor - Adding Mkt Data Msg ASK: Price=110 Qty=200
13:00:20.393 [main] DEBUG c.o.v.ReadOnlyMarketDataChannelPublishVisitor - Adding Mkt Data Msg ASK: Price=115 Qty=5000
13:00:20.393 [main] DEBUG c.o.v.ReadOnlyMarketDataChannelPublishVisitor - Adding Mkt Data Msg ASK: Price=119 Qty=5600
13:00:20.393 [main] INFO  c.o.channel.MarketDataChannel - [ORDERBOOK] Sending market data update...
13:00:20.393 [main] INFO  c.sequencer.consumer.LoggingConsumer - [41] 
|----BID-----|
3275300 @ 98
    200 @ 95
    300 @ 91
|----ASK-----|
   202 @ 100
   200 @ 110
  5000 @ 115
  5600 @ 119

13:00:20.393 [main] DEBUG c.service.MarketDataService - [ALGO] BID: price:98 quantity:3275300
13:00:20.393 [main] DEBUG c.service.MarketDataService - [ALGO] BID: price:95 quantity:200
13:00:20.393 [main] DEBUG c.service.MarketDataService - [ALGO] BID: price:91 quantity:300
13:00:20.393 [main] DEBUG c.service.MarketDataService - [ALGO] ASK: price:100 quantity:202
13:00:20.393 [main] DEBUG c.service.MarketDataService - [ALGO] ASK: price:110 quantity:200
13:00:20.393 [main] DEBUG c.service.MarketDataService - [ALGO] ASK: price:115 quantity:5000
13:00:20.393 [main] DEBUG c.service.MarketDataService - [ALGO] ASK: price:119 quantity:5600
13:00:20.393 [main] INFO  c.gettingstarted.MyAlgoLogic - [MYALGO] The state of the order book is:
|----BID-----||----ASK----|
3275300 @ 98   202 @ 100
    200 @ 95   200 @ 110
    300 @ 91  5000 @ 115
          -   5600 @ 119
|------------||-----------|

13:00:20.393 [main] INFO  c.gettingstarted.MyAlgoLogic - [MYALGO] Algo Sees Book as: 
|----BID-----||----ASK----|
3275300 @ 98   202 @ 100
    200 @ 95   200 @ 110
    300 @ 91  5000 @ 115
          -   5600 @ 119
|------------||-----------|

13:00:20.393 [main] INFO  c.gettingstarted.TimedLogic - [TIMEDLOGIC] Market is open
13:00:20.393 [main] INFO  c.gettingstarted.MyAlgoLogic - [MYALGO] Have:12 children, want 7, done.
13:00:20.393 [main] INFO  c.gettingstarted.MyAlgoLogic - [MYALGO] Active orders are 12
13:00:20.393 [main] INFO  c.gettingstarted.MyAlgoLogic - [MYALGO] Cancelling order:codingblackfemales.sotw.ChildOrder@291caca8
13:00:20.393 [main] INFO  c.gettingstarted.MyAlgoLogic - [MYALGO] Option is present, number of active orders are 12
13:00:20.393 [main] INFO  c.container.Actioner - [ALGO] Actioner, sending action:CancelChildOrder(codingblackfemales.sotw.ChildOrder@291caca8)
13:00:20.393 [main] INFO  c.sequencer.consumer.LoggingConsumer - [42] [CancelOrder](sbeTemplateId=5|sbeSchemaId=2|sbeSchemaVersion=0|sbeBlockLength=8):orderId=6
13:00:20.393 [main] INFO  c.orderbook.OrderBook - [ORDERBOOK] Cancelling order (id=:6)
13:00:20.393 [main] INFO  c.o.visitor.CancelOrderVisitor - [ORDERBOOK] Cancelling order: Limit(side=BUY,orderId=6,price=98,quantity=1600)
13:00:20.393 [main] DEBUG c.o.v.ReadOnlyMarketDataChannelPublishVisitor - Bid Side Size: 3
13:00:20.393 [main] DEBUG c.o.v.ReadOnlyMarketDataChannelPublishVisitor - Adding Mkt Data Msg BID: Price=98 Qty=3273700
13:00:20.393 [main] DEBUG c.o.v.ReadOnlyMarketDataChannelPublishVisitor - Adding Mkt Data Msg BID: Price=95 Qty=200
13:00:20.393 [main] DEBUG c.o.v.ReadOnlyMarketDataChannelPublishVisitor - Adding Mkt Data Msg BID: Price=91 Qty=300
13:00:20.393 [main] DEBUG c.o.v.ReadOnlyMarketDataChannelPublishVisitor - Ask Side Size: 4
13:00:20.393 [main] DEBUG c.o.v.ReadOnlyMarketDataChannelPublishVisitor - Adding Mkt Data Msg ASK: Price=100 Qty=202
13:00:20.393 [main] DEBUG c.o.v.ReadOnlyMarketDataChannelPublishVisitor - Adding Mkt Data Msg ASK: Price=110 Qty=200
13:00:20.393 [main] DEBUG c.o.v.ReadOnlyMarketDataChannelPublishVisitor - Adding Mkt Data Msg ASK: Price=115 Qty=5000
13:00:20.393 [main] DEBUG c.o.v.ReadOnlyMarketDataChannelPublishVisitor - Adding Mkt Data Msg ASK: Price=119 Qty=5600
13:00:20.393 [main] INFO  c.o.channel.MarketDataChannel - [ORDERBOOK] Sending market data update...
13:00:20.393 [main] INFO  c.sequencer.consumer.LoggingConsumer - [43] 
|----BID-----|
3273700 @ 98
    200 @ 95
    300 @ 91
|----ASK-----|
   202 @ 100
   200 @ 110
  5000 @ 115
  5600 @ 119

13:00:20.393 [main] DEBUG c.service.MarketDataService - [ALGO] BID: price:98 quantity:3273700
13:00:20.393 [main] DEBUG c.service.MarketDataService - [ALGO] BID: price:95 quantity:200
13:00:20.393 [main] DEBUG c.service.MarketDataService - [ALGO] BID: price:91 quantity:300
13:00:20.393 [main] DEBUG c.service.MarketDataService - [ALGO] ASK: price:100 quantity:202
13:00:20.393 [main] DEBUG c.service.MarketDataService - [ALGO] ASK: price:110 quantity:200
13:00:20.393 [main] DEBUG c.service.MarketDataService - [ALGO] ASK: price:115 quantity:5000
13:00:20.393 [main] DEBUG c.service.MarketDataService - [ALGO] ASK: price:119 quantity:5600
13:00:20.393 [main] INFO  c.gettingstarted.MyAlgoLogic - [MYALGO] The state of the order book is:
|----BID-----||----ASK----|
3273700 @ 98   202 @ 100
    200 @ 95   200 @ 110
    300 @ 91  5000 @ 115
          -   5600 @ 119
|------------||-----------|

13:00:20.393 [main] INFO  c.gettingstarted.MyAlgoLogic - [MYALGO] Algo Sees Book as: 
|----BID-----||----ASK----|
3273700 @ 98   202 @ 100
    200 @ 95   200 @ 110
    300 @ 91  5000 @ 115
          -   5600 @ 119
|------------||-----------|

13:00:20.393 [main] INFO  c.gettingstarted.TimedLogic - [TIMEDLOGIC] Market is open
13:00:20.393 [main] INFO  c.gettingstarted.MyAlgoLogic - [MYALGO] Have:11 children, want 7, done.
13:00:20.393 [main] INFO  c.gettingstarted.MyAlgoLogic - [MYALGO] Active orders are 11
13:00:20.393 [main] INFO  c.gettingstarted.MyAlgoLogic - [MYALGO] Cancelling order:codingblackfemales.sotw.ChildOrder@385e9564
13:00:20.393 [main] INFO  c.gettingstarted.MyAlgoLogic - [MYALGO] Option is present, number of active orders are 11
13:00:20.393 [main] INFO  c.container.Actioner - [ALGO] Actioner, sending action:CancelChildOrder(codingblackfemales.sotw.ChildOrder@385e9564)
13:00:20.393 [main] INFO  c.sequencer.consumer.LoggingConsumer - [44] [CancelOrder](sbeTemplateId=5|sbeSchemaId=2|sbeSchemaVersion=0|sbeBlockLength=8):orderId=7
13:00:20.393 [main] INFO  c.orderbook.OrderBook - [ORDERBOOK] Cancelling order (id=:7)
13:00:20.393 [main] INFO  c.o.visitor.CancelOrderVisitor - [ORDERBOOK] Cancelling order: Limit(side=BUY,orderId=7,price=98,quantity=3200)
13:00:20.393 [main] DEBUG c.o.v.ReadOnlyMarketDataChannelPublishVisitor - Bid Side Size: 3
13:00:20.393 [main] DEBUG c.o.v.ReadOnlyMarketDataChannelPublishVisitor - Adding Mkt Data Msg BID: Price=98 Qty=3270500
13:00:20.393 [main] DEBUG c.o.v.ReadOnlyMarketDataChannelPublishVisitor - Adding Mkt Data Msg BID: Price=95 Qty=200
13:00:20.393 [main] DEBUG c.o.v.ReadOnlyMarketDataChannelPublishVisitor - Adding Mkt Data Msg BID: Price=91 Qty=300
13:00:20.393 [main] DEBUG c.o.v.ReadOnlyMarketDataChannelPublishVisitor - Ask Side Size: 4
13:00:20.393 [main] DEBUG c.o.v.ReadOnlyMarketDataChannelPublishVisitor - Adding Mkt Data Msg ASK: Price=100 Qty=202
13:00:20.393 [main] DEBUG c.o.v.ReadOnlyMarketDataChannelPublishVisitor - Adding Mkt Data Msg ASK: Price=110 Qty=200
13:00:20.393 [main] DEBUG c.o.v.ReadOnlyMarketDataChannelPublishVisitor - Adding Mkt Data Msg ASK: Price=115 Qty=5000
13:00:20.393 [main] DEBUG c.o.v.ReadOnlyMarketDataChannelPublishVisitor - Adding Mkt Data Msg ASK: Price=119 Qty=5600
13:00:20.393 [main] INFO  c.o.channel.MarketDataChannel - [ORDERBOOK] Sending market data update...
13:00:20.393 [main] INFO  c.sequencer.consumer.LoggingConsumer - [45] 
|----BID-----|
3270500 @ 98
    200 @ 95
    300 @ 91
|----ASK-----|
   202 @ 100
   200 @ 110
  5000 @ 115
  5600 @ 119

13:00:20.393 [main] DEBUG c.service.MarketDataService - [ALGO] BID: price:98 quantity:3270500
13:00:20.393 [main] DEBUG c.service.MarketDataService - [ALGO] BID: price:95 quantity:200
13:00:20.393 [main] DEBUG c.service.MarketDataService - [ALGO] BID: price:91 quantity:300
13:00:20.393 [main] DEBUG c.service.MarketDataService - [ALGO] ASK: price:100 quantity:202
13:00:20.393 [main] DEBUG c.service.MarketDataService - [ALGO] ASK: price:110 quantity:200
13:00:20.393 [main] DEBUG c.service.MarketDataService - [ALGO] ASK: price:115 quantity:5000
13:00:20.393 [main] DEBUG c.service.MarketDataService - [ALGO] ASK: price:119 quantity:5600
13:00:20.393 [main] INFO  c.gettingstarted.MyAlgoLogic - [MYALGO] The state of the order book is:
|----BID-----||----ASK----|
3270500 @ 98   202 @ 100
    200 @ 95   200 @ 110
    300 @ 91  5000 @ 115
          -   5600 @ 119
|------------||-----------|

13:00:20.393 [main] INFO  c.gettingstarted.MyAlgoLogic - [MYALGO] Algo Sees Book as: 
|----BID-----||----ASK----|
3270500 @ 98   202 @ 100
    200 @ 95   200 @ 110
    300 @ 91  5000 @ 115
          -   5600 @ 119
|------------||-----------|

13:00:20.393 [main] INFO  c.gettingstarted.TimedLogic - [TIMEDLOGIC] Market is open
13:00:20.393 [main] INFO  c.gettingstarted.MyAlgoLogic - [MYALGO] Have:10 children, want 7, done.
13:00:20.393 [main] INFO  c.gettingstarted.MyAlgoLogic - [MYALGO] Active orders are 10
13:00:20.393 [main] INFO  c.gettingstarted.MyAlgoLogic - [MYALGO] Cancelling order:codingblackfemales.sotw.ChildOrder@5b94b04d
13:00:20.393 [main] INFO  c.gettingstarted.MyAlgoLogic - [MYALGO] Option is present, number of active orders are 10
13:00:20.393 [main] INFO  c.container.Actioner - [ALGO] Actioner, sending action:CancelChildOrder(codingblackfemales.sotw.ChildOrder@5b94b04d)
13:00:20.393 [main] INFO  c.sequencer.consumer.LoggingConsumer - [46] [CancelOrder](sbeTemplateId=5|sbeSchemaId=2|sbeSchemaVersion=0|sbeBlockLength=8):orderId=8
13:00:20.393 [main] INFO  c.orderbook.OrderBook - [ORDERBOOK] Cancelling order (id=:8)
13:00:20.393 [main] INFO  c.o.visitor.CancelOrderVisitor - [ORDERBOOK] Cancelling order: Limit(side=BUY,orderId=8,price=98,quantity=6400)
13:00:20.393 [main] DEBUG c.o.v.ReadOnlyMarketDataChannelPublishVisitor - Bid Side Size: 3
13:00:20.393 [main] DEBUG c.o.v.ReadOnlyMarketDataChannelPublishVisitor - Adding Mkt Data Msg BID: Price=98 Qty=3264100
13:00:20.393 [main] DEBUG c.o.v.ReadOnlyMarketDataChannelPublishVisitor - Adding Mkt Data Msg BID: Price=95 Qty=200
13:00:20.393 [main] DEBUG c.o.v.ReadOnlyMarketDataChannelPublishVisitor - Adding Mkt Data Msg BID: Price=91 Qty=300
13:00:20.393 [main] DEBUG c.o.v.ReadOnlyMarketDataChannelPublishVisitor - Ask Side Size: 4
13:00:20.393 [main] DEBUG c.o.v.ReadOnlyMarketDataChannelPublishVisitor - Adding Mkt Data Msg ASK: Price=100 Qty=202
13:00:20.393 [main] DEBUG c.o.v.ReadOnlyMarketDataChannelPublishVisitor - Adding Mkt Data Msg ASK: Price=110 Qty=200
13:00:20.393 [main] DEBUG c.o.v.ReadOnlyMarketDataChannelPublishVisitor - Adding Mkt Data Msg ASK: Price=115 Qty=5000
13:00:20.393 [main] DEBUG c.o.v.ReadOnlyMarketDataChannelPublishVisitor - Adding Mkt Data Msg ASK: Price=119 Qty=5600
13:00:20.393 [main] INFO  c.o.channel.MarketDataChannel - [ORDERBOOK] Sending market data update...
13:00:20.393 [main] INFO  c.sequencer.consumer.LoggingConsumer - [47] 
|----BID-----|
3264100 @ 98
    200 @ 95
    300 @ 91
|----ASK-----|
   202 @ 100
   200 @ 110
  5000 @ 115
  5600 @ 119

13:00:20.393 [main] DEBUG c.service.MarketDataService - [ALGO] BID: price:98 quantity:3264100
13:00:20.393 [main] DEBUG c.service.MarketDataService - [ALGO] BID: price:95 quantity:200
13:00:20.393 [main] DEBUG c.service.MarketDataService - [ALGO] BID: price:91 quantity:300
13:00:20.393 [main] DEBUG c.service.MarketDataService - [ALGO] ASK: price:100 quantity:202
13:00:20.393 [main] DEBUG c.service.MarketDataService - [ALGO] ASK: price:110 quantity:200
13:00:20.393 [main] DEBUG c.service.MarketDataService - [ALGO] ASK: price:115 quantity:5000
13:00:20.393 [main] DEBUG c.service.MarketDataService - [ALGO] ASK: price:119 quantity:5600
13:00:20.393 [main] INFO  c.gettingstarted.MyAlgoLogic - [MYALGO] The state of the order book is:
|----BID-----||----ASK----|
3264100 @ 98   202 @ 100
    200 @ 95   200 @ 110
    300 @ 91  5000 @ 115
          -   5600 @ 119
|------------||-----------|

13:00:20.393 [main] INFO  c.gettingstarted.MyAlgoLogic - [MYALGO] Algo Sees Book as: 
|----BID-----||----ASK----|
3264100 @ 98   202 @ 100
    200 @ 95   200 @ 110
    300 @ 91  5000 @ 115
          -   5600 @ 119
|------------||-----------|

13:00:20.393 [main] INFO  c.gettingstarted.TimedLogic - [TIMEDLOGIC] Market is open
13:00:20.393 [main] INFO  c.gettingstarted.MyAlgoLogic - [MYALGO] Have:9 children, want 7, done.
13:00:20.393 [main] INFO  c.gettingstarted.MyAlgoLogic - [MYALGO] Active orders are 9
13:00:20.393 [main] INFO  c.gettingstarted.MyAlgoLogic - [MYALGO] Cancelling order:codingblackfemales.sotw.ChildOrder@8c3b9d
13:00:20.393 [main] INFO  c.gettingstarted.MyAlgoLogic - [MYALGO] Option is present, number of active orders are 9
13:00:20.393 [main] INFO  c.container.Actioner - [ALGO] Actioner, sending action:CancelChildOrder(codingblackfemales.sotw.ChildOrder@8c3b9d)
13:00:20.393 [main] INFO  c.sequencer.consumer.LoggingConsumer - [48] [CancelOrder](sbeTemplateId=5|sbeSchemaId=2|sbeSchemaVersion=0|sbeBlockLength=8):orderId=9
13:00:20.393 [main] INFO  c.orderbook.OrderBook - [ORDERBOOK] Cancelling order (id=:9)
13:00:20.393 [main] INFO  c.o.visitor.CancelOrderVisitor - [ORDERBOOK] Cancelling order: Limit(side=BUY,orderId=9,price=98,quantity=12800)
13:00:20.393 [main] DEBUG c.o.v.ReadOnlyMarketDataChannelPublishVisitor - Bid Side Size: 3
13:00:20.393 [main] DEBUG c.o.v.ReadOnlyMarketDataChannelPublishVisitor - Adding Mkt Data Msg BID: Price=98 Qty=3251300
13:00:20.393 [main] DEBUG c.o.v.ReadOnlyMarketDataChannelPublishVisitor - Adding Mkt Data Msg BID: Price=95 Qty=200
13:00:20.393 [main] DEBUG c.o.v.ReadOnlyMarketDataChannelPublishVisitor - Adding Mkt Data Msg BID: Price=91 Qty=300
13:00:20.393 [main] DEBUG c.o.v.ReadOnlyMarketDataChannelPublishVisitor - Ask Side Size: 4
13:00:20.393 [main] DEBUG c.o.v.ReadOnlyMarketDataChannelPublishVisitor - Adding Mkt Data Msg ASK: Price=100 Qty=202
13:00:20.393 [main] DEBUG c.o.v.ReadOnlyMarketDataChannelPublishVisitor - Adding Mkt Data Msg ASK: Price=110 Qty=200
13:00:20.393 [main] DEBUG c.o.v.ReadOnlyMarketDataChannelPublishVisitor - Adding Mkt Data Msg ASK: Price=115 Qty=5000
13:00:20.393 [main] DEBUG c.o.v.ReadOnlyMarketDataChannelPublishVisitor - Adding Mkt Data Msg ASK: Price=119 Qty=5600
13:00:20.393 [main] INFO  c.o.channel.MarketDataChannel - [ORDERBOOK] Sending market data update...
13:00:20.393 [main] INFO  c.sequencer.consumer.LoggingConsumer - [49] 
|----BID-----|
3251300 @ 98
    200 @ 95
    300 @ 91
|----ASK-----|
   202 @ 100
   200 @ 110
  5000 @ 115
  5600 @ 119

13:00:20.393 [main] DEBUG c.service.MarketDataService - [ALGO] BID: price:98 quantity:3251300
13:00:20.393 [main] DEBUG c.service.MarketDataService - [ALGO] BID: price:95 quantity:200
13:00:20.393 [main] DEBUG c.service.MarketDataService - [ALGO] BID: price:91 quantity:300
13:00:20.393 [main] DEBUG c.service.MarketDataService - [ALGO] ASK: price:100 quantity:202
13:00:20.393 [main] DEBUG c.service.MarketDataService - [ALGO] ASK: price:110 quantity:200
13:00:20.393 [main] DEBUG c.service.MarketDataService - [ALGO] ASK: price:115 quantity:5000
13:00:20.393 [main] DEBUG c.service.MarketDataService - [ALGO] ASK: price:119 quantity:5600
13:00:20.393 [main] INFO  c.gettingstarted.MyAlgoLogic - [MYALGO] The state of the order book is:
|----BID-----||----ASK----|
3251300 @ 98   202 @ 100
    200 @ 95   200 @ 110
    300 @ 91  5000 @ 115
          -   5600 @ 119
|------------||-----------|

13:00:20.393 [main] INFO  c.gettingstarted.MyAlgoLogic - [MYALGO] Algo Sees Book as: 
|----BID-----||----ASK----|
3251300 @ 98   202 @ 100
    200 @ 95   200 @ 110
    300 @ 91  5000 @ 115
          -   5600 @ 119
|------------||-----------|

13:00:20.393 [main] INFO  c.gettingstarted.TimedLogic - [TIMEDLOGIC] Market is open
13:00:20.393 [main] INFO  c.gettingstarted.MyAlgoLogic - [MYALGO] Have:8 children, want 7, done.
13:00:20.393 [main] INFO  c.gettingstarted.MyAlgoLogic - [MYALGO] Active orders are 8
13:00:20.393 [main] INFO  c.gettingstarted.MyAlgoLogic - [MYALGO] Cancelling order:codingblackfemales.sotw.ChildOrder@4c39bec8
13:00:20.393 [main] INFO  c.gettingstarted.MyAlgoLogic - [MYALGO] Option is present, number of active orders are 8
13:00:20.393 [main] INFO  c.container.Actioner - [ALGO] Actioner, sending action:CancelChildOrder(codingblackfemales.sotw.ChildOrder@4c39bec8)
13:00:20.393 [main] INFO  c.sequencer.consumer.LoggingConsumer - [50] [CancelOrder](sbeTemplateId=5|sbeSchemaId=2|sbeSchemaVersion=0|sbeBlockLength=8):orderId=10
13:00:20.393 [main] INFO  c.orderbook.OrderBook - [ORDERBOOK] Cancelling order (id=:10)
13:00:20.393 [main] INFO  c.o.visitor.CancelOrderVisitor - [ORDERBOOK] Cancelling order: Limit(side=BUY,orderId=10,price=98,quantity=25600)
13:00:20.393 [main] DEBUG c.o.v.ReadOnlyMarketDataChannelPublishVisitor - Bid Side Size: 3
13:00:20.393 [main] DEBUG c.o.v.ReadOnlyMarketDataChannelPublishVisitor - Adding Mkt Data Msg BID: Price=98 Qty=3225700
13:00:20.393 [main] DEBUG c.o.v.ReadOnlyMarketDataChannelPublishVisitor - Adding Mkt Data Msg BID: Price=95 Qty=200
13:00:20.393 [main] DEBUG c.o.v.ReadOnlyMarketDataChannelPublishVisitor - Adding Mkt Data Msg BID: Price=91 Qty=300
13:00:20.393 [main] DEBUG c.o.v.ReadOnlyMarketDataChannelPublishVisitor - Ask Side Size: 4
13:00:20.393 [main] DEBUG c.o.v.ReadOnlyMarketDataChannelPublishVisitor - Adding Mkt Data Msg ASK: Price=100 Qty=202
13:00:20.393 [main] DEBUG c.o.v.ReadOnlyMarketDataChannelPublishVisitor - Adding Mkt Data Msg ASK: Price=110 Qty=200
13:00:20.393 [main] DEBUG c.o.v.ReadOnlyMarketDataChannelPublishVisitor - Adding Mkt Data Msg ASK: Price=115 Qty=5000
13:00:20.393 [main] DEBUG c.o.v.ReadOnlyMarketDataChannelPublishVisitor - Adding Mkt Data Msg ASK: Price=119 Qty=5600
13:00:20.393 [main] INFO  c.o.channel.MarketDataChannel - [ORDERBOOK] Sending market data update...
13:00:20.393 [main] INFO  c.sequencer.consumer.LoggingConsumer - [51] 
|----BID-----|
3225700 @ 98
    200 @ 95
    300 @ 91
|----ASK-----|
   202 @ 100
   200 @ 110
  5000 @ 115
  5600 @ 119

13:00:20.393 [main] DEBUG c.service.MarketDataService - [ALGO] BID: price:98 quantity:3225700
13:00:20.393 [main] DEBUG c.service.MarketDataService - [ALGO] BID: price:95 quantity:200
13:00:20.393 [main] DEBUG c.service.MarketDataService - [ALGO] BID: price:91 quantity:300
13:00:20.393 [main] DEBUG c.service.MarketDataService - [ALGO] ASK: price:100 quantity:202
13:00:20.393 [main] DEBUG c.service.MarketDataService - [ALGO] ASK: price:110 quantity:200
13:00:20.393 [main] DEBUG c.service.MarketDataService - [ALGO] ASK: price:115 quantity:5000
13:00:20.393 [main] DEBUG c.service.MarketDataService - [ALGO] ASK: price:119 quantity:5600
13:00:20.393 [main] INFO  c.gettingstarted.MyAlgoLogic - [MYALGO] The state of the order book is:
|----BID-----||----ASK----|
3225700 @ 98   202 @ 100
    200 @ 95   200 @ 110
    300 @ 91  5000 @ 115
          -   5600 @ 119
|------------||-----------|

13:00:20.393 [main] INFO  c.gettingstarted.MyAlgoLogic - [MYALGO] Algo Sees Book as: 
|----BID-----||----ASK----|
3225700 @ 98   202 @ 100
    200 @ 95   200 @ 110
    300 @ 91  5000 @ 115
          -   5600 @ 119
|------------||-----------|

13:00:20.393 [main] INFO  c.gettingstarted.TimedLogic - [TIMEDLOGIC] Market is open
13:00:20.393 [main] INFO  c.gettingstarted.MyAlgoLogic - [MYALGO] Have:7 children, want 7, done.
13:00:20.393 [main] INFO  c.gettingstarted.MyAlgoLogic - [MYALGO] Active orders are 7
13:00:20.393 [main] INFO  c.gettingstarted.MyAlgoLogic - [MYALGO] Cancelling order:codingblackfemales.sotw.ChildOrder@f79e
13:00:20.393 [main] INFO  c.gettingstarted.MyAlgoLogic - [MYALGO] Option is present, number of active orders are 7
13:00:20.393 [main] INFO  c.container.Actioner - [ALGO] Actioner, sending action:CancelChildOrder(codingblackfemales.sotw.ChildOrder@f79e)
13:00:20.393 [main] INFO  c.sequencer.consumer.LoggingConsumer - [52] [CancelOrder](sbeTemplateId=5|sbeSchemaId=2|sbeSchemaVersion=0|sbeBlockLength=8):orderId=11
13:00:20.393 [main] INFO  c.orderbook.OrderBook - [ORDERBOOK] Cancelling order (id=:11)
13:00:20.393 [main] INFO  c.o.visitor.CancelOrderVisitor - [ORDERBOOK] Cancelling order: Limit(side=BUY,orderId=11,price=98,quantity=51200)
13:00:20.393 [main] DEBUG c.o.v.ReadOnlyMarketDataChannelPublishVisitor - Bid Side Size: 3
13:00:20.393 [main] DEBUG c.o.v.ReadOnlyMarketDataChannelPublishVisitor - Adding Mkt Data Msg BID: Price=98 Qty=3174500
13:00:20.393 [main] DEBUG c.o.v.ReadOnlyMarketDataChannelPublishVisitor - Adding Mkt Data Msg BID: Price=95 Qty=200
13:00:20.393 [main] DEBUG c.o.v.ReadOnlyMarketDataChannelPublishVisitor - Adding Mkt Data Msg BID: Price=91 Qty=300
13:00:20.393 [main] DEBUG c.o.v.ReadOnlyMarketDataChannelPublishVisitor - Ask Side Size: 4
13:00:20.393 [main] DEBUG c.o.v.ReadOnlyMarketDataChannelPublishVisitor - Adding Mkt Data Msg ASK: Price=100 Qty=202
13:00:20.393 [main] DEBUG c.o.v.ReadOnlyMarketDataChannelPublishVisitor - Adding Mkt Data Msg ASK: Price=110 Qty=200
13:00:20.393 [main] DEBUG c.o.v.ReadOnlyMarketDataChannelPublishVisitor - Adding Mkt Data Msg ASK: Price=115 Qty=5000
13:00:20.393 [main] DEBUG c.o.v.ReadOnlyMarketDataChannelPublishVisitor - Adding Mkt Data Msg ASK: Price=119 Qty=5600
13:00:20.393 [main] INFO  c.o.channel.MarketDataChannel - [ORDERBOOK] Sending market data update...
13:00:20.393 [main] INFO  c.sequencer.consumer.LoggingConsumer - [53] 
|----BID-----|
3174500 @ 98
    200 @ 95
    300 @ 91
|----ASK-----|
   202 @ 100
   200 @ 110
  5000 @ 115
  5600 @ 119

13:00:20.393 [main] DEBUG c.service.MarketDataService - [ALGO] BID: price:98 quantity:3174500
13:00:20.393 [main] DEBUG c.service.MarketDataService - [ALGO] BID: price:95 quantity:200
13:00:20.393 [main] DEBUG c.service.MarketDataService - [ALGO] BID: price:91 quantity:300
13:00:20.393 [main] DEBUG c.service.MarketDataService - [ALGO] ASK: price:100 quantity:202
13:00:20.393 [main] DEBUG c.service.MarketDataService - [ALGO] ASK: price:110 quantity:200
13:00:20.393 [main] DEBUG c.service.MarketDataService - [ALGO] ASK: price:115 quantity:5000
13:00:20.393 [main] DEBUG c.service.MarketDataService - [ALGO] ASK: price:119 quantity:5600
13:00:20.393 [main] INFO  c.gettingstarted.MyAlgoLogic - [MYALGO] The state of the order book is:
|----BID-----||----ASK----|
3174500 @ 98   202 @ 100
    200 @ 95   200 @ 110
    300 @ 91  5000 @ 115
          -   5600 @ 119
|------------||-----------|

13:00:20.393 [main] INFO  c.gettingstarted.MyAlgoLogic - [MYALGO] Algo Sees Book as: 
|----BID-----||----ASK----|
3174500 @ 98   202 @ 100
    200 @ 95   200 @ 110
    300 @ 91  5000 @ 115
          -   5600 @ 119
|------------||-----------|

13:00:20.393 [main] INFO  c.gettingstarted.TimedLogic - [TIMEDLOGIC] Market is open
13:00:20.393 [main] INFO  c.sequencer.consumer.LoggingConsumer - [54] 
|----BID-----|
    100 @ 95
    200 @ 93
    300 @ 91
|----ASK-----|
    501 @ 98
   200 @ 101
  5000 @ 110
  5600 @ 119

13:00:20.393 [main] INFO  c.orderbook.OrderBook - [ORDERBOOK] Processing Mkt Data Update
13:00:20.393 [main] INFO  c.o.v.MutatingRemoveAllMarketDataOrdersVisitor - [ORDERBOOK] Removing market data order:MktData(price=98,quantity=100)
13:00:20.393 [main] INFO  c.o.v.MutatingRemoveAllMarketDataOrdersVisitor - [ORDERBOOK] Removing market data order:MktData(price=95,quantity=200)
13:00:20.393 [main] INFO  c.o.v.MutatingRemoveAllMarketDataOrdersVisitor - [ORDERBOOK] Removing level:95
13:00:20.393 [main] INFO  c.o.v.MutatingRemoveAllMarketDataOrdersVisitor - [ORDERBOOK] Removing market data order:MktData(price=91,quantity=300)
13:00:20.393 [main] INFO  c.o.v.MutatingRemoveAllMarketDataOrdersVisitor - [ORDERBOOK] Removing level:91
13:00:20.393 [main] DEBUG c.orderbook.OrderBook - [ORDERBOOK] ASK: Adding orderMktData(price=95,quantity=100)
13:00:20.393 [main] DEBUG c.orderbook.OrderBook - [ORDERBOOK] ASK: Adding orderMktData(price=93,quantity=200)
13:00:20.393 [main] DEBUG c.orderbook.OrderBook - [ORDERBOOK] ASK: Adding orderMktData(price=91,quantity=300)
13:00:20.393 [main] INFO  c.o.v.MutatingRemoveAllMarketDataOrdersVisitor - [ORDERBOOK] Removing market data order:MktData(price=100,quantity=101)
13:00:20.393 [main] INFO  c.o.v.MutatingRemoveAllMarketDataOrdersVisitor - [ORDERBOOK] Removing market data order:MktData(price=110,quantity=200)
13:00:20.393 [main] INFO  c.o.v.MutatingRemoveAllMarketDataOrdersVisitor - [ORDERBOOK] Removing level:110
13:00:20.393 [main] INFO  c.o.v.MutatingRemoveAllMarketDataOrdersVisitor - [ORDERBOOK] Removing market data order:MktData(price=115,quantity=5000)
13:00:20.393 [main] INFO  c.o.v.MutatingRemoveAllMarketDataOrdersVisitor - [ORDERBOOK] Removing level:115
13:00:20.393 [main] INFO  c.o.v.MutatingRemoveAllMarketDataOrdersVisitor - [ORDERBOOK] Removing market data order:MktData(price=119,quantity=5600)
13:00:20.393 [main] INFO  c.o.v.MutatingRemoveAllMarketDataOrdersVisitor - [ORDERBOOK] Removing level:119
13:00:20.393 [main] DEBUG c.orderbook.OrderBook - [ORDERBOOK] ASK: Adding orderMktData(price=98,quantity=501)
13:00:20.393 [main] INFO  c.o.v.MutatingMatchOneMarketDataOrderVisitor - [ORDERBOOK] visiting LevelOrderBookLevel(price=98,quantity=3174500)
13:00:20.393 [main] INFO  c.o.v.MutatingMatchOneMarketDataOrderVisitor - [ORDERBOOK] Have found order we can match:Limit(side=BUY,orderId=3,price=98,quantity=200)(MktData(price=98,quantity=501))
13:00:20.393 [main] INFO  c.o.v.MutatingMatchOneMarketDataOrderVisitor - Filled:200@98
13:00:20.393 [main] INFO  c.o.v.MutatingMatchOneMarketDataOrderVisitor - [ORDERBOOK] Filled 200@98 for order:Limit(side=BUY,orderId=3,price=98,quantity=200)
13:00:20.393 [main] INFO  c.orderbook.channel.OrderChannel - [ORDERBOOK] publishing fill to stream: [FillOrder](sbeTemplateId=10|sbeSchemaId=2|sbeSchemaVersion=0|sbeBlockLength=24):orderId=3|quantity=200|price=98
13:00:20.393 [main] INFO  c.sequencer.consumer.LoggingConsumer - [55] [FillOrder](sbeTemplateId=10|sbeSchemaId=2|sbeSchemaVersion=0|sbeBlockLength=24):orderId=3|quantity=200|price=98
13:00:20.393 [main] INFO  c.gettingstarted.MyAlgoLogic - [MYALGO] The state of the order book is:
|----BID-----||----ASK----|
3174500 @ 98   202 @ 100
    200 @ 95   200 @ 110
    300 @ 91  5000 @ 115
          -   5600 @ 119
|------------||-----------|

13:00:20.393 [main] INFO  c.gettingstarted.MyAlgoLogic - [MYALGO] Algo Sees Book as: 
|----BID-----||----ASK----|
3174500 @ 98   202 @ 100
    200 @ 95   200 @ 110
    300 @ 91  5000 @ 115
          -   5600 @ 119
|------------||-----------|

13:00:20.393 [main] INFO  c.gettingstarted.TimedLogic - [TIMEDLOGIC] Market is open
13:00:20.393 [main] INFO  c.o.v.MutatingMatchOneMarketDataOrderVisitor - [ORDERBOOK] Have found order we can match:Limit(side=BUY,orderId=5,price=98,quantity=800)(MktData(price=98,quantity=501))
13:00:20.393 [main] INFO  c.o.v.MutatingMatchOneMarketDataOrderVisitor - Filled:301@98
13:00:20.393 [main] INFO  c.o.v.MutatingMatchOneMarketDataOrderVisitor - [ORDERBOOK] Filled 301@98 for order:Limit(side=BUY,orderId=5,price=98,quantity=499)
13:00:20.393 [main] INFO  c.orderbook.channel.OrderChannel - [ORDERBOOK] publishing fill to stream: [FillOrder](sbeTemplateId=10|sbeSchemaId=2|sbeSchemaVersion=0|sbeBlockLength=24):orderId=5|quantity=301|price=98
13:00:20.393 [main] INFO  c.sequencer.consumer.LoggingConsumer - [56] [FillOrder](sbeTemplateId=10|sbeSchemaId=2|sbeSchemaVersion=0|sbeBlockLength=24):orderId=5|quantity=301|price=98
13:00:20.393 [main] INFO  c.gettingstarted.MyAlgoLogic - [MYALGO] The state of the order book is:
|----BID-----||----ASK----|
3174500 @ 98   202 @ 100
    200 @ 95   200 @ 110
    300 @ 91  5000 @ 115
          -   5600 @ 119
|------------||-----------|

13:00:20.393 [main] INFO  c.gettingstarted.MyAlgoLogic - [MYALGO] Algo Sees Book as: 
|----BID-----||----ASK----|
3174500 @ 98   202 @ 100
    200 @ 95   200 @ 110
    300 @ 91  5000 @ 115
          -   5600 @ 119
|------------||-----------|

13:00:20.393 [main] INFO  c.gettingstarted.TimedLogic - [TIMEDLOGIC] Market is open
13:00:20.393 [main] INFO  c.o.v.MutatingMatchOneMarketDataOrderVisitor - [ORDERBOOK] Have found order we can match:Limit(side=BUY,orderId=7,price=98,quantity=3200)(MktData(price=98,quantity=501))
13:00:20.393 [main] INFO  c.o.v.MutatingMatchOneMarketDataOrderVisitor - Filled:0@98
13:00:20.393 [main] INFO  c.o.v.MutatingMatchOneMarketDataOrderVisitor - [ORDERBOOK] Filled 0@98 for order:Limit(side=BUY,orderId=7,price=98,quantity=3200)
13:00:20.393 [main] INFO  c.orderbook.channel.OrderChannel - [ORDERBOOK] publishing fill to stream: [FillOrder](sbeTemplateId=10|sbeSchemaId=2|sbeSchemaVersion=0|sbeBlockLength=24):orderId=7|quantity=0|price=98
13:00:20.393 [main] INFO  c.sequencer.consumer.LoggingConsumer - [57] [FillOrder](sbeTemplateId=10|sbeSchemaId=2|sbeSchemaVersion=0|sbeBlockLength=24):orderId=7|quantity=0|price=98
13:00:20.393 [main] INFO  c.gettingstarted.MyAlgoLogic - [MYALGO] The state of the order book is:
|----BID-----||----ASK----|
3174500 @ 98   202 @ 100
    200 @ 95   200 @ 110
    300 @ 91  5000 @ 115
          -   5600 @ 119
|------------||-----------|

13:00:20.393 [main] INFO  c.gettingstarted.MyAlgoLogic - [MYALGO] Algo Sees Book as: 
|----BID-----||----ASK----|
3174500 @ 98   202 @ 100
    200 @ 95   200 @ 110
    300 @ 91  5000 @ 115
          -   5600 @ 119
|------------||-----------|

13:00:20.393 [main] INFO  c.gettingstarted.TimedLogic - [TIMEDLOGIC] Market is open
13:00:20.393 [main] INFO  c.o.v.MutatingMatchOneMarketDataOrderVisitor - [ORDERBOOK] Have found order we can match:Limit(side=BUY,orderId=9,price=98,quantity=12800)(MktData(price=98,quantity=501))
13:00:20.393 [main] INFO  c.o.v.MutatingMatchOneMarketDataOrderVisitor - Filled:0@98
13:00:20.393 [main] INFO  c.o.v.MutatingMatchOneMarketDataOrderVisitor - [ORDERBOOK] Filled 0@98 for order:Limit(side=BUY,orderId=9,price=98,quantity=12800)
13:00:20.393 [main] INFO  c.orderbook.channel.OrderChannel - [ORDERBOOK] publishing fill to stream: [FillOrder](sbeTemplateId=10|sbeSchemaId=2|sbeSchemaVersion=0|sbeBlockLength=24):orderId=9|quantity=0|price=98
13:00:20.393 [main] INFO  c.sequencer.consumer.LoggingConsumer - [58] [FillOrder](sbeTemplateId=10|sbeSchemaId=2|sbeSchemaVersion=0|sbeBlockLength=24):orderId=9|quantity=0|price=98
13:00:20.393 [main] INFO  c.gettingstarted.MyAlgoLogic - [MYALGO] The state of the order book is:
|----BID-----||----ASK----|
3174500 @ 98   202 @ 100
    200 @ 95   200 @ 110
    300 @ 91  5000 @ 115
          -   5600 @ 119
|------------||-----------|

13:00:20.393 [main] INFO  c.gettingstarted.MyAlgoLogic - [MYALGO] Algo Sees Book as: 
|----BID-----||----ASK----|
3174500 @ 98   202 @ 100
    200 @ 95   200 @ 110
    300 @ 91  5000 @ 115
          -   5600 @ 119
|------------||-----------|

13:00:20.393 [main] INFO  c.gettingstarted.TimedLogic - [TIMEDLOGIC] Market is open
13:00:20.393 [main] INFO  c.o.v.MutatingMatchOneMarketDataOrderVisitor - [ORDERBOOK] Have found order we can match:Limit(side=BUY,orderId=11,price=98,quantity=51200)(MktData(price=98,quantity=501))
13:00:20.393 [main] INFO  c.o.v.MutatingMatchOneMarketDataOrderVisitor - Filled:0@98
13:00:20.393 [main] INFO  c.o.v.MutatingMatchOneMarketDataOrderVisitor - [ORDERBOOK] Filled 0@98 for order:Limit(side=BUY,orderId=11,price=98,quantity=51200)
13:00:20.393 [main] INFO  c.orderbook.channel.OrderChannel - [ORDERBOOK] publishing fill to stream: [FillOrder](sbeTemplateId=10|sbeSchemaId=2|sbeSchemaVersion=0|sbeBlockLength=24):orderId=11|quantity=0|price=98
13:00:20.393 [main] INFO  c.sequencer.consumer.LoggingConsumer - [59] [FillOrder](sbeTemplateId=10|sbeSchemaId=2|sbeSchemaVersion=0|sbeBlockLength=24):orderId=11|quantity=0|price=98
13:00:20.393 [main] INFO  c.gettingstarted.MyAlgoLogic - [MYALGO] The state of the order book is:
|----BID-----||----ASK----|
3174500 @ 98   202 @ 100
    200 @ 95   200 @ 110
    300 @ 91  5000 @ 115
          -   5600 @ 119
|------------||-----------|

13:00:20.393 [main] INFO  c.gettingstarted.MyAlgoLogic - [MYALGO] Algo Sees Book as: 
|----BID-----||----ASK----|
3174500 @ 98   202 @ 100
    200 @ 95   200 @ 110
    300 @ 91  5000 @ 115
          -   5600 @ 119
|------------||-----------|

13:00:20.393 [main] INFO  c.gettingstarted.TimedLogic - [TIMEDLOGIC] Market is open
13:00:20.393 [main] INFO  c.o.v.MutatingMatchOneMarketDataOrderVisitor - [ORDERBOOK] Have found order we can match:Limit(side=BUY,orderId=12,price=98,quantity=102400)(MktData(price=98,quantity=501))
13:00:20.393 [main] INFO  c.o.v.MutatingMatchOneMarketDataOrderVisitor - Filled:0@98
13:00:20.393 [main] INFO  c.o.v.MutatingMatchOneMarketDataOrderVisitor - [ORDERBOOK] Filled 0@98 for order:Limit(side=BUY,orderId=12,price=98,quantity=102400)
13:00:20.393 [main] INFO  c.orderbook.channel.OrderChannel - [ORDERBOOK] publishing fill to stream: [FillOrder](sbeTemplateId=10|sbeSchemaId=2|sbeSchemaVersion=0|sbeBlockLength=24):orderId=12|quantity=0|price=98
13:00:20.393 [main] INFO  c.sequencer.consumer.LoggingConsumer - [60] [FillOrder](sbeTemplateId=10|sbeSchemaId=2|sbeSchemaVersion=0|sbeBlockLength=24):orderId=12|quantity=0|price=98
13:00:20.393 [main] INFO  c.gettingstarted.MyAlgoLogic - [MYALGO] The state of the order book is:
|----BID-----||----ASK----|
3174500 @ 98   202 @ 100
    200 @ 95   200 @ 110
    300 @ 91  5000 @ 115
          -   5600 @ 119
|------------||-----------|

13:00:20.393 [main] INFO  c.gettingstarted.MyAlgoLogic - [MYALGO] Algo Sees Book as: 
|----BID-----||----ASK----|
3174500 @ 98   202 @ 100
    200 @ 95   200 @ 110
    300 @ 91  5000 @ 115
          -   5600 @ 119
|------------||-----------|

13:00:20.393 [main] INFO  c.gettingstarted.TimedLogic - [TIMEDLOGIC] Market is open
13:00:20.393 [main] INFO  c.o.v.MutatingMatchOneMarketDataOrderVisitor - [ORDERBOOK] Have found order we can match:Limit(side=BUY,orderId=13,price=98,quantity=204800)(MktData(price=98,quantity=501))
13:00:20.393 [main] INFO  c.o.v.MutatingMatchOneMarketDataOrderVisitor - Filled:0@98
13:00:20.393 [main] INFO  c.o.v.MutatingMatchOneMarketDataOrderVisitor - [ORDERBOOK] Filled 0@98 for order:Limit(side=BUY,orderId=13,price=98,quantity=204800)
13:00:20.393 [main] INFO  c.orderbook.channel.OrderChannel - [ORDERBOOK] publishing fill to stream: [FillOrder](sbeTemplateId=10|sbeSchemaId=2|sbeSchemaVersion=0|sbeBlockLength=24):orderId=13|quantity=0|price=98
13:00:20.393 [main] INFO  c.sequencer.consumer.LoggingConsumer - [61] [FillOrder](sbeTemplateId=10|sbeSchemaId=2|sbeSchemaVersion=0|sbeBlockLength=24):orderId=13|quantity=0|price=98
13:00:20.393 [main] INFO  c.gettingstarted.MyAlgoLogic - [MYALGO] The state of the order book is:
|----BID-----||----ASK----|
3174500 @ 98   202 @ 100
    200 @ 95   200 @ 110
    300 @ 91  5000 @ 115
          -   5600 @ 119
|------------||-----------|

13:00:20.393 [main] INFO  c.gettingstarted.MyAlgoLogic - [MYALGO] Algo Sees Book as: 
|----BID-----||----ASK----|
3174500 @ 98   202 @ 100
    200 @ 95   200 @ 110
    300 @ 91  5000 @ 115
          -   5600 @ 119
|------------||-----------|

13:00:20.393 [main] INFO  c.gettingstarted.TimedLogic - [TIMEDLOGIC] Market is open
13:00:20.393 [main] INFO  c.o.v.MutatingMatchOneMarketDataOrderVisitor - [ORDERBOOK] Have found order we can match:Limit(side=BUY,orderId=14,price=98,quantity=409600)(MktData(price=98,quantity=501))
13:00:20.393 [main] INFO  c.o.v.MutatingMatchOneMarketDataOrderVisitor - Filled:0@98
13:00:20.393 [main] INFO  c.o.v.MutatingMatchOneMarketDataOrderVisitor - [ORDERBOOK] Filled 0@98 for order:Limit(side=BUY,orderId=14,price=98,quantity=409600)
13:00:20.393 [main] INFO  c.orderbook.channel.OrderChannel - [ORDERBOOK] publishing fill to stream: [FillOrder](sbeTemplateId=10|sbeSchemaId=2|sbeSchemaVersion=0|sbeBlockLength=24):orderId=14|quantity=0|price=98
13:00:20.393 [main] INFO  c.sequencer.consumer.LoggingConsumer - [62] [FillOrder](sbeTemplateId=10|sbeSchemaId=2|sbeSchemaVersion=0|sbeBlockLength=24):orderId=14|quantity=0|price=98
13:00:20.393 [main] INFO  c.gettingstarted.MyAlgoLogic - [MYALGO] The state of the order book is:
|----BID-----||----ASK----|
3174500 @ 98   202 @ 100
    200 @ 95   200 @ 110
    300 @ 91  5000 @ 115
          -   5600 @ 119
|------------||-----------|

13:00:20.393 [main] INFO  c.gettingstarted.MyAlgoLogic - [MYALGO] Algo Sees Book as: 
|----BID-----||----ASK----|
3174500 @ 98   202 @ 100
    200 @ 95   200 @ 110
    300 @ 91  5000 @ 115
          -   5600 @ 119
|------------||-----------|

13:00:20.393 [main] INFO  c.gettingstarted.TimedLogic - [TIMEDLOGIC] Market is open
13:00:20.393 [main] INFO  c.o.v.MutatingMatchOneMarketDataOrderVisitor - [ORDERBOOK] Have found order we can match:Limit(side=BUY,orderId=15,price=98,quantity=819200)(MktData(price=98,quantity=501))
13:00:20.393 [main] INFO  c.o.v.MutatingMatchOneMarketDataOrderVisitor - Filled:0@98
13:00:20.393 [main] INFO  c.o.v.MutatingMatchOneMarketDataOrderVisitor - [ORDERBOOK] Filled 0@98 for order:Limit(side=BUY,orderId=15,price=98,quantity=819200)
13:00:20.393 [main] INFO  c.orderbook.channel.OrderChannel - [ORDERBOOK] publishing fill to stream: [FillOrder](sbeTemplateId=10|sbeSchemaId=2|sbeSchemaVersion=0|sbeBlockLength=24):orderId=15|quantity=0|price=98
13:00:20.393 [main] INFO  c.sequencer.consumer.LoggingConsumer - [63] [FillOrder](sbeTemplateId=10|sbeSchemaId=2|sbeSchemaVersion=0|sbeBlockLength=24):orderId=15|quantity=0|price=98
13:00:20.393 [main] INFO  c.gettingstarted.MyAlgoLogic - [MYALGO] The state of the order book is:
|----BID-----||----ASK----|
3174500 @ 98   202 @ 100
    200 @ 95   200 @ 110
    300 @ 91  5000 @ 115
          -   5600 @ 119
|------------||-----------|

13:00:20.393 [main] INFO  c.gettingstarted.MyAlgoLogic - [MYALGO] Algo Sees Book as: 
|----BID-----||----ASK----|
3174500 @ 98   202 @ 100
    200 @ 95   200 @ 110
    300 @ 91  5000 @ 115
          -   5600 @ 119
|------------||-----------|

13:00:20.393 [main] INFO  c.gettingstarted.TimedLogic - [TIMEDLOGIC] Market is open
13:00:20.393 [main] INFO  c.o.v.MutatingMatchOneMarketDataOrderVisitor - [ORDERBOOK] Have found order we can match:Limit(side=BUY,orderId=16,price=98,quantity=1638400)(MktData(price=98,quantity=501))
13:00:20.393 [main] INFO  c.o.v.MutatingMatchOneMarketDataOrderVisitor - Filled:0@98
13:00:20.393 [main] INFO  c.o.v.MutatingMatchOneMarketDataOrderVisitor - [ORDERBOOK] Filled 0@98 for order:Limit(side=BUY,orderId=16,price=98,quantity=1638400)
13:00:20.393 [main] INFO  c.orderbook.channel.OrderChannel - [ORDERBOOK] publishing fill to stream: [FillOrder](sbeTemplateId=10|sbeSchemaId=2|sbeSchemaVersion=0|sbeBlockLength=24):orderId=16|quantity=0|price=98
13:00:20.393 [main] INFO  c.sequencer.consumer.LoggingConsumer - [64] [FillOrder](sbeTemplateId=10|sbeSchemaId=2|sbeSchemaVersion=0|sbeBlockLength=24):orderId=16|quantity=0|price=98
13:00:20.393 [main] INFO  c.gettingstarted.MyAlgoLogic - [MYALGO] The state of the order book is:
|----BID-----||----ASK----|
3174500 @ 98   202 @ 100
    200 @ 95   200 @ 110
    300 @ 91  5000 @ 115
          -   5600 @ 119
|------------||-----------|

13:00:20.393 [main] INFO  c.gettingstarted.MyAlgoLogic - [MYALGO] Algo Sees Book as: 
|----BID-----||----ASK----|
3174500 @ 98   202 @ 100
    200 @ 95   200 @ 110
    300 @ 91  5000 @ 115
          -   5600 @ 119
|------------||-----------|

13:00:20.393 [main] INFO  c.gettingstarted.TimedLogic - [TIMEDLOGIC] Market is open
13:00:20.393 [main] INFO  c.o.v.MutatingMatchOneMarketDataOrderVisitor - [ORDERBOOK] visiting LevelOrderBookLevel(price=91,quantity=600)
13:00:20.393 [main] INFO  c.o.v.MutatingMatchOneMarketDataOrderVisitor - [ORDERBOOK] Can't match order:MktData(price=91,quantity=300)(MktData(price=98,quantity=501))
13:00:20.393 [main] DEBUG c.orderbook.OrderBook - [ORDERBOOK] ASK: Adding orderMktData(price=101,quantity=200)
13:00:20.393 [main] DEBUG c.orderbook.OrderBook - [ORDERBOOK] ASK: Adding orderMktData(price=110,quantity=5000)
13:00:20.393 [main] DEBUG c.orderbook.OrderBook - [ORDERBOOK] ASK: Adding orderMktData(price=119,quantity=5600)
13:00:20.393 [main] DEBUG c.service.MarketDataService - [ALGO] BID: price:95 quantity:100
13:00:20.393 [main] DEBUG c.service.MarketDataService - [ALGO] BID: price:93 quantity:200
13:00:20.393 [main] DEBUG c.service.MarketDataService - [ALGO] BID: price:91 quantity:300
13:00:20.393 [main] DEBUG c.service.MarketDataService - [ALGO] ASK: price:98 quantity:501
13:00:20.393 [main] DEBUG c.service.MarketDataService - [ALGO] ASK: price:101 quantity:200
13:00:20.393 [main] DEBUG c.service.MarketDataService - [ALGO] ASK: price:110 quantity:5000
13:00:20.393 [main] DEBUG c.service.MarketDataService - [ALGO] ASK: price:119 quantity:5600
13:00:20.393 [main] INFO  c.gettingstarted.MyAlgoLogic - [MYALGO] The state of the order book is:
|----BID-----||----ASK----|
    100 @ 95    501 @ 98
    200 @ 93   200 @ 101
    300 @ 91  5000 @ 110
          -   5600 @ 119
|------------||-----------|

13:00:20.393 [main] INFO  c.gettingstarted.MyAlgoLogic - [MYALGO] Algo Sees Book as: 
|----BID-----||----ASK----|
    100 @ 95    501 @ 98
    200 @ 93   200 @ 101
    300 @ 91  5000 @ 110
          -   5600 @ 119
|------------||-----------|

13:00:20.393 [main] INFO  c.gettingstarted.TimedLogic - [TIMEDLOGIC] Market is open
]]></system-out>
  </testcase>
  <testcase name="testOrderPlacement" classname="codingblackfemales.gettingstarted.MyAlgoBackTest" time="0.031">
    <system-out><![CDATA[13:00:20.409 [main] INFO  c.sequencer.consumer.LoggingConsumer - [1] 
|----BID-----|
    154 @ 98
|----ASK-----|
   453 @ 123

13:00:20.409 [main] INFO  c.orderbook.OrderBook - [ORDERBOOK] Processing Mkt Data Update
13:00:20.409 [main] DEBUG c.orderbook.OrderBook - [ORDERBOOK] ASK: Adding orderMktData(price=98,quantity=154)
13:00:20.409 [main] DEBUG c.orderbook.OrderBook - [ORDERBOOK] ASK: Adding orderMktData(price=123,quantity=453)
13:00:20.409 [main] DEBUG c.service.MarketDataService - [ALGO] BID: price:98 quantity:154
13:00:20.409 [main] DEBUG c.service.MarketDataService - [ALGO] ASK: price:123 quantity:453
13:00:20.409 [main] INFO  c.gettingstarted.MyAlgoLogic - [MYALGO] The state of the order book is:
|----BID-----||----ASK----|
    154 @ 98   453 @ 123
|------------||-----------|

13:00:20.409 [main] INFO  c.gettingstarted.MyAlgoLogic - [MYALGO] Algo Sees Book as: 
|----BID-----||----ASK----|
    154 @ 98   453 @ 123
|------------||-----------|

13:00:20.409 [main] INFO  c.gettingstarted.TimedLogic - [TIMEDLOGIC] Market is open
13:00:20.409 [main] INFO  c.gettingstarted.MyAlgoLogic - [MYALGO] Aftr buy orders0
13:00:20.409 [main] INFO  c.gettingstarted.MyAlgoLogic - [MYALGO] After Buy total orders0
13:00:20.409 [main] INFO  c.container.Actioner - [ALGO] Actioner, sending action:CreateChildOrder(side=BUY,quantity=154,price=98)
13:00:20.409 [main] INFO  c.sequencer.consumer.LoggingConsumer - [2] [CreateOrder](sbeTemplateId=4|sbeSchemaId=2|sbeSchemaVersion=0|sbeBlockLength=33):instrumentId=0|price=98|quantity=154|side=BUY|orderId=2
13:00:20.409 [main] INFO  c.orderbook.OrderBook - [ORDERBOOK] Adding passive limit order to BID bookLimit(side=BUY,orderId=2,price=98,quantity=154)
13:00:20.409 [main] INFO  c.o.visitor.MutatingAddOrderVisitor - [ORDERBOOK] + MktData(price=98,quantity=154)
13:00:20.409 [main] DEBUG c.o.v.ReadOnlyMarketDataChannelPublishVisitor - Bid Side Size: 1
13:00:20.409 [main] DEBUG c.o.v.ReadOnlyMarketDataChannelPublishVisitor - Adding Mkt Data Msg BID: Price=98 Qty=308
13:00:20.409 [main] DEBUG c.o.v.ReadOnlyMarketDataChannelPublishVisitor - Ask Side Size: 1
13:00:20.409 [main] DEBUG c.o.v.ReadOnlyMarketDataChannelPublishVisitor - Adding Mkt Data Msg ASK: Price=123 Qty=453
13:00:20.409 [main] INFO  c.o.channel.MarketDataChannel - [ORDERBOOK] Sending market data update...
13:00:20.409 [main] INFO  c.sequencer.consumer.LoggingConsumer - [3] 
|----BID-----|
    308 @ 98
|----ASK-----|
   453 @ 123

13:00:20.409 [main] DEBUG c.service.MarketDataService - [ALGO] BID: price:98 quantity:308
13:00:20.409 [main] DEBUG c.service.MarketDataService - [ALGO] ASK: price:123 quantity:453
13:00:20.409 [main] INFO  c.gettingstarted.MyAlgoLogic - [MYALGO] The state of the order book is:
|----BID-----||----ASK----|
    308 @ 98   453 @ 123
|------------||-----------|

13:00:20.409 [main] INFO  c.gettingstarted.MyAlgoLogic - [MYALGO] Algo Sees Book as: 
|----BID-----||----ASK----|
    308 @ 98   453 @ 123
|------------||-----------|

13:00:20.409 [main] INFO  c.gettingstarted.TimedLogic - [TIMEDLOGIC] Market is open
13:00:20.409 [main] INFO  c.gettingstarted.MyAlgoLogic - [MYALGO] Aftr buy orders1
13:00:20.409 [main] INFO  c.gettingstarted.MyAlgoLogic - [MYALGO] After Buy total orders1
13:00:20.409 [main] INFO  c.container.Actioner - [ALGO] Actioner, sending action:CreateChildOrder(side=BUY,quantity=308,price=98)
13:00:20.409 [main] INFO  c.sequencer.consumer.LoggingConsumer - [4] [CreateOrder](sbeTemplateId=4|sbeSchemaId=2|sbeSchemaVersion=0|sbeBlockLength=33):instrumentId=0|price=98|quantity=308|side=BUY|orderId=3
13:00:20.409 [main] INFO  c.orderbook.OrderBook - [ORDERBOOK] Adding passive limit order to BID bookLimit(side=BUY,orderId=3,price=98,quantity=308)
13:00:20.409 [main] INFO  c.o.visitor.MutatingAddOrderVisitor - [ORDERBOOK] + Limit(side=BUY,orderId=2,price=98,quantity=154)
13:00:20.409 [main] DEBUG c.o.v.ReadOnlyMarketDataChannelPublishVisitor - Bid Side Size: 1
13:00:20.409 [main] DEBUG c.o.v.ReadOnlyMarketDataChannelPublishVisitor - Adding Mkt Data Msg BID: Price=98 Qty=616
13:00:20.409 [main] DEBUG c.o.v.ReadOnlyMarketDataChannelPublishVisitor - Ask Side Size: 1
13:00:20.409 [main] DEBUG c.o.v.ReadOnlyMarketDataChannelPublishVisitor - Adding Mkt Data Msg ASK: Price=123 Qty=453
13:00:20.409 [main] INFO  c.o.channel.MarketDataChannel - [ORDERBOOK] Sending market data update...
13:00:20.409 [main] INFO  c.sequencer.consumer.LoggingConsumer - [5] 
|----BID-----|
    616 @ 98
|----ASK-----|
   453 @ 123

13:00:20.409 [main] DEBUG c.service.MarketDataService - [ALGO] BID: price:98 quantity:616
13:00:20.409 [main] DEBUG c.service.MarketDataService - [ALGO] ASK: price:123 quantity:453
13:00:20.409 [main] INFO  c.gettingstarted.MyAlgoLogic - [MYALGO] The state of the order book is:
|----BID-----||----ASK----|
    616 @ 98   453 @ 123
|------------||-----------|

13:00:20.409 [main] INFO  c.gettingstarted.MyAlgoLogic - [MYALGO] Algo Sees Book as: 
|----BID-----||----ASK----|
    616 @ 98   453 @ 123
|------------||-----------|

13:00:20.409 [main] INFO  c.gettingstarted.TimedLogic - [TIMEDLOGIC] Market is open
13:00:20.409 [main] INFO  c.gettingstarted.MyAlgoLogic - [MYALGO] Aftr buy orders2
13:00:20.409 [main] INFO  c.gettingstarted.MyAlgoLogic - [MYALGO] After Buy total orders2
13:00:20.409 [main] INFO  c.container.Actioner - [ALGO] Actioner, sending action:CreateChildOrder(side=BUY,quantity=616,price=98)
13:00:20.409 [main] INFO  c.sequencer.consumer.LoggingConsumer - [6] [CreateOrder](sbeTemplateId=4|sbeSchemaId=2|sbeSchemaVersion=0|sbeBlockLength=33):instrumentId=0|price=98|quantity=616|side=BUY|orderId=4
13:00:20.409 [main] INFO  c.orderbook.OrderBook - [ORDERBOOK] Adding passive limit order to BID bookLimit(side=BUY,orderId=4,price=98,quantity=616)
13:00:20.409 [main] INFO  c.o.visitor.MutatingAddOrderVisitor - [ORDERBOOK] + Limit(side=BUY,orderId=3,price=98,quantity=308)
13:00:20.409 [main] DEBUG c.o.v.ReadOnlyMarketDataChannelPublishVisitor - Bid Side Size: 1
13:00:20.409 [main] DEBUG c.o.v.ReadOnlyMarketDataChannelPublishVisitor - Adding Mkt Data Msg BID: Price=98 Qty=1232
13:00:20.409 [main] DEBUG c.o.v.ReadOnlyMarketDataChannelPublishVisitor - Ask Side Size: 1
13:00:20.409 [main] DEBUG c.o.v.ReadOnlyMarketDataChannelPublishVisitor - Adding Mkt Data Msg ASK: Price=123 Qty=453
13:00:20.409 [main] INFO  c.o.channel.MarketDataChannel - [ORDERBOOK] Sending market data update...
13:00:20.409 [main] INFO  c.sequencer.consumer.LoggingConsumer - [7] 
|----BID-----|
   1232 @ 98
|----ASK-----|
   453 @ 123

13:00:20.409 [main] DEBUG c.service.MarketDataService - [ALGO] BID: price:98 quantity:1232
13:00:20.409 [main] DEBUG c.service.MarketDataService - [ALGO] ASK: price:123 quantity:453
13:00:20.409 [main] INFO  c.gettingstarted.MyAlgoLogic - [MYALGO] The state of the order book is:
|----BID-----||----ASK----|
   1232 @ 98   453 @ 123
|------------||-----------|

13:00:20.409 [main] INFO  c.gettingstarted.MyAlgoLogic - [MYALGO] Algo Sees Book as: 
|----BID-----||----ASK----|
   1232 @ 98   453 @ 123
|------------||-----------|

13:00:20.409 [main] INFO  c.gettingstarted.TimedLogic - [TIMEDLOGIC] Market is open
13:00:20.409 [main] INFO  c.gettingstarted.MyAlgoLogic - [MYALGO] Aftr buy orders3
13:00:20.409 [main] INFO  c.gettingstarted.MyAlgoLogic - [MYALGO] After Buy total orders3
13:00:20.409 [main] INFO  c.container.Actioner - [ALGO] Actioner, sending action:CreateChildOrder(side=BUY,quantity=1232,price=98)
13:00:20.409 [main] INFO  c.sequencer.consumer.LoggingConsumer - [8] [CreateOrder](sbeTemplateId=4|sbeSchemaId=2|sbeSchemaVersion=0|sbeBlockLength=33):instrumentId=0|price=98|quantity=1232|side=BUY|orderId=5
13:00:20.409 [main] INFO  c.orderbook.OrderBook - [ORDERBOOK] Adding passive limit order to BID bookLimit(side=BUY,orderId=5,price=98,quantity=1232)
13:00:20.409 [main] INFO  c.o.visitor.MutatingAddOrderVisitor - [ORDERBOOK] + Limit(side=BUY,orderId=4,price=98,quantity=616)
13:00:20.409 [main] DEBUG c.o.v.ReadOnlyMarketDataChannelPublishVisitor - Bid Side Size: 1
13:00:20.409 [main] DEBUG c.o.v.ReadOnlyMarketDataChannelPublishVisitor - Adding Mkt Data Msg BID: Price=98 Qty=2464
13:00:20.409 [main] DEBUG c.o.v.ReadOnlyMarketDataChannelPublishVisitor - Ask Side Size: 1
13:00:20.409 [main] DEBUG c.o.v.ReadOnlyMarketDataChannelPublishVisitor - Adding Mkt Data Msg ASK: Price=123 Qty=453
13:00:20.409 [main] INFO  c.o.channel.MarketDataChannel - [ORDERBOOK] Sending market data update...
13:00:20.409 [main] INFO  c.sequencer.consumer.LoggingConsumer - [9] 
|----BID-----|
   2464 @ 98
|----ASK-----|
   453 @ 123

13:00:20.409 [main] DEBUG c.service.MarketDataService - [ALGO] BID: price:98 quantity:2464
13:00:20.409 [main] DEBUG c.service.MarketDataService - [ALGO] ASK: price:123 quantity:453
13:00:20.409 [main] INFO  c.gettingstarted.MyAlgoLogic - [MYALGO] The state of the order book is:
|----BID-----||----ASK----|
   2464 @ 98   453 @ 123
|------------||-----------|

13:00:20.409 [main] INFO  c.gettingstarted.MyAlgoLogic - [MYALGO] Algo Sees Book as: 
|----BID-----||----ASK----|
   2464 @ 98   453 @ 123
|------------||-----------|

13:00:20.409 [main] INFO  c.gettingstarted.TimedLogic - [TIMEDLOGIC] Market is open
13:00:20.409 [main] INFO  c.gettingstarted.MyAlgoLogic - [MYALGO] Aftr buy orders4
13:00:20.409 [main] INFO  c.gettingstarted.MyAlgoLogic - [MYALGO] After Buy total orders4
13:00:20.409 [main] INFO  c.container.Actioner - [ALGO] Actioner, sending action:CreateChildOrder(side=BUY,quantity=2464,price=98)
13:00:20.409 [main] INFO  c.sequencer.consumer.LoggingConsumer - [10] [CreateOrder](sbeTemplateId=4|sbeSchemaId=2|sbeSchemaVersion=0|sbeBlockLength=33):instrumentId=0|price=98|quantity=2464|side=BUY|orderId=6
13:00:20.409 [main] INFO  c.orderbook.OrderBook - [ORDERBOOK] Adding passive limit order to BID bookLimit(side=BUY,orderId=6,price=98,quantity=2464)
13:00:20.409 [main] INFO  c.o.visitor.MutatingAddOrderVisitor - [ORDERBOOK] + Limit(side=BUY,orderId=5,price=98,quantity=1232)
13:00:20.409 [main] DEBUG c.o.v.ReadOnlyMarketDataChannelPublishVisitor - Bid Side Size: 1
13:00:20.409 [main] DEBUG c.o.v.ReadOnlyMarketDataChannelPublishVisitor - Adding Mkt Data Msg BID: Price=98 Qty=4928
13:00:20.409 [main] DEBUG c.o.v.ReadOnlyMarketDataChannelPublishVisitor - Ask Side Size: 1
13:00:20.409 [main] DEBUG c.o.v.ReadOnlyMarketDataChannelPublishVisitor - Adding Mkt Data Msg ASK: Price=123 Qty=453
13:00:20.409 [main] INFO  c.o.channel.MarketDataChannel - [ORDERBOOK] Sending market data update...
13:00:20.409 [main] INFO  c.sequencer.consumer.LoggingConsumer - [11] 
|----BID-----|
   4928 @ 98
|----ASK-----|
   453 @ 123

13:00:20.409 [main] DEBUG c.service.MarketDataService - [ALGO] BID: price:98 quantity:4928
13:00:20.409 [main] DEBUG c.service.MarketDataService - [ALGO] ASK: price:123 quantity:453
13:00:20.409 [main] INFO  c.gettingstarted.MyAlgoLogic - [MYALGO] The state of the order book is:
|----BID-----||----ASK----|
   4928 @ 98   453 @ 123
|------------||-----------|

13:00:20.409 [main] INFO  c.gettingstarted.MyAlgoLogic - [MYALGO] Algo Sees Book as: 
|----BID-----||----ASK----|
   4928 @ 98   453 @ 123
|------------||-----------|

13:00:20.409 [main] INFO  c.gettingstarted.TimedLogic - [TIMEDLOGIC] Market is open
13:00:20.409 [main] INFO  c.gettingstarted.MyAlgoLogic - [MYALGO] Aftr buy orders5
13:00:20.409 [main] INFO  c.gettingstarted.MyAlgoLogic - [MYALGO] After Buy total orders5
13:00:20.409 [main] INFO  c.container.Actioner - [ALGO] Actioner, sending action:CreateChildOrder(side=BUY,quantity=4928,price=98)
13:00:20.409 [main] INFO  c.sequencer.consumer.LoggingConsumer - [12] [CreateOrder](sbeTemplateId=4|sbeSchemaId=2|sbeSchemaVersion=0|sbeBlockLength=33):instrumentId=0|price=98|quantity=4928|side=BUY|orderId=7
13:00:20.409 [main] INFO  c.orderbook.OrderBook - [ORDERBOOK] Adding passive limit order to BID bookLimit(side=BUY,orderId=7,price=98,quantity=4928)
13:00:20.409 [main] INFO  c.o.visitor.MutatingAddOrderVisitor - [ORDERBOOK] + Limit(side=BUY,orderId=6,price=98,quantity=2464)
13:00:20.409 [main] DEBUG c.o.v.ReadOnlyMarketDataChannelPublishVisitor - Bid Side Size: 1
13:00:20.409 [main] DEBUG c.o.v.ReadOnlyMarketDataChannelPublishVisitor - Adding Mkt Data Msg BID: Price=98 Qty=9856
13:00:20.409 [main] DEBUG c.o.v.ReadOnlyMarketDataChannelPublishVisitor - Ask Side Size: 1
13:00:20.409 [main] DEBUG c.o.v.ReadOnlyMarketDataChannelPublishVisitor - Adding Mkt Data Msg ASK: Price=123 Qty=453
13:00:20.409 [main] INFO  c.o.channel.MarketDataChannel - [ORDERBOOK] Sending market data update...
13:00:20.409 [main] INFO  c.sequencer.consumer.LoggingConsumer - [13] 
|----BID-----|
   9856 @ 98
|----ASK-----|
   453 @ 123

13:00:20.409 [main] DEBUG c.service.MarketDataService - [ALGO] BID: price:98 quantity:9856
13:00:20.409 [main] DEBUG c.service.MarketDataService - [ALGO] ASK: price:123 quantity:453
13:00:20.409 [main] INFO  c.gettingstarted.MyAlgoLogic - [MYALGO] The state of the order book is:
|----BID-----||----ASK----|
   9856 @ 98   453 @ 123
|------------||-----------|

13:00:20.409 [main] INFO  c.gettingstarted.MyAlgoLogic - [MYALGO] Algo Sees Book as: 
|----BID-----||----ASK----|
   9856 @ 98   453 @ 123
|------------||-----------|

13:00:20.409 [main] INFO  c.gettingstarted.TimedLogic - [TIMEDLOGIC] Market is open
13:00:20.409 [main] INFO  c.gettingstarted.MyAlgoLogic - [MYALGO] Aftr buy orders6
13:00:20.409 [main] INFO  c.gettingstarted.MyAlgoLogic - [MYALGO] After Buy total orders6
13:00:20.409 [main] INFO  c.container.Actioner - [ALGO] Actioner, sending action:CreateChildOrder(side=BUY,quantity=9856,price=98)
13:00:20.409 [main] INFO  c.sequencer.consumer.LoggingConsumer - [14] [CreateOrder](sbeTemplateId=4|sbeSchemaId=2|sbeSchemaVersion=0|sbeBlockLength=33):instrumentId=0|price=98|quantity=9856|side=BUY|orderId=8
13:00:20.409 [main] INFO  c.orderbook.OrderBook - [ORDERBOOK] Adding passive limit order to BID bookLimit(side=BUY,orderId=8,price=98,quantity=9856)
13:00:20.409 [main] INFO  c.o.visitor.MutatingAddOrderVisitor - [ORDERBOOK] + Limit(side=BUY,orderId=7,price=98,quantity=4928)
13:00:20.409 [main] DEBUG c.o.v.ReadOnlyMarketDataChannelPublishVisitor - Bid Side Size: 1
13:00:20.409 [main] DEBUG c.o.v.ReadOnlyMarketDataChannelPublishVisitor - Adding Mkt Data Msg BID: Price=98 Qty=19712
13:00:20.409 [main] DEBUG c.o.v.ReadOnlyMarketDataChannelPublishVisitor - Ask Side Size: 1
13:00:20.409 [main] DEBUG c.o.v.ReadOnlyMarketDataChannelPublishVisitor - Adding Mkt Data Msg ASK: Price=123 Qty=453
13:00:20.409 [main] INFO  c.o.channel.MarketDataChannel - [ORDERBOOK] Sending market data update...
13:00:20.409 [main] INFO  c.sequencer.consumer.LoggingConsumer - [15] 
|----BID-----|
  19712 @ 98
|----ASK-----|
   453 @ 123

13:00:20.409 [main] DEBUG c.service.MarketDataService - [ALGO] BID: price:98 quantity:19712
13:00:20.409 [main] DEBUG c.service.MarketDataService - [ALGO] ASK: price:123 quantity:453
13:00:20.409 [main] INFO  c.gettingstarted.MyAlgoLogic - [MYALGO] The state of the order book is:
|----BID-----||----ASK----|
  19712 @ 98   453 @ 123
|------------||-----------|

13:00:20.409 [main] INFO  c.gettingstarted.MyAlgoLogic - [MYALGO] Algo Sees Book as: 
|----BID-----||----ASK----|
  19712 @ 98   453 @ 123
|------------||-----------|

13:00:20.409 [main] INFO  c.gettingstarted.TimedLogic - [TIMEDLOGIC] Market is open
13:00:20.409 [main] INFO  c.gettingstarted.MyAlgoLogic - [MYALGO] Aftr buy orders7
13:00:20.409 [main] INFO  c.gettingstarted.MyAlgoLogic - [MYALGO] After Buy total orders7
13:00:20.409 [main] INFO  c.container.Actioner - [ALGO] Actioner, sending action:CreateChildOrder(side=BUY,quantity=19712,price=98)
13:00:20.409 [main] INFO  c.sequencer.consumer.LoggingConsumer - [16] [CreateOrder](sbeTemplateId=4|sbeSchemaId=2|sbeSchemaVersion=0|sbeBlockLength=33):instrumentId=0|price=98|quantity=19712|side=BUY|orderId=9
13:00:20.409 [main] INFO  c.orderbook.OrderBook - [ORDERBOOK] Adding passive limit order to BID bookLimit(side=BUY,orderId=9,price=98,quantity=19712)
13:00:20.409 [main] INFO  c.o.visitor.MutatingAddOrderVisitor - [ORDERBOOK] + Limit(side=BUY,orderId=8,price=98,quantity=9856)
13:00:20.409 [main] DEBUG c.o.v.ReadOnlyMarketDataChannelPublishVisitor - Bid Side Size: 1
13:00:20.409 [main] DEBUG c.o.v.ReadOnlyMarketDataChannelPublishVisitor - Adding Mkt Data Msg BID: Price=98 Qty=39424
13:00:20.409 [main] DEBUG c.o.v.ReadOnlyMarketDataChannelPublishVisitor - Ask Side Size: 1
13:00:20.409 [main] DEBUG c.o.v.ReadOnlyMarketDataChannelPublishVisitor - Adding Mkt Data Msg ASK: Price=123 Qty=453
13:00:20.409 [main] INFO  c.o.channel.MarketDataChannel - [ORDERBOOK] Sending market data update...
13:00:20.409 [main] INFO  c.sequencer.consumer.LoggingConsumer - [17] 
|----BID-----|
  39424 @ 98
|----ASK-----|
   453 @ 123

13:00:20.409 [main] DEBUG c.service.MarketDataService - [ALGO] BID: price:98 quantity:39424
13:00:20.409 [main] DEBUG c.service.MarketDataService - [ALGO] ASK: price:123 quantity:453
13:00:20.409 [main] INFO  c.gettingstarted.MyAlgoLogic - [MYALGO] The state of the order book is:
|----BID-----||----ASK----|
  39424 @ 98   453 @ 123
|------------||-----------|

13:00:20.409 [main] INFO  c.gettingstarted.MyAlgoLogic - [MYALGO] Algo Sees Book as: 
|----BID-----||----ASK----|
  39424 @ 98   453 @ 123
|------------||-----------|

13:00:20.409 [main] INFO  c.gettingstarted.TimedLogic - [TIMEDLOGIC] Market is open
13:00:20.409 [main] INFO  c.gettingstarted.MyAlgoLogic - [MYALGO] Aftr buy orders8
13:00:20.409 [main] INFO  c.gettingstarted.MyAlgoLogic - [MYALGO] After Buy total orders8
13:00:20.409 [main] INFO  c.container.Actioner - [ALGO] Actioner, sending action:CreateChildOrder(side=BUY,quantity=39424,price=98)
13:00:20.409 [main] INFO  c.sequencer.consumer.LoggingConsumer - [18] [CreateOrder](sbeTemplateId=4|sbeSchemaId=2|sbeSchemaVersion=0|sbeBlockLength=33):instrumentId=0|price=98|quantity=39424|side=BUY|orderId=10
13:00:20.409 [main] INFO  c.orderbook.OrderBook - [ORDERBOOK] Adding passive limit order to BID bookLimit(side=BUY,orderId=10,price=98,quantity=39424)
13:00:20.409 [main] INFO  c.o.visitor.MutatingAddOrderVisitor - [ORDERBOOK] + Limit(side=BUY,orderId=9,price=98,quantity=19712)
13:00:20.409 [main] DEBUG c.o.v.ReadOnlyMarketDataChannelPublishVisitor - Bid Side Size: 1
13:00:20.409 [main] DEBUG c.o.v.ReadOnlyMarketDataChannelPublishVisitor - Adding Mkt Data Msg BID: Price=98 Qty=78848
13:00:20.409 [main] DEBUG c.o.v.ReadOnlyMarketDataChannelPublishVisitor - Ask Side Size: 1
13:00:20.409 [main] DEBUG c.o.v.ReadOnlyMarketDataChannelPublishVisitor - Adding Mkt Data Msg ASK: Price=123 Qty=453
13:00:20.409 [main] INFO  c.o.channel.MarketDataChannel - [ORDERBOOK] Sending market data update...
13:00:20.409 [main] INFO  c.sequencer.consumer.LoggingConsumer - [19] 
|----BID-----|
  78848 @ 98
|----ASK-----|
   453 @ 123

13:00:20.409 [main] DEBUG c.service.MarketDataService - [ALGO] BID: price:98 quantity:78848
13:00:20.409 [main] DEBUG c.service.MarketDataService - [ALGO] ASK: price:123 quantity:453
13:00:20.409 [main] INFO  c.gettingstarted.MyAlgoLogic - [MYALGO] The state of the order book is:
|----BID-----||----ASK----|
  78848 @ 98   453 @ 123
|------------||-----------|

13:00:20.409 [main] INFO  c.gettingstarted.MyAlgoLogic - [MYALGO] Algo Sees Book as: 
|----BID-----||----ASK----|
  78848 @ 98   453 @ 123
|------------||-----------|

13:00:20.409 [main] INFO  c.gettingstarted.TimedLogic - [TIMEDLOGIC] Market is open
13:00:20.409 [main] INFO  c.gettingstarted.MyAlgoLogic - [MYALGO] Aftr buy orders9
13:00:20.409 [main] INFO  c.gettingstarted.MyAlgoLogic - [MYALGO] After Buy total orders9
13:00:20.409 [main] INFO  c.container.Actioner - [ALGO] Actioner, sending action:CreateChildOrder(side=BUY,quantity=78848,price=98)
13:00:20.409 [main] INFO  c.sequencer.consumer.LoggingConsumer - [20] [CreateOrder](sbeTemplateId=4|sbeSchemaId=2|sbeSchemaVersion=0|sbeBlockLength=33):instrumentId=0|price=98|quantity=78848|side=BUY|orderId=11
13:00:20.409 [main] INFO  c.orderbook.OrderBook - [ORDERBOOK] Adding passive limit order to BID bookLimit(side=BUY,orderId=11,price=98,quantity=78848)
13:00:20.409 [main] INFO  c.o.visitor.MutatingAddOrderVisitor - [ORDERBOOK] + Limit(side=BUY,orderId=10,price=98,quantity=39424)
13:00:20.409 [main] DEBUG c.o.v.ReadOnlyMarketDataChannelPublishVisitor - Bid Side Size: 1
13:00:20.409 [main] DEBUG c.o.v.ReadOnlyMarketDataChannelPublishVisitor - Adding Mkt Data Msg BID: Price=98 Qty=157696
13:00:20.409 [main] DEBUG c.o.v.ReadOnlyMarketDataChannelPublishVisitor - Ask Side Size: 1
13:00:20.409 [main] DEBUG c.o.v.ReadOnlyMarketDataChannelPublishVisitor - Adding Mkt Data Msg ASK: Price=123 Qty=453
13:00:20.409 [main] INFO  c.o.channel.MarketDataChannel - [ORDERBOOK] Sending market data update...
13:00:20.409 [main] INFO  c.sequencer.consumer.LoggingConsumer - [21] 
|----BID-----|
 157696 @ 98
|----ASK-----|
   453 @ 123

13:00:20.409 [main] DEBUG c.service.MarketDataService - [ALGO] BID: price:98 quantity:157696
13:00:20.409 [main] DEBUG c.service.MarketDataService - [ALGO] ASK: price:123 quantity:453
13:00:20.409 [main] INFO  c.gettingstarted.MyAlgoLogic - [MYALGO] The state of the order book is:
|----BID-----||----ASK----|
 157696 @ 98   453 @ 123
|------------||-----------|

13:00:20.409 [main] INFO  c.gettingstarted.MyAlgoLogic - [MYALGO] Algo Sees Book as: 
|----BID-----||----ASK----|
 157696 @ 98   453 @ 123
|------------||-----------|

13:00:20.409 [main] INFO  c.gettingstarted.TimedLogic - [TIMEDLOGIC] Market is open
13:00:20.409 [main] INFO  c.gettingstarted.MyAlgoLogic - [MYALGO] Aftr buy orders10
13:00:20.409 [main] INFO  c.gettingstarted.MyAlgoLogic - [MYALGO] After Buy total orders10
13:00:20.409 [main] INFO  c.container.Actioner - [ALGO] Actioner, sending action:CreateChildOrder(side=BUY,quantity=157696,price=98)
13:00:20.409 [main] INFO  c.sequencer.consumer.LoggingConsumer - [22] [CreateOrder](sbeTemplateId=4|sbeSchemaId=2|sbeSchemaVersion=0|sbeBlockLength=33):instrumentId=0|price=98|quantity=157696|side=BUY|orderId=12
13:00:20.409 [main] INFO  c.orderbook.OrderBook - [ORDERBOOK] Adding passive limit order to BID bookLimit(side=BUY,orderId=12,price=98,quantity=157696)
13:00:20.409 [main] INFO  c.o.visitor.MutatingAddOrderVisitor - [ORDERBOOK] + Limit(side=BUY,orderId=11,price=98,quantity=78848)
13:00:20.409 [main] DEBUG c.o.v.ReadOnlyMarketDataChannelPublishVisitor - Bid Side Size: 1
13:00:20.409 [main] DEBUG c.o.v.ReadOnlyMarketDataChannelPublishVisitor - Adding Mkt Data Msg BID: Price=98 Qty=315392
13:00:20.409 [main] DEBUG c.o.v.ReadOnlyMarketDataChannelPublishVisitor - Ask Side Size: 1
13:00:20.409 [main] DEBUG c.o.v.ReadOnlyMarketDataChannelPublishVisitor - Adding Mkt Data Msg ASK: Price=123 Qty=453
13:00:20.409 [main] INFO  c.o.channel.MarketDataChannel - [ORDERBOOK] Sending market data update...
13:00:20.409 [main] INFO  c.sequencer.consumer.LoggingConsumer - [23] 
|----BID-----|
 315392 @ 98
|----ASK-----|
   453 @ 123

13:00:20.409 [main] DEBUG c.service.MarketDataService - [ALGO] BID: price:98 quantity:315392
13:00:20.409 [main] DEBUG c.service.MarketDataService - [ALGO] ASK: price:123 quantity:453
13:00:20.409 [main] INFO  c.gettingstarted.MyAlgoLogic - [MYALGO] The state of the order book is:
|----BID-----||----ASK----|
 315392 @ 98   453 @ 123
|------------||-----------|

13:00:20.409 [main] INFO  c.gettingstarted.MyAlgoLogic - [MYALGO] Algo Sees Book as: 
|----BID-----||----ASK----|
 315392 @ 98   453 @ 123
|------------||-----------|

13:00:20.409 [main] INFO  c.gettingstarted.TimedLogic - [TIMEDLOGIC] Market is open
13:00:20.409 [main] INFO  c.gettingstarted.MyAlgoLogic - [MYALGO] Aftr buy orders11
13:00:20.409 [main] INFO  c.gettingstarted.MyAlgoLogic - [MYALGO] After Buy total orders11
13:00:20.409 [main] INFO  c.container.Actioner - [ALGO] Actioner, sending action:CreateChildOrder(side=BUY,quantity=315392,price=98)
13:00:20.409 [main] INFO  c.sequencer.consumer.LoggingConsumer - [24] [CreateOrder](sbeTemplateId=4|sbeSchemaId=2|sbeSchemaVersion=0|sbeBlockLength=33):instrumentId=0|price=98|quantity=315392|side=BUY|orderId=13
13:00:20.409 [main] INFO  c.orderbook.OrderBook - [ORDERBOOK] Adding passive limit order to BID bookLimit(side=BUY,orderId=13,price=98,quantity=315392)
13:00:20.409 [main] INFO  c.o.visitor.MutatingAddOrderVisitor - [ORDERBOOK] + Limit(side=BUY,orderId=12,price=98,quantity=157696)
13:00:20.409 [main] DEBUG c.o.v.ReadOnlyMarketDataChannelPublishVisitor - Bid Side Size: 1
13:00:20.409 [main] DEBUG c.o.v.ReadOnlyMarketDataChannelPublishVisitor - Adding Mkt Data Msg BID: Price=98 Qty=630784
13:00:20.409 [main] DEBUG c.o.v.ReadOnlyMarketDataChannelPublishVisitor - Ask Side Size: 1
13:00:20.409 [main] DEBUG c.o.v.ReadOnlyMarketDataChannelPublishVisitor - Adding Mkt Data Msg ASK: Price=123 Qty=453
13:00:20.409 [main] INFO  c.o.channel.MarketDataChannel - [ORDERBOOK] Sending market data update...
13:00:20.409 [main] INFO  c.sequencer.consumer.LoggingConsumer - [25] 
|----BID-----|
 630784 @ 98
|----ASK-----|
   453 @ 123

13:00:20.409 [main] DEBUG c.service.MarketDataService - [ALGO] BID: price:98 quantity:630784
13:00:20.409 [main] DEBUG c.service.MarketDataService - [ALGO] ASK: price:123 quantity:453
13:00:20.409 [main] INFO  c.gettingstarted.MyAlgoLogic - [MYALGO] The state of the order book is:
|----BID-----||----ASK----|
 630784 @ 98   453 @ 123
|------------||-----------|

13:00:20.409 [main] INFO  c.gettingstarted.MyAlgoLogic - [MYALGO] Algo Sees Book as: 
|----BID-----||----ASK----|
 630784 @ 98   453 @ 123
|------------||-----------|

13:00:20.409 [main] INFO  c.gettingstarted.TimedLogic - [TIMEDLOGIC] Market is open
13:00:20.409 [main] INFO  c.gettingstarted.MyAlgoLogic - [MYALGO] Aftr buy orders12
13:00:20.409 [main] INFO  c.gettingstarted.MyAlgoLogic - [MYALGO] After Buy total orders12
13:00:20.409 [main] INFO  c.container.Actioner - [ALGO] Actioner, sending action:CreateChildOrder(side=BUY,quantity=630784,price=98)
13:00:20.409 [main] INFO  c.sequencer.consumer.LoggingConsumer - [26] [CreateOrder](sbeTemplateId=4|sbeSchemaId=2|sbeSchemaVersion=0|sbeBlockLength=33):instrumentId=0|price=98|quantity=630784|side=BUY|orderId=14
13:00:20.409 [main] INFO  c.orderbook.OrderBook - [ORDERBOOK] Adding passive limit order to BID bookLimit(side=BUY,orderId=14,price=98,quantity=630784)
13:00:20.409 [main] INFO  c.o.visitor.MutatingAddOrderVisitor - [ORDERBOOK] + Limit(side=BUY,orderId=13,price=98,quantity=315392)
13:00:20.409 [main] DEBUG c.o.v.ReadOnlyMarketDataChannelPublishVisitor - Bid Side Size: 1
13:00:20.409 [main] DEBUG c.o.v.ReadOnlyMarketDataChannelPublishVisitor - Adding Mkt Data Msg BID: Price=98 Qty=1261568
13:00:20.409 [main] DEBUG c.o.v.ReadOnlyMarketDataChannelPublishVisitor - Ask Side Size: 1
13:00:20.409 [main] DEBUG c.o.v.ReadOnlyMarketDataChannelPublishVisitor - Adding Mkt Data Msg ASK: Price=123 Qty=453
13:00:20.409 [main] INFO  c.o.channel.MarketDataChannel - [ORDERBOOK] Sending market data update...
13:00:20.409 [main] INFO  c.sequencer.consumer.LoggingConsumer - [27] 
|----BID-----|
1261568 @ 98
|----ASK-----|
   453 @ 123

13:00:20.409 [main] DEBUG c.service.MarketDataService - [ALGO] BID: price:98 quantity:1261568
13:00:20.409 [main] DEBUG c.service.MarketDataService - [ALGO] ASK: price:123 quantity:453
13:00:20.409 [main] INFO  c.gettingstarted.MyAlgoLogic - [MYALGO] The state of the order book is:
|----BID-----||----ASK----|
1261568 @ 98   453 @ 123
|------------||-----------|

13:00:20.409 [main] INFO  c.gettingstarted.MyAlgoLogic - [MYALGO] Algo Sees Book as: 
|----BID-----||----ASK----|
1261568 @ 98   453 @ 123
|------------||-----------|

13:00:20.409 [main] INFO  c.gettingstarted.TimedLogic - [TIMEDLOGIC] Market is open
13:00:20.409 [main] INFO  c.gettingstarted.MyAlgoLogic - [MYALGO] Aftr buy orders13
13:00:20.409 [main] INFO  c.gettingstarted.MyAlgoLogic - [MYALGO] After Buy total orders13
13:00:20.409 [main] INFO  c.container.Actioner - [ALGO] Actioner, sending action:CreateChildOrder(side=BUY,quantity=1261568,price=98)
13:00:20.409 [main] INFO  c.sequencer.consumer.LoggingConsumer - [28] [CreateOrder](sbeTemplateId=4|sbeSchemaId=2|sbeSchemaVersion=0|sbeBlockLength=33):instrumentId=0|price=98|quantity=1261568|side=BUY|orderId=15
13:00:20.409 [main] INFO  c.orderbook.OrderBook - [ORDERBOOK] Adding passive limit order to BID bookLimit(side=BUY,orderId=15,price=98,quantity=1261568)
13:00:20.409 [main] INFO  c.o.visitor.MutatingAddOrderVisitor - [ORDERBOOK] + Limit(side=BUY,orderId=14,price=98,quantity=630784)
13:00:20.409 [main] DEBUG c.o.v.ReadOnlyMarketDataChannelPublishVisitor - Bid Side Size: 1
13:00:20.409 [main] DEBUG c.o.v.ReadOnlyMarketDataChannelPublishVisitor - Adding Mkt Data Msg BID: Price=98 Qty=2523136
13:00:20.409 [main] DEBUG c.o.v.ReadOnlyMarketDataChannelPublishVisitor - Ask Side Size: 1
13:00:20.409 [main] DEBUG c.o.v.ReadOnlyMarketDataChannelPublishVisitor - Adding Mkt Data Msg ASK: Price=123 Qty=453
13:00:20.409 [main] INFO  c.o.channel.MarketDataChannel - [ORDERBOOK] Sending market data update...
13:00:20.409 [main] INFO  c.sequencer.consumer.LoggingConsumer - [29] 
|----BID-----|
2523136 @ 98
|----ASK-----|
   453 @ 123

13:00:20.409 [main] DEBUG c.service.MarketDataService - [ALGO] BID: price:98 quantity:2523136
13:00:20.409 [main] DEBUG c.service.MarketDataService - [ALGO] ASK: price:123 quantity:453
13:00:20.409 [main] INFO  c.gettingstarted.MyAlgoLogic - [MYALGO] The state of the order book is:
|----BID-----||----ASK----|
2523136 @ 98   453 @ 123
|------------||-----------|

13:00:20.409 [main] INFO  c.gettingstarted.MyAlgoLogic - [MYALGO] Algo Sees Book as: 
|----BID-----||----ASK----|
2523136 @ 98   453 @ 123
|------------||-----------|

13:00:20.409 [main] INFO  c.gettingstarted.TimedLogic - [TIMEDLOGIC] Market is open
13:00:20.409 [main] INFO  c.gettingstarted.MyAlgoLogic - [MYALGO] Aftr buy orders14
13:00:20.409 [main] INFO  c.gettingstarted.MyAlgoLogic - [MYALGO] After Buy total orders14
13:00:20.409 [main] INFO  c.container.Actioner - [ALGO] Actioner, sending action:CreateChildOrder(side=BUY,quantity=2523136,price=98)
13:00:20.409 [main] INFO  c.sequencer.consumer.LoggingConsumer - [30] [CreateOrder](sbeTemplateId=4|sbeSchemaId=2|sbeSchemaVersion=0|sbeBlockLength=33):instrumentId=0|price=98|quantity=2523136|side=BUY|orderId=16
13:00:20.409 [main] INFO  c.orderbook.OrderBook - [ORDERBOOK] Adding passive limit order to BID bookLimit(side=BUY,orderId=16,price=98,quantity=2523136)
13:00:20.409 [main] INFO  c.o.visitor.MutatingAddOrderVisitor - [ORDERBOOK] + Limit(side=BUY,orderId=15,price=98,quantity=1261568)
13:00:20.409 [main] DEBUG c.o.v.ReadOnlyMarketDataChannelPublishVisitor - Bid Side Size: 1
13:00:20.409 [main] DEBUG c.o.v.ReadOnlyMarketDataChannelPublishVisitor - Adding Mkt Data Msg BID: Price=98 Qty=5046272
13:00:20.409 [main] DEBUG c.o.v.ReadOnlyMarketDataChannelPublishVisitor - Ask Side Size: 1
13:00:20.409 [main] DEBUG c.o.v.ReadOnlyMarketDataChannelPublishVisitor - Adding Mkt Data Msg ASK: Price=123 Qty=453
13:00:20.409 [main] INFO  c.o.channel.MarketDataChannel - [ORDERBOOK] Sending market data update...
13:00:20.409 [main] INFO  c.sequencer.consumer.LoggingConsumer - [31] 
|----BID-----|
5046272 @ 98
|----ASK-----|
   453 @ 123

13:00:20.409 [main] DEBUG c.service.MarketDataService - [ALGO] BID: price:98 quantity:5046272
13:00:20.409 [main] DEBUG c.service.MarketDataService - [ALGO] ASK: price:123 quantity:453
13:00:20.409 [main] INFO  c.gettingstarted.MyAlgoLogic - [MYALGO] The state of the order book is:
|----BID-----||----ASK----|
5046272 @ 98   453 @ 123
|------------||-----------|

13:00:20.409 [main] INFO  c.gettingstarted.MyAlgoLogic - [MYALGO] Algo Sees Book as: 
|----BID-----||----ASK----|
5046272 @ 98   453 @ 123
|------------||-----------|

13:00:20.409 [main] INFO  c.gettingstarted.TimedLogic - [TIMEDLOGIC] Market is open
13:00:20.409 [main] INFO  c.gettingstarted.MyAlgoLogic - [MYALGO] Adding order for453@123
13:00:20.409 [main] INFO  c.gettingstarted.MyAlgoLogic - [MYALGO] Initial quantity453 price 123
13:00:20.409 [main] INFO  c.gettingstarted.MyAlgoLogic - [MYALGO] Active orders15
13:00:20.409 [main] INFO  c.gettingstarted.MyAlgoLogic - [MYALGO] Total orders15
13:00:20.409 [main] INFO  c.container.Actioner - [ALGO] Actioner, sending action:CreateChildOrder(side=SELL,quantity=453,price=123)
13:00:20.409 [main] INFO  c.sequencer.consumer.LoggingConsumer - [32] [CreateOrder](sbeTemplateId=4|sbeSchemaId=2|sbeSchemaVersion=0|sbeBlockLength=33):instrumentId=0|price=123|quantity=453|side=SELL|orderId=17
13:00:20.409 [main] INFO  c.orderbook.OrderBook - A[ORDERBOOK] dding passive limit order to ASK bookLimit(side=SELL,orderId=17,price=123,quantity=453)
13:00:20.409 [main] INFO  c.o.visitor.MutatingAddOrderVisitor - [ORDERBOOK] + MktData(price=123,quantity=453)
13:00:20.409 [main] DEBUG c.o.v.ReadOnlyMarketDataChannelPublishVisitor - Bid Side Size: 1
13:00:20.409 [main] DEBUG c.o.v.ReadOnlyMarketDataChannelPublishVisitor - Adding Mkt Data Msg BID: Price=98 Qty=5046272
13:00:20.409 [main] DEBUG c.o.v.ReadOnlyMarketDataChannelPublishVisitor - Ask Side Size: 1
13:00:20.409 [main] DEBUG c.o.v.ReadOnlyMarketDataChannelPublishVisitor - Adding Mkt Data Msg ASK: Price=123 Qty=906
13:00:20.409 [main] INFO  c.o.channel.MarketDataChannel - [ORDERBOOK] Sending market data update...
13:00:20.409 [main] INFO  c.sequencer.consumer.LoggingConsumer - [33] 
|----BID-----|
5046272 @ 98
|----ASK-----|
   906 @ 123

13:00:20.409 [main] DEBUG c.service.MarketDataService - [ALGO] BID: price:98 quantity:5046272
13:00:20.409 [main] DEBUG c.service.MarketDataService - [ALGO] ASK: price:123 quantity:906
13:00:20.409 [main] INFO  c.gettingstarted.MyAlgoLogic - [MYALGO] The state of the order book is:
|----BID-----||----ASK----|
5046272 @ 98   906 @ 123
|------------||-----------|

13:00:20.409 [main] INFO  c.gettingstarted.MyAlgoLogic - [MYALGO] Algo Sees Book as: 
|----BID-----||----ASK----|
5046272 @ 98   906 @ 123
|------------||-----------|

13:00:20.409 [main] INFO  c.gettingstarted.TimedLogic - [TIMEDLOGIC] Market is open
13:00:20.409 [main] INFO  c.gettingstarted.MyAlgoLogic - [MYALGO] Have:16 children, want 7, done.
13:00:20.409 [main] INFO  c.gettingstarted.MyAlgoLogic - [MYALGO] Active orders are 16
13:00:20.409 [main] INFO  c.gettingstarted.MyAlgoLogic - [MYALGO] Cancelling order:codingblackfemales.sotw.ChildOrder@4e3958e7
13:00:20.409 [main] INFO  c.gettingstarted.MyAlgoLogic - [MYALGO] Option is present, number of active orders are 16
13:00:20.409 [main] INFO  c.container.Actioner - [ALGO] Actioner, sending action:CancelChildOrder(codingblackfemales.sotw.ChildOrder@4e3958e7)
13:00:20.409 [main] INFO  c.sequencer.consumer.LoggingConsumer - [34] [CancelOrder](sbeTemplateId=5|sbeSchemaId=2|sbeSchemaVersion=0|sbeBlockLength=8):orderId=2
13:00:20.409 [main] INFO  c.orderbook.OrderBook - [ORDERBOOK] Cancelling order (id=:2)
13:00:20.409 [main] INFO  c.o.visitor.CancelOrderVisitor - [ORDERBOOK] Cancelling order: Limit(side=BUY,orderId=2,price=98,quantity=154)
13:00:20.409 [main] DEBUG c.o.v.ReadOnlyMarketDataChannelPublishVisitor - Bid Side Size: 1
13:00:20.409 [main] DEBUG c.o.v.ReadOnlyMarketDataChannelPublishVisitor - Adding Mkt Data Msg BID: Price=98 Qty=5046118
13:00:20.409 [main] DEBUG c.o.v.ReadOnlyMarketDataChannelPublishVisitor - Ask Side Size: 1
13:00:20.409 [main] DEBUG c.o.v.ReadOnlyMarketDataChannelPublishVisitor - Adding Mkt Data Msg ASK: Price=123 Qty=906
13:00:20.409 [main] INFO  c.o.channel.MarketDataChannel - [ORDERBOOK] Sending market data update...
13:00:20.409 [main] INFO  c.sequencer.consumer.LoggingConsumer - [35] 
|----BID-----|
5046118 @ 98
|----ASK-----|
   906 @ 123

13:00:20.409 [main] DEBUG c.service.MarketDataService - [ALGO] BID: price:98 quantity:5046118
13:00:20.409 [main] DEBUG c.service.MarketDataService - [ALGO] ASK: price:123 quantity:906
13:00:20.409 [main] INFO  c.gettingstarted.MyAlgoLogic - [MYALGO] The state of the order book is:
|----BID-----||----ASK----|
5046118 @ 98   906 @ 123
|------------||-----------|

13:00:20.409 [main] INFO  c.gettingstarted.MyAlgoLogic - [MYALGO] Algo Sees Book as: 
|----BID-----||----ASK----|
5046118 @ 98   906 @ 123
|------------||-----------|

13:00:20.409 [main] INFO  c.gettingstarted.TimedLogic - [TIMEDLOGIC] Market is open
13:00:20.409 [main] INFO  c.gettingstarted.MyAlgoLogic - [MYALGO] Have:15 children, want 7, done.
13:00:20.409 [main] INFO  c.gettingstarted.MyAlgoLogic - [MYALGO] Active orders are 15
13:00:20.409 [main] INFO  c.gettingstarted.MyAlgoLogic - [MYALGO] Cancelling order:codingblackfemales.sotw.ChildOrder@77f80c04
13:00:20.409 [main] INFO  c.gettingstarted.MyAlgoLogic - [MYALGO] Option is present, number of active orders are 15
13:00:20.409 [main] INFO  c.container.Actioner - [ALGO] Actioner, sending action:CancelChildOrder(codingblackfemales.sotw.ChildOrder@77f80c04)
13:00:20.409 [main] INFO  c.sequencer.consumer.LoggingConsumer - [36] [CancelOrder](sbeTemplateId=5|sbeSchemaId=2|sbeSchemaVersion=0|sbeBlockLength=8):orderId=3
13:00:20.409 [main] INFO  c.orderbook.OrderBook - [ORDERBOOK] Cancelling order (id=:3)
13:00:20.409 [main] INFO  c.o.visitor.CancelOrderVisitor - [ORDERBOOK] Cancelling order: Limit(side=BUY,orderId=3,price=98,quantity=308)
13:00:20.409 [main] DEBUG c.o.v.ReadOnlyMarketDataChannelPublishVisitor - Bid Side Size: 1
13:00:20.409 [main] DEBUG c.o.v.ReadOnlyMarketDataChannelPublishVisitor - Adding Mkt Data Msg BID: Price=98 Qty=5045810
13:00:20.409 [main] DEBUG c.o.v.ReadOnlyMarketDataChannelPublishVisitor - Ask Side Size: 1
13:00:20.409 [main] DEBUG c.o.v.ReadOnlyMarketDataChannelPublishVisitor - Adding Mkt Data Msg ASK: Price=123 Qty=906
13:00:20.409 [main] INFO  c.o.channel.MarketDataChannel - [ORDERBOOK] Sending market data update...
13:00:20.409 [main] INFO  c.sequencer.consumer.LoggingConsumer - [37] 
|----BID-----|
5045810 @ 98
|----ASK-----|
   906 @ 123

13:00:20.409 [main] DEBUG c.service.MarketDataService - [ALGO] BID: price:98 quantity:5045810
13:00:20.409 [main] DEBUG c.service.MarketDataService - [ALGO] ASK: price:123 quantity:906
13:00:20.409 [main] INFO  c.gettingstarted.MyAlgoLogic - [MYALGO] The state of the order book is:
|----BID-----||----ASK----|
5045810 @ 98   906 @ 123
|------------||-----------|

13:00:20.409 [main] INFO  c.gettingstarted.MyAlgoLogic - [MYALGO] Algo Sees Book as: 
|----BID-----||----ASK----|
5045810 @ 98   906 @ 123
|------------||-----------|

13:00:20.409 [main] INFO  c.gettingstarted.TimedLogic - [TIMEDLOGIC] Market is open
13:00:20.409 [main] INFO  c.gettingstarted.MyAlgoLogic - [MYALGO] Have:14 children, want 7, done.
13:00:20.409 [main] INFO  c.gettingstarted.MyAlgoLogic - [MYALGO] Active orders are 14
13:00:20.409 [main] INFO  c.gettingstarted.MyAlgoLogic - [MYALGO] Cancelling order:codingblackfemales.sotw.ChildOrder@1dac5ef
13:00:20.409 [main] INFO  c.gettingstarted.MyAlgoLogic - [MYALGO] Option is present, number of active orders are 14
13:00:20.409 [main] INFO  c.container.Actioner - [ALGO] Actioner, sending action:CancelChildOrder(codingblackfemales.sotw.ChildOrder@1dac5ef)
13:00:20.409 [main] INFO  c.sequencer.consumer.LoggingConsumer - [38] [CancelOrder](sbeTemplateId=5|sbeSchemaId=2|sbeSchemaVersion=0|sbeBlockLength=8):orderId=4
13:00:20.409 [main] INFO  c.orderbook.OrderBook - [ORDERBOOK] Cancelling order (id=:4)
13:00:20.409 [main] INFO  c.o.visitor.CancelOrderVisitor - [ORDERBOOK] Cancelling order: Limit(side=BUY,orderId=4,price=98,quantity=616)
13:00:20.409 [main] DEBUG c.o.v.ReadOnlyMarketDataChannelPublishVisitor - Bid Side Size: 1
13:00:20.409 [main] DEBUG c.o.v.ReadOnlyMarketDataChannelPublishVisitor - Adding Mkt Data Msg BID: Price=98 Qty=5045194
13:00:20.409 [main] DEBUG c.o.v.ReadOnlyMarketDataChannelPublishVisitor - Ask Side Size: 1
13:00:20.409 [main] DEBUG c.o.v.ReadOnlyMarketDataChannelPublishVisitor - Adding Mkt Data Msg ASK: Price=123 Qty=906
13:00:20.409 [main] INFO  c.o.channel.MarketDataChannel - [ORDERBOOK] Sending market data update...
13:00:20.409 [main] INFO  c.sequencer.consumer.LoggingConsumer - [39] 
|----BID-----|
5045194 @ 98
|----ASK-----|
   906 @ 123

13:00:20.409 [main] DEBUG c.service.MarketDataService - [ALGO] BID: price:98 quantity:5045194
13:00:20.409 [main] DEBUG c.service.MarketDataService - [ALGO] ASK: price:123 quantity:906
13:00:20.409 [main] INFO  c.gettingstarted.MyAlgoLogic - [MYALGO] The state of the order book is:
|----BID-----||----ASK----|
5045194 @ 98   906 @ 123
|------------||-----------|

13:00:20.409 [main] INFO  c.gettingstarted.MyAlgoLogic - [MYALGO] Algo Sees Book as: 
|----BID-----||----ASK----|
5045194 @ 98   906 @ 123
|------------||-----------|

13:00:20.409 [main] INFO  c.gettingstarted.TimedLogic - [TIMEDLOGIC] Market is open
13:00:20.409 [main] INFO  c.gettingstarted.MyAlgoLogic - [MYALGO] Have:13 children, want 7, done.
13:00:20.409 [main] INFO  c.gettingstarted.MyAlgoLogic - [MYALGO] Active orders are 13
13:00:20.409 [main] INFO  c.gettingstarted.MyAlgoLogic - [MYALGO] Cancelling order:codingblackfemales.sotw.ChildOrder@5c90e579
13:00:20.409 [main] INFO  c.gettingstarted.MyAlgoLogic - [MYALGO] Option is present, number of active orders are 13
13:00:20.409 [main] INFO  c.container.Actioner - [ALGO] Actioner, sending action:CancelChildOrder(codingblackfemales.sotw.ChildOrder@5c90e579)
13:00:20.409 [main] INFO  c.sequencer.consumer.LoggingConsumer - [40] [CancelOrder](sbeTemplateId=5|sbeSchemaId=2|sbeSchemaVersion=0|sbeBlockLength=8):orderId=5
13:00:20.409 [main] INFO  c.orderbook.OrderBook - [ORDERBOOK] Cancelling order (id=:5)
13:00:20.409 [main] INFO  c.o.visitor.CancelOrderVisitor - [ORDERBOOK] Cancelling order: Limit(side=BUY,orderId=5,price=98,quantity=1232)
13:00:20.409 [main] DEBUG c.o.v.ReadOnlyMarketDataChannelPublishVisitor - Bid Side Size: 1
13:00:20.409 [main] DEBUG c.o.v.ReadOnlyMarketDataChannelPublishVisitor - Adding Mkt Data Msg BID: Price=98 Qty=5043962
13:00:20.409 [main] DEBUG c.o.v.ReadOnlyMarketDataChannelPublishVisitor - Ask Side Size: 1
13:00:20.409 [main] DEBUG c.o.v.ReadOnlyMarketDataChannelPublishVisitor - Adding Mkt Data Msg ASK: Price=123 Qty=906
13:00:20.409 [main] INFO  c.o.channel.MarketDataChannel - [ORDERBOOK] Sending market data update...
13:00:20.409 [main] INFO  c.sequencer.consumer.LoggingConsumer - [41] 
|----BID-----|
5043962 @ 98
|----ASK-----|
   906 @ 123

13:00:20.409 [main] DEBUG c.service.MarketDataService - [ALGO] BID: price:98 quantity:5043962
13:00:20.409 [main] DEBUG c.service.MarketDataService - [ALGO] ASK: price:123 quantity:906
13:00:20.409 [main] INFO  c.gettingstarted.MyAlgoLogic - [MYALGO] The state of the order book is:
|----BID-----||----ASK----|
5043962 @ 98   906 @ 123
|------------||-----------|

13:00:20.409 [main] INFO  c.gettingstarted.MyAlgoLogic - [MYALGO] Algo Sees Book as: 
|----BID-----||----ASK----|
5043962 @ 98   906 @ 123
|------------||-----------|

13:00:20.409 [main] INFO  c.gettingstarted.TimedLogic - [TIMEDLOGIC] Market is open
13:00:20.409 [main] INFO  c.gettingstarted.MyAlgoLogic - [MYALGO] Have:12 children, want 7, done.
13:00:20.409 [main] INFO  c.gettingstarted.MyAlgoLogic - [MYALGO] Active orders are 12
13:00:20.409 [main] INFO  c.gettingstarted.MyAlgoLogic - [MYALGO] Cancelling order:codingblackfemales.sotw.ChildOrder@58ea606c
13:00:20.409 [main] INFO  c.gettingstarted.MyAlgoLogic - [MYALGO] Option is present, number of active orders are 12
13:00:20.409 [main] INFO  c.container.Actioner - [ALGO] Actioner, sending action:CancelChildOrder(codingblackfemales.sotw.ChildOrder@58ea606c)
13:00:20.409 [main] INFO  c.sequencer.consumer.LoggingConsumer - [42] [CancelOrder](sbeTemplateId=5|sbeSchemaId=2|sbeSchemaVersion=0|sbeBlockLength=8):orderId=6
13:00:20.409 [main] INFO  c.orderbook.OrderBook - [ORDERBOOK] Cancelling order (id=:6)
13:00:20.409 [main] INFO  c.o.visitor.CancelOrderVisitor - [ORDERBOOK] Cancelling order: Limit(side=BUY,orderId=6,price=98,quantity=2464)
13:00:20.409 [main] DEBUG c.o.v.ReadOnlyMarketDataChannelPublishVisitor - Bid Side Size: 1
13:00:20.409 [main] DEBUG c.o.v.ReadOnlyMarketDataChannelPublishVisitor - Adding Mkt Data Msg BID: Price=98 Qty=5041498
13:00:20.409 [main] DEBUG c.o.v.ReadOnlyMarketDataChannelPublishVisitor - Ask Side Size: 1
13:00:20.409 [main] DEBUG c.o.v.ReadOnlyMarketDataChannelPublishVisitor - Adding Mkt Data Msg ASK: Price=123 Qty=906
13:00:20.409 [main] INFO  c.o.channel.MarketDataChannel - [ORDERBOOK] Sending market data update...
13:00:20.409 [main] INFO  c.sequencer.consumer.LoggingConsumer - [43] 
|----BID-----|
5041498 @ 98
|----ASK-----|
   906 @ 123

13:00:20.409 [main] DEBUG c.service.MarketDataService - [ALGO] BID: price:98 quantity:5041498
13:00:20.409 [main] DEBUG c.service.MarketDataService - [ALGO] ASK: price:123 quantity:906
13:00:20.409 [main] INFO  c.gettingstarted.MyAlgoLogic - [MYALGO] The state of the order book is:
|----BID-----||----ASK----|
5041498 @ 98   906 @ 123
|------------||-----------|

13:00:20.409 [main] INFO  c.gettingstarted.MyAlgoLogic - [MYALGO] Algo Sees Book as: 
|----BID-----||----ASK----|
5041498 @ 98   906 @ 123
|------------||-----------|

13:00:20.409 [main] INFO  c.gettingstarted.TimedLogic - [TIMEDLOGIC] Market is open
13:00:20.409 [main] INFO  c.gettingstarted.MyAlgoLogic - [MYALGO] Have:11 children, want 7, done.
13:00:20.409 [main] INFO  c.gettingstarted.MyAlgoLogic - [MYALGO] Active orders are 11
13:00:20.409 [main] INFO  c.gettingstarted.MyAlgoLogic - [MYALGO] Cancelling order:codingblackfemales.sotw.ChildOrder@6f45df59
13:00:20.409 [main] INFO  c.gettingstarted.MyAlgoLogic - [MYALGO] Option is present, number of active orders are 11
13:00:20.409 [main] INFO  c.container.Actioner - [ALGO] Actioner, sending action:CancelChildOrder(codingblackfemales.sotw.ChildOrder@6f45df59)
13:00:20.409 [main] INFO  c.sequencer.consumer.LoggingConsumer - [44] [CancelOrder](sbeTemplateId=5|sbeSchemaId=2|sbeSchemaVersion=0|sbeBlockLength=8):orderId=7
13:00:20.409 [main] INFO  c.orderbook.OrderBook - [ORDERBOOK] Cancelling order (id=:7)
13:00:20.409 [main] INFO  c.o.visitor.CancelOrderVisitor - [ORDERBOOK] Cancelling order: Limit(side=BUY,orderId=7,price=98,quantity=4928)
13:00:20.409 [main] DEBUG c.o.v.ReadOnlyMarketDataChannelPublishVisitor - Bid Side Size: 1
13:00:20.409 [main] DEBUG c.o.v.ReadOnlyMarketDataChannelPublishVisitor - Adding Mkt Data Msg BID: Price=98 Qty=5036570
13:00:20.409 [main] DEBUG c.o.v.ReadOnlyMarketDataChannelPublishVisitor - Ask Side Size: 1
13:00:20.409 [main] DEBUG c.o.v.ReadOnlyMarketDataChannelPublishVisitor - Adding Mkt Data Msg ASK: Price=123 Qty=906
13:00:20.409 [main] INFO  c.o.channel.MarketDataChannel - [ORDERBOOK] Sending market data update...
13:00:20.409 [main] INFO  c.sequencer.consumer.LoggingConsumer - [45] 
|----BID-----|
5036570 @ 98
|----ASK-----|
   906 @ 123

13:00:20.409 [main] DEBUG c.service.MarketDataService - [ALGO] BID: price:98 quantity:5036570
13:00:20.409 [main] DEBUG c.service.MarketDataService - [ALGO] ASK: price:123 quantity:906
13:00:20.409 [main] INFO  c.gettingstarted.MyAlgoLogic - [MYALGO] The state of the order book is:
|----BID-----||----ASK----|
5036570 @ 98   906 @ 123
|------------||-----------|

13:00:20.409 [main] INFO  c.gettingstarted.MyAlgoLogic - [MYALGO] Algo Sees Book as: 
|----BID-----||----ASK----|
5036570 @ 98   906 @ 123
|------------||-----------|

13:00:20.409 [main] INFO  c.gettingstarted.TimedLogic - [TIMEDLOGIC] Market is open
13:00:20.409 [main] INFO  c.gettingstarted.MyAlgoLogic - [MYALGO] Have:10 children, want 7, done.
13:00:20.409 [main] INFO  c.gettingstarted.MyAlgoLogic - [MYALGO] Active orders are 10
13:00:20.409 [main] INFO  c.gettingstarted.MyAlgoLogic - [MYALGO] Cancelling order:codingblackfemales.sotw.ChildOrder@38e79ae3
13:00:20.409 [main] INFO  c.gettingstarted.MyAlgoLogic - [MYALGO] Option is present, number of active orders are 10
13:00:20.409 [main] INFO  c.container.Actioner - [ALGO] Actioner, sending action:CancelChildOrder(codingblackfemales.sotw.ChildOrder@38e79ae3)
13:00:20.409 [main] INFO  c.sequencer.consumer.LoggingConsumer - [46] [CancelOrder](sbeTemplateId=5|sbeSchemaId=2|sbeSchemaVersion=0|sbeBlockLength=8):orderId=8
13:00:20.409 [main] INFO  c.orderbook.OrderBook - [ORDERBOOK] Cancelling order (id=:8)
13:00:20.409 [main] INFO  c.o.visitor.CancelOrderVisitor - [ORDERBOOK] Cancelling order: Limit(side=BUY,orderId=8,price=98,quantity=9856)
13:00:20.409 [main] DEBUG c.o.v.ReadOnlyMarketDataChannelPublishVisitor - Bid Side Size: 1
13:00:20.409 [main] DEBUG c.o.v.ReadOnlyMarketDataChannelPublishVisitor - Adding Mkt Data Msg BID: Price=98 Qty=5026714
13:00:20.409 [main] DEBUG c.o.v.ReadOnlyMarketDataChannelPublishVisitor - Ask Side Size: 1
13:00:20.409 [main] DEBUG c.o.v.ReadOnlyMarketDataChannelPublishVisitor - Adding Mkt Data Msg ASK: Price=123 Qty=906
13:00:20.409 [main] INFO  c.o.channel.MarketDataChannel - [ORDERBOOK] Sending market data update...
13:00:20.409 [main] INFO  c.sequencer.consumer.LoggingConsumer - [47] 
|----BID-----|
5026714 @ 98
|----ASK-----|
   906 @ 123

13:00:20.409 [main] DEBUG c.service.MarketDataService - [ALGO] BID: price:98 quantity:5026714
13:00:20.409 [main] DEBUG c.service.MarketDataService - [ALGO] ASK: price:123 quantity:906
13:00:20.409 [main] INFO  c.gettingstarted.MyAlgoLogic - [MYALGO] The state of the order book is:
|----BID-----||----ASK----|
5026714 @ 98   906 @ 123
|------------||-----------|

13:00:20.409 [main] INFO  c.gettingstarted.MyAlgoLogic - [MYALGO] Algo Sees Book as: 
|----BID-----||----ASK----|
5026714 @ 98   906 @ 123
|------------||-----------|

13:00:20.409 [main] INFO  c.gettingstarted.TimedLogic - [TIMEDLOGIC] Market is open
13:00:20.409 [main] INFO  c.gettingstarted.MyAlgoLogic - [MYALGO] Have:9 children, want 7, done.
13:00:20.409 [main] INFO  c.gettingstarted.MyAlgoLogic - [MYALGO] Active orders are 9
13:00:20.409 [main] INFO  c.gettingstarted.MyAlgoLogic - [MYALGO] Cancelling order:codingblackfemales.sotw.ChildOrder@63070bab
13:00:20.409 [main] INFO  c.gettingstarted.MyAlgoLogic - [MYALGO] Option is present, number of active orders are 9
13:00:20.409 [main] INFO  c.container.Actioner - [ALGO] Actioner, sending action:CancelChildOrder(codingblackfemales.sotw.ChildOrder@63070bab)
13:00:20.409 [main] INFO  c.sequencer.consumer.LoggingConsumer - [48] [CancelOrder](sbeTemplateId=5|sbeSchemaId=2|sbeSchemaVersion=0|sbeBlockLength=8):orderId=9
13:00:20.409 [main] INFO  c.orderbook.OrderBook - [ORDERBOOK] Cancelling order (id=:9)
13:00:20.409 [main] INFO  c.o.visitor.CancelOrderVisitor - [ORDERBOOK] Cancelling order: Limit(side=BUY,orderId=9,price=98,quantity=19712)
13:00:20.409 [main] DEBUG c.o.v.ReadOnlyMarketDataChannelPublishVisitor - Bid Side Size: 1
13:00:20.409 [main] DEBUG c.o.v.ReadOnlyMarketDataChannelPublishVisitor - Adding Mkt Data Msg BID: Price=98 Qty=5007002
13:00:20.409 [main] DEBUG c.o.v.ReadOnlyMarketDataChannelPublishVisitor - Ask Side Size: 1
13:00:20.409 [main] DEBUG c.o.v.ReadOnlyMarketDataChannelPublishVisitor - Adding Mkt Data Msg ASK: Price=123 Qty=906
13:00:20.409 [main] INFO  c.o.channel.MarketDataChannel - [ORDERBOOK] Sending market data update...
13:00:20.409 [main] INFO  c.sequencer.consumer.LoggingConsumer - [49] 
|----BID-----|
5007002 @ 98
|----ASK-----|
   906 @ 123

13:00:20.409 [main] DEBUG c.service.MarketDataService - [ALGO] BID: price:98 quantity:5007002
13:00:20.409 [main] DEBUG c.service.MarketDataService - [ALGO] ASK: price:123 quantity:906
13:00:20.409 [main] INFO  c.gettingstarted.MyAlgoLogic - [MYALGO] The state of the order book is:
|----BID-----||----ASK----|
5007002 @ 98   906 @ 123
|------------||-----------|

13:00:20.409 [main] INFO  c.gettingstarted.MyAlgoLogic - [MYALGO] Algo Sees Book as: 
|----BID-----||----ASK----|
5007002 @ 98   906 @ 123
|------------||-----------|

13:00:20.409 [main] INFO  c.gettingstarted.TimedLogic - [TIMEDLOGIC] Market is open
13:00:20.409 [main] INFO  c.gettingstarted.MyAlgoLogic - [MYALGO] Have:8 children, want 7, done.
13:00:20.409 [main] INFO  c.gettingstarted.MyAlgoLogic - [MYALGO] Active orders are 8
13:00:20.409 [main] INFO  c.gettingstarted.MyAlgoLogic - [MYALGO] Cancelling order:codingblackfemales.sotw.ChildOrder@68e5eea7
13:00:20.409 [main] INFO  c.gettingstarted.MyAlgoLogic - [MYALGO] Option is present, number of active orders are 8
13:00:20.409 [main] INFO  c.container.Actioner - [ALGO] Actioner, sending action:CancelChildOrder(codingblackfemales.sotw.ChildOrder@68e5eea7)
13:00:20.409 [main] INFO  c.sequencer.consumer.LoggingConsumer - [50] [CancelOrder](sbeTemplateId=5|sbeSchemaId=2|sbeSchemaVersion=0|sbeBlockLength=8):orderId=10
13:00:20.409 [main] INFO  c.orderbook.OrderBook - [ORDERBOOK] Cancelling order (id=:10)
13:00:20.409 [main] INFO  c.o.visitor.CancelOrderVisitor - [ORDERBOOK] Cancelling order: Limit(side=BUY,orderId=10,price=98,quantity=39424)
13:00:20.409 [main] DEBUG c.o.v.ReadOnlyMarketDataChannelPublishVisitor - Bid Side Size: 1
13:00:20.409 [main] DEBUG c.o.v.ReadOnlyMarketDataChannelPublishVisitor - Adding Mkt Data Msg BID: Price=98 Qty=4967578
13:00:20.409 [main] DEBUG c.o.v.ReadOnlyMarketDataChannelPublishVisitor - Ask Side Size: 1
13:00:20.409 [main] DEBUG c.o.v.ReadOnlyMarketDataChannelPublishVisitor - Adding Mkt Data Msg ASK: Price=123 Qty=906
13:00:20.409 [main] INFO  c.o.channel.MarketDataChannel - [ORDERBOOK] Sending market data update...
13:00:20.409 [main] INFO  c.sequencer.consumer.LoggingConsumer - [51] 
|----BID-----|
4967578 @ 98
|----ASK-----|
   906 @ 123

13:00:20.409 [main] DEBUG c.service.MarketDataService - [ALGO] BID: price:98 quantity:4967578
13:00:20.409 [main] DEBUG c.service.MarketDataService - [ALGO] ASK: price:123 quantity:906
13:00:20.409 [main] INFO  c.gettingstarted.MyAlgoLogic - [MYALGO] The state of the order book is:
|----BID-----||----ASK----|
4967578 @ 98   906 @ 123
|------------||-----------|

13:00:20.409 [main] INFO  c.gettingstarted.MyAlgoLogic - [MYALGO] Algo Sees Book as: 
|----BID-----||----ASK----|
4967578 @ 98   906 @ 123
|------------||-----------|

13:00:20.409 [main] INFO  c.gettingstarted.TimedLogic - [TIMEDLOGIC] Market is open
13:00:20.409 [main] INFO  c.gettingstarted.MyAlgoLogic - [MYALGO] Have:7 children, want 7, done.
13:00:20.409 [main] INFO  c.gettingstarted.MyAlgoLogic - [MYALGO] Active orders are 7
13:00:20.409 [main] INFO  c.gettingstarted.MyAlgoLogic - [MYALGO] Cancelling order:codingblackfemales.sotw.ChildOrder@291b4bf5
13:00:20.409 [main] INFO  c.gettingstarted.MyAlgoLogic - [MYALGO] Option is present, number of active orders are 7
13:00:20.409 [main] INFO  c.container.Actioner - [ALGO] Actioner, sending action:CancelChildOrder(codingblackfemales.sotw.ChildOrder@291b4bf5)
13:00:20.409 [main] INFO  c.sequencer.consumer.LoggingConsumer - [52] [CancelOrder](sbeTemplateId=5|sbeSchemaId=2|sbeSchemaVersion=0|sbeBlockLength=8):orderId=11
13:00:20.409 [main] INFO  c.orderbook.OrderBook - [ORDERBOOK] Cancelling order (id=:11)
13:00:20.409 [main] INFO  c.o.visitor.CancelOrderVisitor - [ORDERBOOK] Cancelling order: Limit(side=BUY,orderId=11,price=98,quantity=78848)
13:00:20.409 [main] DEBUG c.o.v.ReadOnlyMarketDataChannelPublishVisitor - Bid Side Size: 1
13:00:20.409 [main] DEBUG c.o.v.ReadOnlyMarketDataChannelPublishVisitor - Adding Mkt Data Msg BID: Price=98 Qty=4888730
13:00:20.409 [main] DEBUG c.o.v.ReadOnlyMarketDataChannelPublishVisitor - Ask Side Size: 1
13:00:20.409 [main] DEBUG c.o.v.ReadOnlyMarketDataChannelPublishVisitor - Adding Mkt Data Msg ASK: Price=123 Qty=906
13:00:20.409 [main] INFO  c.o.channel.MarketDataChannel - [ORDERBOOK] Sending market data update...
13:00:20.409 [main] INFO  c.sequencer.consumer.LoggingConsumer - [53] 
|----BID-----|
4888730 @ 98
|----ASK-----|
   906 @ 123

13:00:20.409 [main] DEBUG c.service.MarketDataService - [ALGO] BID: price:98 quantity:4888730
13:00:20.409 [main] DEBUG c.service.MarketDataService - [ALGO] ASK: price:123 quantity:906
13:00:20.409 [main] INFO  c.gettingstarted.MyAlgoLogic - [MYALGO] The state of the order book is:
|----BID-----||----ASK----|
4888730 @ 98   906 @ 123
|------------||-----------|

13:00:20.409 [main] INFO  c.gettingstarted.MyAlgoLogic - [MYALGO] Algo Sees Book as: 
|----BID-----||----ASK----|
4888730 @ 98   906 @ 123
|------------||-----------|

13:00:20.409 [main] INFO  c.gettingstarted.TimedLogic - [TIMEDLOGIC] Market is open
]]></system-out>
  </testcase>
  <testcase name="testsCancelledOrders" classname="codingblackfemales.gettingstarted.MyAlgoBackTest" time="0.054">
    <system-out><![CDATA[13:00:20.425 [main] INFO  c.sequencer.consumer.LoggingConsumer - [1] 
|----BID-----|
    100 @ 95
    200 @ 93
    300 @ 91
|----ASK-----|
    501 @ 98
   200 @ 101
  5000 @ 110
  5600 @ 119

13:00:20.425 [main] INFO  c.orderbook.OrderBook - [ORDERBOOK] Processing Mkt Data Update
13:00:20.425 [main] DEBUG c.orderbook.OrderBook - [ORDERBOOK] ASK: Adding orderMktData(price=95,quantity=100)
13:00:20.425 [main] DEBUG c.orderbook.OrderBook - [ORDERBOOK] ASK: Adding orderMktData(price=93,quantity=200)
13:00:20.425 [main] DEBUG c.orderbook.OrderBook - [ORDERBOOK] ASK: Adding orderMktData(price=91,quantity=300)
13:00:20.425 [main] DEBUG c.orderbook.OrderBook - [ORDERBOOK] ASK: Adding orderMktData(price=98,quantity=501)
13:00:20.425 [main] DEBUG c.orderbook.OrderBook - [ORDERBOOK] ASK: Adding orderMktData(price=101,quantity=200)
13:00:20.425 [main] DEBUG c.orderbook.OrderBook - [ORDERBOOK] ASK: Adding orderMktData(price=110,quantity=5000)
13:00:20.425 [main] DEBUG c.orderbook.OrderBook - [ORDERBOOK] ASK: Adding orderMktData(price=119,quantity=5600)
13:00:20.425 [main] DEBUG c.service.MarketDataService - [ALGO] BID: price:95 quantity:100
13:00:20.425 [main] DEBUG c.service.MarketDataService - [ALGO] BID: price:93 quantity:200
13:00:20.425 [main] DEBUG c.service.MarketDataService - [ALGO] BID: price:91 quantity:300
13:00:20.425 [main] DEBUG c.service.MarketDataService - [ALGO] ASK: price:98 quantity:501
13:00:20.425 [main] DEBUG c.service.MarketDataService - [ALGO] ASK: price:101 quantity:200
13:00:20.425 [main] DEBUG c.service.MarketDataService - [ALGO] ASK: price:110 quantity:5000
13:00:20.425 [main] DEBUG c.service.MarketDataService - [ALGO] ASK: price:119 quantity:5600
13:00:20.425 [main] INFO  c.gettingstarted.MyAlgoLogic - [MYALGO] The state of the order book is:
|----BID-----||----ASK----|
    100 @ 95    501 @ 98
    200 @ 93   200 @ 101
    300 @ 91  5000 @ 110
          -   5600 @ 119
|------------||-----------|

13:00:20.425 [main] INFO  c.gettingstarted.MyAlgoLogic - [MYALGO] Algo Sees Book as: 
|----BID-----||----ASK----|
    100 @ 95    501 @ 98
    200 @ 93   200 @ 101
    300 @ 91  5000 @ 110
          -   5600 @ 119
|------------||-----------|

13:00:20.425 [main] INFO  c.gettingstarted.TimedLogic - [TIMEDLOGIC] Market is open
13:00:20.425 [main] INFO  c.gettingstarted.MyAlgoLogic - [MYALGO] Aftr buy orders0
13:00:20.425 [main] INFO  c.gettingstarted.MyAlgoLogic - [MYALGO] After Buy total orders0
13:00:20.425 [main] INFO  c.container.Actioner - [ALGO] Actioner, sending action:CreateChildOrder(side=BUY,quantity=100,price=95)
13:00:20.425 [main] INFO  c.sequencer.consumer.LoggingConsumer - [2] [CreateOrder](sbeTemplateId=4|sbeSchemaId=2|sbeSchemaVersion=0|sbeBlockLength=33):instrumentId=0|price=95|quantity=100|side=BUY|orderId=2
13:00:20.425 [main] INFO  c.orderbook.OrderBook - [ORDERBOOK] Adding passive limit order to BID bookLimit(side=BUY,orderId=2,price=95,quantity=100)
13:00:20.425 [main] INFO  c.o.visitor.MutatingAddOrderVisitor - [ORDERBOOK] + MktData(price=95,quantity=100)
13:00:20.425 [main] DEBUG c.o.v.ReadOnlyMarketDataChannelPublishVisitor - Bid Side Size: 3
13:00:20.425 [main] DEBUG c.o.v.ReadOnlyMarketDataChannelPublishVisitor - Adding Mkt Data Msg BID: Price=95 Qty=200
13:00:20.425 [main] DEBUG c.o.v.ReadOnlyMarketDataChannelPublishVisitor - Adding Mkt Data Msg BID: Price=93 Qty=200
13:00:20.425 [main] DEBUG c.o.v.ReadOnlyMarketDataChannelPublishVisitor - Adding Mkt Data Msg BID: Price=91 Qty=300
13:00:20.425 [main] DEBUG c.o.v.ReadOnlyMarketDataChannelPublishVisitor - Ask Side Size: 4
13:00:20.425 [main] DEBUG c.o.v.ReadOnlyMarketDataChannelPublishVisitor - Adding Mkt Data Msg ASK: Price=98 Qty=501
13:00:20.425 [main] DEBUG c.o.v.ReadOnlyMarketDataChannelPublishVisitor - Adding Mkt Data Msg ASK: Price=101 Qty=200
13:00:20.425 [main] DEBUG c.o.v.ReadOnlyMarketDataChannelPublishVisitor - Adding Mkt Data Msg ASK: Price=110 Qty=5000
13:00:20.425 [main] DEBUG c.o.v.ReadOnlyMarketDataChannelPublishVisitor - Adding Mkt Data Msg ASK: Price=119 Qty=5600
13:00:20.425 [main] INFO  c.o.channel.MarketDataChannel - [ORDERBOOK] Sending market data update...
13:00:20.425 [main] INFO  c.sequencer.consumer.LoggingConsumer - [3] 
|----BID-----|
    200 @ 95
    200 @ 93
    300 @ 91
|----ASK-----|
    501 @ 98
   200 @ 101
  5000 @ 110
  5600 @ 119

13:00:20.425 [main] DEBUG c.service.MarketDataService - [ALGO] BID: price:95 quantity:200
13:00:20.425 [main] DEBUG c.service.MarketDataService - [ALGO] BID: price:93 quantity:200
13:00:20.425 [main] DEBUG c.service.MarketDataService - [ALGO] BID: price:91 quantity:300
13:00:20.425 [main] DEBUG c.service.MarketDataService - [ALGO] ASK: price:98 quantity:501
13:00:20.425 [main] DEBUG c.service.MarketDataService - [ALGO] ASK: price:101 quantity:200
13:00:20.425 [main] DEBUG c.service.MarketDataService - [ALGO] ASK: price:110 quantity:5000
13:00:20.425 [main] DEBUG c.service.MarketDataService - [ALGO] ASK: price:119 quantity:5600
13:00:20.425 [main] INFO  c.gettingstarted.MyAlgoLogic - [MYALGO] The state of the order book is:
|----BID-----||----ASK----|
    200 @ 95    501 @ 98
    200 @ 93   200 @ 101
    300 @ 91  5000 @ 110
          -   5600 @ 119
|------------||-----------|

13:00:20.425 [main] INFO  c.gettingstarted.MyAlgoLogic - [MYALGO] Algo Sees Book as: 
|----BID-----||----ASK----|
    200 @ 95    501 @ 98
    200 @ 93   200 @ 101
    300 @ 91  5000 @ 110
          -   5600 @ 119
|------------||-----------|

13:00:20.425 [main] INFO  c.gettingstarted.TimedLogic - [TIMEDLOGIC] Market is open
13:00:20.425 [main] INFO  c.gettingstarted.MyAlgoLogic - [MYALGO] Aftr buy orders1
13:00:20.425 [main] INFO  c.gettingstarted.MyAlgoLogic - [MYALGO] After Buy total orders1
13:00:20.425 [main] INFO  c.container.Actioner - [ALGO] Actioner, sending action:CreateChildOrder(side=BUY,quantity=200,price=95)
13:00:20.425 [main] INFO  c.sequencer.consumer.LoggingConsumer - [4] [CreateOrder](sbeTemplateId=4|sbeSchemaId=2|sbeSchemaVersion=0|sbeBlockLength=33):instrumentId=0|price=95|quantity=200|side=BUY|orderId=3
13:00:20.425 [main] INFO  c.orderbook.OrderBook - [ORDERBOOK] Adding passive limit order to BID bookLimit(side=BUY,orderId=3,price=95,quantity=200)
13:00:20.425 [main] INFO  c.o.visitor.MutatingAddOrderVisitor - [ORDERBOOK] + Limit(side=BUY,orderId=2,price=95,quantity=100)
13:00:20.425 [main] DEBUG c.o.v.ReadOnlyMarketDataChannelPublishVisitor - Bid Side Size: 3
13:00:20.425 [main] DEBUG c.o.v.ReadOnlyMarketDataChannelPublishVisitor - Adding Mkt Data Msg BID: Price=95 Qty=400
13:00:20.425 [main] DEBUG c.o.v.ReadOnlyMarketDataChannelPublishVisitor - Adding Mkt Data Msg BID: Price=93 Qty=200
13:00:20.425 [main] DEBUG c.o.v.ReadOnlyMarketDataChannelPublishVisitor - Adding Mkt Data Msg BID: Price=91 Qty=300
13:00:20.425 [main] DEBUG c.o.v.ReadOnlyMarketDataChannelPublishVisitor - Ask Side Size: 4
13:00:20.425 [main] DEBUG c.o.v.ReadOnlyMarketDataChannelPublishVisitor - Adding Mkt Data Msg ASK: Price=98 Qty=501
13:00:20.425 [main] DEBUG c.o.v.ReadOnlyMarketDataChannelPublishVisitor - Adding Mkt Data Msg ASK: Price=101 Qty=200
13:00:20.425 [main] DEBUG c.o.v.ReadOnlyMarketDataChannelPublishVisitor - Adding Mkt Data Msg ASK: Price=110 Qty=5000
13:00:20.425 [main] DEBUG c.o.v.ReadOnlyMarketDataChannelPublishVisitor - Adding Mkt Data Msg ASK: Price=119 Qty=5600
13:00:20.425 [main] INFO  c.o.channel.MarketDataChannel - [ORDERBOOK] Sending market data update...
13:00:20.425 [main] INFO  c.sequencer.consumer.LoggingConsumer - [5] 
|----BID-----|
    400 @ 95
    200 @ 93
    300 @ 91
|----ASK-----|
    501 @ 98
   200 @ 101
  5000 @ 110
  5600 @ 119

13:00:20.425 [main] DEBUG c.service.MarketDataService - [ALGO] BID: price:95 quantity:400
13:00:20.425 [main] DEBUG c.service.MarketDataService - [ALGO] BID: price:93 quantity:200
13:00:20.425 [main] DEBUG c.service.MarketDataService - [ALGO] BID: price:91 quantity:300
13:00:20.425 [main] DEBUG c.service.MarketDataService - [ALGO] ASK: price:98 quantity:501
13:00:20.425 [main] DEBUG c.service.MarketDataService - [ALGO] ASK: price:101 quantity:200
13:00:20.425 [main] DEBUG c.service.MarketDataService - [ALGO] ASK: price:110 quantity:5000
13:00:20.425 [main] DEBUG c.service.MarketDataService - [ALGO] ASK: price:119 quantity:5600
13:00:20.425 [main] INFO  c.gettingstarted.MyAlgoLogic - [MYALGO] The state of the order book is:
|----BID-----||----ASK----|
    400 @ 95    501 @ 98
    200 @ 93   200 @ 101
    300 @ 91  5000 @ 110
          -   5600 @ 119
|------------||-----------|

13:00:20.425 [main] INFO  c.gettingstarted.MyAlgoLogic - [MYALGO] Algo Sees Book as: 
|----BID-----||----ASK----|
    400 @ 95    501 @ 98
    200 @ 93   200 @ 101
    300 @ 91  5000 @ 110
          -   5600 @ 119
|------------||-----------|

13:00:20.425 [main] INFO  c.gettingstarted.TimedLogic - [TIMEDLOGIC] Market is open
13:00:20.425 [main] INFO  c.gettingstarted.MyAlgoLogic - [MYALGO] Aftr buy orders2
13:00:20.425 [main] INFO  c.gettingstarted.MyAlgoLogic - [MYALGO] After Buy total orders2
13:00:20.425 [main] INFO  c.container.Actioner - [ALGO] Actioner, sending action:CreateChildOrder(side=BUY,quantity=400,price=95)
13:00:20.425 [main] INFO  c.sequencer.consumer.LoggingConsumer - [6] [CreateOrder](sbeTemplateId=4|sbeSchemaId=2|sbeSchemaVersion=0|sbeBlockLength=33):instrumentId=0|price=95|quantity=400|side=BUY|orderId=4
13:00:20.425 [main] INFO  c.orderbook.OrderBook - [ORDERBOOK] Adding passive limit order to BID bookLimit(side=BUY,orderId=4,price=95,quantity=400)
13:00:20.425 [main] INFO  c.o.visitor.MutatingAddOrderVisitor - [ORDERBOOK] + Limit(side=BUY,orderId=3,price=95,quantity=200)
13:00:20.425 [main] DEBUG c.o.v.ReadOnlyMarketDataChannelPublishVisitor - Bid Side Size: 3
13:00:20.425 [main] DEBUG c.o.v.ReadOnlyMarketDataChannelPublishVisitor - Adding Mkt Data Msg BID: Price=95 Qty=800
13:00:20.425 [main] DEBUG c.o.v.ReadOnlyMarketDataChannelPublishVisitor - Adding Mkt Data Msg BID: Price=93 Qty=200
13:00:20.425 [main] DEBUG c.o.v.ReadOnlyMarketDataChannelPublishVisitor - Adding Mkt Data Msg BID: Price=91 Qty=300
13:00:20.425 [main] DEBUG c.o.v.ReadOnlyMarketDataChannelPublishVisitor - Ask Side Size: 4
13:00:20.425 [main] DEBUG c.o.v.ReadOnlyMarketDataChannelPublishVisitor - Adding Mkt Data Msg ASK: Price=98 Qty=501
13:00:20.425 [main] DEBUG c.o.v.ReadOnlyMarketDataChannelPublishVisitor - Adding Mkt Data Msg ASK: Price=101 Qty=200
13:00:20.425 [main] DEBUG c.o.v.ReadOnlyMarketDataChannelPublishVisitor - Adding Mkt Data Msg ASK: Price=110 Qty=5000
13:00:20.425 [main] DEBUG c.o.v.ReadOnlyMarketDataChannelPublishVisitor - Adding Mkt Data Msg ASK: Price=119 Qty=5600
13:00:20.425 [main] INFO  c.o.channel.MarketDataChannel - [ORDERBOOK] Sending market data update...
13:00:20.425 [main] INFO  c.sequencer.consumer.LoggingConsumer - [7] 
|----BID-----|
    800 @ 95
    200 @ 93
    300 @ 91
|----ASK-----|
    501 @ 98
   200 @ 101
  5000 @ 110
  5600 @ 119

13:00:20.425 [main] DEBUG c.service.MarketDataService - [ALGO] BID: price:95 quantity:800
13:00:20.425 [main] DEBUG c.service.MarketDataService - [ALGO] BID: price:93 quantity:200
13:00:20.425 [main] DEBUG c.service.MarketDataService - [ALGO] BID: price:91 quantity:300
13:00:20.425 [main] DEBUG c.service.MarketDataService - [ALGO] ASK: price:98 quantity:501
13:00:20.425 [main] DEBUG c.service.MarketDataService - [ALGO] ASK: price:101 quantity:200
13:00:20.425 [main] DEBUG c.service.MarketDataService - [ALGO] ASK: price:110 quantity:5000
13:00:20.425 [main] DEBUG c.service.MarketDataService - [ALGO] ASK: price:119 quantity:5600
13:00:20.425 [main] INFO  c.gettingstarted.MyAlgoLogic - [MYALGO] The state of the order book is:
|----BID-----||----ASK----|
    800 @ 95    501 @ 98
    200 @ 93   200 @ 101
    300 @ 91  5000 @ 110
          -   5600 @ 119
|------------||-----------|

13:00:20.425 [main] INFO  c.gettingstarted.MyAlgoLogic - [MYALGO] Algo Sees Book as: 
|----BID-----||----ASK----|
    800 @ 95    501 @ 98
    200 @ 93   200 @ 101
    300 @ 91  5000 @ 110
          -   5600 @ 119
|------------||-----------|

13:00:20.425 [main] INFO  c.gettingstarted.TimedLogic - [TIMEDLOGIC] Market is open
13:00:20.425 [main] INFO  c.gettingstarted.MyAlgoLogic - [MYALGO] Aftr buy orders3
13:00:20.425 [main] INFO  c.gettingstarted.MyAlgoLogic - [MYALGO] After Buy total orders3
13:00:20.425 [main] INFO  c.container.Actioner - [ALGO] Actioner, sending action:CreateChildOrder(side=BUY,quantity=800,price=95)
13:00:20.425 [main] INFO  c.sequencer.consumer.LoggingConsumer - [8] [CreateOrder](sbeTemplateId=4|sbeSchemaId=2|sbeSchemaVersion=0|sbeBlockLength=33):instrumentId=0|price=95|quantity=800|side=BUY|orderId=5
13:00:20.425 [main] INFO  c.orderbook.OrderBook - [ORDERBOOK] Adding passive limit order to BID bookLimit(side=BUY,orderId=5,price=95,quantity=800)
13:00:20.425 [main] INFO  c.o.visitor.MutatingAddOrderVisitor - [ORDERBOOK] + Limit(side=BUY,orderId=4,price=95,quantity=400)
13:00:20.425 [main] DEBUG c.o.v.ReadOnlyMarketDataChannelPublishVisitor - Bid Side Size: 3
13:00:20.425 [main] DEBUG c.o.v.ReadOnlyMarketDataChannelPublishVisitor - Adding Mkt Data Msg BID: Price=95 Qty=1600
13:00:20.425 [main] DEBUG c.o.v.ReadOnlyMarketDataChannelPublishVisitor - Adding Mkt Data Msg BID: Price=93 Qty=200
13:00:20.425 [main] DEBUG c.o.v.ReadOnlyMarketDataChannelPublishVisitor - Adding Mkt Data Msg BID: Price=91 Qty=300
13:00:20.425 [main] DEBUG c.o.v.ReadOnlyMarketDataChannelPublishVisitor - Ask Side Size: 4
13:00:20.425 [main] DEBUG c.o.v.ReadOnlyMarketDataChannelPublishVisitor - Adding Mkt Data Msg ASK: Price=98 Qty=501
13:00:20.425 [main] DEBUG c.o.v.ReadOnlyMarketDataChannelPublishVisitor - Adding Mkt Data Msg ASK: Price=101 Qty=200
13:00:20.425 [main] DEBUG c.o.v.ReadOnlyMarketDataChannelPublishVisitor - Adding Mkt Data Msg ASK: Price=110 Qty=5000
13:00:20.425 [main] DEBUG c.o.v.ReadOnlyMarketDataChannelPublishVisitor - Adding Mkt Data Msg ASK: Price=119 Qty=5600
13:00:20.425 [main] INFO  c.o.channel.MarketDataChannel - [ORDERBOOK] Sending market data update...
13:00:20.425 [main] INFO  c.sequencer.consumer.LoggingConsumer - [9] 
|----BID-----|
   1600 @ 95
    200 @ 93
    300 @ 91
|----ASK-----|
    501 @ 98
   200 @ 101
  5000 @ 110
  5600 @ 119

13:00:20.425 [main] DEBUG c.service.MarketDataService - [ALGO] BID: price:95 quantity:1600
13:00:20.425 [main] DEBUG c.service.MarketDataService - [ALGO] BID: price:93 quantity:200
13:00:20.425 [main] DEBUG c.service.MarketDataService - [ALGO] BID: price:91 quantity:300
13:00:20.425 [main] DEBUG c.service.MarketDataService - [ALGO] ASK: price:98 quantity:501
13:00:20.425 [main] DEBUG c.service.MarketDataService - [ALGO] ASK: price:101 quantity:200
13:00:20.425 [main] DEBUG c.service.MarketDataService - [ALGO] ASK: price:110 quantity:5000
13:00:20.425 [main] DEBUG c.service.MarketDataService - [ALGO] ASK: price:119 quantity:5600
13:00:20.425 [main] INFO  c.gettingstarted.MyAlgoLogic - [MYALGO] The state of the order book is:
|----BID-----||----ASK----|
   1600 @ 95    501 @ 98
    200 @ 93   200 @ 101
    300 @ 91  5000 @ 110
          -   5600 @ 119
|------------||-----------|

13:00:20.425 [main] INFO  c.gettingstarted.MyAlgoLogic - [MYALGO] Algo Sees Book as: 
|----BID-----||----ASK----|
   1600 @ 95    501 @ 98
    200 @ 93   200 @ 101
    300 @ 91  5000 @ 110
          -   5600 @ 119
|------------||-----------|

13:00:20.425 [main] INFO  c.gettingstarted.TimedLogic - [TIMEDLOGIC] Market is open
13:00:20.425 [main] INFO  c.gettingstarted.MyAlgoLogic - [MYALGO] Aftr buy orders4
13:00:20.425 [main] INFO  c.gettingstarted.MyAlgoLogic - [MYALGO] After Buy total orders4
13:00:20.425 [main] INFO  c.container.Actioner - [ALGO] Actioner, sending action:CreateChildOrder(side=BUY,quantity=1600,price=95)
13:00:20.425 [main] INFO  c.sequencer.consumer.LoggingConsumer - [10] [CreateOrder](sbeTemplateId=4|sbeSchemaId=2|sbeSchemaVersion=0|sbeBlockLength=33):instrumentId=0|price=95|quantity=1600|side=BUY|orderId=6
13:00:20.425 [main] INFO  c.orderbook.OrderBook - [ORDERBOOK] Adding passive limit order to BID bookLimit(side=BUY,orderId=6,price=95,quantity=1600)
13:00:20.425 [main] INFO  c.o.visitor.MutatingAddOrderVisitor - [ORDERBOOK] + Limit(side=BUY,orderId=5,price=95,quantity=800)
13:00:20.425 [main] DEBUG c.o.v.ReadOnlyMarketDataChannelPublishVisitor - Bid Side Size: 3
13:00:20.425 [main] DEBUG c.o.v.ReadOnlyMarketDataChannelPublishVisitor - Adding Mkt Data Msg BID: Price=95 Qty=3200
13:00:20.425 [main] DEBUG c.o.v.ReadOnlyMarketDataChannelPublishVisitor - Adding Mkt Data Msg BID: Price=93 Qty=200
13:00:20.425 [main] DEBUG c.o.v.ReadOnlyMarketDataChannelPublishVisitor - Adding Mkt Data Msg BID: Price=91 Qty=300
13:00:20.425 [main] DEBUG c.o.v.ReadOnlyMarketDataChannelPublishVisitor - Ask Side Size: 4
13:00:20.425 [main] DEBUG c.o.v.ReadOnlyMarketDataChannelPublishVisitor - Adding Mkt Data Msg ASK: Price=98 Qty=501
13:00:20.425 [main] DEBUG c.o.v.ReadOnlyMarketDataChannelPublishVisitor - Adding Mkt Data Msg ASK: Price=101 Qty=200
13:00:20.425 [main] DEBUG c.o.v.ReadOnlyMarketDataChannelPublishVisitor - Adding Mkt Data Msg ASK: Price=110 Qty=5000
13:00:20.425 [main] DEBUG c.o.v.ReadOnlyMarketDataChannelPublishVisitor - Adding Mkt Data Msg ASK: Price=119 Qty=5600
13:00:20.425 [main] INFO  c.o.channel.MarketDataChannel - [ORDERBOOK] Sending market data update...
13:00:20.425 [main] INFO  c.sequencer.consumer.LoggingConsumer - [11] 
|----BID-----|
   3200 @ 95
    200 @ 93
    300 @ 91
|----ASK-----|
    501 @ 98
   200 @ 101
  5000 @ 110
  5600 @ 119

13:00:20.425 [main] DEBUG c.service.MarketDataService - [ALGO] BID: price:95 quantity:3200
13:00:20.425 [main] DEBUG c.service.MarketDataService - [ALGO] BID: price:93 quantity:200
13:00:20.425 [main] DEBUG c.service.MarketDataService - [ALGO] BID: price:91 quantity:300
13:00:20.425 [main] DEBUG c.service.MarketDataService - [ALGO] ASK: price:98 quantity:501
13:00:20.425 [main] DEBUG c.service.MarketDataService - [ALGO] ASK: price:101 quantity:200
13:00:20.425 [main] DEBUG c.service.MarketDataService - [ALGO] ASK: price:110 quantity:5000
13:00:20.425 [main] DEBUG c.service.MarketDataService - [ALGO] ASK: price:119 quantity:5600
13:00:20.425 [main] INFO  c.gettingstarted.MyAlgoLogic - [MYALGO] The state of the order book is:
|----BID-----||----ASK----|
   3200 @ 95    501 @ 98
    200 @ 93   200 @ 101
    300 @ 91  5000 @ 110
          -   5600 @ 119
|------------||-----------|

13:00:20.425 [main] INFO  c.gettingstarted.MyAlgoLogic - [MYALGO] Algo Sees Book as: 
|----BID-----||----ASK----|
   3200 @ 95    501 @ 98
    200 @ 93   200 @ 101
    300 @ 91  5000 @ 110
          -   5600 @ 119
|------------||-----------|

13:00:20.425 [main] INFO  c.gettingstarted.TimedLogic - [TIMEDLOGIC] Market is open
13:00:20.425 [main] INFO  c.gettingstarted.MyAlgoLogic - [MYALGO] Aftr buy orders5
13:00:20.425 [main] INFO  c.gettingstarted.MyAlgoLogic - [MYALGO] After Buy total orders5
13:00:20.425 [main] INFO  c.container.Actioner - [ALGO] Actioner, sending action:CreateChildOrder(side=BUY,quantity=3200,price=95)
13:00:20.425 [main] INFO  c.sequencer.consumer.LoggingConsumer - [12] [CreateOrder](sbeTemplateId=4|sbeSchemaId=2|sbeSchemaVersion=0|sbeBlockLength=33):instrumentId=0|price=95|quantity=3200|side=BUY|orderId=7
13:00:20.425 [main] INFO  c.orderbook.OrderBook - [ORDERBOOK] Adding passive limit order to BID bookLimit(side=BUY,orderId=7,price=95,quantity=3200)
13:00:20.425 [main] INFO  c.o.visitor.MutatingAddOrderVisitor - [ORDERBOOK] + Limit(side=BUY,orderId=6,price=95,quantity=1600)
13:00:20.425 [main] DEBUG c.o.v.ReadOnlyMarketDataChannelPublishVisitor - Bid Side Size: 3
13:00:20.425 [main] DEBUG c.o.v.ReadOnlyMarketDataChannelPublishVisitor - Adding Mkt Data Msg BID: Price=95 Qty=6400
13:00:20.425 [main] DEBUG c.o.v.ReadOnlyMarketDataChannelPublishVisitor - Adding Mkt Data Msg BID: Price=93 Qty=200
13:00:20.425 [main] DEBUG c.o.v.ReadOnlyMarketDataChannelPublishVisitor - Adding Mkt Data Msg BID: Price=91 Qty=300
13:00:20.425 [main] DEBUG c.o.v.ReadOnlyMarketDataChannelPublishVisitor - Ask Side Size: 4
13:00:20.425 [main] DEBUG c.o.v.ReadOnlyMarketDataChannelPublishVisitor - Adding Mkt Data Msg ASK: Price=98 Qty=501
13:00:20.425 [main] DEBUG c.o.v.ReadOnlyMarketDataChannelPublishVisitor - Adding Mkt Data Msg ASK: Price=101 Qty=200
13:00:20.425 [main] DEBUG c.o.v.ReadOnlyMarketDataChannelPublishVisitor - Adding Mkt Data Msg ASK: Price=110 Qty=5000
13:00:20.425 [main] DEBUG c.o.v.ReadOnlyMarketDataChannelPublishVisitor - Adding Mkt Data Msg ASK: Price=119 Qty=5600
13:00:20.425 [main] INFO  c.o.channel.MarketDataChannel - [ORDERBOOK] Sending market data update...
13:00:20.425 [main] INFO  c.sequencer.consumer.LoggingConsumer - [13] 
|----BID-----|
   6400 @ 95
    200 @ 93
    300 @ 91
|----ASK-----|
    501 @ 98
   200 @ 101
  5000 @ 110
  5600 @ 119

13:00:20.425 [main] DEBUG c.service.MarketDataService - [ALGO] BID: price:95 quantity:6400
13:00:20.425 [main] DEBUG c.service.MarketDataService - [ALGO] BID: price:93 quantity:200
13:00:20.425 [main] DEBUG c.service.MarketDataService - [ALGO] BID: price:91 quantity:300
13:00:20.425 [main] DEBUG c.service.MarketDataService - [ALGO] ASK: price:98 quantity:501
13:00:20.425 [main] DEBUG c.service.MarketDataService - [ALGO] ASK: price:101 quantity:200
13:00:20.425 [main] DEBUG c.service.MarketDataService - [ALGO] ASK: price:110 quantity:5000
13:00:20.425 [main] DEBUG c.service.MarketDataService - [ALGO] ASK: price:119 quantity:5600
13:00:20.425 [main] INFO  c.gettingstarted.MyAlgoLogic - [MYALGO] The state of the order book is:
|----BID-----||----ASK----|
   6400 @ 95    501 @ 98
    200 @ 93   200 @ 101
    300 @ 91  5000 @ 110
          -   5600 @ 119
|------------||-----------|

13:00:20.425 [main] INFO  c.gettingstarted.MyAlgoLogic - [MYALGO] Algo Sees Book as: 
|----BID-----||----ASK----|
   6400 @ 95    501 @ 98
    200 @ 93   200 @ 101
    300 @ 91  5000 @ 110
          -   5600 @ 119
|------------||-----------|

13:00:20.425 [main] INFO  c.gettingstarted.TimedLogic - [TIMEDLOGIC] Market is open
13:00:20.425 [main] INFO  c.gettingstarted.MyAlgoLogic - [MYALGO] Aftr buy orders6
13:00:20.425 [main] INFO  c.gettingstarted.MyAlgoLogic - [MYALGO] After Buy total orders6
13:00:20.425 [main] INFO  c.container.Actioner - [ALGO] Actioner, sending action:CreateChildOrder(side=BUY,quantity=6400,price=95)
13:00:20.425 [main] INFO  c.sequencer.consumer.LoggingConsumer - [14] [CreateOrder](sbeTemplateId=4|sbeSchemaId=2|sbeSchemaVersion=0|sbeBlockLength=33):instrumentId=0|price=95|quantity=6400|side=BUY|orderId=8
13:00:20.425 [main] INFO  c.orderbook.OrderBook - [ORDERBOOK] Adding passive limit order to BID bookLimit(side=BUY,orderId=8,price=95,quantity=6400)
13:00:20.425 [main] INFO  c.o.visitor.MutatingAddOrderVisitor - [ORDERBOOK] + Limit(side=BUY,orderId=7,price=95,quantity=3200)
13:00:20.425 [main] DEBUG c.o.v.ReadOnlyMarketDataChannelPublishVisitor - Bid Side Size: 3
13:00:20.425 [main] DEBUG c.o.v.ReadOnlyMarketDataChannelPublishVisitor - Adding Mkt Data Msg BID: Price=95 Qty=12800
13:00:20.425 [main] DEBUG c.o.v.ReadOnlyMarketDataChannelPublishVisitor - Adding Mkt Data Msg BID: Price=93 Qty=200
13:00:20.425 [main] DEBUG c.o.v.ReadOnlyMarketDataChannelPublishVisitor - Adding Mkt Data Msg BID: Price=91 Qty=300
13:00:20.425 [main] DEBUG c.o.v.ReadOnlyMarketDataChannelPublishVisitor - Ask Side Size: 4
13:00:20.425 [main] DEBUG c.o.v.ReadOnlyMarketDataChannelPublishVisitor - Adding Mkt Data Msg ASK: Price=98 Qty=501
13:00:20.425 [main] DEBUG c.o.v.ReadOnlyMarketDataChannelPublishVisitor - Adding Mkt Data Msg ASK: Price=101 Qty=200
13:00:20.425 [main] DEBUG c.o.v.ReadOnlyMarketDataChannelPublishVisitor - Adding Mkt Data Msg ASK: Price=110 Qty=5000
13:00:20.425 [main] DEBUG c.o.v.ReadOnlyMarketDataChannelPublishVisitor - Adding Mkt Data Msg ASK: Price=119 Qty=5600
13:00:20.425 [main] INFO  c.o.channel.MarketDataChannel - [ORDERBOOK] Sending market data update...
13:00:20.425 [main] INFO  c.sequencer.consumer.LoggingConsumer - [15] 
|----BID-----|
  12800 @ 95
    200 @ 93
    300 @ 91
|----ASK-----|
    501 @ 98
   200 @ 101
  5000 @ 110
  5600 @ 119

13:00:20.425 [main] DEBUG c.service.MarketDataService - [ALGO] BID: price:95 quantity:12800
13:00:20.425 [main] DEBUG c.service.MarketDataService - [ALGO] BID: price:93 quantity:200
13:00:20.425 [main] DEBUG c.service.MarketDataService - [ALGO] BID: price:91 quantity:300
13:00:20.425 [main] DEBUG c.service.MarketDataService - [ALGO] ASK: price:98 quantity:501
13:00:20.425 [main] DEBUG c.service.MarketDataService - [ALGO] ASK: price:101 quantity:200
13:00:20.425 [main] DEBUG c.service.MarketDataService - [ALGO] ASK: price:110 quantity:5000
13:00:20.425 [main] DEBUG c.service.MarketDataService - [ALGO] ASK: price:119 quantity:5600
13:00:20.425 [main] INFO  c.gettingstarted.MyAlgoLogic - [MYALGO] The state of the order book is:
|----BID-----||----ASK----|
  12800 @ 95    501 @ 98
    200 @ 93   200 @ 101
    300 @ 91  5000 @ 110
          -   5600 @ 119
|------------||-----------|

13:00:20.425 [main] INFO  c.gettingstarted.MyAlgoLogic - [MYALGO] Algo Sees Book as: 
|----BID-----||----ASK----|
  12800 @ 95    501 @ 98
    200 @ 93   200 @ 101
    300 @ 91  5000 @ 110
          -   5600 @ 119
|------------||-----------|

13:00:20.425 [main] INFO  c.gettingstarted.TimedLogic - [TIMEDLOGIC] Market is open
13:00:20.425 [main] INFO  c.gettingstarted.MyAlgoLogic - [MYALGO] Aftr buy orders7
13:00:20.425 [main] INFO  c.gettingstarted.MyAlgoLogic - [MYALGO] After Buy total orders7
13:00:20.425 [main] INFO  c.container.Actioner - [ALGO] Actioner, sending action:CreateChildOrder(side=BUY,quantity=12800,price=95)
13:00:20.425 [main] INFO  c.sequencer.consumer.LoggingConsumer - [16] [CreateOrder](sbeTemplateId=4|sbeSchemaId=2|sbeSchemaVersion=0|sbeBlockLength=33):instrumentId=0|price=95|quantity=12800|side=BUY|orderId=9
13:00:20.425 [main] INFO  c.orderbook.OrderBook - [ORDERBOOK] Adding passive limit order to BID bookLimit(side=BUY,orderId=9,price=95,quantity=12800)
13:00:20.425 [main] INFO  c.o.visitor.MutatingAddOrderVisitor - [ORDERBOOK] + Limit(side=BUY,orderId=8,price=95,quantity=6400)
13:00:20.425 [main] DEBUG c.o.v.ReadOnlyMarketDataChannelPublishVisitor - Bid Side Size: 3
13:00:20.425 [main] DEBUG c.o.v.ReadOnlyMarketDataChannelPublishVisitor - Adding Mkt Data Msg BID: Price=95 Qty=25600
13:00:20.425 [main] DEBUG c.o.v.ReadOnlyMarketDataChannelPublishVisitor - Adding Mkt Data Msg BID: Price=93 Qty=200
13:00:20.425 [main] DEBUG c.o.v.ReadOnlyMarketDataChannelPublishVisitor - Adding Mkt Data Msg BID: Price=91 Qty=300
13:00:20.425 [main] DEBUG c.o.v.ReadOnlyMarketDataChannelPublishVisitor - Ask Side Size: 4
13:00:20.425 [main] DEBUG c.o.v.ReadOnlyMarketDataChannelPublishVisitor - Adding Mkt Data Msg ASK: Price=98 Qty=501
13:00:20.425 [main] DEBUG c.o.v.ReadOnlyMarketDataChannelPublishVisitor - Adding Mkt Data Msg ASK: Price=101 Qty=200
13:00:20.425 [main] DEBUG c.o.v.ReadOnlyMarketDataChannelPublishVisitor - Adding Mkt Data Msg ASK: Price=110 Qty=5000
13:00:20.425 [main] DEBUG c.o.v.ReadOnlyMarketDataChannelPublishVisitor - Adding Mkt Data Msg ASK: Price=119 Qty=5600
13:00:20.425 [main] INFO  c.o.channel.MarketDataChannel - [ORDERBOOK] Sending market data update...
13:00:20.425 [main] INFO  c.sequencer.consumer.LoggingConsumer - [17] 
|----BID-----|
  25600 @ 95
    200 @ 93
    300 @ 91
|----ASK-----|
    501 @ 98
   200 @ 101
  5000 @ 110
  5600 @ 119

13:00:20.425 [main] DEBUG c.service.MarketDataService - [ALGO] BID: price:95 quantity:25600
13:00:20.425 [main] DEBUG c.service.MarketDataService - [ALGO] BID: price:93 quantity:200
13:00:20.425 [main] DEBUG c.service.MarketDataService - [ALGO] BID: price:91 quantity:300
13:00:20.425 [main] DEBUG c.service.MarketDataService - [ALGO] ASK: price:98 quantity:501
13:00:20.425 [main] DEBUG c.service.MarketDataService - [ALGO] ASK: price:101 quantity:200
13:00:20.425 [main] DEBUG c.service.MarketDataService - [ALGO] ASK: price:110 quantity:5000
13:00:20.425 [main] DEBUG c.service.MarketDataService - [ALGO] ASK: price:119 quantity:5600
13:00:20.425 [main] INFO  c.gettingstarted.MyAlgoLogic - [MYALGO] The state of the order book is:
|----BID-----||----ASK----|
  25600 @ 95    501 @ 98
    200 @ 93   200 @ 101
    300 @ 91  5000 @ 110
          -   5600 @ 119
|------------||-----------|

13:00:20.425 [main] INFO  c.gettingstarted.MyAlgoLogic - [MYALGO] Algo Sees Book as: 
|----BID-----||----ASK----|
  25600 @ 95    501 @ 98
    200 @ 93   200 @ 101
    300 @ 91  5000 @ 110
          -   5600 @ 119
|------------||-----------|

13:00:20.425 [main] INFO  c.gettingstarted.TimedLogic - [TIMEDLOGIC] Market is open
13:00:20.425 [main] INFO  c.gettingstarted.MyAlgoLogic - [MYALGO] Aftr buy orders8
13:00:20.425 [main] INFO  c.gettingstarted.MyAlgoLogic - [MYALGO] After Buy total orders8
13:00:20.425 [main] INFO  c.container.Actioner - [ALGO] Actioner, sending action:CreateChildOrder(side=BUY,quantity=25600,price=95)
13:00:20.425 [main] INFO  c.sequencer.consumer.LoggingConsumer - [18] [CreateOrder](sbeTemplateId=4|sbeSchemaId=2|sbeSchemaVersion=0|sbeBlockLength=33):instrumentId=0|price=95|quantity=25600|side=BUY|orderId=10
13:00:20.425 [main] INFO  c.orderbook.OrderBook - [ORDERBOOK] Adding passive limit order to BID bookLimit(side=BUY,orderId=10,price=95,quantity=25600)
13:00:20.425 [main] INFO  c.o.visitor.MutatingAddOrderVisitor - [ORDERBOOK] + Limit(side=BUY,orderId=9,price=95,quantity=12800)
13:00:20.425 [main] DEBUG c.o.v.ReadOnlyMarketDataChannelPublishVisitor - Bid Side Size: 3
13:00:20.425 [main] DEBUG c.o.v.ReadOnlyMarketDataChannelPublishVisitor - Adding Mkt Data Msg BID: Price=95 Qty=51200
13:00:20.425 [main] DEBUG c.o.v.ReadOnlyMarketDataChannelPublishVisitor - Adding Mkt Data Msg BID: Price=93 Qty=200
13:00:20.425 [main] DEBUG c.o.v.ReadOnlyMarketDataChannelPublishVisitor - Adding Mkt Data Msg BID: Price=91 Qty=300
13:00:20.425 [main] DEBUG c.o.v.ReadOnlyMarketDataChannelPublishVisitor - Ask Side Size: 4
13:00:20.425 [main] DEBUG c.o.v.ReadOnlyMarketDataChannelPublishVisitor - Adding Mkt Data Msg ASK: Price=98 Qty=501
13:00:20.425 [main] DEBUG c.o.v.ReadOnlyMarketDataChannelPublishVisitor - Adding Mkt Data Msg ASK: Price=101 Qty=200
13:00:20.425 [main] DEBUG c.o.v.ReadOnlyMarketDataChannelPublishVisitor - Adding Mkt Data Msg ASK: Price=110 Qty=5000
13:00:20.425 [main] DEBUG c.o.v.ReadOnlyMarketDataChannelPublishVisitor - Adding Mkt Data Msg ASK: Price=119 Qty=5600
13:00:20.425 [main] INFO  c.o.channel.MarketDataChannel - [ORDERBOOK] Sending market data update...
13:00:20.425 [main] INFO  c.sequencer.consumer.LoggingConsumer - [19] 
|----BID-----|
  51200 @ 95
    200 @ 93
    300 @ 91
|----ASK-----|
    501 @ 98
   200 @ 101
  5000 @ 110
  5600 @ 119

13:00:20.425 [main] DEBUG c.service.MarketDataService - [ALGO] BID: price:95 quantity:51200
13:00:20.425 [main] DEBUG c.service.MarketDataService - [ALGO] BID: price:93 quantity:200
13:00:20.425 [main] DEBUG c.service.MarketDataService - [ALGO] BID: price:91 quantity:300
13:00:20.425 [main] DEBUG c.service.MarketDataService - [ALGO] ASK: price:98 quantity:501
13:00:20.425 [main] DEBUG c.service.MarketDataService - [ALGO] ASK: price:101 quantity:200
13:00:20.425 [main] DEBUG c.service.MarketDataService - [ALGO] ASK: price:110 quantity:5000
13:00:20.425 [main] DEBUG c.service.MarketDataService - [ALGO] ASK: price:119 quantity:5600
13:00:20.425 [main] INFO  c.gettingstarted.MyAlgoLogic - [MYALGO] The state of the order book is:
|----BID-----||----ASK----|
  51200 @ 95    501 @ 98
    200 @ 93   200 @ 101
    300 @ 91  5000 @ 110
          -   5600 @ 119
|------------||-----------|

13:00:20.425 [main] INFO  c.gettingstarted.MyAlgoLogic - [MYALGO] Algo Sees Book as: 
|----BID-----||----ASK----|
  51200 @ 95    501 @ 98
    200 @ 93   200 @ 101
    300 @ 91  5000 @ 110
          -   5600 @ 119
|------------||-----------|

13:00:20.425 [main] INFO  c.gettingstarted.TimedLogic - [TIMEDLOGIC] Market is open
13:00:20.425 [main] INFO  c.gettingstarted.MyAlgoLogic - [MYALGO] Aftr buy orders9
13:00:20.425 [main] INFO  c.gettingstarted.MyAlgoLogic - [MYALGO] After Buy total orders9
13:00:20.425 [main] INFO  c.container.Actioner - [ALGO] Actioner, sending action:CreateChildOrder(side=BUY,quantity=51200,price=95)
13:00:20.425 [main] INFO  c.sequencer.consumer.LoggingConsumer - [20] [CreateOrder](sbeTemplateId=4|sbeSchemaId=2|sbeSchemaVersion=0|sbeBlockLength=33):instrumentId=0|price=95|quantity=51200|side=BUY|orderId=11
13:00:20.425 [main] INFO  c.orderbook.OrderBook - [ORDERBOOK] Adding passive limit order to BID bookLimit(side=BUY,orderId=11,price=95,quantity=51200)
13:00:20.425 [main] INFO  c.o.visitor.MutatingAddOrderVisitor - [ORDERBOOK] + Limit(side=BUY,orderId=10,price=95,quantity=25600)
13:00:20.425 [main] DEBUG c.o.v.ReadOnlyMarketDataChannelPublishVisitor - Bid Side Size: 3
13:00:20.425 [main] DEBUG c.o.v.ReadOnlyMarketDataChannelPublishVisitor - Adding Mkt Data Msg BID: Price=95 Qty=102400
13:00:20.425 [main] DEBUG c.o.v.ReadOnlyMarketDataChannelPublishVisitor - Adding Mkt Data Msg BID: Price=93 Qty=200
13:00:20.425 [main] DEBUG c.o.v.ReadOnlyMarketDataChannelPublishVisitor - Adding Mkt Data Msg BID: Price=91 Qty=300
13:00:20.425 [main] DEBUG c.o.v.ReadOnlyMarketDataChannelPublishVisitor - Ask Side Size: 4
13:00:20.425 [main] DEBUG c.o.v.ReadOnlyMarketDataChannelPublishVisitor - Adding Mkt Data Msg ASK: Price=98 Qty=501
13:00:20.425 [main] DEBUG c.o.v.ReadOnlyMarketDataChannelPublishVisitor - Adding Mkt Data Msg ASK: Price=101 Qty=200
13:00:20.425 [main] DEBUG c.o.v.ReadOnlyMarketDataChannelPublishVisitor - Adding Mkt Data Msg ASK: Price=110 Qty=5000
13:00:20.425 [main] DEBUG c.o.v.ReadOnlyMarketDataChannelPublishVisitor - Adding Mkt Data Msg ASK: Price=119 Qty=5600
13:00:20.425 [main] INFO  c.o.channel.MarketDataChannel - [ORDERBOOK] Sending market data update...
13:00:20.425 [main] INFO  c.sequencer.consumer.LoggingConsumer - [21] 
|----BID-----|
 102400 @ 95
    200 @ 93
    300 @ 91
|----ASK-----|
    501 @ 98
   200 @ 101
  5000 @ 110
  5600 @ 119

13:00:20.425 [main] DEBUG c.service.MarketDataService - [ALGO] BID: price:95 quantity:102400
13:00:20.425 [main] DEBUG c.service.MarketDataService - [ALGO] BID: price:93 quantity:200
13:00:20.425 [main] DEBUG c.service.MarketDataService - [ALGO] BID: price:91 quantity:300
13:00:20.425 [main] DEBUG c.service.MarketDataService - [ALGO] ASK: price:98 quantity:501
13:00:20.425 [main] DEBUG c.service.MarketDataService - [ALGO] ASK: price:101 quantity:200
13:00:20.425 [main] DEBUG c.service.MarketDataService - [ALGO] ASK: price:110 quantity:5000
13:00:20.425 [main] DEBUG c.service.MarketDataService - [ALGO] ASK: price:119 quantity:5600
13:00:20.425 [main] INFO  c.gettingstarted.MyAlgoLogic - [MYALGO] The state of the order book is:
|----BID-----||----ASK----|
 102400 @ 95    501 @ 98
    200 @ 93   200 @ 101
    300 @ 91  5000 @ 110
          -   5600 @ 119
|------------||-----------|

13:00:20.425 [main] INFO  c.gettingstarted.MyAlgoLogic - [MYALGO] Algo Sees Book as: 
|----BID-----||----ASK----|
 102400 @ 95    501 @ 98
    200 @ 93   200 @ 101
    300 @ 91  5000 @ 110
          -   5600 @ 119
|------------||-----------|

13:00:20.425 [main] INFO  c.gettingstarted.TimedLogic - [TIMEDLOGIC] Market is open
13:00:20.425 [main] INFO  c.gettingstarted.MyAlgoLogic - [MYALGO] Aftr buy orders10
13:00:20.425 [main] INFO  c.gettingstarted.MyAlgoLogic - [MYALGO] After Buy total orders10
13:00:20.425 [main] INFO  c.container.Actioner - [ALGO] Actioner, sending action:CreateChildOrder(side=BUY,quantity=102400,price=95)
13:00:20.425 [main] INFO  c.sequencer.consumer.LoggingConsumer - [22] [CreateOrder](sbeTemplateId=4|sbeSchemaId=2|sbeSchemaVersion=0|sbeBlockLength=33):instrumentId=0|price=95|quantity=102400|side=BUY|orderId=12
13:00:20.425 [main] INFO  c.orderbook.OrderBook - [ORDERBOOK] Adding passive limit order to BID bookLimit(side=BUY,orderId=12,price=95,quantity=102400)
13:00:20.425 [main] INFO  c.o.visitor.MutatingAddOrderVisitor - [ORDERBOOK] + Limit(side=BUY,orderId=11,price=95,quantity=51200)
13:00:20.425 [main] DEBUG c.o.v.ReadOnlyMarketDataChannelPublishVisitor - Bid Side Size: 3
13:00:20.425 [main] DEBUG c.o.v.ReadOnlyMarketDataChannelPublishVisitor - Adding Mkt Data Msg BID: Price=95 Qty=204800
13:00:20.425 [main] DEBUG c.o.v.ReadOnlyMarketDataChannelPublishVisitor - Adding Mkt Data Msg BID: Price=93 Qty=200
13:00:20.425 [main] DEBUG c.o.v.ReadOnlyMarketDataChannelPublishVisitor - Adding Mkt Data Msg BID: Price=91 Qty=300
13:00:20.425 [main] DEBUG c.o.v.ReadOnlyMarketDataChannelPublishVisitor - Ask Side Size: 4
13:00:20.425 [main] DEBUG c.o.v.ReadOnlyMarketDataChannelPublishVisitor - Adding Mkt Data Msg ASK: Price=98 Qty=501
13:00:20.425 [main] DEBUG c.o.v.ReadOnlyMarketDataChannelPublishVisitor - Adding Mkt Data Msg ASK: Price=101 Qty=200
13:00:20.425 [main] DEBUG c.o.v.ReadOnlyMarketDataChannelPublishVisitor - Adding Mkt Data Msg ASK: Price=110 Qty=5000
13:00:20.425 [main] DEBUG c.o.v.ReadOnlyMarketDataChannelPublishVisitor - Adding Mkt Data Msg ASK: Price=119 Qty=5600
13:00:20.425 [main] INFO  c.o.channel.MarketDataChannel - [ORDERBOOK] Sending market data update...
13:00:20.425 [main] INFO  c.sequencer.consumer.LoggingConsumer - [23] 
|----BID-----|
 204800 @ 95
    200 @ 93
    300 @ 91
|----ASK-----|
    501 @ 98
   200 @ 101
  5000 @ 110
  5600 @ 119

13:00:20.425 [main] DEBUG c.service.MarketDataService - [ALGO] BID: price:95 quantity:204800
13:00:20.425 [main] DEBUG c.service.MarketDataService - [ALGO] BID: price:93 quantity:200
13:00:20.425 [main] DEBUG c.service.MarketDataService - [ALGO] BID: price:91 quantity:300
13:00:20.425 [main] DEBUG c.service.MarketDataService - [ALGO] ASK: price:98 quantity:501
13:00:20.425 [main] DEBUG c.service.MarketDataService - [ALGO] ASK: price:101 quantity:200
13:00:20.425 [main] DEBUG c.service.MarketDataService - [ALGO] ASK: price:110 quantity:5000
13:00:20.425 [main] DEBUG c.service.MarketDataService - [ALGO] ASK: price:119 quantity:5600
13:00:20.425 [main] INFO  c.gettingstarted.MyAlgoLogic - [MYALGO] The state of the order book is:
|----BID-----||----ASK----|
 204800 @ 95    501 @ 98
    200 @ 93   200 @ 101
    300 @ 91  5000 @ 110
          -   5600 @ 119
|------------||-----------|

13:00:20.425 [main] INFO  c.gettingstarted.MyAlgoLogic - [MYALGO] Algo Sees Book as: 
|----BID-----||----ASK----|
 204800 @ 95    501 @ 98
    200 @ 93   200 @ 101
    300 @ 91  5000 @ 110
          -   5600 @ 119
|------------||-----------|

13:00:20.425 [main] INFO  c.gettingstarted.TimedLogic - [TIMEDLOGIC] Market is open
13:00:20.425 [main] INFO  c.gettingstarted.MyAlgoLogic - [MYALGO] Aftr buy orders11
13:00:20.425 [main] INFO  c.gettingstarted.MyAlgoLogic - [MYALGO] After Buy total orders11
13:00:20.425 [main] INFO  c.container.Actioner - [ALGO] Actioner, sending action:CreateChildOrder(side=BUY,quantity=204800,price=95)
13:00:20.425 [main] INFO  c.sequencer.consumer.LoggingConsumer - [24] [CreateOrder](sbeTemplateId=4|sbeSchemaId=2|sbeSchemaVersion=0|sbeBlockLength=33):instrumentId=0|price=95|quantity=204800|side=BUY|orderId=13
13:00:20.425 [main] INFO  c.orderbook.OrderBook - [ORDERBOOK] Adding passive limit order to BID bookLimit(side=BUY,orderId=13,price=95,quantity=204800)
13:00:20.425 [main] INFO  c.o.visitor.MutatingAddOrderVisitor - [ORDERBOOK] + Limit(side=BUY,orderId=12,price=95,quantity=102400)
13:00:20.425 [main] DEBUG c.o.v.ReadOnlyMarketDataChannelPublishVisitor - Bid Side Size: 3
13:00:20.425 [main] DEBUG c.o.v.ReadOnlyMarketDataChannelPublishVisitor - Adding Mkt Data Msg BID: Price=95 Qty=409600
13:00:20.425 [main] DEBUG c.o.v.ReadOnlyMarketDataChannelPublishVisitor - Adding Mkt Data Msg BID: Price=93 Qty=200
13:00:20.425 [main] DEBUG c.o.v.ReadOnlyMarketDataChannelPublishVisitor - Adding Mkt Data Msg BID: Price=91 Qty=300
13:00:20.425 [main] DEBUG c.o.v.ReadOnlyMarketDataChannelPublishVisitor - Ask Side Size: 4
13:00:20.425 [main] DEBUG c.o.v.ReadOnlyMarketDataChannelPublishVisitor - Adding Mkt Data Msg ASK: Price=98 Qty=501
13:00:20.425 [main] DEBUG c.o.v.ReadOnlyMarketDataChannelPublishVisitor - Adding Mkt Data Msg ASK: Price=101 Qty=200
13:00:20.425 [main] DEBUG c.o.v.ReadOnlyMarketDataChannelPublishVisitor - Adding Mkt Data Msg ASK: Price=110 Qty=5000
13:00:20.425 [main] DEBUG c.o.v.ReadOnlyMarketDataChannelPublishVisitor - Adding Mkt Data Msg ASK: Price=119 Qty=5600
13:00:20.425 [main] INFO  c.o.channel.MarketDataChannel - [ORDERBOOK] Sending market data update...
13:00:20.425 [main] INFO  c.sequencer.consumer.LoggingConsumer - [25] 
|----BID-----|
 409600 @ 95
    200 @ 93
    300 @ 91
|----ASK-----|
    501 @ 98
   200 @ 101
  5000 @ 110
  5600 @ 119

13:00:20.425 [main] DEBUG c.service.MarketDataService - [ALGO] BID: price:95 quantity:409600
13:00:20.425 [main] DEBUG c.service.MarketDataService - [ALGO] BID: price:93 quantity:200
13:00:20.425 [main] DEBUG c.service.MarketDataService - [ALGO] BID: price:91 quantity:300
13:00:20.425 [main] DEBUG c.service.MarketDataService - [ALGO] ASK: price:98 quantity:501
13:00:20.425 [main] DEBUG c.service.MarketDataService - [ALGO] ASK: price:101 quantity:200
13:00:20.425 [main] DEBUG c.service.MarketDataService - [ALGO] ASK: price:110 quantity:5000
13:00:20.425 [main] DEBUG c.service.MarketDataService - [ALGO] ASK: price:119 quantity:5600
13:00:20.425 [main] INFO  c.gettingstarted.MyAlgoLogic - [MYALGO] The state of the order book is:
|----BID-----||----ASK----|
 409600 @ 95    501 @ 98
    200 @ 93   200 @ 101
    300 @ 91  5000 @ 110
          -   5600 @ 119
|------------||-----------|

13:00:20.425 [main] INFO  c.gettingstarted.MyAlgoLogic - [MYALGO] Algo Sees Book as: 
|----BID-----||----ASK----|
 409600 @ 95    501 @ 98
    200 @ 93   200 @ 101
    300 @ 91  5000 @ 110
          -   5600 @ 119
|------------||-----------|

13:00:20.425 [main] INFO  c.gettingstarted.TimedLogic - [TIMEDLOGIC] Market is open
13:00:20.425 [main] INFO  c.gettingstarted.MyAlgoLogic - [MYALGO] Aftr buy orders12
13:00:20.425 [main] INFO  c.gettingstarted.MyAlgoLogic - [MYALGO] After Buy total orders12
13:00:20.425 [main] INFO  c.container.Actioner - [ALGO] Actioner, sending action:CreateChildOrder(side=BUY,quantity=409600,price=95)
13:00:20.425 [main] INFO  c.sequencer.consumer.LoggingConsumer - [26] [CreateOrder](sbeTemplateId=4|sbeSchemaId=2|sbeSchemaVersion=0|sbeBlockLength=33):instrumentId=0|price=95|quantity=409600|side=BUY|orderId=14
13:00:20.425 [main] INFO  c.orderbook.OrderBook - [ORDERBOOK] Adding passive limit order to BID bookLimit(side=BUY,orderId=14,price=95,quantity=409600)
13:00:20.425 [main] INFO  c.o.visitor.MutatingAddOrderVisitor - [ORDERBOOK] + Limit(side=BUY,orderId=13,price=95,quantity=204800)
13:00:20.425 [main] DEBUG c.o.v.ReadOnlyMarketDataChannelPublishVisitor - Bid Side Size: 3
13:00:20.425 [main] DEBUG c.o.v.ReadOnlyMarketDataChannelPublishVisitor - Adding Mkt Data Msg BID: Price=95 Qty=819200
13:00:20.425 [main] DEBUG c.o.v.ReadOnlyMarketDataChannelPublishVisitor - Adding Mkt Data Msg BID: Price=93 Qty=200
13:00:20.425 [main] DEBUG c.o.v.ReadOnlyMarketDataChannelPublishVisitor - Adding Mkt Data Msg BID: Price=91 Qty=300
13:00:20.425 [main] DEBUG c.o.v.ReadOnlyMarketDataChannelPublishVisitor - Ask Side Size: 4
13:00:20.425 [main] DEBUG c.o.v.ReadOnlyMarketDataChannelPublishVisitor - Adding Mkt Data Msg ASK: Price=98 Qty=501
13:00:20.425 [main] DEBUG c.o.v.ReadOnlyMarketDataChannelPublishVisitor - Adding Mkt Data Msg ASK: Price=101 Qty=200
13:00:20.425 [main] DEBUG c.o.v.ReadOnlyMarketDataChannelPublishVisitor - Adding Mkt Data Msg ASK: Price=110 Qty=5000
13:00:20.425 [main] DEBUG c.o.v.ReadOnlyMarketDataChannelPublishVisitor - Adding Mkt Data Msg ASK: Price=119 Qty=5600
13:00:20.425 [main] INFO  c.o.channel.MarketDataChannel - [ORDERBOOK] Sending market data update...
13:00:20.425 [main] INFO  c.sequencer.consumer.LoggingConsumer - [27] 
|----BID-----|
 819200 @ 95
    200 @ 93
    300 @ 91
|----ASK-----|
    501 @ 98
   200 @ 101
  5000 @ 110
  5600 @ 119

13:00:20.425 [main] DEBUG c.service.MarketDataService - [ALGO] BID: price:95 quantity:819200
13:00:20.425 [main] DEBUG c.service.MarketDataService - [ALGO] BID: price:93 quantity:200
13:00:20.425 [main] DEBUG c.service.MarketDataService - [ALGO] BID: price:91 quantity:300
13:00:20.425 [main] DEBUG c.service.MarketDataService - [ALGO] ASK: price:98 quantity:501
13:00:20.425 [main] DEBUG c.service.MarketDataService - [ALGO] ASK: price:101 quantity:200
13:00:20.425 [main] DEBUG c.service.MarketDataService - [ALGO] ASK: price:110 quantity:5000
13:00:20.425 [main] DEBUG c.service.MarketDataService - [ALGO] ASK: price:119 quantity:5600
13:00:20.425 [main] INFO  c.gettingstarted.MyAlgoLogic - [MYALGO] The state of the order book is:
|----BID-----||----ASK----|
 819200 @ 95    501 @ 98
    200 @ 93   200 @ 101
    300 @ 91  5000 @ 110
          -   5600 @ 119
|------------||-----------|

13:00:20.425 [main] INFO  c.gettingstarted.MyAlgoLogic - [MYALGO] Algo Sees Book as: 
|----BID-----||----ASK----|
 819200 @ 95    501 @ 98
    200 @ 93   200 @ 101
    300 @ 91  5000 @ 110
          -   5600 @ 119
|------------||-----------|

13:00:20.425 [main] INFO  c.gettingstarted.TimedLogic - [TIMEDLOGIC] Market is open
13:00:20.425 [main] INFO  c.gettingstarted.MyAlgoLogic - [MYALGO] Aftr buy orders13
13:00:20.425 [main] INFO  c.gettingstarted.MyAlgoLogic - [MYALGO] After Buy total orders13
13:00:20.425 [main] INFO  c.container.Actioner - [ALGO] Actioner, sending action:CreateChildOrder(side=BUY,quantity=819200,price=95)
13:00:20.425 [main] INFO  c.sequencer.consumer.LoggingConsumer - [28] [CreateOrder](sbeTemplateId=4|sbeSchemaId=2|sbeSchemaVersion=0|sbeBlockLength=33):instrumentId=0|price=95|quantity=819200|side=BUY|orderId=15
13:00:20.425 [main] INFO  c.orderbook.OrderBook - [ORDERBOOK] Adding passive limit order to BID bookLimit(side=BUY,orderId=15,price=95,quantity=819200)
13:00:20.425 [main] INFO  c.o.visitor.MutatingAddOrderVisitor - [ORDERBOOK] + Limit(side=BUY,orderId=14,price=95,quantity=409600)
13:00:20.425 [main] DEBUG c.o.v.ReadOnlyMarketDataChannelPublishVisitor - Bid Side Size: 3
13:00:20.425 [main] DEBUG c.o.v.ReadOnlyMarketDataChannelPublishVisitor - Adding Mkt Data Msg BID: Price=95 Qty=1638400
13:00:20.425 [main] DEBUG c.o.v.ReadOnlyMarketDataChannelPublishVisitor - Adding Mkt Data Msg BID: Price=93 Qty=200
13:00:20.425 [main] DEBUG c.o.v.ReadOnlyMarketDataChannelPublishVisitor - Adding Mkt Data Msg BID: Price=91 Qty=300
13:00:20.425 [main] DEBUG c.o.v.ReadOnlyMarketDataChannelPublishVisitor - Ask Side Size: 4
13:00:20.425 [main] DEBUG c.o.v.ReadOnlyMarketDataChannelPublishVisitor - Adding Mkt Data Msg ASK: Price=98 Qty=501
13:00:20.425 [main] DEBUG c.o.v.ReadOnlyMarketDataChannelPublishVisitor - Adding Mkt Data Msg ASK: Price=101 Qty=200
13:00:20.425 [main] DEBUG c.o.v.ReadOnlyMarketDataChannelPublishVisitor - Adding Mkt Data Msg ASK: Price=110 Qty=5000
13:00:20.425 [main] DEBUG c.o.v.ReadOnlyMarketDataChannelPublishVisitor - Adding Mkt Data Msg ASK: Price=119 Qty=5600
13:00:20.425 [main] INFO  c.o.channel.MarketDataChannel - [ORDERBOOK] Sending market data update...
13:00:20.425 [main] INFO  c.sequencer.consumer.LoggingConsumer - [29] 
|----BID-----|
1638400 @ 95
    200 @ 93
    300 @ 91
|----ASK-----|
    501 @ 98
   200 @ 101
  5000 @ 110
  5600 @ 119

13:00:20.425 [main] DEBUG c.service.MarketDataService - [ALGO] BID: price:95 quantity:1638400
13:00:20.425 [main] DEBUG c.service.MarketDataService - [ALGO] BID: price:93 quantity:200
13:00:20.425 [main] DEBUG c.service.MarketDataService - [ALGO] BID: price:91 quantity:300
13:00:20.425 [main] DEBUG c.service.MarketDataService - [ALGO] ASK: price:98 quantity:501
13:00:20.425 [main] DEBUG c.service.MarketDataService - [ALGO] ASK: price:101 quantity:200
13:00:20.425 [main] DEBUG c.service.MarketDataService - [ALGO] ASK: price:110 quantity:5000
13:00:20.425 [main] DEBUG c.service.MarketDataService - [ALGO] ASK: price:119 quantity:5600
13:00:20.425 [main] INFO  c.gettingstarted.MyAlgoLogic - [MYALGO] The state of the order book is:
|----BID-----||----ASK----|
1638400 @ 95    501 @ 98
    200 @ 93   200 @ 101
    300 @ 91  5000 @ 110
          -   5600 @ 119
|------------||-----------|

13:00:20.425 [main] INFO  c.gettingstarted.MyAlgoLogic - [MYALGO] Algo Sees Book as: 
|----BID-----||----ASK----|
1638400 @ 95    501 @ 98
    200 @ 93   200 @ 101
    300 @ 91  5000 @ 110
          -   5600 @ 119
|------------||-----------|

13:00:20.425 [main] INFO  c.gettingstarted.TimedLogic - [TIMEDLOGIC] Market is open
13:00:20.425 [main] INFO  c.gettingstarted.MyAlgoLogic - [MYALGO] Aftr buy orders14
13:00:20.425 [main] INFO  c.gettingstarted.MyAlgoLogic - [MYALGO] After Buy total orders14
13:00:20.425 [main] INFO  c.container.Actioner - [ALGO] Actioner, sending action:CreateChildOrder(side=BUY,quantity=1638400,price=95)
13:00:20.425 [main] INFO  c.sequencer.consumer.LoggingConsumer - [30] [CreateOrder](sbeTemplateId=4|sbeSchemaId=2|sbeSchemaVersion=0|sbeBlockLength=33):instrumentId=0|price=95|quantity=1638400|side=BUY|orderId=16
13:00:20.425 [main] INFO  c.orderbook.OrderBook - [ORDERBOOK] Adding passive limit order to BID bookLimit(side=BUY,orderId=16,price=95,quantity=1638400)
13:00:20.425 [main] INFO  c.o.visitor.MutatingAddOrderVisitor - [ORDERBOOK] + Limit(side=BUY,orderId=15,price=95,quantity=819200)
13:00:20.425 [main] DEBUG c.o.v.ReadOnlyMarketDataChannelPublishVisitor - Bid Side Size: 3
13:00:20.425 [main] DEBUG c.o.v.ReadOnlyMarketDataChannelPublishVisitor - Adding Mkt Data Msg BID: Price=95 Qty=3276800
13:00:20.425 [main] DEBUG c.o.v.ReadOnlyMarketDataChannelPublishVisitor - Adding Mkt Data Msg BID: Price=93 Qty=200
13:00:20.425 [main] DEBUG c.o.v.ReadOnlyMarketDataChannelPublishVisitor - Adding Mkt Data Msg BID: Price=91 Qty=300
13:00:20.425 [main] DEBUG c.o.v.ReadOnlyMarketDataChannelPublishVisitor - Ask Side Size: 4
13:00:20.425 [main] DEBUG c.o.v.ReadOnlyMarketDataChannelPublishVisitor - Adding Mkt Data Msg ASK: Price=98 Qty=501
13:00:20.425 [main] DEBUG c.o.v.ReadOnlyMarketDataChannelPublishVisitor - Adding Mkt Data Msg ASK: Price=101 Qty=200
13:00:20.425 [main] DEBUG c.o.v.ReadOnlyMarketDataChannelPublishVisitor - Adding Mkt Data Msg ASK: Price=110 Qty=5000
13:00:20.425 [main] DEBUG c.o.v.ReadOnlyMarketDataChannelPublishVisitor - Adding Mkt Data Msg ASK: Price=119 Qty=5600
13:00:20.425 [main] INFO  c.o.channel.MarketDataChannel - [ORDERBOOK] Sending market data update...
13:00:20.425 [main] INFO  c.sequencer.consumer.LoggingConsumer - [31] 
|----BID-----|
3276800 @ 95
    200 @ 93
    300 @ 91
|----ASK-----|
    501 @ 98
   200 @ 101
  5000 @ 110
  5600 @ 119

13:00:20.425 [main] DEBUG c.service.MarketDataService - [ALGO] BID: price:95 quantity:3276800
13:00:20.425 [main] DEBUG c.service.MarketDataService - [ALGO] BID: price:93 quantity:200
13:00:20.425 [main] DEBUG c.service.MarketDataService - [ALGO] BID: price:91 quantity:300
13:00:20.425 [main] DEBUG c.service.MarketDataService - [ALGO] ASK: price:98 quantity:501
13:00:20.425 [main] DEBUG c.service.MarketDataService - [ALGO] ASK: price:101 quantity:200
13:00:20.425 [main] DEBUG c.service.MarketDataService - [ALGO] ASK: price:110 quantity:5000
13:00:20.425 [main] DEBUG c.service.MarketDataService - [ALGO] ASK: price:119 quantity:5600
13:00:20.425 [main] INFO  c.gettingstarted.MyAlgoLogic - [MYALGO] The state of the order book is:
|----BID-----||----ASK----|
3276800 @ 95    501 @ 98
    200 @ 93   200 @ 101
    300 @ 91  5000 @ 110
          -   5600 @ 119
|------------||-----------|

13:00:20.425 [main] INFO  c.gettingstarted.MyAlgoLogic - [MYALGO] Algo Sees Book as: 
|----BID-----||----ASK----|
3276800 @ 95    501 @ 98
    200 @ 93   200 @ 101
    300 @ 91  5000 @ 110
          -   5600 @ 119
|------------||-----------|

13:00:20.425 [main] INFO  c.gettingstarted.TimedLogic - [TIMEDLOGIC] Market is open
13:00:20.425 [main] INFO  c.gettingstarted.MyAlgoLogic - [MYALGO] Adding order for501@98
13:00:20.425 [main] INFO  c.gettingstarted.MyAlgoLogic - [MYALGO] Initial quantity501 price 98
13:00:20.425 [main] INFO  c.gettingstarted.MyAlgoLogic - [MYALGO] Active orders15
13:00:20.425 [main] INFO  c.gettingstarted.MyAlgoLogic - [MYALGO] Total orders15
13:00:20.425 [main] INFO  c.container.Actioner - [ALGO] Actioner, sending action:CreateChildOrder(side=SELL,quantity=501,price=98)
13:00:20.425 [main] INFO  c.sequencer.consumer.LoggingConsumer - [32] [CreateOrder](sbeTemplateId=4|sbeSchemaId=2|sbeSchemaVersion=0|sbeBlockLength=33):instrumentId=0|price=98|quantity=501|side=SELL|orderId=17
13:00:20.425 [main] INFO  c.orderbook.OrderBook - A[ORDERBOOK] dding passive limit order to ASK bookLimit(side=SELL,orderId=17,price=98,quantity=501)
13:00:20.425 [main] INFO  c.o.visitor.MutatingAddOrderVisitor - [ORDERBOOK] + MktData(price=98,quantity=501)
13:00:20.425 [main] DEBUG c.o.v.ReadOnlyMarketDataChannelPublishVisitor - Bid Side Size: 3
13:00:20.425 [main] DEBUG c.o.v.ReadOnlyMarketDataChannelPublishVisitor - Adding Mkt Data Msg BID: Price=95 Qty=3276800
13:00:20.425 [main] DEBUG c.o.v.ReadOnlyMarketDataChannelPublishVisitor - Adding Mkt Data Msg BID: Price=93 Qty=200
13:00:20.425 [main] DEBUG c.o.v.ReadOnlyMarketDataChannelPublishVisitor - Adding Mkt Data Msg BID: Price=91 Qty=300
13:00:20.425 [main] DEBUG c.o.v.ReadOnlyMarketDataChannelPublishVisitor - Ask Side Size: 4
13:00:20.425 [main] DEBUG c.o.v.ReadOnlyMarketDataChannelPublishVisitor - Adding Mkt Data Msg ASK: Price=98 Qty=1002
13:00:20.425 [main] DEBUG c.o.v.ReadOnlyMarketDataChannelPublishVisitor - Adding Mkt Data Msg ASK: Price=101 Qty=200
13:00:20.425 [main] DEBUG c.o.v.ReadOnlyMarketDataChannelPublishVisitor - Adding Mkt Data Msg ASK: Price=110 Qty=5000
13:00:20.425 [main] DEBUG c.o.v.ReadOnlyMarketDataChannelPublishVisitor - Adding Mkt Data Msg ASK: Price=119 Qty=5600
13:00:20.425 [main] INFO  c.o.channel.MarketDataChannel - [ORDERBOOK] Sending market data update...
13:00:20.425 [main] INFO  c.sequencer.consumer.LoggingConsumer - [33] 
|----BID-----|
3276800 @ 95
    200 @ 93
    300 @ 91
|----ASK-----|
   1002 @ 98
   200 @ 101
  5000 @ 110
  5600 @ 119

13:00:20.425 [main] DEBUG c.service.MarketDataService - [ALGO] BID: price:95 quantity:3276800
13:00:20.425 [main] DEBUG c.service.MarketDataService - [ALGO] BID: price:93 quantity:200
13:00:20.425 [main] DEBUG c.service.MarketDataService - [ALGO] BID: price:91 quantity:300
13:00:20.425 [main] DEBUG c.service.MarketDataService - [ALGO] ASK: price:98 quantity:1002
13:00:20.425 [main] DEBUG c.service.MarketDataService - [ALGO] ASK: price:101 quantity:200
13:00:20.425 [main] DEBUG c.service.MarketDataService - [ALGO] ASK: price:110 quantity:5000
13:00:20.425 [main] DEBUG c.service.MarketDataService - [ALGO] ASK: price:119 quantity:5600
13:00:20.425 [main] INFO  c.gettingstarted.MyAlgoLogic - [MYALGO] The state of the order book is:
|----BID-----||----ASK----|
3276800 @ 95   1002 @ 98
    200 @ 93   200 @ 101
    300 @ 91  5000 @ 110
          -   5600 @ 119
|------------||-----------|

13:00:20.425 [main] INFO  c.gettingstarted.MyAlgoLogic - [MYALGO] Algo Sees Book as: 
|----BID-----||----ASK----|
3276800 @ 95   1002 @ 98
    200 @ 93   200 @ 101
    300 @ 91  5000 @ 110
          -   5600 @ 119
|------------||-----------|

13:00:20.425 [main] INFO  c.gettingstarted.TimedLogic - [TIMEDLOGIC] Market is open
13:00:20.425 [main] INFO  c.gettingstarted.MyAlgoLogic - [MYALGO] Have:16 children, want 7, done.
13:00:20.425 [main] INFO  c.gettingstarted.MyAlgoLogic - [MYALGO] Active orders are 16
13:00:20.425 [main] INFO  c.gettingstarted.MyAlgoLogic - [MYALGO] Cancelling order:codingblackfemales.sotw.ChildOrder@2d2ffcb7
13:00:20.425 [main] INFO  c.gettingstarted.MyAlgoLogic - [MYALGO] Option is present, number of active orders are 16
13:00:20.425 [main] INFO  c.container.Actioner - [ALGO] Actioner, sending action:CancelChildOrder(codingblackfemales.sotw.ChildOrder@2d2ffcb7)
13:00:20.425 [main] INFO  c.sequencer.consumer.LoggingConsumer - [34] [CancelOrder](sbeTemplateId=5|sbeSchemaId=2|sbeSchemaVersion=0|sbeBlockLength=8):orderId=2
13:00:20.425 [main] INFO  c.orderbook.OrderBook - [ORDERBOOK] Cancelling order (id=:2)
13:00:20.425 [main] INFO  c.o.visitor.CancelOrderVisitor - [ORDERBOOK] Cancelling order: Limit(side=BUY,orderId=2,price=95,quantity=100)
13:00:20.425 [main] DEBUG c.o.v.ReadOnlyMarketDataChannelPublishVisitor - Bid Side Size: 3
13:00:20.425 [main] DEBUG c.o.v.ReadOnlyMarketDataChannelPublishVisitor - Adding Mkt Data Msg BID: Price=95 Qty=3276700
13:00:20.425 [main] DEBUG c.o.v.ReadOnlyMarketDataChannelPublishVisitor - Adding Mkt Data Msg BID: Price=93 Qty=200
13:00:20.425 [main] DEBUG c.o.v.ReadOnlyMarketDataChannelPublishVisitor - Adding Mkt Data Msg BID: Price=91 Qty=300
13:00:20.425 [main] DEBUG c.o.v.ReadOnlyMarketDataChannelPublishVisitor - Ask Side Size: 4
13:00:20.425 [main] DEBUG c.o.v.ReadOnlyMarketDataChannelPublishVisitor - Adding Mkt Data Msg ASK: Price=98 Qty=1002
13:00:20.425 [main] DEBUG c.o.v.ReadOnlyMarketDataChannelPublishVisitor - Adding Mkt Data Msg ASK: Price=101 Qty=200
13:00:20.425 [main] DEBUG c.o.v.ReadOnlyMarketDataChannelPublishVisitor - Adding Mkt Data Msg ASK: Price=110 Qty=5000
13:00:20.425 [main] DEBUG c.o.v.ReadOnlyMarketDataChannelPublishVisitor - Adding Mkt Data Msg ASK: Price=119 Qty=5600
13:00:20.425 [main] INFO  c.o.channel.MarketDataChannel - [ORDERBOOK] Sending market data update...
13:00:20.425 [main] INFO  c.sequencer.consumer.LoggingConsumer - [35] 
|----BID-----|
3276700 @ 95
    200 @ 93
    300 @ 91
|----ASK-----|
   1002 @ 98
   200 @ 101
  5000 @ 110
  5600 @ 119

13:00:20.425 [main] DEBUG c.service.MarketDataService - [ALGO] BID: price:95 quantity:3276700
13:00:20.425 [main] DEBUG c.service.MarketDataService - [ALGO] BID: price:93 quantity:200
13:00:20.425 [main] DEBUG c.service.MarketDataService - [ALGO] BID: price:91 quantity:300
13:00:20.425 [main] DEBUG c.service.MarketDataService - [ALGO] ASK: price:98 quantity:1002
13:00:20.425 [main] DEBUG c.service.MarketDataService - [ALGO] ASK: price:101 quantity:200
13:00:20.425 [main] DEBUG c.service.MarketDataService - [ALGO] ASK: price:110 quantity:5000
13:00:20.425 [main] DEBUG c.service.MarketDataService - [ALGO] ASK: price:119 quantity:5600
13:00:20.425 [main] INFO  c.gettingstarted.MyAlgoLogic - [MYALGO] The state of the order book is:
|----BID-----||----ASK----|
3276700 @ 95   1002 @ 98
    200 @ 93   200 @ 101
    300 @ 91  5000 @ 110
          -   5600 @ 119
|------------||-----------|

13:00:20.425 [main] INFO  c.gettingstarted.MyAlgoLogic - [MYALGO] Algo Sees Book as: 
|----BID-----||----ASK----|
3276700 @ 95   1002 @ 98
    200 @ 93   200 @ 101
    300 @ 91  5000 @ 110
          -   5600 @ 119
|------------||-----------|

13:00:20.425 [main] INFO  c.gettingstarted.TimedLogic - [TIMEDLOGIC] Market is open
13:00:20.425 [main] INFO  c.gettingstarted.MyAlgoLogic - [MYALGO] Have:15 children, want 7, done.
13:00:20.425 [main] INFO  c.gettingstarted.MyAlgoLogic - [MYALGO] Active orders are 15
13:00:20.425 [main] INFO  c.gettingstarted.MyAlgoLogic - [MYALGO] Cancelling order:codingblackfemales.sotw.ChildOrder@762ef0ea
13:00:20.425 [main] INFO  c.gettingstarted.MyAlgoLogic - [MYALGO] Option is present, number of active orders are 15
13:00:20.425 [main] INFO  c.container.Actioner - [ALGO] Actioner, sending action:CancelChildOrder(codingblackfemales.sotw.ChildOrder@762ef0ea)
13:00:20.425 [main] INFO  c.sequencer.consumer.LoggingConsumer - [36] [CancelOrder](sbeTemplateId=5|sbeSchemaId=2|sbeSchemaVersion=0|sbeBlockLength=8):orderId=3
13:00:20.425 [main] INFO  c.orderbook.OrderBook - [ORDERBOOK] Cancelling order (id=:3)
13:00:20.425 [main] INFO  c.o.visitor.CancelOrderVisitor - [ORDERBOOK] Cancelling order: Limit(side=BUY,orderId=3,price=95,quantity=200)
13:00:20.425 [main] DEBUG c.o.v.ReadOnlyMarketDataChannelPublishVisitor - Bid Side Size: 3
13:00:20.425 [main] DEBUG c.o.v.ReadOnlyMarketDataChannelPublishVisitor - Adding Mkt Data Msg BID: Price=95 Qty=3276500
13:00:20.425 [main] DEBUG c.o.v.ReadOnlyMarketDataChannelPublishVisitor - Adding Mkt Data Msg BID: Price=93 Qty=200
13:00:20.425 [main] DEBUG c.o.v.ReadOnlyMarketDataChannelPublishVisitor - Adding Mkt Data Msg BID: Price=91 Qty=300
13:00:20.425 [main] DEBUG c.o.v.ReadOnlyMarketDataChannelPublishVisitor - Ask Side Size: 4
13:00:20.425 [main] DEBUG c.o.v.ReadOnlyMarketDataChannelPublishVisitor - Adding Mkt Data Msg ASK: Price=98 Qty=1002
13:00:20.425 [main] DEBUG c.o.v.ReadOnlyMarketDataChannelPublishVisitor - Adding Mkt Data Msg ASK: Price=101 Qty=200
13:00:20.425 [main] DEBUG c.o.v.ReadOnlyMarketDataChannelPublishVisitor - Adding Mkt Data Msg ASK: Price=110 Qty=5000
13:00:20.425 [main] DEBUG c.o.v.ReadOnlyMarketDataChannelPublishVisitor - Adding Mkt Data Msg ASK: Price=119 Qty=5600
13:00:20.425 [main] INFO  c.o.channel.MarketDataChannel - [ORDERBOOK] Sending market data update...
13:00:20.425 [main] INFO  c.sequencer.consumer.LoggingConsumer - [37] 
|----BID-----|
3276500 @ 95
    200 @ 93
    300 @ 91
|----ASK-----|
   1002 @ 98
   200 @ 101
  5000 @ 110
  5600 @ 119

13:00:20.425 [main] DEBUG c.service.MarketDataService - [ALGO] BID: price:95 quantity:3276500
13:00:20.425 [main] DEBUG c.service.MarketDataService - [ALGO] BID: price:93 quantity:200
13:00:20.425 [main] DEBUG c.service.MarketDataService - [ALGO] BID: price:91 quantity:300
13:00:20.425 [main] DEBUG c.service.MarketDataService - [ALGO] ASK: price:98 quantity:1002
13:00:20.425 [main] DEBUG c.service.MarketDataService - [ALGO] ASK: price:101 quantity:200
13:00:20.425 [main] DEBUG c.service.MarketDataService - [ALGO] ASK: price:110 quantity:5000
13:00:20.425 [main] DEBUG c.service.MarketDataService - [ALGO] ASK: price:119 quantity:5600
13:00:20.425 [main] INFO  c.gettingstarted.MyAlgoLogic - [MYALGO] The state of the order book is:
|----BID-----||----ASK----|
3276500 @ 95   1002 @ 98
    200 @ 93   200 @ 101
    300 @ 91  5000 @ 110
          -   5600 @ 119
|------------||-----------|

13:00:20.425 [main] INFO  c.gettingstarted.MyAlgoLogic - [MYALGO] Algo Sees Book as: 
|----BID-----||----ASK----|
3276500 @ 95   1002 @ 98
    200 @ 93   200 @ 101
    300 @ 91  5000 @ 110
          -   5600 @ 119
|------------||-----------|

13:00:20.425 [main] INFO  c.gettingstarted.TimedLogic - [TIMEDLOGIC] Market is open
13:00:20.425 [main] INFO  c.gettingstarted.MyAlgoLogic - [MYALGO] Have:14 children, want 7, done.
13:00:20.425 [main] INFO  c.gettingstarted.MyAlgoLogic - [MYALGO] Active orders are 14
13:00:20.425 [main] INFO  c.gettingstarted.MyAlgoLogic - [MYALGO] Cancelling order:codingblackfemales.sotw.ChildOrder@31f9b85e
13:00:20.425 [main] INFO  c.gettingstarted.MyAlgoLogic - [MYALGO] Option is present, number of active orders are 14
13:00:20.425 [main] INFO  c.container.Actioner - [ALGO] Actioner, sending action:CancelChildOrder(codingblackfemales.sotw.ChildOrder@31f9b85e)
13:00:20.425 [main] INFO  c.sequencer.consumer.LoggingConsumer - [38] [CancelOrder](sbeTemplateId=5|sbeSchemaId=2|sbeSchemaVersion=0|sbeBlockLength=8):orderId=4
13:00:20.425 [main] INFO  c.orderbook.OrderBook - [ORDERBOOK] Cancelling order (id=:4)
13:00:20.425 [main] INFO  c.o.visitor.CancelOrderVisitor - [ORDERBOOK] Cancelling order: Limit(side=BUY,orderId=4,price=95,quantity=400)
13:00:20.425 [main] DEBUG c.o.v.ReadOnlyMarketDataChannelPublishVisitor - Bid Side Size: 3
13:00:20.425 [main] DEBUG c.o.v.ReadOnlyMarketDataChannelPublishVisitor - Adding Mkt Data Msg BID: Price=95 Qty=3276100
13:00:20.425 [main] DEBUG c.o.v.ReadOnlyMarketDataChannelPublishVisitor - Adding Mkt Data Msg BID: Price=93 Qty=200
13:00:20.425 [main] DEBUG c.o.v.ReadOnlyMarketDataChannelPublishVisitor - Adding Mkt Data Msg BID: Price=91 Qty=300
13:00:20.425 [main] DEBUG c.o.v.ReadOnlyMarketDataChannelPublishVisitor - Ask Side Size: 4
13:00:20.425 [main] DEBUG c.o.v.ReadOnlyMarketDataChannelPublishVisitor - Adding Mkt Data Msg ASK: Price=98 Qty=1002
13:00:20.425 [main] DEBUG c.o.v.ReadOnlyMarketDataChannelPublishVisitor - Adding Mkt Data Msg ASK: Price=101 Qty=200
13:00:20.425 [main] DEBUG c.o.v.ReadOnlyMarketDataChannelPublishVisitor - Adding Mkt Data Msg ASK: Price=110 Qty=5000
13:00:20.425 [main] DEBUG c.o.v.ReadOnlyMarketDataChannelPublishVisitor - Adding Mkt Data Msg ASK: Price=119 Qty=5600
13:00:20.425 [main] INFO  c.o.channel.MarketDataChannel - [ORDERBOOK] Sending market data update...
13:00:20.425 [main] INFO  c.sequencer.consumer.LoggingConsumer - [39] 
|----BID-----|
3276100 @ 95
    200 @ 93
    300 @ 91
|----ASK-----|
   1002 @ 98
   200 @ 101
  5000 @ 110
  5600 @ 119

13:00:20.425 [main] DEBUG c.service.MarketDataService - [ALGO] BID: price:95 quantity:3276100
13:00:20.425 [main] DEBUG c.service.MarketDataService - [ALGO] BID: price:93 quantity:200
13:00:20.425 [main] DEBUG c.service.MarketDataService - [ALGO] BID: price:91 quantity:300
13:00:20.425 [main] DEBUG c.service.MarketDataService - [ALGO] ASK: price:98 quantity:1002
13:00:20.425 [main] DEBUG c.service.MarketDataService - [ALGO] ASK: price:101 quantity:200
13:00:20.425 [main] DEBUG c.service.MarketDataService - [ALGO] ASK: price:110 quantity:5000
13:00:20.425 [main] DEBUG c.service.MarketDataService - [ALGO] ASK: price:119 quantity:5600
13:00:20.425 [main] INFO  c.gettingstarted.MyAlgoLogic - [MYALGO] The state of the order book is:
|----BID-----||----ASK----|
3276100 @ 95   1002 @ 98
    200 @ 93   200 @ 101
    300 @ 91  5000 @ 110
          -   5600 @ 119
|------------||-----------|

13:00:20.425 [main] INFO  c.gettingstarted.MyAlgoLogic - [MYALGO] Algo Sees Book as: 
|----BID-----||----ASK----|
3276100 @ 95   1002 @ 98
    200 @ 93   200 @ 101
    300 @ 91  5000 @ 110
          -   5600 @ 119
|------------||-----------|

13:00:20.425 [main] INFO  c.gettingstarted.TimedLogic - [TIMEDLOGIC] Market is open
13:00:20.425 [main] INFO  c.gettingstarted.MyAlgoLogic - [MYALGO] Have:13 children, want 7, done.
13:00:20.425 [main] INFO  c.gettingstarted.MyAlgoLogic - [MYALGO] Active orders are 13
13:00:20.425 [main] INFO  c.gettingstarted.MyAlgoLogic - [MYALGO] Cancelling order:codingblackfemales.sotw.ChildOrder@424e1977
13:00:20.425 [main] INFO  c.gettingstarted.MyAlgoLogic - [MYALGO] Option is present, number of active orders are 13
13:00:20.425 [main] INFO  c.container.Actioner - [ALGO] Actioner, sending action:CancelChildOrder(codingblackfemales.sotw.ChildOrder@424e1977)
13:00:20.425 [main] INFO  c.sequencer.consumer.LoggingConsumer - [40] [CancelOrder](sbeTemplateId=5|sbeSchemaId=2|sbeSchemaVersion=0|sbeBlockLength=8):orderId=5
13:00:20.425 [main] INFO  c.orderbook.OrderBook - [ORDERBOOK] Cancelling order (id=:5)
13:00:20.425 [main] INFO  c.o.visitor.CancelOrderVisitor - [ORDERBOOK] Cancelling order: Limit(side=BUY,orderId=5,price=95,quantity=800)
13:00:20.425 [main] DEBUG c.o.v.ReadOnlyMarketDataChannelPublishVisitor - Bid Side Size: 3
13:00:20.425 [main] DEBUG c.o.v.ReadOnlyMarketDataChannelPublishVisitor - Adding Mkt Data Msg BID: Price=95 Qty=3275300
13:00:20.425 [main] DEBUG c.o.v.ReadOnlyMarketDataChannelPublishVisitor - Adding Mkt Data Msg BID: Price=93 Qty=200
13:00:20.425 [main] DEBUG c.o.v.ReadOnlyMarketDataChannelPublishVisitor - Adding Mkt Data Msg BID: Price=91 Qty=300
13:00:20.425 [main] DEBUG c.o.v.ReadOnlyMarketDataChannelPublishVisitor - Ask Side Size: 4
13:00:20.425 [main] DEBUG c.o.v.ReadOnlyMarketDataChannelPublishVisitor - Adding Mkt Data Msg ASK: Price=98 Qty=1002
13:00:20.425 [main] DEBUG c.o.v.ReadOnlyMarketDataChannelPublishVisitor - Adding Mkt Data Msg ASK: Price=101 Qty=200
13:00:20.425 [main] DEBUG c.o.v.ReadOnlyMarketDataChannelPublishVisitor - Adding Mkt Data Msg ASK: Price=110 Qty=5000
13:00:20.425 [main] DEBUG c.o.v.ReadOnlyMarketDataChannelPublishVisitor - Adding Mkt Data Msg ASK: Price=119 Qty=5600
13:00:20.425 [main] INFO  c.o.channel.MarketDataChannel - [ORDERBOOK] Sending market data update...
13:00:20.425 [main] INFO  c.sequencer.consumer.LoggingConsumer - [41] 
|----BID-----|
3275300 @ 95
    200 @ 93
    300 @ 91
|----ASK-----|
   1002 @ 98
   200 @ 101
  5000 @ 110
  5600 @ 119

13:00:20.425 [main] DEBUG c.service.MarketDataService - [ALGO] BID: price:95 quantity:3275300
13:00:20.425 [main] DEBUG c.service.MarketDataService - [ALGO] BID: price:93 quantity:200
13:00:20.425 [main] DEBUG c.service.MarketDataService - [ALGO] BID: price:91 quantity:300
13:00:20.425 [main] DEBUG c.service.MarketDataService - [ALGO] ASK: price:98 quantity:1002
13:00:20.425 [main] DEBUG c.service.MarketDataService - [ALGO] ASK: price:101 quantity:200
13:00:20.425 [main] DEBUG c.service.MarketDataService - [ALGO] ASK: price:110 quantity:5000
13:00:20.425 [main] DEBUG c.service.MarketDataService - [ALGO] ASK: price:119 quantity:5600
13:00:20.425 [main] INFO  c.gettingstarted.MyAlgoLogic - [MYALGO] The state of the order book is:
|----BID-----||----ASK----|
3275300 @ 95   1002 @ 98
    200 @ 93   200 @ 101
    300 @ 91  5000 @ 110
          -   5600 @ 119
|------------||-----------|

13:00:20.425 [main] INFO  c.gettingstarted.MyAlgoLogic - [MYALGO] Algo Sees Book as: 
|----BID-----||----ASK----|
3275300 @ 95   1002 @ 98
    200 @ 93   200 @ 101
    300 @ 91  5000 @ 110
          -   5600 @ 119
|------------||-----------|

13:00:20.425 [main] INFO  c.gettingstarted.TimedLogic - [TIMEDLOGIC] Market is open
13:00:20.425 [main] INFO  c.gettingstarted.MyAlgoLogic - [MYALGO] Have:12 children, want 7, done.
13:00:20.425 [main] INFO  c.gettingstarted.MyAlgoLogic - [MYALGO] Active orders are 12
13:00:20.425 [main] INFO  c.gettingstarted.MyAlgoLogic - [MYALGO] Cancelling order:codingblackfemales.sotw.ChildOrder@10d68fcd
13:00:20.425 [main] INFO  c.gettingstarted.MyAlgoLogic - [MYALGO] Option is present, number of active orders are 12
13:00:20.425 [main] INFO  c.container.Actioner - [ALGO] Actioner, sending action:CancelChildOrder(codingblackfemales.sotw.ChildOrder@10d68fcd)
13:00:20.425 [main] INFO  c.sequencer.consumer.LoggingConsumer - [42] [CancelOrder](sbeTemplateId=5|sbeSchemaId=2|sbeSchemaVersion=0|sbeBlockLength=8):orderId=6
13:00:20.425 [main] INFO  c.orderbook.OrderBook - [ORDERBOOK] Cancelling order (id=:6)
13:00:20.425 [main] INFO  c.o.visitor.CancelOrderVisitor - [ORDERBOOK] Cancelling order: Limit(side=BUY,orderId=6,price=95,quantity=1600)
13:00:20.425 [main] DEBUG c.o.v.ReadOnlyMarketDataChannelPublishVisitor - Bid Side Size: 3
13:00:20.425 [main] DEBUG c.o.v.ReadOnlyMarketDataChannelPublishVisitor - Adding Mkt Data Msg BID: Price=95 Qty=3273700
13:00:20.425 [main] DEBUG c.o.v.ReadOnlyMarketDataChannelPublishVisitor - Adding Mkt Data Msg BID: Price=93 Qty=200
13:00:20.425 [main] DEBUG c.o.v.ReadOnlyMarketDataChannelPublishVisitor - Adding Mkt Data Msg BID: Price=91 Qty=300
13:00:20.425 [main] DEBUG c.o.v.ReadOnlyMarketDataChannelPublishVisitor - Ask Side Size: 4
13:00:20.425 [main] DEBUG c.o.v.ReadOnlyMarketDataChannelPublishVisitor - Adding Mkt Data Msg ASK: Price=98 Qty=1002
13:00:20.425 [main] DEBUG c.o.v.ReadOnlyMarketDataChannelPublishVisitor - Adding Mkt Data Msg ASK: Price=101 Qty=200
13:00:20.425 [main] DEBUG c.o.v.ReadOnlyMarketDataChannelPublishVisitor - Adding Mkt Data Msg ASK: Price=110 Qty=5000
13:00:20.425 [main] DEBUG c.o.v.ReadOnlyMarketDataChannelPublishVisitor - Adding Mkt Data Msg ASK: Price=119 Qty=5600
13:00:20.425 [main] INFO  c.o.channel.MarketDataChannel - [ORDERBOOK] Sending market data update...
13:00:20.425 [main] INFO  c.sequencer.consumer.LoggingConsumer - [43] 
|----BID-----|
3273700 @ 95
    200 @ 93
    300 @ 91
|----ASK-----|
   1002 @ 98
   200 @ 101
  5000 @ 110
  5600 @ 119

13:00:20.425 [main] DEBUG c.service.MarketDataService - [ALGO] BID: price:95 quantity:3273700
13:00:20.425 [main] DEBUG c.service.MarketDataService - [ALGO] BID: price:93 quantity:200
13:00:20.425 [main] DEBUG c.service.MarketDataService - [ALGO] BID: price:91 quantity:300
13:00:20.425 [main] DEBUG c.service.MarketDataService - [ALGO] ASK: price:98 quantity:1002
13:00:20.425 [main] DEBUG c.service.MarketDataService - [ALGO] ASK: price:101 quantity:200
13:00:20.425 [main] DEBUG c.service.MarketDataService - [ALGO] ASK: price:110 quantity:5000
13:00:20.425 [main] DEBUG c.service.MarketDataService - [ALGO] ASK: price:119 quantity:5600
13:00:20.425 [main] INFO  c.gettingstarted.MyAlgoLogic - [MYALGO] The state of the order book is:
|----BID-----||----ASK----|
3273700 @ 95   1002 @ 98
    200 @ 93   200 @ 101
    300 @ 91  5000 @ 110
          -   5600 @ 119
|------------||-----------|

13:00:20.425 [main] INFO  c.gettingstarted.MyAlgoLogic - [MYALGO] Algo Sees Book as: 
|----BID-----||----ASK----|
3273700 @ 95   1002 @ 98
    200 @ 93   200 @ 101
    300 @ 91  5000 @ 110
          -   5600 @ 119
|------------||-----------|

13:00:20.425 [main] INFO  c.gettingstarted.TimedLogic - [TIMEDLOGIC] Market is open
13:00:20.425 [main] INFO  c.gettingstarted.MyAlgoLogic - [MYALGO] Have:11 children, want 7, done.
13:00:20.425 [main] INFO  c.gettingstarted.MyAlgoLogic - [MYALGO] Active orders are 11
13:00:20.425 [main] INFO  c.gettingstarted.MyAlgoLogic - [MYALGO] Cancelling order:codingblackfemales.sotw.ChildOrder@117e949d
13:00:20.425 [main] INFO  c.gettingstarted.MyAlgoLogic - [MYALGO] Option is present, number of active orders are 11
13:00:20.425 [main] INFO  c.container.Actioner - [ALGO] Actioner, sending action:CancelChildOrder(codingblackfemales.sotw.ChildOrder@117e949d)
13:00:20.425 [main] INFO  c.sequencer.consumer.LoggingConsumer - [44] [CancelOrder](sbeTemplateId=5|sbeSchemaId=2|sbeSchemaVersion=0|sbeBlockLength=8):orderId=7
13:00:20.425 [main] INFO  c.orderbook.OrderBook - [ORDERBOOK] Cancelling order (id=:7)
13:00:20.425 [main] INFO  c.o.visitor.CancelOrderVisitor - [ORDERBOOK] Cancelling order: Limit(side=BUY,orderId=7,price=95,quantity=3200)
13:00:20.425 [main] DEBUG c.o.v.ReadOnlyMarketDataChannelPublishVisitor - Bid Side Size: 3
13:00:20.425 [main] DEBUG c.o.v.ReadOnlyMarketDataChannelPublishVisitor - Adding Mkt Data Msg BID: Price=95 Qty=3270500
13:00:20.425 [main] DEBUG c.o.v.ReadOnlyMarketDataChannelPublishVisitor - Adding Mkt Data Msg BID: Price=93 Qty=200
13:00:20.425 [main] DEBUG c.o.v.ReadOnlyMarketDataChannelPublishVisitor - Adding Mkt Data Msg BID: Price=91 Qty=300
13:00:20.425 [main] DEBUG c.o.v.ReadOnlyMarketDataChannelPublishVisitor - Ask Side Size: 4
13:00:20.425 [main] DEBUG c.o.v.ReadOnlyMarketDataChannelPublishVisitor - Adding Mkt Data Msg ASK: Price=98 Qty=1002
13:00:20.425 [main] DEBUG c.o.v.ReadOnlyMarketDataChannelPublishVisitor - Adding Mkt Data Msg ASK: Price=101 Qty=200
13:00:20.425 [main] DEBUG c.o.v.ReadOnlyMarketDataChannelPublishVisitor - Adding Mkt Data Msg ASK: Price=110 Qty=5000
13:00:20.425 [main] DEBUG c.o.v.ReadOnlyMarketDataChannelPublishVisitor - Adding Mkt Data Msg ASK: Price=119 Qty=5600
13:00:20.425 [main] INFO  c.o.channel.MarketDataChannel - [ORDERBOOK] Sending market data update...
13:00:20.425 [main] INFO  c.sequencer.consumer.LoggingConsumer - [45] 
|----BID-----|
3270500 @ 95
    200 @ 93
    300 @ 91
|----ASK-----|
   1002 @ 98
   200 @ 101
  5000 @ 110
  5600 @ 119

13:00:20.425 [main] DEBUG c.service.MarketDataService - [ALGO] BID: price:95 quantity:3270500
13:00:20.425 [main] DEBUG c.service.MarketDataService - [ALGO] BID: price:93 quantity:200
13:00:20.425 [main] DEBUG c.service.MarketDataService - [ALGO] BID: price:91 quantity:300
13:00:20.425 [main] DEBUG c.service.MarketDataService - [ALGO] ASK: price:98 quantity:1002
13:00:20.425 [main] DEBUG c.service.MarketDataService - [ALGO] ASK: price:101 quantity:200
13:00:20.425 [main] DEBUG c.service.MarketDataService - [ALGO] ASK: price:110 quantity:5000
13:00:20.425 [main] DEBUG c.service.MarketDataService - [ALGO] ASK: price:119 quantity:5600
13:00:20.425 [main] INFO  c.gettingstarted.MyAlgoLogic - [MYALGO] The state of the order book is:
|----BID-----||----ASK----|
3270500 @ 95   1002 @ 98
    200 @ 93   200 @ 101
    300 @ 91  5000 @ 110
          -   5600 @ 119
|------------||-----------|

13:00:20.425 [main] INFO  c.gettingstarted.MyAlgoLogic - [MYALGO] Algo Sees Book as: 
|----BID-----||----ASK----|
3270500 @ 95   1002 @ 98
    200 @ 93   200 @ 101
    300 @ 91  5000 @ 110
          -   5600 @ 119
|------------||-----------|

13:00:20.425 [main] INFO  c.gettingstarted.TimedLogic - [TIMEDLOGIC] Market is open
13:00:20.425 [main] INFO  c.gettingstarted.MyAlgoLogic - [MYALGO] Have:10 children, want 7, done.
13:00:20.425 [main] INFO  c.gettingstarted.MyAlgoLogic - [MYALGO] Active orders are 10
13:00:20.425 [main] INFO  c.gettingstarted.MyAlgoLogic - [MYALGO] Cancelling order:codingblackfemales.sotw.ChildOrder@6db9f5a4
13:00:20.425 [main] INFO  c.gettingstarted.MyAlgoLogic - [MYALGO] Option is present, number of active orders are 10
13:00:20.425 [main] INFO  c.container.Actioner - [ALGO] Actioner, sending action:CancelChildOrder(codingblackfemales.sotw.ChildOrder@6db9f5a4)
13:00:20.425 [main] INFO  c.sequencer.consumer.LoggingConsumer - [46] [CancelOrder](sbeTemplateId=5|sbeSchemaId=2|sbeSchemaVersion=0|sbeBlockLength=8):orderId=8
13:00:20.425 [main] INFO  c.orderbook.OrderBook - [ORDERBOOK] Cancelling order (id=:8)
13:00:20.425 [main] INFO  c.o.visitor.CancelOrderVisitor - [ORDERBOOK] Cancelling order: Limit(side=BUY,orderId=8,price=95,quantity=6400)
13:00:20.425 [main] DEBUG c.o.v.ReadOnlyMarketDataChannelPublishVisitor - Bid Side Size: 3
13:00:20.425 [main] DEBUG c.o.v.ReadOnlyMarketDataChannelPublishVisitor - Adding Mkt Data Msg BID: Price=95 Qty=3264100
13:00:20.425 [main] DEBUG c.o.v.ReadOnlyMarketDataChannelPublishVisitor - Adding Mkt Data Msg BID: Price=93 Qty=200
13:00:20.425 [main] DEBUG c.o.v.ReadOnlyMarketDataChannelPublishVisitor - Adding Mkt Data Msg BID: Price=91 Qty=300
13:00:20.425 [main] DEBUG c.o.v.ReadOnlyMarketDataChannelPublishVisitor - Ask Side Size: 4
13:00:20.425 [main] DEBUG c.o.v.ReadOnlyMarketDataChannelPublishVisitor - Adding Mkt Data Msg ASK: Price=98 Qty=1002
13:00:20.425 [main] DEBUG c.o.v.ReadOnlyMarketDataChannelPublishVisitor - Adding Mkt Data Msg ASK: Price=101 Qty=200
13:00:20.425 [main] DEBUG c.o.v.ReadOnlyMarketDataChannelPublishVisitor - Adding Mkt Data Msg ASK: Price=110 Qty=5000
13:00:20.425 [main] DEBUG c.o.v.ReadOnlyMarketDataChannelPublishVisitor - Adding Mkt Data Msg ASK: Price=119 Qty=5600
13:00:20.425 [main] INFO  c.o.channel.MarketDataChannel - [ORDERBOOK] Sending market data update...
13:00:20.425 [main] INFO  c.sequencer.consumer.LoggingConsumer - [47] 
|----BID-----|
3264100 @ 95
    200 @ 93
    300 @ 91
|----ASK-----|
   1002 @ 98
   200 @ 101
  5000 @ 110
  5600 @ 119

13:00:20.425 [main] DEBUG c.service.MarketDataService - [ALGO] BID: price:95 quantity:3264100
13:00:20.425 [main] DEBUG c.service.MarketDataService - [ALGO] BID: price:93 quantity:200
13:00:20.425 [main] DEBUG c.service.MarketDataService - [ALGO] BID: price:91 quantity:300
13:00:20.425 [main] DEBUG c.service.MarketDataService - [ALGO] ASK: price:98 quantity:1002
13:00:20.425 [main] DEBUG c.service.MarketDataService - [ALGO] ASK: price:101 quantity:200
13:00:20.425 [main] DEBUG c.service.MarketDataService - [ALGO] ASK: price:110 quantity:5000
13:00:20.425 [main] DEBUG c.service.MarketDataService - [ALGO] ASK: price:119 quantity:5600
13:00:20.425 [main] INFO  c.gettingstarted.MyAlgoLogic - [MYALGO] The state of the order book is:
|----BID-----||----ASK----|
3264100 @ 95   1002 @ 98
    200 @ 93   200 @ 101
    300 @ 91  5000 @ 110
          -   5600 @ 119
|------------||-----------|

13:00:20.425 [main] INFO  c.gettingstarted.MyAlgoLogic - [MYALGO] Algo Sees Book as: 
|----BID-----||----ASK----|
3264100 @ 95   1002 @ 98
    200 @ 93   200 @ 101
    300 @ 91  5000 @ 110
          -   5600 @ 119
|------------||-----------|

13:00:20.425 [main] INFO  c.gettingstarted.TimedLogic - [TIMEDLOGIC] Market is open
13:00:20.425 [main] INFO  c.gettingstarted.MyAlgoLogic - [MYALGO] Have:9 children, want 7, done.
13:00:20.425 [main] INFO  c.gettingstarted.MyAlgoLogic - [MYALGO] Active orders are 9
13:00:20.425 [main] INFO  c.gettingstarted.MyAlgoLogic - [MYALGO] Cancelling order:codingblackfemales.sotw.ChildOrder@5f8edcc5
13:00:20.425 [main] INFO  c.gettingstarted.MyAlgoLogic - [MYALGO] Option is present, number of active orders are 9
13:00:20.425 [main] INFO  c.container.Actioner - [ALGO] Actioner, sending action:CancelChildOrder(codingblackfemales.sotw.ChildOrder@5f8edcc5)
13:00:20.425 [main] INFO  c.sequencer.consumer.LoggingConsumer - [48] [CancelOrder](sbeTemplateId=5|sbeSchemaId=2|sbeSchemaVersion=0|sbeBlockLength=8):orderId=9
13:00:20.425 [main] INFO  c.orderbook.OrderBook - [ORDERBOOK] Cancelling order (id=:9)
13:00:20.425 [main] INFO  c.o.visitor.CancelOrderVisitor - [ORDERBOOK] Cancelling order: Limit(side=BUY,orderId=9,price=95,quantity=12800)
13:00:20.425 [main] DEBUG c.o.v.ReadOnlyMarketDataChannelPublishVisitor - Bid Side Size: 3
13:00:20.425 [main] DEBUG c.o.v.ReadOnlyMarketDataChannelPublishVisitor - Adding Mkt Data Msg BID: Price=95 Qty=3251300
13:00:20.425 [main] DEBUG c.o.v.ReadOnlyMarketDataChannelPublishVisitor - Adding Mkt Data Msg BID: Price=93 Qty=200
13:00:20.425 [main] DEBUG c.o.v.ReadOnlyMarketDataChannelPublishVisitor - Adding Mkt Data Msg BID: Price=91 Qty=300
13:00:20.425 [main] DEBUG c.o.v.ReadOnlyMarketDataChannelPublishVisitor - Ask Side Size: 4
13:00:20.425 [main] DEBUG c.o.v.ReadOnlyMarketDataChannelPublishVisitor - Adding Mkt Data Msg ASK: Price=98 Qty=1002
13:00:20.425 [main] DEBUG c.o.v.ReadOnlyMarketDataChannelPublishVisitor - Adding Mkt Data Msg ASK: Price=101 Qty=200
13:00:20.425 [main] DEBUG c.o.v.ReadOnlyMarketDataChannelPublishVisitor - Adding Mkt Data Msg ASK: Price=110 Qty=5000
13:00:20.425 [main] DEBUG c.o.v.ReadOnlyMarketDataChannelPublishVisitor - Adding Mkt Data Msg ASK: Price=119 Qty=5600
13:00:20.425 [main] INFO  c.o.channel.MarketDataChannel - [ORDERBOOK] Sending market data update...
13:00:20.425 [main] INFO  c.sequencer.consumer.LoggingConsumer - [49] 
|----BID-----|
3251300 @ 95
    200 @ 93
    300 @ 91
|----ASK-----|
   1002 @ 98
   200 @ 101
  5000 @ 110
  5600 @ 119

13:00:20.425 [main] DEBUG c.service.MarketDataService - [ALGO] BID: price:95 quantity:3251300
13:00:20.425 [main] DEBUG c.service.MarketDataService - [ALGO] BID: price:93 quantity:200
13:00:20.425 [main] DEBUG c.service.MarketDataService - [ALGO] BID: price:91 quantity:300
13:00:20.425 [main] DEBUG c.service.MarketDataService - [ALGO] ASK: price:98 quantity:1002
13:00:20.425 [main] DEBUG c.service.MarketDataService - [ALGO] ASK: price:101 quantity:200
13:00:20.425 [main] DEBUG c.service.MarketDataService - [ALGO] ASK: price:110 quantity:5000
13:00:20.425 [main] DEBUG c.service.MarketDataService - [ALGO] ASK: price:119 quantity:5600
13:00:20.425 [main] INFO  c.gettingstarted.MyAlgoLogic - [MYALGO] The state of the order book is:
|----BID-----||----ASK----|
3251300 @ 95   1002 @ 98
    200 @ 93   200 @ 101
    300 @ 91  5000 @ 110
          -   5600 @ 119
|------------||-----------|

13:00:20.425 [main] INFO  c.gettingstarted.MyAlgoLogic - [MYALGO] Algo Sees Book as: 
|----BID-----||----ASK----|
3251300 @ 95   1002 @ 98
    200 @ 93   200 @ 101
    300 @ 91  5000 @ 110
          -   5600 @ 119
|------------||-----------|

13:00:20.425 [main] INFO  c.gettingstarted.TimedLogic - [TIMEDLOGIC] Market is open
13:00:20.425 [main] INFO  c.gettingstarted.MyAlgoLogic - [MYALGO] Have:8 children, want 7, done.
13:00:20.425 [main] INFO  c.gettingstarted.MyAlgoLogic - [MYALGO] Active orders are 8
13:00:20.425 [main] INFO  c.gettingstarted.MyAlgoLogic - [MYALGO] Cancelling order:codingblackfemales.sotw.ChildOrder@7b02881e
13:00:20.425 [main] INFO  c.gettingstarted.MyAlgoLogic - [MYALGO] Option is present, number of active orders are 8
13:00:20.425 [main] INFO  c.container.Actioner - [ALGO] Actioner, sending action:CancelChildOrder(codingblackfemales.sotw.ChildOrder@7b02881e)
13:00:20.440 [main] INFO  c.sequencer.consumer.LoggingConsumer - [50] [CancelOrder](sbeTemplateId=5|sbeSchemaId=2|sbeSchemaVersion=0|sbeBlockLength=8):orderId=10
13:00:20.440 [main] INFO  c.orderbook.OrderBook - [ORDERBOOK] Cancelling order (id=:10)
13:00:20.440 [main] INFO  c.o.visitor.CancelOrderVisitor - [ORDERBOOK] Cancelling order: Limit(side=BUY,orderId=10,price=95,quantity=25600)
13:00:20.440 [main] DEBUG c.o.v.ReadOnlyMarketDataChannelPublishVisitor - Bid Side Size: 3
13:00:20.440 [main] DEBUG c.o.v.ReadOnlyMarketDataChannelPublishVisitor - Adding Mkt Data Msg BID: Price=95 Qty=3225700
13:00:20.440 [main] DEBUG c.o.v.ReadOnlyMarketDataChannelPublishVisitor - Adding Mkt Data Msg BID: Price=93 Qty=200
13:00:20.440 [main] DEBUG c.o.v.ReadOnlyMarketDataChannelPublishVisitor - Adding Mkt Data Msg BID: Price=91 Qty=300
13:00:20.440 [main] DEBUG c.o.v.ReadOnlyMarketDataChannelPublishVisitor - Ask Side Size: 4
13:00:20.440 [main] DEBUG c.o.v.ReadOnlyMarketDataChannelPublishVisitor - Adding Mkt Data Msg ASK: Price=98 Qty=1002
13:00:20.440 [main] DEBUG c.o.v.ReadOnlyMarketDataChannelPublishVisitor - Adding Mkt Data Msg ASK: Price=101 Qty=200
13:00:20.440 [main] DEBUG c.o.v.ReadOnlyMarketDataChannelPublishVisitor - Adding Mkt Data Msg ASK: Price=110 Qty=5000
13:00:20.440 [main] DEBUG c.o.v.ReadOnlyMarketDataChannelPublishVisitor - Adding Mkt Data Msg ASK: Price=119 Qty=5600
13:00:20.440 [main] INFO  c.o.channel.MarketDataChannel - [ORDERBOOK] Sending market data update...
13:00:20.440 [main] INFO  c.sequencer.consumer.LoggingConsumer - [51] 
|----BID-----|
3225700 @ 95
    200 @ 93
    300 @ 91
|----ASK-----|
   1002 @ 98
   200 @ 101
  5000 @ 110
  5600 @ 119

13:00:20.440 [main] DEBUG c.service.MarketDataService - [ALGO] BID: price:95 quantity:3225700
13:00:20.440 [main] DEBUG c.service.MarketDataService - [ALGO] BID: price:93 quantity:200
13:00:20.440 [main] DEBUG c.service.MarketDataService - [ALGO] BID: price:91 quantity:300
13:00:20.440 [main] DEBUG c.service.MarketDataService - [ALGO] ASK: price:98 quantity:1002
13:00:20.440 [main] DEBUG c.service.MarketDataService - [ALGO] ASK: price:101 quantity:200
13:00:20.440 [main] DEBUG c.service.MarketDataService - [ALGO] ASK: price:110 quantity:5000
13:00:20.440 [main] DEBUG c.service.MarketDataService - [ALGO] ASK: price:119 quantity:5600
13:00:20.440 [main] INFO  c.gettingstarted.MyAlgoLogic - [MYALGO] The state of the order book is:
|----BID-----||----ASK----|
3225700 @ 95   1002 @ 98
    200 @ 93   200 @ 101
    300 @ 91  5000 @ 110
          -   5600 @ 119
|------------||-----------|

13:00:20.440 [main] INFO  c.gettingstarted.MyAlgoLogic - [MYALGO] Algo Sees Book as: 
|----BID-----||----ASK----|
3225700 @ 95   1002 @ 98
    200 @ 93   200 @ 101
    300 @ 91  5000 @ 110
          -   5600 @ 119
|------------||-----------|

13:00:20.440 [main] INFO  c.gettingstarted.TimedLogic - [TIMEDLOGIC] Market is open
13:00:20.440 [main] INFO  c.gettingstarted.MyAlgoLogic - [MYALGO] Have:7 children, want 7, done.
13:00:20.440 [main] INFO  c.gettingstarted.MyAlgoLogic - [MYALGO] Active orders are 7
13:00:20.440 [main] INFO  c.gettingstarted.MyAlgoLogic - [MYALGO] Cancelling order:codingblackfemales.sotw.ChildOrder@1ebd319f
13:00:20.440 [main] INFO  c.gettingstarted.MyAlgoLogic - [MYALGO] Option is present, number of active orders are 7
13:00:20.440 [main] INFO  c.container.Actioner - [ALGO] Actioner, sending action:CancelChildOrder(codingblackfemales.sotw.ChildOrder@1ebd319f)
13:00:20.440 [main] INFO  c.sequencer.consumer.LoggingConsumer - [52] [CancelOrder](sbeTemplateId=5|sbeSchemaId=2|sbeSchemaVersion=0|sbeBlockLength=8):orderId=11
13:00:20.440 [main] INFO  c.orderbook.OrderBook - [ORDERBOOK] Cancelling order (id=:11)
13:00:20.440 [main] INFO  c.o.visitor.CancelOrderVisitor - [ORDERBOOK] Cancelling order: Limit(side=BUY,orderId=11,price=95,quantity=51200)
13:00:20.440 [main] DEBUG c.o.v.ReadOnlyMarketDataChannelPublishVisitor - Bid Side Size: 3
13:00:20.440 [main] DEBUG c.o.v.ReadOnlyMarketDataChannelPublishVisitor - Adding Mkt Data Msg BID: Price=95 Qty=3174500
13:00:20.440 [main] DEBUG c.o.v.ReadOnlyMarketDataChannelPublishVisitor - Adding Mkt Data Msg BID: Price=93 Qty=200
13:00:20.440 [main] DEBUG c.o.v.ReadOnlyMarketDataChannelPublishVisitor - Adding Mkt Data Msg BID: Price=91 Qty=300
13:00:20.440 [main] DEBUG c.o.v.ReadOnlyMarketDataChannelPublishVisitor - Ask Side Size: 4
13:00:20.440 [main] DEBUG c.o.v.ReadOnlyMarketDataChannelPublishVisitor - Adding Mkt Data Msg ASK: Price=98 Qty=1002
13:00:20.440 [main] DEBUG c.o.v.ReadOnlyMarketDataChannelPublishVisitor - Adding Mkt Data Msg ASK: Price=101 Qty=200
13:00:20.440 [main] DEBUG c.o.v.ReadOnlyMarketDataChannelPublishVisitor - Adding Mkt Data Msg ASK: Price=110 Qty=5000
13:00:20.440 [main] DEBUG c.o.v.ReadOnlyMarketDataChannelPublishVisitor - Adding Mkt Data Msg ASK: Price=119 Qty=5600
13:00:20.440 [main] INFO  c.o.channel.MarketDataChannel - [ORDERBOOK] Sending market data update...
13:00:20.440 [main] INFO  c.sequencer.consumer.LoggingConsumer - [53] 
|----BID-----|
3174500 @ 95
    200 @ 93
    300 @ 91
|----ASK-----|
   1002 @ 98
   200 @ 101
  5000 @ 110
  5600 @ 119

13:00:20.440 [main] DEBUG c.service.MarketDataService - [ALGO] BID: price:95 quantity:3174500
13:00:20.440 [main] DEBUG c.service.MarketDataService - [ALGO] BID: price:93 quantity:200
13:00:20.440 [main] DEBUG c.service.MarketDataService - [ALGO] BID: price:91 quantity:300
13:00:20.440 [main] DEBUG c.service.MarketDataService - [ALGO] ASK: price:98 quantity:1002
13:00:20.440 [main] DEBUG c.service.MarketDataService - [ALGO] ASK: price:101 quantity:200
13:00:20.440 [main] DEBUG c.service.MarketDataService - [ALGO] ASK: price:110 quantity:5000
13:00:20.440 [main] DEBUG c.service.MarketDataService - [ALGO] ASK: price:119 quantity:5600
13:00:20.440 [main] INFO  c.gettingstarted.MyAlgoLogic - [MYALGO] The state of the order book is:
|----BID-----||----ASK----|
3174500 @ 95   1002 @ 98
    200 @ 93   200 @ 101
    300 @ 91  5000 @ 110
          -   5600 @ 119
|------------||-----------|

13:00:20.440 [main] INFO  c.gettingstarted.MyAlgoLogic - [MYALGO] Algo Sees Book as: 
|----BID-----||----ASK----|
3174500 @ 95   1002 @ 98
    200 @ 93   200 @ 101
    300 @ 91  5000 @ 110
          -   5600 @ 119
|------------||-----------|

13:00:20.440 [main] INFO  c.gettingstarted.TimedLogic - [TIMEDLOGIC] Market is open
]]></system-out>
  </testcase>
</testsuite>