<?xml version="1.0" encoding="UTF-8"?>
<testsuite xmlns:xsi="http://www.w3.org/2001/XMLSchema-instance" xsi:noNamespaceSchemaLocation="https://maven.apache.org/surefire/maven-surefire-plugin/xsd/surefire-test-report-3.0.xsd" version="3.0" name="codingblackfemales.gettingstarted.MyAlgoTest" time="0.074" tests="6" errors="0" skipped="0" failures="0">
  <properties>
    <property name="java.specification.version" value="17"/>
    <property name="sun.cpu.isalist" value="amd64"/>
    <property name="sun.jnu.encoding" value="Cp1252"/>
    <property name="java.class.path" value="C:\Users\admin\Desktop\Sherelles Stuff\UBS-Assignments\finalCopy\codingblackfemales\algo-coding-exercise\getting-started\target\test-classes;C:\Users\admin\Desktop\Sherelles Stuff\UBS-Assignments\finalCopy\codingblackfemales\algo-coding-exercise\getting-started\target\classes;C:\Users\admin\Desktop\Sherelles Stuff\UBS-Assignments\finalCopy\codingblackfemales\algo-coding-exercise\algo\target\classes;C:\Users\admin\Desktop\Sherelles Stuff\UBS-Assignments\finalCopy\codingblackfemales\algo-coding-exercise\dictionary\target\classes;C:\Users\admin\.m2\repository\org\agrona\agrona\1.16.0\agrona-1.16.0.jar;C:\Users\admin\Desktop\Sherelles Stuff\UBS-Assignments\finalCopy\codingblackfemales\algo-coding-exercise\sequencer\target\classes;C:\Users\admin\.m2\repository\com\google\code\gson\gson\2.10.1\gson-2.10.1.jar;C:\Users\admin\.m2\repository\org\apache\commons\commons-lang3\3.12.0\commons-lang3-3.12.0.jar;C:\Users\admin\Desktop\Sherelles Stuff\UBS-Assignments\finalCopy\codingblackfemales\algo-coding-exercise\backtest\target\classes;C:\Users\admin\Desktop\Sherelles Stuff\UBS-Assignments\finalCopy\codingblackfemales\algo-coding-exercise\collection\target\classes;C:\Users\admin\Desktop\Sherelles Stuff\UBS-Assignments\finalCopy\codingblackfemales\algo-coding-exercise\sequencer\target\test-classes;C:\Users\admin\.m2\repository\junit\junit\4.11\junit-4.11.jar;C:\Users\admin\.m2\repository\org\hamcrest\hamcrest-core\1.3\hamcrest-core-1.3.jar;C:\Users\admin\.m2\repository\uk\co\real-logic\sbe-all\1.26.0\sbe-all-1.26.0.jar;C:\Users\admin\.m2\repository\org\mockito\mockito-core\5.4.0\mockito-core-5.4.0.jar;C:\Users\admin\.m2\repository\net\bytebuddy\byte-buddy\1.14.5\byte-buddy-1.14.5.jar;C:\Users\admin\.m2\repository\net\bytebuddy\byte-buddy-agent\1.14.5\byte-buddy-agent-1.14.5.jar;C:\Users\admin\.m2\repository\org\objenesis\objenesis\3.3\objenesis-3.3.jar;C:\Users\admin\.m2\repository\ch\qos\logback\logback-core\1.3.5\logback-core-1.3.5.jar;C:\Users\admin\.m2\repository\org\slf4j\slf4j-api\2.0.4\slf4j-api-2.0.4.jar;C:\Users\admin\.m2\repository\ch\qos\logback\logback-classic\1.3.5\logback-classic-1.3.5.jar;"/>
    <property name="java.vm.vendor" value="Oracle Corporation"/>
    <property name="sun.arch.data.model" value="64"/>
    <property name="user.variant" value=""/>
    <property name="java.vendor.url" value="https://java.oracle.com/"/>
    <property name="user.timezone" value="Europe/London"/>
    <property name="os.name" value="Windows 10"/>
    <property name="java.vm.specification.version" value="17"/>
    <property name="sun.java.launcher" value="SUN_STANDARD"/>
    <property name="user.country" value="GB"/>
    <property name="sun.boot.library.path" value="C:\Program Files\Java\jdk-17\bin"/>
    <property name="sun.java.command" value="C:\Users\admin\AppData\Local\Temp\surefire15730047207450031598\surefirebooter-20231006130018530_26.jar C:\Users\admin\AppData\Local\Temp\surefire15730047207450031598 2023-10-06T13-00-11_401-jvmRun1 surefire-20231006130018530_24tmp surefire_2-20231006130018530_25tmp"/>
    <property name="jdk.debug" value="release"/>
    <property name="surefire.test.class.path" value="C:\Users\admin\Desktop\Sherelles Stuff\UBS-Assignments\finalCopy\codingblackfemales\algo-coding-exercise\getting-started\target\test-classes;C:\Users\admin\Desktop\Sherelles Stuff\UBS-Assignments\finalCopy\codingblackfemales\algo-coding-exercise\getting-started\target\classes;C:\Users\admin\Desktop\Sherelles Stuff\UBS-Assignments\finalCopy\codingblackfemales\algo-coding-exercise\algo\target\classes;C:\Users\admin\Desktop\Sherelles Stuff\UBS-Assignments\finalCopy\codingblackfemales\algo-coding-exercise\dictionary\target\classes;C:\Users\admin\.m2\repository\org\agrona\agrona\1.16.0\agrona-1.16.0.jar;C:\Users\admin\Desktop\Sherelles Stuff\UBS-Assignments\finalCopy\codingblackfemales\algo-coding-exercise\sequencer\target\classes;C:\Users\admin\.m2\repository\com\google\code\gson\gson\2.10.1\gson-2.10.1.jar;C:\Users\admin\.m2\repository\org\apache\commons\commons-lang3\3.12.0\commons-lang3-3.12.0.jar;C:\Users\admin\Desktop\Sherelles Stuff\UBS-Assignments\finalCopy\codingblackfemales\algo-coding-exercise\backtest\target\classes;C:\Users\admin\Desktop\Sherelles Stuff\UBS-Assignments\finalCopy\codingblackfemales\algo-coding-exercise\collection\target\classes;C:\Users\admin\Desktop\Sherelles Stuff\UBS-Assignments\finalCopy\codingblackfemales\algo-coding-exercise\sequencer\target\test-classes;C:\Users\admin\.m2\repository\junit\junit\4.11\junit-4.11.jar;C:\Users\admin\.m2\repository\org\hamcrest\hamcrest-core\1.3\hamcrest-core-1.3.jar;C:\Users\admin\.m2\repository\uk\co\real-logic\sbe-all\1.26.0\sbe-all-1.26.0.jar;C:\Users\admin\.m2\repository\org\mockito\mockito-core\5.4.0\mockito-core-5.4.0.jar;C:\Users\admin\.m2\repository\net\bytebuddy\byte-buddy\1.14.5\byte-buddy-1.14.5.jar;C:\Users\admin\.m2\repository\net\bytebuddy\byte-buddy-agent\1.14.5\byte-buddy-agent-1.14.5.jar;C:\Users\admin\.m2\repository\org\objenesis\objenesis\3.3\objenesis-3.3.jar;C:\Users\admin\.m2\repository\ch\qos\logback\logback-core\1.3.5\logback-core-1.3.5.jar;C:\Users\admin\.m2\repository\org\slf4j\slf4j-api\2.0.4\slf4j-api-2.0.4.jar;C:\Users\admin\.m2\repository\ch\qos\logback\logback-classic\1.3.5\logback-classic-1.3.5.jar;"/>
    <property name="sun.cpu.endian" value="little"/>
    <property name="user.home" value="C:\Users\admin"/>
    <property name="user.language" value="en"/>
    <property name="java.specification.vendor" value="Oracle Corporation"/>
    <property name="java.version.date" value="2023-04-18"/>
    <property name="java.home" value="C:\Program Files\Java\jdk-17"/>
    <property name="file.separator" value="\"/>
    <property name="basedir" value="C:\Users\admin\Desktop\Sherelles Stuff\UBS-Assignments\finalCopy\codingblackfemales\algo-coding-exercise\getting-started"/>
    <property name="java.vm.compressedOopsMode" value="Zero based"/>
    <property name="line.separator" value="&#10;"/>
    <property name="java.vm.specification.vendor" value="Oracle Corporation"/>
    <property name="java.specification.name" value="Java Platform API Specification"/>
    <property name="surefire.real.class.path" value="C:\Users\admin\AppData\Local\Temp\surefire15730047207450031598\surefirebooter-20231006130018530_26.jar"/>
    <property name="user.script" value=""/>
    <property name="sun.management.compiler" value="HotSpot 64-Bit Tiered Compilers"/>
    <property name="java.runtime.version" value="17.0.7+8-LTS-224"/>
    <property name="user.name" value="admin"/>
    <property name="path.separator" value=";"/>
    <property name="os.version" value="10.0"/>
    <property name="java.runtime.name" value="Java(TM) SE Runtime Environment"/>
    <property name="file.encoding" value="Cp1252"/>
    <property name="java.vm.name" value="Java HotSpot(TM) 64-Bit Server VM"/>
    <property name="localRepository" value="C:\Users\admin\.m2\repository"/>
    <property name="java.vendor.url.bug" value="https://bugreport.java.com/bugreport/"/>
    <property name="java.io.tmpdir" value="C:\Users\admin\AppData\Local\Temp\"/>
    <property name="java.version" value="17.0.7"/>
    <property name="user.dir" value="C:\Users\admin\Desktop\Sherelles Stuff\UBS-Assignments\finalCopy\codingblackfemales\algo-coding-exercise\getting-started"/>
    <property name="os.arch" value="amd64"/>
    <property name="java.vm.specification.name" value="Java Virtual Machine Specification"/>
    <property name="sun.os.patch.level" value=""/>
    <property name="native.encoding" value="Cp1252"/>
    <property name="java.library.path" value="C:\Program Files\Java\jdk-17\bin;C:\WINDOWS\Sun\Java\bin;C:\WINDOWS\system32;C:\WINDOWS;C:\Program Files\Common Files\Oracle\Java\javapath;C:\WINDOWS\system32;C:\WINDOWS;C:\WINDOWS\System32\Wbem;C:\WINDOWS\System32\WindowsPowerShell\v1.0\;C:\WINDOWS\System32\OpenSSH\;C:\Program Files\dotnet\;C:\Program Files (x86)\Intel\Intel(R) Management Engine Components\DAL;C:\Program Files\Intel\Intel(R) Management Engine Components\DAL;C:\Program Files (x86)\NVIDIA Corporation\PhysX\Common;C:\Program Files\Git\cmd;C:\Program Files\apache-maven-3.9.4\bin;C:\Users\admin\AppData\Local\Microsoft\WindowsApps;;C:\Users\admin\AppData\Local\Programs\Microsoft VS Code\bin;."/>
    <property name="java.vm.info" value="mixed mode, sharing"/>
    <property name="java.vendor" value="Oracle Corporation"/>
    <property name="java.vm.version" value="17.0.7+8-LTS-224"/>
    <property name="sun.io.unicode.encoding" value="UnicodeLittle"/>
    <property name="java.class.version" value="61.0"/>
  </properties>
  <testcase name="noActionTest" classname="codingblackfemales.gettingstarted.MyAlgoTest" time="0.022">
    <system-out><![CDATA[13:00:20.440 [main] INFO  c.sequencer.consumer.LoggingConsumer - [1] 
|----BID-----|
   101 @ 100
|----ASK-----|
    100 @ 98

13:00:20.440 [main] DEBUG c.service.MarketDataService - [ALGO] BID: price:100 quantity:101
13:00:20.440 [main] DEBUG c.service.MarketDataService - [ALGO] ASK: price:98 quantity:100
13:00:20.440 [main] INFO  c.gettingstarted.MyAlgoLogic - [MYALGO] The state of the order book is:
|----BID-----||----ASK----|
   101 @ 100    100 @ 98
|------------||-----------|

13:00:20.440 [main] INFO  c.gettingstarted.MyAlgoLogic - [MYALGO] Algo Sees Book as: 
|----BID-----||----ASK----|
   101 @ 100    100 @ 98
|------------||-----------|

13:00:20.440 [main] INFO  c.gettingstarted.TimedLogic - [TIMEDLOGIC] Market is open
13:00:20.440 [main] INFO  c.gettingstarted.MyAlgoLogic - [MYALGO] Aftr buy orders0
13:00:20.440 [main] INFO  c.gettingstarted.MyAlgoLogic - [MYALGO] After Buy total orders0
13:00:20.440 [main] INFO  c.container.Actioner - [ALGO] Actioner, sending action:CreateChildOrder(side=BUY,quantity=101,price=100)
13:00:20.440 [main] INFO  c.sequencer.consumer.LoggingConsumer - [2] [CreateOrder](sbeTemplateId=4|sbeSchemaId=2|sbeSchemaVersion=0|sbeBlockLength=33):instrumentId=0|price=100|quantity=101|side=BUY|orderId=2
13:00:20.440 [main] INFO  c.gettingstarted.MyAlgoLogic - [MYALGO] The state of the order book is:
|----BID-----||----ASK----|
   101 @ 100    100 @ 98
|------------||-----------|

13:00:20.440 [main] INFO  c.gettingstarted.MyAlgoLogic - [MYALGO] Algo Sees Book as: 
|----BID-----||----ASK----|
   101 @ 100    100 @ 98
|------------||-----------|

13:00:20.440 [main] INFO  c.gettingstarted.TimedLogic - [TIMEDLOGIC] Market is open
13:00:20.440 [main] INFO  c.gettingstarted.MyAlgoLogic - [MYALGO] Aftr buy orders1
13:00:20.440 [main] INFO  c.gettingstarted.MyAlgoLogic - [MYALGO] After Buy total orders1
13:00:20.440 [main] INFO  c.container.Actioner - [ALGO] Actioner, sending action:CreateChildOrder(side=BUY,quantity=101,price=100)
13:00:20.440 [main] INFO  c.sequencer.consumer.LoggingConsumer - [3] [CreateOrder](sbeTemplateId=4|sbeSchemaId=2|sbeSchemaVersion=0|sbeBlockLength=33):instrumentId=0|price=100|quantity=101|side=BUY|orderId=3
13:00:20.440 [main] INFO  c.gettingstarted.MyAlgoLogic - [MYALGO] The state of the order book is:
|----BID-----||----ASK----|
   101 @ 100    100 @ 98
|------------||-----------|

13:00:20.440 [main] INFO  c.gettingstarted.MyAlgoLogic - [MYALGO] Algo Sees Book as: 
|----BID-----||----ASK----|
   101 @ 100    100 @ 98
|------------||-----------|

13:00:20.440 [main] INFO  c.gettingstarted.TimedLogic - [TIMEDLOGIC] Market is open
13:00:20.440 [main] INFO  c.gettingstarted.MyAlgoLogic - [MYALGO] Aftr buy orders2
13:00:20.440 [main] INFO  c.gettingstarted.MyAlgoLogic - [MYALGO] After Buy total orders2
13:00:20.440 [main] INFO  c.container.Actioner - [ALGO] Actioner, sending action:CreateChildOrder(side=BUY,quantity=101,price=100)
13:00:20.440 [main] INFO  c.sequencer.consumer.LoggingConsumer - [4] [CreateOrder](sbeTemplateId=4|sbeSchemaId=2|sbeSchemaVersion=0|sbeBlockLength=33):instrumentId=0|price=100|quantity=101|side=BUY|orderId=4
13:00:20.440 [main] INFO  c.gettingstarted.MyAlgoLogic - [MYALGO] The state of the order book is:
|----BID-----||----ASK----|
   101 @ 100    100 @ 98
|------------||-----------|

13:00:20.440 [main] INFO  c.gettingstarted.MyAlgoLogic - [MYALGO] Algo Sees Book as: 
|----BID-----||----ASK----|
   101 @ 100    100 @ 98
|------------||-----------|

13:00:20.440 [main] INFO  c.gettingstarted.TimedLogic - [TIMEDLOGIC] Market is open
13:00:20.440 [main] INFO  c.gettingstarted.MyAlgoLogic - [MYALGO] Aftr buy orders3
13:00:20.440 [main] INFO  c.gettingstarted.MyAlgoLogic - [MYALGO] After Buy total orders3
13:00:20.440 [main] INFO  c.container.Actioner - [ALGO] Actioner, sending action:CreateChildOrder(side=BUY,quantity=101,price=100)
13:00:20.440 [main] INFO  c.sequencer.consumer.LoggingConsumer - [5] [CreateOrder](sbeTemplateId=4|sbeSchemaId=2|sbeSchemaVersion=0|sbeBlockLength=33):instrumentId=0|price=100|quantity=101|side=BUY|orderId=5
13:00:20.440 [main] INFO  c.gettingstarted.MyAlgoLogic - [MYALGO] The state of the order book is:
|----BID-----||----ASK----|
   101 @ 100    100 @ 98
|------------||-----------|

13:00:20.440 [main] INFO  c.gettingstarted.MyAlgoLogic - [MYALGO] Algo Sees Book as: 
|----BID-----||----ASK----|
   101 @ 100    100 @ 98
|------------||-----------|

13:00:20.440 [main] INFO  c.gettingstarted.TimedLogic - [TIMEDLOGIC] Market is open
13:00:20.440 [main] INFO  c.gettingstarted.MyAlgoLogic - [MYALGO] Aftr buy orders4
13:00:20.440 [main] INFO  c.gettingstarted.MyAlgoLogic - [MYALGO] After Buy total orders4
13:00:20.440 [main] INFO  c.container.Actioner - [ALGO] Actioner, sending action:CreateChildOrder(side=BUY,quantity=101,price=100)
13:00:20.440 [main] INFO  c.sequencer.consumer.LoggingConsumer - [6] [CreateOrder](sbeTemplateId=4|sbeSchemaId=2|sbeSchemaVersion=0|sbeBlockLength=33):instrumentId=0|price=100|quantity=101|side=BUY|orderId=6
13:00:20.440 [main] INFO  c.gettingstarted.MyAlgoLogic - [MYALGO] The state of the order book is:
|----BID-----||----ASK----|
   101 @ 100    100 @ 98
|------------||-----------|

13:00:20.440 [main] INFO  c.gettingstarted.MyAlgoLogic - [MYALGO] Algo Sees Book as: 
|----BID-----||----ASK----|
   101 @ 100    100 @ 98
|------------||-----------|

13:00:20.440 [main] INFO  c.gettingstarted.TimedLogic - [TIMEDLOGIC] Market is open
13:00:20.440 [main] INFO  c.gettingstarted.MyAlgoLogic - [MYALGO] Aftr buy orders5
13:00:20.440 [main] INFO  c.gettingstarted.MyAlgoLogic - [MYALGO] After Buy total orders5
13:00:20.440 [main] INFO  c.container.Actioner - [ALGO] Actioner, sending action:CreateChildOrder(side=BUY,quantity=101,price=100)
13:00:20.440 [main] INFO  c.sequencer.consumer.LoggingConsumer - [7] [CreateOrder](sbeTemplateId=4|sbeSchemaId=2|sbeSchemaVersion=0|sbeBlockLength=33):instrumentId=0|price=100|quantity=101|side=BUY|orderId=7
13:00:20.440 [main] INFO  c.gettingstarted.MyAlgoLogic - [MYALGO] The state of the order book is:
|----BID-----||----ASK----|
   101 @ 100    100 @ 98
|------------||-----------|

13:00:20.440 [main] INFO  c.gettingstarted.MyAlgoLogic - [MYALGO] Algo Sees Book as: 
|----BID-----||----ASK----|
   101 @ 100    100 @ 98
|------------||-----------|

13:00:20.440 [main] INFO  c.gettingstarted.TimedLogic - [TIMEDLOGIC] Market is open
13:00:20.440 [main] INFO  c.gettingstarted.MyAlgoLogic - [MYALGO] Aftr buy orders6
13:00:20.440 [main] INFO  c.gettingstarted.MyAlgoLogic - [MYALGO] After Buy total orders6
13:00:20.440 [main] INFO  c.container.Actioner - [ALGO] Actioner, sending action:CreateChildOrder(side=BUY,quantity=101,price=100)
13:00:20.440 [main] INFO  c.sequencer.consumer.LoggingConsumer - [8] [CreateOrder](sbeTemplateId=4|sbeSchemaId=2|sbeSchemaVersion=0|sbeBlockLength=33):instrumentId=0|price=100|quantity=101|side=BUY|orderId=8
13:00:20.440 [main] INFO  c.gettingstarted.MyAlgoLogic - [MYALGO] The state of the order book is:
|----BID-----||----ASK----|
   101 @ 100    100 @ 98
|------------||-----------|

13:00:20.440 [main] INFO  c.gettingstarted.MyAlgoLogic - [MYALGO] Algo Sees Book as: 
|----BID-----||----ASK----|
   101 @ 100    100 @ 98
|------------||-----------|

13:00:20.440 [main] INFO  c.gettingstarted.TimedLogic - [TIMEDLOGIC] Market is open
13:00:20.440 [main] INFO  c.gettingstarted.MyAlgoLogic - [MYALGO] Aftr buy orders7
13:00:20.440 [main] INFO  c.gettingstarted.MyAlgoLogic - [MYALGO] After Buy total orders7
13:00:20.440 [main] INFO  c.container.Actioner - [ALGO] Actioner, sending action:CreateChildOrder(side=BUY,quantity=101,price=100)
13:00:20.440 [main] INFO  c.sequencer.consumer.LoggingConsumer - [9] [CreateOrder](sbeTemplateId=4|sbeSchemaId=2|sbeSchemaVersion=0|sbeBlockLength=33):instrumentId=0|price=100|quantity=101|side=BUY|orderId=9
13:00:20.440 [main] INFO  c.gettingstarted.MyAlgoLogic - [MYALGO] The state of the order book is:
|----BID-----||----ASK----|
   101 @ 100    100 @ 98
|------------||-----------|

13:00:20.440 [main] INFO  c.gettingstarted.MyAlgoLogic - [MYALGO] Algo Sees Book as: 
|----BID-----||----ASK----|
   101 @ 100    100 @ 98
|------------||-----------|

13:00:20.440 [main] INFO  c.gettingstarted.TimedLogic - [TIMEDLOGIC] Market is open
13:00:20.440 [main] INFO  c.gettingstarted.MyAlgoLogic - [MYALGO] Aftr buy orders8
13:00:20.440 [main] INFO  c.gettingstarted.MyAlgoLogic - [MYALGO] After Buy total orders8
13:00:20.440 [main] INFO  c.container.Actioner - [ALGO] Actioner, sending action:CreateChildOrder(side=BUY,quantity=101,price=100)
13:00:20.440 [main] INFO  c.sequencer.consumer.LoggingConsumer - [10] [CreateOrder](sbeTemplateId=4|sbeSchemaId=2|sbeSchemaVersion=0|sbeBlockLength=33):instrumentId=0|price=100|quantity=101|side=BUY|orderId=10
13:00:20.440 [main] INFO  c.gettingstarted.MyAlgoLogic - [MYALGO] The state of the order book is:
|----BID-----||----ASK----|
   101 @ 100    100 @ 98
|------------||-----------|

13:00:20.440 [main] INFO  c.gettingstarted.MyAlgoLogic - [MYALGO] Algo Sees Book as: 
|----BID-----||----ASK----|
   101 @ 100    100 @ 98
|------------||-----------|

13:00:20.440 [main] INFO  c.gettingstarted.TimedLogic - [TIMEDLOGIC] Market is open
13:00:20.440 [main] INFO  c.gettingstarted.MyAlgoLogic - [MYALGO] Aftr buy orders9
13:00:20.440 [main] INFO  c.gettingstarted.MyAlgoLogic - [MYALGO] After Buy total orders9
13:00:20.440 [main] INFO  c.container.Actioner - [ALGO] Actioner, sending action:CreateChildOrder(side=BUY,quantity=101,price=100)
13:00:20.440 [main] INFO  c.sequencer.consumer.LoggingConsumer - [11] [CreateOrder](sbeTemplateId=4|sbeSchemaId=2|sbeSchemaVersion=0|sbeBlockLength=33):instrumentId=0|price=100|quantity=101|side=BUY|orderId=11
13:00:20.440 [main] INFO  c.gettingstarted.MyAlgoLogic - [MYALGO] The state of the order book is:
|----BID-----||----ASK----|
   101 @ 100    100 @ 98
|------------||-----------|

13:00:20.440 [main] INFO  c.gettingstarted.MyAlgoLogic - [MYALGO] Algo Sees Book as: 
|----BID-----||----ASK----|
   101 @ 100    100 @ 98
|------------||-----------|

13:00:20.440 [main] INFO  c.gettingstarted.TimedLogic - [TIMEDLOGIC] Market is open
13:00:20.440 [main] INFO  c.gettingstarted.MyAlgoLogic - [MYALGO] Aftr buy orders10
13:00:20.440 [main] INFO  c.gettingstarted.MyAlgoLogic - [MYALGO] After Buy total orders10
13:00:20.440 [main] INFO  c.container.Actioner - [ALGO] Actioner, sending action:CreateChildOrder(side=BUY,quantity=101,price=100)
13:00:20.440 [main] INFO  c.sequencer.consumer.LoggingConsumer - [12] [CreateOrder](sbeTemplateId=4|sbeSchemaId=2|sbeSchemaVersion=0|sbeBlockLength=33):instrumentId=0|price=100|quantity=101|side=BUY|orderId=12
13:00:20.440 [main] INFO  c.gettingstarted.MyAlgoLogic - [MYALGO] The state of the order book is:
|----BID-----||----ASK----|
   101 @ 100    100 @ 98
|------------||-----------|

13:00:20.440 [main] INFO  c.gettingstarted.MyAlgoLogic - [MYALGO] Algo Sees Book as: 
|----BID-----||----ASK----|
   101 @ 100    100 @ 98
|------------||-----------|

13:00:20.440 [main] INFO  c.gettingstarted.TimedLogic - [TIMEDLOGIC] Market is open
13:00:20.440 [main] INFO  c.gettingstarted.MyAlgoLogic - [MYALGO] Aftr buy orders11
13:00:20.440 [main] INFO  c.gettingstarted.MyAlgoLogic - [MYALGO] After Buy total orders11
13:00:20.440 [main] INFO  c.container.Actioner - [ALGO] Actioner, sending action:CreateChildOrder(side=BUY,quantity=101,price=100)
13:00:20.440 [main] INFO  c.sequencer.consumer.LoggingConsumer - [13] [CreateOrder](sbeTemplateId=4|sbeSchemaId=2|sbeSchemaVersion=0|sbeBlockLength=33):instrumentId=0|price=100|quantity=101|side=BUY|orderId=13
13:00:20.440 [main] INFO  c.gettingstarted.MyAlgoLogic - [MYALGO] The state of the order book is:
|----BID-----||----ASK----|
   101 @ 100    100 @ 98
|------------||-----------|

13:00:20.440 [main] INFO  c.gettingstarted.MyAlgoLogic - [MYALGO] Algo Sees Book as: 
|----BID-----||----ASK----|
   101 @ 100    100 @ 98
|------------||-----------|

13:00:20.440 [main] INFO  c.gettingstarted.TimedLogic - [TIMEDLOGIC] Market is open
13:00:20.440 [main] INFO  c.gettingstarted.MyAlgoLogic - [MYALGO] Aftr buy orders12
13:00:20.440 [main] INFO  c.gettingstarted.MyAlgoLogic - [MYALGO] After Buy total orders12
13:00:20.440 [main] INFO  c.container.Actioner - [ALGO] Actioner, sending action:CreateChildOrder(side=BUY,quantity=101,price=100)
13:00:20.440 [main] INFO  c.sequencer.consumer.LoggingConsumer - [14] [CreateOrder](sbeTemplateId=4|sbeSchemaId=2|sbeSchemaVersion=0|sbeBlockLength=33):instrumentId=0|price=100|quantity=101|side=BUY|orderId=14
13:00:20.440 [main] INFO  c.gettingstarted.MyAlgoLogic - [MYALGO] The state of the order book is:
|----BID-----||----ASK----|
   101 @ 100    100 @ 98
|------------||-----------|

13:00:20.440 [main] INFO  c.gettingstarted.MyAlgoLogic - [MYALGO] Algo Sees Book as: 
|----BID-----||----ASK----|
   101 @ 100    100 @ 98
|------------||-----------|

13:00:20.440 [main] INFO  c.gettingstarted.TimedLogic - [TIMEDLOGIC] Market is open
13:00:20.440 [main] INFO  c.gettingstarted.MyAlgoLogic - [MYALGO] Aftr buy orders13
13:00:20.440 [main] INFO  c.gettingstarted.MyAlgoLogic - [MYALGO] After Buy total orders13
13:00:20.440 [main] INFO  c.container.Actioner - [ALGO] Actioner, sending action:CreateChildOrder(side=BUY,quantity=101,price=100)
13:00:20.440 [main] INFO  c.sequencer.consumer.LoggingConsumer - [15] [CreateOrder](sbeTemplateId=4|sbeSchemaId=2|sbeSchemaVersion=0|sbeBlockLength=33):instrumentId=0|price=100|quantity=101|side=BUY|orderId=15
13:00:20.440 [main] INFO  c.gettingstarted.MyAlgoLogic - [MYALGO] The state of the order book is:
|----BID-----||----ASK----|
   101 @ 100    100 @ 98
|------------||-----------|

13:00:20.440 [main] INFO  c.gettingstarted.MyAlgoLogic - [MYALGO] Algo Sees Book as: 
|----BID-----||----ASK----|
   101 @ 100    100 @ 98
|------------||-----------|

13:00:20.440 [main] INFO  c.gettingstarted.TimedLogic - [TIMEDLOGIC] Market is open
13:00:20.440 [main] INFO  c.gettingstarted.MyAlgoLogic - [MYALGO] Aftr buy orders14
13:00:20.440 [main] INFO  c.gettingstarted.MyAlgoLogic - [MYALGO] After Buy total orders14
13:00:20.440 [main] INFO  c.container.Actioner - [ALGO] Actioner, sending action:CreateChildOrder(side=BUY,quantity=101,price=100)
13:00:20.440 [main] INFO  c.sequencer.consumer.LoggingConsumer - [16] [CreateOrder](sbeTemplateId=4|sbeSchemaId=2|sbeSchemaVersion=0|sbeBlockLength=33):instrumentId=0|price=100|quantity=101|side=BUY|orderId=16
13:00:20.440 [main] INFO  c.gettingstarted.MyAlgoLogic - [MYALGO] The state of the order book is:
|----BID-----||----ASK----|
   101 @ 100    100 @ 98
|------------||-----------|

13:00:20.456 [main] INFO  c.gettingstarted.MyAlgoLogic - [MYALGO] Algo Sees Book as: 
|----BID-----||----ASK----|
   101 @ 100    100 @ 98
|------------||-----------|

13:00:20.456 [main] INFO  c.gettingstarted.TimedLogic - [TIMEDLOGIC] Market is open
13:00:20.456 [main] INFO  c.gettingstarted.MyAlgoLogic - [MYALGO] Adding order for100@98
13:00:20.456 [main] INFO  c.gettingstarted.MyAlgoLogic - [MYALGO] Initial quantity100 price 98
13:00:20.456 [main] INFO  c.gettingstarted.MyAlgoLogic - [MYALGO] Active orders15
13:00:20.456 [main] INFO  c.gettingstarted.MyAlgoLogic - [MYALGO] Total orders15
13:00:20.456 [main] INFO  c.container.Actioner - [ALGO] Actioner, sending action:CreateChildOrder(side=SELL,quantity=100,price=98)
13:00:20.456 [main] INFO  c.sequencer.consumer.LoggingConsumer - [17] [CreateOrder](sbeTemplateId=4|sbeSchemaId=2|sbeSchemaVersion=0|sbeBlockLength=33):instrumentId=0|price=98|quantity=100|side=SELL|orderId=17
13:00:20.456 [main] INFO  c.gettingstarted.MyAlgoLogic - [MYALGO] The state of the order book is:
|----BID-----||----ASK----|
   101 @ 100    100 @ 98
|------------||-----------|

13:00:20.456 [main] INFO  c.gettingstarted.MyAlgoLogic - [MYALGO] Algo Sees Book as: 
|----BID-----||----ASK----|
   101 @ 100    100 @ 98
|------------||-----------|

13:00:20.456 [main] INFO  c.gettingstarted.TimedLogic - [TIMEDLOGIC] Market is open
13:00:20.456 [main] INFO  c.gettingstarted.MyAlgoLogic - [MYALGO] Have:16 children, want 7, done.
13:00:20.456 [main] INFO  c.gettingstarted.MyAlgoLogic - [MYALGO] Active orders are 16
13:00:20.456 [main] INFO  c.gettingstarted.MyAlgoLogic - [MYALGO] Cancelling order:codingblackfemales.sotw.ChildOrder@6e509ffa
13:00:20.456 [main] INFO  c.gettingstarted.MyAlgoLogic - [MYALGO] Option is present, number of active orders are 16
13:00:20.456 [main] INFO  c.container.Actioner - [ALGO] Actioner, sending action:CancelChildOrder(codingblackfemales.sotw.ChildOrder@6e509ffa)
13:00:20.456 [main] INFO  c.sequencer.consumer.LoggingConsumer - [18] [CancelOrder](sbeTemplateId=5|sbeSchemaId=2|sbeSchemaVersion=0|sbeBlockLength=8):orderId=2
13:00:20.456 [main] INFO  c.gettingstarted.MyAlgoLogic - [MYALGO] The state of the order book is:
|----BID-----||----ASK----|
   101 @ 100    100 @ 98
|------------||-----------|

13:00:20.456 [main] INFO  c.gettingstarted.MyAlgoLogic - [MYALGO] Algo Sees Book as: 
|----BID-----||----ASK----|
   101 @ 100    100 @ 98
|------------||-----------|

13:00:20.456 [main] INFO  c.gettingstarted.TimedLogic - [TIMEDLOGIC] Market is open
13:00:20.456 [main] INFO  c.gettingstarted.MyAlgoLogic - [MYALGO] Have:15 children, want 7, done.
13:00:20.456 [main] INFO  c.gettingstarted.MyAlgoLogic - [MYALGO] Active orders are 15
13:00:20.456 [main] INFO  c.gettingstarted.MyAlgoLogic - [MYALGO] Cancelling order:codingblackfemales.sotw.ChildOrder@2898ac89
13:00:20.456 [main] INFO  c.gettingstarted.MyAlgoLogic - [MYALGO] Option is present, number of active orders are 15
13:00:20.456 [main] INFO  c.container.Actioner - [ALGO] Actioner, sending action:CancelChildOrder(codingblackfemales.sotw.ChildOrder@2898ac89)
13:00:20.456 [main] INFO  c.sequencer.consumer.LoggingConsumer - [19] [CancelOrder](sbeTemplateId=5|sbeSchemaId=2|sbeSchemaVersion=0|sbeBlockLength=8):orderId=3
13:00:20.456 [main] INFO  c.gettingstarted.MyAlgoLogic - [MYALGO] The state of the order book is:
|----BID-----||----ASK----|
   101 @ 100    100 @ 98
|------------||-----------|

13:00:20.456 [main] INFO  c.gettingstarted.MyAlgoLogic - [MYALGO] Algo Sees Book as: 
|----BID-----||----ASK----|
   101 @ 100    100 @ 98
|------------||-----------|

13:00:20.456 [main] INFO  c.gettingstarted.TimedLogic - [TIMEDLOGIC] Market is open
13:00:20.456 [main] INFO  c.gettingstarted.MyAlgoLogic - [MYALGO] Have:14 children, want 7, done.
13:00:20.456 [main] INFO  c.gettingstarted.MyAlgoLogic - [MYALGO] Active orders are 14
13:00:20.456 [main] INFO  c.gettingstarted.MyAlgoLogic - [MYALGO] Cancelling order:codingblackfemales.sotw.ChildOrder@683dbc2c
13:00:20.456 [main] INFO  c.gettingstarted.MyAlgoLogic - [MYALGO] Option is present, number of active orders are 14
13:00:20.456 [main] INFO  c.container.Actioner - [ALGO] Actioner, sending action:CancelChildOrder(codingblackfemales.sotw.ChildOrder@683dbc2c)
13:00:20.456 [main] INFO  c.sequencer.consumer.LoggingConsumer - [20] [CancelOrder](sbeTemplateId=5|sbeSchemaId=2|sbeSchemaVersion=0|sbeBlockLength=8):orderId=4
13:00:20.456 [main] INFO  c.gettingstarted.MyAlgoLogic - [MYALGO] The state of the order book is:
|----BID-----||----ASK----|
   101 @ 100    100 @ 98
|------------||-----------|

13:00:20.456 [main] INFO  c.gettingstarted.MyAlgoLogic - [MYALGO] Algo Sees Book as: 
|----BID-----||----ASK----|
   101 @ 100    100 @ 98
|------------||-----------|

13:00:20.456 [main] INFO  c.gettingstarted.TimedLogic - [TIMEDLOGIC] Market is open
13:00:20.456 [main] INFO  c.gettingstarted.MyAlgoLogic - [MYALGO] Have:13 children, want 7, done.
13:00:20.456 [main] INFO  c.gettingstarted.MyAlgoLogic - [MYALGO] Active orders are 13
13:00:20.456 [main] INFO  c.gettingstarted.MyAlgoLogic - [MYALGO] Cancelling order:codingblackfemales.sotw.ChildOrder@68267da0
13:00:20.456 [main] INFO  c.gettingstarted.MyAlgoLogic - [MYALGO] Option is present, number of active orders are 13
13:00:20.456 [main] INFO  c.container.Actioner - [ALGO] Actioner, sending action:CancelChildOrder(codingblackfemales.sotw.ChildOrder@68267da0)
13:00:20.456 [main] INFO  c.sequencer.consumer.LoggingConsumer - [21] [CancelOrder](sbeTemplateId=5|sbeSchemaId=2|sbeSchemaVersion=0|sbeBlockLength=8):orderId=5
13:00:20.456 [main] INFO  c.gettingstarted.MyAlgoLogic - [MYALGO] The state of the order book is:
|----BID-----||----ASK----|
   101 @ 100    100 @ 98
|------------||-----------|

13:00:20.456 [main] INFO  c.gettingstarted.MyAlgoLogic - [MYALGO] Algo Sees Book as: 
|----BID-----||----ASK----|
   101 @ 100    100 @ 98
|------------||-----------|

13:00:20.456 [main] INFO  c.gettingstarted.TimedLogic - [TIMEDLOGIC] Market is open
13:00:20.456 [main] INFO  c.gettingstarted.MyAlgoLogic - [MYALGO] Have:12 children, want 7, done.
13:00:20.456 [main] INFO  c.gettingstarted.MyAlgoLogic - [MYALGO] Active orders are 12
13:00:20.456 [main] INFO  c.gettingstarted.MyAlgoLogic - [MYALGO] Cancelling order:codingblackfemales.sotw.ChildOrder@2638011
13:00:20.456 [main] INFO  c.gettingstarted.MyAlgoLogic - [MYALGO] Option is present, number of active orders are 12
13:00:20.456 [main] INFO  c.container.Actioner - [ALGO] Actioner, sending action:CancelChildOrder(codingblackfemales.sotw.ChildOrder@2638011)
13:00:20.456 [main] INFO  c.sequencer.consumer.LoggingConsumer - [22] [CancelOrder](sbeTemplateId=5|sbeSchemaId=2|sbeSchemaVersion=0|sbeBlockLength=8):orderId=6
13:00:20.456 [main] INFO  c.gettingstarted.MyAlgoLogic - [MYALGO] The state of the order book is:
|----BID-----||----ASK----|
   101 @ 100    100 @ 98
|------------||-----------|

13:00:20.456 [main] INFO  c.gettingstarted.MyAlgoLogic - [MYALGO] Algo Sees Book as: 
|----BID-----||----ASK----|
   101 @ 100    100 @ 98
|------------||-----------|

13:00:20.456 [main] INFO  c.gettingstarted.TimedLogic - [TIMEDLOGIC] Market is open
13:00:20.456 [main] INFO  c.gettingstarted.MyAlgoLogic - [MYALGO] Have:11 children, want 7, done.
13:00:20.456 [main] INFO  c.gettingstarted.MyAlgoLogic - [MYALGO] Active orders are 11
13:00:20.456 [main] INFO  c.gettingstarted.MyAlgoLogic - [MYALGO] Cancelling order:codingblackfemales.sotw.ChildOrder@6ff29830
13:00:20.456 [main] INFO  c.gettingstarted.MyAlgoLogic - [MYALGO] Option is present, number of active orders are 11
13:00:20.456 [main] INFO  c.container.Actioner - [ALGO] Actioner, sending action:CancelChildOrder(codingblackfemales.sotw.ChildOrder@6ff29830)
13:00:20.456 [main] INFO  c.sequencer.consumer.LoggingConsumer - [23] [CancelOrder](sbeTemplateId=5|sbeSchemaId=2|sbeSchemaVersion=0|sbeBlockLength=8):orderId=7
13:00:20.456 [main] INFO  c.gettingstarted.MyAlgoLogic - [MYALGO] The state of the order book is:
|----BID-----||----ASK----|
   101 @ 100    100 @ 98
|------------||-----------|

13:00:20.456 [main] INFO  c.gettingstarted.MyAlgoLogic - [MYALGO] Algo Sees Book as: 
|----BID-----||----ASK----|
   101 @ 100    100 @ 98
|------------||-----------|

13:00:20.456 [main] INFO  c.gettingstarted.TimedLogic - [TIMEDLOGIC] Market is open
13:00:20.456 [main] INFO  c.gettingstarted.MyAlgoLogic - [MYALGO] Have:10 children, want 7, done.
13:00:20.456 [main] INFO  c.gettingstarted.MyAlgoLogic - [MYALGO] Active orders are 10
13:00:20.456 [main] INFO  c.gettingstarted.MyAlgoLogic - [MYALGO] Cancelling order:codingblackfemales.sotw.ChildOrder@6a2b953e
13:00:20.456 [main] INFO  c.gettingstarted.MyAlgoLogic - [MYALGO] Option is present, number of active orders are 10
13:00:20.456 [main] INFO  c.container.Actioner - [ALGO] Actioner, sending action:CancelChildOrder(codingblackfemales.sotw.ChildOrder@6a2b953e)
13:00:20.456 [main] INFO  c.sequencer.consumer.LoggingConsumer - [24] [CancelOrder](sbeTemplateId=5|sbeSchemaId=2|sbeSchemaVersion=0|sbeBlockLength=8):orderId=8
13:00:20.456 [main] INFO  c.gettingstarted.MyAlgoLogic - [MYALGO] The state of the order book is:
|----BID-----||----ASK----|
   101 @ 100    100 @ 98
|------------||-----------|

13:00:20.456 [main] INFO  c.gettingstarted.MyAlgoLogic - [MYALGO] Algo Sees Book as: 
|----BID-----||----ASK----|
   101 @ 100    100 @ 98
|------------||-----------|

13:00:20.456 [main] INFO  c.gettingstarted.TimedLogic - [TIMEDLOGIC] Market is open
13:00:20.456 [main] INFO  c.gettingstarted.MyAlgoLogic - [MYALGO] Have:9 children, want 7, done.
13:00:20.456 [main] INFO  c.gettingstarted.MyAlgoLogic - [MYALGO] Active orders are 9
13:00:20.456 [main] INFO  c.gettingstarted.MyAlgoLogic - [MYALGO] Cancelling order:codingblackfemales.sotw.ChildOrder@313b2ea6
13:00:20.456 [main] INFO  c.gettingstarted.MyAlgoLogic - [MYALGO] Option is present, number of active orders are 9
13:00:20.456 [main] INFO  c.container.Actioner - [ALGO] Actioner, sending action:CancelChildOrder(codingblackfemales.sotw.ChildOrder@313b2ea6)
13:00:20.456 [main] INFO  c.sequencer.consumer.LoggingConsumer - [25] [CancelOrder](sbeTemplateId=5|sbeSchemaId=2|sbeSchemaVersion=0|sbeBlockLength=8):orderId=9
13:00:20.456 [main] INFO  c.gettingstarted.MyAlgoLogic - [MYALGO] The state of the order book is:
|----BID-----||----ASK----|
   101 @ 100    100 @ 98
|------------||-----------|

13:00:20.456 [main] INFO  c.gettingstarted.MyAlgoLogic - [MYALGO] Algo Sees Book as: 
|----BID-----||----ASK----|
   101 @ 100    100 @ 98
|------------||-----------|

13:00:20.456 [main] INFO  c.gettingstarted.TimedLogic - [TIMEDLOGIC] Market is open
13:00:20.456 [main] INFO  c.gettingstarted.MyAlgoLogic - [MYALGO] Have:8 children, want 7, done.
13:00:20.456 [main] INFO  c.gettingstarted.MyAlgoLogic - [MYALGO] Active orders are 8
13:00:20.456 [main] INFO  c.gettingstarted.MyAlgoLogic - [MYALGO] Cancelling order:codingblackfemales.sotw.ChildOrder@2f465398
13:00:20.456 [main] INFO  c.gettingstarted.MyAlgoLogic - [MYALGO] Option is present, number of active orders are 8
13:00:20.456 [main] INFO  c.container.Actioner - [ALGO] Actioner, sending action:CancelChildOrder(codingblackfemales.sotw.ChildOrder@2f465398)
13:00:20.456 [main] INFO  c.sequencer.consumer.LoggingConsumer - [26] [CancelOrder](sbeTemplateId=5|sbeSchemaId=2|sbeSchemaVersion=0|sbeBlockLength=8):orderId=10
13:00:20.456 [main] INFO  c.gettingstarted.MyAlgoLogic - [MYALGO] The state of the order book is:
|----BID-----||----ASK----|
   101 @ 100    100 @ 98
|------------||-----------|

13:00:20.456 [main] INFO  c.gettingstarted.MyAlgoLogic - [MYALGO] Algo Sees Book as: 
|----BID-----||----ASK----|
   101 @ 100    100 @ 98
|------------||-----------|

13:00:20.456 [main] INFO  c.gettingstarted.TimedLogic - [TIMEDLOGIC] Market is open
13:00:20.456 [main] INFO  c.gettingstarted.MyAlgoLogic - [MYALGO] Have:7 children, want 7, done.
13:00:20.456 [main] INFO  c.gettingstarted.MyAlgoLogic - [MYALGO] Active orders are 7
13:00:20.456 [main] INFO  c.gettingstarted.MyAlgoLogic - [MYALGO] Cancelling order:codingblackfemales.sotw.ChildOrder@548e6d58
13:00:20.456 [main] INFO  c.gettingstarted.MyAlgoLogic - [MYALGO] Option is present, number of active orders are 7
13:00:20.456 [main] INFO  c.container.Actioner - [ALGO] Actioner, sending action:CancelChildOrder(codingblackfemales.sotw.ChildOrder@548e6d58)
13:00:20.456 [main] INFO  c.sequencer.consumer.LoggingConsumer - [27] [CancelOrder](sbeTemplateId=5|sbeSchemaId=2|sbeSchemaVersion=0|sbeBlockLength=8):orderId=11
13:00:20.456 [main] INFO  c.gettingstarted.MyAlgoLogic - [MYALGO] The state of the order book is:
|----BID-----||----ASK----|
   101 @ 100    100 @ 98
|------------||-----------|

13:00:20.456 [main] INFO  c.gettingstarted.MyAlgoLogic - [MYALGO] Algo Sees Book as: 
|----BID-----||----ASK----|
   101 @ 100    100 @ 98
|------------||-----------|

13:00:20.456 [main] INFO  c.gettingstarted.TimedLogic - [TIMEDLOGIC] Market is open
]]></system-out>
  </testcase>
  <testcase name="testDispatchThroughSequencer" classname="codingblackfemales.gettingstarted.MyAlgoTest" time="0.015">
    <system-out><![CDATA[13:00:20.456 [main] INFO  c.sequencer.consumer.LoggingConsumer - [1] 
|----BID-----|
   101 @ 100
   200 @ 110
  5000 @ 115
|----ASK-----|
    100 @ 98
    200 @ 95
    300 @ 91

13:00:20.456 [main] DEBUG c.service.MarketDataService - [ALGO] BID: price:100 quantity:101
13:00:20.456 [main] DEBUG c.service.MarketDataService - [ALGO] BID: price:110 quantity:200
13:00:20.456 [main] DEBUG c.service.MarketDataService - [ALGO] BID: price:115 quantity:5000
13:00:20.456 [main] DEBUG c.service.MarketDataService - [ALGO] ASK: price:98 quantity:100
13:00:20.456 [main] DEBUG c.service.MarketDataService - [ALGO] ASK: price:95 quantity:200
13:00:20.456 [main] DEBUG c.service.MarketDataService - [ALGO] ASK: price:91 quantity:300
13:00:20.456 [main] INFO  c.gettingstarted.MyAlgoLogic - [MYALGO] The state of the order book is:
|----BID-----||----ASK----|
   101 @ 100    100 @ 98
   200 @ 110    200 @ 95
  5000 @ 115    300 @ 91
|------------||-----------|

13:00:20.456 [main] INFO  c.gettingstarted.MyAlgoLogic - [MYALGO] Algo Sees Book as: 
|----BID-----||----ASK----|
   101 @ 100    100 @ 98
   200 @ 110    200 @ 95
  5000 @ 115    300 @ 91
|------------||-----------|

13:00:20.456 [main] INFO  c.gettingstarted.TimedLogic - [TIMEDLOGIC] Market is open
13:00:20.456 [main] INFO  c.gettingstarted.MyAlgoLogic - [MYALGO] Aftr buy orders0
13:00:20.456 [main] INFO  c.gettingstarted.MyAlgoLogic - [MYALGO] After Buy total orders0
13:00:20.456 [main] INFO  c.container.Actioner - [ALGO] Actioner, sending action:CreateChildOrder(side=BUY,quantity=101,price=100)
13:00:20.456 [main] INFO  c.sequencer.consumer.LoggingConsumer - [2] [CreateOrder](sbeTemplateId=4|sbeSchemaId=2|sbeSchemaVersion=0|sbeBlockLength=33):instrumentId=0|price=100|quantity=101|side=BUY|orderId=2
13:00:20.456 [main] INFO  c.gettingstarted.MyAlgoLogic - [MYALGO] The state of the order book is:
|----BID-----||----ASK----|
   101 @ 100    100 @ 98
   200 @ 110    200 @ 95
  5000 @ 115    300 @ 91
|------------||-----------|

13:00:20.456 [main] INFO  c.gettingstarted.MyAlgoLogic - [MYALGO] Algo Sees Book as: 
|----BID-----||----ASK----|
   101 @ 100    100 @ 98
   200 @ 110    200 @ 95
  5000 @ 115    300 @ 91
|------------||-----------|

13:00:20.456 [main] INFO  c.gettingstarted.TimedLogic - [TIMEDLOGIC] Market is open
13:00:20.456 [main] INFO  c.gettingstarted.MyAlgoLogic - [MYALGO] Aftr buy orders1
13:00:20.456 [main] INFO  c.gettingstarted.MyAlgoLogic - [MYALGO] After Buy total orders1
13:00:20.456 [main] INFO  c.container.Actioner - [ALGO] Actioner, sending action:CreateChildOrder(side=BUY,quantity=101,price=100)
13:00:20.456 [main] INFO  c.sequencer.consumer.LoggingConsumer - [3] [CreateOrder](sbeTemplateId=4|sbeSchemaId=2|sbeSchemaVersion=0|sbeBlockLength=33):instrumentId=0|price=100|quantity=101|side=BUY|orderId=3
13:00:20.456 [main] INFO  c.gettingstarted.MyAlgoLogic - [MYALGO] The state of the order book is:
|----BID-----||----ASK----|
   101 @ 100    100 @ 98
   200 @ 110    200 @ 95
  5000 @ 115    300 @ 91
|------------||-----------|

13:00:20.456 [main] INFO  c.gettingstarted.MyAlgoLogic - [MYALGO] Algo Sees Book as: 
|----BID-----||----ASK----|
   101 @ 100    100 @ 98
   200 @ 110    200 @ 95
  5000 @ 115    300 @ 91
|------------||-----------|

13:00:20.456 [main] INFO  c.gettingstarted.TimedLogic - [TIMEDLOGIC] Market is open
13:00:20.456 [main] INFO  c.gettingstarted.MyAlgoLogic - [MYALGO] Aftr buy orders2
13:00:20.456 [main] INFO  c.gettingstarted.MyAlgoLogic - [MYALGO] After Buy total orders2
13:00:20.456 [main] INFO  c.container.Actioner - [ALGO] Actioner, sending action:CreateChildOrder(side=BUY,quantity=101,price=100)
13:00:20.456 [main] INFO  c.sequencer.consumer.LoggingConsumer - [4] [CreateOrder](sbeTemplateId=4|sbeSchemaId=2|sbeSchemaVersion=0|sbeBlockLength=33):instrumentId=0|price=100|quantity=101|side=BUY|orderId=4
13:00:20.456 [main] INFO  c.gettingstarted.MyAlgoLogic - [MYALGO] The state of the order book is:
|----BID-----||----ASK----|
   101 @ 100    100 @ 98
   200 @ 110    200 @ 95
  5000 @ 115    300 @ 91
|------------||-----------|

13:00:20.456 [main] INFO  c.gettingstarted.MyAlgoLogic - [MYALGO] Algo Sees Book as: 
|----BID-----||----ASK----|
   101 @ 100    100 @ 98
   200 @ 110    200 @ 95
  5000 @ 115    300 @ 91
|------------||-----------|

13:00:20.456 [main] INFO  c.gettingstarted.TimedLogic - [TIMEDLOGIC] Market is open
13:00:20.456 [main] INFO  c.gettingstarted.MyAlgoLogic - [MYALGO] Aftr buy orders3
13:00:20.456 [main] INFO  c.gettingstarted.MyAlgoLogic - [MYALGO] After Buy total orders3
13:00:20.456 [main] INFO  c.container.Actioner - [ALGO] Actioner, sending action:CreateChildOrder(side=BUY,quantity=101,price=100)
13:00:20.456 [main] INFO  c.sequencer.consumer.LoggingConsumer - [5] [CreateOrder](sbeTemplateId=4|sbeSchemaId=2|sbeSchemaVersion=0|sbeBlockLength=33):instrumentId=0|price=100|quantity=101|side=BUY|orderId=5
13:00:20.456 [main] INFO  c.gettingstarted.MyAlgoLogic - [MYALGO] The state of the order book is:
|----BID-----||----ASK----|
   101 @ 100    100 @ 98
   200 @ 110    200 @ 95
  5000 @ 115    300 @ 91
|------------||-----------|

13:00:20.456 [main] INFO  c.gettingstarted.MyAlgoLogic - [MYALGO] Algo Sees Book as: 
|----BID-----||----ASK----|
   101 @ 100    100 @ 98
   200 @ 110    200 @ 95
  5000 @ 115    300 @ 91
|------------||-----------|

13:00:20.456 [main] INFO  c.gettingstarted.TimedLogic - [TIMEDLOGIC] Market is open
13:00:20.456 [main] INFO  c.gettingstarted.MyAlgoLogic - [MYALGO] Aftr buy orders4
13:00:20.456 [main] INFO  c.gettingstarted.MyAlgoLogic - [MYALGO] After Buy total orders4
13:00:20.456 [main] INFO  c.container.Actioner - [ALGO] Actioner, sending action:CreateChildOrder(side=BUY,quantity=101,price=100)
13:00:20.456 [main] INFO  c.sequencer.consumer.LoggingConsumer - [6] [CreateOrder](sbeTemplateId=4|sbeSchemaId=2|sbeSchemaVersion=0|sbeBlockLength=33):instrumentId=0|price=100|quantity=101|side=BUY|orderId=6
13:00:20.456 [main] INFO  c.gettingstarted.MyAlgoLogic - [MYALGO] The state of the order book is:
|----BID-----||----ASK----|
   101 @ 100    100 @ 98
   200 @ 110    200 @ 95
  5000 @ 115    300 @ 91
|------------||-----------|

13:00:20.456 [main] INFO  c.gettingstarted.MyAlgoLogic - [MYALGO] Algo Sees Book as: 
|----BID-----||----ASK----|
   101 @ 100    100 @ 98
   200 @ 110    200 @ 95
  5000 @ 115    300 @ 91
|------------||-----------|

13:00:20.456 [main] INFO  c.gettingstarted.TimedLogic - [TIMEDLOGIC] Market is open
13:00:20.456 [main] INFO  c.gettingstarted.MyAlgoLogic - [MYALGO] Aftr buy orders5
13:00:20.456 [main] INFO  c.gettingstarted.MyAlgoLogic - [MYALGO] After Buy total orders5
13:00:20.456 [main] INFO  c.container.Actioner - [ALGO] Actioner, sending action:CreateChildOrder(side=BUY,quantity=101,price=100)
13:00:20.456 [main] INFO  c.sequencer.consumer.LoggingConsumer - [7] [CreateOrder](sbeTemplateId=4|sbeSchemaId=2|sbeSchemaVersion=0|sbeBlockLength=33):instrumentId=0|price=100|quantity=101|side=BUY|orderId=7
13:00:20.456 [main] INFO  c.gettingstarted.MyAlgoLogic - [MYALGO] The state of the order book is:
|----BID-----||----ASK----|
   101 @ 100    100 @ 98
   200 @ 110    200 @ 95
  5000 @ 115    300 @ 91
|------------||-----------|

13:00:20.456 [main] INFO  c.gettingstarted.MyAlgoLogic - [MYALGO] Algo Sees Book as: 
|----BID-----||----ASK----|
   101 @ 100    100 @ 98
   200 @ 110    200 @ 95
  5000 @ 115    300 @ 91
|------------||-----------|

13:00:20.456 [main] INFO  c.gettingstarted.TimedLogic - [TIMEDLOGIC] Market is open
13:00:20.456 [main] INFO  c.gettingstarted.MyAlgoLogic - [MYALGO] Aftr buy orders6
13:00:20.456 [main] INFO  c.gettingstarted.MyAlgoLogic - [MYALGO] After Buy total orders6
13:00:20.456 [main] INFO  c.container.Actioner - [ALGO] Actioner, sending action:CreateChildOrder(side=BUY,quantity=101,price=100)
13:00:20.456 [main] INFO  c.sequencer.consumer.LoggingConsumer - [8] [CreateOrder](sbeTemplateId=4|sbeSchemaId=2|sbeSchemaVersion=0|sbeBlockLength=33):instrumentId=0|price=100|quantity=101|side=BUY|orderId=8
13:00:20.456 [main] INFO  c.gettingstarted.MyAlgoLogic - [MYALGO] The state of the order book is:
|----BID-----||----ASK----|
   101 @ 100    100 @ 98
   200 @ 110    200 @ 95
  5000 @ 115    300 @ 91
|------------||-----------|

13:00:20.456 [main] INFO  c.gettingstarted.MyAlgoLogic - [MYALGO] Algo Sees Book as: 
|----BID-----||----ASK----|
   101 @ 100    100 @ 98
   200 @ 110    200 @ 95
  5000 @ 115    300 @ 91
|------------||-----------|

13:00:20.456 [main] INFO  c.gettingstarted.TimedLogic - [TIMEDLOGIC] Market is open
13:00:20.456 [main] INFO  c.gettingstarted.MyAlgoLogic - [MYALGO] Aftr buy orders7
13:00:20.456 [main] INFO  c.gettingstarted.MyAlgoLogic - [MYALGO] After Buy total orders7
13:00:20.456 [main] INFO  c.container.Actioner - [ALGO] Actioner, sending action:CreateChildOrder(side=BUY,quantity=101,price=100)
13:00:20.456 [main] INFO  c.sequencer.consumer.LoggingConsumer - [9] [CreateOrder](sbeTemplateId=4|sbeSchemaId=2|sbeSchemaVersion=0|sbeBlockLength=33):instrumentId=0|price=100|quantity=101|side=BUY|orderId=9
13:00:20.456 [main] INFO  c.gettingstarted.MyAlgoLogic - [MYALGO] The state of the order book is:
|----BID-----||----ASK----|
   101 @ 100    100 @ 98
   200 @ 110    200 @ 95
  5000 @ 115    300 @ 91
|------------||-----------|

13:00:20.456 [main] INFO  c.gettingstarted.MyAlgoLogic - [MYALGO] Algo Sees Book as: 
|----BID-----||----ASK----|
   101 @ 100    100 @ 98
   200 @ 110    200 @ 95
  5000 @ 115    300 @ 91
|------------||-----------|

13:00:20.456 [main] INFO  c.gettingstarted.TimedLogic - [TIMEDLOGIC] Market is open
13:00:20.456 [main] INFO  c.gettingstarted.MyAlgoLogic - [MYALGO] Aftr buy orders8
13:00:20.456 [main] INFO  c.gettingstarted.MyAlgoLogic - [MYALGO] After Buy total orders8
13:00:20.456 [main] INFO  c.container.Actioner - [ALGO] Actioner, sending action:CreateChildOrder(side=BUY,quantity=101,price=100)
13:00:20.456 [main] INFO  c.sequencer.consumer.LoggingConsumer - [10] [CreateOrder](sbeTemplateId=4|sbeSchemaId=2|sbeSchemaVersion=0|sbeBlockLength=33):instrumentId=0|price=100|quantity=101|side=BUY|orderId=10
13:00:20.456 [main] INFO  c.gettingstarted.MyAlgoLogic - [MYALGO] The state of the order book is:
|----BID-----||----ASK----|
   101 @ 100    100 @ 98
   200 @ 110    200 @ 95
  5000 @ 115    300 @ 91
|------------||-----------|

13:00:20.456 [main] INFO  c.gettingstarted.MyAlgoLogic - [MYALGO] Algo Sees Book as: 
|----BID-----||----ASK----|
   101 @ 100    100 @ 98
   200 @ 110    200 @ 95
  5000 @ 115    300 @ 91
|------------||-----------|

13:00:20.456 [main] INFO  c.gettingstarted.TimedLogic - [TIMEDLOGIC] Market is open
13:00:20.456 [main] INFO  c.gettingstarted.MyAlgoLogic - [MYALGO] Aftr buy orders9
13:00:20.456 [main] INFO  c.gettingstarted.MyAlgoLogic - [MYALGO] After Buy total orders9
13:00:20.456 [main] INFO  c.container.Actioner - [ALGO] Actioner, sending action:CreateChildOrder(side=BUY,quantity=101,price=100)
13:00:20.456 [main] INFO  c.sequencer.consumer.LoggingConsumer - [11] [CreateOrder](sbeTemplateId=4|sbeSchemaId=2|sbeSchemaVersion=0|sbeBlockLength=33):instrumentId=0|price=100|quantity=101|side=BUY|orderId=11
13:00:20.456 [main] INFO  c.gettingstarted.MyAlgoLogic - [MYALGO] The state of the order book is:
|----BID-----||----ASK----|
   101 @ 100    100 @ 98
   200 @ 110    200 @ 95
  5000 @ 115    300 @ 91
|------------||-----------|

13:00:20.456 [main] INFO  c.gettingstarted.MyAlgoLogic - [MYALGO] Algo Sees Book as: 
|----BID-----||----ASK----|
   101 @ 100    100 @ 98
   200 @ 110    200 @ 95
  5000 @ 115    300 @ 91
|------------||-----------|

13:00:20.456 [main] INFO  c.gettingstarted.TimedLogic - [TIMEDLOGIC] Market is open
13:00:20.456 [main] INFO  c.gettingstarted.MyAlgoLogic - [MYALGO] Aftr buy orders10
13:00:20.456 [main] INFO  c.gettingstarted.MyAlgoLogic - [MYALGO] After Buy total orders10
13:00:20.456 [main] INFO  c.container.Actioner - [ALGO] Actioner, sending action:CreateChildOrder(side=BUY,quantity=101,price=100)
13:00:20.456 [main] INFO  c.sequencer.consumer.LoggingConsumer - [12] [CreateOrder](sbeTemplateId=4|sbeSchemaId=2|sbeSchemaVersion=0|sbeBlockLength=33):instrumentId=0|price=100|quantity=101|side=BUY|orderId=12
13:00:20.456 [main] INFO  c.gettingstarted.MyAlgoLogic - [MYALGO] The state of the order book is:
|----BID-----||----ASK----|
   101 @ 100    100 @ 98
   200 @ 110    200 @ 95
  5000 @ 115    300 @ 91
|------------||-----------|

13:00:20.456 [main] INFO  c.gettingstarted.MyAlgoLogic - [MYALGO] Algo Sees Book as: 
|----BID-----||----ASK----|
   101 @ 100    100 @ 98
   200 @ 110    200 @ 95
  5000 @ 115    300 @ 91
|------------||-----------|

13:00:20.456 [main] INFO  c.gettingstarted.TimedLogic - [TIMEDLOGIC] Market is open
13:00:20.456 [main] INFO  c.gettingstarted.MyAlgoLogic - [MYALGO] Aftr buy orders11
13:00:20.456 [main] INFO  c.gettingstarted.MyAlgoLogic - [MYALGO] After Buy total orders11
13:00:20.456 [main] INFO  c.container.Actioner - [ALGO] Actioner, sending action:CreateChildOrder(side=BUY,quantity=101,price=100)
13:00:20.456 [main] INFO  c.sequencer.consumer.LoggingConsumer - [13] [CreateOrder](sbeTemplateId=4|sbeSchemaId=2|sbeSchemaVersion=0|sbeBlockLength=33):instrumentId=0|price=100|quantity=101|side=BUY|orderId=13
13:00:20.456 [main] INFO  c.gettingstarted.MyAlgoLogic - [MYALGO] The state of the order book is:
|----BID-----||----ASK----|
   101 @ 100    100 @ 98
   200 @ 110    200 @ 95
  5000 @ 115    300 @ 91
|------------||-----------|

13:00:20.456 [main] INFO  c.gettingstarted.MyAlgoLogic - [MYALGO] Algo Sees Book as: 
|----BID-----||----ASK----|
   101 @ 100    100 @ 98
   200 @ 110    200 @ 95
  5000 @ 115    300 @ 91
|------------||-----------|

13:00:20.456 [main] INFO  c.gettingstarted.TimedLogic - [TIMEDLOGIC] Market is open
13:00:20.456 [main] INFO  c.gettingstarted.MyAlgoLogic - [MYALGO] Aftr buy orders12
13:00:20.456 [main] INFO  c.gettingstarted.MyAlgoLogic - [MYALGO] After Buy total orders12
13:00:20.456 [main] INFO  c.container.Actioner - [ALGO] Actioner, sending action:CreateChildOrder(side=BUY,quantity=101,price=100)
13:00:20.456 [main] INFO  c.sequencer.consumer.LoggingConsumer - [14] [CreateOrder](sbeTemplateId=4|sbeSchemaId=2|sbeSchemaVersion=0|sbeBlockLength=33):instrumentId=0|price=100|quantity=101|side=BUY|orderId=14
13:00:20.456 [main] INFO  c.gettingstarted.MyAlgoLogic - [MYALGO] The state of the order book is:
|----BID-----||----ASK----|
   101 @ 100    100 @ 98
   200 @ 110    200 @ 95
  5000 @ 115    300 @ 91
|------------||-----------|

13:00:20.456 [main] INFO  c.gettingstarted.MyAlgoLogic - [MYALGO] Algo Sees Book as: 
|----BID-----||----ASK----|
   101 @ 100    100 @ 98
   200 @ 110    200 @ 95
  5000 @ 115    300 @ 91
|------------||-----------|

13:00:20.456 [main] INFO  c.gettingstarted.TimedLogic - [TIMEDLOGIC] Market is open
13:00:20.456 [main] INFO  c.gettingstarted.MyAlgoLogic - [MYALGO] Aftr buy orders13
13:00:20.456 [main] INFO  c.gettingstarted.MyAlgoLogic - [MYALGO] After Buy total orders13
13:00:20.456 [main] INFO  c.container.Actioner - [ALGO] Actioner, sending action:CreateChildOrder(side=BUY,quantity=101,price=100)
13:00:20.456 [main] INFO  c.sequencer.consumer.LoggingConsumer - [15] [CreateOrder](sbeTemplateId=4|sbeSchemaId=2|sbeSchemaVersion=0|sbeBlockLength=33):instrumentId=0|price=100|quantity=101|side=BUY|orderId=15
13:00:20.456 [main] INFO  c.gettingstarted.MyAlgoLogic - [MYALGO] The state of the order book is:
|----BID-----||----ASK----|
   101 @ 100    100 @ 98
   200 @ 110    200 @ 95
  5000 @ 115    300 @ 91
|------------||-----------|

13:00:20.456 [main] INFO  c.gettingstarted.MyAlgoLogic - [MYALGO] Algo Sees Book as: 
|----BID-----||----ASK----|
   101 @ 100    100 @ 98
   200 @ 110    200 @ 95
  5000 @ 115    300 @ 91
|------------||-----------|

13:00:20.456 [main] INFO  c.gettingstarted.TimedLogic - [TIMEDLOGIC] Market is open
13:00:20.456 [main] INFO  c.gettingstarted.MyAlgoLogic - [MYALGO] Aftr buy orders14
13:00:20.456 [main] INFO  c.gettingstarted.MyAlgoLogic - [MYALGO] After Buy total orders14
13:00:20.456 [main] INFO  c.container.Actioner - [ALGO] Actioner, sending action:CreateChildOrder(side=BUY,quantity=101,price=100)
13:00:20.456 [main] INFO  c.sequencer.consumer.LoggingConsumer - [16] [CreateOrder](sbeTemplateId=4|sbeSchemaId=2|sbeSchemaVersion=0|sbeBlockLength=33):instrumentId=0|price=100|quantity=101|side=BUY|orderId=16
13:00:20.456 [main] INFO  c.gettingstarted.MyAlgoLogic - [MYALGO] The state of the order book is:
|----BID-----||----ASK----|
   101 @ 100    100 @ 98
   200 @ 110    200 @ 95
  5000 @ 115    300 @ 91
|------------||-----------|

13:00:20.456 [main] INFO  c.gettingstarted.MyAlgoLogic - [MYALGO] Algo Sees Book as: 
|----BID-----||----ASK----|
   101 @ 100    100 @ 98
   200 @ 110    200 @ 95
  5000 @ 115    300 @ 91
|------------||-----------|

13:00:20.456 [main] INFO  c.gettingstarted.TimedLogic - [TIMEDLOGIC] Market is open
13:00:20.456 [main] INFO  c.gettingstarted.MyAlgoLogic - [MYALGO] Adding order for100@98
13:00:20.456 [main] INFO  c.gettingstarted.MyAlgoLogic - [MYALGO] Initial quantity100 price 98
13:00:20.456 [main] INFO  c.gettingstarted.MyAlgoLogic - [MYALGO] Active orders15
13:00:20.456 [main] INFO  c.gettingstarted.MyAlgoLogic - [MYALGO] Total orders15
13:00:20.456 [main] INFO  c.container.Actioner - [ALGO] Actioner, sending action:CreateChildOrder(side=SELL,quantity=100,price=98)
13:00:20.456 [main] INFO  c.sequencer.consumer.LoggingConsumer - [17] [CreateOrder](sbeTemplateId=4|sbeSchemaId=2|sbeSchemaVersion=0|sbeBlockLength=33):instrumentId=0|price=98|quantity=100|side=SELL|orderId=17
13:00:20.456 [main] INFO  c.gettingstarted.MyAlgoLogic - [MYALGO] The state of the order book is:
|----BID-----||----ASK----|
   101 @ 100    100 @ 98
   200 @ 110    200 @ 95
  5000 @ 115    300 @ 91
|------------||-----------|

13:00:20.456 [main] INFO  c.gettingstarted.MyAlgoLogic - [MYALGO] Algo Sees Book as: 
|----BID-----||----ASK----|
   101 @ 100    100 @ 98
   200 @ 110    200 @ 95
  5000 @ 115    300 @ 91
|------------||-----------|

13:00:20.456 [main] INFO  c.gettingstarted.TimedLogic - [TIMEDLOGIC] Market is open
13:00:20.456 [main] INFO  c.gettingstarted.MyAlgoLogic - [MYALGO] Have:16 children, want 7, done.
13:00:20.456 [main] INFO  c.gettingstarted.MyAlgoLogic - [MYALGO] Active orders are 16
13:00:20.456 [main] INFO  c.gettingstarted.MyAlgoLogic - [MYALGO] Cancelling order:codingblackfemales.sotw.ChildOrder@623a8092
13:00:20.456 [main] INFO  c.gettingstarted.MyAlgoLogic - [MYALGO] Option is present, number of active orders are 16
13:00:20.456 [main] INFO  c.container.Actioner - [ALGO] Actioner, sending action:CancelChildOrder(codingblackfemales.sotw.ChildOrder@623a8092)
13:00:20.456 [main] INFO  c.sequencer.consumer.LoggingConsumer - [18] [CancelOrder](sbeTemplateId=5|sbeSchemaId=2|sbeSchemaVersion=0|sbeBlockLength=8):orderId=2
13:00:20.456 [main] INFO  c.gettingstarted.MyAlgoLogic - [MYALGO] The state of the order book is:
|----BID-----||----ASK----|
   101 @ 100    100 @ 98
   200 @ 110    200 @ 95
  5000 @ 115    300 @ 91
|------------||-----------|

13:00:20.456 [main] INFO  c.gettingstarted.MyAlgoLogic - [MYALGO] Algo Sees Book as: 
|----BID-----||----ASK----|
   101 @ 100    100 @ 98
   200 @ 110    200 @ 95
  5000 @ 115    300 @ 91
|------------||-----------|

13:00:20.456 [main] INFO  c.gettingstarted.TimedLogic - [TIMEDLOGIC] Market is open
13:00:20.456 [main] INFO  c.gettingstarted.MyAlgoLogic - [MYALGO] Have:15 children, want 7, done.
13:00:20.456 [main] INFO  c.gettingstarted.MyAlgoLogic - [MYALGO] Active orders are 15
13:00:20.456 [main] INFO  c.gettingstarted.MyAlgoLogic - [MYALGO] Cancelling order:codingblackfemales.sotw.ChildOrder@a1cdc6d
13:00:20.456 [main] INFO  c.gettingstarted.MyAlgoLogic - [MYALGO] Option is present, number of active orders are 15
13:00:20.456 [main] INFO  c.container.Actioner - [ALGO] Actioner, sending action:CancelChildOrder(codingblackfemales.sotw.ChildOrder@a1cdc6d)
13:00:20.456 [main] INFO  c.sequencer.consumer.LoggingConsumer - [19] [CancelOrder](sbeTemplateId=5|sbeSchemaId=2|sbeSchemaVersion=0|sbeBlockLength=8):orderId=3
13:00:20.456 [main] INFO  c.gettingstarted.MyAlgoLogic - [MYALGO] The state of the order book is:
|----BID-----||----ASK----|
   101 @ 100    100 @ 98
   200 @ 110    200 @ 95
  5000 @ 115    300 @ 91
|------------||-----------|

13:00:20.456 [main] INFO  c.gettingstarted.MyAlgoLogic - [MYALGO] Algo Sees Book as: 
|----BID-----||----ASK----|
   101 @ 100    100 @ 98
   200 @ 110    200 @ 95
  5000 @ 115    300 @ 91
|------------||-----------|

13:00:20.456 [main] INFO  c.gettingstarted.TimedLogic - [TIMEDLOGIC] Market is open
13:00:20.456 [main] INFO  c.gettingstarted.MyAlgoLogic - [MYALGO] Have:14 children, want 7, done.
13:00:20.456 [main] INFO  c.gettingstarted.MyAlgoLogic - [MYALGO] Active orders are 14
13:00:20.456 [main] INFO  c.gettingstarted.MyAlgoLogic - [MYALGO] Cancelling order:codingblackfemales.sotw.ChildOrder@175b9425
13:00:20.456 [main] INFO  c.gettingstarted.MyAlgoLogic - [MYALGO] Option is present, number of active orders are 14
13:00:20.456 [main] INFO  c.container.Actioner - [ALGO] Actioner, sending action:CancelChildOrder(codingblackfemales.sotw.ChildOrder@175b9425)
13:00:20.456 [main] INFO  c.sequencer.consumer.LoggingConsumer - [20] [CancelOrder](sbeTemplateId=5|sbeSchemaId=2|sbeSchemaVersion=0|sbeBlockLength=8):orderId=4
13:00:20.456 [main] INFO  c.gettingstarted.MyAlgoLogic - [MYALGO] The state of the order book is:
|----BID-----||----ASK----|
   101 @ 100    100 @ 98
   200 @ 110    200 @ 95
  5000 @ 115    300 @ 91
|------------||-----------|

13:00:20.456 [main] INFO  c.gettingstarted.MyAlgoLogic - [MYALGO] Algo Sees Book as: 
|----BID-----||----ASK----|
   101 @ 100    100 @ 98
   200 @ 110    200 @ 95
  5000 @ 115    300 @ 91
|------------||-----------|

13:00:20.456 [main] INFO  c.gettingstarted.TimedLogic - [TIMEDLOGIC] Market is open
13:00:20.456 [main] INFO  c.gettingstarted.MyAlgoLogic - [MYALGO] Have:13 children, want 7, done.
13:00:20.456 [main] INFO  c.gettingstarted.MyAlgoLogic - [MYALGO] Active orders are 13
13:00:20.456 [main] INFO  c.gettingstarted.MyAlgoLogic - [MYALGO] Cancelling order:codingblackfemales.sotw.ChildOrder@3098cf3b
13:00:20.456 [main] INFO  c.gettingstarted.MyAlgoLogic - [MYALGO] Option is present, number of active orders are 13
13:00:20.456 [main] INFO  c.container.Actioner - [ALGO] Actioner, sending action:CancelChildOrder(codingblackfemales.sotw.ChildOrder@3098cf3b)
13:00:20.456 [main] INFO  c.sequencer.consumer.LoggingConsumer - [21] [CancelOrder](sbeTemplateId=5|sbeSchemaId=2|sbeSchemaVersion=0|sbeBlockLength=8):orderId=5
13:00:20.456 [main] INFO  c.gettingstarted.MyAlgoLogic - [MYALGO] The state of the order book is:
|----BID-----||----ASK----|
   101 @ 100    100 @ 98
   200 @ 110    200 @ 95
  5000 @ 115    300 @ 91
|------------||-----------|

13:00:20.456 [main] INFO  c.gettingstarted.MyAlgoLogic - [MYALGO] Algo Sees Book as: 
|----BID-----||----ASK----|
   101 @ 100    100 @ 98
   200 @ 110    200 @ 95
  5000 @ 115    300 @ 91
|------------||-----------|

13:00:20.456 [main] INFO  c.gettingstarted.TimedLogic - [TIMEDLOGIC] Market is open
13:00:20.456 [main] INFO  c.gettingstarted.MyAlgoLogic - [MYALGO] Have:12 children, want 7, done.
13:00:20.456 [main] INFO  c.gettingstarted.MyAlgoLogic - [MYALGO] Active orders are 12
13:00:20.456 [main] INFO  c.gettingstarted.MyAlgoLogic - [MYALGO] Cancelling order:codingblackfemales.sotw.ChildOrder@610f7aa
13:00:20.456 [main] INFO  c.gettingstarted.MyAlgoLogic - [MYALGO] Option is present, number of active orders are 12
13:00:20.456 [main] INFO  c.container.Actioner - [ALGO] Actioner, sending action:CancelChildOrder(codingblackfemales.sotw.ChildOrder@610f7aa)
13:00:20.456 [main] INFO  c.sequencer.consumer.LoggingConsumer - [22] [CancelOrder](sbeTemplateId=5|sbeSchemaId=2|sbeSchemaVersion=0|sbeBlockLength=8):orderId=6
13:00:20.471 [main] INFO  c.gettingstarted.MyAlgoLogic - [MYALGO] The state of the order book is:
|----BID-----||----ASK----|
   101 @ 100    100 @ 98
   200 @ 110    200 @ 95
  5000 @ 115    300 @ 91
|------------||-----------|

13:00:20.471 [main] INFO  c.gettingstarted.MyAlgoLogic - [MYALGO] Algo Sees Book as: 
|----BID-----||----ASK----|
   101 @ 100    100 @ 98
   200 @ 110    200 @ 95
  5000 @ 115    300 @ 91
|------------||-----------|

13:00:20.471 [main] INFO  c.gettingstarted.TimedLogic - [TIMEDLOGIC] Market is open
13:00:20.471 [main] INFO  c.gettingstarted.MyAlgoLogic - [MYALGO] Have:11 children, want 7, done.
13:00:20.471 [main] INFO  c.gettingstarted.MyAlgoLogic - [MYALGO] Active orders are 11
13:00:20.471 [main] INFO  c.gettingstarted.MyAlgoLogic - [MYALGO] Cancelling order:codingblackfemales.sotw.ChildOrder@6a03bcb1
13:00:20.471 [main] INFO  c.gettingstarted.MyAlgoLogic - [MYALGO] Option is present, number of active orders are 11
13:00:20.471 [main] INFO  c.container.Actioner - [ALGO] Actioner, sending action:CancelChildOrder(codingblackfemales.sotw.ChildOrder@6a03bcb1)
13:00:20.471 [main] INFO  c.sequencer.consumer.LoggingConsumer - [23] [CancelOrder](sbeTemplateId=5|sbeSchemaId=2|sbeSchemaVersion=0|sbeBlockLength=8):orderId=7
13:00:20.471 [main] INFO  c.gettingstarted.MyAlgoLogic - [MYALGO] The state of the order book is:
|----BID-----||----ASK----|
   101 @ 100    100 @ 98
   200 @ 110    200 @ 95
  5000 @ 115    300 @ 91
|------------||-----------|

13:00:20.471 [main] INFO  c.gettingstarted.MyAlgoLogic - [MYALGO] Algo Sees Book as: 
|----BID-----||----ASK----|
   101 @ 100    100 @ 98
   200 @ 110    200 @ 95
  5000 @ 115    300 @ 91
|------------||-----------|

13:00:20.471 [main] INFO  c.gettingstarted.TimedLogic - [TIMEDLOGIC] Market is open
13:00:20.471 [main] INFO  c.gettingstarted.MyAlgoLogic - [MYALGO] Have:10 children, want 7, done.
13:00:20.471 [main] INFO  c.gettingstarted.MyAlgoLogic - [MYALGO] Active orders are 10
13:00:20.471 [main] INFO  c.gettingstarted.MyAlgoLogic - [MYALGO] Cancelling order:codingblackfemales.sotw.ChildOrder@21b2e768
13:00:20.471 [main] INFO  c.gettingstarted.MyAlgoLogic - [MYALGO] Option is present, number of active orders are 10
13:00:20.471 [main] INFO  c.container.Actioner - [ALGO] Actioner, sending action:CancelChildOrder(codingblackfemales.sotw.ChildOrder@21b2e768)
13:00:20.471 [main] INFO  c.sequencer.consumer.LoggingConsumer - [24] [CancelOrder](sbeTemplateId=5|sbeSchemaId=2|sbeSchemaVersion=0|sbeBlockLength=8):orderId=8
13:00:20.471 [main] INFO  c.gettingstarted.MyAlgoLogic - [MYALGO] The state of the order book is:
|----BID-----||----ASK----|
   101 @ 100    100 @ 98
   200 @ 110    200 @ 95
  5000 @ 115    300 @ 91
|------------||-----------|

13:00:20.471 [main] INFO  c.gettingstarted.MyAlgoLogic - [MYALGO] Algo Sees Book as: 
|----BID-----||----ASK----|
   101 @ 100    100 @ 98
   200 @ 110    200 @ 95
  5000 @ 115    300 @ 91
|------------||-----------|

13:00:20.471 [main] INFO  c.gettingstarted.TimedLogic - [TIMEDLOGIC] Market is open
13:00:20.471 [main] INFO  c.gettingstarted.MyAlgoLogic - [MYALGO] Have:9 children, want 7, done.
13:00:20.471 [main] INFO  c.gettingstarted.MyAlgoLogic - [MYALGO] Active orders are 9
13:00:20.471 [main] INFO  c.gettingstarted.MyAlgoLogic - [MYALGO] Cancelling order:codingblackfemales.sotw.ChildOrder@57250572
13:00:20.471 [main] INFO  c.gettingstarted.MyAlgoLogic - [MYALGO] Option is present, number of active orders are 9
13:00:20.471 [main] INFO  c.container.Actioner - [ALGO] Actioner, sending action:CancelChildOrder(codingblackfemales.sotw.ChildOrder@57250572)
13:00:20.471 [main] INFO  c.sequencer.consumer.LoggingConsumer - [25] [CancelOrder](sbeTemplateId=5|sbeSchemaId=2|sbeSchemaVersion=0|sbeBlockLength=8):orderId=9
13:00:20.471 [main] INFO  c.gettingstarted.MyAlgoLogic - [MYALGO] The state of the order book is:
|----BID-----||----ASK----|
   101 @ 100    100 @ 98
   200 @ 110    200 @ 95
  5000 @ 115    300 @ 91
|------------||-----------|

13:00:20.471 [main] INFO  c.gettingstarted.MyAlgoLogic - [MYALGO] Algo Sees Book as: 
|----BID-----||----ASK----|
   101 @ 100    100 @ 98
   200 @ 110    200 @ 95
  5000 @ 115    300 @ 91
|------------||-----------|

13:00:20.471 [main] INFO  c.gettingstarted.TimedLogic - [TIMEDLOGIC] Market is open
13:00:20.471 [main] INFO  c.gettingstarted.MyAlgoLogic - [MYALGO] Have:8 children, want 7, done.
13:00:20.471 [main] INFO  c.gettingstarted.MyAlgoLogic - [MYALGO] Active orders are 8
13:00:20.471 [main] INFO  c.gettingstarted.MyAlgoLogic - [MYALGO] Cancelling order:codingblackfemales.sotw.ChildOrder@5609159b
13:00:20.471 [main] INFO  c.gettingstarted.MyAlgoLogic - [MYALGO] Option is present, number of active orders are 8
13:00:20.471 [main] INFO  c.container.Actioner - [ALGO] Actioner, sending action:CancelChildOrder(codingblackfemales.sotw.ChildOrder@5609159b)
13:00:20.471 [main] INFO  c.sequencer.consumer.LoggingConsumer - [26] [CancelOrder](sbeTemplateId=5|sbeSchemaId=2|sbeSchemaVersion=0|sbeBlockLength=8):orderId=10
13:00:20.471 [main] INFO  c.gettingstarted.MyAlgoLogic - [MYALGO] The state of the order book is:
|----BID-----||----ASK----|
   101 @ 100    100 @ 98
   200 @ 110    200 @ 95
  5000 @ 115    300 @ 91
|------------||-----------|

13:00:20.471 [main] INFO  c.gettingstarted.MyAlgoLogic - [MYALGO] Algo Sees Book as: 
|----BID-----||----ASK----|
   101 @ 100    100 @ 98
   200 @ 110    200 @ 95
  5000 @ 115    300 @ 91
|------------||-----------|

13:00:20.471 [main] INFO  c.gettingstarted.TimedLogic - [TIMEDLOGIC] Market is open
13:00:20.471 [main] INFO  c.gettingstarted.MyAlgoLogic - [MYALGO] Have:7 children, want 7, done.
13:00:20.471 [main] INFO  c.gettingstarted.MyAlgoLogic - [MYALGO] Active orders are 7
13:00:20.471 [main] INFO  c.gettingstarted.MyAlgoLogic - [MYALGO] Cancelling order:codingblackfemales.sotw.ChildOrder@2118cddf
13:00:20.471 [main] INFO  c.gettingstarted.MyAlgoLogic - [MYALGO] Option is present, number of active orders are 7
13:00:20.471 [main] INFO  c.container.Actioner - [ALGO] Actioner, sending action:CancelChildOrder(codingblackfemales.sotw.ChildOrder@2118cddf)
13:00:20.471 [main] INFO  c.sequencer.consumer.LoggingConsumer - [27] [CancelOrder](sbeTemplateId=5|sbeSchemaId=2|sbeSchemaVersion=0|sbeBlockLength=8):orderId=11
13:00:20.471 [main] INFO  c.gettingstarted.MyAlgoLogic - [MYALGO] The state of the order book is:
|----BID-----||----ASK----|
   101 @ 100    100 @ 98
   200 @ 110    200 @ 95
  5000 @ 115    300 @ 91
|------------||-----------|

13:00:20.471 [main] INFO  c.gettingstarted.MyAlgoLogic - [MYALGO] Algo Sees Book as: 
|----BID-----||----ASK----|
   101 @ 100    100 @ 98
   200 @ 110    200 @ 95
  5000 @ 115    300 @ 91
|------------||-----------|

13:00:20.471 [main] INFO  c.gettingstarted.TimedLogic - [TIMEDLOGIC] Market is open
]]></system-out>
  </testcase>
  <testcase name="marketIsOpen" classname="codingblackfemales.gettingstarted.MyAlgoTest" time="0.0">
    <system-out><![CDATA[13:00:20.471 [main] INFO  c.gettingstarted.TimedLogic - [TIMEDLOGIC] Market is open
]]></system-out>
  </testcase>
  <testcase name="testLogging" classname="codingblackfemales.gettingstarted.MyAlgoTest" time="0.0">
    <system-out><![CDATA[13:00:20.487 [main] INFO  c.gettingstarted.MyAlgoLogic - We are testing the logging function.
13:00:20.487 [main] WARN  c.gettingstarted.MyAlgoLogic - We are testing the warnig method that comes with the logger.
]]></system-out>
  </testcase>
  <testcase name="testMaximumOrderCount" classname="codingblackfemales.gettingstarted.MyAlgoTest" time="0.016">
    <system-out><![CDATA[13:00:20.487 [main] INFO  c.sequencer.consumer.LoggingConsumer - [1] 
|----BID-----|
   160 @ 110
   220 @ 120
|----ASK-----|
     95 @ 97
    150 @ 94

13:00:20.487 [main] DEBUG c.service.MarketDataService - [ALGO] BID: price:110 quantity:160
13:00:20.487 [main] DEBUG c.service.MarketDataService - [ALGO] BID: price:120 quantity:220
13:00:20.487 [main] DEBUG c.service.MarketDataService - [ALGO] ASK: price:97 quantity:95
13:00:20.487 [main] DEBUG c.service.MarketDataService - [ALGO] ASK: price:94 quantity:150
13:00:20.487 [main] INFO  c.gettingstarted.MyAlgoLogic - [MYALGO] The state of the order book is:
|----BID-----||----ASK----|
   160 @ 110     95 @ 97
   220 @ 120    150 @ 94
|------------||-----------|

13:00:20.487 [main] INFO  c.gettingstarted.MyAlgoLogic - [MYALGO] Algo Sees Book as: 
|----BID-----||----ASK----|
   160 @ 110     95 @ 97
   220 @ 120    150 @ 94
|------------||-----------|

13:00:20.487 [main] INFO  c.gettingstarted.TimedLogic - [TIMEDLOGIC] Market is open
13:00:20.487 [main] INFO  c.gettingstarted.MyAlgoLogic - [MYALGO] Aftr buy orders0
13:00:20.487 [main] INFO  c.gettingstarted.MyAlgoLogic - [MYALGO] After Buy total orders0
13:00:20.487 [main] INFO  c.container.Actioner - [ALGO] Actioner, sending action:CreateChildOrder(side=BUY,quantity=160,price=110)
13:00:20.487 [main] INFO  c.sequencer.consumer.LoggingConsumer - [2] [CreateOrder](sbeTemplateId=4|sbeSchemaId=2|sbeSchemaVersion=0|sbeBlockLength=33):instrumentId=0|price=110|quantity=160|side=BUY|orderId=2
13:00:20.487 [main] INFO  c.gettingstarted.MyAlgoLogic - [MYALGO] The state of the order book is:
|----BID-----||----ASK----|
   160 @ 110     95 @ 97
   220 @ 120    150 @ 94
|------------||-----------|

13:00:20.487 [main] INFO  c.gettingstarted.MyAlgoLogic - [MYALGO] Algo Sees Book as: 
|----BID-----||----ASK----|
   160 @ 110     95 @ 97
   220 @ 120    150 @ 94
|------------||-----------|

13:00:20.487 [main] INFO  c.gettingstarted.TimedLogic - [TIMEDLOGIC] Market is open
13:00:20.487 [main] INFO  c.gettingstarted.MyAlgoLogic - [MYALGO] Aftr buy orders1
13:00:20.487 [main] INFO  c.gettingstarted.MyAlgoLogic - [MYALGO] After Buy total orders1
13:00:20.487 [main] INFO  c.container.Actioner - [ALGO] Actioner, sending action:CreateChildOrder(side=BUY,quantity=160,price=110)
13:00:20.487 [main] INFO  c.sequencer.consumer.LoggingConsumer - [3] [CreateOrder](sbeTemplateId=4|sbeSchemaId=2|sbeSchemaVersion=0|sbeBlockLength=33):instrumentId=0|price=110|quantity=160|side=BUY|orderId=3
13:00:20.487 [main] INFO  c.gettingstarted.MyAlgoLogic - [MYALGO] The state of the order book is:
|----BID-----||----ASK----|
   160 @ 110     95 @ 97
   220 @ 120    150 @ 94
|------------||-----------|

13:00:20.487 [main] INFO  c.gettingstarted.MyAlgoLogic - [MYALGO] Algo Sees Book as: 
|----BID-----||----ASK----|
   160 @ 110     95 @ 97
   220 @ 120    150 @ 94
|------------||-----------|

13:00:20.487 [main] INFO  c.gettingstarted.TimedLogic - [TIMEDLOGIC] Market is open
13:00:20.487 [main] INFO  c.gettingstarted.MyAlgoLogic - [MYALGO] Aftr buy orders2
13:00:20.487 [main] INFO  c.gettingstarted.MyAlgoLogic - [MYALGO] After Buy total orders2
13:00:20.487 [main] INFO  c.container.Actioner - [ALGO] Actioner, sending action:CreateChildOrder(side=BUY,quantity=160,price=110)
13:00:20.487 [main] INFO  c.sequencer.consumer.LoggingConsumer - [4] [CreateOrder](sbeTemplateId=4|sbeSchemaId=2|sbeSchemaVersion=0|sbeBlockLength=33):instrumentId=0|price=110|quantity=160|side=BUY|orderId=4
13:00:20.487 [main] INFO  c.gettingstarted.MyAlgoLogic - [MYALGO] The state of the order book is:
|----BID-----||----ASK----|
   160 @ 110     95 @ 97
   220 @ 120    150 @ 94
|------------||-----------|

13:00:20.487 [main] INFO  c.gettingstarted.MyAlgoLogic - [MYALGO] Algo Sees Book as: 
|----BID-----||----ASK----|
   160 @ 110     95 @ 97
   220 @ 120    150 @ 94
|------------||-----------|

13:00:20.487 [main] INFO  c.gettingstarted.TimedLogic - [TIMEDLOGIC] Market is open
13:00:20.487 [main] INFO  c.gettingstarted.MyAlgoLogic - [MYALGO] Aftr buy orders3
13:00:20.487 [main] INFO  c.gettingstarted.MyAlgoLogic - [MYALGO] After Buy total orders3
13:00:20.487 [main] INFO  c.container.Actioner - [ALGO] Actioner, sending action:CreateChildOrder(side=BUY,quantity=160,price=110)
13:00:20.487 [main] INFO  c.sequencer.consumer.LoggingConsumer - [5] [CreateOrder](sbeTemplateId=4|sbeSchemaId=2|sbeSchemaVersion=0|sbeBlockLength=33):instrumentId=0|price=110|quantity=160|side=BUY|orderId=5
13:00:20.487 [main] INFO  c.gettingstarted.MyAlgoLogic - [MYALGO] The state of the order book is:
|----BID-----||----ASK----|
   160 @ 110     95 @ 97
   220 @ 120    150 @ 94
|------------||-----------|

13:00:20.487 [main] INFO  c.gettingstarted.MyAlgoLogic - [MYALGO] Algo Sees Book as: 
|----BID-----||----ASK----|
   160 @ 110     95 @ 97
   220 @ 120    150 @ 94
|------------||-----------|

13:00:20.487 [main] INFO  c.gettingstarted.TimedLogic - [TIMEDLOGIC] Market is open
13:00:20.487 [main] INFO  c.gettingstarted.MyAlgoLogic - [MYALGO] Aftr buy orders4
13:00:20.487 [main] INFO  c.gettingstarted.MyAlgoLogic - [MYALGO] After Buy total orders4
13:00:20.487 [main] INFO  c.container.Actioner - [ALGO] Actioner, sending action:CreateChildOrder(side=BUY,quantity=160,price=110)
13:00:20.487 [main] INFO  c.sequencer.consumer.LoggingConsumer - [6] [CreateOrder](sbeTemplateId=4|sbeSchemaId=2|sbeSchemaVersion=0|sbeBlockLength=33):instrumentId=0|price=110|quantity=160|side=BUY|orderId=6
13:00:20.487 [main] INFO  c.gettingstarted.MyAlgoLogic - [MYALGO] The state of the order book is:
|----BID-----||----ASK----|
   160 @ 110     95 @ 97
   220 @ 120    150 @ 94
|------------||-----------|

13:00:20.487 [main] INFO  c.gettingstarted.MyAlgoLogic - [MYALGO] Algo Sees Book as: 
|----BID-----||----ASK----|
   160 @ 110     95 @ 97
   220 @ 120    150 @ 94
|------------||-----------|

13:00:20.487 [main] INFO  c.gettingstarted.TimedLogic - [TIMEDLOGIC] Market is open
13:00:20.487 [main] INFO  c.gettingstarted.MyAlgoLogic - [MYALGO] Aftr buy orders5
13:00:20.487 [main] INFO  c.gettingstarted.MyAlgoLogic - [MYALGO] After Buy total orders5
13:00:20.487 [main] INFO  c.container.Actioner - [ALGO] Actioner, sending action:CreateChildOrder(side=BUY,quantity=160,price=110)
13:00:20.487 [main] INFO  c.sequencer.consumer.LoggingConsumer - [7] [CreateOrder](sbeTemplateId=4|sbeSchemaId=2|sbeSchemaVersion=0|sbeBlockLength=33):instrumentId=0|price=110|quantity=160|side=BUY|orderId=7
13:00:20.487 [main] INFO  c.gettingstarted.MyAlgoLogic - [MYALGO] The state of the order book is:
|----BID-----||----ASK----|
   160 @ 110     95 @ 97
   220 @ 120    150 @ 94
|------------||-----------|

13:00:20.487 [main] INFO  c.gettingstarted.MyAlgoLogic - [MYALGO] Algo Sees Book as: 
|----BID-----||----ASK----|
   160 @ 110     95 @ 97
   220 @ 120    150 @ 94
|------------||-----------|

13:00:20.487 [main] INFO  c.gettingstarted.TimedLogic - [TIMEDLOGIC] Market is open
13:00:20.487 [main] INFO  c.gettingstarted.MyAlgoLogic - [MYALGO] Aftr buy orders6
13:00:20.487 [main] INFO  c.gettingstarted.MyAlgoLogic - [MYALGO] After Buy total orders6
13:00:20.487 [main] INFO  c.container.Actioner - [ALGO] Actioner, sending action:CreateChildOrder(side=BUY,quantity=160,price=110)
13:00:20.487 [main] INFO  c.sequencer.consumer.LoggingConsumer - [8] [CreateOrder](sbeTemplateId=4|sbeSchemaId=2|sbeSchemaVersion=0|sbeBlockLength=33):instrumentId=0|price=110|quantity=160|side=BUY|orderId=8
13:00:20.487 [main] INFO  c.gettingstarted.MyAlgoLogic - [MYALGO] The state of the order book is:
|----BID-----||----ASK----|
   160 @ 110     95 @ 97
   220 @ 120    150 @ 94
|------------||-----------|

13:00:20.487 [main] INFO  c.gettingstarted.MyAlgoLogic - [MYALGO] Algo Sees Book as: 
|----BID-----||----ASK----|
   160 @ 110     95 @ 97
   220 @ 120    150 @ 94
|------------||-----------|

13:00:20.487 [main] INFO  c.gettingstarted.TimedLogic - [TIMEDLOGIC] Market is open
13:00:20.487 [main] INFO  c.gettingstarted.MyAlgoLogic - [MYALGO] Aftr buy orders7
13:00:20.487 [main] INFO  c.gettingstarted.MyAlgoLogic - [MYALGO] After Buy total orders7
13:00:20.487 [main] INFO  c.container.Actioner - [ALGO] Actioner, sending action:CreateChildOrder(side=BUY,quantity=160,price=110)
13:00:20.487 [main] INFO  c.sequencer.consumer.LoggingConsumer - [9] [CreateOrder](sbeTemplateId=4|sbeSchemaId=2|sbeSchemaVersion=0|sbeBlockLength=33):instrumentId=0|price=110|quantity=160|side=BUY|orderId=9
13:00:20.487 [main] INFO  c.gettingstarted.MyAlgoLogic - [MYALGO] The state of the order book is:
|----BID-----||----ASK----|
   160 @ 110     95 @ 97
   220 @ 120    150 @ 94
|------------||-----------|

13:00:20.487 [main] INFO  c.gettingstarted.MyAlgoLogic - [MYALGO] Algo Sees Book as: 
|----BID-----||----ASK----|
   160 @ 110     95 @ 97
   220 @ 120    150 @ 94
|------------||-----------|

13:00:20.487 [main] INFO  c.gettingstarted.TimedLogic - [TIMEDLOGIC] Market is open
13:00:20.487 [main] INFO  c.gettingstarted.MyAlgoLogic - [MYALGO] Aftr buy orders8
13:00:20.487 [main] INFO  c.gettingstarted.MyAlgoLogic - [MYALGO] After Buy total orders8
13:00:20.487 [main] INFO  c.container.Actioner - [ALGO] Actioner, sending action:CreateChildOrder(side=BUY,quantity=160,price=110)
13:00:20.487 [main] INFO  c.sequencer.consumer.LoggingConsumer - [10] [CreateOrder](sbeTemplateId=4|sbeSchemaId=2|sbeSchemaVersion=0|sbeBlockLength=33):instrumentId=0|price=110|quantity=160|side=BUY|orderId=10
13:00:20.487 [main] INFO  c.gettingstarted.MyAlgoLogic - [MYALGO] The state of the order book is:
|----BID-----||----ASK----|
   160 @ 110     95 @ 97
   220 @ 120    150 @ 94
|------------||-----------|

13:00:20.487 [main] INFO  c.gettingstarted.MyAlgoLogic - [MYALGO] Algo Sees Book as: 
|----BID-----||----ASK----|
   160 @ 110     95 @ 97
   220 @ 120    150 @ 94
|------------||-----------|

13:00:20.487 [main] INFO  c.gettingstarted.TimedLogic - [TIMEDLOGIC] Market is open
13:00:20.487 [main] INFO  c.gettingstarted.MyAlgoLogic - [MYALGO] Aftr buy orders9
13:00:20.487 [main] INFO  c.gettingstarted.MyAlgoLogic - [MYALGO] After Buy total orders9
13:00:20.487 [main] INFO  c.container.Actioner - [ALGO] Actioner, sending action:CreateChildOrder(side=BUY,quantity=160,price=110)
13:00:20.487 [main] INFO  c.sequencer.consumer.LoggingConsumer - [11] [CreateOrder](sbeTemplateId=4|sbeSchemaId=2|sbeSchemaVersion=0|sbeBlockLength=33):instrumentId=0|price=110|quantity=160|side=BUY|orderId=11
13:00:20.487 [main] INFO  c.gettingstarted.MyAlgoLogic - [MYALGO] The state of the order book is:
|----BID-----||----ASK----|
   160 @ 110     95 @ 97
   220 @ 120    150 @ 94
|------------||-----------|

13:00:20.487 [main] INFO  c.gettingstarted.MyAlgoLogic - [MYALGO] Algo Sees Book as: 
|----BID-----||----ASK----|
   160 @ 110     95 @ 97
   220 @ 120    150 @ 94
|------------||-----------|

13:00:20.487 [main] INFO  c.gettingstarted.TimedLogic - [TIMEDLOGIC] Market is open
13:00:20.487 [main] INFO  c.gettingstarted.MyAlgoLogic - [MYALGO] Aftr buy orders10
13:00:20.487 [main] INFO  c.gettingstarted.MyAlgoLogic - [MYALGO] After Buy total orders10
13:00:20.487 [main] INFO  c.container.Actioner - [ALGO] Actioner, sending action:CreateChildOrder(side=BUY,quantity=160,price=110)
13:00:20.487 [main] INFO  c.sequencer.consumer.LoggingConsumer - [12] [CreateOrder](sbeTemplateId=4|sbeSchemaId=2|sbeSchemaVersion=0|sbeBlockLength=33):instrumentId=0|price=110|quantity=160|side=BUY|orderId=12
13:00:20.487 [main] INFO  c.gettingstarted.MyAlgoLogic - [MYALGO] The state of the order book is:
|----BID-----||----ASK----|
   160 @ 110     95 @ 97
   220 @ 120    150 @ 94
|------------||-----------|

13:00:20.487 [main] INFO  c.gettingstarted.MyAlgoLogic - [MYALGO] Algo Sees Book as: 
|----BID-----||----ASK----|
   160 @ 110     95 @ 97
   220 @ 120    150 @ 94
|------------||-----------|

13:00:20.487 [main] INFO  c.gettingstarted.TimedLogic - [TIMEDLOGIC] Market is open
13:00:20.487 [main] INFO  c.gettingstarted.MyAlgoLogic - [MYALGO] Aftr buy orders11
13:00:20.487 [main] INFO  c.gettingstarted.MyAlgoLogic - [MYALGO] After Buy total orders11
13:00:20.487 [main] INFO  c.container.Actioner - [ALGO] Actioner, sending action:CreateChildOrder(side=BUY,quantity=160,price=110)
13:00:20.487 [main] INFO  c.sequencer.consumer.LoggingConsumer - [13] [CreateOrder](sbeTemplateId=4|sbeSchemaId=2|sbeSchemaVersion=0|sbeBlockLength=33):instrumentId=0|price=110|quantity=160|side=BUY|orderId=13
13:00:20.487 [main] INFO  c.gettingstarted.MyAlgoLogic - [MYALGO] The state of the order book is:
|----BID-----||----ASK----|
   160 @ 110     95 @ 97
   220 @ 120    150 @ 94
|------------||-----------|

13:00:20.487 [main] INFO  c.gettingstarted.MyAlgoLogic - [MYALGO] Algo Sees Book as: 
|----BID-----||----ASK----|
   160 @ 110     95 @ 97
   220 @ 120    150 @ 94
|------------||-----------|

13:00:20.487 [main] INFO  c.gettingstarted.TimedLogic - [TIMEDLOGIC] Market is open
13:00:20.487 [main] INFO  c.gettingstarted.MyAlgoLogic - [MYALGO] Aftr buy orders12
13:00:20.487 [main] INFO  c.gettingstarted.MyAlgoLogic - [MYALGO] After Buy total orders12
13:00:20.487 [main] INFO  c.container.Actioner - [ALGO] Actioner, sending action:CreateChildOrder(side=BUY,quantity=160,price=110)
13:00:20.487 [main] INFO  c.sequencer.consumer.LoggingConsumer - [14] [CreateOrder](sbeTemplateId=4|sbeSchemaId=2|sbeSchemaVersion=0|sbeBlockLength=33):instrumentId=0|price=110|quantity=160|side=BUY|orderId=14
13:00:20.487 [main] INFO  c.gettingstarted.MyAlgoLogic - [MYALGO] The state of the order book is:
|----BID-----||----ASK----|
   160 @ 110     95 @ 97
   220 @ 120    150 @ 94
|------------||-----------|

13:00:20.487 [main] INFO  c.gettingstarted.MyAlgoLogic - [MYALGO] Algo Sees Book as: 
|----BID-----||----ASK----|
   160 @ 110     95 @ 97
   220 @ 120    150 @ 94
|------------||-----------|

13:00:20.487 [main] INFO  c.gettingstarted.TimedLogic - [TIMEDLOGIC] Market is open
13:00:20.487 [main] INFO  c.gettingstarted.MyAlgoLogic - [MYALGO] Aftr buy orders13
13:00:20.487 [main] INFO  c.gettingstarted.MyAlgoLogic - [MYALGO] After Buy total orders13
13:00:20.487 [main] INFO  c.container.Actioner - [ALGO] Actioner, sending action:CreateChildOrder(side=BUY,quantity=160,price=110)
13:00:20.487 [main] INFO  c.sequencer.consumer.LoggingConsumer - [15] [CreateOrder](sbeTemplateId=4|sbeSchemaId=2|sbeSchemaVersion=0|sbeBlockLength=33):instrumentId=0|price=110|quantity=160|side=BUY|orderId=15
13:00:20.487 [main] INFO  c.gettingstarted.MyAlgoLogic - [MYALGO] The state of the order book is:
|----BID-----||----ASK----|
   160 @ 110     95 @ 97
   220 @ 120    150 @ 94
|------------||-----------|

13:00:20.487 [main] INFO  c.gettingstarted.MyAlgoLogic - [MYALGO] Algo Sees Book as: 
|----BID-----||----ASK----|
   160 @ 110     95 @ 97
   220 @ 120    150 @ 94
|------------||-----------|

13:00:20.487 [main] INFO  c.gettingstarted.TimedLogic - [TIMEDLOGIC] Market is open
13:00:20.487 [main] INFO  c.gettingstarted.MyAlgoLogic - [MYALGO] Aftr buy orders14
13:00:20.487 [main] INFO  c.gettingstarted.MyAlgoLogic - [MYALGO] After Buy total orders14
13:00:20.487 [main] INFO  c.container.Actioner - [ALGO] Actioner, sending action:CreateChildOrder(side=BUY,quantity=160,price=110)
13:00:20.487 [main] INFO  c.sequencer.consumer.LoggingConsumer - [16] [CreateOrder](sbeTemplateId=4|sbeSchemaId=2|sbeSchemaVersion=0|sbeBlockLength=33):instrumentId=0|price=110|quantity=160|side=BUY|orderId=16
13:00:20.487 [main] INFO  c.gettingstarted.MyAlgoLogic - [MYALGO] The state of the order book is:
|----BID-----||----ASK----|
   160 @ 110     95 @ 97
   220 @ 120    150 @ 94
|------------||-----------|

13:00:20.487 [main] INFO  c.gettingstarted.MyAlgoLogic - [MYALGO] Algo Sees Book as: 
|----BID-----||----ASK----|
   160 @ 110     95 @ 97
   220 @ 120    150 @ 94
|------------||-----------|

13:00:20.487 [main] INFO  c.gettingstarted.TimedLogic - [TIMEDLOGIC] Market is open
13:00:20.487 [main] INFO  c.gettingstarted.MyAlgoLogic - [MYALGO] Adding order for95@97
13:00:20.487 [main] INFO  c.gettingstarted.MyAlgoLogic - [MYALGO] Initial quantity95 price 97
13:00:20.487 [main] INFO  c.gettingstarted.MyAlgoLogic - [MYALGO] Active orders15
13:00:20.487 [main] INFO  c.gettingstarted.MyAlgoLogic - [MYALGO] Total orders15
13:00:20.487 [main] INFO  c.container.Actioner - [ALGO] Actioner, sending action:CreateChildOrder(side=SELL,quantity=95,price=97)
13:00:20.487 [main] INFO  c.sequencer.consumer.LoggingConsumer - [17] [CreateOrder](sbeTemplateId=4|sbeSchemaId=2|sbeSchemaVersion=0|sbeBlockLength=33):instrumentId=0|price=97|quantity=95|side=SELL|orderId=17
13:00:20.487 [main] INFO  c.gettingstarted.MyAlgoLogic - [MYALGO] The state of the order book is:
|----BID-----||----ASK----|
   160 @ 110     95 @ 97
   220 @ 120    150 @ 94
|------------||-----------|

13:00:20.487 [main] INFO  c.gettingstarted.MyAlgoLogic - [MYALGO] Algo Sees Book as: 
|----BID-----||----ASK----|
   160 @ 110     95 @ 97
   220 @ 120    150 @ 94
|------------||-----------|

13:00:20.487 [main] INFO  c.gettingstarted.TimedLogic - [TIMEDLOGIC] Market is open
13:00:20.487 [main] INFO  c.gettingstarted.MyAlgoLogic - [MYALGO] Have:16 children, want 7, done.
13:00:20.487 [main] INFO  c.gettingstarted.MyAlgoLogic - [MYALGO] Active orders are 16
13:00:20.487 [main] INFO  c.gettingstarted.MyAlgoLogic - [MYALGO] Cancelling order:codingblackfemales.sotw.ChildOrder@17a7f733
13:00:20.487 [main] INFO  c.gettingstarted.MyAlgoLogic - [MYALGO] Option is present, number of active orders are 16
13:00:20.487 [main] INFO  c.container.Actioner - [ALGO] Actioner, sending action:CancelChildOrder(codingblackfemales.sotw.ChildOrder@17a7f733)
13:00:20.487 [main] INFO  c.sequencer.consumer.LoggingConsumer - [18] [CancelOrder](sbeTemplateId=5|sbeSchemaId=2|sbeSchemaVersion=0|sbeBlockLength=8):orderId=2
13:00:20.487 [main] INFO  c.gettingstarted.MyAlgoLogic - [MYALGO] The state of the order book is:
|----BID-----||----ASK----|
   160 @ 110     95 @ 97
   220 @ 120    150 @ 94
|------------||-----------|

13:00:20.487 [main] INFO  c.gettingstarted.MyAlgoLogic - [MYALGO] Algo Sees Book as: 
|----BID-----||----ASK----|
   160 @ 110     95 @ 97
   220 @ 120    150 @ 94
|------------||-----------|

13:00:20.487 [main] INFO  c.gettingstarted.TimedLogic - [TIMEDLOGIC] Market is open
13:00:20.487 [main] INFO  c.gettingstarted.MyAlgoLogic - [MYALGO] Have:15 children, want 7, done.
13:00:20.487 [main] INFO  c.gettingstarted.MyAlgoLogic - [MYALGO] Active orders are 15
13:00:20.487 [main] INFO  c.gettingstarted.MyAlgoLogic - [MYALGO] Cancelling order:codingblackfemales.sotw.ChildOrder@68567e20
13:00:20.487 [main] INFO  c.gettingstarted.MyAlgoLogic - [MYALGO] Option is present, number of active orders are 15
13:00:20.487 [main] INFO  c.container.Actioner - [ALGO] Actioner, sending action:CancelChildOrder(codingblackfemales.sotw.ChildOrder@68567e20)
13:00:20.487 [main] INFO  c.sequencer.consumer.LoggingConsumer - [19] [CancelOrder](sbeTemplateId=5|sbeSchemaId=2|sbeSchemaVersion=0|sbeBlockLength=8):orderId=3
13:00:20.487 [main] INFO  c.gettingstarted.MyAlgoLogic - [MYALGO] The state of the order book is:
|----BID-----||----ASK----|
   160 @ 110     95 @ 97
   220 @ 120    150 @ 94
|------------||-----------|

13:00:20.487 [main] INFO  c.gettingstarted.MyAlgoLogic - [MYALGO] Algo Sees Book as: 
|----BID-----||----ASK----|
   160 @ 110     95 @ 97
   220 @ 120    150 @ 94
|------------||-----------|

13:00:20.487 [main] INFO  c.gettingstarted.TimedLogic - [TIMEDLOGIC] Market is open
13:00:20.487 [main] INFO  c.gettingstarted.MyAlgoLogic - [MYALGO] Have:14 children, want 7, done.
13:00:20.487 [main] INFO  c.gettingstarted.MyAlgoLogic - [MYALGO] Active orders are 14
13:00:20.487 [main] INFO  c.gettingstarted.MyAlgoLogic - [MYALGO] Cancelling order:codingblackfemales.sotw.ChildOrder@76ed1b7c
13:00:20.487 [main] INFO  c.gettingstarted.MyAlgoLogic - [MYALGO] Option is present, number of active orders are 14
13:00:20.487 [main] INFO  c.container.Actioner - [ALGO] Actioner, sending action:CancelChildOrder(codingblackfemales.sotw.ChildOrder@76ed1b7c)
13:00:20.487 [main] INFO  c.sequencer.consumer.LoggingConsumer - [20] [CancelOrder](sbeTemplateId=5|sbeSchemaId=2|sbeSchemaVersion=0|sbeBlockLength=8):orderId=4
13:00:20.487 [main] INFO  c.gettingstarted.MyAlgoLogic - [MYALGO] The state of the order book is:
|----BID-----||----ASK----|
   160 @ 110     95 @ 97
   220 @ 120    150 @ 94
|------------||-----------|

13:00:20.487 [main] INFO  c.gettingstarted.MyAlgoLogic - [MYALGO] Algo Sees Book as: 
|----BID-----||----ASK----|
   160 @ 110     95 @ 97
   220 @ 120    150 @ 94
|------------||-----------|

13:00:20.487 [main] INFO  c.gettingstarted.TimedLogic - [TIMEDLOGIC] Market is open
13:00:20.487 [main] INFO  c.gettingstarted.MyAlgoLogic - [MYALGO] Have:13 children, want 7, done.
13:00:20.487 [main] INFO  c.gettingstarted.MyAlgoLogic - [MYALGO] Active orders are 13
13:00:20.487 [main] INFO  c.gettingstarted.MyAlgoLogic - [MYALGO] Cancelling order:codingblackfemales.sotw.ChildOrder@11fc564b
13:00:20.487 [main] INFO  c.gettingstarted.MyAlgoLogic - [MYALGO] Option is present, number of active orders are 13
13:00:20.487 [main] INFO  c.container.Actioner - [ALGO] Actioner, sending action:CancelChildOrder(codingblackfemales.sotw.ChildOrder@11fc564b)
13:00:20.487 [main] INFO  c.sequencer.consumer.LoggingConsumer - [21] [CancelOrder](sbeTemplateId=5|sbeSchemaId=2|sbeSchemaVersion=0|sbeBlockLength=8):orderId=5
13:00:20.487 [main] INFO  c.gettingstarted.MyAlgoLogic - [MYALGO] The state of the order book is:
|----BID-----||----ASK----|
   160 @ 110     95 @ 97
   220 @ 120    150 @ 94
|------------||-----------|

13:00:20.487 [main] INFO  c.gettingstarted.MyAlgoLogic - [MYALGO] Algo Sees Book as: 
|----BID-----||----ASK----|
   160 @ 110     95 @ 97
   220 @ 120    150 @ 94
|------------||-----------|

13:00:20.487 [main] INFO  c.gettingstarted.TimedLogic - [TIMEDLOGIC] Market is open
13:00:20.487 [main] INFO  c.gettingstarted.MyAlgoLogic - [MYALGO] Have:12 children, want 7, done.
13:00:20.487 [main] INFO  c.gettingstarted.MyAlgoLogic - [MYALGO] Active orders are 12
13:00:20.487 [main] INFO  c.gettingstarted.MyAlgoLogic - [MYALGO] Cancelling order:codingblackfemales.sotw.ChildOrder@394a2528
13:00:20.487 [main] INFO  c.gettingstarted.MyAlgoLogic - [MYALGO] Option is present, number of active orders are 12
13:00:20.487 [main] INFO  c.container.Actioner - [ALGO] Actioner, sending action:CancelChildOrder(codingblackfemales.sotw.ChildOrder@394a2528)
13:00:20.487 [main] INFO  c.sequencer.consumer.LoggingConsumer - [22] [CancelOrder](sbeTemplateId=5|sbeSchemaId=2|sbeSchemaVersion=0|sbeBlockLength=8):orderId=6
13:00:20.487 [main] INFO  c.gettingstarted.MyAlgoLogic - [MYALGO] The state of the order book is:
|----BID-----||----ASK----|
   160 @ 110     95 @ 97
   220 @ 120    150 @ 94
|------------||-----------|

13:00:20.487 [main] INFO  c.gettingstarted.MyAlgoLogic - [MYALGO] Algo Sees Book as: 
|----BID-----||----ASK----|
   160 @ 110     95 @ 97
   220 @ 120    150 @ 94
|------------||-----------|

13:00:20.487 [main] INFO  c.gettingstarted.TimedLogic - [TIMEDLOGIC] Market is open
13:00:20.487 [main] INFO  c.gettingstarted.MyAlgoLogic - [MYALGO] Have:11 children, want 7, done.
13:00:20.487 [main] INFO  c.gettingstarted.MyAlgoLogic - [MYALGO] Active orders are 11
13:00:20.487 [main] INFO  c.gettingstarted.MyAlgoLogic - [MYALGO] Cancelling order:codingblackfemales.sotw.ChildOrder@6236eb5f
13:00:20.487 [main] INFO  c.gettingstarted.MyAlgoLogic - [MYALGO] Option is present, number of active orders are 11
13:00:20.487 [main] INFO  c.container.Actioner - [ALGO] Actioner, sending action:CancelChildOrder(codingblackfemales.sotw.ChildOrder@6236eb5f)
13:00:20.487 [main] INFO  c.sequencer.consumer.LoggingConsumer - [23] [CancelOrder](sbeTemplateId=5|sbeSchemaId=2|sbeSchemaVersion=0|sbeBlockLength=8):orderId=7
13:00:20.487 [main] INFO  c.gettingstarted.MyAlgoLogic - [MYALGO] The state of the order book is:
|----BID-----||----ASK----|
   160 @ 110     95 @ 97
   220 @ 120    150 @ 94
|------------||-----------|

13:00:20.487 [main] INFO  c.gettingstarted.MyAlgoLogic - [MYALGO] Algo Sees Book as: 
|----BID-----||----ASK----|
   160 @ 110     95 @ 97
   220 @ 120    150 @ 94
|------------||-----------|

13:00:20.487 [main] INFO  c.gettingstarted.TimedLogic - [TIMEDLOGIC] Market is open
13:00:20.487 [main] INFO  c.gettingstarted.MyAlgoLogic - [MYALGO] Have:10 children, want 7, done.
13:00:20.487 [main] INFO  c.gettingstarted.MyAlgoLogic - [MYALGO] Active orders are 10
13:00:20.487 [main] INFO  c.gettingstarted.MyAlgoLogic - [MYALGO] Cancelling order:codingblackfemales.sotw.ChildOrder@7c1e2a9e
13:00:20.487 [main] INFO  c.gettingstarted.MyAlgoLogic - [MYALGO] Option is present, number of active orders are 10
13:00:20.487 [main] INFO  c.container.Actioner - [ALGO] Actioner, sending action:CancelChildOrder(codingblackfemales.sotw.ChildOrder@7c1e2a9e)
13:00:20.487 [main] INFO  c.sequencer.consumer.LoggingConsumer - [24] [CancelOrder](sbeTemplateId=5|sbeSchemaId=2|sbeSchemaVersion=0|sbeBlockLength=8):orderId=8
13:00:20.487 [main] INFO  c.gettingstarted.MyAlgoLogic - [MYALGO] The state of the order book is:
|----BID-----||----ASK----|
   160 @ 110     95 @ 97
   220 @ 120    150 @ 94
|------------||-----------|

13:00:20.487 [main] INFO  c.gettingstarted.MyAlgoLogic - [MYALGO] Algo Sees Book as: 
|----BID-----||----ASK----|
   160 @ 110     95 @ 97
   220 @ 120    150 @ 94
|------------||-----------|

13:00:20.487 [main] INFO  c.gettingstarted.TimedLogic - [TIMEDLOGIC] Market is open
13:00:20.487 [main] INFO  c.gettingstarted.MyAlgoLogic - [MYALGO] Have:9 children, want 7, done.
13:00:20.487 [main] INFO  c.gettingstarted.MyAlgoLogic - [MYALGO] Active orders are 9
13:00:20.487 [main] INFO  c.gettingstarted.MyAlgoLogic - [MYALGO] Cancelling order:codingblackfemales.sotw.ChildOrder@fa36558
13:00:20.487 [main] INFO  c.gettingstarted.MyAlgoLogic - [MYALGO] Option is present, number of active orders are 9
13:00:20.487 [main] INFO  c.container.Actioner - [ALGO] Actioner, sending action:CancelChildOrder(codingblackfemales.sotw.ChildOrder@fa36558)
13:00:20.487 [main] INFO  c.sequencer.consumer.LoggingConsumer - [25] [CancelOrder](sbeTemplateId=5|sbeSchemaId=2|sbeSchemaVersion=0|sbeBlockLength=8):orderId=9
13:00:20.487 [main] INFO  c.gettingstarted.MyAlgoLogic - [MYALGO] The state of the order book is:
|----BID-----||----ASK----|
   160 @ 110     95 @ 97
   220 @ 120    150 @ 94
|------------||-----------|

13:00:20.487 [main] INFO  c.gettingstarted.MyAlgoLogic - [MYALGO] Algo Sees Book as: 
|----BID-----||----ASK----|
   160 @ 110     95 @ 97
   220 @ 120    150 @ 94
|------------||-----------|

13:00:20.487 [main] INFO  c.gettingstarted.TimedLogic - [TIMEDLOGIC] Market is open
13:00:20.487 [main] INFO  c.gettingstarted.MyAlgoLogic - [MYALGO] Have:8 children, want 7, done.
13:00:20.487 [main] INFO  c.gettingstarted.MyAlgoLogic - [MYALGO] Active orders are 8
13:00:20.487 [main] INFO  c.gettingstarted.MyAlgoLogic - [MYALGO] Cancelling order:codingblackfemales.sotw.ChildOrder@672872e1
13:00:20.487 [main] INFO  c.gettingstarted.MyAlgoLogic - [MYALGO] Option is present, number of active orders are 8
13:00:20.487 [main] INFO  c.container.Actioner - [ALGO] Actioner, sending action:CancelChildOrder(codingblackfemales.sotw.ChildOrder@672872e1)
13:00:20.487 [main] INFO  c.sequencer.consumer.LoggingConsumer - [26] [CancelOrder](sbeTemplateId=5|sbeSchemaId=2|sbeSchemaVersion=0|sbeBlockLength=8):orderId=10
13:00:20.487 [main] INFO  c.gettingstarted.MyAlgoLogic - [MYALGO] The state of the order book is:
|----BID-----||----ASK----|
   160 @ 110     95 @ 97
   220 @ 120    150 @ 94
|------------||-----------|

13:00:20.487 [main] INFO  c.gettingstarted.MyAlgoLogic - [MYALGO] Algo Sees Book as: 
|----BID-----||----ASK----|
   160 @ 110     95 @ 97
   220 @ 120    150 @ 94
|------------||-----------|

13:00:20.487 [main] INFO  c.gettingstarted.TimedLogic - [TIMEDLOGIC] Market is open
13:00:20.487 [main] INFO  c.gettingstarted.MyAlgoLogic - [MYALGO] Have:7 children, want 7, done.
13:00:20.487 [main] INFO  c.gettingstarted.MyAlgoLogic - [MYALGO] Active orders are 7
13:00:20.487 [main] INFO  c.gettingstarted.MyAlgoLogic - [MYALGO] Cancelling order:codingblackfemales.sotw.ChildOrder@32910148
13:00:20.487 [main] INFO  c.gettingstarted.MyAlgoLogic - [MYALGO] Option is present, number of active orders are 7
13:00:20.487 [main] INFO  c.container.Actioner - [ALGO] Actioner, sending action:CancelChildOrder(codingblackfemales.sotw.ChildOrder@32910148)
13:00:20.487 [main] INFO  c.sequencer.consumer.LoggingConsumer - [27] [CancelOrder](sbeTemplateId=5|sbeSchemaId=2|sbeSchemaVersion=0|sbeBlockLength=8):orderId=11
13:00:20.487 [main] INFO  c.gettingstarted.MyAlgoLogic - [MYALGO] The state of the order book is:
|----BID-----||----ASK----|
   160 @ 110     95 @ 97
   220 @ 120    150 @ 94
|------------||-----------|

13:00:20.487 [main] INFO  c.gettingstarted.MyAlgoLogic - [MYALGO] Algo Sees Book as: 
|----BID-----||----ASK----|
   160 @ 110     95 @ 97
   220 @ 120    150 @ 94
|------------||-----------|

13:00:20.487 [main] INFO  c.gettingstarted.TimedLogic - [TIMEDLOGIC] Market is open
]]></system-out>
  </testcase>
  <testcase name="checkIfOrdersCancelled" classname="codingblackfemales.gettingstarted.MyAlgoTest" time="0.021">
    <system-out><![CDATA[13:00:20.487 [main] INFO  c.sequencer.consumer.LoggingConsumer - [1] 
|----BID-----|
   101 @ 100
   200 @ 110
  5000 @ 115
|----ASK-----|
    100 @ 98
    200 @ 95
    300 @ 91

13:00:20.487 [main] DEBUG c.service.MarketDataService - [ALGO] BID: price:100 quantity:101
13:00:20.487 [main] DEBUG c.service.MarketDataService - [ALGO] BID: price:110 quantity:200
13:00:20.487 [main] DEBUG c.service.MarketDataService - [ALGO] BID: price:115 quantity:5000
13:00:20.487 [main] DEBUG c.service.MarketDataService - [ALGO] ASK: price:98 quantity:100
13:00:20.487 [main] DEBUG c.service.MarketDataService - [ALGO] ASK: price:95 quantity:200
13:00:20.487 [main] DEBUG c.service.MarketDataService - [ALGO] ASK: price:91 quantity:300
13:00:20.487 [main] INFO  c.gettingstarted.MyAlgoLogic - [MYALGO] The state of the order book is:
|----BID-----||----ASK----|
   101 @ 100    100 @ 98
   200 @ 110    200 @ 95
  5000 @ 115    300 @ 91
|------------||-----------|

13:00:20.487 [main] INFO  c.gettingstarted.MyAlgoLogic - [MYALGO] Algo Sees Book as: 
|----BID-----||----ASK----|
   101 @ 100    100 @ 98
   200 @ 110    200 @ 95
  5000 @ 115    300 @ 91
|------------||-----------|

13:00:20.487 [main] INFO  c.gettingstarted.TimedLogic - [TIMEDLOGIC] Market is open
13:00:20.487 [main] INFO  c.gettingstarted.MyAlgoLogic - [MYALGO] Aftr buy orders0
13:00:20.487 [main] INFO  c.gettingstarted.MyAlgoLogic - [MYALGO] After Buy total orders0
13:00:20.487 [main] INFO  c.container.Actioner - [ALGO] Actioner, sending action:CreateChildOrder(side=BUY,quantity=101,price=100)
13:00:20.487 [main] INFO  c.sequencer.consumer.LoggingConsumer - [2] [CreateOrder](sbeTemplateId=4|sbeSchemaId=2|sbeSchemaVersion=0|sbeBlockLength=33):instrumentId=0|price=100|quantity=101|side=BUY|orderId=2
13:00:20.487 [main] INFO  c.gettingstarted.MyAlgoLogic - [MYALGO] The state of the order book is:
|----BID-----||----ASK----|
   101 @ 100    100 @ 98
   200 @ 110    200 @ 95
  5000 @ 115    300 @ 91
|------------||-----------|

13:00:20.487 [main] INFO  c.gettingstarted.MyAlgoLogic - [MYALGO] Algo Sees Book as: 
|----BID-----||----ASK----|
   101 @ 100    100 @ 98
   200 @ 110    200 @ 95
  5000 @ 115    300 @ 91
|------------||-----------|

13:00:20.487 [main] INFO  c.gettingstarted.TimedLogic - [TIMEDLOGIC] Market is open
13:00:20.487 [main] INFO  c.gettingstarted.MyAlgoLogic - [MYALGO] Aftr buy orders1
13:00:20.487 [main] INFO  c.gettingstarted.MyAlgoLogic - [MYALGO] After Buy total orders1
13:00:20.487 [main] INFO  c.container.Actioner - [ALGO] Actioner, sending action:CreateChildOrder(side=BUY,quantity=101,price=100)
13:00:20.487 [main] INFO  c.sequencer.consumer.LoggingConsumer - [3] [CreateOrder](sbeTemplateId=4|sbeSchemaId=2|sbeSchemaVersion=0|sbeBlockLength=33):instrumentId=0|price=100|quantity=101|side=BUY|orderId=3
13:00:20.487 [main] INFO  c.gettingstarted.MyAlgoLogic - [MYALGO] The state of the order book is:
|----BID-----||----ASK----|
   101 @ 100    100 @ 98
   200 @ 110    200 @ 95
  5000 @ 115    300 @ 91
|------------||-----------|

13:00:20.487 [main] INFO  c.gettingstarted.MyAlgoLogic - [MYALGO] Algo Sees Book as: 
|----BID-----||----ASK----|
   101 @ 100    100 @ 98
   200 @ 110    200 @ 95
  5000 @ 115    300 @ 91
|------------||-----------|

13:00:20.487 [main] INFO  c.gettingstarted.TimedLogic - [TIMEDLOGIC] Market is open
13:00:20.487 [main] INFO  c.gettingstarted.MyAlgoLogic - [MYALGO] Aftr buy orders2
13:00:20.487 [main] INFO  c.gettingstarted.MyAlgoLogic - [MYALGO] After Buy total orders2
13:00:20.487 [main] INFO  c.container.Actioner - [ALGO] Actioner, sending action:CreateChildOrder(side=BUY,quantity=101,price=100)
13:00:20.487 [main] INFO  c.sequencer.consumer.LoggingConsumer - [4] [CreateOrder](sbeTemplateId=4|sbeSchemaId=2|sbeSchemaVersion=0|sbeBlockLength=33):instrumentId=0|price=100|quantity=101|side=BUY|orderId=4
13:00:20.487 [main] INFO  c.gettingstarted.MyAlgoLogic - [MYALGO] The state of the order book is:
|----BID-----||----ASK----|
   101 @ 100    100 @ 98
   200 @ 110    200 @ 95
  5000 @ 115    300 @ 91
|------------||-----------|

13:00:20.487 [main] INFO  c.gettingstarted.MyAlgoLogic - [MYALGO] Algo Sees Book as: 
|----BID-----||----ASK----|
   101 @ 100    100 @ 98
   200 @ 110    200 @ 95
  5000 @ 115    300 @ 91
|------------||-----------|

13:00:20.487 [main] INFO  c.gettingstarted.TimedLogic - [TIMEDLOGIC] Market is open
13:00:20.487 [main] INFO  c.gettingstarted.MyAlgoLogic - [MYALGO] Aftr buy orders3
13:00:20.487 [main] INFO  c.gettingstarted.MyAlgoLogic - [MYALGO] After Buy total orders3
13:00:20.487 [main] INFO  c.container.Actioner - [ALGO] Actioner, sending action:CreateChildOrder(side=BUY,quantity=101,price=100)
13:00:20.487 [main] INFO  c.sequencer.consumer.LoggingConsumer - [5] [CreateOrder](sbeTemplateId=4|sbeSchemaId=2|sbeSchemaVersion=0|sbeBlockLength=33):instrumentId=0|price=100|quantity=101|side=BUY|orderId=5
13:00:20.487 [main] INFO  c.gettingstarted.MyAlgoLogic - [MYALGO] The state of the order book is:
|----BID-----||----ASK----|
   101 @ 100    100 @ 98
   200 @ 110    200 @ 95
  5000 @ 115    300 @ 91
|------------||-----------|

13:00:20.487 [main] INFO  c.gettingstarted.MyAlgoLogic - [MYALGO] Algo Sees Book as: 
|----BID-----||----ASK----|
   101 @ 100    100 @ 98
   200 @ 110    200 @ 95
  5000 @ 115    300 @ 91
|------------||-----------|

13:00:20.487 [main] INFO  c.gettingstarted.TimedLogic - [TIMEDLOGIC] Market is open
13:00:20.487 [main] INFO  c.gettingstarted.MyAlgoLogic - [MYALGO] Aftr buy orders4
13:00:20.487 [main] INFO  c.gettingstarted.MyAlgoLogic - [MYALGO] After Buy total orders4
13:00:20.487 [main] INFO  c.container.Actioner - [ALGO] Actioner, sending action:CreateChildOrder(side=BUY,quantity=101,price=100)
13:00:20.487 [main] INFO  c.sequencer.consumer.LoggingConsumer - [6] [CreateOrder](sbeTemplateId=4|sbeSchemaId=2|sbeSchemaVersion=0|sbeBlockLength=33):instrumentId=0|price=100|quantity=101|side=BUY|orderId=6
13:00:20.487 [main] INFO  c.gettingstarted.MyAlgoLogic - [MYALGO] The state of the order book is:
|----BID-----||----ASK----|
   101 @ 100    100 @ 98
   200 @ 110    200 @ 95
  5000 @ 115    300 @ 91
|------------||-----------|

13:00:20.487 [main] INFO  c.gettingstarted.MyAlgoLogic - [MYALGO] Algo Sees Book as: 
|----BID-----||----ASK----|
   101 @ 100    100 @ 98
   200 @ 110    200 @ 95
  5000 @ 115    300 @ 91
|------------||-----------|

13:00:20.487 [main] INFO  c.gettingstarted.TimedLogic - [TIMEDLOGIC] Market is open
13:00:20.487 [main] INFO  c.gettingstarted.MyAlgoLogic - [MYALGO] Aftr buy orders5
13:00:20.487 [main] INFO  c.gettingstarted.MyAlgoLogic - [MYALGO] After Buy total orders5
13:00:20.487 [main] INFO  c.container.Actioner - [ALGO] Actioner, sending action:CreateChildOrder(side=BUY,quantity=101,price=100)
13:00:20.487 [main] INFO  c.sequencer.consumer.LoggingConsumer - [7] [CreateOrder](sbeTemplateId=4|sbeSchemaId=2|sbeSchemaVersion=0|sbeBlockLength=33):instrumentId=0|price=100|quantity=101|side=BUY|orderId=7
13:00:20.487 [main] INFO  c.gettingstarted.MyAlgoLogic - [MYALGO] The state of the order book is:
|----BID-----||----ASK----|
   101 @ 100    100 @ 98
   200 @ 110    200 @ 95
  5000 @ 115    300 @ 91
|------------||-----------|

13:00:20.487 [main] INFO  c.gettingstarted.MyAlgoLogic - [MYALGO] Algo Sees Book as: 
|----BID-----||----ASK----|
   101 @ 100    100 @ 98
   200 @ 110    200 @ 95
  5000 @ 115    300 @ 91
|------------||-----------|

13:00:20.487 [main] INFO  c.gettingstarted.TimedLogic - [TIMEDLOGIC] Market is open
13:00:20.487 [main] INFO  c.gettingstarted.MyAlgoLogic - [MYALGO] Aftr buy orders6
13:00:20.487 [main] INFO  c.gettingstarted.MyAlgoLogic - [MYALGO] After Buy total orders6
13:00:20.487 [main] INFO  c.container.Actioner - [ALGO] Actioner, sending action:CreateChildOrder(side=BUY,quantity=101,price=100)
13:00:20.487 [main] INFO  c.sequencer.consumer.LoggingConsumer - [8] [CreateOrder](sbeTemplateId=4|sbeSchemaId=2|sbeSchemaVersion=0|sbeBlockLength=33):instrumentId=0|price=100|quantity=101|side=BUY|orderId=8
13:00:20.487 [main] INFO  c.gettingstarted.MyAlgoLogic - [MYALGO] The state of the order book is:
|----BID-----||----ASK----|
   101 @ 100    100 @ 98
   200 @ 110    200 @ 95
  5000 @ 115    300 @ 91
|------------||-----------|

13:00:20.487 [main] INFO  c.gettingstarted.MyAlgoLogic - [MYALGO] Algo Sees Book as: 
|----BID-----||----ASK----|
   101 @ 100    100 @ 98
   200 @ 110    200 @ 95
  5000 @ 115    300 @ 91
|------------||-----------|

13:00:20.487 [main] INFO  c.gettingstarted.TimedLogic - [TIMEDLOGIC] Market is open
13:00:20.487 [main] INFO  c.gettingstarted.MyAlgoLogic - [MYALGO] Aftr buy orders7
13:00:20.487 [main] INFO  c.gettingstarted.MyAlgoLogic - [MYALGO] After Buy total orders7
13:00:20.487 [main] INFO  c.container.Actioner - [ALGO] Actioner, sending action:CreateChildOrder(side=BUY,quantity=101,price=100)
13:00:20.487 [main] INFO  c.sequencer.consumer.LoggingConsumer - [9] [CreateOrder](sbeTemplateId=4|sbeSchemaId=2|sbeSchemaVersion=0|sbeBlockLength=33):instrumentId=0|price=100|quantity=101|side=BUY|orderId=9
13:00:20.487 [main] INFO  c.gettingstarted.MyAlgoLogic - [MYALGO] The state of the order book is:
|----BID-----||----ASK----|
   101 @ 100    100 @ 98
   200 @ 110    200 @ 95
  5000 @ 115    300 @ 91
|------------||-----------|

13:00:20.487 [main] INFO  c.gettingstarted.MyAlgoLogic - [MYALGO] Algo Sees Book as: 
|----BID-----||----ASK----|
   101 @ 100    100 @ 98
   200 @ 110    200 @ 95
  5000 @ 115    300 @ 91
|------------||-----------|

13:00:20.487 [main] INFO  c.gettingstarted.TimedLogic - [TIMEDLOGIC] Market is open
13:00:20.487 [main] INFO  c.gettingstarted.MyAlgoLogic - [MYALGO] Aftr buy orders8
13:00:20.487 [main] INFO  c.gettingstarted.MyAlgoLogic - [MYALGO] After Buy total orders8
13:00:20.487 [main] INFO  c.container.Actioner - [ALGO] Actioner, sending action:CreateChildOrder(side=BUY,quantity=101,price=100)
13:00:20.487 [main] INFO  c.sequencer.consumer.LoggingConsumer - [10] [CreateOrder](sbeTemplateId=4|sbeSchemaId=2|sbeSchemaVersion=0|sbeBlockLength=33):instrumentId=0|price=100|quantity=101|side=BUY|orderId=10
13:00:20.487 [main] INFO  c.gettingstarted.MyAlgoLogic - [MYALGO] The state of the order book is:
|----BID-----||----ASK----|
   101 @ 100    100 @ 98
   200 @ 110    200 @ 95
  5000 @ 115    300 @ 91
|------------||-----------|

13:00:20.487 [main] INFO  c.gettingstarted.MyAlgoLogic - [MYALGO] Algo Sees Book as: 
|----BID-----||----ASK----|
   101 @ 100    100 @ 98
   200 @ 110    200 @ 95
  5000 @ 115    300 @ 91
|------------||-----------|

13:00:20.494 [main] INFO  c.gettingstarted.TimedLogic - [TIMEDLOGIC] Market is open
13:00:20.494 [main] INFO  c.gettingstarted.MyAlgoLogic - [MYALGO] Aftr buy orders9
13:00:20.494 [main] INFO  c.gettingstarted.MyAlgoLogic - [MYALGO] After Buy total orders9
13:00:20.494 [main] INFO  c.container.Actioner - [ALGO] Actioner, sending action:CreateChildOrder(side=BUY,quantity=101,price=100)
13:00:20.494 [main] INFO  c.sequencer.consumer.LoggingConsumer - [11] [CreateOrder](sbeTemplateId=4|sbeSchemaId=2|sbeSchemaVersion=0|sbeBlockLength=33):instrumentId=0|price=100|quantity=101|side=BUY|orderId=11
13:00:20.494 [main] INFO  c.gettingstarted.MyAlgoLogic - [MYALGO] The state of the order book is:
|----BID-----||----ASK----|
   101 @ 100    100 @ 98
   200 @ 110    200 @ 95
  5000 @ 115    300 @ 91
|------------||-----------|

13:00:20.494 [main] INFO  c.gettingstarted.MyAlgoLogic - [MYALGO] Algo Sees Book as: 
|----BID-----||----ASK----|
   101 @ 100    100 @ 98
   200 @ 110    200 @ 95
  5000 @ 115    300 @ 91
|------------||-----------|

13:00:20.494 [main] INFO  c.gettingstarted.TimedLogic - [TIMEDLOGIC] Market is open
13:00:20.494 [main] INFO  c.gettingstarted.MyAlgoLogic - [MYALGO] Aftr buy orders10
13:00:20.494 [main] INFO  c.gettingstarted.MyAlgoLogic - [MYALGO] After Buy total orders10
13:00:20.494 [main] INFO  c.container.Actioner - [ALGO] Actioner, sending action:CreateChildOrder(side=BUY,quantity=101,price=100)
13:00:20.494 [main] INFO  c.sequencer.consumer.LoggingConsumer - [12] [CreateOrder](sbeTemplateId=4|sbeSchemaId=2|sbeSchemaVersion=0|sbeBlockLength=33):instrumentId=0|price=100|quantity=101|side=BUY|orderId=12
13:00:20.494 [main] INFO  c.gettingstarted.MyAlgoLogic - [MYALGO] The state of the order book is:
|----BID-----||----ASK----|
   101 @ 100    100 @ 98
   200 @ 110    200 @ 95
  5000 @ 115    300 @ 91
|------------||-----------|

13:00:20.494 [main] INFO  c.gettingstarted.MyAlgoLogic - [MYALGO] Algo Sees Book as: 
|----BID-----||----ASK----|
   101 @ 100    100 @ 98
   200 @ 110    200 @ 95
  5000 @ 115    300 @ 91
|------------||-----------|

13:00:20.494 [main] INFO  c.gettingstarted.TimedLogic - [TIMEDLOGIC] Market is open
13:00:20.494 [main] INFO  c.gettingstarted.MyAlgoLogic - [MYALGO] Aftr buy orders11
13:00:20.494 [main] INFO  c.gettingstarted.MyAlgoLogic - [MYALGO] After Buy total orders11
13:00:20.494 [main] INFO  c.container.Actioner - [ALGO] Actioner, sending action:CreateChildOrder(side=BUY,quantity=101,price=100)
13:00:20.494 [main] INFO  c.sequencer.consumer.LoggingConsumer - [13] [CreateOrder](sbeTemplateId=4|sbeSchemaId=2|sbeSchemaVersion=0|sbeBlockLength=33):instrumentId=0|price=100|quantity=101|side=BUY|orderId=13
13:00:20.494 [main] INFO  c.gettingstarted.MyAlgoLogic - [MYALGO] The state of the order book is:
|----BID-----||----ASK----|
   101 @ 100    100 @ 98
   200 @ 110    200 @ 95
  5000 @ 115    300 @ 91
|------------||-----------|

13:00:20.494 [main] INFO  c.gettingstarted.MyAlgoLogic - [MYALGO] Algo Sees Book as: 
|----BID-----||----ASK----|
   101 @ 100    100 @ 98
   200 @ 110    200 @ 95
  5000 @ 115    300 @ 91
|------------||-----------|

13:00:20.494 [main] INFO  c.gettingstarted.TimedLogic - [TIMEDLOGIC] Market is open
13:00:20.494 [main] INFO  c.gettingstarted.MyAlgoLogic - [MYALGO] Aftr buy orders12
13:00:20.494 [main] INFO  c.gettingstarted.MyAlgoLogic - [MYALGO] After Buy total orders12
13:00:20.494 [main] INFO  c.container.Actioner - [ALGO] Actioner, sending action:CreateChildOrder(side=BUY,quantity=101,price=100)
13:00:20.494 [main] INFO  c.sequencer.consumer.LoggingConsumer - [14] [CreateOrder](sbeTemplateId=4|sbeSchemaId=2|sbeSchemaVersion=0|sbeBlockLength=33):instrumentId=0|price=100|quantity=101|side=BUY|orderId=14
13:00:20.494 [main] INFO  c.gettingstarted.MyAlgoLogic - [MYALGO] The state of the order book is:
|----BID-----||----ASK----|
   101 @ 100    100 @ 98
   200 @ 110    200 @ 95
  5000 @ 115    300 @ 91
|------------||-----------|

13:00:20.494 [main] INFO  c.gettingstarted.MyAlgoLogic - [MYALGO] Algo Sees Book as: 
|----BID-----||----ASK----|
   101 @ 100    100 @ 98
   200 @ 110    200 @ 95
  5000 @ 115    300 @ 91
|------------||-----------|

13:00:20.494 [main] INFO  c.gettingstarted.TimedLogic - [TIMEDLOGIC] Market is open
13:00:20.494 [main] INFO  c.gettingstarted.MyAlgoLogic - [MYALGO] Aftr buy orders13
13:00:20.494 [main] INFO  c.gettingstarted.MyAlgoLogic - [MYALGO] After Buy total orders13
13:00:20.494 [main] INFO  c.container.Actioner - [ALGO] Actioner, sending action:CreateChildOrder(side=BUY,quantity=101,price=100)
13:00:20.494 [main] INFO  c.sequencer.consumer.LoggingConsumer - [15] [CreateOrder](sbeTemplateId=4|sbeSchemaId=2|sbeSchemaVersion=0|sbeBlockLength=33):instrumentId=0|price=100|quantity=101|side=BUY|orderId=15
13:00:20.494 [main] INFO  c.gettingstarted.MyAlgoLogic - [MYALGO] The state of the order book is:
|----BID-----||----ASK----|
   101 @ 100    100 @ 98
   200 @ 110    200 @ 95
  5000 @ 115    300 @ 91
|------------||-----------|

13:00:20.494 [main] INFO  c.gettingstarted.MyAlgoLogic - [MYALGO] Algo Sees Book as: 
|----BID-----||----ASK----|
   101 @ 100    100 @ 98
   200 @ 110    200 @ 95
  5000 @ 115    300 @ 91
|------------||-----------|

13:00:20.494 [main] INFO  c.gettingstarted.TimedLogic - [TIMEDLOGIC] Market is open
13:00:20.494 [main] INFO  c.gettingstarted.MyAlgoLogic - [MYALGO] Aftr buy orders14
13:00:20.494 [main] INFO  c.gettingstarted.MyAlgoLogic - [MYALGO] After Buy total orders14
13:00:20.494 [main] INFO  c.container.Actioner - [ALGO] Actioner, sending action:CreateChildOrder(side=BUY,quantity=101,price=100)
13:00:20.494 [main] INFO  c.sequencer.consumer.LoggingConsumer - [16] [CreateOrder](sbeTemplateId=4|sbeSchemaId=2|sbeSchemaVersion=0|sbeBlockLength=33):instrumentId=0|price=100|quantity=101|side=BUY|orderId=16
13:00:20.494 [main] INFO  c.gettingstarted.MyAlgoLogic - [MYALGO] The state of the order book is:
|----BID-----||----ASK----|
   101 @ 100    100 @ 98
   200 @ 110    200 @ 95
  5000 @ 115    300 @ 91
|------------||-----------|

13:00:20.494 [main] INFO  c.gettingstarted.MyAlgoLogic - [MYALGO] Algo Sees Book as: 
|----BID-----||----ASK----|
   101 @ 100    100 @ 98
   200 @ 110    200 @ 95
  5000 @ 115    300 @ 91
|------------||-----------|

13:00:20.494 [main] INFO  c.gettingstarted.TimedLogic - [TIMEDLOGIC] Market is open
13:00:20.494 [main] INFO  c.gettingstarted.MyAlgoLogic - [MYALGO] Adding order for100@98
13:00:20.494 [main] INFO  c.gettingstarted.MyAlgoLogic - [MYALGO] Initial quantity100 price 98
13:00:20.494 [main] INFO  c.gettingstarted.MyAlgoLogic - [MYALGO] Active orders15
13:00:20.494 [main] INFO  c.gettingstarted.MyAlgoLogic - [MYALGO] Total orders15
13:00:20.494 [main] INFO  c.container.Actioner - [ALGO] Actioner, sending action:CreateChildOrder(side=SELL,quantity=100,price=98)
13:00:20.496 [main] INFO  c.sequencer.consumer.LoggingConsumer - [17] [CreateOrder](sbeTemplateId=4|sbeSchemaId=2|sbeSchemaVersion=0|sbeBlockLength=33):instrumentId=0|price=98|quantity=100|side=SELL|orderId=17
13:00:20.496 [main] INFO  c.gettingstarted.MyAlgoLogic - [MYALGO] The state of the order book is:
|----BID-----||----ASK----|
   101 @ 100    100 @ 98
   200 @ 110    200 @ 95
  5000 @ 115    300 @ 91
|------------||-----------|

13:00:20.496 [main] INFO  c.gettingstarted.MyAlgoLogic - [MYALGO] Algo Sees Book as: 
|----BID-----||----ASK----|
   101 @ 100    100 @ 98
   200 @ 110    200 @ 95
  5000 @ 115    300 @ 91
|------------||-----------|

13:00:20.496 [main] INFO  c.gettingstarted.TimedLogic - [TIMEDLOGIC] Market is open
13:00:20.496 [main] INFO  c.gettingstarted.MyAlgoLogic - [MYALGO] Have:16 children, want 7, done.
13:00:20.496 [main] INFO  c.gettingstarted.MyAlgoLogic - [MYALGO] Active orders are 16
13:00:20.496 [main] INFO  c.gettingstarted.MyAlgoLogic - [MYALGO] Cancelling order:codingblackfemales.sotw.ChildOrder@3f56875e
13:00:20.496 [main] INFO  c.gettingstarted.MyAlgoLogic - [MYALGO] Option is present, number of active orders are 16
13:00:20.496 [main] INFO  c.container.Actioner - [ALGO] Actioner, sending action:CancelChildOrder(codingblackfemales.sotw.ChildOrder@3f56875e)
13:00:20.496 [main] INFO  c.sequencer.consumer.LoggingConsumer - [18] [CancelOrder](sbeTemplateId=5|sbeSchemaId=2|sbeSchemaVersion=0|sbeBlockLength=8):orderId=2
13:00:20.496 [main] INFO  c.gettingstarted.MyAlgoLogic - [MYALGO] The state of the order book is:
|----BID-----||----ASK----|
   101 @ 100    100 @ 98
   200 @ 110    200 @ 95
  5000 @ 115    300 @ 91
|------------||-----------|

13:00:20.496 [main] INFO  c.gettingstarted.MyAlgoLogic - [MYALGO] Algo Sees Book as: 
|----BID-----||----ASK----|
   101 @ 100    100 @ 98
   200 @ 110    200 @ 95
  5000 @ 115    300 @ 91
|------------||-----------|

13:00:20.496 [main] INFO  c.gettingstarted.TimedLogic - [TIMEDLOGIC] Market is open
13:00:20.496 [main] INFO  c.gettingstarted.MyAlgoLogic - [MYALGO] Have:15 children, want 7, done.
13:00:20.496 [main] INFO  c.gettingstarted.MyAlgoLogic - [MYALGO] Active orders are 15
13:00:20.496 [main] INFO  c.gettingstarted.MyAlgoLogic - [MYALGO] Cancelling order:codingblackfemales.sotw.ChildOrder@2b4bac49
13:00:20.496 [main] INFO  c.gettingstarted.MyAlgoLogic - [MYALGO] Option is present, number of active orders are 15
13:00:20.496 [main] INFO  c.container.Actioner - [ALGO] Actioner, sending action:CancelChildOrder(codingblackfemales.sotw.ChildOrder@2b4bac49)
13:00:20.496 [main] INFO  c.sequencer.consumer.LoggingConsumer - [19] [CancelOrder](sbeTemplateId=5|sbeSchemaId=2|sbeSchemaVersion=0|sbeBlockLength=8):orderId=3
13:00:20.496 [main] INFO  c.gettingstarted.MyAlgoLogic - [MYALGO] The state of the order book is:
|----BID-----||----ASK----|
   101 @ 100    100 @ 98
   200 @ 110    200 @ 95
  5000 @ 115    300 @ 91
|------------||-----------|

13:00:20.496 [main] INFO  c.gettingstarted.MyAlgoLogic - [MYALGO] Algo Sees Book as: 
|----BID-----||----ASK----|
   101 @ 100    100 @ 98
   200 @ 110    200 @ 95
  5000 @ 115    300 @ 91
|------------||-----------|

13:00:20.496 [main] INFO  c.gettingstarted.TimedLogic - [TIMEDLOGIC] Market is open
13:00:20.496 [main] INFO  c.gettingstarted.MyAlgoLogic - [MYALGO] Have:14 children, want 7, done.
13:00:20.496 [main] INFO  c.gettingstarted.MyAlgoLogic - [MYALGO] Active orders are 14
13:00:20.496 [main] INFO  c.gettingstarted.MyAlgoLogic - [MYALGO] Cancelling order:codingblackfemales.sotw.ChildOrder@fd07cbb
13:00:20.496 [main] INFO  c.gettingstarted.MyAlgoLogic - [MYALGO] Option is present, number of active orders are 14
13:00:20.496 [main] INFO  c.container.Actioner - [ALGO] Actioner, sending action:CancelChildOrder(codingblackfemales.sotw.ChildOrder@fd07cbb)
13:00:20.496 [main] INFO  c.sequencer.consumer.LoggingConsumer - [20] [CancelOrder](sbeTemplateId=5|sbeSchemaId=2|sbeSchemaVersion=0|sbeBlockLength=8):orderId=4
13:00:20.496 [main] INFO  c.gettingstarted.MyAlgoLogic - [MYALGO] The state of the order book is:
|----BID-----||----ASK----|
   101 @ 100    100 @ 98
   200 @ 110    200 @ 95
  5000 @ 115    300 @ 91
|------------||-----------|

13:00:20.496 [main] INFO  c.gettingstarted.MyAlgoLogic - [MYALGO] Algo Sees Book as: 
|----BID-----||----ASK----|
   101 @ 100    100 @ 98
   200 @ 110    200 @ 95
  5000 @ 115    300 @ 91
|------------||-----------|

13:00:20.496 [main] INFO  c.gettingstarted.TimedLogic - [TIMEDLOGIC] Market is open
13:00:20.496 [main] INFO  c.gettingstarted.MyAlgoLogic - [MYALGO] Have:13 children, want 7, done.
13:00:20.496 [main] INFO  c.gettingstarted.MyAlgoLogic - [MYALGO] Active orders are 13
13:00:20.496 [main] INFO  c.gettingstarted.MyAlgoLogic - [MYALGO] Cancelling order:codingblackfemales.sotw.ChildOrder@3571b748
13:00:20.496 [main] INFO  c.gettingstarted.MyAlgoLogic - [MYALGO] Option is present, number of active orders are 13
13:00:20.496 [main] INFO  c.container.Actioner - [ALGO] Actioner, sending action:CancelChildOrder(codingblackfemales.sotw.ChildOrder@3571b748)
13:00:20.496 [main] INFO  c.sequencer.consumer.LoggingConsumer - [21] [CancelOrder](sbeTemplateId=5|sbeSchemaId=2|sbeSchemaVersion=0|sbeBlockLength=8):orderId=5
13:00:20.496 [main] INFO  c.gettingstarted.MyAlgoLogic - [MYALGO] The state of the order book is:
|----BID-----||----ASK----|
   101 @ 100    100 @ 98
   200 @ 110    200 @ 95
  5000 @ 115    300 @ 91
|------------||-----------|

13:00:20.496 [main] INFO  c.gettingstarted.MyAlgoLogic - [MYALGO] Algo Sees Book as: 
|----BID-----||----ASK----|
   101 @ 100    100 @ 98
   200 @ 110    200 @ 95
  5000 @ 115    300 @ 91
|------------||-----------|

13:00:20.496 [main] INFO  c.gettingstarted.TimedLogic - [TIMEDLOGIC] Market is open
13:00:20.496 [main] INFO  c.gettingstarted.MyAlgoLogic - [MYALGO] Have:12 children, want 7, done.
13:00:20.496 [main] INFO  c.gettingstarted.MyAlgoLogic - [MYALGO] Active orders are 12
13:00:20.496 [main] INFO  c.gettingstarted.MyAlgoLogic - [MYALGO] Cancelling order:codingblackfemales.sotw.ChildOrder@3e96bacf
13:00:20.496 [main] INFO  c.gettingstarted.MyAlgoLogic - [MYALGO] Option is present, number of active orders are 12
13:00:20.496 [main] INFO  c.container.Actioner - [ALGO] Actioner, sending action:CancelChildOrder(codingblackfemales.sotw.ChildOrder@3e96bacf)
13:00:20.496 [main] INFO  c.sequencer.consumer.LoggingConsumer - [22] [CancelOrder](sbeTemplateId=5|sbeSchemaId=2|sbeSchemaVersion=0|sbeBlockLength=8):orderId=6
13:00:20.496 [main] INFO  c.gettingstarted.MyAlgoLogic - [MYALGO] The state of the order book is:
|----BID-----||----ASK----|
   101 @ 100    100 @ 98
   200 @ 110    200 @ 95
  5000 @ 115    300 @ 91
|------------||-----------|

13:00:20.496 [main] INFO  c.gettingstarted.MyAlgoLogic - [MYALGO] Algo Sees Book as: 
|----BID-----||----ASK----|
   101 @ 100    100 @ 98
   200 @ 110    200 @ 95
  5000 @ 115    300 @ 91
|------------||-----------|

13:00:20.496 [main] INFO  c.gettingstarted.TimedLogic - [TIMEDLOGIC] Market is open
13:00:20.496 [main] INFO  c.gettingstarted.MyAlgoLogic - [MYALGO] Have:11 children, want 7, done.
13:00:20.496 [main] INFO  c.gettingstarted.MyAlgoLogic - [MYALGO] Active orders are 11
13:00:20.496 [main] INFO  c.gettingstarted.MyAlgoLogic - [MYALGO] Cancelling order:codingblackfemales.sotw.ChildOrder@484970b0
13:00:20.496 [main] INFO  c.gettingstarted.MyAlgoLogic - [MYALGO] Option is present, number of active orders are 11
13:00:20.496 [main] INFO  c.container.Actioner - [ALGO] Actioner, sending action:CancelChildOrder(codingblackfemales.sotw.ChildOrder@484970b0)
13:00:20.496 [main] INFO  c.sequencer.consumer.LoggingConsumer - [23] [CancelOrder](sbeTemplateId=5|sbeSchemaId=2|sbeSchemaVersion=0|sbeBlockLength=8):orderId=7
13:00:20.496 [main] INFO  c.gettingstarted.MyAlgoLogic - [MYALGO] The state of the order book is:
|----BID-----||----ASK----|
   101 @ 100    100 @ 98
   200 @ 110    200 @ 95
  5000 @ 115    300 @ 91
|------------||-----------|

13:00:20.496 [main] INFO  c.gettingstarted.MyAlgoLogic - [MYALGO] Algo Sees Book as: 
|----BID-----||----ASK----|
   101 @ 100    100 @ 98
   200 @ 110    200 @ 95
  5000 @ 115    300 @ 91
|------------||-----------|

13:00:20.496 [main] INFO  c.gettingstarted.TimedLogic - [TIMEDLOGIC] Market is open
13:00:20.496 [main] INFO  c.gettingstarted.MyAlgoLogic - [MYALGO] Have:10 children, want 7, done.
13:00:20.496 [main] INFO  c.gettingstarted.MyAlgoLogic - [MYALGO] Active orders are 10
13:00:20.496 [main] INFO  c.gettingstarted.MyAlgoLogic - [MYALGO] Cancelling order:codingblackfemales.sotw.ChildOrder@4470f8a6
13:00:20.496 [main] INFO  c.gettingstarted.MyAlgoLogic - [MYALGO] Option is present, number of active orders are 10
13:00:20.496 [main] INFO  c.container.Actioner - [ALGO] Actioner, sending action:CancelChildOrder(codingblackfemales.sotw.ChildOrder@4470f8a6)
13:00:20.496 [main] INFO  c.sequencer.consumer.LoggingConsumer - [24] [CancelOrder](sbeTemplateId=5|sbeSchemaId=2|sbeSchemaVersion=0|sbeBlockLength=8):orderId=8
13:00:20.496 [main] INFO  c.gettingstarted.MyAlgoLogic - [MYALGO] The state of the order book is:
|----BID-----||----ASK----|
   101 @ 100    100 @ 98
   200 @ 110    200 @ 95
  5000 @ 115    300 @ 91
|------------||-----------|

13:00:20.496 [main] INFO  c.gettingstarted.MyAlgoLogic - [MYALGO] Algo Sees Book as: 
|----BID-----||----ASK----|
   101 @ 100    100 @ 98
   200 @ 110    200 @ 95
  5000 @ 115    300 @ 91
|------------||-----------|

13:00:20.496 [main] INFO  c.gettingstarted.TimedLogic - [TIMEDLOGIC] Market is open
13:00:20.496 [main] INFO  c.gettingstarted.MyAlgoLogic - [MYALGO] Have:9 children, want 7, done.
13:00:20.496 [main] INFO  c.gettingstarted.MyAlgoLogic - [MYALGO] Active orders are 9
13:00:20.496 [main] INFO  c.gettingstarted.MyAlgoLogic - [MYALGO] Cancelling order:codingblackfemales.sotw.ChildOrder@7c83dc97
13:00:20.496 [main] INFO  c.gettingstarted.MyAlgoLogic - [MYALGO] Option is present, number of active orders are 9
13:00:20.496 [main] INFO  c.container.Actioner - [ALGO] Actioner, sending action:CancelChildOrder(codingblackfemales.sotw.ChildOrder@7c83dc97)
13:00:20.496 [main] INFO  c.sequencer.consumer.LoggingConsumer - [25] [CancelOrder](sbeTemplateId=5|sbeSchemaId=2|sbeSchemaVersion=0|sbeBlockLength=8):orderId=9
13:00:20.496 [main] INFO  c.gettingstarted.MyAlgoLogic - [MYALGO] The state of the order book is:
|----BID-----||----ASK----|
   101 @ 100    100 @ 98
   200 @ 110    200 @ 95
  5000 @ 115    300 @ 91
|------------||-----------|

13:00:20.496 [main] INFO  c.gettingstarted.MyAlgoLogic - [MYALGO] Algo Sees Book as: 
|----BID-----||----ASK----|
   101 @ 100    100 @ 98
   200 @ 110    200 @ 95
  5000 @ 115    300 @ 91
|------------||-----------|

13:00:20.496 [main] INFO  c.gettingstarted.TimedLogic - [TIMEDLOGIC] Market is open
13:00:20.496 [main] INFO  c.gettingstarted.MyAlgoLogic - [MYALGO] Have:8 children, want 7, done.
13:00:20.496 [main] INFO  c.gettingstarted.MyAlgoLogic - [MYALGO] Active orders are 8
13:00:20.496 [main] INFO  c.gettingstarted.MyAlgoLogic - [MYALGO] Cancelling order:codingblackfemales.sotw.ChildOrder@7748410a
13:00:20.496 [main] INFO  c.gettingstarted.MyAlgoLogic - [MYALGO] Option is present, number of active orders are 8
13:00:20.496 [main] INFO  c.container.Actioner - [ALGO] Actioner, sending action:CancelChildOrder(codingblackfemales.sotw.ChildOrder@7748410a)
13:00:20.496 [main] INFO  c.sequencer.consumer.LoggingConsumer - [26] [CancelOrder](sbeTemplateId=5|sbeSchemaId=2|sbeSchemaVersion=0|sbeBlockLength=8):orderId=10
13:00:20.496 [main] INFO  c.gettingstarted.MyAlgoLogic - [MYALGO] The state of the order book is:
|----BID-----||----ASK----|
   101 @ 100    100 @ 98
   200 @ 110    200 @ 95
  5000 @ 115    300 @ 91
|------------||-----------|

13:00:20.496 [main] INFO  c.gettingstarted.MyAlgoLogic - [MYALGO] Algo Sees Book as: 
|----BID-----||----ASK----|
   101 @ 100    100 @ 98
   200 @ 110    200 @ 95
  5000 @ 115    300 @ 91
|------------||-----------|

13:00:20.496 [main] INFO  c.gettingstarted.TimedLogic - [TIMEDLOGIC] Market is open
13:00:20.496 [main] INFO  c.gettingstarted.MyAlgoLogic - [MYALGO] Have:7 children, want 7, done.
13:00:20.496 [main] INFO  c.gettingstarted.MyAlgoLogic - [MYALGO] Active orders are 7
13:00:20.496 [main] INFO  c.gettingstarted.MyAlgoLogic - [MYALGO] Cancelling order:codingblackfemales.sotw.ChildOrder@740773a3
13:00:20.496 [main] INFO  c.gettingstarted.MyAlgoLogic - [MYALGO] Option is present, number of active orders are 7
13:00:20.496 [main] INFO  c.container.Actioner - [ALGO] Actioner, sending action:CancelChildOrder(codingblackfemales.sotw.ChildOrder@740773a3)
13:00:20.496 [main] INFO  c.sequencer.consumer.LoggingConsumer - [27] [CancelOrder](sbeTemplateId=5|sbeSchemaId=2|sbeSchemaVersion=0|sbeBlockLength=8):orderId=11
13:00:20.496 [main] INFO  c.gettingstarted.MyAlgoLogic - [MYALGO] The state of the order book is:
|----BID-----||----ASK----|
   101 @ 100    100 @ 98
   200 @ 110    200 @ 95
  5000 @ 115    300 @ 91
|------------||-----------|

13:00:20.496 [main] INFO  c.gettingstarted.MyAlgoLogic - [MYALGO] Algo Sees Book as: 
|----BID-----||----ASK----|
   101 @ 100    100 @ 98
   200 @ 110    200 @ 95
  5000 @ 115    300 @ 91
|------------||-----------|

13:00:20.496 [main] INFO  c.gettingstarted.TimedLogic - [TIMEDLOGIC] Market is open
]]></system-out>
  </testcase>
</testsuite>