<?xml version="1.0" encoding="UTF-8"?>
<testsuite xmlns:xsi="http://www.w3.org/2001/XMLSchema-instance" xsi:noNamespaceSchemaLocation="https://maven.apache.org/surefire/maven-surefire-plugin/xsd/surefire-test-report.xsd" name="codingblackfemales.collection.intrusive.IntrusiveLinkedListTest" time="0.063" tests="1" errors="0" skipped="0" failures="0">
  <properties>
    <property name="java.specification.version" value="17"/>
    <property name="sun.jnu.encoding" value="UTF-8"/>
    <property name="java.class.path" value="/home/mireille/Documents/GitHub/codingblackfemales-algo/algo-coding-exercise/collection/target/test-classes:/home/mireille/Documents/GitHub/codingblackfemales-algo/algo-coding-exercise/collection/target/classes:/home/mireille/.m2/repository/junit/junit/4.11/junit-4.11.jar:/home/mireille/.m2/repository/org/hamcrest/hamcrest-core/1.3/hamcrest-core-1.3.jar:/home/mireille/.m2/repository/uk/co/real-logic/sbe-all/1.26.0/sbe-all-1.26.0.jar:/home/mireille/.m2/repository/org/mockito/mockito-core/5.4.0/mockito-core-5.4.0.jar:/home/mireille/.m2/repository/net/bytebuddy/byte-buddy/1.14.5/byte-buddy-1.14.5.jar:/home/mireille/.m2/repository/net/bytebuddy/byte-buddy-agent/1.14.5/byte-buddy-agent-1.14.5.jar:/home/mireille/.m2/repository/org/objenesis/objenesis/3.3/objenesis-3.3.jar:/home/mireille/.m2/repository/ch/qos/logback/logback-core/1.3.5/logback-core-1.3.5.jar:/home/mireille/.m2/repository/org/slf4j/slf4j-api/2.0.4/slf4j-api-2.0.4.jar:/home/mireille/.m2/repository/ch/qos/logback/logback-classic/1.3.5/logback-classic-1.3.5.jar:"/>
    <property name="java.vm.vendor" value="Private Build"/>
    <property name="sun.arch.data.model" value="64"/>
    <property name="java.vendor.url" value="Unknown"/>
    <property name="os.name" value="Linux"/>
    <property name="java.vm.specification.version" value="17"/>
    <property name="sun.java.launcher" value="SUN_STANDARD"/>
    <property name="user.country" value="GB"/>
    <property name="sun.boot.library.path" value="/usr/lib/jvm/java-17-openjdk-amd64/lib"/>
    <property name="sun.java.command" value="/home/mireille/Documents/GitHub/codingblackfemales-algo/algo-coding-exercise/collection/target/surefire/surefirebooter2342524033763001639.jar /home/mireille/Documents/GitHub/codingblackfemales-algo/algo-coding-exercise/collection/target/surefire 2023-10-05T04-15-43_989-jvmRun1 surefire3592198226501782112tmp surefire_215238677341194627907tmp"/>
    <property name="jdk.debug" value="release"/>
    <property name="surefire.test.class.path" value="/home/mireille/Documents/GitHub/codingblackfemales-algo/algo-coding-exercise/collection/target/test-classes:/home/mireille/Documents/GitHub/codingblackfemales-algo/algo-coding-exercise/collection/target/classes:/home/mireille/.m2/repository/junit/junit/4.11/junit-4.11.jar:/home/mireille/.m2/repository/org/hamcrest/hamcrest-core/1.3/hamcrest-core-1.3.jar:/home/mireille/.m2/repository/uk/co/real-logic/sbe-all/1.26.0/sbe-all-1.26.0.jar:/home/mireille/.m2/repository/org/mockito/mockito-core/5.4.0/mockito-core-5.4.0.jar:/home/mireille/.m2/repository/net/bytebuddy/byte-buddy/1.14.5/byte-buddy-1.14.5.jar:/home/mireille/.m2/repository/net/bytebuddy/byte-buddy-agent/1.14.5/byte-buddy-agent-1.14.5.jar:/home/mireille/.m2/repository/org/objenesis/objenesis/3.3/objenesis-3.3.jar:/home/mireille/.m2/repository/ch/qos/logback/logback-core/1.3.5/logback-core-1.3.5.jar:/home/mireille/.m2/repository/org/slf4j/slf4j-api/2.0.4/slf4j-api-2.0.4.jar:/home/mireille/.m2/repository/ch/qos/logback/logback-classic/1.3.5/logback-classic-1.3.5.jar:"/>
    <property name="sun.cpu.endian" value="little"/>
    <property name="user.home" value="/home/mireille"/>
    <property name="user.language" value="en"/>
    <property name="java.specification.vendor" value="Oracle Corporation"/>
    <property name="java.version.date" value="2023-08-24"/>
    <property name="java.home" value="/usr/lib/jvm/java-17-openjdk-amd64"/>
    <property name="file.separator" value="/"/>
    <property name="basedir" value="/home/mireille/Documents/GitHub/codingblackfemales-algo/algo-coding-exercise/collection"/>
    <property name="java.vm.compressedOopsMode" value="32-bit"/>
    <property name="line.separator" value="&#10;"/>
    <property name="java.vm.specification.vendor" value="Oracle Corporation"/>
    <property name="java.specification.name" value="Java Platform API Specification"/>
    <property name="surefire.real.class.path" value="/home/mireille/Documents/GitHub/codingblackfemales-algo/algo-coding-exercise/collection/target/surefire/surefirebooter2342524033763001639.jar"/>
    <property name="sun.management.compiler" value="HotSpot 64-Bit Tiered Compilers"/>
    <property name="java.runtime.version" value="17.0.8.1+1-Ubuntu-0ubuntu122.04"/>
    <property name="user.name" value="mireille"/>
    <property name="path.separator" value=":"/>
    <property name="os.version" value="6.2.0-33-generic"/>
    <property name="java.runtime.name" value="OpenJDK Runtime Environment"/>
    <property name="file.encoding" value="UTF-8"/>
    <property name="java.vm.name" value="OpenJDK 64-Bit Server VM"/>
    <property name="localRepository" value="/home/mireille/.m2/repository"/>
    <property name="java.vendor.url.bug" value="Unknown"/>
    <property name="java.io.tmpdir" value="/tmp"/>
    <property name="java.version" value="17.0.8.1"/>
    <property name="user.dir" value="/home/mireille/Documents/GitHub/codingblackfemales-algo/algo-coding-exercise/collection"/>
    <property name="os.arch" value="amd64"/>
    <property name="java.vm.specification.name" value="Java Virtual Machine Specification"/>
    <property name="native.encoding" value="UTF-8"/>
    <property name="java.library.path" value="/usr/java/packages/lib:/usr/lib/x86_64-linux-gnu/jni:/lib/x86_64-linux-gnu:/usr/lib/x86_64-linux-gnu:/usr/lib/jni:/lib:/usr/lib"/>
    <property name="java.vm.info" value="mixed mode, sharing"/>
    <property name="java.vendor" value="Private Build"/>
    <property name="java.vm.version" value="17.0.8.1+1-Ubuntu-0ubuntu122.04"/>
    <property name="sun.io.unicode.encoding" value="UnicodeLittle"/>
    <property name="java.class.version" value="61.0"/>
  </properties>
  <testcase name="testNormalOperations" classname="codingblackfemales.collection.intrusive.IntrusiveLinkedListTest" time="0.017"/>
</testsuite>